[2023-09-04T06:03:06.703+0000] {taskinstance.py:1159} INFO - Dependencies all met for dep_context=non-requeueable deps ti=<TaskInstance: dag_with_postgres_operator_v04.insert_into_table scheduled__2022-05-16T00:00:00+00:00 [queued]>
[2023-09-04T06:03:06.718+0000] {taskinstance.py:1159} INFO - Dependencies all met for dep_context=requeueable deps ti=<TaskInstance: dag_with_postgres_operator_v04.insert_into_table scheduled__2022-05-16T00:00:00+00:00 [queued]>
[2023-09-04T06:03:06.718+0000] {taskinstance.py:1361} INFO - Starting attempt 1 of 6
[2023-09-04T06:03:06.743+0000] {taskinstance.py:1382} INFO - Executing <Task(PostgresOperator): insert_into_table> on 2022-05-16 00:00:00+00:00
[2023-09-04T06:03:06.755+0000] {standard_task_runner.py:57} INFO - Started process 5679 to run task
[2023-09-04T06:03:06.760+0000] {standard_task_runner.py:84} INFO - Running: ['***', 'tasks', 'run', 'dag_with_postgres_operator_v04', 'insert_into_table', 'scheduled__2022-05-16T00:00:00+00:00', '--job-id', '584', '--raw', '--subdir', 'DAGS_FOLDER/dag_with_postgres_operator.py', '--cfg-path', '/tmp/tmp4h4qh4u6']
[2023-09-04T06:03:06.763+0000] {standard_task_runner.py:85} INFO - Job 584: Subtask insert_into_table
[2023-09-04T06:03:06.856+0000] {task_command.py:415} INFO - Running <TaskInstance: dag_with_postgres_operator_v04.insert_into_table scheduled__2022-05-16T00:00:00+00:00 [running]> on host 10bdc2e98230
[2023-09-04T06:03:07.009+0000] {taskinstance.py:1660} INFO - Exporting env vars: AIRFLOW_CTX_DAG_OWNER='coder2j' AIRFLOW_CTX_DAG_ID='dag_with_postgres_operator_v04' AIRFLOW_CTX_TASK_ID='insert_into_table' AIRFLOW_CTX_EXECUTION_DATE='2022-05-16T00:00:00+00:00' AIRFLOW_CTX_TRY_NUMBER='1' AIRFLOW_CTX_DAG_RUN_ID='scheduled__2022-05-16T00:00:00+00:00'
[2023-09-04T06:03:07.012+0000] {sql.py:274} INFO - Executing: 
            insert into dag_runs (dt, dag_id) values ('2022-05-16', 'dag_with_postgres_operator_v04')
        
[2023-09-04T06:03:07.028+0000] {base.py:73} INFO - Using connection ID 'postgres_localhost' for task execution.
[2023-09-04T06:03:07.043+0000] {base.py:73} INFO - Using connection ID 'postgres_localhost' for task execution.
[2023-09-04T06:03:07.058+0000] {sql.py:418} INFO - Running statement: 
            insert into dag_runs (dt, dag_id) values ('2022-05-16', 'dag_with_postgres_operator_v04')
        , parameters: None
[2023-09-04T06:03:07.063+0000] {sql.py:427} INFO - Rows affected: 1
[2023-09-04T06:03:07.081+0000] {taskinstance.py:1400} INFO - Marking task as SUCCESS. dag_id=dag_with_postgres_operator_v04, task_id=insert_into_table, execution_date=20220516T000000, start_date=20230904T060306, end_date=20230904T060307
[2023-09-04T06:03:07.141+0000] {local_task_job_runner.py:228} INFO - Task exited with return code 0
[2023-09-04T06:03:07.163+0000] {taskinstance.py:2784} INFO - 0 downstream tasks scheduled from follow-on schedule check
[2023-09-04T06:05:56.763+0000] {taskinstance.py:1159} INFO - Dependencies all met for dep_context=non-requeueable deps ti=<TaskInstance: dag_with_postgres_operator_v04.insert_into_table scheduled__2022-05-16T00:00:00+00:00 [queued]>
[2023-09-04T06:05:56.780+0000] {taskinstance.py:1159} INFO - Dependencies all met for dep_context=requeueable deps ti=<TaskInstance: dag_with_postgres_operator_v04.insert_into_table scheduled__2022-05-16T00:00:00+00:00 [queued]>
[2023-09-04T06:05:56.780+0000] {taskinstance.py:1361} INFO - Starting attempt 1 of 6
[2023-09-04T06:05:56.801+0000] {taskinstance.py:1382} INFO - Executing <Task(PostgresOperator): insert_into_table> on 2022-05-16 00:00:00+00:00
[2023-09-04T06:05:56.809+0000] {standard_task_runner.py:57} INFO - Started process 6992 to run task
[2023-09-04T06:05:56.814+0000] {standard_task_runner.py:84} INFO - Running: ['***', 'tasks', 'run', 'dag_with_postgres_operator_v04', 'insert_into_table', 'scheduled__2022-05-16T00:00:00+00:00', '--job-id', '1141', '--raw', '--subdir', 'DAGS_FOLDER/dag_with_postgres_operator.py', '--cfg-path', '/tmp/tmpsj9dc8p4']
[2023-09-04T06:05:56.818+0000] {standard_task_runner.py:85} INFO - Job 1141: Subtask insert_into_table
[2023-09-04T06:05:56.912+0000] {task_command.py:415} INFO - Running <TaskInstance: dag_with_postgres_operator_v04.insert_into_table scheduled__2022-05-16T00:00:00+00:00 [running]> on host 10bdc2e98230
[2023-09-04T06:05:57.064+0000] {taskinstance.py:1660} INFO - Exporting env vars: AIRFLOW_CTX_DAG_OWNER='mohghaff' AIRFLOW_CTX_DAG_ID='dag_with_postgres_operator_v04' AIRFLOW_CTX_TASK_ID='insert_into_table' AIRFLOW_CTX_EXECUTION_DATE='2022-05-16T00:00:00+00:00' AIRFLOW_CTX_TRY_NUMBER='1' AIRFLOW_CTX_DAG_RUN_ID='scheduled__2022-05-16T00:00:00+00:00'
[2023-09-04T06:05:57.066+0000] {sql.py:274} INFO - Executing: 
            insert into dag_runs (dt, dag_id) values ('2022-05-16', 'dag_with_postgres_operator_v04')
        
[2023-09-04T06:05:57.081+0000] {base.py:73} INFO - Using connection ID 'postgres_localhost' for task execution.
[2023-09-04T06:05:57.102+0000] {base.py:73} INFO - Using connection ID 'postgres_localhost' for task execution.
[2023-09-04T06:05:57.132+0000] {sql.py:418} INFO - Running statement: 
            insert into dag_runs (dt, dag_id) values ('2022-05-16', 'dag_with_postgres_operator_v04')
        , parameters: None
[2023-09-04T06:05:57.144+0000] {sql.py:427} INFO - Rows affected: 1
[2023-09-04T06:05:57.173+0000] {taskinstance.py:1400} INFO - Marking task as SUCCESS. dag_id=dag_with_postgres_operator_v04, task_id=insert_into_table, execution_date=20220516T000000, start_date=20230904T060556, end_date=20230904T060557
[2023-09-04T06:05:57.430+0000] {local_task_job_runner.py:228} INFO - Task exited with return code 0
[2023-09-04T06:05:57.469+0000] {taskinstance.py:2784} INFO - 0 downstream tasks scheduled from follow-on schedule check
