[2023-09-04T06:03:06.699+0000] {taskinstance.py:1159} INFO - Dependencies all met for dep_context=non-requeueable deps ti=<TaskInstance: dag_with_postgres_operator_v04.delete_data_from_table scheduled__2022-05-22T00:00:00+00:00 [queued]>
[2023-09-04T06:03:06.712+0000] {taskinstance.py:1159} INFO - Dependencies all met for dep_context=requeueable deps ti=<TaskInstance: dag_with_postgres_operator_v04.delete_data_from_table scheduled__2022-05-22T00:00:00+00:00 [queued]>
[2023-09-04T06:03:06.712+0000] {taskinstance.py:1361} INFO - Starting attempt 1 of 6
[2023-09-04T06:03:06.732+0000] {taskinstance.py:1382} INFO - Executing <Task(PostgresOperator): delete_data_from_table> on 2022-05-22 00:00:00+00:00
[2023-09-04T06:03:06.741+0000] {standard_task_runner.py:57} INFO - Started process 5678 to run task
[2023-09-04T06:03:06.748+0000] {standard_task_runner.py:84} INFO - Running: ['***', 'tasks', 'run', 'dag_with_postgres_operator_v04', 'delete_data_from_table', 'scheduled__2022-05-22T00:00:00+00:00', '--job-id', '588', '--raw', '--subdir', 'DAGS_FOLDER/dag_with_postgres_operator.py', '--cfg-path', '/tmp/tmpfy7b4wxd']
[2023-09-04T06:03:06.750+0000] {standard_task_runner.py:85} INFO - Job 588: Subtask delete_data_from_table
[2023-09-04T06:03:06.841+0000] {task_command.py:415} INFO - Running <TaskInstance: dag_with_postgres_operator_v04.delete_data_from_table scheduled__2022-05-22T00:00:00+00:00 [running]> on host 10bdc2e98230
[2023-09-04T06:03:06.992+0000] {taskinstance.py:1660} INFO - Exporting env vars: AIRFLOW_CTX_DAG_OWNER='coder2j' AIRFLOW_CTX_DAG_ID='dag_with_postgres_operator_v04' AIRFLOW_CTX_TASK_ID='delete_data_from_table' AIRFLOW_CTX_EXECUTION_DATE='2022-05-22T00:00:00+00:00' AIRFLOW_CTX_TRY_NUMBER='1' AIRFLOW_CTX_DAG_RUN_ID='scheduled__2022-05-22T00:00:00+00:00'
[2023-09-04T06:03:06.995+0000] {sql.py:274} INFO - Executing: 
            delete from dag_runs where dt = '2022-05-22' and dag_id = 'dag_with_postgres_operator_v04';
        
[2023-09-04T06:03:07.007+0000] {base.py:73} INFO - Using connection ID 'postgres_localhost' for task execution.
[2023-09-04T06:03:07.020+0000] {base.py:73} INFO - Using connection ID 'postgres_localhost' for task execution.
[2023-09-04T06:03:07.034+0000] {sql.py:418} INFO - Running statement: 
            delete from dag_runs where dt = '2022-05-22' and dag_id = 'dag_with_postgres_operator_v04';
        , parameters: None
[2023-09-04T06:03:07.039+0000] {sql.py:427} INFO - Rows affected: 0
[2023-09-04T06:03:07.060+0000] {taskinstance.py:1400} INFO - Marking task as SUCCESS. dag_id=dag_with_postgres_operator_v04, task_id=delete_data_from_table, execution_date=20220522T000000, start_date=20230904T060306, end_date=20230904T060307
[2023-09-04T06:03:07.119+0000] {local_task_job_runner.py:228} INFO - Task exited with return code 0
[2023-09-04T06:03:07.146+0000] {taskinstance.py:2784} INFO - 1 downstream tasks scheduled from follow-on schedule check
[2023-09-04T06:05:55.540+0000] {taskinstance.py:1159} INFO - Dependencies all met for dep_context=non-requeueable deps ti=<TaskInstance: dag_with_postgres_operator_v04.delete_data_from_table scheduled__2022-05-22T00:00:00+00:00 [queued]>
[2023-09-04T06:05:55.566+0000] {taskinstance.py:1159} INFO - Dependencies all met for dep_context=requeueable deps ti=<TaskInstance: dag_with_postgres_operator_v04.delete_data_from_table scheduled__2022-05-22T00:00:00+00:00 [queued]>
[2023-09-04T06:05:55.567+0000] {taskinstance.py:1361} INFO - Starting attempt 1 of 6
[2023-09-04T06:05:55.754+0000] {taskinstance.py:1382} INFO - Executing <Task(PostgresOperator): delete_data_from_table> on 2022-05-22 00:00:00+00:00
[2023-09-04T06:05:55.771+0000] {standard_task_runner.py:57} INFO - Started process 6987 to run task
[2023-09-04T06:05:55.782+0000] {standard_task_runner.py:84} INFO - Running: ['***', 'tasks', 'run', 'dag_with_postgres_operator_v04', 'delete_data_from_table', 'scheduled__2022-05-22T00:00:00+00:00', '--job-id', '1136', '--raw', '--subdir', 'DAGS_FOLDER/dag_with_postgres_operator.py', '--cfg-path', '/tmp/tmpca_o5av5']
[2023-09-04T06:05:55.788+0000] {standard_task_runner.py:85} INFO - Job 1136: Subtask delete_data_from_table
[2023-09-04T06:05:55.952+0000] {task_command.py:415} INFO - Running <TaskInstance: dag_with_postgres_operator_v04.delete_data_from_table scheduled__2022-05-22T00:00:00+00:00 [running]> on host 10bdc2e98230
[2023-09-04T06:05:56.235+0000] {taskinstance.py:1660} INFO - Exporting env vars: AIRFLOW_CTX_DAG_OWNER='mohghaff' AIRFLOW_CTX_DAG_ID='dag_with_postgres_operator_v04' AIRFLOW_CTX_TASK_ID='delete_data_from_table' AIRFLOW_CTX_EXECUTION_DATE='2022-05-22T00:00:00+00:00' AIRFLOW_CTX_TRY_NUMBER='1' AIRFLOW_CTX_DAG_RUN_ID='scheduled__2022-05-22T00:00:00+00:00'
[2023-09-04T06:05:56.237+0000] {sql.py:274} INFO - Executing: 
            delete from dag_runs where dt = '2022-05-22' and dag_id = 'dag_with_postgres_operator_v04';
        
[2023-09-04T06:05:56.261+0000] {base.py:73} INFO - Using connection ID 'postgres_localhost' for task execution.
[2023-09-04T06:05:56.281+0000] {base.py:73} INFO - Using connection ID 'postgres_localhost' for task execution.
[2023-09-04T06:05:56.304+0000] {sql.py:418} INFO - Running statement: 
            delete from dag_runs where dt = '2022-05-22' and dag_id = 'dag_with_postgres_operator_v04';
        , parameters: None
[2023-09-04T06:05:56.315+0000] {sql.py:427} INFO - Rows affected: 1
[2023-09-04T06:05:56.342+0000] {taskinstance.py:1400} INFO - Marking task as SUCCESS. dag_id=dag_with_postgres_operator_v04, task_id=delete_data_from_table, execution_date=20220522T000000, start_date=20230904T060555, end_date=20230904T060556
[2023-09-04T06:05:56.399+0000] {local_task_job_runner.py:228} INFO - Task exited with return code 0
[2023-09-04T06:05:56.442+0000] {taskinstance.py:2784} INFO - 1 downstream tasks scheduled from follow-on schedule check
