[2023-09-04T06:01:52.761+0000] {taskinstance.py:1159} INFO - Dependencies all met for dep_context=non-requeueable deps ti=<TaskInstance: dag_with_postgres_operator_v04.delete_data_from_table scheduled__2022-02-14T00:00:00+00:00 [queued]>
[2023-09-04T06:01:52.783+0000] {taskinstance.py:1159} INFO - Dependencies all met for dep_context=requeueable deps ti=<TaskInstance: dag_with_postgres_operator_v04.delete_data_from_table scheduled__2022-02-14T00:00:00+00:00 [queued]>
[2023-09-04T06:01:52.784+0000] {taskinstance.py:1361} INFO - Starting attempt 1 of 6
[2023-09-04T06:01:52.811+0000] {taskinstance.py:1382} INFO - Executing <Task(PostgresOperator): delete_data_from_table> on 2022-02-14 00:00:00+00:00
[2023-09-04T06:01:52.823+0000] {standard_task_runner.py:57} INFO - Started process 5049 to run task
[2023-09-04T06:01:52.827+0000] {standard_task_runner.py:84} INFO - Running: ['***', 'tasks', 'run', 'dag_with_postgres_operator_v04', 'delete_data_from_table', 'scheduled__2022-02-14T00:00:00+00:00', '--job-id', '310', '--raw', '--subdir', 'DAGS_FOLDER/dag_with_postgres_operator.py', '--cfg-path', '/tmp/tmp_j940q0k']
[2023-09-04T06:01:52.831+0000] {standard_task_runner.py:85} INFO - Job 310: Subtask delete_data_from_table
[2023-09-04T06:01:52.914+0000] {task_command.py:415} INFO - Running <TaskInstance: dag_with_postgres_operator_v04.delete_data_from_table scheduled__2022-02-14T00:00:00+00:00 [running]> on host 10bdc2e98230
[2023-09-04T06:01:53.069+0000] {taskinstance.py:1660} INFO - Exporting env vars: AIRFLOW_CTX_DAG_OWNER='coder2j' AIRFLOW_CTX_DAG_ID='dag_with_postgres_operator_v04' AIRFLOW_CTX_TASK_ID='delete_data_from_table' AIRFLOW_CTX_EXECUTION_DATE='2022-02-14T00:00:00+00:00' AIRFLOW_CTX_TRY_NUMBER='1' AIRFLOW_CTX_DAG_RUN_ID='scheduled__2022-02-14T00:00:00+00:00'
[2023-09-04T06:01:53.071+0000] {sql.py:274} INFO - Executing: 
            delete from dag_runs where dt = '2022-02-14' and dag_id = 'dag_with_postgres_operator_v04';
        
[2023-09-04T06:01:53.087+0000] {base.py:73} INFO - Using connection ID 'postgres_localhost' for task execution.
[2023-09-04T06:01:53.102+0000] {base.py:73} INFO - Using connection ID 'postgres_localhost' for task execution.
[2023-09-04T06:01:53.120+0000] {sql.py:418} INFO - Running statement: 
            delete from dag_runs where dt = '2022-02-14' and dag_id = 'dag_with_postgres_operator_v04';
        , parameters: None
[2023-09-04T06:01:53.127+0000] {sql.py:427} INFO - Rows affected: 0
[2023-09-04T06:01:53.144+0000] {taskinstance.py:1400} INFO - Marking task as SUCCESS. dag_id=dag_with_postgres_operator_v04, task_id=delete_data_from_table, execution_date=20220214T000000, start_date=20230904T060152, end_date=20230904T060153
[2023-09-04T06:01:53.201+0000] {local_task_job_runner.py:228} INFO - Task exited with return code 0
[2023-09-04T06:01:53.240+0000] {taskinstance.py:2784} INFO - 1 downstream tasks scheduled from follow-on schedule check
[2023-09-04T06:04:35.657+0000] {taskinstance.py:1159} INFO - Dependencies all met for dep_context=non-requeueable deps ti=<TaskInstance: dag_with_postgres_operator_v04.delete_data_from_table scheduled__2022-02-14T00:00:00+00:00 [queued]>
[2023-09-04T06:04:35.687+0000] {taskinstance.py:1159} INFO - Dependencies all met for dep_context=requeueable deps ti=<TaskInstance: dag_with_postgres_operator_v04.delete_data_from_table scheduled__2022-02-14T00:00:00+00:00 [queued]>
[2023-09-04T06:04:35.690+0000] {taskinstance.py:1361} INFO - Starting attempt 1 of 6
[2023-09-04T06:04:36.002+0000] {taskinstance.py:1382} INFO - Executing <Task(PostgresOperator): delete_data_from_table> on 2022-02-14 00:00:00+00:00
[2023-09-04T06:04:36.017+0000] {standard_task_runner.py:57} INFO - Started process 6314 to run task
[2023-09-04T06:04:36.028+0000] {standard_task_runner.py:84} INFO - Running: ['***', 'tasks', 'run', 'dag_with_postgres_operator_v04', 'delete_data_from_table', 'scheduled__2022-02-14T00:00:00+00:00', '--job-id', '844', '--raw', '--subdir', 'DAGS_FOLDER/dag_with_postgres_operator.py', '--cfg-path', '/tmp/tmpb9b0g5cw']
[2023-09-04T06:04:36.035+0000] {standard_task_runner.py:85} INFO - Job 844: Subtask delete_data_from_table
[2023-09-04T06:04:36.169+0000] {task_command.py:415} INFO - Running <TaskInstance: dag_with_postgres_operator_v04.delete_data_from_table scheduled__2022-02-14T00:00:00+00:00 [running]> on host 10bdc2e98230
[2023-09-04T06:04:36.429+0000] {taskinstance.py:1660} INFO - Exporting env vars: AIRFLOW_CTX_DAG_OWNER='mohghaff' AIRFLOW_CTX_DAG_ID='dag_with_postgres_operator_v04' AIRFLOW_CTX_TASK_ID='delete_data_from_table' AIRFLOW_CTX_EXECUTION_DATE='2022-02-14T00:00:00+00:00' AIRFLOW_CTX_TRY_NUMBER='1' AIRFLOW_CTX_DAG_RUN_ID='scheduled__2022-02-14T00:00:00+00:00'
[2023-09-04T06:04:36.432+0000] {sql.py:274} INFO - Executing: 
            delete from dag_runs where dt = '2022-02-14' and dag_id = 'dag_with_postgres_operator_v04';
        
[2023-09-04T06:04:36.459+0000] {base.py:73} INFO - Using connection ID 'postgres_localhost' for task execution.
[2023-09-04T06:04:36.489+0000] {base.py:73} INFO - Using connection ID 'postgres_localhost' for task execution.
[2023-09-04T06:04:36.521+0000] {sql.py:418} INFO - Running statement: 
            delete from dag_runs where dt = '2022-02-14' and dag_id = 'dag_with_postgres_operator_v04';
        , parameters: None
[2023-09-04T06:04:36.531+0000] {sql.py:427} INFO - Rows affected: 1
[2023-09-04T06:04:36.599+0000] {taskinstance.py:1400} INFO - Marking task as SUCCESS. dag_id=dag_with_postgres_operator_v04, task_id=delete_data_from_table, execution_date=20220214T000000, start_date=20230904T060435, end_date=20230904T060436
[2023-09-04T06:04:36.689+0000] {local_task_job_runner.py:228} INFO - Task exited with return code 0
[2023-09-04T06:04:37.006+0000] {taskinstance.py:2784} INFO - 0 downstream tasks scheduled from follow-on schedule check
