[2023-09-04T06:02:20.952+0000] {taskinstance.py:1159} INFO - Dependencies all met for dep_context=non-requeueable deps ti=<TaskInstance: dag_with_postgres_operator_v04.delete_data_from_table scheduled__2022-03-20T00:00:00+00:00 [queued]>
[2023-09-04T06:02:20.973+0000] {taskinstance.py:1159} INFO - Dependencies all met for dep_context=requeueable deps ti=<TaskInstance: dag_with_postgres_operator_v04.delete_data_from_table scheduled__2022-03-20T00:00:00+00:00 [queued]>
[2023-09-04T06:02:20.974+0000] {taskinstance.py:1361} INFO - Starting attempt 1 of 6
[2023-09-04T06:02:21.006+0000] {taskinstance.py:1382} INFO - Executing <Task(PostgresOperator): delete_data_from_table> on 2022-03-20 00:00:00+00:00
[2023-09-04T06:02:21.017+0000] {standard_task_runner.py:57} INFO - Started process 5264 to run task
[2023-09-04T06:02:21.021+0000] {standard_task_runner.py:84} INFO - Running: ['***', 'tasks', 'run', 'dag_with_postgres_operator_v04', 'delete_data_from_table', 'scheduled__2022-03-20T00:00:00+00:00', '--job-id', '409', '--raw', '--subdir', 'DAGS_FOLDER/dag_with_postgres_operator.py', '--cfg-path', '/tmp/tmpnyk6w6h7']
[2023-09-04T06:02:21.024+0000] {standard_task_runner.py:85} INFO - Job 409: Subtask delete_data_from_table
[2023-09-04T06:02:21.152+0000] {task_command.py:415} INFO - Running <TaskInstance: dag_with_postgres_operator_v04.delete_data_from_table scheduled__2022-03-20T00:00:00+00:00 [running]> on host 10bdc2e98230
[2023-09-04T06:02:21.345+0000] {taskinstance.py:1660} INFO - Exporting env vars: AIRFLOW_CTX_DAG_OWNER='coder2j' AIRFLOW_CTX_DAG_ID='dag_with_postgres_operator_v04' AIRFLOW_CTX_TASK_ID='delete_data_from_table' AIRFLOW_CTX_EXECUTION_DATE='2022-03-20T00:00:00+00:00' AIRFLOW_CTX_TRY_NUMBER='1' AIRFLOW_CTX_DAG_RUN_ID='scheduled__2022-03-20T00:00:00+00:00'
[2023-09-04T06:02:21.347+0000] {sql.py:274} INFO - Executing: 
            delete from dag_runs where dt = '2022-03-20' and dag_id = 'dag_with_postgres_operator_v04';
        
[2023-09-04T06:02:21.364+0000] {base.py:73} INFO - Using connection ID 'postgres_localhost' for task execution.
[2023-09-04T06:02:21.382+0000] {base.py:73} INFO - Using connection ID 'postgres_localhost' for task execution.
[2023-09-04T06:02:21.401+0000] {sql.py:418} INFO - Running statement: 
            delete from dag_runs where dt = '2022-03-20' and dag_id = 'dag_with_postgres_operator_v04';
        , parameters: None
[2023-09-04T06:02:21.408+0000] {sql.py:427} INFO - Rows affected: 0
[2023-09-04T06:02:21.432+0000] {taskinstance.py:1400} INFO - Marking task as SUCCESS. dag_id=dag_with_postgres_operator_v04, task_id=delete_data_from_table, execution_date=20220320T000000, start_date=20230904T060220, end_date=20230904T060221
[2023-09-04T06:02:21.485+0000] {local_task_job_runner.py:228} INFO - Task exited with return code 0
[2023-09-04T06:02:21.526+0000] {taskinstance.py:2784} INFO - 1 downstream tasks scheduled from follow-on schedule check
[2023-09-04T06:05:01.603+0000] {taskinstance.py:1159} INFO - Dependencies all met for dep_context=non-requeueable deps ti=<TaskInstance: dag_with_postgres_operator_v04.delete_data_from_table scheduled__2022-03-20T00:00:00+00:00 [queued]>
[2023-09-04T06:05:01.631+0000] {taskinstance.py:1159} INFO - Dependencies all met for dep_context=requeueable deps ti=<TaskInstance: dag_with_postgres_operator_v04.delete_data_from_table scheduled__2022-03-20T00:00:00+00:00 [queued]>
[2023-09-04T06:05:01.632+0000] {taskinstance.py:1361} INFO - Starting attempt 1 of 6
[2023-09-04T06:05:01.667+0000] {taskinstance.py:1382} INFO - Executing <Task(PostgresOperator): delete_data_from_table> on 2022-03-20 00:00:00+00:00
[2023-09-04T06:05:01.677+0000] {standard_task_runner.py:57} INFO - Started process 6548 to run task
[2023-09-04T06:05:01.683+0000] {standard_task_runner.py:84} INFO - Running: ['***', 'tasks', 'run', 'dag_with_postgres_operator_v04', 'delete_data_from_table', 'scheduled__2022-03-20T00:00:00+00:00', '--job-id', '949', '--raw', '--subdir', 'DAGS_FOLDER/dag_with_postgres_operator.py', '--cfg-path', '/tmp/tmpc4oegcvj']
[2023-09-04T06:05:01.688+0000] {standard_task_runner.py:85} INFO - Job 949: Subtask delete_data_from_table
[2023-09-04T06:05:01.796+0000] {task_command.py:415} INFO - Running <TaskInstance: dag_with_postgres_operator_v04.delete_data_from_table scheduled__2022-03-20T00:00:00+00:00 [running]> on host 10bdc2e98230
[2023-09-04T06:05:01.983+0000] {taskinstance.py:1660} INFO - Exporting env vars: AIRFLOW_CTX_DAG_OWNER='mohghaff' AIRFLOW_CTX_DAG_ID='dag_with_postgres_operator_v04' AIRFLOW_CTX_TASK_ID='delete_data_from_table' AIRFLOW_CTX_EXECUTION_DATE='2022-03-20T00:00:00+00:00' AIRFLOW_CTX_TRY_NUMBER='1' AIRFLOW_CTX_DAG_RUN_ID='scheduled__2022-03-20T00:00:00+00:00'
[2023-09-04T06:05:01.985+0000] {sql.py:274} INFO - Executing: 
            delete from dag_runs where dt = '2022-03-20' and dag_id = 'dag_with_postgres_operator_v04';
        
[2023-09-04T06:05:02.002+0000] {base.py:73} INFO - Using connection ID 'postgres_localhost' for task execution.
[2023-09-04T06:05:02.018+0000] {base.py:73} INFO - Using connection ID 'postgres_localhost' for task execution.
[2023-09-04T06:05:02.036+0000] {sql.py:418} INFO - Running statement: 
            delete from dag_runs where dt = '2022-03-20' and dag_id = 'dag_with_postgres_operator_v04';
        , parameters: None
[2023-09-04T06:05:02.045+0000] {sql.py:427} INFO - Rows affected: 1
[2023-09-04T06:05:02.070+0000] {taskinstance.py:1400} INFO - Marking task as SUCCESS. dag_id=dag_with_postgres_operator_v04, task_id=delete_data_from_table, execution_date=20220320T000000, start_date=20230904T060501, end_date=20230904T060502
[2023-09-04T06:05:02.137+0000] {local_task_job_runner.py:228} INFO - Task exited with return code 0
[2023-09-04T06:05:02.188+0000] {taskinstance.py:2784} INFO - 1 downstream tasks scheduled from follow-on schedule check
