[2023-09-04T06:03:08.172+0000] {taskinstance.py:1159} INFO - Dependencies all met for dep_context=non-requeueable deps ti=<TaskInstance: dag_with_postgres_operator_v04.insert_into_table scheduled__2022-05-21T00:00:00+00:00 [queued]>
[2023-09-04T06:03:08.186+0000] {taskinstance.py:1159} INFO - Dependencies all met for dep_context=requeueable deps ti=<TaskInstance: dag_with_postgres_operator_v04.insert_into_table scheduled__2022-05-21T00:00:00+00:00 [queued]>
[2023-09-04T06:03:08.187+0000] {taskinstance.py:1361} INFO - Starting attempt 1 of 6
[2023-09-04T06:03:08.206+0000] {taskinstance.py:1382} INFO - Executing <Task(PostgresOperator): insert_into_table> on 2022-05-21 00:00:00+00:00
[2023-09-04T06:03:08.216+0000] {standard_task_runner.py:57} INFO - Started process 5696 to run task
[2023-09-04T06:03:08.219+0000] {standard_task_runner.py:84} INFO - Running: ['***', 'tasks', 'run', 'dag_with_postgres_operator_v04', 'insert_into_table', 'scheduled__2022-05-21T00:00:00+00:00', '--job-id', '600', '--raw', '--subdir', 'DAGS_FOLDER/dag_with_postgres_operator.py', '--cfg-path', '/tmp/tmpq5by3gqq']
[2023-09-04T06:03:08.222+0000] {standard_task_runner.py:85} INFO - Job 600: Subtask insert_into_table
[2023-09-04T06:03:08.302+0000] {task_command.py:415} INFO - Running <TaskInstance: dag_with_postgres_operator_v04.insert_into_table scheduled__2022-05-21T00:00:00+00:00 [running]> on host 10bdc2e98230
[2023-09-04T06:03:08.438+0000] {taskinstance.py:1660} INFO - Exporting env vars: AIRFLOW_CTX_DAG_OWNER='coder2j' AIRFLOW_CTX_DAG_ID='dag_with_postgres_operator_v04' AIRFLOW_CTX_TASK_ID='insert_into_table' AIRFLOW_CTX_EXECUTION_DATE='2022-05-21T00:00:00+00:00' AIRFLOW_CTX_TRY_NUMBER='1' AIRFLOW_CTX_DAG_RUN_ID='scheduled__2022-05-21T00:00:00+00:00'
[2023-09-04T06:03:08.440+0000] {sql.py:274} INFO - Executing: 
            insert into dag_runs (dt, dag_id) values ('2022-05-21', 'dag_with_postgres_operator_v04')
        
[2023-09-04T06:03:08.450+0000] {base.py:73} INFO - Using connection ID 'postgres_localhost' for task execution.
[2023-09-04T06:03:08.460+0000] {base.py:73} INFO - Using connection ID 'postgres_localhost' for task execution.
[2023-09-04T06:03:08.473+0000] {sql.py:418} INFO - Running statement: 
            insert into dag_runs (dt, dag_id) values ('2022-05-21', 'dag_with_postgres_operator_v04')
        , parameters: None
[2023-09-04T06:03:08.478+0000] {sql.py:427} INFO - Rows affected: 1
[2023-09-04T06:03:08.498+0000] {taskinstance.py:1400} INFO - Marking task as SUCCESS. dag_id=dag_with_postgres_operator_v04, task_id=insert_into_table, execution_date=20220521T000000, start_date=20230904T060308, end_date=20230904T060308
[2023-09-04T06:03:08.552+0000] {local_task_job_runner.py:228} INFO - Task exited with return code 0
[2023-09-04T06:03:08.569+0000] {taskinstance.py:2784} INFO - 0 downstream tasks scheduled from follow-on schedule check
[2023-09-04T06:05:58.282+0000] {taskinstance.py:1159} INFO - Dependencies all met for dep_context=non-requeueable deps ti=<TaskInstance: dag_with_postgres_operator_v04.insert_into_table scheduled__2022-05-21T00:00:00+00:00 [queued]>
[2023-09-04T06:05:58.303+0000] {taskinstance.py:1159} INFO - Dependencies all met for dep_context=requeueable deps ti=<TaskInstance: dag_with_postgres_operator_v04.insert_into_table scheduled__2022-05-21T00:00:00+00:00 [queued]>
[2023-09-04T06:05:58.303+0000] {taskinstance.py:1361} INFO - Starting attempt 1 of 6
[2023-09-04T06:05:58.331+0000] {taskinstance.py:1382} INFO - Executing <Task(PostgresOperator): insert_into_table> on 2022-05-21 00:00:00+00:00
[2023-09-04T06:05:58.339+0000] {standard_task_runner.py:57} INFO - Started process 7003 to run task
[2023-09-04T06:05:58.345+0000] {standard_task_runner.py:84} INFO - Running: ['***', 'tasks', 'run', 'dag_with_postgres_operator_v04', 'insert_into_table', 'scheduled__2022-05-21T00:00:00+00:00', '--job-id', '1145', '--raw', '--subdir', 'DAGS_FOLDER/dag_with_postgres_operator.py', '--cfg-path', '/tmp/tmpt3oy6_y1']
[2023-09-04T06:05:58.349+0000] {standard_task_runner.py:85} INFO - Job 1145: Subtask insert_into_table
[2023-09-04T06:05:58.474+0000] {task_command.py:415} INFO - Running <TaskInstance: dag_with_postgres_operator_v04.insert_into_table scheduled__2022-05-21T00:00:00+00:00 [running]> on host 10bdc2e98230
[2023-09-04T06:05:58.680+0000] {taskinstance.py:1660} INFO - Exporting env vars: AIRFLOW_CTX_DAG_OWNER='mohghaff' AIRFLOW_CTX_DAG_ID='dag_with_postgres_operator_v04' AIRFLOW_CTX_TASK_ID='insert_into_table' AIRFLOW_CTX_EXECUTION_DATE='2022-05-21T00:00:00+00:00' AIRFLOW_CTX_TRY_NUMBER='1' AIRFLOW_CTX_DAG_RUN_ID='scheduled__2022-05-21T00:00:00+00:00'
[2023-09-04T06:05:58.682+0000] {sql.py:274} INFO - Executing: 
            insert into dag_runs (dt, dag_id) values ('2022-05-21', 'dag_with_postgres_operator_v04')
        
[2023-09-04T06:05:58.699+0000] {base.py:73} INFO - Using connection ID 'postgres_localhost' for task execution.
[2023-09-04T06:05:58.714+0000] {base.py:73} INFO - Using connection ID 'postgres_localhost' for task execution.
[2023-09-04T06:05:58.738+0000] {sql.py:418} INFO - Running statement: 
            insert into dag_runs (dt, dag_id) values ('2022-05-21', 'dag_with_postgres_operator_v04')
        , parameters: None
[2023-09-04T06:05:58.747+0000] {sql.py:427} INFO - Rows affected: 1
[2023-09-04T06:05:58.785+0000] {taskinstance.py:1400} INFO - Marking task as SUCCESS. dag_id=dag_with_postgres_operator_v04, task_id=insert_into_table, execution_date=20220521T000000, start_date=20230904T060558, end_date=20230904T060558
[2023-09-04T06:05:58.878+0000] {local_task_job_runner.py:228} INFO - Task exited with return code 0
[2023-09-04T06:05:58.994+0000] {taskinstance.py:2784} INFO - 0 downstream tasks scheduled from follow-on schedule check
