[2023-09-04T06:02:22.504+0000] {taskinstance.py:1159} INFO - Dependencies all met for dep_context=non-requeueable deps ti=<TaskInstance: dag_with_postgres_operator_v04.delete_data_from_table scheduled__2022-03-25T00:00:00+00:00 [queued]>
[2023-09-04T06:02:22.523+0000] {taskinstance.py:1159} INFO - Dependencies all met for dep_context=requeueable deps ti=<TaskInstance: dag_with_postgres_operator_v04.delete_data_from_table scheduled__2022-03-25T00:00:00+00:00 [queued]>
[2023-09-04T06:02:22.523+0000] {taskinstance.py:1361} INFO - Starting attempt 1 of 6
[2023-09-04T06:02:22.717+0000] {taskinstance.py:1382} INFO - Executing <Task(PostgresOperator): delete_data_from_table> on 2022-03-25 00:00:00+00:00
[2023-09-04T06:02:22.731+0000] {standard_task_runner.py:57} INFO - Started process 5302 to run task
[2023-09-04T06:02:22.738+0000] {standard_task_runner.py:84} INFO - Running: ['***', 'tasks', 'run', 'dag_with_postgres_operator_v04', 'delete_data_from_table', 'scheduled__2022-03-25T00:00:00+00:00', '--job-id', '417', '--raw', '--subdir', 'DAGS_FOLDER/dag_with_postgres_operator.py', '--cfg-path', '/tmp/tmp4lbw1gsv']
[2023-09-04T06:02:22.741+0000] {standard_task_runner.py:85} INFO - Job 417: Subtask delete_data_from_table
[2023-09-04T06:02:22.814+0000] {task_command.py:415} INFO - Running <TaskInstance: dag_with_postgres_operator_v04.delete_data_from_table scheduled__2022-03-25T00:00:00+00:00 [running]> on host 10bdc2e98230
[2023-09-04T06:02:22.948+0000] {taskinstance.py:1660} INFO - Exporting env vars: AIRFLOW_CTX_DAG_OWNER='coder2j' AIRFLOW_CTX_DAG_ID='dag_with_postgres_operator_v04' AIRFLOW_CTX_TASK_ID='delete_data_from_table' AIRFLOW_CTX_EXECUTION_DATE='2022-03-25T00:00:00+00:00' AIRFLOW_CTX_TRY_NUMBER='1' AIRFLOW_CTX_DAG_RUN_ID='scheduled__2022-03-25T00:00:00+00:00'
[2023-09-04T06:02:22.950+0000] {sql.py:274} INFO - Executing: 
            delete from dag_runs where dt = '2022-03-25' and dag_id = 'dag_with_postgres_operator_v04';
        
[2023-09-04T06:02:22.960+0000] {base.py:73} INFO - Using connection ID 'postgres_localhost' for task execution.
[2023-09-04T06:02:22.972+0000] {base.py:73} INFO - Using connection ID 'postgres_localhost' for task execution.
[2023-09-04T06:02:22.984+0000] {sql.py:418} INFO - Running statement: 
            delete from dag_runs where dt = '2022-03-25' and dag_id = 'dag_with_postgres_operator_v04';
        , parameters: None
[2023-09-04T06:02:22.989+0000] {sql.py:427} INFO - Rows affected: 0
[2023-09-04T06:02:23.003+0000] {taskinstance.py:1400} INFO - Marking task as SUCCESS. dag_id=dag_with_postgres_operator_v04, task_id=delete_data_from_table, execution_date=20220325T000000, start_date=20230904T060222, end_date=20230904T060223
[2023-09-04T06:02:23.068+0000] {local_task_job_runner.py:228} INFO - Task exited with return code 0
[2023-09-04T06:02:23.102+0000] {taskinstance.py:2784} INFO - 1 downstream tasks scheduled from follow-on schedule check
[2023-09-04T06:05:09.822+0000] {taskinstance.py:1159} INFO - Dependencies all met for dep_context=non-requeueable deps ti=<TaskInstance: dag_with_postgres_operator_v04.delete_data_from_table scheduled__2022-03-25T00:00:00+00:00 [queued]>
[2023-09-04T06:05:09.872+0000] {taskinstance.py:1159} INFO - Dependencies all met for dep_context=requeueable deps ti=<TaskInstance: dag_with_postgres_operator_v04.delete_data_from_table scheduled__2022-03-25T00:00:00+00:00 [queued]>
[2023-09-04T06:05:09.875+0000] {taskinstance.py:1361} INFO - Starting attempt 1 of 6
[2023-09-04T06:05:10.057+0000] {taskinstance.py:1382} INFO - Executing <Task(PostgresOperator): delete_data_from_table> on 2022-03-25 00:00:00+00:00
[2023-09-04T06:05:10.076+0000] {standard_task_runner.py:57} INFO - Started process 6606 to run task
[2023-09-04T06:05:10.084+0000] {standard_task_runner.py:84} INFO - Running: ['***', 'tasks', 'run', 'dag_with_postgres_operator_v04', 'delete_data_from_table', 'scheduled__2022-03-25T00:00:00+00:00', '--job-id', '971', '--raw', '--subdir', 'DAGS_FOLDER/dag_with_postgres_operator.py', '--cfg-path', '/tmp/tmpc4gff0ib']
[2023-09-04T06:05:10.089+0000] {standard_task_runner.py:85} INFO - Job 971: Subtask delete_data_from_table
[2023-09-04T06:05:10.288+0000] {task_command.py:415} INFO - Running <TaskInstance: dag_with_postgres_operator_v04.delete_data_from_table scheduled__2022-03-25T00:00:00+00:00 [running]> on host 10bdc2e98230
[2023-09-04T06:05:10.549+0000] {taskinstance.py:1660} INFO - Exporting env vars: AIRFLOW_CTX_DAG_OWNER='mohghaff' AIRFLOW_CTX_DAG_ID='dag_with_postgres_operator_v04' AIRFLOW_CTX_TASK_ID='delete_data_from_table' AIRFLOW_CTX_EXECUTION_DATE='2022-03-25T00:00:00+00:00' AIRFLOW_CTX_TRY_NUMBER='1' AIRFLOW_CTX_DAG_RUN_ID='scheduled__2022-03-25T00:00:00+00:00'
[2023-09-04T06:05:10.552+0000] {sql.py:274} INFO - Executing: 
            delete from dag_runs where dt = '2022-03-25' and dag_id = 'dag_with_postgres_operator_v04';
        
[2023-09-04T06:05:10.572+0000] {base.py:73} INFO - Using connection ID 'postgres_localhost' for task execution.
[2023-09-04T06:05:10.589+0000] {base.py:73} INFO - Using connection ID 'postgres_localhost' for task execution.
[2023-09-04T06:05:10.613+0000] {sql.py:418} INFO - Running statement: 
            delete from dag_runs where dt = '2022-03-25' and dag_id = 'dag_with_postgres_operator_v04';
        , parameters: None
[2023-09-04T06:05:10.624+0000] {sql.py:427} INFO - Rows affected: 1
[2023-09-04T06:05:10.658+0000] {taskinstance.py:1400} INFO - Marking task as SUCCESS. dag_id=dag_with_postgres_operator_v04, task_id=delete_data_from_table, execution_date=20220325T000000, start_date=20230904T060509, end_date=20230904T060510
[2023-09-04T06:05:10.749+0000] {local_task_job_runner.py:228} INFO - Task exited with return code 0
[2023-09-04T06:05:10.847+0000] {taskinstance.py:2784} INFO - 1 downstream tasks scheduled from follow-on schedule check
