[2023-09-04T06:03:24.748+0000] {taskinstance.py:1159} INFO - Dependencies all met for dep_context=non-requeueable deps ti=<TaskInstance: dag_with_postgres_operator_v04.insert_into_table scheduled__2022-06-05T00:00:00+00:00 [queued]>
[2023-09-04T06:03:24.793+0000] {taskinstance.py:1159} INFO - Dependencies all met for dep_context=requeueable deps ti=<TaskInstance: dag_with_postgres_operator_v04.insert_into_table scheduled__2022-06-05T00:00:00+00:00 [queued]>
[2023-09-04T06:03:24.794+0000] {taskinstance.py:1361} INFO - Starting attempt 1 of 6
[2023-09-04T06:03:24.986+0000] {taskinstance.py:1382} INFO - Executing <Task(PostgresOperator): insert_into_table> on 2022-06-05 00:00:00+00:00
[2023-09-04T06:03:24.999+0000] {standard_task_runner.py:57} INFO - Started process 5869 to run task
[2023-09-04T06:03:25.016+0000] {standard_task_runner.py:84} INFO - Running: ['***', 'tasks', 'run', 'dag_with_postgres_operator_v04', 'insert_into_table', 'scheduled__2022-06-05T00:00:00+00:00', '--job-id', '659', '--raw', '--subdir', 'DAGS_FOLDER/dag_with_postgres_operator.py', '--cfg-path', '/tmp/tmp5ovuidky']
[2023-09-04T06:03:25.023+0000] {standard_task_runner.py:85} INFO - Job 659: Subtask insert_into_table
[2023-09-04T06:03:25.259+0000] {task_command.py:415} INFO - Running <TaskInstance: dag_with_postgres_operator_v04.insert_into_table scheduled__2022-06-05T00:00:00+00:00 [running]> on host 10bdc2e98230
[2023-09-04T06:03:25.622+0000] {taskinstance.py:1660} INFO - Exporting env vars: AIRFLOW_CTX_DAG_OWNER='coder2j' AIRFLOW_CTX_DAG_ID='dag_with_postgres_operator_v04' AIRFLOW_CTX_TASK_ID='insert_into_table' AIRFLOW_CTX_EXECUTION_DATE='2022-06-05T00:00:00+00:00' AIRFLOW_CTX_TRY_NUMBER='1' AIRFLOW_CTX_DAG_RUN_ID='scheduled__2022-06-05T00:00:00+00:00'
[2023-09-04T06:03:25.625+0000] {sql.py:274} INFO - Executing: 
            insert into dag_runs (dt, dag_id) values ('2022-06-05', 'dag_with_postgres_operator_v04')
        
[2023-09-04T06:03:25.657+0000] {base.py:73} INFO - Using connection ID 'postgres_localhost' for task execution.
[2023-09-04T06:03:25.689+0000] {base.py:73} INFO - Using connection ID 'postgres_localhost' for task execution.
[2023-09-04T06:03:25.724+0000] {sql.py:418} INFO - Running statement: 
            insert into dag_runs (dt, dag_id) values ('2022-06-05', 'dag_with_postgres_operator_v04')
        , parameters: None
[2023-09-04T06:03:25.744+0000] {sql.py:427} INFO - Rows affected: 1
[2023-09-04T06:03:25.789+0000] {taskinstance.py:1400} INFO - Marking task as SUCCESS. dag_id=dag_with_postgres_operator_v04, task_id=insert_into_table, execution_date=20220605T000000, start_date=20230904T060324, end_date=20230904T060325
[2023-09-04T06:03:25.867+0000] {local_task_job_runner.py:228} INFO - Task exited with return code 0
[2023-09-04T06:03:25.932+0000] {taskinstance.py:2784} INFO - 0 downstream tasks scheduled from follow-on schedule check
[2023-09-04T06:06:11.402+0000] {taskinstance.py:1159} INFO - Dependencies all met for dep_context=non-requeueable deps ti=<TaskInstance: dag_with_postgres_operator_v04.insert_into_table scheduled__2022-06-05T00:00:00+00:00 [queued]>
[2023-09-04T06:06:11.433+0000] {taskinstance.py:1159} INFO - Dependencies all met for dep_context=requeueable deps ti=<TaskInstance: dag_with_postgres_operator_v04.insert_into_table scheduled__2022-06-05T00:00:00+00:00 [queued]>
[2023-09-04T06:06:11.434+0000] {taskinstance.py:1361} INFO - Starting attempt 1 of 6
[2023-09-04T06:06:11.477+0000] {taskinstance.py:1382} INFO - Executing <Task(PostgresOperator): insert_into_table> on 2022-06-05 00:00:00+00:00
[2023-09-04T06:06:11.489+0000] {standard_task_runner.py:57} INFO - Started process 7109 to run task
[2023-09-04T06:06:11.496+0000] {standard_task_runner.py:84} INFO - Running: ['***', 'tasks', 'run', 'dag_with_postgres_operator_v04', 'insert_into_table', 'scheduled__2022-06-05T00:00:00+00:00', '--job-id', '1188', '--raw', '--subdir', 'DAGS_FOLDER/dag_with_postgres_operator.py', '--cfg-path', '/tmp/tmpglsefda0']
[2023-09-04T06:06:11.502+0000] {standard_task_runner.py:85} INFO - Job 1188: Subtask insert_into_table
[2023-09-04T06:06:11.675+0000] {task_command.py:415} INFO - Running <TaskInstance: dag_with_postgres_operator_v04.insert_into_table scheduled__2022-06-05T00:00:00+00:00 [running]> on host 10bdc2e98230
[2023-09-04T06:06:12.007+0000] {taskinstance.py:1660} INFO - Exporting env vars: AIRFLOW_CTX_DAG_OWNER='mohghaff' AIRFLOW_CTX_DAG_ID='dag_with_postgres_operator_v04' AIRFLOW_CTX_TASK_ID='insert_into_table' AIRFLOW_CTX_EXECUTION_DATE='2022-06-05T00:00:00+00:00' AIRFLOW_CTX_TRY_NUMBER='1' AIRFLOW_CTX_DAG_RUN_ID='scheduled__2022-06-05T00:00:00+00:00'
[2023-09-04T06:06:12.009+0000] {sql.py:274} INFO - Executing: 
            insert into dag_runs (dt, dag_id) values ('2022-06-05', 'dag_with_postgres_operator_v04')
        
[2023-09-04T06:06:12.035+0000] {base.py:73} INFO - Using connection ID 'postgres_localhost' for task execution.
[2023-09-04T06:06:12.070+0000] {base.py:73} INFO - Using connection ID 'postgres_localhost' for task execution.
[2023-09-04T06:06:12.113+0000] {sql.py:418} INFO - Running statement: 
            insert into dag_runs (dt, dag_id) values ('2022-06-05', 'dag_with_postgres_operator_v04')
        , parameters: None
[2023-09-04T06:06:12.124+0000] {sql.py:427} INFO - Rows affected: 1
[2023-09-04T06:06:12.169+0000] {taskinstance.py:1400} INFO - Marking task as SUCCESS. dag_id=dag_with_postgres_operator_v04, task_id=insert_into_table, execution_date=20220605T000000, start_date=20230904T060611, end_date=20230904T060612
[2023-09-04T06:06:12.358+0000] {local_task_job_runner.py:228} INFO - Task exited with return code 0
[2023-09-04T06:06:12.401+0000] {taskinstance.py:2784} INFO - 0 downstream tasks scheduled from follow-on schedule check
