[2023-09-04T06:02:11.854+0000] {taskinstance.py:1159} INFO - Dependencies all met for dep_context=non-requeueable deps ti=<TaskInstance: dag_with_postgres_operator_v04.delete_data_from_table scheduled__2022-03-09T00:00:00+00:00 [queued]>
[2023-09-04T06:02:11.876+0000] {taskinstance.py:1159} INFO - Dependencies all met for dep_context=requeueable deps ti=<TaskInstance: dag_with_postgres_operator_v04.delete_data_from_table scheduled__2022-03-09T00:00:00+00:00 [queued]>
[2023-09-04T06:02:11.877+0000] {taskinstance.py:1361} INFO - Starting attempt 1 of 6
[2023-09-04T06:02:11.909+0000] {taskinstance.py:1382} INFO - Executing <Task(PostgresOperator): delete_data_from_table> on 2022-03-09 00:00:00+00:00
[2023-09-04T06:02:11.922+0000] {standard_task_runner.py:57} INFO - Started process 5188 to run task
[2023-09-04T06:02:11.926+0000] {standard_task_runner.py:84} INFO - Running: ['***', 'tasks', 'run', 'dag_with_postgres_operator_v04', 'delete_data_from_table', 'scheduled__2022-03-09T00:00:00+00:00', '--job-id', '375', '--raw', '--subdir', 'DAGS_FOLDER/dag_with_postgres_operator.py', '--cfg-path', '/tmp/tmp9damzeb1']
[2023-09-04T06:02:11.929+0000] {standard_task_runner.py:85} INFO - Job 375: Subtask delete_data_from_table
[2023-09-04T06:02:12.030+0000] {task_command.py:415} INFO - Running <TaskInstance: dag_with_postgres_operator_v04.delete_data_from_table scheduled__2022-03-09T00:00:00+00:00 [running]> on host 10bdc2e98230
[2023-09-04T06:02:12.215+0000] {taskinstance.py:1660} INFO - Exporting env vars: AIRFLOW_CTX_DAG_OWNER='coder2j' AIRFLOW_CTX_DAG_ID='dag_with_postgres_operator_v04' AIRFLOW_CTX_TASK_ID='delete_data_from_table' AIRFLOW_CTX_EXECUTION_DATE='2022-03-09T00:00:00+00:00' AIRFLOW_CTX_TRY_NUMBER='1' AIRFLOW_CTX_DAG_RUN_ID='scheduled__2022-03-09T00:00:00+00:00'
[2023-09-04T06:02:12.218+0000] {sql.py:274} INFO - Executing: 
            delete from dag_runs where dt = '2022-03-09' and dag_id = 'dag_with_postgres_operator_v04';
        
[2023-09-04T06:02:12.234+0000] {base.py:73} INFO - Using connection ID 'postgres_localhost' for task execution.
[2023-09-04T06:02:12.246+0000] {base.py:73} INFO - Using connection ID 'postgres_localhost' for task execution.
[2023-09-04T06:02:12.263+0000] {sql.py:418} INFO - Running statement: 
            delete from dag_runs where dt = '2022-03-09' and dag_id = 'dag_with_postgres_operator_v04';
        , parameters: None
[2023-09-04T06:02:12.277+0000] {sql.py:427} INFO - Rows affected: 0
[2023-09-04T06:02:12.309+0000] {taskinstance.py:1400} INFO - Marking task as SUCCESS. dag_id=dag_with_postgres_operator_v04, task_id=delete_data_from_table, execution_date=20220309T000000, start_date=20230904T060211, end_date=20230904T060212
[2023-09-04T06:02:12.380+0000] {local_task_job_runner.py:228} INFO - Task exited with return code 0
[2023-09-04T06:02:12.416+0000] {taskinstance.py:2784} INFO - 1 downstream tasks scheduled from follow-on schedule check
[2023-09-04T06:04:57.214+0000] {taskinstance.py:1159} INFO - Dependencies all met for dep_context=non-requeueable deps ti=<TaskInstance: dag_with_postgres_operator_v04.delete_data_from_table scheduled__2022-03-09T00:00:00+00:00 [queued]>
[2023-09-04T06:04:57.241+0000] {taskinstance.py:1159} INFO - Dependencies all met for dep_context=requeueable deps ti=<TaskInstance: dag_with_postgres_operator_v04.delete_data_from_table scheduled__2022-03-09T00:00:00+00:00 [queued]>
[2023-09-04T06:04:57.242+0000] {taskinstance.py:1361} INFO - Starting attempt 1 of 6
[2023-09-04T06:04:57.593+0000] {taskinstance.py:1382} INFO - Executing <Task(PostgresOperator): delete_data_from_table> on 2022-03-09 00:00:00+00:00
[2023-09-04T06:04:57.605+0000] {standard_task_runner.py:57} INFO - Started process 6505 to run task
[2023-09-04T06:04:57.610+0000] {standard_task_runner.py:84} INFO - Running: ['***', 'tasks', 'run', 'dag_with_postgres_operator_v04', 'delete_data_from_table', 'scheduled__2022-03-09T00:00:00+00:00', '--job-id', '924', '--raw', '--subdir', 'DAGS_FOLDER/dag_with_postgres_operator.py', '--cfg-path', '/tmp/tmphsj07ikk']
[2023-09-04T06:04:57.616+0000] {standard_task_runner.py:85} INFO - Job 924: Subtask delete_data_from_table
[2023-09-04T06:04:57.766+0000] {task_command.py:415} INFO - Running <TaskInstance: dag_with_postgres_operator_v04.delete_data_from_table scheduled__2022-03-09T00:00:00+00:00 [running]> on host 10bdc2e98230
[2023-09-04T06:04:58.035+0000] {taskinstance.py:1660} INFO - Exporting env vars: AIRFLOW_CTX_DAG_OWNER='mohghaff' AIRFLOW_CTX_DAG_ID='dag_with_postgres_operator_v04' AIRFLOW_CTX_TASK_ID='delete_data_from_table' AIRFLOW_CTX_EXECUTION_DATE='2022-03-09T00:00:00+00:00' AIRFLOW_CTX_TRY_NUMBER='1' AIRFLOW_CTX_DAG_RUN_ID='scheduled__2022-03-09T00:00:00+00:00'
[2023-09-04T06:04:58.039+0000] {sql.py:274} INFO - Executing: 
            delete from dag_runs where dt = '2022-03-09' and dag_id = 'dag_with_postgres_operator_v04';
        
[2023-09-04T06:04:58.058+0000] {base.py:73} INFO - Using connection ID 'postgres_localhost' for task execution.
[2023-09-04T06:04:58.079+0000] {base.py:73} INFO - Using connection ID 'postgres_localhost' for task execution.
[2023-09-04T06:04:58.105+0000] {sql.py:418} INFO - Running statement: 
            delete from dag_runs where dt = '2022-03-09' and dag_id = 'dag_with_postgres_operator_v04';
        , parameters: None
[2023-09-04T06:04:58.116+0000] {sql.py:427} INFO - Rows affected: 1
[2023-09-04T06:04:58.146+0000] {taskinstance.py:1400} INFO - Marking task as SUCCESS. dag_id=dag_with_postgres_operator_v04, task_id=delete_data_from_table, execution_date=20220309T000000, start_date=20230904T060457, end_date=20230904T060458
[2023-09-04T06:04:58.231+0000] {local_task_job_runner.py:228} INFO - Task exited with return code 0
[2023-09-04T06:04:58.299+0000] {taskinstance.py:2784} INFO - 1 downstream tasks scheduled from follow-on schedule check
