[2023-09-04T06:03:06.695+0000] {taskinstance.py:1159} INFO - Dependencies all met for dep_context=non-requeueable deps ti=<TaskInstance: dag_with_postgres_operator_v04.delete_data_from_table scheduled__2022-05-19T00:00:00+00:00 [queued]>
[2023-09-04T06:03:06.710+0000] {taskinstance.py:1159} INFO - Dependencies all met for dep_context=requeueable deps ti=<TaskInstance: dag_with_postgres_operator_v04.delete_data_from_table scheduled__2022-05-19T00:00:00+00:00 [queued]>
[2023-09-04T06:03:06.710+0000] {taskinstance.py:1361} INFO - Starting attempt 1 of 6
[2023-09-04T06:03:06.731+0000] {taskinstance.py:1382} INFO - Executing <Task(PostgresOperator): delete_data_from_table> on 2022-05-19 00:00:00+00:00
[2023-09-04T06:03:06.741+0000] {standard_task_runner.py:57} INFO - Started process 5673 to run task
[2023-09-04T06:03:06.747+0000] {standard_task_runner.py:84} INFO - Running: ['***', 'tasks', 'run', 'dag_with_postgres_operator_v04', 'delete_data_from_table', 'scheduled__2022-05-19T00:00:00+00:00', '--job-id', '583', '--raw', '--subdir', 'DAGS_FOLDER/dag_with_postgres_operator.py', '--cfg-path', '/tmp/tmp12fv6xkn']
[2023-09-04T06:03:06.749+0000] {standard_task_runner.py:85} INFO - Job 583: Subtask delete_data_from_table
[2023-09-04T06:03:06.841+0000] {task_command.py:415} INFO - Running <TaskInstance: dag_with_postgres_operator_v04.delete_data_from_table scheduled__2022-05-19T00:00:00+00:00 [running]> on host 10bdc2e98230
[2023-09-04T06:03:06.985+0000] {taskinstance.py:1660} INFO - Exporting env vars: AIRFLOW_CTX_DAG_OWNER='coder2j' AIRFLOW_CTX_DAG_ID='dag_with_postgres_operator_v04' AIRFLOW_CTX_TASK_ID='delete_data_from_table' AIRFLOW_CTX_EXECUTION_DATE='2022-05-19T00:00:00+00:00' AIRFLOW_CTX_TRY_NUMBER='1' AIRFLOW_CTX_DAG_RUN_ID='scheduled__2022-05-19T00:00:00+00:00'
[2023-09-04T06:03:06.987+0000] {sql.py:274} INFO - Executing: 
            delete from dag_runs where dt = '2022-05-19' and dag_id = 'dag_with_postgres_operator_v04';
        
[2023-09-04T06:03:07.001+0000] {base.py:73} INFO - Using connection ID 'postgres_localhost' for task execution.
[2023-09-04T06:03:07.015+0000] {base.py:73} INFO - Using connection ID 'postgres_localhost' for task execution.
[2023-09-04T06:03:07.031+0000] {sql.py:418} INFO - Running statement: 
            delete from dag_runs where dt = '2022-05-19' and dag_id = 'dag_with_postgres_operator_v04';
        , parameters: None
[2023-09-04T06:03:07.036+0000] {sql.py:427} INFO - Rows affected: 0
[2023-09-04T06:03:07.057+0000] {taskinstance.py:1400} INFO - Marking task as SUCCESS. dag_id=dag_with_postgres_operator_v04, task_id=delete_data_from_table, execution_date=20220519T000000, start_date=20230904T060306, end_date=20230904T060307
[2023-09-04T06:03:07.119+0000] {local_task_job_runner.py:228} INFO - Task exited with return code 0
[2023-09-04T06:03:07.146+0000] {taskinstance.py:2784} INFO - 1 downstream tasks scheduled from follow-on schedule check
[2023-09-04T06:05:54.489+0000] {taskinstance.py:1159} INFO - Dependencies all met for dep_context=non-requeueable deps ti=<TaskInstance: dag_with_postgres_operator_v04.delete_data_from_table scheduled__2022-05-19T00:00:00+00:00 [queued]>
[2023-09-04T06:05:54.520+0000] {taskinstance.py:1159} INFO - Dependencies all met for dep_context=requeueable deps ti=<TaskInstance: dag_with_postgres_operator_v04.delete_data_from_table scheduled__2022-05-19T00:00:00+00:00 [queued]>
[2023-09-04T06:05:54.521+0000] {taskinstance.py:1361} INFO - Starting attempt 1 of 6
[2023-09-04T06:05:54.829+0000] {taskinstance.py:1382} INFO - Executing <Task(PostgresOperator): delete_data_from_table> on 2022-05-19 00:00:00+00:00
[2023-09-04T06:05:54.844+0000] {standard_task_runner.py:57} INFO - Started process 6975 to run task
[2023-09-04T06:05:54.856+0000] {standard_task_runner.py:84} INFO - Running: ['***', 'tasks', 'run', 'dag_with_postgres_operator_v04', 'delete_data_from_table', 'scheduled__2022-05-19T00:00:00+00:00', '--job-id', '1131', '--raw', '--subdir', 'DAGS_FOLDER/dag_with_postgres_operator.py', '--cfg-path', '/tmp/tmpn75m0sfv']
[2023-09-04T06:05:54.866+0000] {standard_task_runner.py:85} INFO - Job 1131: Subtask delete_data_from_table
[2023-09-04T06:05:55.031+0000] {task_command.py:415} INFO - Running <TaskInstance: dag_with_postgres_operator_v04.delete_data_from_table scheduled__2022-05-19T00:00:00+00:00 [running]> on host 10bdc2e98230
[2023-09-04T06:05:55.282+0000] {taskinstance.py:1660} INFO - Exporting env vars: AIRFLOW_CTX_DAG_OWNER='mohghaff' AIRFLOW_CTX_DAG_ID='dag_with_postgres_operator_v04' AIRFLOW_CTX_TASK_ID='delete_data_from_table' AIRFLOW_CTX_EXECUTION_DATE='2022-05-19T00:00:00+00:00' AIRFLOW_CTX_TRY_NUMBER='1' AIRFLOW_CTX_DAG_RUN_ID='scheduled__2022-05-19T00:00:00+00:00'
[2023-09-04T06:05:55.285+0000] {sql.py:274} INFO - Executing: 
            delete from dag_runs where dt = '2022-05-19' and dag_id = 'dag_with_postgres_operator_v04';
        
[2023-09-04T06:05:55.329+0000] {base.py:73} INFO - Using connection ID 'postgres_localhost' for task execution.
[2023-09-04T06:05:55.353+0000] {base.py:73} INFO - Using connection ID 'postgres_localhost' for task execution.
[2023-09-04T06:05:55.395+0000] {sql.py:418} INFO - Running statement: 
            delete from dag_runs where dt = '2022-05-19' and dag_id = 'dag_with_postgres_operator_v04';
        , parameters: None
[2023-09-04T06:05:55.408+0000] {sql.py:427} INFO - Rows affected: 1
[2023-09-04T06:05:55.443+0000] {taskinstance.py:1400} INFO - Marking task as SUCCESS. dag_id=dag_with_postgres_operator_v04, task_id=delete_data_from_table, execution_date=20220519T000000, start_date=20230904T060554, end_date=20230904T060555
[2023-09-04T06:05:55.811+0000] {local_task_job_runner.py:228} INFO - Task exited with return code 0
[2023-09-04T06:05:55.877+0000] {taskinstance.py:2784} INFO - 1 downstream tasks scheduled from follow-on schedule check
