[2023-09-04T06:03:13.930+0000] {taskinstance.py:1159} INFO - Dependencies all met for dep_context=non-requeueable deps ti=<TaskInstance: dag_with_postgres_operator_v04.insert_into_table scheduled__2022-05-25T00:00:00+00:00 [queued]>
[2023-09-04T06:03:13.947+0000] {taskinstance.py:1159} INFO - Dependencies all met for dep_context=requeueable deps ti=<TaskInstance: dag_with_postgres_operator_v04.insert_into_table scheduled__2022-05-25T00:00:00+00:00 [queued]>
[2023-09-04T06:03:13.947+0000] {taskinstance.py:1361} INFO - Starting attempt 1 of 6
[2023-09-04T06:03:13.969+0000] {taskinstance.py:1382} INFO - Executing <Task(PostgresOperator): insert_into_table> on 2022-05-25 00:00:00+00:00
[2023-09-04T06:03:13.981+0000] {standard_task_runner.py:57} INFO - Started process 5765 to run task
[2023-09-04T06:03:13.984+0000] {standard_task_runner.py:84} INFO - Running: ['***', 'tasks', 'run', 'dag_with_postgres_operator_v04', 'insert_into_table', 'scheduled__2022-05-25T00:00:00+00:00', '--job-id', '629', '--raw', '--subdir', 'DAGS_FOLDER/dag_with_postgres_operator.py', '--cfg-path', '/tmp/tmp2er5cxe_']
[2023-09-04T06:03:13.987+0000] {standard_task_runner.py:85} INFO - Job 629: Subtask insert_into_table
[2023-09-04T06:03:14.072+0000] {task_command.py:415} INFO - Running <TaskInstance: dag_with_postgres_operator_v04.insert_into_table scheduled__2022-05-25T00:00:00+00:00 [running]> on host 10bdc2e98230
[2023-09-04T06:03:14.216+0000] {taskinstance.py:1660} INFO - Exporting env vars: AIRFLOW_CTX_DAG_OWNER='coder2j' AIRFLOW_CTX_DAG_ID='dag_with_postgres_operator_v04' AIRFLOW_CTX_TASK_ID='insert_into_table' AIRFLOW_CTX_EXECUTION_DATE='2022-05-25T00:00:00+00:00' AIRFLOW_CTX_TRY_NUMBER='1' AIRFLOW_CTX_DAG_RUN_ID='scheduled__2022-05-25T00:00:00+00:00'
[2023-09-04T06:03:14.219+0000] {sql.py:274} INFO - Executing: 
            insert into dag_runs (dt, dag_id) values ('2022-05-25', 'dag_with_postgres_operator_v04')
        
[2023-09-04T06:03:14.233+0000] {base.py:73} INFO - Using connection ID 'postgres_localhost' for task execution.
[2023-09-04T06:03:14.245+0000] {base.py:73} INFO - Using connection ID 'postgres_localhost' for task execution.
[2023-09-04T06:03:14.259+0000] {sql.py:418} INFO - Running statement: 
            insert into dag_runs (dt, dag_id) values ('2022-05-25', 'dag_with_postgres_operator_v04')
        , parameters: None
[2023-09-04T06:03:14.263+0000] {sql.py:427} INFO - Rows affected: 1
[2023-09-04T06:03:14.281+0000] {taskinstance.py:1400} INFO - Marking task as SUCCESS. dag_id=dag_with_postgres_operator_v04, task_id=insert_into_table, execution_date=20220525T000000, start_date=20230904T060313, end_date=20230904T060314
[2023-09-04T06:03:14.318+0000] {local_task_job_runner.py:228} INFO - Task exited with return code 0
[2023-09-04T06:03:14.340+0000] {taskinstance.py:2784} INFO - 0 downstream tasks scheduled from follow-on schedule check
[2023-09-04T06:05:59.520+0000] {taskinstance.py:1159} INFO - Dependencies all met for dep_context=non-requeueable deps ti=<TaskInstance: dag_with_postgres_operator_v04.insert_into_table scheduled__2022-05-25T00:00:00+00:00 [queued]>
[2023-09-04T06:05:59.530+0000] {taskinstance.py:1159} INFO - Dependencies all met for dep_context=requeueable deps ti=<TaskInstance: dag_with_postgres_operator_v04.insert_into_table scheduled__2022-05-25T00:00:00+00:00 [queued]>
[2023-09-04T06:05:59.530+0000] {taskinstance.py:1361} INFO - Starting attempt 1 of 6
[2023-09-04T06:05:59.543+0000] {taskinstance.py:1382} INFO - Executing <Task(PostgresOperator): insert_into_table> on 2022-05-25 00:00:00+00:00
[2023-09-04T06:05:59.549+0000] {standard_task_runner.py:57} INFO - Started process 7027 to run task
[2023-09-04T06:05:59.551+0000] {standard_task_runner.py:84} INFO - Running: ['***', 'tasks', 'run', 'dag_with_postgres_operator_v04', 'insert_into_table', 'scheduled__2022-05-25T00:00:00+00:00', '--job-id', '1153', '--raw', '--subdir', 'DAGS_FOLDER/dag_with_postgres_operator.py', '--cfg-path', '/tmp/tmpa8e8460m']
[2023-09-04T06:05:59.553+0000] {standard_task_runner.py:85} INFO - Job 1153: Subtask insert_into_table
[2023-09-04T06:05:59.605+0000] {task_command.py:415} INFO - Running <TaskInstance: dag_with_postgres_operator_v04.insert_into_table scheduled__2022-05-25T00:00:00+00:00 [running]> on host 10bdc2e98230
[2023-09-04T06:05:59.694+0000] {taskinstance.py:1660} INFO - Exporting env vars: AIRFLOW_CTX_DAG_OWNER='mohghaff' AIRFLOW_CTX_DAG_ID='dag_with_postgres_operator_v04' AIRFLOW_CTX_TASK_ID='insert_into_table' AIRFLOW_CTX_EXECUTION_DATE='2022-05-25T00:00:00+00:00' AIRFLOW_CTX_TRY_NUMBER='1' AIRFLOW_CTX_DAG_RUN_ID='scheduled__2022-05-25T00:00:00+00:00'
[2023-09-04T06:05:59.695+0000] {sql.py:274} INFO - Executing: 
            insert into dag_runs (dt, dag_id) values ('2022-05-25', 'dag_with_postgres_operator_v04')
        
[2023-09-04T06:05:59.703+0000] {base.py:73} INFO - Using connection ID 'postgres_localhost' for task execution.
[2023-09-04T06:05:59.710+0000] {base.py:73} INFO - Using connection ID 'postgres_localhost' for task execution.
[2023-09-04T06:05:59.719+0000] {sql.py:418} INFO - Running statement: 
            insert into dag_runs (dt, dag_id) values ('2022-05-25', 'dag_with_postgres_operator_v04')
        , parameters: None
[2023-09-04T06:05:59.722+0000] {sql.py:427} INFO - Rows affected: 1
[2023-09-04T06:05:59.734+0000] {taskinstance.py:1400} INFO - Marking task as SUCCESS. dag_id=dag_with_postgres_operator_v04, task_id=insert_into_table, execution_date=20220525T000000, start_date=20230904T060559, end_date=20230904T060559
[2023-09-04T06:05:59.764+0000] {local_task_job_runner.py:228} INFO - Task exited with return code 0
[2023-09-04T06:05:59.779+0000] {taskinstance.py:2784} INFO - 0 downstream tasks scheduled from follow-on schedule check
