[2023-09-04T06:03:13.869+0000] {taskinstance.py:1159} INFO - Dependencies all met for dep_context=non-requeueable deps ti=<TaskInstance: dag_with_postgres_operator_v04.insert_into_table scheduled__2022-05-26T00:00:00+00:00 [queued]>
[2023-09-04T06:03:13.885+0000] {taskinstance.py:1159} INFO - Dependencies all met for dep_context=requeueable deps ti=<TaskInstance: dag_with_postgres_operator_v04.insert_into_table scheduled__2022-05-26T00:00:00+00:00 [queued]>
[2023-09-04T06:03:13.885+0000] {taskinstance.py:1361} INFO - Starting attempt 1 of 6
[2023-09-04T06:03:13.905+0000] {taskinstance.py:1382} INFO - Executing <Task(PostgresOperator): insert_into_table> on 2022-05-26 00:00:00+00:00
[2023-09-04T06:03:13.915+0000] {standard_task_runner.py:57} INFO - Started process 5759 to run task
[2023-09-04T06:03:13.918+0000] {standard_task_runner.py:84} INFO - Running: ['***', 'tasks', 'run', 'dag_with_postgres_operator_v04', 'insert_into_table', 'scheduled__2022-05-26T00:00:00+00:00', '--job-id', '623', '--raw', '--subdir', 'DAGS_FOLDER/dag_with_postgres_operator.py', '--cfg-path', '/tmp/tmppvxrn6pj']
[2023-09-04T06:03:13.921+0000] {standard_task_runner.py:85} INFO - Job 623: Subtask insert_into_table
[2023-09-04T06:03:14.012+0000] {task_command.py:415} INFO - Running <TaskInstance: dag_with_postgres_operator_v04.insert_into_table scheduled__2022-05-26T00:00:00+00:00 [running]> on host 10bdc2e98230
[2023-09-04T06:03:14.157+0000] {taskinstance.py:1660} INFO - Exporting env vars: AIRFLOW_CTX_DAG_OWNER='coder2j' AIRFLOW_CTX_DAG_ID='dag_with_postgres_operator_v04' AIRFLOW_CTX_TASK_ID='insert_into_table' AIRFLOW_CTX_EXECUTION_DATE='2022-05-26T00:00:00+00:00' AIRFLOW_CTX_TRY_NUMBER='1' AIRFLOW_CTX_DAG_RUN_ID='scheduled__2022-05-26T00:00:00+00:00'
[2023-09-04T06:03:14.158+0000] {sql.py:274} INFO - Executing: 
            insert into dag_runs (dt, dag_id) values ('2022-05-26', 'dag_with_postgres_operator_v04')
        
[2023-09-04T06:03:14.170+0000] {base.py:73} INFO - Using connection ID 'postgres_localhost' for task execution.
[2023-09-04T06:03:14.180+0000] {base.py:73} INFO - Using connection ID 'postgres_localhost' for task execution.
[2023-09-04T06:03:14.194+0000] {sql.py:418} INFO - Running statement: 
            insert into dag_runs (dt, dag_id) values ('2022-05-26', 'dag_with_postgres_operator_v04')
        , parameters: None
[2023-09-04T06:03:14.200+0000] {sql.py:427} INFO - Rows affected: 1
[2023-09-04T06:03:14.218+0000] {taskinstance.py:1400} INFO - Marking task as SUCCESS. dag_id=dag_with_postgres_operator_v04, task_id=insert_into_table, execution_date=20220526T000000, start_date=20230904T060313, end_date=20230904T060314
[2023-09-04T06:03:14.251+0000] {local_task_job_runner.py:228} INFO - Task exited with return code 0
[2023-09-04T06:03:14.280+0000] {taskinstance.py:2784} INFO - 0 downstream tasks scheduled from follow-on schedule check
[2023-09-04T06:06:00.769+0000] {taskinstance.py:1159} INFO - Dependencies all met for dep_context=non-requeueable deps ti=<TaskInstance: dag_with_postgres_operator_v04.insert_into_table scheduled__2022-05-26T00:00:00+00:00 [queued]>
[2023-09-04T06:06:00.781+0000] {taskinstance.py:1159} INFO - Dependencies all met for dep_context=requeueable deps ti=<TaskInstance: dag_with_postgres_operator_v04.insert_into_table scheduled__2022-05-26T00:00:00+00:00 [queued]>
[2023-09-04T06:06:00.781+0000] {taskinstance.py:1361} INFO - Starting attempt 1 of 6
[2023-09-04T06:06:00.798+0000] {taskinstance.py:1382} INFO - Executing <Task(PostgresOperator): insert_into_table> on 2022-05-26 00:00:00+00:00
[2023-09-04T06:06:00.805+0000] {standard_task_runner.py:57} INFO - Started process 7031 to run task
[2023-09-04T06:06:00.808+0000] {standard_task_runner.py:84} INFO - Running: ['***', 'tasks', 'run', 'dag_with_postgres_operator_v04', 'insert_into_table', 'scheduled__2022-05-26T00:00:00+00:00', '--job-id', '1155', '--raw', '--subdir', 'DAGS_FOLDER/dag_with_postgres_operator.py', '--cfg-path', '/tmp/tmp5hj2pl5w']
[2023-09-04T06:06:00.810+0000] {standard_task_runner.py:85} INFO - Job 1155: Subtask insert_into_table
[2023-09-04T06:06:00.874+0000] {task_command.py:415} INFO - Running <TaskInstance: dag_with_postgres_operator_v04.insert_into_table scheduled__2022-05-26T00:00:00+00:00 [running]> on host 10bdc2e98230
[2023-09-04T06:06:01.083+0000] {taskinstance.py:1660} INFO - Exporting env vars: AIRFLOW_CTX_DAG_OWNER='mohghaff' AIRFLOW_CTX_DAG_ID='dag_with_postgres_operator_v04' AIRFLOW_CTX_TASK_ID='insert_into_table' AIRFLOW_CTX_EXECUTION_DATE='2022-05-26T00:00:00+00:00' AIRFLOW_CTX_TRY_NUMBER='1' AIRFLOW_CTX_DAG_RUN_ID='scheduled__2022-05-26T00:00:00+00:00'
[2023-09-04T06:06:01.084+0000] {sql.py:274} INFO - Executing: 
            insert into dag_runs (dt, dag_id) values ('2022-05-26', 'dag_with_postgres_operator_v04')
        
[2023-09-04T06:06:01.094+0000] {base.py:73} INFO - Using connection ID 'postgres_localhost' for task execution.
[2023-09-04T06:06:01.103+0000] {base.py:73} INFO - Using connection ID 'postgres_localhost' for task execution.
[2023-09-04T06:06:01.115+0000] {sql.py:418} INFO - Running statement: 
            insert into dag_runs (dt, dag_id) values ('2022-05-26', 'dag_with_postgres_operator_v04')
        , parameters: None
[2023-09-04T06:06:01.118+0000] {sql.py:427} INFO - Rows affected: 1
[2023-09-04T06:06:01.132+0000] {taskinstance.py:1400} INFO - Marking task as SUCCESS. dag_id=dag_with_postgres_operator_v04, task_id=insert_into_table, execution_date=20220526T000000, start_date=20230904T060600, end_date=20230904T060601
[2023-09-04T06:06:01.181+0000] {local_task_job_runner.py:228} INFO - Task exited with return code 0
[2023-09-04T06:06:01.198+0000] {taskinstance.py:2784} INFO - 0 downstream tasks scheduled from follow-on schedule check
