[2023-09-04T06:01:36.559+0000] {taskinstance.py:1159} INFO - Dependencies all met for dep_context=non-requeueable deps ti=<TaskInstance: dag_with_postgres_operator_v04.delete_data_from_table scheduled__2022-01-31T00:00:00+00:00 [queued]>
[2023-09-04T06:01:36.573+0000] {taskinstance.py:1159} INFO - Dependencies all met for dep_context=requeueable deps ti=<TaskInstance: dag_with_postgres_operator_v04.delete_data_from_table scheduled__2022-01-31T00:00:00+00:00 [queued]>
[2023-09-04T06:01:36.574+0000] {taskinstance.py:1361} INFO - Starting attempt 1 of 6
[2023-09-04T06:01:36.594+0000] {taskinstance.py:1382} INFO - Executing <Task(PostgresOperator): delete_data_from_table> on 2022-01-31 00:00:00+00:00
[2023-09-04T06:01:36.604+0000] {standard_task_runner.py:57} INFO - Started process 4907 to run task
[2023-09-04T06:01:36.609+0000] {standard_task_runner.py:84} INFO - Running: ['***', 'tasks', 'run', 'dag_with_postgres_operator_v04', 'delete_data_from_table', 'scheduled__2022-01-31T00:00:00+00:00', '--job-id', '259', '--raw', '--subdir', 'DAGS_FOLDER/dag_with_postgres_operator.py', '--cfg-path', '/tmp/tmp1dmujtm5']
[2023-09-04T06:01:36.612+0000] {standard_task_runner.py:85} INFO - Job 259: Subtask delete_data_from_table
[2023-09-04T06:01:36.691+0000] {task_command.py:415} INFO - Running <TaskInstance: dag_with_postgres_operator_v04.delete_data_from_table scheduled__2022-01-31T00:00:00+00:00 [running]> on host 10bdc2e98230
[2023-09-04T06:01:36.815+0000] {taskinstance.py:1660} INFO - Exporting env vars: AIRFLOW_CTX_DAG_OWNER='coder2j' AIRFLOW_CTX_DAG_ID='dag_with_postgres_operator_v04' AIRFLOW_CTX_TASK_ID='delete_data_from_table' AIRFLOW_CTX_EXECUTION_DATE='2022-01-31T00:00:00+00:00' AIRFLOW_CTX_TRY_NUMBER='1' AIRFLOW_CTX_DAG_RUN_ID='scheduled__2022-01-31T00:00:00+00:00'
[2023-09-04T06:01:36.817+0000] {sql.py:274} INFO - Executing: 
            delete from dag_runs where dt = '2022-01-31' and dag_id = 'dag_with_postgres_operator_v04';
        
[2023-09-04T06:01:36.828+0000] {base.py:73} INFO - Using connection ID 'postgres_localhost' for task execution.
[2023-09-04T06:01:36.840+0000] {base.py:73} INFO - Using connection ID 'postgres_localhost' for task execution.
[2023-09-04T06:01:36.855+0000] {sql.py:418} INFO - Running statement: 
            delete from dag_runs where dt = '2022-01-31' and dag_id = 'dag_with_postgres_operator_v04';
        , parameters: None
[2023-09-04T06:01:36.862+0000] {sql.py:427} INFO - Rows affected: 0
[2023-09-04T06:01:36.878+0000] {taskinstance.py:1400} INFO - Marking task as SUCCESS. dag_id=dag_with_postgres_operator_v04, task_id=delete_data_from_table, execution_date=20220131T000000, start_date=20230904T060136, end_date=20230904T060136
[2023-09-04T06:01:36.941+0000] {local_task_job_runner.py:228} INFO - Task exited with return code 0
[2023-09-04T06:01:36.974+0000] {taskinstance.py:2784} INFO - 1 downstream tasks scheduled from follow-on schedule check
[2023-09-04T06:04:24.310+0000] {taskinstance.py:1159} INFO - Dependencies all met for dep_context=non-requeueable deps ti=<TaskInstance: dag_with_postgres_operator_v04.delete_data_from_table scheduled__2022-01-31T00:00:00+00:00 [queued]>
[2023-09-04T06:04:24.327+0000] {taskinstance.py:1159} INFO - Dependencies all met for dep_context=requeueable deps ti=<TaskInstance: dag_with_postgres_operator_v04.delete_data_from_table scheduled__2022-01-31T00:00:00+00:00 [queued]>
[2023-09-04T06:04:24.327+0000] {taskinstance.py:1361} INFO - Starting attempt 1 of 6
[2023-09-04T06:04:24.355+0000] {taskinstance.py:1382} INFO - Executing <Task(PostgresOperator): delete_data_from_table> on 2022-01-31 00:00:00+00:00
[2023-09-04T06:04:24.365+0000] {standard_task_runner.py:57} INFO - Started process 6204 to run task
[2023-09-04T06:04:24.369+0000] {standard_task_runner.py:84} INFO - Running: ['***', 'tasks', 'run', 'dag_with_postgres_operator_v04', 'delete_data_from_table', 'scheduled__2022-01-31T00:00:00+00:00', '--job-id', '803', '--raw', '--subdir', 'DAGS_FOLDER/dag_with_postgres_operator.py', '--cfg-path', '/tmp/tmph0j7ea0m']
[2023-09-04T06:04:24.372+0000] {standard_task_runner.py:85} INFO - Job 803: Subtask delete_data_from_table
[2023-09-04T06:04:24.439+0000] {task_command.py:415} INFO - Running <TaskInstance: dag_with_postgres_operator_v04.delete_data_from_table scheduled__2022-01-31T00:00:00+00:00 [running]> on host 10bdc2e98230
[2023-09-04T06:04:24.555+0000] {taskinstance.py:1660} INFO - Exporting env vars: AIRFLOW_CTX_DAG_OWNER='mohghaff' AIRFLOW_CTX_DAG_ID='dag_with_postgres_operator_v04' AIRFLOW_CTX_TASK_ID='delete_data_from_table' AIRFLOW_CTX_EXECUTION_DATE='2022-01-31T00:00:00+00:00' AIRFLOW_CTX_TRY_NUMBER='1' AIRFLOW_CTX_DAG_RUN_ID='scheduled__2022-01-31T00:00:00+00:00'
[2023-09-04T06:04:24.556+0000] {sql.py:274} INFO - Executing: 
            delete from dag_runs where dt = '2022-01-31' and dag_id = 'dag_with_postgres_operator_v04';
        
[2023-09-04T06:04:24.567+0000] {base.py:73} INFO - Using connection ID 'postgres_localhost' for task execution.
[2023-09-04T06:04:24.578+0000] {base.py:73} INFO - Using connection ID 'postgres_localhost' for task execution.
[2023-09-04T06:04:24.591+0000] {sql.py:418} INFO - Running statement: 
            delete from dag_runs where dt = '2022-01-31' and dag_id = 'dag_with_postgres_operator_v04';
        , parameters: None
[2023-09-04T06:04:24.596+0000] {sql.py:427} INFO - Rows affected: 1
[2023-09-04T06:04:24.611+0000] {taskinstance.py:1400} INFO - Marking task as SUCCESS. dag_id=dag_with_postgres_operator_v04, task_id=delete_data_from_table, execution_date=20220131T000000, start_date=20230904T060424, end_date=20230904T060424
[2023-09-04T06:04:24.663+0000] {local_task_job_runner.py:228} INFO - Task exited with return code 0
[2023-09-04T06:04:24.687+0000] {taskinstance.py:2784} INFO - 1 downstream tasks scheduled from follow-on schedule check
