[2023-09-04T06:01:32.934+0000] {taskinstance.py:1159} INFO - Dependencies all met for dep_context=non-requeueable deps ti=<TaskInstance: dag_with_postgres_operator_v04.create_postgres_table scheduled__2022-01-27T00:00:00+00:00 [queued]>
[2023-09-04T06:01:32.952+0000] {taskinstance.py:1159} INFO - Dependencies all met for dep_context=requeueable deps ti=<TaskInstance: dag_with_postgres_operator_v04.create_postgres_table scheduled__2022-01-27T00:00:00+00:00 [queued]>
[2023-09-04T06:01:32.953+0000] {taskinstance.py:1361} INFO - Starting attempt 1 of 6
[2023-09-04T06:01:33.213+0000] {taskinstance.py:1382} INFO - Executing <Task(PostgresOperator): create_postgres_table> on 2022-01-27 00:00:00+00:00
[2023-09-04T06:01:33.224+0000] {standard_task_runner.py:57} INFO - Started process 4871 to run task
[2023-09-04T06:01:33.227+0000] {standard_task_runner.py:84} INFO - Running: ['***', 'tasks', 'run', 'dag_with_postgres_operator_v04', 'create_postgres_table', 'scheduled__2022-01-27T00:00:00+00:00', '--job-id', '239', '--raw', '--subdir', 'DAGS_FOLDER/dag_with_postgres_operator.py', '--cfg-path', '/tmp/tmp503rtgu4']
[2023-09-04T06:01:33.229+0000] {standard_task_runner.py:85} INFO - Job 239: Subtask create_postgres_table
[2023-09-04T06:01:33.309+0000] {task_command.py:415} INFO - Running <TaskInstance: dag_with_postgres_operator_v04.create_postgres_table scheduled__2022-01-27T00:00:00+00:00 [running]> on host 10bdc2e98230
[2023-09-04T06:01:33.469+0000] {taskinstance.py:1660} INFO - Exporting env vars: AIRFLOW_CTX_DAG_OWNER='coder2j' AIRFLOW_CTX_DAG_ID='dag_with_postgres_operator_v04' AIRFLOW_CTX_TASK_ID='create_postgres_table' AIRFLOW_CTX_EXECUTION_DATE='2022-01-27T00:00:00+00:00' AIRFLOW_CTX_TRY_NUMBER='1' AIRFLOW_CTX_DAG_RUN_ID='scheduled__2022-01-27T00:00:00+00:00'
[2023-09-04T06:01:33.471+0000] {sql.py:274} INFO - Executing: 
            create table if not exists dag_runs (
                dt date,
                dag_id character varying,
                primary key (dt, dag_id)
            )
        
[2023-09-04T06:01:33.486+0000] {base.py:73} INFO - Using connection ID 'postgres_localhost' for task execution.
[2023-09-04T06:01:33.498+0000] {base.py:73} INFO - Using connection ID 'postgres_localhost' for task execution.
[2023-09-04T06:01:33.516+0000] {sql.py:418} INFO - Running statement: 
            create table if not exists dag_runs (
                dt date,
                dag_id character varying,
                primary key (dt, dag_id)
            )
        , parameters: None
[2023-09-04T06:01:33.541+0000] {taskinstance.py:1400} INFO - Marking task as SUCCESS. dag_id=dag_with_postgres_operator_v04, task_id=create_postgres_table, execution_date=20220127T000000, start_date=20230904T060132, end_date=20230904T060133
[2023-09-04T06:01:33.600+0000] {local_task_job_runner.py:228} INFO - Task exited with return code 0
[2023-09-04T06:01:33.651+0000] {taskinstance.py:2784} INFO - 1 downstream tasks scheduled from follow-on schedule check
[2023-09-04T06:04:19.578+0000] {taskinstance.py:1159} INFO - Dependencies all met for dep_context=non-requeueable deps ti=<TaskInstance: dag_with_postgres_operator_v04.create_postgres_table scheduled__2022-01-27T00:00:00+00:00 [queued]>
[2023-09-04T06:04:19.602+0000] {taskinstance.py:1159} INFO - Dependencies all met for dep_context=requeueable deps ti=<TaskInstance: dag_with_postgres_operator_v04.create_postgres_table scheduled__2022-01-27T00:00:00+00:00 [queued]>
[2023-09-04T06:04:19.603+0000] {taskinstance.py:1361} INFO - Starting attempt 1 of 6
[2023-09-04T06:04:19.729+0000] {taskinstance.py:1382} INFO - Executing <Task(PostgresOperator): create_postgres_table> on 2022-01-27 00:00:00+00:00
[2023-09-04T06:04:19.742+0000] {standard_task_runner.py:57} INFO - Started process 6146 to run task
[2023-09-04T06:04:19.748+0000] {standard_task_runner.py:84} INFO - Running: ['***', 'tasks', 'run', 'dag_with_postgres_operator_v04', 'create_postgres_table', 'scheduled__2022-01-27T00:00:00+00:00', '--job-id', '777', '--raw', '--subdir', 'DAGS_FOLDER/dag_with_postgres_operator.py', '--cfg-path', '/tmp/tmpz2x59qo5']
[2023-09-04T06:04:19.754+0000] {standard_task_runner.py:85} INFO - Job 777: Subtask create_postgres_table
[2023-09-04T06:04:19.919+0000] {task_command.py:415} INFO - Running <TaskInstance: dag_with_postgres_operator_v04.create_postgres_table scheduled__2022-01-27T00:00:00+00:00 [running]> on host 10bdc2e98230
[2023-09-04T06:04:20.129+0000] {taskinstance.py:1660} INFO - Exporting env vars: AIRFLOW_CTX_DAG_OWNER='mohghaff' AIRFLOW_CTX_DAG_ID='dag_with_postgres_operator_v04' AIRFLOW_CTX_TASK_ID='create_postgres_table' AIRFLOW_CTX_EXECUTION_DATE='2022-01-27T00:00:00+00:00' AIRFLOW_CTX_TRY_NUMBER='1' AIRFLOW_CTX_DAG_RUN_ID='scheduled__2022-01-27T00:00:00+00:00'
[2023-09-04T06:04:20.131+0000] {sql.py:274} INFO - Executing: 
            create table if not exists dag_runs (
                dt date,
                dag_id character varying,
                primary key (dt, dag_id)
            )
        
[2023-09-04T06:04:20.150+0000] {base.py:73} INFO - Using connection ID 'postgres_localhost' for task execution.
[2023-09-04T06:04:20.167+0000] {base.py:73} INFO - Using connection ID 'postgres_localhost' for task execution.
[2023-09-04T06:04:20.189+0000] {sql.py:418} INFO - Running statement: 
            create table if not exists dag_runs (
                dt date,
                dag_id character varying,
                primary key (dt, dag_id)
            )
        , parameters: None
[2023-09-04T06:04:20.219+0000] {taskinstance.py:1400} INFO - Marking task as SUCCESS. dag_id=dag_with_postgres_operator_v04, task_id=create_postgres_table, execution_date=20220127T000000, start_date=20230904T060419, end_date=20230904T060420
[2023-09-04T06:04:20.297+0000] {local_task_job_runner.py:228} INFO - Task exited with return code 0
[2023-09-04T06:04:20.363+0000] {taskinstance.py:2784} INFO - 1 downstream tasks scheduled from follow-on schedule check
