[2023-09-04T06:01:20.054+0000] {taskinstance.py:1159} INFO - Dependencies all met for dep_context=non-requeueable deps ti=<TaskInstance: dag_with_postgres_operator_v04.insert_into_table scheduled__2022-01-10T00:00:00+00:00 [queued]>
[2023-09-04T06:01:20.064+0000] {taskinstance.py:1159} INFO - Dependencies all met for dep_context=requeueable deps ti=<TaskInstance: dag_with_postgres_operator_v04.insert_into_table scheduled__2022-01-10T00:00:00+00:00 [queued]>
[2023-09-04T06:01:20.064+0000] {taskinstance.py:1361} INFO - Starting attempt 1 of 6
[2023-09-04T06:01:20.083+0000] {taskinstance.py:1382} INFO - Executing <Task(PostgresOperator): insert_into_table> on 2022-01-10 00:00:00+00:00
[2023-09-04T06:01:20.090+0000] {standard_task_runner.py:57} INFO - Started process 4782 to run task
[2023-09-04T06:01:20.092+0000] {standard_task_runner.py:84} INFO - Running: ['***', 'tasks', 'run', 'dag_with_postgres_operator_v04', 'insert_into_table', 'scheduled__2022-01-10T00:00:00+00:00', '--job-id', '200', '--raw', '--subdir', 'DAGS_FOLDER/dag_with_postgres_operator.py', '--cfg-path', '/tmp/tmp3xt8j7xn']
[2023-09-04T06:01:20.094+0000] {standard_task_runner.py:85} INFO - Job 200: Subtask insert_into_table
[2023-09-04T06:01:20.141+0000] {task_command.py:415} INFO - Running <TaskInstance: dag_with_postgres_operator_v04.insert_into_table scheduled__2022-01-10T00:00:00+00:00 [running]> on host 10bdc2e98230
[2023-09-04T06:01:20.231+0000] {taskinstance.py:1660} INFO - Exporting env vars: AIRFLOW_CTX_DAG_OWNER='coder2j' AIRFLOW_CTX_DAG_ID='dag_with_postgres_operator_v04' AIRFLOW_CTX_TASK_ID='insert_into_table' AIRFLOW_CTX_EXECUTION_DATE='2022-01-10T00:00:00+00:00' AIRFLOW_CTX_TRY_NUMBER='1' AIRFLOW_CTX_DAG_RUN_ID='scheduled__2022-01-10T00:00:00+00:00'
[2023-09-04T06:01:20.232+0000] {sql.py:274} INFO - Executing: 
            insert into dag_runs (dt, dag_id) values ('2022-01-10', 'dag_with_postgres_operator_v04')
        
[2023-09-04T06:01:20.241+0000] {base.py:73} INFO - Using connection ID 'postgres_localhost' for task execution.
[2023-09-04T06:01:20.249+0000] {base.py:73} INFO - Using connection ID 'postgres_localhost' for task execution.
[2023-09-04T06:01:20.260+0000] {sql.py:418} INFO - Running statement: 
            insert into dag_runs (dt, dag_id) values ('2022-01-10', 'dag_with_postgres_operator_v04')
        , parameters: None
[2023-09-04T06:01:20.264+0000] {sql.py:427} INFO - Rows affected: 1
[2023-09-04T06:01:20.277+0000] {taskinstance.py:1400} INFO - Marking task as SUCCESS. dag_id=dag_with_postgres_operator_v04, task_id=insert_into_table, execution_date=20220110T000000, start_date=20230904T060120, end_date=20230904T060120
[2023-09-04T06:01:20.305+0000] {local_task_job_runner.py:228} INFO - Task exited with return code 0
[2023-09-04T06:01:20.322+0000] {taskinstance.py:2784} INFO - 0 downstream tasks scheduled from follow-on schedule check
[2023-09-04T06:04:12.377+0000] {taskinstance.py:1159} INFO - Dependencies all met for dep_context=non-requeueable deps ti=<TaskInstance: dag_with_postgres_operator_v04.insert_into_table scheduled__2022-01-10T00:00:00+00:00 [queued]>
[2023-09-04T06:04:12.399+0000] {taskinstance.py:1159} INFO - Dependencies all met for dep_context=requeueable deps ti=<TaskInstance: dag_with_postgres_operator_v04.insert_into_table scheduled__2022-01-10T00:00:00+00:00 [queued]>
[2023-09-04T06:04:12.400+0000] {taskinstance.py:1361} INFO - Starting attempt 1 of 6
[2023-09-04T06:04:12.433+0000] {taskinstance.py:1382} INFO - Executing <Task(PostgresOperator): insert_into_table> on 2022-01-10 00:00:00+00:00
[2023-09-04T06:04:12.442+0000] {standard_task_runner.py:57} INFO - Started process 6101 to run task
[2023-09-04T06:04:12.447+0000] {standard_task_runner.py:84} INFO - Running: ['***', 'tasks', 'run', 'dag_with_postgres_operator_v04', 'insert_into_table', 'scheduled__2022-01-10T00:00:00+00:00', '--job-id', '758', '--raw', '--subdir', 'DAGS_FOLDER/dag_with_postgres_operator.py', '--cfg-path', '/tmp/tmp_h4p6l09']
[2023-09-04T06:04:12.450+0000] {standard_task_runner.py:85} INFO - Job 758: Subtask insert_into_table
[2023-09-04T06:04:12.510+0000] {task_command.py:415} INFO - Running <TaskInstance: dag_with_postgres_operator_v04.insert_into_table scheduled__2022-01-10T00:00:00+00:00 [running]> on host 10bdc2e98230
[2023-09-04T06:04:12.610+0000] {taskinstance.py:1660} INFO - Exporting env vars: AIRFLOW_CTX_DAG_OWNER='mohghaff' AIRFLOW_CTX_DAG_ID='dag_with_postgres_operator_v04' AIRFLOW_CTX_TASK_ID='insert_into_table' AIRFLOW_CTX_EXECUTION_DATE='2022-01-10T00:00:00+00:00' AIRFLOW_CTX_TRY_NUMBER='1' AIRFLOW_CTX_DAG_RUN_ID='scheduled__2022-01-10T00:00:00+00:00'
[2023-09-04T06:04:12.612+0000] {sql.py:274} INFO - Executing: 
            insert into dag_runs (dt, dag_id) values ('2022-01-10', 'dag_with_postgres_operator_v04')
        
[2023-09-04T06:04:12.622+0000] {base.py:73} INFO - Using connection ID 'postgres_localhost' for task execution.
[2023-09-04T06:04:12.632+0000] {base.py:73} INFO - Using connection ID 'postgres_localhost' for task execution.
[2023-09-04T06:04:12.645+0000] {sql.py:418} INFO - Running statement: 
            insert into dag_runs (dt, dag_id) values ('2022-01-10', 'dag_with_postgres_operator_v04')
        , parameters: None
[2023-09-04T06:04:12.649+0000] {sql.py:427} INFO - Rows affected: 1
[2023-09-04T06:04:12.668+0000] {taskinstance.py:1400} INFO - Marking task as SUCCESS. dag_id=dag_with_postgres_operator_v04, task_id=insert_into_table, execution_date=20220110T000000, start_date=20230904T060412, end_date=20230904T060412
[2023-09-04T06:04:12.739+0000] {local_task_job_runner.py:228} INFO - Task exited with return code 0
[2023-09-04T06:04:12.774+0000] {taskinstance.py:2784} INFO - 0 downstream tasks scheduled from follow-on schedule check
