[2023-09-04T06:09:31.223+0000] {taskinstance.py:1159} INFO - Dependencies all met for dep_context=non-requeueable deps ti=<TaskInstance: dag_with_postgres_operator_v04.create_postgres_table scheduled__2023-03-05T00:00:00+00:00 [queued]>
[2023-09-04T06:09:31.242+0000] {taskinstance.py:1159} INFO - Dependencies all met for dep_context=requeueable deps ti=<TaskInstance: dag_with_postgres_operator_v04.create_postgres_table scheduled__2023-03-05T00:00:00+00:00 [queued]>
[2023-09-04T06:09:31.243+0000] {taskinstance.py:1361} INFO - Starting attempt 1 of 6
[2023-09-04T06:09:31.290+0000] {taskinstance.py:1382} INFO - Executing <Task(PostgresOperator): create_postgres_table> on 2023-03-05 00:00:00+00:00
[2023-09-04T06:09:31.298+0000] {standard_task_runner.py:57} INFO - Started process 8944 to run task
[2023-09-04T06:09:31.301+0000] {standard_task_runner.py:84} INFO - Running: ['***', 'tasks', 'run', 'dag_with_postgres_operator_v04', 'create_postgres_table', 'scheduled__2023-03-05T00:00:00+00:00', '--job-id', '1987', '--raw', '--subdir', 'DAGS_FOLDER/dag_with_postgres_operator.py', '--cfg-path', '/tmp/tmpg4jph749']
[2023-09-04T06:09:31.304+0000] {standard_task_runner.py:85} INFO - Job 1987: Subtask create_postgres_table
[2023-09-04T06:09:31.471+0000] {task_command.py:415} INFO - Running <TaskInstance: dag_with_postgres_operator_v04.create_postgres_table scheduled__2023-03-05T00:00:00+00:00 [running]> on host 10bdc2e98230
[2023-09-04T06:09:31.666+0000] {taskinstance.py:1660} INFO - Exporting env vars: AIRFLOW_CTX_DAG_OWNER='mohghaff' AIRFLOW_CTX_DAG_ID='dag_with_postgres_operator_v04' AIRFLOW_CTX_TASK_ID='create_postgres_table' AIRFLOW_CTX_EXECUTION_DATE='2023-03-05T00:00:00+00:00' AIRFLOW_CTX_TRY_NUMBER='1' AIRFLOW_CTX_DAG_RUN_ID='scheduled__2023-03-05T00:00:00+00:00'
[2023-09-04T06:09:31.668+0000] {sql.py:274} INFO - Executing: 
            create table if not exists dag_runs (
                dt date,
                dag_id character varying,
                primary key (dt, dag_id)
            )
        
[2023-09-04T06:09:31.682+0000] {base.py:73} INFO - Using connection ID 'postgres_localhost' for task execution.
[2023-09-04T06:09:31.694+0000] {base.py:73} INFO - Using connection ID 'postgres_localhost' for task execution.
[2023-09-04T06:09:31.712+0000] {sql.py:418} INFO - Running statement: 
            create table if not exists dag_runs (
                dt date,
                dag_id character varying,
                primary key (dt, dag_id)
            )
        , parameters: None
[2023-09-04T06:09:31.738+0000] {taskinstance.py:1400} INFO - Marking task as SUCCESS. dag_id=dag_with_postgres_operator_v04, task_id=create_postgres_table, execution_date=20230305T000000, start_date=20230904T060931, end_date=20230904T060931
[2023-09-04T06:09:31.916+0000] {local_task_job_runner.py:228} INFO - Task exited with return code 0
[2023-09-04T06:09:31.967+0000] {taskinstance.py:2784} INFO - 1 downstream tasks scheduled from follow-on schedule check
