[2023-09-04T06:02:42.916+0000] {taskinstance.py:1159} INFO - Dependencies all met for dep_context=non-requeueable deps ti=<TaskInstance: dag_with_postgres_operator_v04.insert_into_table scheduled__2022-04-14T00:00:00+00:00 [queued]>
[2023-09-04T06:02:42.930+0000] {taskinstance.py:1159} INFO - Dependencies all met for dep_context=requeueable deps ti=<TaskInstance: dag_with_postgres_operator_v04.insert_into_table scheduled__2022-04-14T00:00:00+00:00 [queued]>
[2023-09-04T06:02:42.931+0000] {taskinstance.py:1361} INFO - Starting attempt 1 of 6
[2023-09-04T06:02:42.952+0000] {taskinstance.py:1382} INFO - Executing <Task(PostgresOperator): insert_into_table> on 2022-04-14 00:00:00+00:00
[2023-09-04T06:02:42.960+0000] {standard_task_runner.py:57} INFO - Started process 5463 to run task
[2023-09-04T06:02:42.963+0000] {standard_task_runner.py:84} INFO - Running: ['***', 'tasks', 'run', 'dag_with_postgres_operator_v04', 'insert_into_table', 'scheduled__2022-04-14T00:00:00+00:00', '--job-id', '497', '--raw', '--subdir', 'DAGS_FOLDER/dag_with_postgres_operator.py', '--cfg-path', '/tmp/tmp2kg8p3ow']
[2023-09-04T06:02:42.966+0000] {standard_task_runner.py:85} INFO - Job 497: Subtask insert_into_table
[2023-09-04T06:02:43.027+0000] {task_command.py:415} INFO - Running <TaskInstance: dag_with_postgres_operator_v04.insert_into_table scheduled__2022-04-14T00:00:00+00:00 [running]> on host 10bdc2e98230
[2023-09-04T06:02:43.147+0000] {taskinstance.py:1660} INFO - Exporting env vars: AIRFLOW_CTX_DAG_OWNER='coder2j' AIRFLOW_CTX_DAG_ID='dag_with_postgres_operator_v04' AIRFLOW_CTX_TASK_ID='insert_into_table' AIRFLOW_CTX_EXECUTION_DATE='2022-04-14T00:00:00+00:00' AIRFLOW_CTX_TRY_NUMBER='1' AIRFLOW_CTX_DAG_RUN_ID='scheduled__2022-04-14T00:00:00+00:00'
[2023-09-04T06:02:43.149+0000] {sql.py:274} INFO - Executing: 
            insert into dag_runs (dt, dag_id) values ('2022-04-14', 'dag_with_postgres_operator_v04')
        
[2023-09-04T06:02:43.160+0000] {base.py:73} INFO - Using connection ID 'postgres_localhost' for task execution.
[2023-09-04T06:02:43.171+0000] {base.py:73} INFO - Using connection ID 'postgres_localhost' for task execution.
[2023-09-04T06:02:43.179+0000] {sql.py:418} INFO - Running statement: 
            insert into dag_runs (dt, dag_id) values ('2022-04-14', 'dag_with_postgres_operator_v04')
        , parameters: None
[2023-09-04T06:02:43.183+0000] {sql.py:427} INFO - Rows affected: 1
[2023-09-04T06:02:43.195+0000] {taskinstance.py:1400} INFO - Marking task as SUCCESS. dag_id=dag_with_postgres_operator_v04, task_id=insert_into_table, execution_date=20220414T000000, start_date=20230904T060242, end_date=20230904T060243
[2023-09-04T06:02:43.216+0000] {local_task_job_runner.py:228} INFO - Task exited with return code 0
[2023-09-04T06:02:43.235+0000] {taskinstance.py:2784} INFO - 0 downstream tasks scheduled from follow-on schedule check
[2023-09-04T06:05:28.128+0000] {taskinstance.py:1159} INFO - Dependencies all met for dep_context=non-requeueable deps ti=<TaskInstance: dag_with_postgres_operator_v04.insert_into_table scheduled__2022-04-14T00:00:00+00:00 [queued]>
[2023-09-04T06:05:28.160+0000] {taskinstance.py:1159} INFO - Dependencies all met for dep_context=requeueable deps ti=<TaskInstance: dag_with_postgres_operator_v04.insert_into_table scheduled__2022-04-14T00:00:00+00:00 [queued]>
[2023-09-04T06:05:28.161+0000] {taskinstance.py:1361} INFO - Starting attempt 1 of 6
[2023-09-04T06:05:28.206+0000] {taskinstance.py:1382} INFO - Executing <Task(PostgresOperator): insert_into_table> on 2022-04-14 00:00:00+00:00
[2023-09-04T06:05:28.218+0000] {standard_task_runner.py:57} INFO - Started process 6775 to run task
[2023-09-04T06:05:28.225+0000] {standard_task_runner.py:84} INFO - Running: ['***', 'tasks', 'run', 'dag_with_postgres_operator_v04', 'insert_into_table', 'scheduled__2022-04-14T00:00:00+00:00', '--job-id', '1043', '--raw', '--subdir', 'DAGS_FOLDER/dag_with_postgres_operator.py', '--cfg-path', '/tmp/tmpciuidfrk']
[2023-09-04T06:05:28.230+0000] {standard_task_runner.py:85} INFO - Job 1043: Subtask insert_into_table
[2023-09-04T06:05:28.371+0000] {task_command.py:415} INFO - Running <TaskInstance: dag_with_postgres_operator_v04.insert_into_table scheduled__2022-04-14T00:00:00+00:00 [running]> on host 10bdc2e98230
[2023-09-04T06:05:28.658+0000] {taskinstance.py:1660} INFO - Exporting env vars: AIRFLOW_CTX_DAG_OWNER='mohghaff' AIRFLOW_CTX_DAG_ID='dag_with_postgres_operator_v04' AIRFLOW_CTX_TASK_ID='insert_into_table' AIRFLOW_CTX_EXECUTION_DATE='2022-04-14T00:00:00+00:00' AIRFLOW_CTX_TRY_NUMBER='1' AIRFLOW_CTX_DAG_RUN_ID='scheduled__2022-04-14T00:00:00+00:00'
[2023-09-04T06:05:28.661+0000] {sql.py:274} INFO - Executing: 
            insert into dag_runs (dt, dag_id) values ('2022-04-14', 'dag_with_postgres_operator_v04')
        
[2023-09-04T06:05:28.682+0000] {base.py:73} INFO - Using connection ID 'postgres_localhost' for task execution.
[2023-09-04T06:05:28.700+0000] {base.py:73} INFO - Using connection ID 'postgres_localhost' for task execution.
[2023-09-04T06:05:28.725+0000] {sql.py:418} INFO - Running statement: 
            insert into dag_runs (dt, dag_id) values ('2022-04-14', 'dag_with_postgres_operator_v04')
        , parameters: None
[2023-09-04T06:05:28.735+0000] {sql.py:427} INFO - Rows affected: 1
[2023-09-04T06:05:28.762+0000] {taskinstance.py:1400} INFO - Marking task as SUCCESS. dag_id=dag_with_postgres_operator_v04, task_id=insert_into_table, execution_date=20220414T000000, start_date=20230904T060528, end_date=20230904T060528
[2023-09-04T06:05:28.803+0000] {local_task_job_runner.py:228} INFO - Task exited with return code 0
[2023-09-04T06:05:28.847+0000] {taskinstance.py:2784} INFO - 0 downstream tasks scheduled from follow-on schedule check
