[2023-09-04T06:03:24.720+0000] {taskinstance.py:1159} INFO - Dependencies all met for dep_context=non-requeueable deps ti=<TaskInstance: dag_with_postgres_operator_v04.delete_data_from_table scheduled__2022-06-11T00:00:00+00:00 [queued]>
[2023-09-04T06:03:24.757+0000] {taskinstance.py:1159} INFO - Dependencies all met for dep_context=requeueable deps ti=<TaskInstance: dag_with_postgres_operator_v04.delete_data_from_table scheduled__2022-06-11T00:00:00+00:00 [queued]>
[2023-09-04T06:03:24.758+0000] {taskinstance.py:1361} INFO - Starting attempt 1 of 6
[2023-09-04T06:03:24.983+0000] {taskinstance.py:1382} INFO - Executing <Task(PostgresOperator): delete_data_from_table> on 2022-06-11 00:00:00+00:00
[2023-09-04T06:03:24.996+0000] {standard_task_runner.py:57} INFO - Started process 5868 to run task
[2023-09-04T06:03:25.013+0000] {standard_task_runner.py:84} INFO - Running: ['***', 'tasks', 'run', 'dag_with_postgres_operator_v04', 'delete_data_from_table', 'scheduled__2022-06-11T00:00:00+00:00', '--job-id', '658', '--raw', '--subdir', 'DAGS_FOLDER/dag_with_postgres_operator.py', '--cfg-path', '/tmp/tmp2pmv_a3w']
[2023-09-04T06:03:25.034+0000] {standard_task_runner.py:85} INFO - Job 658: Subtask delete_data_from_table
[2023-09-04T06:03:25.284+0000] {task_command.py:415} INFO - Running <TaskInstance: dag_with_postgres_operator_v04.delete_data_from_table scheduled__2022-06-11T00:00:00+00:00 [running]> on host 10bdc2e98230
[2023-09-04T06:03:25.677+0000] {taskinstance.py:1660} INFO - Exporting env vars: AIRFLOW_CTX_DAG_OWNER='coder2j' AIRFLOW_CTX_DAG_ID='dag_with_postgres_operator_v04' AIRFLOW_CTX_TASK_ID='delete_data_from_table' AIRFLOW_CTX_EXECUTION_DATE='2022-06-11T00:00:00+00:00' AIRFLOW_CTX_TRY_NUMBER='1' AIRFLOW_CTX_DAG_RUN_ID='scheduled__2022-06-11T00:00:00+00:00'
[2023-09-04T06:03:25.680+0000] {sql.py:274} INFO - Executing: 
            delete from dag_runs where dt = '2022-06-11' and dag_id = 'dag_with_postgres_operator_v04';
        
[2023-09-04T06:03:25.715+0000] {base.py:73} INFO - Using connection ID 'postgres_localhost' for task execution.
[2023-09-04T06:03:25.780+0000] {base.py:73} INFO - Using connection ID 'postgres_localhost' for task execution.
[2023-09-04T06:03:25.818+0000] {sql.py:418} INFO - Running statement: 
            delete from dag_runs where dt = '2022-06-11' and dag_id = 'dag_with_postgres_operator_v04';
        , parameters: None
[2023-09-04T06:03:25.836+0000] {sql.py:427} INFO - Rows affected: 0
[2023-09-04T06:03:25.874+0000] {taskinstance.py:1400} INFO - Marking task as SUCCESS. dag_id=dag_with_postgres_operator_v04, task_id=delete_data_from_table, execution_date=20220611T000000, start_date=20230904T060324, end_date=20230904T060325
[2023-09-04T06:03:25.950+0000] {local_task_job_runner.py:228} INFO - Task exited with return code 0
[2023-09-04T06:03:26.029+0000] {taskinstance.py:2784} INFO - 1 downstream tasks scheduled from follow-on schedule check
[2023-09-04T06:06:11.400+0000] {taskinstance.py:1159} INFO - Dependencies all met for dep_context=non-requeueable deps ti=<TaskInstance: dag_with_postgres_operator_v04.delete_data_from_table scheduled__2022-06-11T00:00:00+00:00 [queued]>
[2023-09-04T06:06:11.432+0000] {taskinstance.py:1159} INFO - Dependencies all met for dep_context=requeueable deps ti=<TaskInstance: dag_with_postgres_operator_v04.delete_data_from_table scheduled__2022-06-11T00:00:00+00:00 [queued]>
[2023-09-04T06:06:11.432+0000] {taskinstance.py:1361} INFO - Starting attempt 1 of 6
[2023-09-04T06:06:11.477+0000] {taskinstance.py:1382} INFO - Executing <Task(PostgresOperator): delete_data_from_table> on 2022-06-11 00:00:00+00:00
[2023-09-04T06:06:11.489+0000] {standard_task_runner.py:57} INFO - Started process 7110 to run task
[2023-09-04T06:06:11.496+0000] {standard_task_runner.py:84} INFO - Running: ['***', 'tasks', 'run', 'dag_with_postgres_operator_v04', 'delete_data_from_table', 'scheduled__2022-06-11T00:00:00+00:00', '--job-id', '1186', '--raw', '--subdir', 'DAGS_FOLDER/dag_with_postgres_operator.py', '--cfg-path', '/tmp/tmpvdzavsa6']
[2023-09-04T06:06:11.502+0000] {standard_task_runner.py:85} INFO - Job 1186: Subtask delete_data_from_table
[2023-09-04T06:06:11.678+0000] {task_command.py:415} INFO - Running <TaskInstance: dag_with_postgres_operator_v04.delete_data_from_table scheduled__2022-06-11T00:00:00+00:00 [running]> on host 10bdc2e98230
[2023-09-04T06:06:11.996+0000] {taskinstance.py:1660} INFO - Exporting env vars: AIRFLOW_CTX_DAG_OWNER='mohghaff' AIRFLOW_CTX_DAG_ID='dag_with_postgres_operator_v04' AIRFLOW_CTX_TASK_ID='delete_data_from_table' AIRFLOW_CTX_EXECUTION_DATE='2022-06-11T00:00:00+00:00' AIRFLOW_CTX_TRY_NUMBER='1' AIRFLOW_CTX_DAG_RUN_ID='scheduled__2022-06-11T00:00:00+00:00'
[2023-09-04T06:06:11.999+0000] {sql.py:274} INFO - Executing: 
            delete from dag_runs where dt = '2022-06-11' and dag_id = 'dag_with_postgres_operator_v04';
        
[2023-09-04T06:06:12.024+0000] {base.py:73} INFO - Using connection ID 'postgres_localhost' for task execution.
[2023-09-04T06:06:12.071+0000] {base.py:73} INFO - Using connection ID 'postgres_localhost' for task execution.
[2023-09-04T06:06:12.114+0000] {sql.py:418} INFO - Running statement: 
            delete from dag_runs where dt = '2022-06-11' and dag_id = 'dag_with_postgres_operator_v04';
        , parameters: None
[2023-09-04T06:06:12.127+0000] {sql.py:427} INFO - Rows affected: 0
[2023-09-04T06:06:12.185+0000] {taskinstance.py:1400} INFO - Marking task as SUCCESS. dag_id=dag_with_postgres_operator_v04, task_id=delete_data_from_table, execution_date=20220611T000000, start_date=20230904T060611, end_date=20230904T060612
[2023-09-04T06:06:12.356+0000] {local_task_job_runner.py:228} INFO - Task exited with return code 0
[2023-09-04T06:06:12.413+0000] {taskinstance.py:2784} INFO - 1 downstream tasks scheduled from follow-on schedule check
