[2023-09-04T11:57:28.875+0000] {taskinstance.py:1159} INFO - Dependencies all met for dep_context=non-requeueable deps ti=<TaskInstance: dag_with_postgres_operator_v05.create_postgres_table scheduled__2023-08-10T00:00:00+00:00 [queued]>
[2023-09-04T11:57:28.897+0000] {taskinstance.py:1159} INFO - Dependencies all met for dep_context=requeueable deps ti=<TaskInstance: dag_with_postgres_operator_v05.create_postgres_table scheduled__2023-08-10T00:00:00+00:00 [queued]>
[2023-09-04T11:57:28.897+0000] {taskinstance.py:1361} INFO - Starting attempt 1 of 6
[2023-09-04T11:57:29.127+0000] {taskinstance.py:1382} INFO - Executing <Task(PostgresOperator): create_postgres_table> on 2023-08-10 00:00:00+00:00
[2023-09-04T11:57:29.138+0000] {standard_task_runner.py:57} INFO - Started process 15858 to run task
[2023-09-04T11:57:29.146+0000] {standard_task_runner.py:84} INFO - Running: ['***', 'tasks', 'run', 'dag_with_postgres_operator_v05', 'create_postgres_table', 'scheduled__2023-08-10T00:00:00+00:00', '--job-id', '3196', '--raw', '--subdir', 'DAGS_FOLDER/dag_with_postgres_operator.py', '--cfg-path', '/tmp/tmp061rbcym']
[2023-09-04T11:57:29.150+0000] {standard_task_runner.py:85} INFO - Job 3196: Subtask create_postgres_table
[2023-09-04T11:57:29.292+0000] {task_command.py:415} INFO - Running <TaskInstance: dag_with_postgres_operator_v05.create_postgres_table scheduled__2023-08-10T00:00:00+00:00 [running]> on host 10bdc2e98230
[2023-09-04T11:57:29.511+0000] {taskinstance.py:1660} INFO - Exporting env vars: AIRFLOW_CTX_DAG_OWNER='mohghaff' AIRFLOW_CTX_DAG_ID='dag_with_postgres_operator_v05' AIRFLOW_CTX_TASK_ID='create_postgres_table' AIRFLOW_CTX_EXECUTION_DATE='2023-08-10T00:00:00+00:00' AIRFLOW_CTX_TRY_NUMBER='1' AIRFLOW_CTX_DAG_RUN_ID='scheduled__2023-08-10T00:00:00+00:00'
[2023-09-04T11:57:29.514+0000] {sql.py:274} INFO - Executing: 
            create table if not exists dag_runs (
                dt date,
                dag_id character varying,
                primary key (dt, dag_id)
            )
        
[2023-09-04T11:57:29.538+0000] {base.py:73} INFO - Using connection ID 'postgres_localhost' for task execution.
[2023-09-04T11:57:29.576+0000] {base.py:73} INFO - Using connection ID 'postgres_localhost' for task execution.
[2023-09-04T11:57:29.603+0000] {sql.py:418} INFO - Running statement: 
            create table if not exists dag_runs (
                dt date,
                dag_id character varying,
                primary key (dt, dag_id)
            )
        , parameters: None
[2023-09-04T11:57:29.634+0000] {taskinstance.py:1400} INFO - Marking task as SUCCESS. dag_id=dag_with_postgres_operator_v05, task_id=create_postgres_table, execution_date=20230810T000000, start_date=20230904T115728, end_date=20230904T115729
[2023-09-04T11:57:29.924+0000] {local_task_job_runner.py:228} INFO - Task exited with return code 0
[2023-09-04T11:57:29.977+0000] {taskinstance.py:2784} INFO - 1 downstream tasks scheduled from follow-on schedule check
