[2023-09-04T06:01:25.092+0000] {taskinstance.py:1159} INFO - Dependencies all met for dep_context=non-requeueable deps ti=<TaskInstance: dag_with_postgres_operator_v04.delete_data_from_table scheduled__2022-01-14T00:00:00+00:00 [queued]>
[2023-09-04T06:01:25.109+0000] {taskinstance.py:1159} INFO - Dependencies all met for dep_context=requeueable deps ti=<TaskInstance: dag_with_postgres_operator_v04.delete_data_from_table scheduled__2022-01-14T00:00:00+00:00 [queued]>
[2023-09-04T06:01:25.109+0000] {taskinstance.py:1361} INFO - Starting attempt 1 of 6
[2023-09-04T06:01:25.136+0000] {taskinstance.py:1382} INFO - Executing <Task(PostgresOperator): delete_data_from_table> on 2022-01-14 00:00:00+00:00
[2023-09-04T06:01:25.146+0000] {standard_task_runner.py:57} INFO - Started process 4819 to run task
[2023-09-04T06:01:25.149+0000] {standard_task_runner.py:84} INFO - Running: ['***', 'tasks', 'run', 'dag_with_postgres_operator_v04', 'delete_data_from_table', 'scheduled__2022-01-14T00:00:00+00:00', '--job-id', '214', '--raw', '--subdir', 'DAGS_FOLDER/dag_with_postgres_operator.py', '--cfg-path', '/tmp/tmp4nlao08l']
[2023-09-04T06:01:25.152+0000] {standard_task_runner.py:85} INFO - Job 214: Subtask delete_data_from_table
[2023-09-04T06:01:25.230+0000] {task_command.py:415} INFO - Running <TaskInstance: dag_with_postgres_operator_v04.delete_data_from_table scheduled__2022-01-14T00:00:00+00:00 [running]> on host 10bdc2e98230
[2023-09-04T06:01:25.368+0000] {taskinstance.py:1660} INFO - Exporting env vars: AIRFLOW_CTX_DAG_OWNER='coder2j' AIRFLOW_CTX_DAG_ID='dag_with_postgres_operator_v04' AIRFLOW_CTX_TASK_ID='delete_data_from_table' AIRFLOW_CTX_EXECUTION_DATE='2022-01-14T00:00:00+00:00' AIRFLOW_CTX_TRY_NUMBER='1' AIRFLOW_CTX_DAG_RUN_ID='scheduled__2022-01-14T00:00:00+00:00'
[2023-09-04T06:01:25.371+0000] {sql.py:274} INFO - Executing: 
            delete from dag_runs where dt = '2022-01-14' and dag_id = 'dag_with_postgres_operator_v04';
        
[2023-09-04T06:01:25.386+0000] {base.py:73} INFO - Using connection ID 'postgres_localhost' for task execution.
[2023-09-04T06:01:25.399+0000] {base.py:73} INFO - Using connection ID 'postgres_localhost' for task execution.
[2023-09-04T06:01:25.415+0000] {sql.py:418} INFO - Running statement: 
            delete from dag_runs where dt = '2022-01-14' and dag_id = 'dag_with_postgres_operator_v04';
        , parameters: None
[2023-09-04T06:01:25.421+0000] {sql.py:427} INFO - Rows affected: 0
[2023-09-04T06:01:25.441+0000] {taskinstance.py:1400} INFO - Marking task as SUCCESS. dag_id=dag_with_postgres_operator_v04, task_id=delete_data_from_table, execution_date=20220114T000000, start_date=20230904T060125, end_date=20230904T060125
[2023-09-04T06:01:25.483+0000] {local_task_job_runner.py:228} INFO - Task exited with return code 0
[2023-09-04T06:01:25.515+0000] {taskinstance.py:2784} INFO - 1 downstream tasks scheduled from follow-on schedule check
[2023-09-04T06:04:11.538+0000] {taskinstance.py:1159} INFO - Dependencies all met for dep_context=non-requeueable deps ti=<TaskInstance: dag_with_postgres_operator_v04.delete_data_from_table scheduled__2022-01-14T00:00:00+00:00 [queued]>
[2023-09-04T06:04:11.568+0000] {taskinstance.py:1159} INFO - Dependencies all met for dep_context=requeueable deps ti=<TaskInstance: dag_with_postgres_operator_v04.delete_data_from_table scheduled__2022-01-14T00:00:00+00:00 [queued]>
[2023-09-04T06:04:11.569+0000] {taskinstance.py:1361} INFO - Starting attempt 1 of 6
[2023-09-04T06:04:11.614+0000] {taskinstance.py:1382} INFO - Executing <Task(PostgresOperator): delete_data_from_table> on 2022-01-14 00:00:00+00:00
[2023-09-04T06:04:11.626+0000] {standard_task_runner.py:57} INFO - Started process 6095 to run task
[2023-09-04T06:04:11.632+0000] {standard_task_runner.py:84} INFO - Running: ['***', 'tasks', 'run', 'dag_with_postgres_operator_v04', 'delete_data_from_table', 'scheduled__2022-01-14T00:00:00+00:00', '--job-id', '752', '--raw', '--subdir', 'DAGS_FOLDER/dag_with_postgres_operator.py', '--cfg-path', '/tmp/tmpxi8r2tx5']
[2023-09-04T06:04:11.637+0000] {standard_task_runner.py:85} INFO - Job 752: Subtask delete_data_from_table
[2023-09-04T06:04:11.743+0000] {task_command.py:415} INFO - Running <TaskInstance: dag_with_postgres_operator_v04.delete_data_from_table scheduled__2022-01-14T00:00:00+00:00 [running]> on host 10bdc2e98230
[2023-09-04T06:04:11.986+0000] {taskinstance.py:1660} INFO - Exporting env vars: AIRFLOW_CTX_DAG_OWNER='mohghaff' AIRFLOW_CTX_DAG_ID='dag_with_postgres_operator_v04' AIRFLOW_CTX_TASK_ID='delete_data_from_table' AIRFLOW_CTX_EXECUTION_DATE='2022-01-14T00:00:00+00:00' AIRFLOW_CTX_TRY_NUMBER='1' AIRFLOW_CTX_DAG_RUN_ID='scheduled__2022-01-14T00:00:00+00:00'
[2023-09-04T06:04:11.988+0000] {sql.py:274} INFO - Executing: 
            delete from dag_runs where dt = '2022-01-14' and dag_id = 'dag_with_postgres_operator_v04';
        
[2023-09-04T06:04:12.007+0000] {base.py:73} INFO - Using connection ID 'postgres_localhost' for task execution.
[2023-09-04T06:04:12.029+0000] {base.py:73} INFO - Using connection ID 'postgres_localhost' for task execution.
[2023-09-04T06:04:12.056+0000] {sql.py:418} INFO - Running statement: 
            delete from dag_runs where dt = '2022-01-14' and dag_id = 'dag_with_postgres_operator_v04';
        , parameters: None
[2023-09-04T06:04:12.066+0000] {sql.py:427} INFO - Rows affected: 1
[2023-09-04T06:04:12.095+0000] {taskinstance.py:1400} INFO - Marking task as SUCCESS. dag_id=dag_with_postgres_operator_v04, task_id=delete_data_from_table, execution_date=20220114T000000, start_date=20230904T060411, end_date=20230904T060412
[2023-09-04T06:04:12.148+0000] {local_task_job_runner.py:228} INFO - Task exited with return code 0
[2023-09-04T06:04:12.198+0000] {taskinstance.py:2784} INFO - 1 downstream tasks scheduled from follow-on schedule check
