[2023-09-04T06:02:59.061+0000] {taskinstance.py:1159} INFO - Dependencies all met for dep_context=non-requeueable deps ti=<TaskInstance: dag_with_postgres_operator_v04.delete_data_from_table scheduled__2022-05-11T00:00:00+00:00 [queued]>
[2023-09-04T06:02:59.070+0000] {taskinstance.py:1159} INFO - Dependencies all met for dep_context=requeueable deps ti=<TaskInstance: dag_with_postgres_operator_v04.delete_data_from_table scheduled__2022-05-11T00:00:00+00:00 [queued]>
[2023-09-04T06:02:59.070+0000] {taskinstance.py:1361} INFO - Starting attempt 1 of 6
[2023-09-04T06:02:59.085+0000] {taskinstance.py:1382} INFO - Executing <Task(PostgresOperator): delete_data_from_table> on 2022-05-11 00:00:00+00:00
[2023-09-04T06:02:59.092+0000] {standard_task_runner.py:57} INFO - Started process 5616 to run task
[2023-09-04T06:02:59.095+0000] {standard_task_runner.py:84} INFO - Running: ['***', 'tasks', 'run', 'dag_with_postgres_operator_v04', 'delete_data_from_table', 'scheduled__2022-05-11T00:00:00+00:00', '--job-id', '557', '--raw', '--subdir', 'DAGS_FOLDER/dag_with_postgres_operator.py', '--cfg-path', '/tmp/tmp3jav80gz']
[2023-09-04T06:02:59.097+0000] {standard_task_runner.py:85} INFO - Job 557: Subtask delete_data_from_table
[2023-09-04T06:02:59.150+0000] {task_command.py:415} INFO - Running <TaskInstance: dag_with_postgres_operator_v04.delete_data_from_table scheduled__2022-05-11T00:00:00+00:00 [running]> on host 10bdc2e98230
[2023-09-04T06:02:59.250+0000] {taskinstance.py:1660} INFO - Exporting env vars: AIRFLOW_CTX_DAG_OWNER='coder2j' AIRFLOW_CTX_DAG_ID='dag_with_postgres_operator_v04' AIRFLOW_CTX_TASK_ID='delete_data_from_table' AIRFLOW_CTX_EXECUTION_DATE='2022-05-11T00:00:00+00:00' AIRFLOW_CTX_TRY_NUMBER='1' AIRFLOW_CTX_DAG_RUN_ID='scheduled__2022-05-11T00:00:00+00:00'
[2023-09-04T06:02:59.252+0000] {sql.py:274} INFO - Executing: 
            delete from dag_runs where dt = '2022-05-11' and dag_id = 'dag_with_postgres_operator_v04';
        
[2023-09-04T06:02:59.262+0000] {base.py:73} INFO - Using connection ID 'postgres_localhost' for task execution.
[2023-09-04T06:02:59.272+0000] {base.py:73} INFO - Using connection ID 'postgres_localhost' for task execution.
[2023-09-04T06:02:59.282+0000] {sql.py:418} INFO - Running statement: 
            delete from dag_runs where dt = '2022-05-11' and dag_id = 'dag_with_postgres_operator_v04';
        , parameters: None
[2023-09-04T06:02:59.285+0000] {sql.py:427} INFO - Rows affected: 0
[2023-09-04T06:02:59.298+0000] {taskinstance.py:1400} INFO - Marking task as SUCCESS. dag_id=dag_with_postgres_operator_v04, task_id=delete_data_from_table, execution_date=20220511T000000, start_date=20230904T060259, end_date=20230904T060259
[2023-09-04T06:02:59.348+0000] {local_task_job_runner.py:228} INFO - Task exited with return code 0
[2023-09-04T06:02:59.367+0000] {taskinstance.py:2784} INFO - 1 downstream tasks scheduled from follow-on schedule check
[2023-09-04T06:05:45.997+0000] {taskinstance.py:1159} INFO - Dependencies all met for dep_context=non-requeueable deps ti=<TaskInstance: dag_with_postgres_operator_v04.delete_data_from_table scheduled__2022-05-11T00:00:00+00:00 [queued]>
[2023-09-04T06:05:46.014+0000] {taskinstance.py:1159} INFO - Dependencies all met for dep_context=requeueable deps ti=<TaskInstance: dag_with_postgres_operator_v04.delete_data_from_table scheduled__2022-05-11T00:00:00+00:00 [queued]>
[2023-09-04T06:05:46.015+0000] {taskinstance.py:1361} INFO - Starting attempt 1 of 6
[2023-09-04T06:05:46.039+0000] {taskinstance.py:1382} INFO - Executing <Task(PostgresOperator): delete_data_from_table> on 2022-05-11 00:00:00+00:00
[2023-09-04T06:05:46.048+0000] {standard_task_runner.py:57} INFO - Started process 6907 to run task
[2023-09-04T06:05:46.055+0000] {standard_task_runner.py:84} INFO - Running: ['***', 'tasks', 'run', 'dag_with_postgres_operator_v04', 'delete_data_from_table', 'scheduled__2022-05-11T00:00:00+00:00', '--job-id', '1105', '--raw', '--subdir', 'DAGS_FOLDER/dag_with_postgres_operator.py', '--cfg-path', '/tmp/tmppzuxda6i']
[2023-09-04T06:05:46.058+0000] {standard_task_runner.py:85} INFO - Job 1105: Subtask delete_data_from_table
[2023-09-04T06:05:46.146+0000] {task_command.py:415} INFO - Running <TaskInstance: dag_with_postgres_operator_v04.delete_data_from_table scheduled__2022-05-11T00:00:00+00:00 [running]> on host 10bdc2e98230
[2023-09-04T06:05:46.287+0000] {taskinstance.py:1660} INFO - Exporting env vars: AIRFLOW_CTX_DAG_OWNER='mohghaff' AIRFLOW_CTX_DAG_ID='dag_with_postgres_operator_v04' AIRFLOW_CTX_TASK_ID='delete_data_from_table' AIRFLOW_CTX_EXECUTION_DATE='2022-05-11T00:00:00+00:00' AIRFLOW_CTX_TRY_NUMBER='1' AIRFLOW_CTX_DAG_RUN_ID='scheduled__2022-05-11T00:00:00+00:00'
[2023-09-04T06:05:46.289+0000] {sql.py:274} INFO - Executing: 
            delete from dag_runs where dt = '2022-05-11' and dag_id = 'dag_with_postgres_operator_v04';
        
[2023-09-04T06:05:46.300+0000] {base.py:73} INFO - Using connection ID 'postgres_localhost' for task execution.
[2023-09-04T06:05:46.310+0000] {base.py:73} INFO - Using connection ID 'postgres_localhost' for task execution.
[2023-09-04T06:05:46.326+0000] {sql.py:418} INFO - Running statement: 
            delete from dag_runs where dt = '2022-05-11' and dag_id = 'dag_with_postgres_operator_v04';
        , parameters: None
[2023-09-04T06:05:46.331+0000] {sql.py:427} INFO - Rows affected: 1
[2023-09-04T06:05:46.348+0000] {taskinstance.py:1400} INFO - Marking task as SUCCESS. dag_id=dag_with_postgres_operator_v04, task_id=delete_data_from_table, execution_date=20220511T000000, start_date=20230904T060545, end_date=20230904T060546
[2023-09-04T06:05:46.384+0000] {local_task_job_runner.py:228} INFO - Task exited with return code 0
[2023-09-04T06:05:46.411+0000] {taskinstance.py:2784} INFO - 1 downstream tasks scheduled from follow-on schedule check
