[2023-09-04T06:02:20.596+0000] {taskinstance.py:1159} INFO - Dependencies all met for dep_context=non-requeueable deps ti=<TaskInstance: dag_with_postgres_operator_v04.delete_data_from_table scheduled__2022-03-18T00:00:00+00:00 [queued]>
[2023-09-04T06:02:20.615+0000] {taskinstance.py:1159} INFO - Dependencies all met for dep_context=requeueable deps ti=<TaskInstance: dag_with_postgres_operator_v04.delete_data_from_table scheduled__2022-03-18T00:00:00+00:00 [queued]>
[2023-09-04T06:02:20.616+0000] {taskinstance.py:1361} INFO - Starting attempt 1 of 6
[2023-09-04T06:02:20.643+0000] {taskinstance.py:1382} INFO - Executing <Task(PostgresOperator): delete_data_from_table> on 2022-03-18 00:00:00+00:00
[2023-09-04T06:02:20.654+0000] {standard_task_runner.py:57} INFO - Started process 5260 to run task
[2023-09-04T06:02:20.659+0000] {standard_task_runner.py:84} INFO - Running: ['***', 'tasks', 'run', 'dag_with_postgres_operator_v04', 'delete_data_from_table', 'scheduled__2022-03-18T00:00:00+00:00', '--job-id', '407', '--raw', '--subdir', 'DAGS_FOLDER/dag_with_postgres_operator.py', '--cfg-path', '/tmp/tmp_unx1p1h']
[2023-09-04T06:02:20.663+0000] {standard_task_runner.py:85} INFO - Job 407: Subtask delete_data_from_table
[2023-09-04T06:02:20.753+0000] {task_command.py:415} INFO - Running <TaskInstance: dag_with_postgres_operator_v04.delete_data_from_table scheduled__2022-03-18T00:00:00+00:00 [running]> on host 10bdc2e98230
[2023-09-04T06:02:20.918+0000] {taskinstance.py:1660} INFO - Exporting env vars: AIRFLOW_CTX_DAG_OWNER='coder2j' AIRFLOW_CTX_DAG_ID='dag_with_postgres_operator_v04' AIRFLOW_CTX_TASK_ID='delete_data_from_table' AIRFLOW_CTX_EXECUTION_DATE='2022-03-18T00:00:00+00:00' AIRFLOW_CTX_TRY_NUMBER='1' AIRFLOW_CTX_DAG_RUN_ID='scheduled__2022-03-18T00:00:00+00:00'
[2023-09-04T06:02:20.920+0000] {sql.py:274} INFO - Executing: 
            delete from dag_runs where dt = '2022-03-18' and dag_id = 'dag_with_postgres_operator_v04';
        
[2023-09-04T06:02:20.935+0000] {base.py:73} INFO - Using connection ID 'postgres_localhost' for task execution.
[2023-09-04T06:02:20.949+0000] {base.py:73} INFO - Using connection ID 'postgres_localhost' for task execution.
[2023-09-04T06:02:20.966+0000] {sql.py:418} INFO - Running statement: 
            delete from dag_runs where dt = '2022-03-18' and dag_id = 'dag_with_postgres_operator_v04';
        , parameters: None
[2023-09-04T06:02:20.972+0000] {sql.py:427} INFO - Rows affected: 0
[2023-09-04T06:02:20.992+0000] {taskinstance.py:1400} INFO - Marking task as SUCCESS. dag_id=dag_with_postgres_operator_v04, task_id=delete_data_from_table, execution_date=20220318T000000, start_date=20230904T060220, end_date=20230904T060220
[2023-09-04T06:02:21.036+0000] {local_task_job_runner.py:228} INFO - Task exited with return code 0
[2023-09-04T06:02:21.104+0000] {taskinstance.py:2784} INFO - 1 downstream tasks scheduled from follow-on schedule check
[2023-09-04T06:05:00.343+0000] {taskinstance.py:1159} INFO - Dependencies all met for dep_context=non-requeueable deps ti=<TaskInstance: dag_with_postgres_operator_v04.delete_data_from_table scheduled__2022-03-18T00:00:00+00:00 [queued]>
[2023-09-04T06:05:00.371+0000] {taskinstance.py:1159} INFO - Dependencies all met for dep_context=requeueable deps ti=<TaskInstance: dag_with_postgres_operator_v04.delete_data_from_table scheduled__2022-03-18T00:00:00+00:00 [queued]>
[2023-09-04T06:05:00.371+0000] {taskinstance.py:1361} INFO - Starting attempt 1 of 6
[2023-09-04T06:05:00.420+0000] {taskinstance.py:1382} INFO - Executing <Task(PostgresOperator): delete_data_from_table> on 2022-03-18 00:00:00+00:00
[2023-09-04T06:05:00.432+0000] {standard_task_runner.py:57} INFO - Started process 6541 to run task
[2023-09-04T06:05:00.438+0000] {standard_task_runner.py:84} INFO - Running: ['***', 'tasks', 'run', 'dag_with_postgres_operator_v04', 'delete_data_from_table', 'scheduled__2022-03-18T00:00:00+00:00', '--job-id', '942', '--raw', '--subdir', 'DAGS_FOLDER/dag_with_postgres_operator.py', '--cfg-path', '/tmp/tmpjrtl96jy']
[2023-09-04T06:05:00.462+0000] {standard_task_runner.py:85} INFO - Job 942: Subtask delete_data_from_table
[2023-09-04T06:05:00.611+0000] {task_command.py:415} INFO - Running <TaskInstance: dag_with_postgres_operator_v04.delete_data_from_table scheduled__2022-03-18T00:00:00+00:00 [running]> on host 10bdc2e98230
[2023-09-04T06:05:00.902+0000] {taskinstance.py:1660} INFO - Exporting env vars: AIRFLOW_CTX_DAG_OWNER='mohghaff' AIRFLOW_CTX_DAG_ID='dag_with_postgres_operator_v04' AIRFLOW_CTX_TASK_ID='delete_data_from_table' AIRFLOW_CTX_EXECUTION_DATE='2022-03-18T00:00:00+00:00' AIRFLOW_CTX_TRY_NUMBER='1' AIRFLOW_CTX_DAG_RUN_ID='scheduled__2022-03-18T00:00:00+00:00'
[2023-09-04T06:05:00.906+0000] {sql.py:274} INFO - Executing: 
            delete from dag_runs where dt = '2022-03-18' and dag_id = 'dag_with_postgres_operator_v04';
        
[2023-09-04T06:05:00.935+0000] {base.py:73} INFO - Using connection ID 'postgres_localhost' for task execution.
[2023-09-04T06:05:00.961+0000] {base.py:73} INFO - Using connection ID 'postgres_localhost' for task execution.
[2023-09-04T06:05:01.005+0000] {sql.py:418} INFO - Running statement: 
            delete from dag_runs where dt = '2022-03-18' and dag_id = 'dag_with_postgres_operator_v04';
        , parameters: None
[2023-09-04T06:05:01.018+0000] {sql.py:427} INFO - Rows affected: 1
[2023-09-04T06:05:01.075+0000] {taskinstance.py:1400} INFO - Marking task as SUCCESS. dag_id=dag_with_postgres_operator_v04, task_id=delete_data_from_table, execution_date=20220318T000000, start_date=20230904T060500, end_date=20230904T060501
[2023-09-04T06:05:01.150+0000] {local_task_job_runner.py:228} INFO - Task exited with return code 0
[2023-09-04T06:05:01.217+0000] {taskinstance.py:2784} INFO - 1 downstream tasks scheduled from follow-on schedule check
