[2023-09-04T06:11:19.004+0000] {taskinstance.py:1159} INFO - Dependencies all met for dep_context=non-requeueable deps ti=<TaskInstance: dag_with_postgres_operator_v04.delete_data_from_table scheduled__2023-07-11T00:00:00+00:00 [queued]>
[2023-09-04T06:11:19.026+0000] {taskinstance.py:1159} INFO - Dependencies all met for dep_context=requeueable deps ti=<TaskInstance: dag_with_postgres_operator_v04.delete_data_from_table scheduled__2023-07-11T00:00:00+00:00 [queued]>
[2023-09-04T06:11:19.027+0000] {taskinstance.py:1361} INFO - Starting attempt 1 of 6
[2023-09-04T06:11:19.169+0000] {taskinstance.py:1382} INFO - Executing <Task(PostgresOperator): delete_data_from_table> on 2023-07-11 00:00:00+00:00
[2023-09-04T06:11:19.180+0000] {standard_task_runner.py:57} INFO - Started process 9874 to run task
[2023-09-04T06:11:19.184+0000] {standard_task_runner.py:84} INFO - Running: ['***', 'tasks', 'run', 'dag_with_postgres_operator_v04', 'delete_data_from_table', 'scheduled__2023-07-11T00:00:00+00:00', '--job-id', '2386', '--raw', '--subdir', 'DAGS_FOLDER/dag_with_postgres_operator.py', '--cfg-path', '/tmp/tmpk3dad75y']
[2023-09-04T06:11:19.188+0000] {standard_task_runner.py:85} INFO - Job 2386: Subtask delete_data_from_table
[2023-09-04T06:11:19.410+0000] {task_command.py:415} INFO - Running <TaskInstance: dag_with_postgres_operator_v04.delete_data_from_table scheduled__2023-07-11T00:00:00+00:00 [running]> on host 10bdc2e98230
[2023-09-04T06:11:19.681+0000] {taskinstance.py:1660} INFO - Exporting env vars: AIRFLOW_CTX_DAG_OWNER='mohghaff' AIRFLOW_CTX_DAG_ID='dag_with_postgres_operator_v04' AIRFLOW_CTX_TASK_ID='delete_data_from_table' AIRFLOW_CTX_EXECUTION_DATE='2023-07-11T00:00:00+00:00' AIRFLOW_CTX_TRY_NUMBER='1' AIRFLOW_CTX_DAG_RUN_ID='scheduled__2023-07-11T00:00:00+00:00'
[2023-09-04T06:11:19.682+0000] {sql.py:274} INFO - Executing: 
            delete from dag_runs where dt = '2023-07-11' and dag_id = 'dag_with_postgres_operator_v04';
        
[2023-09-04T06:11:19.711+0000] {base.py:73} INFO - Using connection ID 'postgres_localhost' for task execution.
[2023-09-04T06:11:19.730+0000] {base.py:73} INFO - Using connection ID 'postgres_localhost' for task execution.
[2023-09-04T06:11:19.751+0000] {sql.py:418} INFO - Running statement: 
            delete from dag_runs where dt = '2023-07-11' and dag_id = 'dag_with_postgres_operator_v04';
        , parameters: None
[2023-09-04T06:11:19.759+0000] {sql.py:427} INFO - Rows affected: 0
[2023-09-04T06:11:19.777+0000] {taskinstance.py:1400} INFO - Marking task as SUCCESS. dag_id=dag_with_postgres_operator_v04, task_id=delete_data_from_table, execution_date=20230711T000000, start_date=20230904T061119, end_date=20230904T061119
[2023-09-04T06:11:19.962+0000] {local_task_job_runner.py:228} INFO - Task exited with return code 0
[2023-09-04T06:11:20.020+0000] {taskinstance.py:2784} INFO - 1 downstream tasks scheduled from follow-on schedule check
