[2023-09-04T06:02:31.558+0000] {taskinstance.py:1159} INFO - Dependencies all met for dep_context=non-requeueable deps ti=<TaskInstance: dag_with_postgres_operator_v04.delete_data_from_table scheduled__2022-04-04T00:00:00+00:00 [queued]>
[2023-09-04T06:02:31.573+0000] {taskinstance.py:1159} INFO - Dependencies all met for dep_context=requeueable deps ti=<TaskInstance: dag_with_postgres_operator_v04.delete_data_from_table scheduled__2022-04-04T00:00:00+00:00 [queued]>
[2023-09-04T06:02:31.573+0000] {taskinstance.py:1361} INFO - Starting attempt 1 of 6
[2023-09-04T06:02:31.594+0000] {taskinstance.py:1382} INFO - Executing <Task(PostgresOperator): delete_data_from_table> on 2022-04-04 00:00:00+00:00
[2023-09-04T06:02:31.601+0000] {standard_task_runner.py:57} INFO - Started process 5358 to run task
[2023-09-04T06:02:31.605+0000] {standard_task_runner.py:84} INFO - Running: ['***', 'tasks', 'run', 'dag_with_postgres_operator_v04', 'delete_data_from_table', 'scheduled__2022-04-04T00:00:00+00:00', '--job-id', '448', '--raw', '--subdir', 'DAGS_FOLDER/dag_with_postgres_operator.py', '--cfg-path', '/tmp/tmp9htij9ob']
[2023-09-04T06:02:31.609+0000] {standard_task_runner.py:85} INFO - Job 448: Subtask delete_data_from_table
[2023-09-04T06:02:31.681+0000] {task_command.py:415} INFO - Running <TaskInstance: dag_with_postgres_operator_v04.delete_data_from_table scheduled__2022-04-04T00:00:00+00:00 [running]> on host 10bdc2e98230
[2023-09-04T06:02:31.835+0000] {taskinstance.py:1660} INFO - Exporting env vars: AIRFLOW_CTX_DAG_OWNER='coder2j' AIRFLOW_CTX_DAG_ID='dag_with_postgres_operator_v04' AIRFLOW_CTX_TASK_ID='delete_data_from_table' AIRFLOW_CTX_EXECUTION_DATE='2022-04-04T00:00:00+00:00' AIRFLOW_CTX_TRY_NUMBER='1' AIRFLOW_CTX_DAG_RUN_ID='scheduled__2022-04-04T00:00:00+00:00'
[2023-09-04T06:02:31.840+0000] {sql.py:274} INFO - Executing: 
            delete from dag_runs where dt = '2022-04-04' and dag_id = 'dag_with_postgres_operator_v04';
        
[2023-09-04T06:02:31.873+0000] {base.py:73} INFO - Using connection ID 'postgres_localhost' for task execution.
[2023-09-04T06:02:31.900+0000] {base.py:73} INFO - Using connection ID 'postgres_localhost' for task execution.
[2023-09-04T06:02:31.931+0000] {sql.py:418} INFO - Running statement: 
            delete from dag_runs where dt = '2022-04-04' and dag_id = 'dag_with_postgres_operator_v04';
        , parameters: None
[2023-09-04T06:02:31.940+0000] {sql.py:427} INFO - Rows affected: 0
[2023-09-04T06:02:31.969+0000] {taskinstance.py:1400} INFO - Marking task as SUCCESS. dag_id=dag_with_postgres_operator_v04, task_id=delete_data_from_table, execution_date=20220404T000000, start_date=20230904T060231, end_date=20230904T060231
[2023-09-04T06:02:32.306+0000] {local_task_job_runner.py:228} INFO - Task exited with return code 0
[2023-09-04T06:02:32.338+0000] {taskinstance.py:2784} INFO - 1 downstream tasks scheduled from follow-on schedule check
[2023-09-04T06:05:14.243+0000] {taskinstance.py:1159} INFO - Dependencies all met for dep_context=non-requeueable deps ti=<TaskInstance: dag_with_postgres_operator_v04.delete_data_from_table scheduled__2022-04-04T00:00:00+00:00 [queued]>
[2023-09-04T06:05:14.300+0000] {taskinstance.py:1159} INFO - Dependencies all met for dep_context=requeueable deps ti=<TaskInstance: dag_with_postgres_operator_v04.delete_data_from_table scheduled__2022-04-04T00:00:00+00:00 [queued]>
[2023-09-04T06:05:14.304+0000] {taskinstance.py:1361} INFO - Starting attempt 1 of 6
[2023-09-04T06:05:14.723+0000] {taskinstance.py:1382} INFO - Executing <Task(PostgresOperator): delete_data_from_table> on 2022-04-04 00:00:00+00:00
[2023-09-04T06:05:14.735+0000] {standard_task_runner.py:57} INFO - Started process 6649 to run task
[2023-09-04T06:05:14.742+0000] {standard_task_runner.py:84} INFO - Running: ['***', 'tasks', 'run', 'dag_with_postgres_operator_v04', 'delete_data_from_table', 'scheduled__2022-04-04T00:00:00+00:00', '--job-id', '990', '--raw', '--subdir', 'DAGS_FOLDER/dag_with_postgres_operator.py', '--cfg-path', '/tmp/tmpbiyycoz8']
[2023-09-04T06:05:14.748+0000] {standard_task_runner.py:85} INFO - Job 990: Subtask delete_data_from_table
[2023-09-04T06:05:14.922+0000] {task_command.py:415} INFO - Running <TaskInstance: dag_with_postgres_operator_v04.delete_data_from_table scheduled__2022-04-04T00:00:00+00:00 [running]> on host 10bdc2e98230
[2023-09-04T06:05:15.188+0000] {taskinstance.py:1660} INFO - Exporting env vars: AIRFLOW_CTX_DAG_OWNER='mohghaff' AIRFLOW_CTX_DAG_ID='dag_with_postgres_operator_v04' AIRFLOW_CTX_TASK_ID='delete_data_from_table' AIRFLOW_CTX_EXECUTION_DATE='2022-04-04T00:00:00+00:00' AIRFLOW_CTX_TRY_NUMBER='1' AIRFLOW_CTX_DAG_RUN_ID='scheduled__2022-04-04T00:00:00+00:00'
[2023-09-04T06:05:15.190+0000] {sql.py:274} INFO - Executing: 
            delete from dag_runs where dt = '2022-04-04' and dag_id = 'dag_with_postgres_operator_v04';
        
[2023-09-04T06:05:15.211+0000] {base.py:73} INFO - Using connection ID 'postgres_localhost' for task execution.
[2023-09-04T06:05:15.230+0000] {base.py:73} INFO - Using connection ID 'postgres_localhost' for task execution.
[2023-09-04T06:05:15.261+0000] {sql.py:418} INFO - Running statement: 
            delete from dag_runs where dt = '2022-04-04' and dag_id = 'dag_with_postgres_operator_v04';
        , parameters: None
[2023-09-04T06:05:15.274+0000] {sql.py:427} INFO - Rows affected: 1
[2023-09-04T06:05:15.313+0000] {taskinstance.py:1400} INFO - Marking task as SUCCESS. dag_id=dag_with_postgres_operator_v04, task_id=delete_data_from_table, execution_date=20220404T000000, start_date=20230904T060514, end_date=20230904T060515
[2023-09-04T06:05:15.369+0000] {local_task_job_runner.py:228} INFO - Task exited with return code 0
[2023-09-04T06:05:15.440+0000] {taskinstance.py:2784} INFO - 1 downstream tasks scheduled from follow-on schedule check
