[2023-09-04T06:02:50.854+0000] {taskinstance.py:1159} INFO - Dependencies all met for dep_context=non-requeueable deps ti=<TaskInstance: dag_with_postgres_operator_v04.insert_into_table scheduled__2022-04-20T00:00:00+00:00 [queued]>
[2023-09-04T06:02:50.869+0000] {taskinstance.py:1159} INFO - Dependencies all met for dep_context=requeueable deps ti=<TaskInstance: dag_with_postgres_operator_v04.insert_into_table scheduled__2022-04-20T00:00:00+00:00 [queued]>
[2023-09-04T06:02:50.869+0000] {taskinstance.py:1361} INFO - Starting attempt 1 of 6
[2023-09-04T06:02:50.893+0000] {taskinstance.py:1382} INFO - Executing <Task(PostgresOperator): insert_into_table> on 2022-04-20 00:00:00+00:00
[2023-09-04T06:02:50.905+0000] {standard_task_runner.py:57} INFO - Started process 5517 to run task
[2023-09-04T06:02:50.915+0000] {standard_task_runner.py:84} INFO - Running: ['***', 'tasks', 'run', 'dag_with_postgres_operator_v04', 'insert_into_table', 'scheduled__2022-04-20T00:00:00+00:00', '--job-id', '522', '--raw', '--subdir', 'DAGS_FOLDER/dag_with_postgres_operator.py', '--cfg-path', '/tmp/tmpmakux_h4']
[2023-09-04T06:02:50.921+0000] {standard_task_runner.py:85} INFO - Job 522: Subtask insert_into_table
[2023-09-04T06:02:51.044+0000] {task_command.py:415} INFO - Running <TaskInstance: dag_with_postgres_operator_v04.insert_into_table scheduled__2022-04-20T00:00:00+00:00 [running]> on host 10bdc2e98230
[2023-09-04T06:02:51.232+0000] {taskinstance.py:1660} INFO - Exporting env vars: AIRFLOW_CTX_DAG_OWNER='coder2j' AIRFLOW_CTX_DAG_ID='dag_with_postgres_operator_v04' AIRFLOW_CTX_TASK_ID='insert_into_table' AIRFLOW_CTX_EXECUTION_DATE='2022-04-20T00:00:00+00:00' AIRFLOW_CTX_TRY_NUMBER='1' AIRFLOW_CTX_DAG_RUN_ID='scheduled__2022-04-20T00:00:00+00:00'
[2023-09-04T06:02:51.234+0000] {sql.py:274} INFO - Executing: 
            insert into dag_runs (dt, dag_id) values ('2022-04-20', 'dag_with_postgres_operator_v04')
        
[2023-09-04T06:02:51.251+0000] {base.py:73} INFO - Using connection ID 'postgres_localhost' for task execution.
[2023-09-04T06:02:51.268+0000] {base.py:73} INFO - Using connection ID 'postgres_localhost' for task execution.
[2023-09-04T06:02:51.284+0000] {sql.py:418} INFO - Running statement: 
            insert into dag_runs (dt, dag_id) values ('2022-04-20', 'dag_with_postgres_operator_v04')
        , parameters: None
[2023-09-04T06:02:51.289+0000] {sql.py:427} INFO - Rows affected: 1
[2023-09-04T06:02:51.312+0000] {taskinstance.py:1400} INFO - Marking task as SUCCESS. dag_id=dag_with_postgres_operator_v04, task_id=insert_into_table, execution_date=20220420T000000, start_date=20230904T060250, end_date=20230904T060251
[2023-09-04T06:02:51.365+0000] {local_task_job_runner.py:228} INFO - Task exited with return code 0
[2023-09-04T06:02:51.499+0000] {taskinstance.py:2784} INFO - 0 downstream tasks scheduled from follow-on schedule check
[2023-09-04T06:05:30.573+0000] {taskinstance.py:1159} INFO - Dependencies all met for dep_context=non-requeueable deps ti=<TaskInstance: dag_with_postgres_operator_v04.insert_into_table scheduled__2022-04-20T00:00:00+00:00 [queued]>
[2023-09-04T06:05:30.591+0000] {taskinstance.py:1159} INFO - Dependencies all met for dep_context=requeueable deps ti=<TaskInstance: dag_with_postgres_operator_v04.insert_into_table scheduled__2022-04-20T00:00:00+00:00 [queued]>
[2023-09-04T06:05:30.592+0000] {taskinstance.py:1361} INFO - Starting attempt 1 of 6
[2023-09-04T06:05:30.618+0000] {taskinstance.py:1382} INFO - Executing <Task(PostgresOperator): insert_into_table> on 2022-04-20 00:00:00+00:00
[2023-09-04T06:05:30.629+0000] {standard_task_runner.py:57} INFO - Started process 6792 to run task
[2023-09-04T06:05:30.634+0000] {standard_task_runner.py:84} INFO - Running: ['***', 'tasks', 'run', 'dag_with_postgres_operator_v04', 'insert_into_table', 'scheduled__2022-04-20T00:00:00+00:00', '--job-id', '1054', '--raw', '--subdir', 'DAGS_FOLDER/dag_with_postgres_operator.py', '--cfg-path', '/tmp/tmpdft3f2l9']
[2023-09-04T06:05:30.637+0000] {standard_task_runner.py:85} INFO - Job 1054: Subtask insert_into_table
[2023-09-04T06:05:30.742+0000] {task_command.py:415} INFO - Running <TaskInstance: dag_with_postgres_operator_v04.insert_into_table scheduled__2022-04-20T00:00:00+00:00 [running]> on host 10bdc2e98230
[2023-09-04T06:05:30.981+0000] {taskinstance.py:1660} INFO - Exporting env vars: AIRFLOW_CTX_DAG_OWNER='mohghaff' AIRFLOW_CTX_DAG_ID='dag_with_postgres_operator_v04' AIRFLOW_CTX_TASK_ID='insert_into_table' AIRFLOW_CTX_EXECUTION_DATE='2022-04-20T00:00:00+00:00' AIRFLOW_CTX_TRY_NUMBER='1' AIRFLOW_CTX_DAG_RUN_ID='scheduled__2022-04-20T00:00:00+00:00'
[2023-09-04T06:05:30.983+0000] {sql.py:274} INFO - Executing: 
            insert into dag_runs (dt, dag_id) values ('2022-04-20', 'dag_with_postgres_operator_v04')
        
[2023-09-04T06:05:31.002+0000] {base.py:73} INFO - Using connection ID 'postgres_localhost' for task execution.
[2023-09-04T06:05:31.022+0000] {base.py:73} INFO - Using connection ID 'postgres_localhost' for task execution.
[2023-09-04T06:05:31.045+0000] {sql.py:418} INFO - Running statement: 
            insert into dag_runs (dt, dag_id) values ('2022-04-20', 'dag_with_postgres_operator_v04')
        , parameters: None
[2023-09-04T06:05:31.052+0000] {sql.py:427} INFO - Rows affected: 1
[2023-09-04T06:05:31.079+0000] {taskinstance.py:1400} INFO - Marking task as SUCCESS. dag_id=dag_with_postgres_operator_v04, task_id=insert_into_table, execution_date=20220420T000000, start_date=20230904T060530, end_date=20230904T060531
[2023-09-04T06:05:31.129+0000] {local_task_job_runner.py:228} INFO - Task exited with return code 0
[2023-09-04T06:05:31.234+0000] {taskinstance.py:2784} INFO - 0 downstream tasks scheduled from follow-on schedule check
