[2023-09-04T06:01:25.841+0000] {taskinstance.py:1159} INFO - Dependencies all met for dep_context=non-requeueable deps ti=<TaskInstance: dag_with_postgres_operator_v04.delete_data_from_table scheduled__2022-01-16T00:00:00+00:00 [queued]>
[2023-09-04T06:01:25.861+0000] {taskinstance.py:1159} INFO - Dependencies all met for dep_context=requeueable deps ti=<TaskInstance: dag_with_postgres_operator_v04.delete_data_from_table scheduled__2022-01-16T00:00:00+00:00 [queued]>
[2023-09-04T06:01:25.862+0000] {taskinstance.py:1361} INFO - Starting attempt 1 of 6
[2023-09-04T06:01:25.895+0000] {taskinstance.py:1382} INFO - Executing <Task(PostgresOperator): delete_data_from_table> on 2022-01-16 00:00:00+00:00
[2023-09-04T06:01:25.907+0000] {standard_task_runner.py:57} INFO - Started process 4829 to run task
[2023-09-04T06:01:25.911+0000] {standard_task_runner.py:84} INFO - Running: ['***', 'tasks', 'run', 'dag_with_postgres_operator_v04', 'delete_data_from_table', 'scheduled__2022-01-16T00:00:00+00:00', '--job-id', '217', '--raw', '--subdir', 'DAGS_FOLDER/dag_with_postgres_operator.py', '--cfg-path', '/tmp/tmp8w6s94cd']
[2023-09-04T06:01:25.916+0000] {standard_task_runner.py:85} INFO - Job 217: Subtask delete_data_from_table
[2023-09-04T06:01:25.997+0000] {task_command.py:415} INFO - Running <TaskInstance: dag_with_postgres_operator_v04.delete_data_from_table scheduled__2022-01-16T00:00:00+00:00 [running]> on host 10bdc2e98230
[2023-09-04T06:01:26.197+0000] {taskinstance.py:1660} INFO - Exporting env vars: AIRFLOW_CTX_DAG_OWNER='coder2j' AIRFLOW_CTX_DAG_ID='dag_with_postgres_operator_v04' AIRFLOW_CTX_TASK_ID='delete_data_from_table' AIRFLOW_CTX_EXECUTION_DATE='2022-01-16T00:00:00+00:00' AIRFLOW_CTX_TRY_NUMBER='1' AIRFLOW_CTX_DAG_RUN_ID='scheduled__2022-01-16T00:00:00+00:00'
[2023-09-04T06:01:26.199+0000] {sql.py:274} INFO - Executing: 
            delete from dag_runs where dt = '2022-01-16' and dag_id = 'dag_with_postgres_operator_v04';
        
[2023-09-04T06:01:26.219+0000] {base.py:73} INFO - Using connection ID 'postgres_localhost' for task execution.
[2023-09-04T06:01:26.238+0000] {base.py:73} INFO - Using connection ID 'postgres_localhost' for task execution.
[2023-09-04T06:01:26.258+0000] {sql.py:418} INFO - Running statement: 
            delete from dag_runs where dt = '2022-01-16' and dag_id = 'dag_with_postgres_operator_v04';
        , parameters: None
[2023-09-04T06:01:26.266+0000] {sql.py:427} INFO - Rows affected: 0
[2023-09-04T06:01:26.290+0000] {taskinstance.py:1400} INFO - Marking task as SUCCESS. dag_id=dag_with_postgres_operator_v04, task_id=delete_data_from_table, execution_date=20220116T000000, start_date=20230904T060125, end_date=20230904T060126
[2023-09-04T06:01:26.534+0000] {local_task_job_runner.py:228} INFO - Task exited with return code 0
[2023-09-04T06:01:26.575+0000] {taskinstance.py:2784} INFO - 1 downstream tasks scheduled from follow-on schedule check
[2023-09-04T06:04:12.348+0000] {taskinstance.py:1159} INFO - Dependencies all met for dep_context=non-requeueable deps ti=<TaskInstance: dag_with_postgres_operator_v04.delete_data_from_table scheduled__2022-01-16T00:00:00+00:00 [queued]>
[2023-09-04T06:04:12.367+0000] {taskinstance.py:1159} INFO - Dependencies all met for dep_context=requeueable deps ti=<TaskInstance: dag_with_postgres_operator_v04.delete_data_from_table scheduled__2022-01-16T00:00:00+00:00 [queued]>
[2023-09-04T06:04:12.368+0000] {taskinstance.py:1361} INFO - Starting attempt 1 of 6
[2023-09-04T06:04:12.397+0000] {taskinstance.py:1382} INFO - Executing <Task(PostgresOperator): delete_data_from_table> on 2022-01-16 00:00:00+00:00
[2023-09-04T06:04:12.405+0000] {standard_task_runner.py:57} INFO - Started process 6100 to run task
[2023-09-04T06:04:12.409+0000] {standard_task_runner.py:84} INFO - Running: ['***', 'tasks', 'run', 'dag_with_postgres_operator_v04', 'delete_data_from_table', 'scheduled__2022-01-16T00:00:00+00:00', '--job-id', '757', '--raw', '--subdir', 'DAGS_FOLDER/dag_with_postgres_operator.py', '--cfg-path', '/tmp/tmpzt_8ts0u']
[2023-09-04T06:04:12.413+0000] {standard_task_runner.py:85} INFO - Job 757: Subtask delete_data_from_table
[2023-09-04T06:04:12.487+0000] {task_command.py:415} INFO - Running <TaskInstance: dag_with_postgres_operator_v04.delete_data_from_table scheduled__2022-01-16T00:00:00+00:00 [running]> on host 10bdc2e98230
[2023-09-04T06:04:12.593+0000] {taskinstance.py:1660} INFO - Exporting env vars: AIRFLOW_CTX_DAG_OWNER='mohghaff' AIRFLOW_CTX_DAG_ID='dag_with_postgres_operator_v04' AIRFLOW_CTX_TASK_ID='delete_data_from_table' AIRFLOW_CTX_EXECUTION_DATE='2022-01-16T00:00:00+00:00' AIRFLOW_CTX_TRY_NUMBER='1' AIRFLOW_CTX_DAG_RUN_ID='scheduled__2022-01-16T00:00:00+00:00'
[2023-09-04T06:04:12.594+0000] {sql.py:274} INFO - Executing: 
            delete from dag_runs where dt = '2022-01-16' and dag_id = 'dag_with_postgres_operator_v04';
        
[2023-09-04T06:04:12.604+0000] {base.py:73} INFO - Using connection ID 'postgres_localhost' for task execution.
[2023-09-04T06:04:12.613+0000] {base.py:73} INFO - Using connection ID 'postgres_localhost' for task execution.
[2023-09-04T06:04:12.625+0000] {sql.py:418} INFO - Running statement: 
            delete from dag_runs where dt = '2022-01-16' and dag_id = 'dag_with_postgres_operator_v04';
        , parameters: None
[2023-09-04T06:04:12.630+0000] {sql.py:427} INFO - Rows affected: 1
[2023-09-04T06:04:12.646+0000] {taskinstance.py:1400} INFO - Marking task as SUCCESS. dag_id=dag_with_postgres_operator_v04, task_id=delete_data_from_table, execution_date=20220116T000000, start_date=20230904T060412, end_date=20230904T060412
[2023-09-04T06:04:12.702+0000] {local_task_job_runner.py:228} INFO - Task exited with return code 0
[2023-09-04T06:04:12.747+0000] {taskinstance.py:2784} INFO - 1 downstream tasks scheduled from follow-on schedule check
