[2023-09-04T06:01:52.423+0000] {taskinstance.py:1159} INFO - Dependencies all met for dep_context=non-requeueable deps ti=<TaskInstance: dag_with_postgres_operator_v04.create_postgres_table scheduled__2022-02-20T00:00:00+00:00 [queued]>
[2023-09-04T06:01:52.444+0000] {taskinstance.py:1159} INFO - Dependencies all met for dep_context=requeueable deps ti=<TaskInstance: dag_with_postgres_operator_v04.create_postgres_table scheduled__2022-02-20T00:00:00+00:00 [queued]>
[2023-09-04T06:01:52.444+0000] {taskinstance.py:1361} INFO - Starting attempt 1 of 6
[2023-09-04T06:01:52.469+0000] {taskinstance.py:1382} INFO - Executing <Task(PostgresOperator): create_postgres_table> on 2022-02-20 00:00:00+00:00
[2023-09-04T06:01:52.479+0000] {standard_task_runner.py:57} INFO - Started process 5044 to run task
[2023-09-04T06:01:52.483+0000] {standard_task_runner.py:84} INFO - Running: ['***', 'tasks', 'run', 'dag_with_postgres_operator_v04', 'create_postgres_table', 'scheduled__2022-02-20T00:00:00+00:00', '--job-id', '307', '--raw', '--subdir', 'DAGS_FOLDER/dag_with_postgres_operator.py', '--cfg-path', '/tmp/tmpul0tg23b']
[2023-09-04T06:01:52.485+0000] {standard_task_runner.py:85} INFO - Job 307: Subtask create_postgres_table
[2023-09-04T06:01:52.567+0000] {task_command.py:415} INFO - Running <TaskInstance: dag_with_postgres_operator_v04.create_postgres_table scheduled__2022-02-20T00:00:00+00:00 [running]> on host 10bdc2e98230
[2023-09-04T06:01:52.715+0000] {taskinstance.py:1660} INFO - Exporting env vars: AIRFLOW_CTX_DAG_OWNER='coder2j' AIRFLOW_CTX_DAG_ID='dag_with_postgres_operator_v04' AIRFLOW_CTX_TASK_ID='create_postgres_table' AIRFLOW_CTX_EXECUTION_DATE='2022-02-20T00:00:00+00:00' AIRFLOW_CTX_TRY_NUMBER='1' AIRFLOW_CTX_DAG_RUN_ID='scheduled__2022-02-20T00:00:00+00:00'
[2023-09-04T06:01:52.717+0000] {sql.py:274} INFO - Executing: 
            create table if not exists dag_runs (
                dt date,
                dag_id character varying,
                primary key (dt, dag_id)
            )
        
[2023-09-04T06:01:52.731+0000] {base.py:73} INFO - Using connection ID 'postgres_localhost' for task execution.
[2023-09-04T06:01:52.745+0000] {base.py:73} INFO - Using connection ID 'postgres_localhost' for task execution.
[2023-09-04T06:01:52.762+0000] {sql.py:418} INFO - Running statement: 
            create table if not exists dag_runs (
                dt date,
                dag_id character varying,
                primary key (dt, dag_id)
            )
        , parameters: None
[2023-09-04T06:01:52.787+0000] {taskinstance.py:1400} INFO - Marking task as SUCCESS. dag_id=dag_with_postgres_operator_v04, task_id=create_postgres_table, execution_date=20220220T000000, start_date=20230904T060152, end_date=20230904T060152
[2023-09-04T06:01:52.856+0000] {local_task_job_runner.py:228} INFO - Task exited with return code 0
[2023-09-04T06:01:52.902+0000] {taskinstance.py:2784} INFO - 1 downstream tasks scheduled from follow-on schedule check
[2023-09-04T06:04:41.333+0000] {taskinstance.py:1159} INFO - Dependencies all met for dep_context=non-requeueable deps ti=<TaskInstance: dag_with_postgres_operator_v04.create_postgres_table scheduled__2022-02-20T00:00:00+00:00 [queued]>
[2023-09-04T06:04:41.349+0000] {taskinstance.py:1159} INFO - Dependencies all met for dep_context=requeueable deps ti=<TaskInstance: dag_with_postgres_operator_v04.create_postgres_table scheduled__2022-02-20T00:00:00+00:00 [queued]>
[2023-09-04T06:04:41.349+0000] {taskinstance.py:1361} INFO - Starting attempt 1 of 6
[2023-09-04T06:04:41.376+0000] {taskinstance.py:1382} INFO - Executing <Task(PostgresOperator): create_postgres_table> on 2022-02-20 00:00:00+00:00
[2023-09-04T06:04:41.385+0000] {standard_task_runner.py:57} INFO - Started process 6358 to run task
[2023-09-04T06:04:41.390+0000] {standard_task_runner.py:84} INFO - Running: ['***', 'tasks', 'run', 'dag_with_postgres_operator_v04', 'create_postgres_table', 'scheduled__2022-02-20T00:00:00+00:00', '--job-id', '865', '--raw', '--subdir', 'DAGS_FOLDER/dag_with_postgres_operator.py', '--cfg-path', '/tmp/tmp8zdwr24d']
[2023-09-04T06:04:41.394+0000] {standard_task_runner.py:85} INFO - Job 865: Subtask create_postgres_table
[2023-09-04T06:04:41.493+0000] {task_command.py:415} INFO - Running <TaskInstance: dag_with_postgres_operator_v04.create_postgres_table scheduled__2022-02-20T00:00:00+00:00 [running]> on host 10bdc2e98230
[2023-09-04T06:04:41.648+0000] {taskinstance.py:1660} INFO - Exporting env vars: AIRFLOW_CTX_DAG_OWNER='mohghaff' AIRFLOW_CTX_DAG_ID='dag_with_postgres_operator_v04' AIRFLOW_CTX_TASK_ID='create_postgres_table' AIRFLOW_CTX_EXECUTION_DATE='2022-02-20T00:00:00+00:00' AIRFLOW_CTX_TRY_NUMBER='1' AIRFLOW_CTX_DAG_RUN_ID='scheduled__2022-02-20T00:00:00+00:00'
[2023-09-04T06:04:41.649+0000] {sql.py:274} INFO - Executing: 
            create table if not exists dag_runs (
                dt date,
                dag_id character varying,
                primary key (dt, dag_id)
            )
        
[2023-09-04T06:04:41.661+0000] {base.py:73} INFO - Using connection ID 'postgres_localhost' for task execution.
[2023-09-04T06:04:41.673+0000] {base.py:73} INFO - Using connection ID 'postgres_localhost' for task execution.
[2023-09-04T06:04:41.689+0000] {sql.py:418} INFO - Running statement: 
            create table if not exists dag_runs (
                dt date,
                dag_id character varying,
                primary key (dt, dag_id)
            )
        , parameters: None
[2023-09-04T06:04:41.710+0000] {taskinstance.py:1400} INFO - Marking task as SUCCESS. dag_id=dag_with_postgres_operator_v04, task_id=create_postgres_table, execution_date=20220220T000000, start_date=20230904T060441, end_date=20230904T060441
[2023-09-04T06:04:41.762+0000] {local_task_job_runner.py:228} INFO - Task exited with return code 0
[2023-09-04T06:04:41.807+0000] {taskinstance.py:2784} INFO - 1 downstream tasks scheduled from follow-on schedule check
