[2023-09-04T06:02:05.549+0000] {taskinstance.py:1159} INFO - Dependencies all met for dep_context=non-requeueable deps ti=<TaskInstance: dag_with_postgres_operator_v04.delete_data_from_table scheduled__2022-03-06T00:00:00+00:00 [queued]>
[2023-09-04T06:02:05.562+0000] {taskinstance.py:1159} INFO - Dependencies all met for dep_context=requeueable deps ti=<TaskInstance: dag_with_postgres_operator_v04.delete_data_from_table scheduled__2022-03-06T00:00:00+00:00 [queued]>
[2023-09-04T06:02:05.563+0000] {taskinstance.py:1361} INFO - Starting attempt 1 of 6
[2023-09-04T06:02:05.581+0000] {taskinstance.py:1382} INFO - Executing <Task(PostgresOperator): delete_data_from_table> on 2022-03-06 00:00:00+00:00
[2023-09-04T06:02:05.589+0000] {standard_task_runner.py:57} INFO - Started process 5144 to run task
[2023-09-04T06:02:05.592+0000] {standard_task_runner.py:84} INFO - Running: ['***', 'tasks', 'run', 'dag_with_postgres_operator_v04', 'delete_data_from_table', 'scheduled__2022-03-06T00:00:00+00:00', '--job-id', '360', '--raw', '--subdir', 'DAGS_FOLDER/dag_with_postgres_operator.py', '--cfg-path', '/tmp/tmph3utpanq']
[2023-09-04T06:02:05.595+0000] {standard_task_runner.py:85} INFO - Job 360: Subtask delete_data_from_table
[2023-09-04T06:02:05.649+0000] {task_command.py:415} INFO - Running <TaskInstance: dag_with_postgres_operator_v04.delete_data_from_table scheduled__2022-03-06T00:00:00+00:00 [running]> on host 10bdc2e98230
[2023-09-04T06:02:05.749+0000] {taskinstance.py:1660} INFO - Exporting env vars: AIRFLOW_CTX_DAG_OWNER='coder2j' AIRFLOW_CTX_DAG_ID='dag_with_postgres_operator_v04' AIRFLOW_CTX_TASK_ID='delete_data_from_table' AIRFLOW_CTX_EXECUTION_DATE='2022-03-06T00:00:00+00:00' AIRFLOW_CTX_TRY_NUMBER='1' AIRFLOW_CTX_DAG_RUN_ID='scheduled__2022-03-06T00:00:00+00:00'
[2023-09-04T06:02:05.750+0000] {sql.py:274} INFO - Executing: 
            delete from dag_runs where dt = '2022-03-06' and dag_id = 'dag_with_postgres_operator_v04';
        
[2023-09-04T06:02:05.760+0000] {base.py:73} INFO - Using connection ID 'postgres_localhost' for task execution.
[2023-09-04T06:02:05.770+0000] {base.py:73} INFO - Using connection ID 'postgres_localhost' for task execution.
[2023-09-04T06:02:05.784+0000] {sql.py:418} INFO - Running statement: 
            delete from dag_runs where dt = '2022-03-06' and dag_id = 'dag_with_postgres_operator_v04';
        , parameters: None
[2023-09-04T06:02:05.788+0000] {sql.py:427} INFO - Rows affected: 0
[2023-09-04T06:02:05.800+0000] {taskinstance.py:1400} INFO - Marking task as SUCCESS. dag_id=dag_with_postgres_operator_v04, task_id=delete_data_from_table, execution_date=20220306T000000, start_date=20230904T060205, end_date=20230904T060205
[2023-09-04T06:02:05.845+0000] {local_task_job_runner.py:228} INFO - Task exited with return code 0
[2023-09-04T06:02:05.944+0000] {taskinstance.py:2784} INFO - 0 downstream tasks scheduled from follow-on schedule check
[2023-09-04T06:04:50.047+0000] {taskinstance.py:1159} INFO - Dependencies all met for dep_context=non-requeueable deps ti=<TaskInstance: dag_with_postgres_operator_v04.delete_data_from_table scheduled__2022-03-06T00:00:00+00:00 [queued]>
[2023-09-04T06:04:50.069+0000] {taskinstance.py:1159} INFO - Dependencies all met for dep_context=requeueable deps ti=<TaskInstance: dag_with_postgres_operator_v04.delete_data_from_table scheduled__2022-03-06T00:00:00+00:00 [queued]>
[2023-09-04T06:04:50.070+0000] {taskinstance.py:1361} INFO - Starting attempt 1 of 6
[2023-09-04T06:04:50.112+0000] {taskinstance.py:1382} INFO - Executing <Task(PostgresOperator): delete_data_from_table> on 2022-03-06 00:00:00+00:00
[2023-09-04T06:04:50.129+0000] {standard_task_runner.py:57} INFO - Started process 6437 to run task
[2023-09-04T06:04:50.136+0000] {standard_task_runner.py:84} INFO - Running: ['***', 'tasks', 'run', 'dag_with_postgres_operator_v04', 'delete_data_from_table', 'scheduled__2022-03-06T00:00:00+00:00', '--job-id', '906', '--raw', '--subdir', 'DAGS_FOLDER/dag_with_postgres_operator.py', '--cfg-path', '/tmp/tmptpdtjov3']
[2023-09-04T06:04:50.141+0000] {standard_task_runner.py:85} INFO - Job 906: Subtask delete_data_from_table
[2023-09-04T06:04:50.288+0000] {task_command.py:415} INFO - Running <TaskInstance: dag_with_postgres_operator_v04.delete_data_from_table scheduled__2022-03-06T00:00:00+00:00 [running]> on host 10bdc2e98230
[2023-09-04T06:04:50.562+0000] {taskinstance.py:1660} INFO - Exporting env vars: AIRFLOW_CTX_DAG_OWNER='mohghaff' AIRFLOW_CTX_DAG_ID='dag_with_postgres_operator_v04' AIRFLOW_CTX_TASK_ID='delete_data_from_table' AIRFLOW_CTX_EXECUTION_DATE='2022-03-06T00:00:00+00:00' AIRFLOW_CTX_TRY_NUMBER='1' AIRFLOW_CTX_DAG_RUN_ID='scheduled__2022-03-06T00:00:00+00:00'
[2023-09-04T06:04:50.565+0000] {sql.py:274} INFO - Executing: 
            delete from dag_runs where dt = '2022-03-06' and dag_id = 'dag_with_postgres_operator_v04';
        
[2023-09-04T06:04:50.593+0000] {base.py:73} INFO - Using connection ID 'postgres_localhost' for task execution.
[2023-09-04T06:04:50.618+0000] {base.py:73} INFO - Using connection ID 'postgres_localhost' for task execution.
[2023-09-04T06:04:50.647+0000] {sql.py:418} INFO - Running statement: 
            delete from dag_runs where dt = '2022-03-06' and dag_id = 'dag_with_postgres_operator_v04';
        , parameters: None
[2023-09-04T06:04:50.659+0000] {sql.py:427} INFO - Rows affected: 1
[2023-09-04T06:04:50.702+0000] {taskinstance.py:1400} INFO - Marking task as SUCCESS. dag_id=dag_with_postgres_operator_v04, task_id=delete_data_from_table, execution_date=20220306T000000, start_date=20230904T060450, end_date=20230904T060450
[2023-09-04T06:04:50.751+0000] {local_task_job_runner.py:228} INFO - Task exited with return code 0
[2023-09-04T06:04:50.807+0000] {taskinstance.py:2784} INFO - 1 downstream tasks scheduled from follow-on schedule check
