[2023-09-04T13:04:56.895+0000] {taskinstance.py:1159} INFO - Dependencies all met for dep_context=non-requeueable deps ti=<TaskInstance: dags_with_python_dependencies_v03.get_sklearn scheduled__2023-01-09T00:00:00+00:00 [queued]>
[2023-09-04T13:04:56.925+0000] {taskinstance.py:1159} INFO - Dependencies all met for dep_context=requeueable deps ti=<TaskInstance: dags_with_python_dependencies_v03.get_sklearn scheduled__2023-01-09T00:00:00+00:00 [queued]>
[2023-09-04T13:04:56.926+0000] {taskinstance.py:1361} INFO - Starting attempt 6 of 6
[2023-09-04T13:04:56.986+0000] {taskinstance.py:1382} INFO - Executing <Task(PythonOperator): get_sklearn> on 2023-01-09 00:00:00+00:00
[2023-09-04T13:04:57.000+0000] {standard_task_runner.py:57} INFO - Started process 4009 to run task
[2023-09-04T13:04:57.018+0000] {standard_task_runner.py:84} INFO - Running: ['***', 'tasks', 'run', 'dags_with_python_dependencies_v03', 'get_sklearn', 'scheduled__2023-01-09T00:00:00+00:00', '--job-id', '3427', '--raw', '--subdir', 'DAGS_FOLDER/dags_with_python_dependencies.py', '--cfg-path', '/tmp/tmpz06_wwaw']
[2023-09-04T13:04:57.025+0000] {standard_task_runner.py:85} INFO - Job 3427: Subtask get_sklearn
[2023-09-04T13:04:57.163+0000] {task_command.py:415} INFO - Running <TaskInstance: dags_with_python_dependencies_v03.get_sklearn scheduled__2023-01-09T00:00:00+00:00 [running]> on host 55ba52c92856
[2023-09-04T13:04:57.377+0000] {taskinstance.py:1660} INFO - Exporting env vars: AIRFLOW_CTX_DAG_OWNER='mohghaff' AIRFLOW_CTX_DAG_ID='dags_with_python_dependencies_v03' AIRFLOW_CTX_TASK_ID='get_sklearn' AIRFLOW_CTX_EXECUTION_DATE='2023-01-09T00:00:00+00:00' AIRFLOW_CTX_TRY_NUMBER='6' AIRFLOW_CTX_DAG_RUN_ID='scheduled__2023-01-09T00:00:00+00:00'
[2023-09-04T13:04:57.381+0000] {taskinstance.py:1943} ERROR - Task failed with exception
Traceback (most recent call last):
  File "/home/airflow/.local/lib/python3.8/site-packages/airflow/operators/python.py", line 192, in execute
    return_value = self.execute_callable()
  File "/home/airflow/.local/lib/python3.8/site-packages/airflow/operators/python.py", line 209, in execute_callable
    return self.python_callable(*self.op_args, **self.op_kwargs)
  File "/opt/airflow/dags/dags_with_python_dependencies.py", line 16, in get_sklearn
    import sklearn
ModuleNotFoundError: No module named 'sklearn'
[2023-09-04T13:04:57.395+0000] {taskinstance.py:1400} INFO - Marking task as FAILED. dag_id=dags_with_python_dependencies_v03, task_id=get_sklearn, execution_date=20230109T000000, start_date=20230904T130456, end_date=20230904T130457
[2023-09-04T13:04:57.429+0000] {standard_task_runner.py:104} ERROR - Failed to execute job 3427 for task get_sklearn (No module named 'sklearn'; 4009)
[2023-09-04T13:04:57.469+0000] {local_task_job_runner.py:228} INFO - Task exited with return code 1
[2023-09-04T13:04:57.510+0000] {taskinstance.py:2784} INFO - 0 downstream tasks scheduled from follow-on schedule check
