[2023-09-04T12:32:47.552+0000] {taskinstance.py:1159} INFO - Dependencies all met for dep_context=non-requeueable deps ti=<TaskInstance: dags_with_python_dependencies_v03.get_sklearn scheduled__2023-01-09T00:00:00+00:00 [queued]>
[2023-09-04T12:32:47.565+0000] {taskinstance.py:1159} INFO - Dependencies all met for dep_context=requeueable deps ti=<TaskInstance: dags_with_python_dependencies_v03.get_sklearn scheduled__2023-01-09T00:00:00+00:00 [queued]>
[2023-09-04T12:32:47.566+0000] {taskinstance.py:1361} INFO - Starting attempt 1 of 6
[2023-09-04T12:32:47.706+0000] {taskinstance.py:1382} INFO - Executing <Task(PythonOperator): get_sklearn> on 2023-01-09 00:00:00+00:00
[2023-09-04T12:32:47.714+0000] {standard_task_runner.py:57} INFO - Started process 1340 to run task
[2023-09-04T12:32:47.717+0000] {standard_task_runner.py:84} INFO - Running: ['***', 'tasks', 'run', 'dags_with_python_dependencies_v03', 'get_sklearn', 'scheduled__2023-01-09T00:00:00+00:00', '--job-id', '3331', '--raw', '--subdir', 'DAGS_FOLDER/dags_with_python_dependencies.py', '--cfg-path', '/tmp/tmpxtp3b6dj']
[2023-09-04T12:32:47.720+0000] {standard_task_runner.py:85} INFO - Job 3331: Subtask get_sklearn
[2023-09-04T12:32:47.784+0000] {task_command.py:415} INFO - Running <TaskInstance: dags_with_python_dependencies_v03.get_sklearn scheduled__2023-01-09T00:00:00+00:00 [running]> on host 55ba52c92856
[2023-09-04T12:32:47.888+0000] {taskinstance.py:1660} INFO - Exporting env vars: AIRFLOW_CTX_DAG_OWNER='mohghaff' AIRFLOW_CTX_DAG_ID='dags_with_python_dependencies_v03' AIRFLOW_CTX_TASK_ID='get_sklearn' AIRFLOW_CTX_EXECUTION_DATE='2023-01-09T00:00:00+00:00' AIRFLOW_CTX_TRY_NUMBER='1' AIRFLOW_CTX_DAG_RUN_ID='scheduled__2023-01-09T00:00:00+00:00'
[2023-09-04T12:32:47.891+0000] {taskinstance.py:1943} ERROR - Task failed with exception
Traceback (most recent call last):
  File "/home/airflow/.local/lib/python3.8/site-packages/airflow/operators/python.py", line 192, in execute
    return_value = self.execute_callable()
  File "/home/airflow/.local/lib/python3.8/site-packages/airflow/operators/python.py", line 209, in execute_callable
    return self.python_callable(*self.op_args, **self.op_kwargs)
  File "/opt/airflow/dags/dags_with_python_dependencies.py", line 16, in get_sklearn
    import sklearn
ModuleNotFoundError: No module named 'sklearn'
[2023-09-04T12:32:47.902+0000] {taskinstance.py:1400} INFO - Marking task as UP_FOR_RETRY. dag_id=dags_with_python_dependencies_v03, task_id=get_sklearn, execution_date=20230109T000000, start_date=20230904T123247, end_date=20230904T123247
[2023-09-04T12:32:47.919+0000] {standard_task_runner.py:104} ERROR - Failed to execute job 3331 for task get_sklearn (No module named 'sklearn'; 1340)
[2023-09-04T12:32:47.930+0000] {local_task_job_runner.py:228} INFO - Task exited with return code 1
[2023-09-04T12:32:47.964+0000] {taskinstance.py:2784} INFO - 0 downstream tasks scheduled from follow-on schedule check
[2023-09-04T12:39:43.010+0000] {taskinstance.py:1159} INFO - Dependencies all met for dep_context=non-requeueable deps ti=<TaskInstance: dags_with_python_dependencies_v03.get_sklearn scheduled__2023-01-09T00:00:00+00:00 [queued]>
[2023-09-04T12:39:43.028+0000] {taskinstance.py:1159} INFO - Dependencies all met for dep_context=requeueable deps ti=<TaskInstance: dags_with_python_dependencies_v03.get_sklearn scheduled__2023-01-09T00:00:00+00:00 [queued]>
[2023-09-04T12:39:43.028+0000] {taskinstance.py:1361} INFO - Starting attempt 1 of 6
[2023-09-04T12:39:43.215+0000] {taskinstance.py:1382} INFO - Executing <Task(PythonOperator): get_sklearn> on 2023-01-09 00:00:00+00:00
[2023-09-04T12:39:43.225+0000] {standard_task_runner.py:57} INFO - Started process 1945 to run task
[2023-09-04T12:39:43.228+0000] {standard_task_runner.py:84} INFO - Running: ['***', 'tasks', 'run', 'dags_with_python_dependencies_v03', 'get_sklearn', 'scheduled__2023-01-09T00:00:00+00:00', '--job-id', '3348', '--raw', '--subdir', 'DAGS_FOLDER/dags_with_python_dependencies.py', '--cfg-path', '/tmp/tmp744wz57j']
[2023-09-04T12:39:43.232+0000] {standard_task_runner.py:85} INFO - Job 3348: Subtask get_sklearn
[2023-09-04T12:39:43.304+0000] {task_command.py:415} INFO - Running <TaskInstance: dags_with_python_dependencies_v03.get_sklearn scheduled__2023-01-09T00:00:00+00:00 [running]> on host 55ba52c92856
[2023-09-04T12:39:43.427+0000] {taskinstance.py:1660} INFO - Exporting env vars: AIRFLOW_CTX_DAG_OWNER='mohghaff' AIRFLOW_CTX_DAG_ID='dags_with_python_dependencies_v03' AIRFLOW_CTX_TASK_ID='get_sklearn' AIRFLOW_CTX_EXECUTION_DATE='2023-01-09T00:00:00+00:00' AIRFLOW_CTX_TRY_NUMBER='1' AIRFLOW_CTX_DAG_RUN_ID='scheduled__2023-01-09T00:00:00+00:00'
[2023-09-04T12:39:43.430+0000] {taskinstance.py:1943} ERROR - Task failed with exception
Traceback (most recent call last):
  File "/home/airflow/.local/lib/python3.8/site-packages/airflow/operators/python.py", line 192, in execute
    return_value = self.execute_callable()
  File "/home/airflow/.local/lib/python3.8/site-packages/airflow/operators/python.py", line 209, in execute_callable
    return self.python_callable(*self.op_args, **self.op_kwargs)
  File "/opt/airflow/dags/dags_with_python_dependencies.py", line 16, in get_sklearn
    import sklearn
ModuleNotFoundError: No module named 'sklearn'
[2023-09-04T12:39:43.442+0000] {taskinstance.py:1400} INFO - Marking task as UP_FOR_RETRY. dag_id=dags_with_python_dependencies_v03, task_id=get_sklearn, execution_date=20230109T000000, start_date=20230904T123943, end_date=20230904T123943
[2023-09-04T12:39:43.461+0000] {standard_task_runner.py:104} ERROR - Failed to execute job 3348 for task get_sklearn (No module named 'sklearn'; 1945)
[2023-09-04T12:39:43.482+0000] {local_task_job_runner.py:228} INFO - Task exited with return code 1
[2023-09-04T12:39:43.539+0000] {taskinstance.py:2784} INFO - 0 downstream tasks scheduled from follow-on schedule check
