[2023-09-04T06:02:57.987+0000] {taskinstance.py:1159} INFO - Dependencies all met for dep_context=non-requeueable deps ti=<TaskInstance: dag_with_postgres_operator_v04.delete_data_from_table scheduled__2022-05-08T00:00:00+00:00 [queued]>
[2023-09-04T06:02:58.001+0000] {taskinstance.py:1159} INFO - Dependencies all met for dep_context=requeueable deps ti=<TaskInstance: dag_with_postgres_operator_v04.delete_data_from_table scheduled__2022-05-08T00:00:00+00:00 [queued]>
[2023-09-04T06:02:58.001+0000] {taskinstance.py:1361} INFO - Starting attempt 1 of 6
[2023-09-04T06:02:58.020+0000] {taskinstance.py:1382} INFO - Executing <Task(PostgresOperator): delete_data_from_table> on 2022-05-08 00:00:00+00:00
[2023-09-04T06:02:58.028+0000] {standard_task_runner.py:57} INFO - Started process 5604 to run task
[2023-09-04T06:02:58.031+0000] {standard_task_runner.py:84} INFO - Running: ['***', 'tasks', 'run', 'dag_with_postgres_operator_v04', 'delete_data_from_table', 'scheduled__2022-05-08T00:00:00+00:00', '--job-id', '550', '--raw', '--subdir', 'DAGS_FOLDER/dag_with_postgres_operator.py', '--cfg-path', '/tmp/tmpzb4zh4fb']
[2023-09-04T06:02:58.034+0000] {standard_task_runner.py:85} INFO - Job 550: Subtask delete_data_from_table
[2023-09-04T06:02:58.101+0000] {task_command.py:415} INFO - Running <TaskInstance: dag_with_postgres_operator_v04.delete_data_from_table scheduled__2022-05-08T00:00:00+00:00 [running]> on host 10bdc2e98230
[2023-09-04T06:02:58.227+0000] {taskinstance.py:1660} INFO - Exporting env vars: AIRFLOW_CTX_DAG_OWNER='coder2j' AIRFLOW_CTX_DAG_ID='dag_with_postgres_operator_v04' AIRFLOW_CTX_TASK_ID='delete_data_from_table' AIRFLOW_CTX_EXECUTION_DATE='2022-05-08T00:00:00+00:00' AIRFLOW_CTX_TRY_NUMBER='1' AIRFLOW_CTX_DAG_RUN_ID='scheduled__2022-05-08T00:00:00+00:00'
[2023-09-04T06:02:58.229+0000] {sql.py:274} INFO - Executing: 
            delete from dag_runs where dt = '2022-05-08' and dag_id = 'dag_with_postgres_operator_v04';
        
[2023-09-04T06:02:58.237+0000] {base.py:73} INFO - Using connection ID 'postgres_localhost' for task execution.
[2023-09-04T06:02:58.247+0000] {base.py:73} INFO - Using connection ID 'postgres_localhost' for task execution.
[2023-09-04T06:02:58.262+0000] {sql.py:418} INFO - Running statement: 
            delete from dag_runs where dt = '2022-05-08' and dag_id = 'dag_with_postgres_operator_v04';
        , parameters: None
[2023-09-04T06:02:58.267+0000] {sql.py:427} INFO - Rows affected: 0
[2023-09-04T06:02:58.283+0000] {taskinstance.py:1400} INFO - Marking task as SUCCESS. dag_id=dag_with_postgres_operator_v04, task_id=delete_data_from_table, execution_date=20220508T000000, start_date=20230904T060257, end_date=20230904T060258
[2023-09-04T06:02:58.323+0000] {local_task_job_runner.py:228} INFO - Task exited with return code 0
[2023-09-04T06:02:58.501+0000] {taskinstance.py:2784} INFO - 0 downstream tasks scheduled from follow-on schedule check
[2023-09-04T06:05:43.358+0000] {taskinstance.py:1159} INFO - Dependencies all met for dep_context=non-requeueable deps ti=<TaskInstance: dag_with_postgres_operator_v04.delete_data_from_table scheduled__2022-05-08T00:00:00+00:00 [queued]>
[2023-09-04T06:05:43.381+0000] {taskinstance.py:1159} INFO - Dependencies all met for dep_context=requeueable deps ti=<TaskInstance: dag_with_postgres_operator_v04.delete_data_from_table scheduled__2022-05-08T00:00:00+00:00 [queued]>
[2023-09-04T06:05:43.382+0000] {taskinstance.py:1361} INFO - Starting attempt 1 of 6
[2023-09-04T06:05:43.567+0000] {taskinstance.py:1382} INFO - Executing <Task(PostgresOperator): delete_data_from_table> on 2022-05-08 00:00:00+00:00
[2023-09-04T06:05:43.581+0000] {standard_task_runner.py:57} INFO - Started process 6890 to run task
[2023-09-04T06:05:43.587+0000] {standard_task_runner.py:84} INFO - Running: ['***', 'tasks', 'run', 'dag_with_postgres_operator_v04', 'delete_data_from_table', 'scheduled__2022-05-08T00:00:00+00:00', '--job-id', '1094', '--raw', '--subdir', 'DAGS_FOLDER/dag_with_postgres_operator.py', '--cfg-path', '/tmp/tmpymmq9vmb']
[2023-09-04T06:05:43.593+0000] {standard_task_runner.py:85} INFO - Job 1094: Subtask delete_data_from_table
[2023-09-04T06:05:43.726+0000] {task_command.py:415} INFO - Running <TaskInstance: dag_with_postgres_operator_v04.delete_data_from_table scheduled__2022-05-08T00:00:00+00:00 [running]> on host 10bdc2e98230
[2023-09-04T06:05:43.945+0000] {taskinstance.py:1660} INFO - Exporting env vars: AIRFLOW_CTX_DAG_OWNER='mohghaff' AIRFLOW_CTX_DAG_ID='dag_with_postgres_operator_v04' AIRFLOW_CTX_TASK_ID='delete_data_from_table' AIRFLOW_CTX_EXECUTION_DATE='2022-05-08T00:00:00+00:00' AIRFLOW_CTX_TRY_NUMBER='1' AIRFLOW_CTX_DAG_RUN_ID='scheduled__2022-05-08T00:00:00+00:00'
[2023-09-04T06:05:43.948+0000] {sql.py:274} INFO - Executing: 
            delete from dag_runs where dt = '2022-05-08' and dag_id = 'dag_with_postgres_operator_v04';
        
[2023-09-04T06:05:43.969+0000] {base.py:73} INFO - Using connection ID 'postgres_localhost' for task execution.
[2023-09-04T06:05:43.986+0000] {base.py:73} INFO - Using connection ID 'postgres_localhost' for task execution.
[2023-09-04T06:05:44.007+0000] {sql.py:418} INFO - Running statement: 
            delete from dag_runs where dt = '2022-05-08' and dag_id = 'dag_with_postgres_operator_v04';
        , parameters: None
[2023-09-04T06:05:44.016+0000] {sql.py:427} INFO - Rows affected: 1
[2023-09-04T06:05:44.040+0000] {taskinstance.py:1400} INFO - Marking task as SUCCESS. dag_id=dag_with_postgres_operator_v04, task_id=delete_data_from_table, execution_date=20220508T000000, start_date=20230904T060543, end_date=20230904T060544
[2023-09-04T06:05:44.086+0000] {local_task_job_runner.py:228} INFO - Task exited with return code 0
[2023-09-04T06:05:44.129+0000] {taskinstance.py:2784} INFO - 1 downstream tasks scheduled from follow-on schedule check
