[2023-09-04T06:01:52.480+0000] {taskinstance.py:1159} INFO - Dependencies all met for dep_context=non-requeueable deps ti=<TaskInstance: dag_with_postgres_operator_v04.delete_data_from_table scheduled__2022-02-13T00:00:00+00:00 [queued]>
[2023-09-04T06:01:52.498+0000] {taskinstance.py:1159} INFO - Dependencies all met for dep_context=requeueable deps ti=<TaskInstance: dag_with_postgres_operator_v04.delete_data_from_table scheduled__2022-02-13T00:00:00+00:00 [queued]>
[2023-09-04T06:01:52.499+0000] {taskinstance.py:1361} INFO - Starting attempt 1 of 6
[2023-09-04T06:01:52.530+0000] {taskinstance.py:1382} INFO - Executing <Task(PostgresOperator): delete_data_from_table> on 2022-02-13 00:00:00+00:00
[2023-09-04T06:01:52.539+0000] {standard_task_runner.py:57} INFO - Started process 5047 to run task
[2023-09-04T06:01:52.544+0000] {standard_task_runner.py:84} INFO - Running: ['***', 'tasks', 'run', 'dag_with_postgres_operator_v04', 'delete_data_from_table', 'scheduled__2022-02-13T00:00:00+00:00', '--job-id', '308', '--raw', '--subdir', 'DAGS_FOLDER/dag_with_postgres_operator.py', '--cfg-path', '/tmp/tmpvy3netgo']
[2023-09-04T06:01:52.546+0000] {standard_task_runner.py:85} INFO - Job 308: Subtask delete_data_from_table
[2023-09-04T06:01:52.622+0000] {task_command.py:415} INFO - Running <TaskInstance: dag_with_postgres_operator_v04.delete_data_from_table scheduled__2022-02-13T00:00:00+00:00 [running]> on host 10bdc2e98230
[2023-09-04T06:01:52.782+0000] {taskinstance.py:1660} INFO - Exporting env vars: AIRFLOW_CTX_DAG_OWNER='coder2j' AIRFLOW_CTX_DAG_ID='dag_with_postgres_operator_v04' AIRFLOW_CTX_TASK_ID='delete_data_from_table' AIRFLOW_CTX_EXECUTION_DATE='2022-02-13T00:00:00+00:00' AIRFLOW_CTX_TRY_NUMBER='1' AIRFLOW_CTX_DAG_RUN_ID='scheduled__2022-02-13T00:00:00+00:00'
[2023-09-04T06:01:52.784+0000] {sql.py:274} INFO - Executing: 
            delete from dag_runs where dt = '2022-02-13' and dag_id = 'dag_with_postgres_operator_v04';
        
[2023-09-04T06:01:52.798+0000] {base.py:73} INFO - Using connection ID 'postgres_localhost' for task execution.
[2023-09-04T06:01:52.812+0000] {base.py:73} INFO - Using connection ID 'postgres_localhost' for task execution.
[2023-09-04T06:01:52.830+0000] {sql.py:418} INFO - Running statement: 
            delete from dag_runs where dt = '2022-02-13' and dag_id = 'dag_with_postgres_operator_v04';
        , parameters: None
[2023-09-04T06:01:52.836+0000] {sql.py:427} INFO - Rows affected: 0
[2023-09-04T06:01:52.855+0000] {taskinstance.py:1400} INFO - Marking task as SUCCESS. dag_id=dag_with_postgres_operator_v04, task_id=delete_data_from_table, execution_date=20220213T000000, start_date=20230904T060152, end_date=20230904T060152
[2023-09-04T06:01:52.916+0000] {local_task_job_runner.py:228} INFO - Task exited with return code 0
[2023-09-04T06:01:53.163+0000] {taskinstance.py:2784} INFO - 0 downstream tasks scheduled from follow-on schedule check
[2023-09-04T06:04:35.286+0000] {taskinstance.py:1159} INFO - Dependencies all met for dep_context=non-requeueable deps ti=<TaskInstance: dag_with_postgres_operator_v04.delete_data_from_table scheduled__2022-02-13T00:00:00+00:00 [queued]>
[2023-09-04T06:04:35.308+0000] {taskinstance.py:1159} INFO - Dependencies all met for dep_context=requeueable deps ti=<TaskInstance: dag_with_postgres_operator_v04.delete_data_from_table scheduled__2022-02-13T00:00:00+00:00 [queued]>
[2023-09-04T06:04:35.309+0000] {taskinstance.py:1361} INFO - Starting attempt 1 of 6
[2023-09-04T06:04:35.344+0000] {taskinstance.py:1382} INFO - Executing <Task(PostgresOperator): delete_data_from_table> on 2022-02-13 00:00:00+00:00
[2023-09-04T06:04:35.354+0000] {standard_task_runner.py:57} INFO - Started process 6300 to run task
[2023-09-04T06:04:35.359+0000] {standard_task_runner.py:84} INFO - Running: ['***', 'tasks', 'run', 'dag_with_postgres_operator_v04', 'delete_data_from_table', 'scheduled__2022-02-13T00:00:00+00:00', '--job-id', '841', '--raw', '--subdir', 'DAGS_FOLDER/dag_with_postgres_operator.py', '--cfg-path', '/tmp/tmpmc121sho']
[2023-09-04T06:04:35.363+0000] {standard_task_runner.py:85} INFO - Job 841: Subtask delete_data_from_table
[2023-09-04T06:04:35.476+0000] {task_command.py:415} INFO - Running <TaskInstance: dag_with_postgres_operator_v04.delete_data_from_table scheduled__2022-02-13T00:00:00+00:00 [running]> on host 10bdc2e98230
[2023-09-04T06:04:35.761+0000] {taskinstance.py:1660} INFO - Exporting env vars: AIRFLOW_CTX_DAG_OWNER='mohghaff' AIRFLOW_CTX_DAG_ID='dag_with_postgres_operator_v04' AIRFLOW_CTX_TASK_ID='delete_data_from_table' AIRFLOW_CTX_EXECUTION_DATE='2022-02-13T00:00:00+00:00' AIRFLOW_CTX_TRY_NUMBER='1' AIRFLOW_CTX_DAG_RUN_ID='scheduled__2022-02-13T00:00:00+00:00'
[2023-09-04T06:04:35.763+0000] {sql.py:274} INFO - Executing: 
            delete from dag_runs where dt = '2022-02-13' and dag_id = 'dag_with_postgres_operator_v04';
        
[2023-09-04T06:04:35.785+0000] {base.py:73} INFO - Using connection ID 'postgres_localhost' for task execution.
[2023-09-04T06:04:35.802+0000] {base.py:73} INFO - Using connection ID 'postgres_localhost' for task execution.
[2023-09-04T06:04:35.829+0000] {sql.py:418} INFO - Running statement: 
            delete from dag_runs where dt = '2022-02-13' and dag_id = 'dag_with_postgres_operator_v04';
        , parameters: None
[2023-09-04T06:04:35.840+0000] {sql.py:427} INFO - Rows affected: 1
[2023-09-04T06:04:35.870+0000] {taskinstance.py:1400} INFO - Marking task as SUCCESS. dag_id=dag_with_postgres_operator_v04, task_id=delete_data_from_table, execution_date=20220213T000000, start_date=20230904T060435, end_date=20230904T060435
[2023-09-04T06:04:35.934+0000] {local_task_job_runner.py:228} INFO - Task exited with return code 0
[2023-09-04T06:04:36.020+0000] {taskinstance.py:2784} INFO - 1 downstream tasks scheduled from follow-on schedule check
