[2023-09-04T06:02:50.835+0000] {taskinstance.py:1159} INFO - Dependencies all met for dep_context=non-requeueable deps ti=<TaskInstance: dag_with_postgres_operator_v04.delete_data_from_table scheduled__2022-04-29T00:00:00+00:00 [queued]>
[2023-09-04T06:02:50.852+0000] {taskinstance.py:1159} INFO - Dependencies all met for dep_context=requeueable deps ti=<TaskInstance: dag_with_postgres_operator_v04.delete_data_from_table scheduled__2022-04-29T00:00:00+00:00 [queued]>
[2023-09-04T06:02:50.853+0000] {taskinstance.py:1361} INFO - Starting attempt 1 of 6
[2023-09-04T06:02:50.874+0000] {taskinstance.py:1382} INFO - Executing <Task(PostgresOperator): delete_data_from_table> on 2022-04-29 00:00:00+00:00
[2023-09-04T06:02:50.884+0000] {standard_task_runner.py:57} INFO - Started process 5512 to run task
[2023-09-04T06:02:50.888+0000] {standard_task_runner.py:84} INFO - Running: ['***', 'tasks', 'run', 'dag_with_postgres_operator_v04', 'delete_data_from_table', 'scheduled__2022-04-29T00:00:00+00:00', '--job-id', '516', '--raw', '--subdir', 'DAGS_FOLDER/dag_with_postgres_operator.py', '--cfg-path', '/tmp/tmp9511mznp']
[2023-09-04T06:02:50.891+0000] {standard_task_runner.py:85} INFO - Job 516: Subtask delete_data_from_table
[2023-09-04T06:02:51.013+0000] {task_command.py:415} INFO - Running <TaskInstance: dag_with_postgres_operator_v04.delete_data_from_table scheduled__2022-04-29T00:00:00+00:00 [running]> on host 10bdc2e98230
[2023-09-04T06:02:51.201+0000] {taskinstance.py:1660} INFO - Exporting env vars: AIRFLOW_CTX_DAG_OWNER='coder2j' AIRFLOW_CTX_DAG_ID='dag_with_postgres_operator_v04' AIRFLOW_CTX_TASK_ID='delete_data_from_table' AIRFLOW_CTX_EXECUTION_DATE='2022-04-29T00:00:00+00:00' AIRFLOW_CTX_TRY_NUMBER='1' AIRFLOW_CTX_DAG_RUN_ID='scheduled__2022-04-29T00:00:00+00:00'
[2023-09-04T06:02:51.203+0000] {sql.py:274} INFO - Executing: 
            delete from dag_runs where dt = '2022-04-29' and dag_id = 'dag_with_postgres_operator_v04';
        
[2023-09-04T06:02:51.218+0000] {base.py:73} INFO - Using connection ID 'postgres_localhost' for task execution.
[2023-09-04T06:02:51.232+0000] {base.py:73} INFO - Using connection ID 'postgres_localhost' for task execution.
[2023-09-04T06:02:51.250+0000] {sql.py:418} INFO - Running statement: 
            delete from dag_runs where dt = '2022-04-29' and dag_id = 'dag_with_postgres_operator_v04';
        , parameters: None
[2023-09-04T06:02:51.257+0000] {sql.py:427} INFO - Rows affected: 0
[2023-09-04T06:02:51.280+0000] {taskinstance.py:1400} INFO - Marking task as SUCCESS. dag_id=dag_with_postgres_operator_v04, task_id=delete_data_from_table, execution_date=20220429T000000, start_date=20230904T060250, end_date=20230904T060251
[2023-09-04T06:02:51.347+0000] {local_task_job_runner.py:228} INFO - Task exited with return code 0
[2023-09-04T06:02:51.500+0000] {taskinstance.py:2784} INFO - 0 downstream tasks scheduled from follow-on schedule check
[2023-09-04T06:05:37.805+0000] {taskinstance.py:1159} INFO - Dependencies all met for dep_context=non-requeueable deps ti=<TaskInstance: dag_with_postgres_operator_v04.delete_data_from_table scheduled__2022-04-29T00:00:00+00:00 [queued]>
[2023-09-04T06:05:37.833+0000] {taskinstance.py:1159} INFO - Dependencies all met for dep_context=requeueable deps ti=<TaskInstance: dag_with_postgres_operator_v04.delete_data_from_table scheduled__2022-04-29T00:00:00+00:00 [queued]>
[2023-09-04T06:05:37.834+0000] {taskinstance.py:1361} INFO - Starting attempt 1 of 6
[2023-09-04T06:05:38.136+0000] {taskinstance.py:1382} INFO - Executing <Task(PostgresOperator): delete_data_from_table> on 2022-04-29 00:00:00+00:00
[2023-09-04T06:05:38.147+0000] {standard_task_runner.py:57} INFO - Started process 6834 to run task
[2023-09-04T06:05:38.165+0000] {standard_task_runner.py:84} INFO - Running: ['***', 'tasks', 'run', 'dag_with_postgres_operator_v04', 'delete_data_from_table', 'scheduled__2022-04-29T00:00:00+00:00', '--job-id', '1072', '--raw', '--subdir', 'DAGS_FOLDER/dag_with_postgres_operator.py', '--cfg-path', '/tmp/tmpgs4194o4']
[2023-09-04T06:05:38.170+0000] {standard_task_runner.py:85} INFO - Job 1072: Subtask delete_data_from_table
[2023-09-04T06:05:38.372+0000] {task_command.py:415} INFO - Running <TaskInstance: dag_with_postgres_operator_v04.delete_data_from_table scheduled__2022-04-29T00:00:00+00:00 [running]> on host 10bdc2e98230
[2023-09-04T06:05:38.779+0000] {taskinstance.py:1660} INFO - Exporting env vars: AIRFLOW_CTX_DAG_OWNER='mohghaff' AIRFLOW_CTX_DAG_ID='dag_with_postgres_operator_v04' AIRFLOW_CTX_TASK_ID='delete_data_from_table' AIRFLOW_CTX_EXECUTION_DATE='2022-04-29T00:00:00+00:00' AIRFLOW_CTX_TRY_NUMBER='1' AIRFLOW_CTX_DAG_RUN_ID='scheduled__2022-04-29T00:00:00+00:00'
[2023-09-04T06:05:38.782+0000] {sql.py:274} INFO - Executing: 
            delete from dag_runs where dt = '2022-04-29' and dag_id = 'dag_with_postgres_operator_v04';
        
[2023-09-04T06:05:38.809+0000] {base.py:73} INFO - Using connection ID 'postgres_localhost' for task execution.
[2023-09-04T06:05:38.836+0000] {base.py:73} INFO - Using connection ID 'postgres_localhost' for task execution.
[2023-09-04T06:05:38.890+0000] {sql.py:418} INFO - Running statement: 
            delete from dag_runs where dt = '2022-04-29' and dag_id = 'dag_with_postgres_operator_v04';
        , parameters: None
[2023-09-04T06:05:38.915+0000] {sql.py:427} INFO - Rows affected: 1
[2023-09-04T06:05:38.962+0000] {taskinstance.py:1400} INFO - Marking task as SUCCESS. dag_id=dag_with_postgres_operator_v04, task_id=delete_data_from_table, execution_date=20220429T000000, start_date=20230904T060537, end_date=20230904T060538
[2023-09-04T06:05:39.063+0000] {local_task_job_runner.py:228} INFO - Task exited with return code 0
[2023-09-04T06:05:39.135+0000] {taskinstance.py:2784} INFO - 1 downstream tasks scheduled from follow-on schedule check
