[2023-09-04T06:01:18.673+0000] {taskinstance.py:1159} INFO - Dependencies all met for dep_context=non-requeueable deps ti=<TaskInstance: dag_with_postgres_operator_v04.delete_data_from_table scheduled__2022-01-09T00:00:00+00:00 [queued]>
[2023-09-04T06:01:18.688+0000] {taskinstance.py:1159} INFO - Dependencies all met for dep_context=requeueable deps ti=<TaskInstance: dag_with_postgres_operator_v04.delete_data_from_table scheduled__2022-01-09T00:00:00+00:00 [queued]>
[2023-09-04T06:01:18.689+0000] {taskinstance.py:1361} INFO - Starting attempt 1 of 6
[2023-09-04T06:01:18.760+0000] {taskinstance.py:1382} INFO - Executing <Task(PostgresOperator): delete_data_from_table> on 2022-01-09 00:00:00+00:00
[2023-09-04T06:01:18.769+0000] {standard_task_runner.py:57} INFO - Started process 4754 to run task
[2023-09-04T06:01:18.772+0000] {standard_task_runner.py:84} INFO - Running: ['***', 'tasks', 'run', 'dag_with_postgres_operator_v04', 'delete_data_from_table', 'scheduled__2022-01-09T00:00:00+00:00', '--job-id', '191', '--raw', '--subdir', 'DAGS_FOLDER/dag_with_postgres_operator.py', '--cfg-path', '/tmp/tmp46jqs9g7']
[2023-09-04T06:01:18.775+0000] {standard_task_runner.py:85} INFO - Job 191: Subtask delete_data_from_table
[2023-09-04T06:01:18.833+0000] {task_command.py:415} INFO - Running <TaskInstance: dag_with_postgres_operator_v04.delete_data_from_table scheduled__2022-01-09T00:00:00+00:00 [running]> on host 10bdc2e98230
[2023-09-04T06:01:18.929+0000] {taskinstance.py:1660} INFO - Exporting env vars: AIRFLOW_CTX_DAG_OWNER='coder2j' AIRFLOW_CTX_DAG_ID='dag_with_postgres_operator_v04' AIRFLOW_CTX_TASK_ID='delete_data_from_table' AIRFLOW_CTX_EXECUTION_DATE='2022-01-09T00:00:00+00:00' AIRFLOW_CTX_TRY_NUMBER='1' AIRFLOW_CTX_DAG_RUN_ID='scheduled__2022-01-09T00:00:00+00:00'
[2023-09-04T06:01:18.930+0000] {sql.py:274} INFO - Executing: 
            delete from dag_runs where dt = '2022-01-09' and dag_id = 'dag_with_postgres_operator_v04';
        
[2023-09-04T06:01:18.940+0000] {base.py:73} INFO - Using connection ID 'postgres_localhost' for task execution.
[2023-09-04T06:01:18.950+0000] {base.py:73} INFO - Using connection ID 'postgres_localhost' for task execution.
[2023-09-04T06:01:18.964+0000] {sql.py:418} INFO - Running statement: 
            delete from dag_runs where dt = '2022-01-09' and dag_id = 'dag_with_postgres_operator_v04';
        , parameters: None
[2023-09-04T06:01:18.969+0000] {sql.py:427} INFO - Rows affected: 0
[2023-09-04T06:01:18.984+0000] {taskinstance.py:1400} INFO - Marking task as SUCCESS. dag_id=dag_with_postgres_operator_v04, task_id=delete_data_from_table, execution_date=20220109T000000, start_date=20230904T060118, end_date=20230904T060118
[2023-09-04T06:01:19.025+0000] {local_task_job_runner.py:228} INFO - Task exited with return code 0
[2023-09-04T06:01:19.165+0000] {taskinstance.py:2784} INFO - 0 downstream tasks scheduled from follow-on schedule check
[2023-09-04T06:04:09.381+0000] {taskinstance.py:1159} INFO - Dependencies all met for dep_context=non-requeueable deps ti=<TaskInstance: dag_with_postgres_operator_v04.delete_data_from_table scheduled__2022-01-09T00:00:00+00:00 [queued]>
[2023-09-04T06:04:09.421+0000] {taskinstance.py:1159} INFO - Dependencies all met for dep_context=requeueable deps ti=<TaskInstance: dag_with_postgres_operator_v04.delete_data_from_table scheduled__2022-01-09T00:00:00+00:00 [queued]>
[2023-09-04T06:04:09.422+0000] {taskinstance.py:1361} INFO - Starting attempt 1 of 6
[2023-09-04T06:04:09.476+0000] {taskinstance.py:1382} INFO - Executing <Task(PostgresOperator): delete_data_from_table> on 2022-01-09 00:00:00+00:00
[2023-09-04T06:04:09.488+0000] {standard_task_runner.py:57} INFO - Started process 6072 to run task
[2023-09-04T06:04:09.496+0000] {standard_task_runner.py:84} INFO - Running: ['***', 'tasks', 'run', 'dag_with_postgres_operator_v04', 'delete_data_from_table', 'scheduled__2022-01-09T00:00:00+00:00', '--job-id', '739', '--raw', '--subdir', 'DAGS_FOLDER/dag_with_postgres_operator.py', '--cfg-path', '/tmp/tmpfk5b0_49']
[2023-09-04T06:04:09.501+0000] {standard_task_runner.py:85} INFO - Job 739: Subtask delete_data_from_table
[2023-09-04T06:04:09.640+0000] {task_command.py:415} INFO - Running <TaskInstance: dag_with_postgres_operator_v04.delete_data_from_table scheduled__2022-01-09T00:00:00+00:00 [running]> on host 10bdc2e98230
[2023-09-04T06:04:09.875+0000] {taskinstance.py:1660} INFO - Exporting env vars: AIRFLOW_CTX_DAG_OWNER='mohghaff' AIRFLOW_CTX_DAG_ID='dag_with_postgres_operator_v04' AIRFLOW_CTX_TASK_ID='delete_data_from_table' AIRFLOW_CTX_EXECUTION_DATE='2022-01-09T00:00:00+00:00' AIRFLOW_CTX_TRY_NUMBER='1' AIRFLOW_CTX_DAG_RUN_ID='scheduled__2022-01-09T00:00:00+00:00'
[2023-09-04T06:04:09.877+0000] {sql.py:274} INFO - Executing: 
            delete from dag_runs where dt = '2022-01-09' and dag_id = 'dag_with_postgres_operator_v04';
        
[2023-09-04T06:04:09.896+0000] {base.py:73} INFO - Using connection ID 'postgres_localhost' for task execution.
[2023-09-04T06:04:09.913+0000] {base.py:73} INFO - Using connection ID 'postgres_localhost' for task execution.
[2023-09-04T06:04:09.938+0000] {sql.py:418} INFO - Running statement: 
            delete from dag_runs where dt = '2022-01-09' and dag_id = 'dag_with_postgres_operator_v04';
        , parameters: None
[2023-09-04T06:04:09.949+0000] {sql.py:427} INFO - Rows affected: 1
[2023-09-04T06:04:09.981+0000] {taskinstance.py:1400} INFO - Marking task as SUCCESS. dag_id=dag_with_postgres_operator_v04, task_id=delete_data_from_table, execution_date=20220109T000000, start_date=20230904T060409, end_date=20230904T060409
[2023-09-04T06:04:10.045+0000] {local_task_job_runner.py:228} INFO - Task exited with return code 0
[2023-09-04T06:04:10.094+0000] {taskinstance.py:2784} INFO - 1 downstream tasks scheduled from follow-on schedule check
