[2023-09-04T06:02:04.153+0000] {taskinstance.py:1159} INFO - Dependencies all met for dep_context=non-requeueable deps ti=<TaskInstance: dag_with_postgres_operator_v04.delete_data_from_table scheduled__2022-03-01T00:00:00+00:00 [queued]>
[2023-09-04T06:02:04.174+0000] {taskinstance.py:1159} INFO - Dependencies all met for dep_context=requeueable deps ti=<TaskInstance: dag_with_postgres_operator_v04.delete_data_from_table scheduled__2022-03-01T00:00:00+00:00 [queued]>
[2023-09-04T06:02:04.174+0000] {taskinstance.py:1361} INFO - Starting attempt 1 of 6
[2023-09-04T06:02:04.206+0000] {taskinstance.py:1382} INFO - Executing <Task(PostgresOperator): delete_data_from_table> on 2022-03-01 00:00:00+00:00
[2023-09-04T06:02:04.215+0000] {standard_task_runner.py:57} INFO - Started process 5129 to run task
[2023-09-04T06:02:04.219+0000] {standard_task_runner.py:84} INFO - Running: ['***', 'tasks', 'run', 'dag_with_postgres_operator_v04', 'delete_data_from_table', 'scheduled__2022-03-01T00:00:00+00:00', '--job-id', '350', '--raw', '--subdir', 'DAGS_FOLDER/dag_with_postgres_operator.py', '--cfg-path', '/tmp/tmpyz_a_2aa']
[2023-09-04T06:02:04.222+0000] {standard_task_runner.py:85} INFO - Job 350: Subtask delete_data_from_table
[2023-09-04T06:02:04.298+0000] {task_command.py:415} INFO - Running <TaskInstance: dag_with_postgres_operator_v04.delete_data_from_table scheduled__2022-03-01T00:00:00+00:00 [running]> on host 10bdc2e98230
[2023-09-04T06:02:04.434+0000] {taskinstance.py:1660} INFO - Exporting env vars: AIRFLOW_CTX_DAG_OWNER='coder2j' AIRFLOW_CTX_DAG_ID='dag_with_postgres_operator_v04' AIRFLOW_CTX_TASK_ID='delete_data_from_table' AIRFLOW_CTX_EXECUTION_DATE='2022-03-01T00:00:00+00:00' AIRFLOW_CTX_TRY_NUMBER='1' AIRFLOW_CTX_DAG_RUN_ID='scheduled__2022-03-01T00:00:00+00:00'
[2023-09-04T06:02:04.436+0000] {sql.py:274} INFO - Executing: 
            delete from dag_runs where dt = '2022-03-01' and dag_id = 'dag_with_postgres_operator_v04';
        
[2023-09-04T06:02:04.448+0000] {base.py:73} INFO - Using connection ID 'postgres_localhost' for task execution.
[2023-09-04T06:02:04.459+0000] {base.py:73} INFO - Using connection ID 'postgres_localhost' for task execution.
[2023-09-04T06:02:04.473+0000] {sql.py:418} INFO - Running statement: 
            delete from dag_runs where dt = '2022-03-01' and dag_id = 'dag_with_postgres_operator_v04';
        , parameters: None
[2023-09-04T06:02:04.479+0000] {sql.py:427} INFO - Rows affected: 0
[2023-09-04T06:02:04.494+0000] {taskinstance.py:1400} INFO - Marking task as SUCCESS. dag_id=dag_with_postgres_operator_v04, task_id=delete_data_from_table, execution_date=20220301T000000, start_date=20230904T060204, end_date=20230904T060204
[2023-09-04T06:02:04.552+0000] {local_task_job_runner.py:228} INFO - Task exited with return code 0
[2023-09-04T06:02:04.723+0000] {taskinstance.py:2784} INFO - 0 downstream tasks scheduled from follow-on schedule check
[2023-09-04T06:04:46.761+0000] {taskinstance.py:1159} INFO - Dependencies all met for dep_context=non-requeueable deps ti=<TaskInstance: dag_with_postgres_operator_v04.delete_data_from_table scheduled__2022-03-01T00:00:00+00:00 [queued]>
[2023-09-04T06:04:46.801+0000] {taskinstance.py:1159} INFO - Dependencies all met for dep_context=requeueable deps ti=<TaskInstance: dag_with_postgres_operator_v04.delete_data_from_table scheduled__2022-03-01T00:00:00+00:00 [queued]>
[2023-09-04T06:04:46.802+0000] {taskinstance.py:1361} INFO - Starting attempt 1 of 6
[2023-09-04T06:04:46.862+0000] {taskinstance.py:1382} INFO - Executing <Task(PostgresOperator): delete_data_from_table> on 2022-03-01 00:00:00+00:00
[2023-09-04T06:04:46.876+0000] {standard_task_runner.py:57} INFO - Started process 6413 to run task
[2023-09-04T06:04:46.882+0000] {standard_task_runner.py:84} INFO - Running: ['***', 'tasks', 'run', 'dag_with_postgres_operator_v04', 'delete_data_from_table', 'scheduled__2022-03-01T00:00:00+00:00', '--job-id', '890', '--raw', '--subdir', 'DAGS_FOLDER/dag_with_postgres_operator.py', '--cfg-path', '/tmp/tmp9vck_lx6']
[2023-09-04T06:04:46.887+0000] {standard_task_runner.py:85} INFO - Job 890: Subtask delete_data_from_table
[2023-09-04T06:04:47.019+0000] {task_command.py:415} INFO - Running <TaskInstance: dag_with_postgres_operator_v04.delete_data_from_table scheduled__2022-03-01T00:00:00+00:00 [running]> on host 10bdc2e98230
[2023-09-04T06:04:47.300+0000] {taskinstance.py:1660} INFO - Exporting env vars: AIRFLOW_CTX_DAG_OWNER='mohghaff' AIRFLOW_CTX_DAG_ID='dag_with_postgres_operator_v04' AIRFLOW_CTX_TASK_ID='delete_data_from_table' AIRFLOW_CTX_EXECUTION_DATE='2022-03-01T00:00:00+00:00' AIRFLOW_CTX_TRY_NUMBER='1' AIRFLOW_CTX_DAG_RUN_ID='scheduled__2022-03-01T00:00:00+00:00'
[2023-09-04T06:04:47.303+0000] {sql.py:274} INFO - Executing: 
            delete from dag_runs where dt = '2022-03-01' and dag_id = 'dag_with_postgres_operator_v04';
        
[2023-09-04T06:04:47.328+0000] {base.py:73} INFO - Using connection ID 'postgres_localhost' for task execution.
[2023-09-04T06:04:47.351+0000] {base.py:73} INFO - Using connection ID 'postgres_localhost' for task execution.
[2023-09-04T06:04:47.382+0000] {sql.py:418} INFO - Running statement: 
            delete from dag_runs where dt = '2022-03-01' and dag_id = 'dag_with_postgres_operator_v04';
        , parameters: None
[2023-09-04T06:04:47.399+0000] {sql.py:427} INFO - Rows affected: 1
[2023-09-04T06:04:47.447+0000] {taskinstance.py:1400} INFO - Marking task as SUCCESS. dag_id=dag_with_postgres_operator_v04, task_id=delete_data_from_table, execution_date=20220301T000000, start_date=20230904T060446, end_date=20230904T060447
[2023-09-04T06:04:47.546+0000] {local_task_job_runner.py:228} INFO - Task exited with return code 0
[2023-09-04T06:04:47.608+0000] {taskinstance.py:2784} INFO - 1 downstream tasks scheduled from follow-on schedule check
