[2023-09-04T06:01:11.479+0000] {taskinstance.py:1159} INFO - Dependencies all met for dep_context=non-requeueable deps ti=<TaskInstance: dag_with_postgres_operator_v04.delete_data_from_table scheduled__2021-12-31T00:00:00+00:00 [queued]>
[2023-09-04T06:01:11.496+0000] {taskinstance.py:1159} INFO - Dependencies all met for dep_context=requeueable deps ti=<TaskInstance: dag_with_postgres_operator_v04.delete_data_from_table scheduled__2021-12-31T00:00:00+00:00 [queued]>
[2023-09-04T06:01:11.496+0000] {taskinstance.py:1361} INFO - Starting attempt 1 of 6
[2023-09-04T06:01:11.521+0000] {taskinstance.py:1382} INFO - Executing <Task(PostgresOperator): delete_data_from_table> on 2021-12-31 00:00:00+00:00
[2023-09-04T06:01:11.532+0000] {standard_task_runner.py:57} INFO - Started process 4682 to run task
[2023-09-04T06:01:11.544+0000] {standard_task_runner.py:84} INFO - Running: ['***', 'tasks', 'run', 'dag_with_postgres_operator_v04', 'delete_data_from_table', 'scheduled__2021-12-31T00:00:00+00:00', '--job-id', '154', '--raw', '--subdir', 'DAGS_FOLDER/dag_with_postgres_operator.py', '--cfg-path', '/tmp/tmp7j2mwspl']
[2023-09-04T06:01:11.550+0000] {standard_task_runner.py:85} INFO - Job 154: Subtask delete_data_from_table
[2023-09-04T06:01:11.664+0000] {task_command.py:415} INFO - Running <TaskInstance: dag_with_postgres_operator_v04.delete_data_from_table scheduled__2021-12-31T00:00:00+00:00 [running]> on host 10bdc2e98230
[2023-09-04T06:01:11.850+0000] {taskinstance.py:1660} INFO - Exporting env vars: AIRFLOW_CTX_DAG_OWNER='coder2j' AIRFLOW_CTX_DAG_ID='dag_with_postgres_operator_v04' AIRFLOW_CTX_TASK_ID='delete_data_from_table' AIRFLOW_CTX_EXECUTION_DATE='2021-12-31T00:00:00+00:00' AIRFLOW_CTX_TRY_NUMBER='1' AIRFLOW_CTX_DAG_RUN_ID='scheduled__2021-12-31T00:00:00+00:00'
[2023-09-04T06:01:11.853+0000] {sql.py:274} INFO - Executing: 
            delete from dag_runs where dt = '2021-12-31' and dag_id = 'dag_with_postgres_operator_v04';
        
[2023-09-04T06:01:11.876+0000] {base.py:73} INFO - Using connection ID 'postgres_localhost' for task execution.
[2023-09-04T06:01:11.903+0000] {base.py:73} INFO - Using connection ID 'postgres_localhost' for task execution.
[2023-09-04T06:01:11.932+0000] {sql.py:418} INFO - Running statement: 
            delete from dag_runs where dt = '2021-12-31' and dag_id = 'dag_with_postgres_operator_v04';
        , parameters: None
[2023-09-04T06:01:11.942+0000] {sql.py:427} INFO - Rows affected: 0
[2023-09-04T06:01:11.967+0000] {taskinstance.py:1400} INFO - Marking task as SUCCESS. dag_id=dag_with_postgres_operator_v04, task_id=delete_data_from_table, execution_date=20211231T000000, start_date=20230904T060111, end_date=20230904T060111
[2023-09-04T06:01:12.000+0000] {local_task_job_runner.py:228} INFO - Task exited with return code 0
[2023-09-04T06:01:12.161+0000] {taskinstance.py:2784} INFO - 0 downstream tasks scheduled from follow-on schedule check
[2023-09-04T06:04:01.289+0000] {taskinstance.py:1159} INFO - Dependencies all met for dep_context=non-requeueable deps ti=<TaskInstance: dag_with_postgres_operator_v04.delete_data_from_table scheduled__2021-12-31T00:00:00+00:00 [queued]>
[2023-09-04T06:04:01.313+0000] {taskinstance.py:1159} INFO - Dependencies all met for dep_context=requeueable deps ti=<TaskInstance: dag_with_postgres_operator_v04.delete_data_from_table scheduled__2021-12-31T00:00:00+00:00 [queued]>
[2023-09-04T06:04:01.314+0000] {taskinstance.py:1361} INFO - Starting attempt 1 of 6
[2023-09-04T06:04:01.358+0000] {taskinstance.py:1382} INFO - Executing <Task(PostgresOperator): delete_data_from_table> on 2021-12-31 00:00:00+00:00
[2023-09-04T06:04:01.372+0000] {standard_task_runner.py:57} INFO - Started process 5998 to run task
[2023-09-04T06:04:01.378+0000] {standard_task_runner.py:84} INFO - Running: ['***', 'tasks', 'run', 'dag_with_postgres_operator_v04', 'delete_data_from_table', 'scheduled__2021-12-31T00:00:00+00:00', '--job-id', '710', '--raw', '--subdir', 'DAGS_FOLDER/dag_with_postgres_operator.py', '--cfg-path', '/tmp/tmp1lfkttyn']
[2023-09-04T06:04:01.384+0000] {standard_task_runner.py:85} INFO - Job 710: Subtask delete_data_from_table
[2023-09-04T06:04:01.516+0000] {task_command.py:415} INFO - Running <TaskInstance: dag_with_postgres_operator_v04.delete_data_from_table scheduled__2021-12-31T00:00:00+00:00 [running]> on host 10bdc2e98230
[2023-09-04T06:04:01.695+0000] {taskinstance.py:1660} INFO - Exporting env vars: AIRFLOW_CTX_DAG_OWNER='mohghaff' AIRFLOW_CTX_DAG_ID='dag_with_postgres_operator_v04' AIRFLOW_CTX_TASK_ID='delete_data_from_table' AIRFLOW_CTX_EXECUTION_DATE='2021-12-31T00:00:00+00:00' AIRFLOW_CTX_TRY_NUMBER='1' AIRFLOW_CTX_DAG_RUN_ID='scheduled__2021-12-31T00:00:00+00:00'
[2023-09-04T06:04:01.698+0000] {sql.py:274} INFO - Executing: 
            delete from dag_runs where dt = '2021-12-31' and dag_id = 'dag_with_postgres_operator_v04';
        
[2023-09-04T06:04:01.717+0000] {base.py:73} INFO - Using connection ID 'postgres_localhost' for task execution.
[2023-09-04T06:04:01.735+0000] {base.py:73} INFO - Using connection ID 'postgres_localhost' for task execution.
[2023-09-04T06:04:01.754+0000] {sql.py:418} INFO - Running statement: 
            delete from dag_runs where dt = '2021-12-31' and dag_id = 'dag_with_postgres_operator_v04';
        , parameters: None
[2023-09-04T06:04:01.762+0000] {sql.py:427} INFO - Rows affected: 1
[2023-09-04T06:04:01.788+0000] {taskinstance.py:1400} INFO - Marking task as SUCCESS. dag_id=dag_with_postgres_operator_v04, task_id=delete_data_from_table, execution_date=20211231T000000, start_date=20230904T060401, end_date=20230904T060401
[2023-09-04T06:04:01.832+0000] {local_task_job_runner.py:228} INFO - Task exited with return code 0
[2023-09-04T06:04:01.874+0000] {taskinstance.py:2784} INFO - 1 downstream tasks scheduled from follow-on schedule check
