[2023-09-04T06:01:26.503+0000] {taskinstance.py:1159} INFO - Dependencies all met for dep_context=non-requeueable deps ti=<TaskInstance: dag_with_postgres_operator_v04.delete_data_from_table scheduled__2022-01-19T00:00:00+00:00 [queued]>
[2023-09-04T06:01:26.523+0000] {taskinstance.py:1159} INFO - Dependencies all met for dep_context=requeueable deps ti=<TaskInstance: dag_with_postgres_operator_v04.delete_data_from_table scheduled__2022-01-19T00:00:00+00:00 [queued]>
[2023-09-04T06:01:26.524+0000] {taskinstance.py:1361} INFO - Starting attempt 1 of 6
[2023-09-04T06:01:26.561+0000] {taskinstance.py:1382} INFO - Executing <Task(PostgresOperator): delete_data_from_table> on 2022-01-19 00:00:00+00:00
[2023-09-04T06:01:26.571+0000] {standard_task_runner.py:57} INFO - Started process 4835 to run task
[2023-09-04T06:01:26.576+0000] {standard_task_runner.py:84} INFO - Running: ['***', 'tasks', 'run', 'dag_with_postgres_operator_v04', 'delete_data_from_table', 'scheduled__2022-01-19T00:00:00+00:00', '--job-id', '221', '--raw', '--subdir', 'DAGS_FOLDER/dag_with_postgres_operator.py', '--cfg-path', '/tmp/tmpcnxhdieu']
[2023-09-04T06:01:26.579+0000] {standard_task_runner.py:85} INFO - Job 221: Subtask delete_data_from_table
[2023-09-04T06:01:26.645+0000] {task_command.py:415} INFO - Running <TaskInstance: dag_with_postgres_operator_v04.delete_data_from_table scheduled__2022-01-19T00:00:00+00:00 [running]> on host 10bdc2e98230
[2023-09-04T06:01:26.780+0000] {taskinstance.py:1660} INFO - Exporting env vars: AIRFLOW_CTX_DAG_OWNER='coder2j' AIRFLOW_CTX_DAG_ID='dag_with_postgres_operator_v04' AIRFLOW_CTX_TASK_ID='delete_data_from_table' AIRFLOW_CTX_EXECUTION_DATE='2022-01-19T00:00:00+00:00' AIRFLOW_CTX_TRY_NUMBER='1' AIRFLOW_CTX_DAG_RUN_ID='scheduled__2022-01-19T00:00:00+00:00'
[2023-09-04T06:01:26.781+0000] {sql.py:274} INFO - Executing: 
            delete from dag_runs where dt = '2022-01-19' and dag_id = 'dag_with_postgres_operator_v04';
        
[2023-09-04T06:01:26.792+0000] {base.py:73} INFO - Using connection ID 'postgres_localhost' for task execution.
[2023-09-04T06:01:26.802+0000] {base.py:73} INFO - Using connection ID 'postgres_localhost' for task execution.
[2023-09-04T06:01:26.817+0000] {sql.py:418} INFO - Running statement: 
            delete from dag_runs where dt = '2022-01-19' and dag_id = 'dag_with_postgres_operator_v04';
        , parameters: None
[2023-09-04T06:01:26.823+0000] {sql.py:427} INFO - Rows affected: 0
[2023-09-04T06:01:26.840+0000] {taskinstance.py:1400} INFO - Marking task as SUCCESS. dag_id=dag_with_postgres_operator_v04, task_id=delete_data_from_table, execution_date=20220119T000000, start_date=20230904T060126, end_date=20230904T060126
[2023-09-04T06:01:26.870+0000] {local_task_job_runner.py:228} INFO - Task exited with return code 0
[2023-09-04T06:01:26.901+0000] {taskinstance.py:2784} INFO - 1 downstream tasks scheduled from follow-on schedule check
[2023-09-04T06:04:20.000+0000] {taskinstance.py:1159} INFO - Dependencies all met for dep_context=non-requeueable deps ti=<TaskInstance: dag_with_postgres_operator_v04.delete_data_from_table scheduled__2022-01-19T00:00:00+00:00 [queued]>
[2023-09-04T06:04:20.028+0000] {taskinstance.py:1159} INFO - Dependencies all met for dep_context=requeueable deps ti=<TaskInstance: dag_with_postgres_operator_v04.delete_data_from_table scheduled__2022-01-19T00:00:00+00:00 [queued]>
[2023-09-04T06:04:20.029+0000] {taskinstance.py:1361} INFO - Starting attempt 1 of 6
[2023-09-04T06:04:20.284+0000] {taskinstance.py:1382} INFO - Executing <Task(PostgresOperator): delete_data_from_table> on 2022-01-19 00:00:00+00:00
[2023-09-04T06:04:20.293+0000] {standard_task_runner.py:57} INFO - Started process 6150 to run task
[2023-09-04T06:04:20.298+0000] {standard_task_runner.py:84} INFO - Running: ['***', 'tasks', 'run', 'dag_with_postgres_operator_v04', 'delete_data_from_table', 'scheduled__2022-01-19T00:00:00+00:00', '--job-id', '779', '--raw', '--subdir', 'DAGS_FOLDER/dag_with_postgres_operator.py', '--cfg-path', '/tmp/tmpkx_1nt75']
[2023-09-04T06:04:20.302+0000] {standard_task_runner.py:85} INFO - Job 779: Subtask delete_data_from_table
[2023-09-04T06:04:20.427+0000] {task_command.py:415} INFO - Running <TaskInstance: dag_with_postgres_operator_v04.delete_data_from_table scheduled__2022-01-19T00:00:00+00:00 [running]> on host 10bdc2e98230
[2023-09-04T06:04:20.645+0000] {taskinstance.py:1660} INFO - Exporting env vars: AIRFLOW_CTX_DAG_OWNER='mohghaff' AIRFLOW_CTX_DAG_ID='dag_with_postgres_operator_v04' AIRFLOW_CTX_TASK_ID='delete_data_from_table' AIRFLOW_CTX_EXECUTION_DATE='2022-01-19T00:00:00+00:00' AIRFLOW_CTX_TRY_NUMBER='1' AIRFLOW_CTX_DAG_RUN_ID='scheduled__2022-01-19T00:00:00+00:00'
[2023-09-04T06:04:20.648+0000] {sql.py:274} INFO - Executing: 
            delete from dag_runs where dt = '2022-01-19' and dag_id = 'dag_with_postgres_operator_v04';
        
[2023-09-04T06:04:20.670+0000] {base.py:73} INFO - Using connection ID 'postgres_localhost' for task execution.
[2023-09-04T06:04:20.692+0000] {base.py:73} INFO - Using connection ID 'postgres_localhost' for task execution.
[2023-09-04T06:04:20.718+0000] {sql.py:418} INFO - Running statement: 
            delete from dag_runs where dt = '2022-01-19' and dag_id = 'dag_with_postgres_operator_v04';
        , parameters: None
[2023-09-04T06:04:20.728+0000] {sql.py:427} INFO - Rows affected: 1
[2023-09-04T06:04:20.756+0000] {taskinstance.py:1400} INFO - Marking task as SUCCESS. dag_id=dag_with_postgres_operator_v04, task_id=delete_data_from_table, execution_date=20220119T000000, start_date=20230904T060420, end_date=20230904T060420
[2023-09-04T06:04:20.842+0000] {local_task_job_runner.py:228} INFO - Task exited with return code 0
[2023-09-04T06:04:20.901+0000] {taskinstance.py:2784} INFO - 1 downstream tasks scheduled from follow-on schedule check
