[2023-09-04T06:02:48.672+0000] {taskinstance.py:1159} INFO - Dependencies all met for dep_context=non-requeueable deps ti=<TaskInstance: dag_with_postgres_operator_v04.delete_data_from_table scheduled__2022-04-22T00:00:00+00:00 [queued]>
[2023-09-04T06:02:48.689+0000] {taskinstance.py:1159} INFO - Dependencies all met for dep_context=requeueable deps ti=<TaskInstance: dag_with_postgres_operator_v04.delete_data_from_table scheduled__2022-04-22T00:00:00+00:00 [queued]>
[2023-09-04T06:02:48.690+0000] {taskinstance.py:1361} INFO - Starting attempt 1 of 6
[2023-09-04T06:02:48.711+0000] {taskinstance.py:1382} INFO - Executing <Task(PostgresOperator): delete_data_from_table> on 2022-04-22 00:00:00+00:00
[2023-09-04T06:02:48.719+0000] {standard_task_runner.py:57} INFO - Started process 5494 to run task
[2023-09-04T06:02:48.722+0000] {standard_task_runner.py:84} INFO - Running: ['***', 'tasks', 'run', 'dag_with_postgres_operator_v04', 'delete_data_from_table', 'scheduled__2022-04-22T00:00:00+00:00', '--job-id', '510', '--raw', '--subdir', 'DAGS_FOLDER/dag_with_postgres_operator.py', '--cfg-path', '/tmp/tmpiixw7wa1']
[2023-09-04T06:02:48.725+0000] {standard_task_runner.py:85} INFO - Job 510: Subtask delete_data_from_table
[2023-09-04T06:02:48.793+0000] {task_command.py:415} INFO - Running <TaskInstance: dag_with_postgres_operator_v04.delete_data_from_table scheduled__2022-04-22T00:00:00+00:00 [running]> on host 10bdc2e98230
[2023-09-04T06:02:48.908+0000] {taskinstance.py:1660} INFO - Exporting env vars: AIRFLOW_CTX_DAG_OWNER='coder2j' AIRFLOW_CTX_DAG_ID='dag_with_postgres_operator_v04' AIRFLOW_CTX_TASK_ID='delete_data_from_table' AIRFLOW_CTX_EXECUTION_DATE='2022-04-22T00:00:00+00:00' AIRFLOW_CTX_TRY_NUMBER='1' AIRFLOW_CTX_DAG_RUN_ID='scheduled__2022-04-22T00:00:00+00:00'
[2023-09-04T06:02:48.910+0000] {sql.py:274} INFO - Executing: 
            delete from dag_runs where dt = '2022-04-22' and dag_id = 'dag_with_postgres_operator_v04';
        
[2023-09-04T06:02:48.921+0000] {base.py:73} INFO - Using connection ID 'postgres_localhost' for task execution.
[2023-09-04T06:02:48.933+0000] {base.py:73} INFO - Using connection ID 'postgres_localhost' for task execution.
[2023-09-04T06:02:48.945+0000] {sql.py:418} INFO - Running statement: 
            delete from dag_runs where dt = '2022-04-22' and dag_id = 'dag_with_postgres_operator_v04';
        , parameters: None
[2023-09-04T06:02:48.951+0000] {sql.py:427} INFO - Rows affected: 0
[2023-09-04T06:02:48.965+0000] {taskinstance.py:1400} INFO - Marking task as SUCCESS. dag_id=dag_with_postgres_operator_v04, task_id=delete_data_from_table, execution_date=20220422T000000, start_date=20230904T060248, end_date=20230904T060248
[2023-09-04T06:02:49.014+0000] {local_task_job_runner.py:228} INFO - Task exited with return code 0
[2023-09-04T06:02:49.038+0000] {taskinstance.py:2784} INFO - 1 downstream tasks scheduled from follow-on schedule check
[2023-09-04T06:05:28.704+0000] {taskinstance.py:1159} INFO - Dependencies all met for dep_context=non-requeueable deps ti=<TaskInstance: dag_with_postgres_operator_v04.delete_data_from_table scheduled__2022-04-22T00:00:00+00:00 [queued]>
[2023-09-04T06:05:28.740+0000] {taskinstance.py:1159} INFO - Dependencies all met for dep_context=requeueable deps ti=<TaskInstance: dag_with_postgres_operator_v04.delete_data_from_table scheduled__2022-04-22T00:00:00+00:00 [queued]>
[2023-09-04T06:05:28.741+0000] {taskinstance.py:1361} INFO - Starting attempt 1 of 6
[2023-09-04T06:05:28.778+0000] {taskinstance.py:1382} INFO - Executing <Task(PostgresOperator): delete_data_from_table> on 2022-04-22 00:00:00+00:00
[2023-09-04T06:05:28.786+0000] {standard_task_runner.py:57} INFO - Started process 6776 to run task
[2023-09-04T06:05:28.791+0000] {standard_task_runner.py:84} INFO - Running: ['***', 'tasks', 'run', 'dag_with_postgres_operator_v04', 'delete_data_from_table', 'scheduled__2022-04-22T00:00:00+00:00', '--job-id', '1044', '--raw', '--subdir', 'DAGS_FOLDER/dag_with_postgres_operator.py', '--cfg-path', '/tmp/tmpxwfz_geo']
[2023-09-04T06:05:28.795+0000] {standard_task_runner.py:85} INFO - Job 1044: Subtask delete_data_from_table
[2023-09-04T06:05:28.924+0000] {task_command.py:415} INFO - Running <TaskInstance: dag_with_postgres_operator_v04.delete_data_from_table scheduled__2022-04-22T00:00:00+00:00 [running]> on host 10bdc2e98230
[2023-09-04T06:05:29.122+0000] {taskinstance.py:1660} INFO - Exporting env vars: AIRFLOW_CTX_DAG_OWNER='mohghaff' AIRFLOW_CTX_DAG_ID='dag_with_postgres_operator_v04' AIRFLOW_CTX_TASK_ID='delete_data_from_table' AIRFLOW_CTX_EXECUTION_DATE='2022-04-22T00:00:00+00:00' AIRFLOW_CTX_TRY_NUMBER='1' AIRFLOW_CTX_DAG_RUN_ID='scheduled__2022-04-22T00:00:00+00:00'
[2023-09-04T06:05:29.125+0000] {sql.py:274} INFO - Executing: 
            delete from dag_runs where dt = '2022-04-22' and dag_id = 'dag_with_postgres_operator_v04';
        
[2023-09-04T06:05:29.139+0000] {base.py:73} INFO - Using connection ID 'postgres_localhost' for task execution.
[2023-09-04T06:05:29.153+0000] {base.py:73} INFO - Using connection ID 'postgres_localhost' for task execution.
[2023-09-04T06:05:29.172+0000] {sql.py:418} INFO - Running statement: 
            delete from dag_runs where dt = '2022-04-22' and dag_id = 'dag_with_postgres_operator_v04';
        , parameters: None
[2023-09-04T06:05:29.180+0000] {sql.py:427} INFO - Rows affected: 1
[2023-09-04T06:05:29.202+0000] {taskinstance.py:1400} INFO - Marking task as SUCCESS. dag_id=dag_with_postgres_operator_v04, task_id=delete_data_from_table, execution_date=20220422T000000, start_date=20230904T060528, end_date=20230904T060529
[2023-09-04T06:05:29.244+0000] {local_task_job_runner.py:228} INFO - Task exited with return code 0
[2023-09-04T06:05:29.313+0000] {taskinstance.py:2784} INFO - 0 downstream tasks scheduled from follow-on schedule check
