[2023-09-04T03:16:49.550+0000] {processor.py:157} INFO - Started process (PID=176) to work on /opt/airflow/dags/dag_with_postgress_operator.py
[2023-09-04T03:16:49.551+0000] {processor.py:829} INFO - Processing file /opt/airflow/dags/dag_with_postgress_operator.py for tasks to queue
[2023-09-04T03:16:49.553+0000] {logging_mixin.py:151} INFO - [2023-09-04T03:16:49.552+0000] {dagbag.py:539} INFO - Filling up the DagBag from /opt/airflow/dags/dag_with_postgress_operator.py
[2023-09-04T03:16:49.555+0000] {processor.py:841} WARNING - No viable dags retrieved from /opt/airflow/dags/dag_with_postgress_operator.py
[2023-09-04T03:16:49.577+0000] {processor.py:179} INFO - Processing /opt/airflow/dags/dag_with_postgress_operator.py took 0.030 seconds
[2023-09-04T03:17:20.287+0000] {processor.py:157} INFO - Started process (PID=213) to work on /opt/airflow/dags/dag_with_postgress_operator.py
[2023-09-04T03:17:20.288+0000] {processor.py:829} INFO - Processing file /opt/airflow/dags/dag_with_postgress_operator.py for tasks to queue
[2023-09-04T03:17:20.289+0000] {logging_mixin.py:151} INFO - [2023-09-04T03:17:20.288+0000] {dagbag.py:539} INFO - Filling up the DagBag from /opt/airflow/dags/dag_with_postgress_operator.py
[2023-09-04T03:17:20.292+0000] {processor.py:841} WARNING - No viable dags retrieved from /opt/airflow/dags/dag_with_postgress_operator.py
[2023-09-04T03:17:20.308+0000] {processor.py:179} INFO - Processing /opt/airflow/dags/dag_with_postgress_operator.py took 0.026 seconds
[2023-09-04T03:17:50.923+0000] {processor.py:157} INFO - Started process (PID=250) to work on /opt/airflow/dags/dag_with_postgress_operator.py
[2023-09-04T03:17:50.925+0000] {processor.py:829} INFO - Processing file /opt/airflow/dags/dag_with_postgress_operator.py for tasks to queue
[2023-09-04T03:17:50.926+0000] {logging_mixin.py:151} INFO - [2023-09-04T03:17:50.925+0000] {dagbag.py:539} INFO - Filling up the DagBag from /opt/airflow/dags/dag_with_postgress_operator.py
[2023-09-04T03:17:50.929+0000] {processor.py:841} WARNING - No viable dags retrieved from /opt/airflow/dags/dag_with_postgress_operator.py
[2023-09-04T03:17:51.037+0000] {processor.py:179} INFO - Processing /opt/airflow/dags/dag_with_postgress_operator.py took 0.120 seconds
[2023-09-04T03:18:04.608+0000] {processor.py:157} INFO - Started process (PID=280) to work on /opt/airflow/dags/dag_with_postgress_operator.py
[2023-09-04T03:18:04.609+0000] {processor.py:829} INFO - Processing file /opt/airflow/dags/dag_with_postgress_operator.py for tasks to queue
[2023-09-04T03:18:04.610+0000] {logging_mixin.py:151} INFO - [2023-09-04T03:18:04.610+0000] {dagbag.py:539} INFO - Filling up the DagBag from /opt/airflow/dags/dag_with_postgress_operator.py
[2023-09-04T03:18:04.613+0000] {processor.py:841} WARNING - No viable dags retrieved from /opt/airflow/dags/dag_with_postgress_operator.py
[2023-09-04T03:18:04.632+0000] {processor.py:179} INFO - Processing /opt/airflow/dags/dag_with_postgress_operator.py took 0.027 seconds
[2023-09-04T03:18:34.892+0000] {processor.py:157} INFO - Started process (PID=317) to work on /opt/airflow/dags/dag_with_postgress_operator.py
[2023-09-04T03:18:34.898+0000] {processor.py:829} INFO - Processing file /opt/airflow/dags/dag_with_postgress_operator.py for tasks to queue
[2023-09-04T03:18:34.899+0000] {logging_mixin.py:151} INFO - [2023-09-04T03:18:34.898+0000] {dagbag.py:539} INFO - Filling up the DagBag from /opt/airflow/dags/dag_with_postgress_operator.py
[2023-09-04T03:18:34.901+0000] {processor.py:841} WARNING - No viable dags retrieved from /opt/airflow/dags/dag_with_postgress_operator.py
[2023-09-04T03:18:34.918+0000] {processor.py:179} INFO - Processing /opt/airflow/dags/dag_with_postgress_operator.py took 0.030 seconds
[2023-09-04T03:19:05.737+0000] {processor.py:157} INFO - Started process (PID=354) to work on /opt/airflow/dags/dag_with_postgress_operator.py
[2023-09-04T03:19:05.737+0000] {processor.py:829} INFO - Processing file /opt/airflow/dags/dag_with_postgress_operator.py for tasks to queue
[2023-09-04T03:19:05.738+0000] {logging_mixin.py:151} INFO - [2023-09-04T03:19:05.738+0000] {dagbag.py:539} INFO - Filling up the DagBag from /opt/airflow/dags/dag_with_postgress_operator.py
[2023-09-04T03:19:05.740+0000] {processor.py:841} WARNING - No viable dags retrieved from /opt/airflow/dags/dag_with_postgress_operator.py
[2023-09-04T03:19:05.757+0000] {processor.py:179} INFO - Processing /opt/airflow/dags/dag_with_postgress_operator.py took 0.023 seconds
[2023-09-04T03:19:36.463+0000] {processor.py:157} INFO - Started process (PID=391) to work on /opt/airflow/dags/dag_with_postgress_operator.py
[2023-09-04T03:19:36.464+0000] {processor.py:829} INFO - Processing file /opt/airflow/dags/dag_with_postgress_operator.py for tasks to queue
[2023-09-04T03:19:36.465+0000] {logging_mixin.py:151} INFO - [2023-09-04T03:19:36.464+0000] {dagbag.py:539} INFO - Filling up the DagBag from /opt/airflow/dags/dag_with_postgress_operator.py
[2023-09-04T03:19:36.466+0000] {processor.py:841} WARNING - No viable dags retrieved from /opt/airflow/dags/dag_with_postgress_operator.py
[2023-09-04T03:19:36.480+0000] {processor.py:179} INFO - Processing /opt/airflow/dags/dag_with_postgress_operator.py took 0.020 seconds
[2023-09-04T03:20:07.195+0000] {processor.py:157} INFO - Started process (PID=428) to work on /opt/airflow/dags/dag_with_postgress_operator.py
[2023-09-04T03:20:07.196+0000] {processor.py:829} INFO - Processing file /opt/airflow/dags/dag_with_postgress_operator.py for tasks to queue
[2023-09-04T03:20:07.198+0000] {logging_mixin.py:151} INFO - [2023-09-04T03:20:07.197+0000] {dagbag.py:539} INFO - Filling up the DagBag from /opt/airflow/dags/dag_with_postgress_operator.py
[2023-09-04T03:20:07.200+0000] {processor.py:841} WARNING - No viable dags retrieved from /opt/airflow/dags/dag_with_postgress_operator.py
[2023-09-04T03:20:07.220+0000] {processor.py:179} INFO - Processing /opt/airflow/dags/dag_with_postgress_operator.py took 0.028 seconds
[2023-09-04T03:20:37.998+0000] {processor.py:157} INFO - Started process (PID=465) to work on /opt/airflow/dags/dag_with_postgress_operator.py
[2023-09-04T03:20:37.999+0000] {processor.py:829} INFO - Processing file /opt/airflow/dags/dag_with_postgress_operator.py for tasks to queue
[2023-09-04T03:20:38.001+0000] {logging_mixin.py:151} INFO - [2023-09-04T03:20:38.000+0000] {dagbag.py:539} INFO - Filling up the DagBag from /opt/airflow/dags/dag_with_postgress_operator.py
[2023-09-04T03:20:38.003+0000] {processor.py:841} WARNING - No viable dags retrieved from /opt/airflow/dags/dag_with_postgress_operator.py
[2023-09-04T03:20:38.018+0000] {processor.py:179} INFO - Processing /opt/airflow/dags/dag_with_postgress_operator.py took 0.023 seconds
[2023-09-04T03:21:08.815+0000] {processor.py:157} INFO - Started process (PID=502) to work on /opt/airflow/dags/dag_with_postgress_operator.py
[2023-09-04T03:21:08.827+0000] {processor.py:829} INFO - Processing file /opt/airflow/dags/dag_with_postgress_operator.py for tasks to queue
[2023-09-04T03:21:08.829+0000] {logging_mixin.py:151} INFO - [2023-09-04T03:21:08.828+0000] {dagbag.py:539} INFO - Filling up the DagBag from /opt/airflow/dags/dag_with_postgress_operator.py
[2023-09-04T03:21:08.831+0000] {processor.py:841} WARNING - No viable dags retrieved from /opt/airflow/dags/dag_with_postgress_operator.py
[2023-09-04T03:21:08.851+0000] {processor.py:179} INFO - Processing /opt/airflow/dags/dag_with_postgress_operator.py took 0.040 seconds
[2023-09-04T03:21:39.626+0000] {processor.py:157} INFO - Started process (PID=539) to work on /opt/airflow/dags/dag_with_postgress_operator.py
[2023-09-04T03:21:39.627+0000] {processor.py:829} INFO - Processing file /opt/airflow/dags/dag_with_postgress_operator.py for tasks to queue
[2023-09-04T03:21:39.628+0000] {logging_mixin.py:151} INFO - [2023-09-04T03:21:39.628+0000] {dagbag.py:539} INFO - Filling up the DagBag from /opt/airflow/dags/dag_with_postgress_operator.py
[2023-09-04T03:21:39.630+0000] {processor.py:841} WARNING - No viable dags retrieved from /opt/airflow/dags/dag_with_postgress_operator.py
[2023-09-04T03:21:39.647+0000] {processor.py:179} INFO - Processing /opt/airflow/dags/dag_with_postgress_operator.py took 0.024 seconds
[2023-09-04T03:22:09.792+0000] {processor.py:157} INFO - Started process (PID=576) to work on /opt/airflow/dags/dag_with_postgress_operator.py
[2023-09-04T03:22:09.805+0000] {processor.py:829} INFO - Processing file /opt/airflow/dags/dag_with_postgress_operator.py for tasks to queue
[2023-09-04T03:22:09.807+0000] {logging_mixin.py:151} INFO - [2023-09-04T03:22:09.806+0000] {dagbag.py:539} INFO - Filling up the DagBag from /opt/airflow/dags/dag_with_postgress_operator.py
[2023-09-04T03:22:09.810+0000] {processor.py:841} WARNING - No viable dags retrieved from /opt/airflow/dags/dag_with_postgress_operator.py
[2023-09-04T03:22:09.827+0000] {processor.py:179} INFO - Processing /opt/airflow/dags/dag_with_postgress_operator.py took 0.038 seconds
[2023-09-04T03:22:39.946+0000] {processor.py:157} INFO - Started process (PID=613) to work on /opt/airflow/dags/dag_with_postgress_operator.py
[2023-09-04T03:22:39.947+0000] {processor.py:829} INFO - Processing file /opt/airflow/dags/dag_with_postgress_operator.py for tasks to queue
[2023-09-04T03:22:39.948+0000] {logging_mixin.py:151} INFO - [2023-09-04T03:22:39.948+0000] {dagbag.py:539} INFO - Filling up the DagBag from /opt/airflow/dags/dag_with_postgress_operator.py
[2023-09-04T03:22:39.950+0000] {processor.py:841} WARNING - No viable dags retrieved from /opt/airflow/dags/dag_with_postgress_operator.py
[2023-09-04T03:22:39.972+0000] {processor.py:179} INFO - Processing /opt/airflow/dags/dag_with_postgress_operator.py took 0.031 seconds
[2023-09-04T03:23:10.062+0000] {processor.py:157} INFO - Started process (PID=650) to work on /opt/airflow/dags/dag_with_postgress_operator.py
[2023-09-04T03:23:10.063+0000] {processor.py:829} INFO - Processing file /opt/airflow/dags/dag_with_postgress_operator.py for tasks to queue
[2023-09-04T03:23:10.065+0000] {logging_mixin.py:151} INFO - [2023-09-04T03:23:10.064+0000] {dagbag.py:539} INFO - Filling up the DagBag from /opt/airflow/dags/dag_with_postgress_operator.py
[2023-09-04T03:23:10.068+0000] {processor.py:841} WARNING - No viable dags retrieved from /opt/airflow/dags/dag_with_postgress_operator.py
[2023-09-04T03:23:10.089+0000] {processor.py:179} INFO - Processing /opt/airflow/dags/dag_with_postgress_operator.py took 0.032 seconds
[2023-09-04T03:23:40.699+0000] {processor.py:157} INFO - Started process (PID=687) to work on /opt/airflow/dags/dag_with_postgress_operator.py
[2023-09-04T03:23:40.700+0000] {processor.py:829} INFO - Processing file /opt/airflow/dags/dag_with_postgress_operator.py for tasks to queue
[2023-09-04T03:23:40.701+0000] {logging_mixin.py:151} INFO - [2023-09-04T03:23:40.701+0000] {dagbag.py:539} INFO - Filling up the DagBag from /opt/airflow/dags/dag_with_postgress_operator.py
[2023-09-04T03:23:40.704+0000] {processor.py:841} WARNING - No viable dags retrieved from /opt/airflow/dags/dag_with_postgress_operator.py
[2023-09-04T03:23:40.723+0000] {processor.py:179} INFO - Processing /opt/airflow/dags/dag_with_postgress_operator.py took 0.029 seconds
[2023-09-04T03:24:10.844+0000] {processor.py:157} INFO - Started process (PID=724) to work on /opt/airflow/dags/dag_with_postgress_operator.py
[2023-09-04T03:24:10.846+0000] {processor.py:829} INFO - Processing file /opt/airflow/dags/dag_with_postgress_operator.py for tasks to queue
[2023-09-04T03:24:10.848+0000] {logging_mixin.py:151} INFO - [2023-09-04T03:24:10.847+0000] {dagbag.py:539} INFO - Filling up the DagBag from /opt/airflow/dags/dag_with_postgress_operator.py
[2023-09-04T03:24:10.852+0000] {processor.py:841} WARNING - No viable dags retrieved from /opt/airflow/dags/dag_with_postgress_operator.py
[2023-09-04T03:24:10.873+0000] {processor.py:179} INFO - Processing /opt/airflow/dags/dag_with_postgress_operator.py took 0.037 seconds
[2023-09-04T03:24:41.418+0000] {processor.py:157} INFO - Started process (PID=761) to work on /opt/airflow/dags/dag_with_postgress_operator.py
[2023-09-04T03:24:41.419+0000] {processor.py:829} INFO - Processing file /opt/airflow/dags/dag_with_postgress_operator.py for tasks to queue
[2023-09-04T03:24:41.420+0000] {logging_mixin.py:151} INFO - [2023-09-04T03:24:41.420+0000] {dagbag.py:539} INFO - Filling up the DagBag from /opt/airflow/dags/dag_with_postgress_operator.py
[2023-09-04T03:24:41.424+0000] {processor.py:841} WARNING - No viable dags retrieved from /opt/airflow/dags/dag_with_postgress_operator.py
[2023-09-04T03:24:41.447+0000] {processor.py:179} INFO - Processing /opt/airflow/dags/dag_with_postgress_operator.py took 0.033 seconds
[2023-09-04T03:25:12.095+0000] {processor.py:157} INFO - Started process (PID=798) to work on /opt/airflow/dags/dag_with_postgress_operator.py
[2023-09-04T03:25:12.098+0000] {processor.py:829} INFO - Processing file /opt/airflow/dags/dag_with_postgress_operator.py for tasks to queue
[2023-09-04T03:25:12.102+0000] {logging_mixin.py:151} INFO - [2023-09-04T03:25:12.101+0000] {dagbag.py:539} INFO - Filling up the DagBag from /opt/airflow/dags/dag_with_postgress_operator.py
[2023-09-04T03:25:12.105+0000] {processor.py:841} WARNING - No viable dags retrieved from /opt/airflow/dags/dag_with_postgress_operator.py
[2023-09-04T03:25:12.194+0000] {processor.py:179} INFO - Processing /opt/airflow/dags/dag_with_postgress_operator.py took 0.115 seconds
[2023-09-04T03:25:42.724+0000] {processor.py:157} INFO - Started process (PID=842) to work on /opt/airflow/dags/dag_with_postgress_operator.py
[2023-09-04T03:25:42.724+0000] {processor.py:829} INFO - Processing file /opt/airflow/dags/dag_with_postgress_operator.py for tasks to queue
[2023-09-04T03:25:42.726+0000] {logging_mixin.py:151} INFO - [2023-09-04T03:25:42.725+0000] {dagbag.py:539} INFO - Filling up the DagBag from /opt/airflow/dags/dag_with_postgress_operator.py
[2023-09-04T03:25:42.728+0000] {processor.py:841} WARNING - No viable dags retrieved from /opt/airflow/dags/dag_with_postgress_operator.py
[2023-09-04T03:25:42.745+0000] {processor.py:179} INFO - Processing /opt/airflow/dags/dag_with_postgress_operator.py took 0.025 seconds
[2023-09-04T03:26:13.408+0000] {processor.py:157} INFO - Started process (PID=879) to work on /opt/airflow/dags/dag_with_postgress_operator.py
[2023-09-04T03:26:13.410+0000] {processor.py:829} INFO - Processing file /opt/airflow/dags/dag_with_postgress_operator.py for tasks to queue
[2023-09-04T03:26:13.411+0000] {logging_mixin.py:151} INFO - [2023-09-04T03:26:13.411+0000] {dagbag.py:539} INFO - Filling up the DagBag from /opt/airflow/dags/dag_with_postgress_operator.py
[2023-09-04T03:26:13.415+0000] {processor.py:841} WARNING - No viable dags retrieved from /opt/airflow/dags/dag_with_postgress_operator.py
[2023-09-04T03:26:13.436+0000] {processor.py:179} INFO - Processing /opt/airflow/dags/dag_with_postgress_operator.py took 0.032 seconds
[2023-09-04T03:26:43.877+0000] {processor.py:157} INFO - Started process (PID=916) to work on /opt/airflow/dags/dag_with_postgress_operator.py
[2023-09-04T03:26:43.878+0000] {processor.py:829} INFO - Processing file /opt/airflow/dags/dag_with_postgress_operator.py for tasks to queue
[2023-09-04T03:26:43.881+0000] {logging_mixin.py:151} INFO - [2023-09-04T03:26:43.879+0000] {dagbag.py:539} INFO - Filling up the DagBag from /opt/airflow/dags/dag_with_postgress_operator.py
[2023-09-04T03:26:43.884+0000] {processor.py:841} WARNING - No viable dags retrieved from /opt/airflow/dags/dag_with_postgress_operator.py
[2023-09-04T03:26:43.906+0000] {processor.py:179} INFO - Processing /opt/airflow/dags/dag_with_postgress_operator.py took 0.035 seconds
[2023-09-04T03:27:14.465+0000] {processor.py:157} INFO - Started process (PID=953) to work on /opt/airflow/dags/dag_with_postgress_operator.py
[2023-09-04T03:27:14.467+0000] {processor.py:829} INFO - Processing file /opt/airflow/dags/dag_with_postgress_operator.py for tasks to queue
[2023-09-04T03:27:14.468+0000] {logging_mixin.py:151} INFO - [2023-09-04T03:27:14.467+0000] {dagbag.py:539} INFO - Filling up the DagBag from /opt/airflow/dags/dag_with_postgress_operator.py
[2023-09-04T03:27:14.469+0000] {processor.py:841} WARNING - No viable dags retrieved from /opt/airflow/dags/dag_with_postgress_operator.py
[2023-09-04T03:27:14.484+0000] {processor.py:179} INFO - Processing /opt/airflow/dags/dag_with_postgress_operator.py took 0.022 seconds
[2023-09-04T03:27:44.952+0000] {processor.py:157} INFO - Started process (PID=990) to work on /opt/airflow/dags/dag_with_postgress_operator.py
[2023-09-04T03:27:44.953+0000] {processor.py:829} INFO - Processing file /opt/airflow/dags/dag_with_postgress_operator.py for tasks to queue
[2023-09-04T03:27:44.954+0000] {logging_mixin.py:151} INFO - [2023-09-04T03:27:44.954+0000] {dagbag.py:539} INFO - Filling up the DagBag from /opt/airflow/dags/dag_with_postgress_operator.py
[2023-09-04T03:27:44.957+0000] {processor.py:841} WARNING - No viable dags retrieved from /opt/airflow/dags/dag_with_postgress_operator.py
[2023-09-04T03:27:44.978+0000] {processor.py:179} INFO - Processing /opt/airflow/dags/dag_with_postgress_operator.py took 0.030 seconds
[2023-09-04T03:28:15.462+0000] {processor.py:157} INFO - Started process (PID=1027) to work on /opt/airflow/dags/dag_with_postgress_operator.py
[2023-09-04T03:28:15.463+0000] {processor.py:829} INFO - Processing file /opt/airflow/dags/dag_with_postgress_operator.py for tasks to queue
[2023-09-04T03:28:15.465+0000] {logging_mixin.py:151} INFO - [2023-09-04T03:28:15.464+0000] {dagbag.py:539} INFO - Filling up the DagBag from /opt/airflow/dags/dag_with_postgress_operator.py
[2023-09-04T03:28:15.470+0000] {processor.py:841} WARNING - No viable dags retrieved from /opt/airflow/dags/dag_with_postgress_operator.py
[2023-09-04T03:28:15.491+0000] {processor.py:179} INFO - Processing /opt/airflow/dags/dag_with_postgress_operator.py took 0.036 seconds
[2023-09-04T03:28:18.485+0000] {processor.py:157} INFO - Started process (PID=1032) to work on /opt/airflow/dags/dag_with_postgress_operator.py
[2023-09-04T03:28:18.486+0000] {processor.py:829} INFO - Processing file /opt/airflow/dags/dag_with_postgress_operator.py for tasks to queue
[2023-09-04T03:28:18.487+0000] {logging_mixin.py:151} INFO - [2023-09-04T03:28:18.487+0000] {dagbag.py:539} INFO - Filling up the DagBag from /opt/airflow/dags/dag_with_postgress_operator.py
[2023-09-04T03:28:18.490+0000] {processor.py:841} WARNING - No viable dags retrieved from /opt/airflow/dags/dag_with_postgress_operator.py
[2023-09-04T03:28:18.509+0000] {processor.py:179} INFO - Processing /opt/airflow/dags/dag_with_postgress_operator.py took 0.028 seconds
[2023-09-04T03:28:49.034+0000] {processor.py:157} INFO - Started process (PID=1070) to work on /opt/airflow/dags/dag_with_postgress_operator.py
[2023-09-04T03:28:49.046+0000] {processor.py:829} INFO - Processing file /opt/airflow/dags/dag_with_postgress_operator.py for tasks to queue
[2023-09-04T03:28:49.047+0000] {logging_mixin.py:151} INFO - [2023-09-04T03:28:49.047+0000] {dagbag.py:539} INFO - Filling up the DagBag from /opt/airflow/dags/dag_with_postgress_operator.py
[2023-09-04T03:28:49.050+0000] {processor.py:841} WARNING - No viable dags retrieved from /opt/airflow/dags/dag_with_postgress_operator.py
[2023-09-04T03:28:49.071+0000] {processor.py:179} INFO - Processing /opt/airflow/dags/dag_with_postgress_operator.py took 0.042 seconds
[2023-09-04T03:29:19.729+0000] {processor.py:157} INFO - Started process (PID=1107) to work on /opt/airflow/dags/dag_with_postgress_operator.py
[2023-09-04T03:29:19.730+0000] {processor.py:829} INFO - Processing file /opt/airflow/dags/dag_with_postgress_operator.py for tasks to queue
[2023-09-04T03:29:19.731+0000] {logging_mixin.py:151} INFO - [2023-09-04T03:29:19.730+0000] {dagbag.py:539} INFO - Filling up the DagBag from /opt/airflow/dags/dag_with_postgress_operator.py
[2023-09-04T03:29:19.733+0000] {processor.py:841} WARNING - No viable dags retrieved from /opt/airflow/dags/dag_with_postgress_operator.py
[2023-09-04T03:29:19.750+0000] {processor.py:179} INFO - Processing /opt/airflow/dags/dag_with_postgress_operator.py took 0.026 seconds
[2023-09-04T03:29:50.325+0000] {processor.py:157} INFO - Started process (PID=1144) to work on /opt/airflow/dags/dag_with_postgress_operator.py
[2023-09-04T03:29:50.327+0000] {processor.py:829} INFO - Processing file /opt/airflow/dags/dag_with_postgress_operator.py for tasks to queue
[2023-09-04T03:29:50.328+0000] {logging_mixin.py:151} INFO - [2023-09-04T03:29:50.327+0000] {dagbag.py:539} INFO - Filling up the DagBag from /opt/airflow/dags/dag_with_postgress_operator.py
[2023-09-04T03:29:50.333+0000] {processor.py:841} WARNING - No viable dags retrieved from /opt/airflow/dags/dag_with_postgress_operator.py
[2023-09-04T03:29:50.356+0000] {processor.py:179} INFO - Processing /opt/airflow/dags/dag_with_postgress_operator.py took 0.037 seconds
[2023-09-04T03:30:20.846+0000] {processor.py:157} INFO - Started process (PID=1181) to work on /opt/airflow/dags/dag_with_postgress_operator.py
[2023-09-04T03:30:20.847+0000] {processor.py:829} INFO - Processing file /opt/airflow/dags/dag_with_postgress_operator.py for tasks to queue
[2023-09-04T03:30:20.848+0000] {logging_mixin.py:151} INFO - [2023-09-04T03:30:20.848+0000] {dagbag.py:539} INFO - Filling up the DagBag from /opt/airflow/dags/dag_with_postgress_operator.py
[2023-09-04T03:30:20.850+0000] {processor.py:841} WARNING - No viable dags retrieved from /opt/airflow/dags/dag_with_postgress_operator.py
[2023-09-04T03:30:20.867+0000] {processor.py:179} INFO - Processing /opt/airflow/dags/dag_with_postgress_operator.py took 0.024 seconds
[2023-09-04T03:30:51.488+0000] {processor.py:157} INFO - Started process (PID=1218) to work on /opt/airflow/dags/dag_with_postgress_operator.py
[2023-09-04T03:30:51.490+0000] {processor.py:829} INFO - Processing file /opt/airflow/dags/dag_with_postgress_operator.py for tasks to queue
[2023-09-04T03:30:51.491+0000] {logging_mixin.py:151} INFO - [2023-09-04T03:30:51.490+0000] {dagbag.py:539} INFO - Filling up the DagBag from /opt/airflow/dags/dag_with_postgress_operator.py
[2023-09-04T03:30:51.492+0000] {processor.py:841} WARNING - No viable dags retrieved from /opt/airflow/dags/dag_with_postgress_operator.py
[2023-09-04T03:30:51.510+0000] {processor.py:179} INFO - Processing /opt/airflow/dags/dag_with_postgress_operator.py took 0.025 seconds
[2023-09-04T03:31:22.063+0000] {processor.py:157} INFO - Started process (PID=1255) to work on /opt/airflow/dags/dag_with_postgress_operator.py
[2023-09-04T03:31:22.064+0000] {processor.py:829} INFO - Processing file /opt/airflow/dags/dag_with_postgress_operator.py for tasks to queue
[2023-09-04T03:31:22.066+0000] {logging_mixin.py:151} INFO - [2023-09-04T03:31:22.065+0000] {dagbag.py:539} INFO - Filling up the DagBag from /opt/airflow/dags/dag_with_postgress_operator.py
[2023-09-04T03:31:22.070+0000] {processor.py:841} WARNING - No viable dags retrieved from /opt/airflow/dags/dag_with_postgress_operator.py
[2023-09-04T03:31:22.090+0000] {processor.py:179} INFO - Processing /opt/airflow/dags/dag_with_postgress_operator.py took 0.032 seconds
[2023-09-04T03:31:52.713+0000] {processor.py:157} INFO - Started process (PID=1292) to work on /opt/airflow/dags/dag_with_postgress_operator.py
[2023-09-04T03:31:52.715+0000] {processor.py:829} INFO - Processing file /opt/airflow/dags/dag_with_postgress_operator.py for tasks to queue
[2023-09-04T03:31:52.715+0000] {logging_mixin.py:151} INFO - [2023-09-04T03:31:52.715+0000] {dagbag.py:539} INFO - Filling up the DagBag from /opt/airflow/dags/dag_with_postgress_operator.py
[2023-09-04T03:31:52.718+0000] {processor.py:841} WARNING - No viable dags retrieved from /opt/airflow/dags/dag_with_postgress_operator.py
[2023-09-04T03:31:52.737+0000] {processor.py:179} INFO - Processing /opt/airflow/dags/dag_with_postgress_operator.py took 0.027 seconds
[2023-09-04T03:32:23.229+0000] {processor.py:157} INFO - Started process (PID=1329) to work on /opt/airflow/dags/dag_with_postgress_operator.py
[2023-09-04T03:32:23.230+0000] {processor.py:829} INFO - Processing file /opt/airflow/dags/dag_with_postgress_operator.py for tasks to queue
[2023-09-04T03:32:23.231+0000] {logging_mixin.py:151} INFO - [2023-09-04T03:32:23.230+0000] {dagbag.py:539} INFO - Filling up the DagBag from /opt/airflow/dags/dag_with_postgress_operator.py
[2023-09-04T03:32:23.234+0000] {processor.py:841} WARNING - No viable dags retrieved from /opt/airflow/dags/dag_with_postgress_operator.py
[2023-09-04T03:32:23.254+0000] {processor.py:179} INFO - Processing /opt/airflow/dags/dag_with_postgress_operator.py took 0.029 seconds
[2023-09-04T03:32:53.764+0000] {processor.py:157} INFO - Started process (PID=1366) to work on /opt/airflow/dags/dag_with_postgress_operator.py
[2023-09-04T03:32:53.767+0000] {processor.py:829} INFO - Processing file /opt/airflow/dags/dag_with_postgress_operator.py for tasks to queue
[2023-09-04T03:32:53.768+0000] {logging_mixin.py:151} INFO - [2023-09-04T03:32:53.768+0000] {dagbag.py:539} INFO - Filling up the DagBag from /opt/airflow/dags/dag_with_postgress_operator.py
[2023-09-04T03:32:53.772+0000] {processor.py:841} WARNING - No viable dags retrieved from /opt/airflow/dags/dag_with_postgress_operator.py
[2023-09-04T03:32:53.792+0000] {processor.py:179} INFO - Processing /opt/airflow/dags/dag_with_postgress_operator.py took 0.032 seconds
[2023-09-04T03:33:24.303+0000] {processor.py:157} INFO - Started process (PID=1403) to work on /opt/airflow/dags/dag_with_postgress_operator.py
[2023-09-04T03:33:24.304+0000] {processor.py:829} INFO - Processing file /opt/airflow/dags/dag_with_postgress_operator.py for tasks to queue
[2023-09-04T03:33:24.304+0000] {logging_mixin.py:151} INFO - [2023-09-04T03:33:24.304+0000] {dagbag.py:539} INFO - Filling up the DagBag from /opt/airflow/dags/dag_with_postgress_operator.py
[2023-09-04T03:33:24.306+0000] {processor.py:841} WARNING - No viable dags retrieved from /opt/airflow/dags/dag_with_postgress_operator.py
[2023-09-04T03:33:24.325+0000] {processor.py:179} INFO - Processing /opt/airflow/dags/dag_with_postgress_operator.py took 0.026 seconds
[2023-09-04T03:33:54.864+0000] {processor.py:157} INFO - Started process (PID=1440) to work on /opt/airflow/dags/dag_with_postgress_operator.py
[2023-09-04T03:33:54.866+0000] {processor.py:829} INFO - Processing file /opt/airflow/dags/dag_with_postgress_operator.py for tasks to queue
[2023-09-04T03:33:54.867+0000] {logging_mixin.py:151} INFO - [2023-09-04T03:33:54.867+0000] {dagbag.py:539} INFO - Filling up the DagBag from /opt/airflow/dags/dag_with_postgress_operator.py
[2023-09-04T03:33:54.870+0000] {processor.py:841} WARNING - No viable dags retrieved from /opt/airflow/dags/dag_with_postgress_operator.py
[2023-09-04T03:33:54.892+0000] {processor.py:179} INFO - Processing /opt/airflow/dags/dag_with_postgress_operator.py took 0.032 seconds
[2023-09-04T03:34:04.981+0000] {processor.py:157} INFO - Started process (PID=1445) to work on /opt/airflow/dags/dag_with_postgress_operator.py
[2023-09-04T03:34:04.982+0000] {processor.py:829} INFO - Processing file /opt/airflow/dags/dag_with_postgress_operator.py for tasks to queue
[2023-09-04T03:34:04.983+0000] {logging_mixin.py:151} INFO - [2023-09-04T03:34:04.982+0000] {dagbag.py:539} INFO - Filling up the DagBag from /opt/airflow/dags/dag_with_postgress_operator.py
[2023-09-04T03:34:04.989+0000] {logging_mixin.py:151} INFO - [2023-09-04T03:34:04.986+0000] {dagbag.py:347} ERROR - Failed to import: /opt/airflow/dags/dag_with_postgress_operator.py
Traceback (most recent call last):
  File "/home/airflow/.local/lib/python3.8/site-packages/airflow/models/dagbag.py", line 343, in parse
    loader.exec_module(new_module)
  File "<frozen importlib._bootstrap_external>", line 839, in exec_module
  File "<frozen importlib._bootstrap_external>", line 976, in get_code
  File "<frozen importlib._bootstrap_external>", line 906, in source_to_code
  File "<frozen importlib._bootstrap>", line 219, in _call_with_frames_removed
  File "/opt/airflow/dags/dag_with_postgress_operator.py", line 3
    from airflow.providers.
                          ^
SyntaxError: invalid syntax
[2023-09-04T03:34:04.990+0000] {processor.py:841} WARNING - No viable dags retrieved from /opt/airflow/dags/dag_with_postgress_operator.py
[2023-09-04T03:34:05.022+0000] {processor.py:179} INFO - Processing /opt/airflow/dags/dag_with_postgress_operator.py took 0.045 seconds
[2023-09-04T03:34:14.500+0000] {processor.py:157} INFO - Started process (PID=1473) to work on /opt/airflow/dags/dag_with_postgress_operator.py
[2023-09-04T03:34:14.501+0000] {processor.py:829} INFO - Processing file /opt/airflow/dags/dag_with_postgress_operator.py for tasks to queue
[2023-09-04T03:34:14.503+0000] {logging_mixin.py:151} INFO - [2023-09-04T03:34:14.502+0000] {dagbag.py:539} INFO - Filling up the DagBag from /opt/airflow/dags/dag_with_postgress_operator.py
[2023-09-04T03:34:14.509+0000] {processor.py:841} WARNING - No viable dags retrieved from /opt/airflow/dags/dag_with_postgress_operator.py
[2023-09-04T03:34:14.617+0000] {processor.py:179} INFO - Processing /opt/airflow/dags/dag_with_postgress_operator.py took 0.123 seconds
[2023-09-04T03:34:26.712+0000] {processor.py:157} INFO - Started process (PID=1487) to work on /opt/airflow/dags/dag_with_postgress_operator.py
[2023-09-04T03:34:26.713+0000] {processor.py:829} INFO - Processing file /opt/airflow/dags/dag_with_postgress_operator.py for tasks to queue
[2023-09-04T03:34:26.714+0000] {logging_mixin.py:151} INFO - [2023-09-04T03:34:26.713+0000] {dagbag.py:539} INFO - Filling up the DagBag from /opt/airflow/dags/dag_with_postgress_operator.py
[2023-09-04T03:34:26.717+0000] {processor.py:841} WARNING - No viable dags retrieved from /opt/airflow/dags/dag_with_postgress_operator.py
[2023-09-04T03:34:26.738+0000] {processor.py:179} INFO - Processing /opt/airflow/dags/dag_with_postgress_operator.py took 0.030 seconds
[2023-09-04T03:34:50.438+0000] {processor.py:157} INFO - Started process (PID=1529) to work on /opt/airflow/dags/dag_with_postgress_operator.py
[2023-09-04T03:34:50.446+0000] {processor.py:829} INFO - Processing file /opt/airflow/dags/dag_with_postgress_operator.py for tasks to queue
[2023-09-04T03:34:50.448+0000] {logging_mixin.py:151} INFO - [2023-09-04T03:34:50.447+0000] {dagbag.py:539} INFO - Filling up the DagBag from /opt/airflow/dags/dag_with_postgress_operator.py
[2023-09-04T03:34:50.450+0000] {processor.py:841} WARNING - No viable dags retrieved from /opt/airflow/dags/dag_with_postgress_operator.py
[2023-09-04T03:34:50.467+0000] {processor.py:179} INFO - Processing /opt/airflow/dags/dag_with_postgress_operator.py took 0.033 seconds
[2023-09-04T03:35:21.155+0000] {processor.py:157} INFO - Started process (PID=1565) to work on /opt/airflow/dags/dag_with_postgress_operator.py
[2023-09-04T03:35:21.156+0000] {processor.py:829} INFO - Processing file /opt/airflow/dags/dag_with_postgress_operator.py for tasks to queue
[2023-09-04T03:35:21.157+0000] {logging_mixin.py:151} INFO - [2023-09-04T03:35:21.157+0000] {dagbag.py:539} INFO - Filling up the DagBag from /opt/airflow/dags/dag_with_postgress_operator.py
[2023-09-04T03:35:21.160+0000] {processor.py:841} WARNING - No viable dags retrieved from /opt/airflow/dags/dag_with_postgress_operator.py
[2023-09-04T03:35:21.178+0000] {processor.py:179} INFO - Processing /opt/airflow/dags/dag_with_postgress_operator.py took 0.027 seconds
[2023-09-04T03:35:23.184+0000] {processor.py:157} INFO - Started process (PID=1570) to work on /opt/airflow/dags/dag_with_postgress_operator.py
[2023-09-04T03:35:23.185+0000] {processor.py:829} INFO - Processing file /opt/airflow/dags/dag_with_postgress_operator.py for tasks to queue
[2023-09-04T03:35:23.186+0000] {logging_mixin.py:151} INFO - [2023-09-04T03:35:23.185+0000] {dagbag.py:539} INFO - Filling up the DagBag from /opt/airflow/dags/dag_with_postgress_operator.py
[2023-09-04T03:35:23.189+0000] {processor.py:841} WARNING - No viable dags retrieved from /opt/airflow/dags/dag_with_postgress_operator.py
[2023-09-04T03:35:23.208+0000] {processor.py:179} INFO - Processing /opt/airflow/dags/dag_with_postgress_operator.py took 0.028 seconds
[2023-09-04T03:35:53.856+0000] {processor.py:157} INFO - Started process (PID=1607) to work on /opt/airflow/dags/dag_with_postgress_operator.py
[2023-09-04T03:35:53.857+0000] {processor.py:829} INFO - Processing file /opt/airflow/dags/dag_with_postgress_operator.py for tasks to queue
[2023-09-04T03:35:53.859+0000] {logging_mixin.py:151} INFO - [2023-09-04T03:35:53.858+0000] {dagbag.py:539} INFO - Filling up the DagBag from /opt/airflow/dags/dag_with_postgress_operator.py
[2023-09-04T03:35:53.861+0000] {processor.py:841} WARNING - No viable dags retrieved from /opt/airflow/dags/dag_with_postgress_operator.py
[2023-09-04T03:35:53.881+0000] {processor.py:179} INFO - Processing /opt/airflow/dags/dag_with_postgress_operator.py took 0.029 seconds
[2023-09-04T03:36:24.409+0000] {processor.py:157} INFO - Started process (PID=1645) to work on /opt/airflow/dags/dag_with_postgress_operator.py
[2023-09-04T03:36:24.410+0000] {processor.py:829} INFO - Processing file /opt/airflow/dags/dag_with_postgress_operator.py for tasks to queue
[2023-09-04T03:36:24.411+0000] {logging_mixin.py:151} INFO - [2023-09-04T03:36:24.411+0000] {dagbag.py:539} INFO - Filling up the DagBag from /opt/airflow/dags/dag_with_postgress_operator.py
[2023-09-04T03:36:24.415+0000] {processor.py:841} WARNING - No viable dags retrieved from /opt/airflow/dags/dag_with_postgress_operator.py
[2023-09-04T03:36:24.436+0000] {processor.py:179} INFO - Processing /opt/airflow/dags/dag_with_postgress_operator.py took 0.031 seconds
[2023-09-04T03:36:55.083+0000] {processor.py:157} INFO - Started process (PID=1683) to work on /opt/airflow/dags/dag_with_postgress_operator.py
[2023-09-04T03:36:55.094+0000] {processor.py:829} INFO - Processing file /opt/airflow/dags/dag_with_postgress_operator.py for tasks to queue
[2023-09-04T03:36:55.095+0000] {logging_mixin.py:151} INFO - [2023-09-04T03:36:55.095+0000] {dagbag.py:539} INFO - Filling up the DagBag from /opt/airflow/dags/dag_with_postgress_operator.py
[2023-09-04T03:36:55.099+0000] {processor.py:841} WARNING - No viable dags retrieved from /opt/airflow/dags/dag_with_postgress_operator.py
[2023-09-04T03:36:55.114+0000] {processor.py:179} INFO - Processing /opt/airflow/dags/dag_with_postgress_operator.py took 0.035 seconds
[2023-09-04T03:37:25.791+0000] {processor.py:157} INFO - Started process (PID=1720) to work on /opt/airflow/dags/dag_with_postgress_operator.py
[2023-09-04T03:37:25.792+0000] {processor.py:829} INFO - Processing file /opt/airflow/dags/dag_with_postgress_operator.py for tasks to queue
[2023-09-04T03:37:25.793+0000] {logging_mixin.py:151} INFO - [2023-09-04T03:37:25.793+0000] {dagbag.py:539} INFO - Filling up the DagBag from /opt/airflow/dags/dag_with_postgress_operator.py
[2023-09-04T03:37:25.795+0000] {processor.py:841} WARNING - No viable dags retrieved from /opt/airflow/dags/dag_with_postgress_operator.py
[2023-09-04T03:37:25.814+0000] {processor.py:179} INFO - Processing /opt/airflow/dags/dag_with_postgress_operator.py took 0.026 seconds
[2023-09-04T03:37:56.471+0000] {processor.py:157} INFO - Started process (PID=1757) to work on /opt/airflow/dags/dag_with_postgress_operator.py
[2023-09-04T03:37:56.472+0000] {processor.py:829} INFO - Processing file /opt/airflow/dags/dag_with_postgress_operator.py for tasks to queue
[2023-09-04T03:37:56.474+0000] {logging_mixin.py:151} INFO - [2023-09-04T03:37:56.473+0000] {dagbag.py:539} INFO - Filling up the DagBag from /opt/airflow/dags/dag_with_postgress_operator.py
[2023-09-04T03:37:56.477+0000] {processor.py:841} WARNING - No viable dags retrieved from /opt/airflow/dags/dag_with_postgress_operator.py
[2023-09-04T03:37:56.500+0000] {processor.py:179} INFO - Processing /opt/airflow/dags/dag_with_postgress_operator.py took 0.034 seconds
[2023-09-04T03:38:27.027+0000] {processor.py:157} INFO - Started process (PID=1794) to work on /opt/airflow/dags/dag_with_postgress_operator.py
[2023-09-04T03:38:27.028+0000] {processor.py:829} INFO - Processing file /opt/airflow/dags/dag_with_postgress_operator.py for tasks to queue
[2023-09-04T03:38:27.029+0000] {logging_mixin.py:151} INFO - [2023-09-04T03:38:27.029+0000] {dagbag.py:539} INFO - Filling up the DagBag from /opt/airflow/dags/dag_with_postgress_operator.py
[2023-09-04T03:38:27.031+0000] {processor.py:841} WARNING - No viable dags retrieved from /opt/airflow/dags/dag_with_postgress_operator.py
[2023-09-04T03:38:27.051+0000] {processor.py:179} INFO - Processing /opt/airflow/dags/dag_with_postgress_operator.py took 0.029 seconds
[2023-09-04T03:38:57.690+0000] {processor.py:157} INFO - Started process (PID=1831) to work on /opt/airflow/dags/dag_with_postgress_operator.py
[2023-09-04T03:38:57.692+0000] {processor.py:829} INFO - Processing file /opt/airflow/dags/dag_with_postgress_operator.py for tasks to queue
[2023-09-04T03:38:57.693+0000] {logging_mixin.py:151} INFO - [2023-09-04T03:38:57.693+0000] {dagbag.py:539} INFO - Filling up the DagBag from /opt/airflow/dags/dag_with_postgress_operator.py
[2023-09-04T03:38:57.696+0000] {processor.py:841} WARNING - No viable dags retrieved from /opt/airflow/dags/dag_with_postgress_operator.py
[2023-09-04T03:38:57.714+0000] {processor.py:179} INFO - Processing /opt/airflow/dags/dag_with_postgress_operator.py took 0.028 seconds
[2023-09-04T03:39:28.196+0000] {processor.py:157} INFO - Started process (PID=1868) to work on /opt/airflow/dags/dag_with_postgress_operator.py
[2023-09-04T03:39:28.196+0000] {processor.py:829} INFO - Processing file /opt/airflow/dags/dag_with_postgress_operator.py for tasks to queue
[2023-09-04T03:39:28.197+0000] {logging_mixin.py:151} INFO - [2023-09-04T03:39:28.197+0000] {dagbag.py:539} INFO - Filling up the DagBag from /opt/airflow/dags/dag_with_postgress_operator.py
[2023-09-04T03:39:28.199+0000] {processor.py:841} WARNING - No viable dags retrieved from /opt/airflow/dags/dag_with_postgress_operator.py
[2023-09-04T03:39:28.216+0000] {processor.py:179} INFO - Processing /opt/airflow/dags/dag_with_postgress_operator.py took 0.023 seconds
[2023-09-04T03:39:58.753+0000] {processor.py:157} INFO - Started process (PID=1905) to work on /opt/airflow/dags/dag_with_postgress_operator.py
[2023-09-04T03:39:58.755+0000] {processor.py:829} INFO - Processing file /opt/airflow/dags/dag_with_postgress_operator.py for tasks to queue
[2023-09-04T03:39:58.756+0000] {logging_mixin.py:151} INFO - [2023-09-04T03:39:58.755+0000] {dagbag.py:539} INFO - Filling up the DagBag from /opt/airflow/dags/dag_with_postgress_operator.py
[2023-09-04T03:39:58.758+0000] {processor.py:841} WARNING - No viable dags retrieved from /opt/airflow/dags/dag_with_postgress_operator.py
[2023-09-04T03:39:58.777+0000] {processor.py:179} INFO - Processing /opt/airflow/dags/dag_with_postgress_operator.py took 0.028 seconds
[2023-09-04T03:40:29.420+0000] {processor.py:157} INFO - Started process (PID=1942) to work on /opt/airflow/dags/dag_with_postgress_operator.py
[2023-09-04T03:40:29.421+0000] {processor.py:829} INFO - Processing file /opt/airflow/dags/dag_with_postgress_operator.py for tasks to queue
[2023-09-04T03:40:29.422+0000] {logging_mixin.py:151} INFO - [2023-09-04T03:40:29.421+0000] {dagbag.py:539} INFO - Filling up the DagBag from /opt/airflow/dags/dag_with_postgress_operator.py
[2023-09-04T03:40:29.424+0000] {processor.py:841} WARNING - No viable dags retrieved from /opt/airflow/dags/dag_with_postgress_operator.py
[2023-09-04T03:40:29.443+0000] {processor.py:179} INFO - Processing /opt/airflow/dags/dag_with_postgress_operator.py took 0.027 seconds
[2023-09-04T03:40:59.994+0000] {processor.py:157} INFO - Started process (PID=1979) to work on /opt/airflow/dags/dag_with_postgress_operator.py
[2023-09-04T03:40:59.995+0000] {processor.py:829} INFO - Processing file /opt/airflow/dags/dag_with_postgress_operator.py for tasks to queue
[2023-09-04T03:40:59.996+0000] {logging_mixin.py:151} INFO - [2023-09-04T03:40:59.996+0000] {dagbag.py:539} INFO - Filling up the DagBag from /opt/airflow/dags/dag_with_postgress_operator.py
[2023-09-04T03:40:59.998+0000] {processor.py:841} WARNING - No viable dags retrieved from /opt/airflow/dags/dag_with_postgress_operator.py
[2023-09-04T03:41:00.018+0000] {processor.py:179} INFO - Processing /opt/airflow/dags/dag_with_postgress_operator.py took 0.029 seconds
[2023-09-04T03:41:30.664+0000] {processor.py:157} INFO - Started process (PID=2016) to work on /opt/airflow/dags/dag_with_postgress_operator.py
[2023-09-04T03:41:30.665+0000] {processor.py:829} INFO - Processing file /opt/airflow/dags/dag_with_postgress_operator.py for tasks to queue
[2023-09-04T03:41:30.666+0000] {logging_mixin.py:151} INFO - [2023-09-04T03:41:30.666+0000] {dagbag.py:539} INFO - Filling up the DagBag from /opt/airflow/dags/dag_with_postgress_operator.py
[2023-09-04T03:41:30.669+0000] {processor.py:841} WARNING - No viable dags retrieved from /opt/airflow/dags/dag_with_postgress_operator.py
[2023-09-04T03:41:30.686+0000] {processor.py:179} INFO - Processing /opt/airflow/dags/dag_with_postgress_operator.py took 0.025 seconds
[2023-09-04T03:42:01.374+0000] {processor.py:157} INFO - Started process (PID=2053) to work on /opt/airflow/dags/dag_with_postgress_operator.py
[2023-09-04T03:42:01.375+0000] {processor.py:829} INFO - Processing file /opt/airflow/dags/dag_with_postgress_operator.py for tasks to queue
[2023-09-04T03:42:01.377+0000] {logging_mixin.py:151} INFO - [2023-09-04T03:42:01.376+0000] {dagbag.py:539} INFO - Filling up the DagBag from /opt/airflow/dags/dag_with_postgress_operator.py
[2023-09-04T03:42:01.379+0000] {processor.py:841} WARNING - No viable dags retrieved from /opt/airflow/dags/dag_with_postgress_operator.py
[2023-09-04T03:42:01.397+0000] {processor.py:179} INFO - Processing /opt/airflow/dags/dag_with_postgress_operator.py took 0.028 seconds
[2023-09-04T03:42:27.023+0000] {processor.py:157} INFO - Started process (PID=2085) to work on /opt/airflow/dags/dag_with_postgress_operator.py
[2023-09-04T03:42:27.024+0000] {processor.py:829} INFO - Processing file /opt/airflow/dags/dag_with_postgress_operator.py for tasks to queue
[2023-09-04T03:42:27.025+0000] {logging_mixin.py:151} INFO - [2023-09-04T03:42:27.024+0000] {dagbag.py:539} INFO - Filling up the DagBag from /opt/airflow/dags/dag_with_postgress_operator.py
[2023-09-04T03:42:27.029+0000] {processor.py:841} WARNING - No viable dags retrieved from /opt/airflow/dags/dag_with_postgress_operator.py
[2023-09-04T03:42:27.050+0000] {processor.py:179} INFO - Processing /opt/airflow/dags/dag_with_postgress_operator.py took 0.032 seconds
[2023-09-04T03:42:57.703+0000] {processor.py:157} INFO - Started process (PID=2122) to work on /opt/airflow/dags/dag_with_postgress_operator.py
[2023-09-04T03:42:57.704+0000] {processor.py:829} INFO - Processing file /opt/airflow/dags/dag_with_postgress_operator.py for tasks to queue
[2023-09-04T03:42:57.706+0000] {logging_mixin.py:151} INFO - [2023-09-04T03:42:57.705+0000] {dagbag.py:539} INFO - Filling up the DagBag from /opt/airflow/dags/dag_with_postgress_operator.py
[2023-09-04T03:42:57.709+0000] {processor.py:841} WARNING - No viable dags retrieved from /opt/airflow/dags/dag_with_postgress_operator.py
[2023-09-04T03:42:57.728+0000] {processor.py:179} INFO - Processing /opt/airflow/dags/dag_with_postgress_operator.py took 0.030 seconds
[2023-09-04T03:43:28.295+0000] {processor.py:157} INFO - Started process (PID=2160) to work on /opt/airflow/dags/dag_with_postgress_operator.py
[2023-09-04T03:43:28.307+0000] {processor.py:829} INFO - Processing file /opt/airflow/dags/dag_with_postgress_operator.py for tasks to queue
[2023-09-04T03:43:28.308+0000] {logging_mixin.py:151} INFO - [2023-09-04T03:43:28.308+0000] {dagbag.py:539} INFO - Filling up the DagBag from /opt/airflow/dags/dag_with_postgress_operator.py
[2023-09-04T03:43:28.310+0000] {processor.py:841} WARNING - No viable dags retrieved from /opt/airflow/dags/dag_with_postgress_operator.py
[2023-09-04T03:43:28.329+0000] {processor.py:179} INFO - Processing /opt/airflow/dags/dag_with_postgress_operator.py took 0.039 seconds
[2023-09-04T03:43:58.995+0000] {processor.py:157} INFO - Started process (PID=2197) to work on /opt/airflow/dags/dag_with_postgress_operator.py
[2023-09-04T03:43:58.996+0000] {processor.py:829} INFO - Processing file /opt/airflow/dags/dag_with_postgress_operator.py for tasks to queue
[2023-09-04T03:43:58.997+0000] {logging_mixin.py:151} INFO - [2023-09-04T03:43:58.997+0000] {dagbag.py:539} INFO - Filling up the DagBag from /opt/airflow/dags/dag_with_postgress_operator.py
[2023-09-04T03:43:59.000+0000] {processor.py:841} WARNING - No viable dags retrieved from /opt/airflow/dags/dag_with_postgress_operator.py
[2023-09-04T03:43:59.017+0000] {processor.py:179} INFO - Processing /opt/airflow/dags/dag_with_postgress_operator.py took 0.025 seconds
[2023-09-04T03:44:29.636+0000] {processor.py:157} INFO - Started process (PID=2234) to work on /opt/airflow/dags/dag_with_postgress_operator.py
[2023-09-04T03:44:29.638+0000] {processor.py:829} INFO - Processing file /opt/airflow/dags/dag_with_postgress_operator.py for tasks to queue
[2023-09-04T03:44:29.639+0000] {logging_mixin.py:151} INFO - [2023-09-04T03:44:29.638+0000] {dagbag.py:539} INFO - Filling up the DagBag from /opt/airflow/dags/dag_with_postgress_operator.py
[2023-09-04T03:44:29.641+0000] {processor.py:841} WARNING - No viable dags retrieved from /opt/airflow/dags/dag_with_postgress_operator.py
[2023-09-04T03:44:29.659+0000] {processor.py:179} INFO - Processing /opt/airflow/dags/dag_with_postgress_operator.py took 0.026 seconds
[2023-09-04T03:45:00.271+0000] {processor.py:157} INFO - Started process (PID=2271) to work on /opt/airflow/dags/dag_with_postgress_operator.py
[2023-09-04T03:45:00.272+0000] {processor.py:829} INFO - Processing file /opt/airflow/dags/dag_with_postgress_operator.py for tasks to queue
[2023-09-04T03:45:00.273+0000] {logging_mixin.py:151} INFO - [2023-09-04T03:45:00.273+0000] {dagbag.py:539} INFO - Filling up the DagBag from /opt/airflow/dags/dag_with_postgress_operator.py
[2023-09-04T03:45:00.275+0000] {processor.py:841} WARNING - No viable dags retrieved from /opt/airflow/dags/dag_with_postgress_operator.py
[2023-09-04T03:45:00.295+0000] {processor.py:179} INFO - Processing /opt/airflow/dags/dag_with_postgress_operator.py took 0.028 seconds
[2023-09-04T03:45:30.845+0000] {processor.py:157} INFO - Started process (PID=2309) to work on /opt/airflow/dags/dag_with_postgress_operator.py
[2023-09-04T03:45:30.846+0000] {processor.py:829} INFO - Processing file /opt/airflow/dags/dag_with_postgress_operator.py for tasks to queue
[2023-09-04T03:45:30.847+0000] {logging_mixin.py:151} INFO - [2023-09-04T03:45:30.847+0000] {dagbag.py:539} INFO - Filling up the DagBag from /opt/airflow/dags/dag_with_postgress_operator.py
[2023-09-04T03:45:30.850+0000] {processor.py:841} WARNING - No viable dags retrieved from /opt/airflow/dags/dag_with_postgress_operator.py
[2023-09-04T03:45:30.868+0000] {processor.py:179} INFO - Processing /opt/airflow/dags/dag_with_postgress_operator.py took 0.027 seconds
[2023-09-04T03:46:01.586+0000] {processor.py:157} INFO - Started process (PID=2346) to work on /opt/airflow/dags/dag_with_postgress_operator.py
[2023-09-04T03:46:01.587+0000] {processor.py:829} INFO - Processing file /opt/airflow/dags/dag_with_postgress_operator.py for tasks to queue
[2023-09-04T03:46:01.588+0000] {logging_mixin.py:151} INFO - [2023-09-04T03:46:01.587+0000] {dagbag.py:539} INFO - Filling up the DagBag from /opt/airflow/dags/dag_with_postgress_operator.py
[2023-09-04T03:46:01.590+0000] {processor.py:841} WARNING - No viable dags retrieved from /opt/airflow/dags/dag_with_postgress_operator.py
[2023-09-04T03:46:01.609+0000] {processor.py:179} INFO - Processing /opt/airflow/dags/dag_with_postgress_operator.py took 0.027 seconds
[2023-09-04T03:46:32.238+0000] {processor.py:157} INFO - Started process (PID=2384) to work on /opt/airflow/dags/dag_with_postgress_operator.py
[2023-09-04T03:46:32.251+0000] {processor.py:829} INFO - Processing file /opt/airflow/dags/dag_with_postgress_operator.py for tasks to queue
[2023-09-04T03:46:32.252+0000] {logging_mixin.py:151} INFO - [2023-09-04T03:46:32.251+0000] {dagbag.py:539} INFO - Filling up the DagBag from /opt/airflow/dags/dag_with_postgress_operator.py
[2023-09-04T03:46:32.254+0000] {processor.py:841} WARNING - No viable dags retrieved from /opt/airflow/dags/dag_with_postgress_operator.py
[2023-09-04T03:46:32.272+0000] {processor.py:179} INFO - Processing /opt/airflow/dags/dag_with_postgress_operator.py took 0.037 seconds
[2023-09-04T03:47:02.912+0000] {processor.py:157} INFO - Started process (PID=2421) to work on /opt/airflow/dags/dag_with_postgress_operator.py
[2023-09-04T03:47:02.913+0000] {processor.py:829} INFO - Processing file /opt/airflow/dags/dag_with_postgress_operator.py for tasks to queue
[2023-09-04T03:47:02.914+0000] {logging_mixin.py:151} INFO - [2023-09-04T03:47:02.914+0000] {dagbag.py:539} INFO - Filling up the DagBag from /opt/airflow/dags/dag_with_postgress_operator.py
[2023-09-04T03:47:02.917+0000] {processor.py:841} WARNING - No viable dags retrieved from /opt/airflow/dags/dag_with_postgress_operator.py
[2023-09-04T03:47:02.936+0000] {processor.py:179} INFO - Processing /opt/airflow/dags/dag_with_postgress_operator.py took 0.027 seconds
[2023-09-04T03:47:33.582+0000] {processor.py:157} INFO - Started process (PID=2458) to work on /opt/airflow/dags/dag_with_postgress_operator.py
[2023-09-04T03:47:33.583+0000] {processor.py:829} INFO - Processing file /opt/airflow/dags/dag_with_postgress_operator.py for tasks to queue
[2023-09-04T03:47:33.584+0000] {logging_mixin.py:151} INFO - [2023-09-04T03:47:33.584+0000] {dagbag.py:539} INFO - Filling up the DagBag from /opt/airflow/dags/dag_with_postgress_operator.py
[2023-09-04T03:47:33.586+0000] {processor.py:841} WARNING - No viable dags retrieved from /opt/airflow/dags/dag_with_postgress_operator.py
[2023-09-04T03:47:33.603+0000] {processor.py:179} INFO - Processing /opt/airflow/dags/dag_with_postgress_operator.py took 0.024 seconds
[2023-09-04T03:48:04.301+0000] {processor.py:157} INFO - Started process (PID=2495) to work on /opt/airflow/dags/dag_with_postgress_operator.py
[2023-09-04T03:48:04.302+0000] {processor.py:829} INFO - Processing file /opt/airflow/dags/dag_with_postgress_operator.py for tasks to queue
[2023-09-04T03:48:04.303+0000] {logging_mixin.py:151} INFO - [2023-09-04T03:48:04.303+0000] {dagbag.py:539} INFO - Filling up the DagBag from /opt/airflow/dags/dag_with_postgress_operator.py
[2023-09-04T03:48:04.305+0000] {processor.py:841} WARNING - No viable dags retrieved from /opt/airflow/dags/dag_with_postgress_operator.py
[2023-09-04T03:48:04.326+0000] {processor.py:179} INFO - Processing /opt/airflow/dags/dag_with_postgress_operator.py took 0.030 seconds
[2023-09-04T03:48:34.944+0000] {processor.py:157} INFO - Started process (PID=2532) to work on /opt/airflow/dags/dag_with_postgress_operator.py
[2023-09-04T03:48:34.946+0000] {processor.py:829} INFO - Processing file /opt/airflow/dags/dag_with_postgress_operator.py for tasks to queue
[2023-09-04T03:48:34.947+0000] {logging_mixin.py:151} INFO - [2023-09-04T03:48:34.947+0000] {dagbag.py:539} INFO - Filling up the DagBag from /opt/airflow/dags/dag_with_postgress_operator.py
[2023-09-04T03:48:34.949+0000] {processor.py:841} WARNING - No viable dags retrieved from /opt/airflow/dags/dag_with_postgress_operator.py
[2023-09-04T03:48:34.970+0000] {processor.py:179} INFO - Processing /opt/airflow/dags/dag_with_postgress_operator.py took 0.032 seconds
[2023-09-04T03:49:05.518+0000] {processor.py:157} INFO - Started process (PID=2569) to work on /opt/airflow/dags/dag_with_postgress_operator.py
[2023-09-04T03:49:05.520+0000] {processor.py:829} INFO - Processing file /opt/airflow/dags/dag_with_postgress_operator.py for tasks to queue
[2023-09-04T03:49:05.522+0000] {logging_mixin.py:151} INFO - [2023-09-04T03:49:05.522+0000] {dagbag.py:539} INFO - Filling up the DagBag from /opt/airflow/dags/dag_with_postgress_operator.py
[2023-09-04T03:49:05.525+0000] {processor.py:841} WARNING - No viable dags retrieved from /opt/airflow/dags/dag_with_postgress_operator.py
[2023-09-04T03:49:05.542+0000] {processor.py:179} INFO - Processing /opt/airflow/dags/dag_with_postgress_operator.py took 0.026 seconds
[2023-09-04T03:49:36.137+0000] {processor.py:157} INFO - Started process (PID=2606) to work on /opt/airflow/dags/dag_with_postgress_operator.py
[2023-09-04T03:49:36.138+0000] {processor.py:829} INFO - Processing file /opt/airflow/dags/dag_with_postgress_operator.py for tasks to queue
[2023-09-04T03:49:36.140+0000] {logging_mixin.py:151} INFO - [2023-09-04T03:49:36.139+0000] {dagbag.py:539} INFO - Filling up the DagBag from /opt/airflow/dags/dag_with_postgress_operator.py
[2023-09-04T03:49:36.143+0000] {processor.py:841} WARNING - No viable dags retrieved from /opt/airflow/dags/dag_with_postgress_operator.py
[2023-09-04T03:49:36.165+0000] {processor.py:179} INFO - Processing /opt/airflow/dags/dag_with_postgress_operator.py took 0.032 seconds
[2023-09-04T03:50:06.760+0000] {processor.py:157} INFO - Started process (PID=2643) to work on /opt/airflow/dags/dag_with_postgress_operator.py
[2023-09-04T03:50:06.761+0000] {processor.py:829} INFO - Processing file /opt/airflow/dags/dag_with_postgress_operator.py for tasks to queue
[2023-09-04T03:50:06.761+0000] {logging_mixin.py:151} INFO - [2023-09-04T03:50:06.761+0000] {dagbag.py:539} INFO - Filling up the DagBag from /opt/airflow/dags/dag_with_postgress_operator.py
[2023-09-04T03:50:06.763+0000] {processor.py:841} WARNING - No viable dags retrieved from /opt/airflow/dags/dag_with_postgress_operator.py
[2023-09-04T03:50:06.781+0000] {processor.py:179} INFO - Processing /opt/airflow/dags/dag_with_postgress_operator.py took 0.024 seconds
[2023-09-04T03:50:37.392+0000] {processor.py:157} INFO - Started process (PID=2680) to work on /opt/airflow/dags/dag_with_postgress_operator.py
[2023-09-04T03:50:37.394+0000] {processor.py:829} INFO - Processing file /opt/airflow/dags/dag_with_postgress_operator.py for tasks to queue
[2023-09-04T03:50:37.395+0000] {logging_mixin.py:151} INFO - [2023-09-04T03:50:37.394+0000] {dagbag.py:539} INFO - Filling up the DagBag from /opt/airflow/dags/dag_with_postgress_operator.py
[2023-09-04T03:50:37.397+0000] {processor.py:841} WARNING - No viable dags retrieved from /opt/airflow/dags/dag_with_postgress_operator.py
[2023-09-04T03:50:37.415+0000] {processor.py:179} INFO - Processing /opt/airflow/dags/dag_with_postgress_operator.py took 0.027 seconds
[2023-09-04T03:51:07.986+0000] {processor.py:157} INFO - Started process (PID=2717) to work on /opt/airflow/dags/dag_with_postgress_operator.py
[2023-09-04T03:51:07.988+0000] {processor.py:829} INFO - Processing file /opt/airflow/dags/dag_with_postgress_operator.py for tasks to queue
[2023-09-04T03:51:07.989+0000] {logging_mixin.py:151} INFO - [2023-09-04T03:51:07.989+0000] {dagbag.py:539} INFO - Filling up the DagBag from /opt/airflow/dags/dag_with_postgress_operator.py
[2023-09-04T03:51:07.992+0000] {processor.py:841} WARNING - No viable dags retrieved from /opt/airflow/dags/dag_with_postgress_operator.py
[2023-09-04T03:51:08.022+0000] {processor.py:179} INFO - Processing /opt/airflow/dags/dag_with_postgress_operator.py took 0.041 seconds
[2023-09-04T03:51:38.589+0000] {processor.py:157} INFO - Started process (PID=2754) to work on /opt/airflow/dags/dag_with_postgress_operator.py
[2023-09-04T03:51:38.602+0000] {processor.py:829} INFO - Processing file /opt/airflow/dags/dag_with_postgress_operator.py for tasks to queue
[2023-09-04T03:51:38.603+0000] {logging_mixin.py:151} INFO - [2023-09-04T03:51:38.603+0000] {dagbag.py:539} INFO - Filling up the DagBag from /opt/airflow/dags/dag_with_postgress_operator.py
[2023-09-04T03:51:38.606+0000] {processor.py:841} WARNING - No viable dags retrieved from /opt/airflow/dags/dag_with_postgress_operator.py
[2023-09-04T03:51:38.625+0000] {processor.py:179} INFO - Processing /opt/airflow/dags/dag_with_postgress_operator.py took 0.039 seconds
[2023-09-04T03:52:09.260+0000] {processor.py:157} INFO - Started process (PID=2791) to work on /opt/airflow/dags/dag_with_postgress_operator.py
[2023-09-04T03:52:09.260+0000] {processor.py:829} INFO - Processing file /opt/airflow/dags/dag_with_postgress_operator.py for tasks to queue
[2023-09-04T03:52:09.261+0000] {logging_mixin.py:151} INFO - [2023-09-04T03:52:09.261+0000] {dagbag.py:539} INFO - Filling up the DagBag from /opt/airflow/dags/dag_with_postgress_operator.py
[2023-09-04T03:52:09.263+0000] {processor.py:841} WARNING - No viable dags retrieved from /opt/airflow/dags/dag_with_postgress_operator.py
[2023-09-04T03:52:09.281+0000] {processor.py:179} INFO - Processing /opt/airflow/dags/dag_with_postgress_operator.py took 0.026 seconds
[2023-09-04T03:52:32.460+0000] {processor.py:157} INFO - Started process (PID=2808) to work on /opt/airflow/dags/dag_with_postgress_operator.py
[2023-09-04T03:52:32.462+0000] {processor.py:829} INFO - Processing file /opt/airflow/dags/dag_with_postgress_operator.py for tasks to queue
[2023-09-04T03:52:32.463+0000] {logging_mixin.py:151} INFO - [2023-09-04T03:52:32.463+0000] {dagbag.py:539} INFO - Filling up the DagBag from /opt/airflow/dags/dag_with_postgress_operator.py
[2023-09-04T03:52:32.466+0000] {processor.py:841} WARNING - No viable dags retrieved from /opt/airflow/dags/dag_with_postgress_operator.py
[2023-09-04T03:52:32.488+0000] {processor.py:179} INFO - Processing /opt/airflow/dags/dag_with_postgress_operator.py took 0.032 seconds
[2023-09-04T03:53:03.186+0000] {processor.py:157} INFO - Started process (PID=2845) to work on /opt/airflow/dags/dag_with_postgress_operator.py
[2023-09-04T03:53:03.187+0000] {processor.py:829} INFO - Processing file /opt/airflow/dags/dag_with_postgress_operator.py for tasks to queue
[2023-09-04T03:53:03.188+0000] {logging_mixin.py:151} INFO - [2023-09-04T03:53:03.188+0000] {dagbag.py:539} INFO - Filling up the DagBag from /opt/airflow/dags/dag_with_postgress_operator.py
[2023-09-04T03:53:03.192+0000] {processor.py:841} WARNING - No viable dags retrieved from /opt/airflow/dags/dag_with_postgress_operator.py
[2023-09-04T03:53:03.212+0000] {processor.py:179} INFO - Processing /opt/airflow/dags/dag_with_postgress_operator.py took 0.030 seconds
[2023-09-04T03:53:33.883+0000] {processor.py:157} INFO - Started process (PID=2882) to work on /opt/airflow/dags/dag_with_postgress_operator.py
[2023-09-04T03:53:33.884+0000] {processor.py:829} INFO - Processing file /opt/airflow/dags/dag_with_postgress_operator.py for tasks to queue
[2023-09-04T03:53:33.886+0000] {logging_mixin.py:151} INFO - [2023-09-04T03:53:33.885+0000] {dagbag.py:539} INFO - Filling up the DagBag from /opt/airflow/dags/dag_with_postgress_operator.py
[2023-09-04T03:53:33.889+0000] {processor.py:841} WARNING - No viable dags retrieved from /opt/airflow/dags/dag_with_postgress_operator.py
[2023-09-04T03:53:33.910+0000] {processor.py:179} INFO - Processing /opt/airflow/dags/dag_with_postgress_operator.py took 0.034 seconds
[2023-09-04T04:20:47.240+0000] {processor.py:157} INFO - Started process (PID=2920) to work on /opt/airflow/dags/dag_with_postgress_operator.py
[2023-09-04T04:20:47.246+0000] {processor.py:829} INFO - Processing file /opt/airflow/dags/dag_with_postgress_operator.py for tasks to queue
[2023-09-04T04:20:47.249+0000] {logging_mixin.py:151} INFO - [2023-09-04T04:20:47.248+0000] {dagbag.py:539} INFO - Filling up the DagBag from /opt/airflow/dags/dag_with_postgress_operator.py
[2023-09-04T04:20:47.266+0000] {processor.py:841} WARNING - No viable dags retrieved from /opt/airflow/dags/dag_with_postgress_operator.py
[2023-09-04T04:20:47.332+0000] {processor.py:179} INFO - Processing /opt/airflow/dags/dag_with_postgress_operator.py took 0.110 seconds
[2023-09-04T04:21:17.442+0000] {processor.py:157} INFO - Started process (PID=2958) to work on /opt/airflow/dags/dag_with_postgress_operator.py
[2023-09-04T04:21:17.443+0000] {processor.py:829} INFO - Processing file /opt/airflow/dags/dag_with_postgress_operator.py for tasks to queue
[2023-09-04T04:21:17.443+0000] {logging_mixin.py:151} INFO - [2023-09-04T04:21:17.443+0000] {dagbag.py:539} INFO - Filling up the DagBag from /opt/airflow/dags/dag_with_postgress_operator.py
[2023-09-04T04:21:17.445+0000] {processor.py:841} WARNING - No viable dags retrieved from /opt/airflow/dags/dag_with_postgress_operator.py
[2023-09-04T04:21:17.459+0000] {processor.py:179} INFO - Processing /opt/airflow/dags/dag_with_postgress_operator.py took 0.020 seconds
[2023-09-04T04:21:47.966+0000] {processor.py:157} INFO - Started process (PID=2995) to work on /opt/airflow/dags/dag_with_postgress_operator.py
[2023-09-04T04:21:47.969+0000] {processor.py:829} INFO - Processing file /opt/airflow/dags/dag_with_postgress_operator.py for tasks to queue
[2023-09-04T04:21:47.970+0000] {logging_mixin.py:151} INFO - [2023-09-04T04:21:47.970+0000] {dagbag.py:539} INFO - Filling up the DagBag from /opt/airflow/dags/dag_with_postgress_operator.py
[2023-09-04T04:21:47.974+0000] {processor.py:841} WARNING - No viable dags retrieved from /opt/airflow/dags/dag_with_postgress_operator.py
[2023-09-04T04:21:48.008+0000] {processor.py:179} INFO - Processing /opt/airflow/dags/dag_with_postgress_operator.py took 0.048 seconds
[2023-09-04T04:22:18.600+0000] {processor.py:157} INFO - Started process (PID=3032) to work on /opt/airflow/dags/dag_with_postgress_operator.py
[2023-09-04T04:22:18.601+0000] {processor.py:829} INFO - Processing file /opt/airflow/dags/dag_with_postgress_operator.py for tasks to queue
[2023-09-04T04:22:18.602+0000] {logging_mixin.py:151} INFO - [2023-09-04T04:22:18.602+0000] {dagbag.py:539} INFO - Filling up the DagBag from /opt/airflow/dags/dag_with_postgress_operator.py
[2023-09-04T04:22:18.604+0000] {processor.py:841} WARNING - No viable dags retrieved from /opt/airflow/dags/dag_with_postgress_operator.py
[2023-09-04T04:22:18.623+0000] {processor.py:179} INFO - Processing /opt/airflow/dags/dag_with_postgress_operator.py took 0.026 seconds
[2023-09-04T04:22:49.311+0000] {processor.py:157} INFO - Started process (PID=3069) to work on /opt/airflow/dags/dag_with_postgress_operator.py
[2023-09-04T04:22:49.313+0000] {processor.py:829} INFO - Processing file /opt/airflow/dags/dag_with_postgress_operator.py for tasks to queue
[2023-09-04T04:22:49.314+0000] {logging_mixin.py:151} INFO - [2023-09-04T04:22:49.314+0000] {dagbag.py:539} INFO - Filling up the DagBag from /opt/airflow/dags/dag_with_postgress_operator.py
[2023-09-04T04:22:49.316+0000] {processor.py:841} WARNING - No viable dags retrieved from /opt/airflow/dags/dag_with_postgress_operator.py
[2023-09-04T04:22:49.333+0000] {processor.py:179} INFO - Processing /opt/airflow/dags/dag_with_postgress_operator.py took 0.026 seconds
[2023-09-04T04:23:20.210+0000] {processor.py:157} INFO - Started process (PID=3106) to work on /opt/airflow/dags/dag_with_postgress_operator.py
[2023-09-04T04:23:20.211+0000] {processor.py:829} INFO - Processing file /opt/airflow/dags/dag_with_postgress_operator.py for tasks to queue
[2023-09-04T04:23:20.212+0000] {logging_mixin.py:151} INFO - [2023-09-04T04:23:20.212+0000] {dagbag.py:539} INFO - Filling up the DagBag from /opt/airflow/dags/dag_with_postgress_operator.py
[2023-09-04T04:23:20.216+0000] {processor.py:841} WARNING - No viable dags retrieved from /opt/airflow/dags/dag_with_postgress_operator.py
[2023-09-04T04:23:20.234+0000] {processor.py:179} INFO - Processing /opt/airflow/dags/dag_with_postgress_operator.py took 0.030 seconds
[2023-09-04T04:56:30.515+0000] {processor.py:157} INFO - Started process (PID=175) to work on /opt/airflow/dags/dag_with_postgress_operator.py
[2023-09-04T04:56:30.517+0000] {processor.py:829} INFO - Processing file /opt/airflow/dags/dag_with_postgress_operator.py for tasks to queue
[2023-09-04T04:56:30.518+0000] {logging_mixin.py:151} INFO - [2023-09-04T04:56:30.518+0000] {dagbag.py:539} INFO - Filling up the DagBag from /opt/airflow/dags/dag_with_postgress_operator.py
[2023-09-04T04:56:30.522+0000] {processor.py:841} WARNING - No viable dags retrieved from /opt/airflow/dags/dag_with_postgress_operator.py
[2023-09-04T04:56:30.543+0000] {processor.py:179} INFO - Processing /opt/airflow/dags/dag_with_postgress_operator.py took 0.033 seconds
[2023-09-04T04:57:01.358+0000] {processor.py:157} INFO - Started process (PID=213) to work on /opt/airflow/dags/dag_with_postgress_operator.py
[2023-09-04T04:57:01.359+0000] {processor.py:829} INFO - Processing file /opt/airflow/dags/dag_with_postgress_operator.py for tasks to queue
[2023-09-04T04:57:01.360+0000] {logging_mixin.py:151} INFO - [2023-09-04T04:57:01.359+0000] {dagbag.py:539} INFO - Filling up the DagBag from /opt/airflow/dags/dag_with_postgress_operator.py
[2023-09-04T04:57:01.362+0000] {processor.py:841} WARNING - No viable dags retrieved from /opt/airflow/dags/dag_with_postgress_operator.py
[2023-09-04T04:57:01.383+0000] {processor.py:179} INFO - Processing /opt/airflow/dags/dag_with_postgress_operator.py took 0.034 seconds
[2023-09-04T04:57:32.074+0000] {processor.py:157} INFO - Started process (PID=250) to work on /opt/airflow/dags/dag_with_postgress_operator.py
[2023-09-04T04:57:32.075+0000] {processor.py:829} INFO - Processing file /opt/airflow/dags/dag_with_postgress_operator.py for tasks to queue
[2023-09-04T04:57:32.076+0000] {logging_mixin.py:151} INFO - [2023-09-04T04:57:32.076+0000] {dagbag.py:539} INFO - Filling up the DagBag from /opt/airflow/dags/dag_with_postgress_operator.py
[2023-09-04T04:57:32.077+0000] {processor.py:841} WARNING - No viable dags retrieved from /opt/airflow/dags/dag_with_postgress_operator.py
[2023-09-04T04:57:32.086+0000] {processor.py:179} INFO - Processing /opt/airflow/dags/dag_with_postgress_operator.py took 0.015 seconds
[2023-09-04T04:58:02.471+0000] {processor.py:157} INFO - Started process (PID=287) to work on /opt/airflow/dags/dag_with_postgress_operator.py
[2023-09-04T04:58:02.472+0000] {processor.py:829} INFO - Processing file /opt/airflow/dags/dag_with_postgress_operator.py for tasks to queue
[2023-09-04T04:58:02.473+0000] {logging_mixin.py:151} INFO - [2023-09-04T04:58:02.472+0000] {dagbag.py:539} INFO - Filling up the DagBag from /opt/airflow/dags/dag_with_postgress_operator.py
[2023-09-04T04:58:02.474+0000] {processor.py:841} WARNING - No viable dags retrieved from /opt/airflow/dags/dag_with_postgress_operator.py
[2023-09-04T04:58:02.488+0000] {processor.py:179} INFO - Processing /opt/airflow/dags/dag_with_postgress_operator.py took 0.019 seconds
[2023-09-04T04:58:33.211+0000] {processor.py:157} INFO - Started process (PID=324) to work on /opt/airflow/dags/dag_with_postgress_operator.py
[2023-09-04T04:58:33.213+0000] {processor.py:829} INFO - Processing file /opt/airflow/dags/dag_with_postgress_operator.py for tasks to queue
[2023-09-04T04:58:33.214+0000] {logging_mixin.py:151} INFO - [2023-09-04T04:58:33.214+0000] {dagbag.py:539} INFO - Filling up the DagBag from /opt/airflow/dags/dag_with_postgress_operator.py
[2023-09-04T04:58:33.216+0000] {processor.py:841} WARNING - No viable dags retrieved from /opt/airflow/dags/dag_with_postgress_operator.py
[2023-09-04T04:58:33.233+0000] {processor.py:179} INFO - Processing /opt/airflow/dags/dag_with_postgress_operator.py took 0.025 seconds
[2023-09-04T04:59:04.032+0000] {processor.py:157} INFO - Started process (PID=361) to work on /opt/airflow/dags/dag_with_postgress_operator.py
[2023-09-04T04:59:04.034+0000] {processor.py:829} INFO - Processing file /opt/airflow/dags/dag_with_postgress_operator.py for tasks to queue
[2023-09-04T04:59:04.035+0000] {logging_mixin.py:151} INFO - [2023-09-04T04:59:04.035+0000] {dagbag.py:539} INFO - Filling up the DagBag from /opt/airflow/dags/dag_with_postgress_operator.py
[2023-09-04T04:59:04.038+0000] {processor.py:841} WARNING - No viable dags retrieved from /opt/airflow/dags/dag_with_postgress_operator.py
[2023-09-04T04:59:04.060+0000] {processor.py:179} INFO - Processing /opt/airflow/dags/dag_with_postgress_operator.py took 0.033 seconds
[2023-09-04T04:59:34.915+0000] {processor.py:157} INFO - Started process (PID=398) to work on /opt/airflow/dags/dag_with_postgress_operator.py
[2023-09-04T04:59:34.916+0000] {processor.py:829} INFO - Processing file /opt/airflow/dags/dag_with_postgress_operator.py for tasks to queue
[2023-09-04T04:59:34.917+0000] {logging_mixin.py:151} INFO - [2023-09-04T04:59:34.917+0000] {dagbag.py:539} INFO - Filling up the DagBag from /opt/airflow/dags/dag_with_postgress_operator.py
[2023-09-04T04:59:34.920+0000] {processor.py:841} WARNING - No viable dags retrieved from /opt/airflow/dags/dag_with_postgress_operator.py
[2023-09-04T04:59:34.936+0000] {processor.py:179} INFO - Processing /opt/airflow/dags/dag_with_postgress_operator.py took 0.024 seconds
[2023-09-04T05:00:05.818+0000] {processor.py:157} INFO - Started process (PID=435) to work on /opt/airflow/dags/dag_with_postgress_operator.py
[2023-09-04T05:00:05.819+0000] {processor.py:829} INFO - Processing file /opt/airflow/dags/dag_with_postgress_operator.py for tasks to queue
[2023-09-04T05:00:05.820+0000] {logging_mixin.py:151} INFO - [2023-09-04T05:00:05.820+0000] {dagbag.py:539} INFO - Filling up the DagBag from /opt/airflow/dags/dag_with_postgress_operator.py
[2023-09-04T05:00:05.824+0000] {processor.py:841} WARNING - No viable dags retrieved from /opt/airflow/dags/dag_with_postgress_operator.py
[2023-09-04T05:00:05.841+0000] {processor.py:179} INFO - Processing /opt/airflow/dags/dag_with_postgress_operator.py took 0.027 seconds
[2023-09-04T05:00:36.575+0000] {processor.py:157} INFO - Started process (PID=472) to work on /opt/airflow/dags/dag_with_postgress_operator.py
[2023-09-04T05:00:36.576+0000] {processor.py:829} INFO - Processing file /opt/airflow/dags/dag_with_postgress_operator.py for tasks to queue
[2023-09-04T05:00:36.576+0000] {logging_mixin.py:151} INFO - [2023-09-04T05:00:36.576+0000] {dagbag.py:539} INFO - Filling up the DagBag from /opt/airflow/dags/dag_with_postgress_operator.py
[2023-09-04T05:00:36.578+0000] {processor.py:841} WARNING - No viable dags retrieved from /opt/airflow/dags/dag_with_postgress_operator.py
[2023-09-04T05:00:36.590+0000] {processor.py:179} INFO - Processing /opt/airflow/dags/dag_with_postgress_operator.py took 0.018 seconds
[2023-09-04T05:01:07.308+0000] {processor.py:157} INFO - Started process (PID=509) to work on /opt/airflow/dags/dag_with_postgress_operator.py
[2023-09-04T05:01:07.308+0000] {processor.py:829} INFO - Processing file /opt/airflow/dags/dag_with_postgress_operator.py for tasks to queue
[2023-09-04T05:01:07.309+0000] {logging_mixin.py:151} INFO - [2023-09-04T05:01:07.309+0000] {dagbag.py:539} INFO - Filling up the DagBag from /opt/airflow/dags/dag_with_postgress_operator.py
[2023-09-04T05:01:07.312+0000] {processor.py:841} WARNING - No viable dags retrieved from /opt/airflow/dags/dag_with_postgress_operator.py
[2023-09-04T05:01:07.330+0000] {processor.py:179} INFO - Processing /opt/airflow/dags/dag_with_postgress_operator.py took 0.026 seconds
[2023-09-04T05:01:38.127+0000] {processor.py:157} INFO - Started process (PID=546) to work on /opt/airflow/dags/dag_with_postgress_operator.py
[2023-09-04T05:01:38.128+0000] {processor.py:829} INFO - Processing file /opt/airflow/dags/dag_with_postgress_operator.py for tasks to queue
[2023-09-04T05:01:38.130+0000] {logging_mixin.py:151} INFO - [2023-09-04T05:01:38.129+0000] {dagbag.py:539} INFO - Filling up the DagBag from /opt/airflow/dags/dag_with_postgress_operator.py
[2023-09-04T05:01:38.133+0000] {processor.py:841} WARNING - No viable dags retrieved from /opt/airflow/dags/dag_with_postgress_operator.py
[2023-09-04T05:01:38.149+0000] {processor.py:179} INFO - Processing /opt/airflow/dags/dag_with_postgress_operator.py took 0.025 seconds
[2023-09-04T05:02:08.219+0000] {processor.py:157} INFO - Started process (PID=583) to work on /opt/airflow/dags/dag_with_postgress_operator.py
[2023-09-04T05:02:08.219+0000] {processor.py:829} INFO - Processing file /opt/airflow/dags/dag_with_postgress_operator.py for tasks to queue
[2023-09-04T05:02:08.220+0000] {logging_mixin.py:151} INFO - [2023-09-04T05:02:08.219+0000] {dagbag.py:539} INFO - Filling up the DagBag from /opt/airflow/dags/dag_with_postgress_operator.py
[2023-09-04T05:02:08.221+0000] {processor.py:841} WARNING - No viable dags retrieved from /opt/airflow/dags/dag_with_postgress_operator.py
[2023-09-04T05:02:08.231+0000] {processor.py:179} INFO - Processing /opt/airflow/dags/dag_with_postgress_operator.py took 0.015 seconds
[2023-09-04T05:03:34.752+0000] {processor.py:157} INFO - Started process (PID=177) to work on /opt/airflow/dags/dag_with_postgress_operator.py
[2023-09-04T05:03:34.754+0000] {processor.py:829} INFO - Processing file /opt/airflow/dags/dag_with_postgress_operator.py for tasks to queue
[2023-09-04T05:03:34.754+0000] {logging_mixin.py:151} INFO - [2023-09-04T05:03:34.754+0000] {dagbag.py:539} INFO - Filling up the DagBag from /opt/airflow/dags/dag_with_postgress_operator.py
[2023-09-04T05:03:34.756+0000] {processor.py:841} WARNING - No viable dags retrieved from /opt/airflow/dags/dag_with_postgress_operator.py
[2023-09-04T05:03:34.768+0000] {processor.py:179} INFO - Processing /opt/airflow/dags/dag_with_postgress_operator.py took 0.018 seconds
