[2023-09-04T06:08:26.540+0000] {taskinstance.py:1159} INFO - Dependencies all met for dep_context=non-requeueable deps ti=<TaskInstance: dag_with_postgres_operator_v04.insert_into_table scheduled__2022-11-25T00:00:00+00:00 [queued]>
[2023-09-04T06:08:26.559+0000] {taskinstance.py:1159} INFO - Dependencies all met for dep_context=requeueable deps ti=<TaskInstance: dag_with_postgres_operator_v04.insert_into_table scheduled__2022-11-25T00:00:00+00:00 [queued]>
[2023-09-04T06:08:26.560+0000] {taskinstance.py:1361} INFO - Starting attempt 1 of 6
[2023-09-04T06:08:26.651+0000] {taskinstance.py:1382} INFO - Executing <Task(PostgresOperator): insert_into_table> on 2022-11-25 00:00:00+00:00
[2023-09-04T06:08:26.663+0000] {standard_task_runner.py:57} INFO - Started process 8329 to run task
[2023-09-04T06:08:26.667+0000] {standard_task_runner.py:84} INFO - Running: ['***', 'tasks', 'run', 'dag_with_postgres_operator_v04', 'insert_into_table', 'scheduled__2022-11-25T00:00:00+00:00', '--job-id', '1721', '--raw', '--subdir', 'DAGS_FOLDER/dag_with_postgres_operator.py', '--cfg-path', '/tmp/tmpd0l435hd']
[2023-09-04T06:08:26.670+0000] {standard_task_runner.py:85} INFO - Job 1721: Subtask insert_into_table
[2023-09-04T06:08:26.831+0000] {task_command.py:415} INFO - Running <TaskInstance: dag_with_postgres_operator_v04.insert_into_table scheduled__2022-11-25T00:00:00+00:00 [running]> on host 10bdc2e98230
[2023-09-04T06:08:27.022+0000] {taskinstance.py:1660} INFO - Exporting env vars: AIRFLOW_CTX_DAG_OWNER='mohghaff' AIRFLOW_CTX_DAG_ID='dag_with_postgres_operator_v04' AIRFLOW_CTX_TASK_ID='insert_into_table' AIRFLOW_CTX_EXECUTION_DATE='2022-11-25T00:00:00+00:00' AIRFLOW_CTX_TRY_NUMBER='1' AIRFLOW_CTX_DAG_RUN_ID='scheduled__2022-11-25T00:00:00+00:00'
[2023-09-04T06:08:27.025+0000] {sql.py:274} INFO - Executing: 
            insert into dag_runs (dt, dag_id) values ('2022-11-25', 'dag_with_postgres_operator_v04')
        
[2023-09-04T06:08:27.044+0000] {base.py:73} INFO - Using connection ID 'postgres_localhost' for task execution.
[2023-09-04T06:08:27.080+0000] {base.py:73} INFO - Using connection ID 'postgres_localhost' for task execution.
[2023-09-04T06:08:27.097+0000] {sql.py:418} INFO - Running statement: 
            insert into dag_runs (dt, dag_id) values ('2022-11-25', 'dag_with_postgres_operator_v04')
        , parameters: None
[2023-09-04T06:08:27.103+0000] {sql.py:427} INFO - Rows affected: 1
[2023-09-04T06:08:27.128+0000] {taskinstance.py:1400} INFO - Marking task as SUCCESS. dag_id=dag_with_postgres_operator_v04, task_id=insert_into_table, execution_date=20221125T000000, start_date=20230904T060826, end_date=20230904T060827
[2023-09-04T06:08:27.363+0000] {local_task_job_runner.py:228} INFO - Task exited with return code 0
[2023-09-04T06:08:27.395+0000] {taskinstance.py:2784} INFO - 0 downstream tasks scheduled from follow-on schedule check
