[2023-09-04T11:57:05.963+0000] {taskinstance.py:1159} INFO - Dependencies all met for dep_context=non-requeueable deps ti=<TaskInstance: dag_with_postgres_operator_v05.create_postgres_table scheduled__2023-07-10T00:00:00+00:00 [queued]>
[2023-09-04T11:57:05.981+0000] {taskinstance.py:1159} INFO - Dependencies all met for dep_context=requeueable deps ti=<TaskInstance: dag_with_postgres_operator_v05.create_postgres_table scheduled__2023-07-10T00:00:00+00:00 [queued]>
[2023-09-04T11:57:05.982+0000] {taskinstance.py:1361} INFO - Starting attempt 1 of 6
[2023-09-04T11:57:06.206+0000] {taskinstance.py:1382} INFO - Executing <Task(PostgresOperator): create_postgres_table> on 2023-07-10 00:00:00+00:00
[2023-09-04T11:57:06.220+0000] {standard_task_runner.py:57} INFO - Started process 15637 to run task
[2023-09-04T11:57:06.229+0000] {standard_task_runner.py:84} INFO - Running: ['***', 'tasks', 'run', 'dag_with_postgres_operator_v05', 'create_postgres_table', 'scheduled__2023-07-10T00:00:00+00:00', '--job-id', '3100', '--raw', '--subdir', 'DAGS_FOLDER/dag_with_postgres_operator.py', '--cfg-path', '/tmp/tmp9ril6buo']
[2023-09-04T11:57:06.234+0000] {standard_task_runner.py:85} INFO - Job 3100: Subtask create_postgres_table
[2023-09-04T11:57:06.371+0000] {task_command.py:415} INFO - Running <TaskInstance: dag_with_postgres_operator_v05.create_postgres_table scheduled__2023-07-10T00:00:00+00:00 [running]> on host 10bdc2e98230
[2023-09-04T11:57:06.560+0000] {taskinstance.py:1660} INFO - Exporting env vars: AIRFLOW_CTX_DAG_OWNER='mohghaff' AIRFLOW_CTX_DAG_ID='dag_with_postgres_operator_v05' AIRFLOW_CTX_TASK_ID='create_postgres_table' AIRFLOW_CTX_EXECUTION_DATE='2023-07-10T00:00:00+00:00' AIRFLOW_CTX_TRY_NUMBER='1' AIRFLOW_CTX_DAG_RUN_ID='scheduled__2023-07-10T00:00:00+00:00'
[2023-09-04T11:57:06.562+0000] {sql.py:274} INFO - Executing: 
            create table if not exists dag_runs (
                dt date,
                dag_id character varying,
                primary key (dt, dag_id)
            )
        
[2023-09-04T11:57:06.578+0000] {base.py:73} INFO - Using connection ID 'postgres_localhost' for task execution.
[2023-09-04T11:57:06.592+0000] {base.py:73} INFO - Using connection ID 'postgres_localhost' for task execution.
[2023-09-04T11:57:06.619+0000] {sql.py:418} INFO - Running statement: 
            create table if not exists dag_runs (
                dt date,
                dag_id character varying,
                primary key (dt, dag_id)
            )
        , parameters: None
[2023-09-04T11:57:06.650+0000] {taskinstance.py:1400} INFO - Marking task as SUCCESS. dag_id=dag_with_postgres_operator_v05, task_id=create_postgres_table, execution_date=20230710T000000, start_date=20230904T115705, end_date=20230904T115706
[2023-09-04T11:57:06.727+0000] {local_task_job_runner.py:228} INFO - Task exited with return code 0
[2023-09-04T11:57:06.943+0000] {taskinstance.py:2784} INFO - 0 downstream tasks scheduled from follow-on schedule check
