[2023-09-04T06:09:31.033+0000] {taskinstance.py:1159} INFO - Dependencies all met for dep_context=non-requeueable deps ti=<TaskInstance: dag_with_postgres_operator_v04.create_postgres_table scheduled__2023-03-04T00:00:00+00:00 [queued]>
[2023-09-04T06:09:31.049+0000] {taskinstance.py:1159} INFO - Dependencies all met for dep_context=requeueable deps ti=<TaskInstance: dag_with_postgres_operator_v04.create_postgres_table scheduled__2023-03-04T00:00:00+00:00 [queued]>
[2023-09-04T06:09:31.049+0000] {taskinstance.py:1361} INFO - Starting attempt 1 of 6
[2023-09-04T06:09:31.074+0000] {taskinstance.py:1382} INFO - Executing <Task(PostgresOperator): create_postgres_table> on 2023-03-04 00:00:00+00:00
[2023-09-04T06:09:31.084+0000] {standard_task_runner.py:57} INFO - Started process 8943 to run task
[2023-09-04T06:09:31.088+0000] {standard_task_runner.py:84} INFO - Running: ['***', 'tasks', 'run', 'dag_with_postgres_operator_v04', 'create_postgres_table', 'scheduled__2023-03-04T00:00:00+00:00', '--job-id', '1986', '--raw', '--subdir', 'DAGS_FOLDER/dag_with_postgres_operator.py', '--cfg-path', '/tmp/tmpy8vcix1s']
[2023-09-04T06:09:31.091+0000] {standard_task_runner.py:85} INFO - Job 1986: Subtask create_postgres_table
[2023-09-04T06:09:31.226+0000] {task_command.py:415} INFO - Running <TaskInstance: dag_with_postgres_operator_v04.create_postgres_table scheduled__2023-03-04T00:00:00+00:00 [running]> on host 10bdc2e98230
[2023-09-04T06:09:31.440+0000] {taskinstance.py:1660} INFO - Exporting env vars: AIRFLOW_CTX_DAG_OWNER='mohghaff' AIRFLOW_CTX_DAG_ID='dag_with_postgres_operator_v04' AIRFLOW_CTX_TASK_ID='create_postgres_table' AIRFLOW_CTX_EXECUTION_DATE='2023-03-04T00:00:00+00:00' AIRFLOW_CTX_TRY_NUMBER='1' AIRFLOW_CTX_DAG_RUN_ID='scheduled__2023-03-04T00:00:00+00:00'
[2023-09-04T06:09:31.442+0000] {sql.py:274} INFO - Executing: 
            create table if not exists dag_runs (
                dt date,
                dag_id character varying,
                primary key (dt, dag_id)
            )
        
[2023-09-04T06:09:31.456+0000] {base.py:73} INFO - Using connection ID 'postgres_localhost' for task execution.
[2023-09-04T06:09:31.467+0000] {base.py:73} INFO - Using connection ID 'postgres_localhost' for task execution.
[2023-09-04T06:09:31.483+0000] {sql.py:418} INFO - Running statement: 
            create table if not exists dag_runs (
                dt date,
                dag_id character varying,
                primary key (dt, dag_id)
            )
        , parameters: None
[2023-09-04T06:09:31.505+0000] {taskinstance.py:1400} INFO - Marking task as SUCCESS. dag_id=dag_with_postgres_operator_v04, task_id=create_postgres_table, execution_date=20230304T000000, start_date=20230904T060931, end_date=20230904T060931
[2023-09-04T06:09:31.662+0000] {local_task_job_runner.py:228} INFO - Task exited with return code 0
[2023-09-04T06:09:31.708+0000] {taskinstance.py:2784} INFO - 1 downstream tasks scheduled from follow-on schedule check
