[2023-09-04T06:02:48.069+0000] {taskinstance.py:1159} INFO - Dependencies all met for dep_context=non-requeueable deps ti=<TaskInstance: dag_with_postgres_operator_v04.create_postgres_table scheduled__2022-04-27T00:00:00+00:00 [queued]>
[2023-09-04T06:02:48.086+0000] {taskinstance.py:1159} INFO - Dependencies all met for dep_context=requeueable deps ti=<TaskInstance: dag_with_postgres_operator_v04.create_postgres_table scheduled__2022-04-27T00:00:00+00:00 [queued]>
[2023-09-04T06:02:48.086+0000] {taskinstance.py:1361} INFO - Starting attempt 1 of 6
[2023-09-04T06:02:48.109+0000] {taskinstance.py:1382} INFO - Executing <Task(PostgresOperator): create_postgres_table> on 2022-04-27 00:00:00+00:00
[2023-09-04T06:02:48.118+0000] {standard_task_runner.py:57} INFO - Started process 5487 to run task
[2023-09-04T06:02:48.121+0000] {standard_task_runner.py:84} INFO - Running: ['***', 'tasks', 'run', 'dag_with_postgres_operator_v04', 'create_postgres_table', 'scheduled__2022-04-27T00:00:00+00:00', '--job-id', '505', '--raw', '--subdir', 'DAGS_FOLDER/dag_with_postgres_operator.py', '--cfg-path', '/tmp/tmp5gqw33jx']
[2023-09-04T06:02:48.124+0000] {standard_task_runner.py:85} INFO - Job 505: Subtask create_postgres_table
[2023-09-04T06:02:48.195+0000] {task_command.py:415} INFO - Running <TaskInstance: dag_with_postgres_operator_v04.create_postgres_table scheduled__2022-04-27T00:00:00+00:00 [running]> on host 10bdc2e98230
[2023-09-04T06:02:48.326+0000] {taskinstance.py:1660} INFO - Exporting env vars: AIRFLOW_CTX_DAG_OWNER='coder2j' AIRFLOW_CTX_DAG_ID='dag_with_postgres_operator_v04' AIRFLOW_CTX_TASK_ID='create_postgres_table' AIRFLOW_CTX_EXECUTION_DATE='2022-04-27T00:00:00+00:00' AIRFLOW_CTX_TRY_NUMBER='1' AIRFLOW_CTX_DAG_RUN_ID='scheduled__2022-04-27T00:00:00+00:00'
[2023-09-04T06:02:48.328+0000] {sql.py:274} INFO - Executing: 
            create table if not exists dag_runs (
                dt date,
                dag_id character varying,
                primary key (dt, dag_id)
            )
        
[2023-09-04T06:02:48.342+0000] {base.py:73} INFO - Using connection ID 'postgres_localhost' for task execution.
[2023-09-04T06:02:48.356+0000] {base.py:73} INFO - Using connection ID 'postgres_localhost' for task execution.
[2023-09-04T06:02:48.374+0000] {sql.py:418} INFO - Running statement: 
            create table if not exists dag_runs (
                dt date,
                dag_id character varying,
                primary key (dt, dag_id)
            )
        , parameters: None
[2023-09-04T06:02:48.399+0000] {taskinstance.py:1400} INFO - Marking task as SUCCESS. dag_id=dag_with_postgres_operator_v04, task_id=create_postgres_table, execution_date=20220427T000000, start_date=20230904T060248, end_date=20230904T060248
[2023-09-04T06:02:48.454+0000] {local_task_job_runner.py:228} INFO - Task exited with return code 0
[2023-09-04T06:02:48.675+0000] {taskinstance.py:2784} INFO - 1 downstream tasks scheduled from follow-on schedule check
[2023-09-04T06:05:35.052+0000] {taskinstance.py:1159} INFO - Dependencies all met for dep_context=non-requeueable deps ti=<TaskInstance: dag_with_postgres_operator_v04.create_postgres_table scheduled__2022-04-27T00:00:00+00:00 [queued]>
[2023-09-04T06:05:35.072+0000] {taskinstance.py:1159} INFO - Dependencies all met for dep_context=requeueable deps ti=<TaskInstance: dag_with_postgres_operator_v04.create_postgres_table scheduled__2022-04-27T00:00:00+00:00 [queued]>
[2023-09-04T06:05:35.072+0000] {taskinstance.py:1361} INFO - Starting attempt 1 of 6
[2023-09-04T06:05:35.236+0000] {taskinstance.py:1382} INFO - Executing <Task(PostgresOperator): create_postgres_table> on 2022-04-27 00:00:00+00:00
[2023-09-04T06:05:35.245+0000] {standard_task_runner.py:57} INFO - Started process 6807 to run task
[2023-09-04T06:05:35.249+0000] {standard_task_runner.py:84} INFO - Running: ['***', 'tasks', 'run', 'dag_with_postgres_operator_v04', 'create_postgres_table', 'scheduled__2022-04-27T00:00:00+00:00', '--job-id', '1059', '--raw', '--subdir', 'DAGS_FOLDER/dag_with_postgres_operator.py', '--cfg-path', '/tmp/tmpbi6qbgkn']
[2023-09-04T06:05:35.252+0000] {standard_task_runner.py:85} INFO - Job 1059: Subtask create_postgres_table
[2023-09-04T06:05:35.376+0000] {task_command.py:415} INFO - Running <TaskInstance: dag_with_postgres_operator_v04.create_postgres_table scheduled__2022-04-27T00:00:00+00:00 [running]> on host 10bdc2e98230
[2023-09-04T06:05:35.537+0000] {taskinstance.py:1660} INFO - Exporting env vars: AIRFLOW_CTX_DAG_OWNER='mohghaff' AIRFLOW_CTX_DAG_ID='dag_with_postgres_operator_v04' AIRFLOW_CTX_TASK_ID='create_postgres_table' AIRFLOW_CTX_EXECUTION_DATE='2022-04-27T00:00:00+00:00' AIRFLOW_CTX_TRY_NUMBER='1' AIRFLOW_CTX_DAG_RUN_ID='scheduled__2022-04-27T00:00:00+00:00'
[2023-09-04T06:05:35.539+0000] {sql.py:274} INFO - Executing: 
            create table if not exists dag_runs (
                dt date,
                dag_id character varying,
                primary key (dt, dag_id)
            )
        
[2023-09-04T06:05:35.557+0000] {base.py:73} INFO - Using connection ID 'postgres_localhost' for task execution.
[2023-09-04T06:05:35.571+0000] {base.py:73} INFO - Using connection ID 'postgres_localhost' for task execution.
[2023-09-04T06:05:35.593+0000] {sql.py:418} INFO - Running statement: 
            create table if not exists dag_runs (
                dt date,
                dag_id character varying,
                primary key (dt, dag_id)
            )
        , parameters: None
[2023-09-04T06:05:35.619+0000] {taskinstance.py:1400} INFO - Marking task as SUCCESS. dag_id=dag_with_postgres_operator_v04, task_id=create_postgres_table, execution_date=20220427T000000, start_date=20230904T060535, end_date=20230904T060535
[2023-09-04T06:05:35.864+0000] {local_task_job_runner.py:228} INFO - Task exited with return code 0
[2023-09-04T06:05:35.942+0000] {taskinstance.py:2784} INFO - 1 downstream tasks scheduled from follow-on schedule check
