[2023-09-04T06:03:25.514+0000] {taskinstance.py:1159} INFO - Dependencies all met for dep_context=non-requeueable deps ti=<TaskInstance: dag_with_postgres_operator_v04.delete_data_from_table scheduled__2022-06-13T00:00:00+00:00 [queued]>
[2023-09-04T06:03:25.545+0000] {taskinstance.py:1159} INFO - Dependencies all met for dep_context=requeueable deps ti=<TaskInstance: dag_with_postgres_operator_v04.delete_data_from_table scheduled__2022-06-13T00:00:00+00:00 [queued]>
[2023-09-04T06:03:25.546+0000] {taskinstance.py:1361} INFO - Starting attempt 1 of 6
[2023-09-04T06:03:25.599+0000] {taskinstance.py:1382} INFO - Executing <Task(PostgresOperator): delete_data_from_table> on 2022-06-13 00:00:00+00:00
[2023-09-04T06:03:25.611+0000] {standard_task_runner.py:57} INFO - Started process 5877 to run task
[2023-09-04T06:03:25.622+0000] {standard_task_runner.py:84} INFO - Running: ['***', 'tasks', 'run', 'dag_with_postgres_operator_v04', 'delete_data_from_table', 'scheduled__2022-06-13T00:00:00+00:00', '--job-id', '669', '--raw', '--subdir', 'DAGS_FOLDER/dag_with_postgres_operator.py', '--cfg-path', '/tmp/tmp2uruewyf']
[2023-09-04T06:03:25.631+0000] {standard_task_runner.py:85} INFO - Job 669: Subtask delete_data_from_table
[2023-09-04T06:03:25.901+0000] {task_command.py:415} INFO - Running <TaskInstance: dag_with_postgres_operator_v04.delete_data_from_table scheduled__2022-06-13T00:00:00+00:00 [running]> on host 10bdc2e98230
[2023-09-04T06:03:26.178+0000] {taskinstance.py:1660} INFO - Exporting env vars: AIRFLOW_CTX_DAG_OWNER='coder2j' AIRFLOW_CTX_DAG_ID='dag_with_postgres_operator_v04' AIRFLOW_CTX_TASK_ID='delete_data_from_table' AIRFLOW_CTX_EXECUTION_DATE='2022-06-13T00:00:00+00:00' AIRFLOW_CTX_TRY_NUMBER='1' AIRFLOW_CTX_DAG_RUN_ID='scheduled__2022-06-13T00:00:00+00:00'
[2023-09-04T06:03:26.179+0000] {sql.py:274} INFO - Executing: 
            delete from dag_runs where dt = '2022-06-13' and dag_id = 'dag_with_postgres_operator_v04';
        
[2023-09-04T06:03:26.192+0000] {base.py:73} INFO - Using connection ID 'postgres_localhost' for task execution.
[2023-09-04T06:03:26.206+0000] {base.py:73} INFO - Using connection ID 'postgres_localhost' for task execution.
[2023-09-04T06:03:26.224+0000] {sql.py:418} INFO - Running statement: 
            delete from dag_runs where dt = '2022-06-13' and dag_id = 'dag_with_postgres_operator_v04';
        , parameters: None
[2023-09-04T06:03:26.230+0000] {sql.py:427} INFO - Rows affected: 0
[2023-09-04T06:03:26.249+0000] {taskinstance.py:1400} INFO - Marking task as SUCCESS. dag_id=dag_with_postgres_operator_v04, task_id=delete_data_from_table, execution_date=20220613T000000, start_date=20230904T060325, end_date=20230904T060326
[2023-09-04T06:03:26.288+0000] {local_task_job_runner.py:228} INFO - Task exited with return code 0
[2023-09-04T06:03:26.318+0000] {taskinstance.py:2784} INFO - 1 downstream tasks scheduled from follow-on schedule check
[2023-09-04T06:06:18.211+0000] {taskinstance.py:1159} INFO - Dependencies all met for dep_context=non-requeueable deps ti=<TaskInstance: dag_with_postgres_operator_v04.delete_data_from_table scheduled__2022-06-13T00:00:00+00:00 [queued]>
[2023-09-04T06:06:18.233+0000] {taskinstance.py:1159} INFO - Dependencies all met for dep_context=requeueable deps ti=<TaskInstance: dag_with_postgres_operator_v04.delete_data_from_table scheduled__2022-06-13T00:00:00+00:00 [queued]>
[2023-09-04T06:06:18.234+0000] {taskinstance.py:1361} INFO - Starting attempt 1 of 6
[2023-09-04T06:06:18.366+0000] {taskinstance.py:1382} INFO - Executing <Task(PostgresOperator): delete_data_from_table> on 2022-06-13 00:00:00+00:00
[2023-09-04T06:06:18.375+0000] {standard_task_runner.py:57} INFO - Started process 7165 to run task
[2023-09-04T06:06:18.379+0000] {standard_task_runner.py:84} INFO - Running: ['***', 'tasks', 'run', 'dag_with_postgres_operator_v04', 'delete_data_from_table', 'scheduled__2022-06-13T00:00:00+00:00', '--job-id', '1213', '--raw', '--subdir', 'DAGS_FOLDER/dag_with_postgres_operator.py', '--cfg-path', '/tmp/tmp_geb_vwm']
[2023-09-04T06:06:18.382+0000] {standard_task_runner.py:85} INFO - Job 1213: Subtask delete_data_from_table
[2023-09-04T06:06:18.505+0000] {task_command.py:415} INFO - Running <TaskInstance: dag_with_postgres_operator_v04.delete_data_from_table scheduled__2022-06-13T00:00:00+00:00 [running]> on host 10bdc2e98230
[2023-09-04T06:06:18.700+0000] {taskinstance.py:1660} INFO - Exporting env vars: AIRFLOW_CTX_DAG_OWNER='mohghaff' AIRFLOW_CTX_DAG_ID='dag_with_postgres_operator_v04' AIRFLOW_CTX_TASK_ID='delete_data_from_table' AIRFLOW_CTX_EXECUTION_DATE='2022-06-13T00:00:00+00:00' AIRFLOW_CTX_TRY_NUMBER='1' AIRFLOW_CTX_DAG_RUN_ID='scheduled__2022-06-13T00:00:00+00:00'
[2023-09-04T06:06:18.702+0000] {sql.py:274} INFO - Executing: 
            delete from dag_runs where dt = '2022-06-13' and dag_id = 'dag_with_postgres_operator_v04';
        
[2023-09-04T06:06:18.714+0000] {base.py:73} INFO - Using connection ID 'postgres_localhost' for task execution.
[2023-09-04T06:06:18.727+0000] {base.py:73} INFO - Using connection ID 'postgres_localhost' for task execution.
[2023-09-04T06:06:18.743+0000] {sql.py:418} INFO - Running statement: 
            delete from dag_runs where dt = '2022-06-13' and dag_id = 'dag_with_postgres_operator_v04';
        , parameters: None
[2023-09-04T06:06:18.749+0000] {sql.py:427} INFO - Rows affected: 0
[2023-09-04T06:06:18.769+0000] {taskinstance.py:1400} INFO - Marking task as SUCCESS. dag_id=dag_with_postgres_operator_v04, task_id=delete_data_from_table, execution_date=20220613T000000, start_date=20230904T060618, end_date=20230904T060618
[2023-09-04T06:06:18.833+0000] {local_task_job_runner.py:228} INFO - Task exited with return code 0
[2023-09-04T06:06:18.876+0000] {taskinstance.py:2784} INFO - 1 downstream tasks scheduled from follow-on schedule check
