[2023-09-04T06:03:09.167+0000] {taskinstance.py:1159} INFO - Dependencies all met for dep_context=non-requeueable deps ti=<TaskInstance: dag_with_postgres_operator_v04.delete_data_from_table scheduled__2021-12-21T00:00:00+00:00 [queued]>
[2023-09-04T06:03:09.176+0000] {taskinstance.py:1159} INFO - Dependencies all met for dep_context=requeueable deps ti=<TaskInstance: dag_with_postgres_operator_v04.delete_data_from_table scheduled__2021-12-21T00:00:00+00:00 [queued]>
[2023-09-04T06:03:09.176+0000] {taskinstance.py:1361} INFO - Starting attempt 1 of 6
[2023-09-04T06:03:09.189+0000] {taskinstance.py:1382} INFO - Executing <Task(PostgresOperator): delete_data_from_table> on 2021-12-21 00:00:00+00:00
[2023-09-04T06:03:09.194+0000] {standard_task_runner.py:57} INFO - Started process 5713 to run task
[2023-09-04T06:03:09.197+0000] {standard_task_runner.py:84} INFO - Running: ['***', 'tasks', 'run', 'dag_with_postgres_operator_v04', 'delete_data_from_table', 'scheduled__2021-12-21T00:00:00+00:00', '--job-id', '601', '--raw', '--subdir', 'DAGS_FOLDER/dag_with_postgres_operator.py', '--cfg-path', '/tmp/tmp23wikb2v']
[2023-09-04T06:03:09.199+0000] {standard_task_runner.py:85} INFO - Job 601: Subtask delete_data_from_table
[2023-09-04T06:03:09.244+0000] {task_command.py:415} INFO - Running <TaskInstance: dag_with_postgres_operator_v04.delete_data_from_table scheduled__2021-12-21T00:00:00+00:00 [running]> on host 10bdc2e98230
[2023-09-04T06:03:09.316+0000] {taskinstance.py:1660} INFO - Exporting env vars: AIRFLOW_CTX_DAG_OWNER='coder2j' AIRFLOW_CTX_DAG_ID='dag_with_postgres_operator_v04' AIRFLOW_CTX_TASK_ID='delete_data_from_table' AIRFLOW_CTX_EXECUTION_DATE='2021-12-21T00:00:00+00:00' AIRFLOW_CTX_TRY_NUMBER='1' AIRFLOW_CTX_DAG_RUN_ID='scheduled__2021-12-21T00:00:00+00:00'
[2023-09-04T06:03:09.317+0000] {sql.py:274} INFO - Executing: 
            delete from dag_runs where dt = '2021-12-21' and dag_id = 'dag_with_postgres_operator_v04';
        
[2023-09-04T06:03:09.325+0000] {base.py:73} INFO - Using connection ID 'postgres_localhost' for task execution.
[2023-09-04T06:03:09.332+0000] {base.py:73} INFO - Using connection ID 'postgres_localhost' for task execution.
[2023-09-04T06:03:09.342+0000] {sql.py:418} INFO - Running statement: 
            delete from dag_runs where dt = '2021-12-21' and dag_id = 'dag_with_postgres_operator_v04';
        , parameters: None
[2023-09-04T06:03:09.346+0000] {sql.py:427} INFO - Rows affected: 0
[2023-09-04T06:03:09.358+0000] {taskinstance.py:1400} INFO - Marking task as SUCCESS. dag_id=dag_with_postgres_operator_v04, task_id=delete_data_from_table, execution_date=20211221T000000, start_date=20230904T060309, end_date=20230904T060309
[2023-09-04T06:03:09.410+0000] {local_task_job_runner.py:228} INFO - Task exited with return code 0
[2023-09-04T06:03:09.428+0000] {taskinstance.py:2784} INFO - 1 downstream tasks scheduled from follow-on schedule check
[2023-09-04T06:03:56.886+0000] {taskinstance.py:1159} INFO - Dependencies all met for dep_context=non-requeueable deps ti=<TaskInstance: dag_with_postgres_operator_v04.delete_data_from_table scheduled__2021-12-21T00:00:00+00:00 [queued]>
[2023-09-04T06:03:56.922+0000] {taskinstance.py:1159} INFO - Dependencies all met for dep_context=requeueable deps ti=<TaskInstance: dag_with_postgres_operator_v04.delete_data_from_table scheduled__2021-12-21T00:00:00+00:00 [queued]>
[2023-09-04T06:03:56.923+0000] {taskinstance.py:1361} INFO - Starting attempt 1 of 6
[2023-09-04T06:03:56.969+0000] {taskinstance.py:1382} INFO - Executing <Task(PostgresOperator): delete_data_from_table> on 2021-12-21 00:00:00+00:00
[2023-09-04T06:03:56.988+0000] {standard_task_runner.py:57} INFO - Started process 5956 to run task
[2023-09-04T06:03:56.993+0000] {standard_task_runner.py:84} INFO - Running: ['***', 'tasks', 'run', 'dag_with_postgres_operator_v04', 'delete_data_from_table', 'scheduled__2021-12-21T00:00:00+00:00', '--job-id', '686', '--raw', '--subdir', 'DAGS_FOLDER/dag_with_postgres_operator.py', '--cfg-path', '/tmp/tmp0hros7om']
[2023-09-04T06:03:56.999+0000] {standard_task_runner.py:85} INFO - Job 686: Subtask delete_data_from_table
[2023-09-04T06:03:57.129+0000] {task_command.py:415} INFO - Running <TaskInstance: dag_with_postgres_operator_v04.delete_data_from_table scheduled__2021-12-21T00:00:00+00:00 [running]> on host 10bdc2e98230
[2023-09-04T06:03:57.406+0000] {taskinstance.py:1660} INFO - Exporting env vars: AIRFLOW_CTX_DAG_OWNER='mohghaff' AIRFLOW_CTX_DAG_ID='dag_with_postgres_operator_v04' AIRFLOW_CTX_TASK_ID='delete_data_from_table' AIRFLOW_CTX_EXECUTION_DATE='2021-12-21T00:00:00+00:00' AIRFLOW_CTX_TRY_NUMBER='1' AIRFLOW_CTX_DAG_RUN_ID='scheduled__2021-12-21T00:00:00+00:00'
[2023-09-04T06:03:57.408+0000] {sql.py:274} INFO - Executing: 
            delete from dag_runs where dt = '2021-12-21' and dag_id = 'dag_with_postgres_operator_v04';
        
[2023-09-04T06:03:57.433+0000] {base.py:73} INFO - Using connection ID 'postgres_localhost' for task execution.
[2023-09-04T06:03:57.460+0000] {base.py:73} INFO - Using connection ID 'postgres_localhost' for task execution.
[2023-09-04T06:03:57.492+0000] {sql.py:418} INFO - Running statement: 
            delete from dag_runs where dt = '2021-12-21' and dag_id = 'dag_with_postgres_operator_v04';
        , parameters: None
[2023-09-04T06:03:57.503+0000] {sql.py:427} INFO - Rows affected: 1
[2023-09-04T06:03:57.549+0000] {taskinstance.py:1400} INFO - Marking task as SUCCESS. dag_id=dag_with_postgres_operator_v04, task_id=delete_data_from_table, execution_date=20211221T000000, start_date=20230904T060356, end_date=20230904T060357
[2023-09-04T06:03:57.980+0000] {local_task_job_runner.py:228} INFO - Task exited with return code 0
[2023-09-04T06:03:58.067+0000] {taskinstance.py:2784} INFO - 1 downstream tasks scheduled from follow-on schedule check
