[2023-09-04T06:01:36.560+0000] {taskinstance.py:1159} INFO - Dependencies all met for dep_context=non-requeueable deps ti=<TaskInstance: dag_with_postgres_operator_v04.insert_into_table scheduled__2022-01-26T00:00:00+00:00 [queued]>
[2023-09-04T06:01:36.573+0000] {taskinstance.py:1159} INFO - Dependencies all met for dep_context=requeueable deps ti=<TaskInstance: dag_with_postgres_operator_v04.insert_into_table scheduled__2022-01-26T00:00:00+00:00 [queued]>
[2023-09-04T06:01:36.574+0000] {taskinstance.py:1361} INFO - Starting attempt 1 of 6
[2023-09-04T06:01:36.599+0000] {taskinstance.py:1382} INFO - Executing <Task(PostgresOperator): insert_into_table> on 2022-01-26 00:00:00+00:00
[2023-09-04T06:01:36.609+0000] {standard_task_runner.py:57} INFO - Started process 4908 to run task
[2023-09-04T06:01:36.614+0000] {standard_task_runner.py:84} INFO - Running: ['***', 'tasks', 'run', 'dag_with_postgres_operator_v04', 'insert_into_table', 'scheduled__2022-01-26T00:00:00+00:00', '--job-id', '258', '--raw', '--subdir', 'DAGS_FOLDER/dag_with_postgres_operator.py', '--cfg-path', '/tmp/tmpf8611axn']
[2023-09-04T06:01:36.618+0000] {standard_task_runner.py:85} INFO - Job 258: Subtask insert_into_table
[2023-09-04T06:01:36.694+0000] {task_command.py:415} INFO - Running <TaskInstance: dag_with_postgres_operator_v04.insert_into_table scheduled__2022-01-26T00:00:00+00:00 [running]> on host 10bdc2e98230
[2023-09-04T06:01:36.817+0000] {taskinstance.py:1660} INFO - Exporting env vars: AIRFLOW_CTX_DAG_OWNER='coder2j' AIRFLOW_CTX_DAG_ID='dag_with_postgres_operator_v04' AIRFLOW_CTX_TASK_ID='insert_into_table' AIRFLOW_CTX_EXECUTION_DATE='2022-01-26T00:00:00+00:00' AIRFLOW_CTX_TRY_NUMBER='1' AIRFLOW_CTX_DAG_RUN_ID='scheduled__2022-01-26T00:00:00+00:00'
[2023-09-04T06:01:36.819+0000] {sql.py:274} INFO - Executing: 
            insert into dag_runs (dt, dag_id) values ('2022-01-26', 'dag_with_postgres_operator_v04')
        
[2023-09-04T06:01:36.828+0000] {base.py:73} INFO - Using connection ID 'postgres_localhost' for task execution.
[2023-09-04T06:01:36.840+0000] {base.py:73} INFO - Using connection ID 'postgres_localhost' for task execution.
[2023-09-04T06:01:36.855+0000] {sql.py:418} INFO - Running statement: 
            insert into dag_runs (dt, dag_id) values ('2022-01-26', 'dag_with_postgres_operator_v04')
        , parameters: None
[2023-09-04T06:01:36.861+0000] {sql.py:427} INFO - Rows affected: 1
[2023-09-04T06:01:36.878+0000] {taskinstance.py:1400} INFO - Marking task as SUCCESS. dag_id=dag_with_postgres_operator_v04, task_id=insert_into_table, execution_date=20220126T000000, start_date=20230904T060136, end_date=20230904T060136
[2023-09-04T06:01:36.908+0000] {local_task_job_runner.py:228} INFO - Task exited with return code 0
[2023-09-04T06:01:36.930+0000] {taskinstance.py:2784} INFO - 0 downstream tasks scheduled from follow-on schedule check
[2023-09-04T06:04:24.568+0000] {taskinstance.py:1159} INFO - Dependencies all met for dep_context=non-requeueable deps ti=<TaskInstance: dag_with_postgres_operator_v04.insert_into_table scheduled__2022-01-26T00:00:00+00:00 [queued]>
[2023-09-04T06:04:24.584+0000] {taskinstance.py:1159} INFO - Dependencies all met for dep_context=requeueable deps ti=<TaskInstance: dag_with_postgres_operator_v04.insert_into_table scheduled__2022-01-26T00:00:00+00:00 [queued]>
[2023-09-04T06:04:24.585+0000] {taskinstance.py:1361} INFO - Starting attempt 1 of 6
[2023-09-04T06:04:24.607+0000] {taskinstance.py:1382} INFO - Executing <Task(PostgresOperator): insert_into_table> on 2022-01-26 00:00:00+00:00
[2023-09-04T06:04:24.614+0000] {standard_task_runner.py:57} INFO - Started process 6207 to run task
[2023-09-04T06:04:24.617+0000] {standard_task_runner.py:84} INFO - Running: ['***', 'tasks', 'run', 'dag_with_postgres_operator_v04', 'insert_into_table', 'scheduled__2022-01-26T00:00:00+00:00', '--job-id', '806', '--raw', '--subdir', 'DAGS_FOLDER/dag_with_postgres_operator.py', '--cfg-path', '/tmp/tmp_7p_uzf0']
[2023-09-04T06:04:24.619+0000] {standard_task_runner.py:85} INFO - Job 806: Subtask insert_into_table
[2023-09-04T06:04:24.673+0000] {task_command.py:415} INFO - Running <TaskInstance: dag_with_postgres_operator_v04.insert_into_table scheduled__2022-01-26T00:00:00+00:00 [running]> on host 10bdc2e98230
[2023-09-04T06:04:24.785+0000] {taskinstance.py:1660} INFO - Exporting env vars: AIRFLOW_CTX_DAG_OWNER='mohghaff' AIRFLOW_CTX_DAG_ID='dag_with_postgres_operator_v04' AIRFLOW_CTX_TASK_ID='insert_into_table' AIRFLOW_CTX_EXECUTION_DATE='2022-01-26T00:00:00+00:00' AIRFLOW_CTX_TRY_NUMBER='1' AIRFLOW_CTX_DAG_RUN_ID='scheduled__2022-01-26T00:00:00+00:00'
[2023-09-04T06:04:24.786+0000] {sql.py:274} INFO - Executing: 
            insert into dag_runs (dt, dag_id) values ('2022-01-26', 'dag_with_postgres_operator_v04')
        
[2023-09-04T06:04:24.798+0000] {base.py:73} INFO - Using connection ID 'postgres_localhost' for task execution.
[2023-09-04T06:04:24.807+0000] {base.py:73} INFO - Using connection ID 'postgres_localhost' for task execution.
[2023-09-04T06:04:24.819+0000] {sql.py:418} INFO - Running statement: 
            insert into dag_runs (dt, dag_id) values ('2022-01-26', 'dag_with_postgres_operator_v04')
        , parameters: None
[2023-09-04T06:04:24.823+0000] {sql.py:427} INFO - Rows affected: 1
[2023-09-04T06:04:24.838+0000] {taskinstance.py:1400} INFO - Marking task as SUCCESS. dag_id=dag_with_postgres_operator_v04, task_id=insert_into_table, execution_date=20220126T000000, start_date=20230904T060424, end_date=20230904T060424
[2023-09-04T06:04:24.869+0000] {local_task_job_runner.py:228} INFO - Task exited with return code 0
[2023-09-04T06:04:24.929+0000] {taskinstance.py:2784} INFO - 0 downstream tasks scheduled from follow-on schedule check
