[2023-09-04T06:01:44.817+0000] {taskinstance.py:1159} INFO - Dependencies all met for dep_context=non-requeueable deps ti=<TaskInstance: dag_with_postgres_operator_v04.insert_into_table scheduled__2022-02-02T00:00:00+00:00 [queued]>
[2023-09-04T06:01:44.838+0000] {taskinstance.py:1159} INFO - Dependencies all met for dep_context=requeueable deps ti=<TaskInstance: dag_with_postgres_operator_v04.insert_into_table scheduled__2022-02-02T00:00:00+00:00 [queued]>
[2023-09-04T06:01:44.839+0000] {taskinstance.py:1361} INFO - Starting attempt 1 of 6
[2023-09-04T06:01:44.872+0000] {taskinstance.py:1382} INFO - Executing <Task(PostgresOperator): insert_into_table> on 2022-02-02 00:00:00+00:00
[2023-09-04T06:01:44.884+0000] {standard_task_runner.py:57} INFO - Started process 4971 to run task
[2023-09-04T06:01:44.888+0000] {standard_task_runner.py:84} INFO - Running: ['***', 'tasks', 'run', 'dag_with_postgres_operator_v04', 'insert_into_table', 'scheduled__2022-02-02T00:00:00+00:00', '--job-id', '285', '--raw', '--subdir', 'DAGS_FOLDER/dag_with_postgres_operator.py', '--cfg-path', '/tmp/tmpnz61hoyt']
[2023-09-04T06:01:44.892+0000] {standard_task_runner.py:85} INFO - Job 285: Subtask insert_into_table
[2023-09-04T06:01:44.978+0000] {task_command.py:415} INFO - Running <TaskInstance: dag_with_postgres_operator_v04.insert_into_table scheduled__2022-02-02T00:00:00+00:00 [running]> on host 10bdc2e98230
[2023-09-04T06:01:45.127+0000] {taskinstance.py:1660} INFO - Exporting env vars: AIRFLOW_CTX_DAG_OWNER='coder2j' AIRFLOW_CTX_DAG_ID='dag_with_postgres_operator_v04' AIRFLOW_CTX_TASK_ID='insert_into_table' AIRFLOW_CTX_EXECUTION_DATE='2022-02-02T00:00:00+00:00' AIRFLOW_CTX_TRY_NUMBER='1' AIRFLOW_CTX_DAG_RUN_ID='scheduled__2022-02-02T00:00:00+00:00'
[2023-09-04T06:01:45.130+0000] {sql.py:274} INFO - Executing: 
            insert into dag_runs (dt, dag_id) values ('2022-02-02', 'dag_with_postgres_operator_v04')
        
[2023-09-04T06:01:45.146+0000] {base.py:73} INFO - Using connection ID 'postgres_localhost' for task execution.
[2023-09-04T06:01:45.160+0000] {base.py:73} INFO - Using connection ID 'postgres_localhost' for task execution.
[2023-09-04T06:01:45.177+0000] {sql.py:418} INFO - Running statement: 
            insert into dag_runs (dt, dag_id) values ('2022-02-02', 'dag_with_postgres_operator_v04')
        , parameters: None
[2023-09-04T06:01:45.183+0000] {sql.py:427} INFO - Rows affected: 1
[2023-09-04T06:01:45.201+0000] {taskinstance.py:1400} INFO - Marking task as SUCCESS. dag_id=dag_with_postgres_operator_v04, task_id=insert_into_table, execution_date=20220202T000000, start_date=20230904T060144, end_date=20230904T060145
[2023-09-04T06:01:45.262+0000] {local_task_job_runner.py:228} INFO - Task exited with return code 0
[2023-09-04T06:01:45.293+0000] {taskinstance.py:2784} INFO - 0 downstream tasks scheduled from follow-on schedule check
[2023-09-04T06:04:28.195+0000] {taskinstance.py:1159} INFO - Dependencies all met for dep_context=non-requeueable deps ti=<TaskInstance: dag_with_postgres_operator_v04.insert_into_table scheduled__2022-02-02T00:00:00+00:00 [queued]>
[2023-09-04T06:04:28.209+0000] {taskinstance.py:1159} INFO - Dependencies all met for dep_context=requeueable deps ti=<TaskInstance: dag_with_postgres_operator_v04.insert_into_table scheduled__2022-02-02T00:00:00+00:00 [queued]>
[2023-09-04T06:04:28.210+0000] {taskinstance.py:1361} INFO - Starting attempt 1 of 6
[2023-09-04T06:04:28.228+0000] {taskinstance.py:1382} INFO - Executing <Task(PostgresOperator): insert_into_table> on 2022-02-02 00:00:00+00:00
[2023-09-04T06:04:28.235+0000] {standard_task_runner.py:57} INFO - Started process 6241 to run task
[2023-09-04T06:04:28.237+0000] {standard_task_runner.py:84} INFO - Running: ['***', 'tasks', 'run', 'dag_with_postgres_operator_v04', 'insert_into_table', 'scheduled__2022-02-02T00:00:00+00:00', '--job-id', '815', '--raw', '--subdir', 'DAGS_FOLDER/dag_with_postgres_operator.py', '--cfg-path', '/tmp/tmpsu2v81_v']
[2023-09-04T06:04:28.239+0000] {standard_task_runner.py:85} INFO - Job 815: Subtask insert_into_table
[2023-09-04T06:04:28.292+0000] {task_command.py:415} INFO - Running <TaskInstance: dag_with_postgres_operator_v04.insert_into_table scheduled__2022-02-02T00:00:00+00:00 [running]> on host 10bdc2e98230
[2023-09-04T06:04:28.387+0000] {taskinstance.py:1660} INFO - Exporting env vars: AIRFLOW_CTX_DAG_OWNER='mohghaff' AIRFLOW_CTX_DAG_ID='dag_with_postgres_operator_v04' AIRFLOW_CTX_TASK_ID='insert_into_table' AIRFLOW_CTX_EXECUTION_DATE='2022-02-02T00:00:00+00:00' AIRFLOW_CTX_TRY_NUMBER='1' AIRFLOW_CTX_DAG_RUN_ID='scheduled__2022-02-02T00:00:00+00:00'
[2023-09-04T06:04:28.388+0000] {sql.py:274} INFO - Executing: 
            insert into dag_runs (dt, dag_id) values ('2022-02-02', 'dag_with_postgres_operator_v04')
        
[2023-09-04T06:04:28.396+0000] {base.py:73} INFO - Using connection ID 'postgres_localhost' for task execution.
[2023-09-04T06:04:28.404+0000] {base.py:73} INFO - Using connection ID 'postgres_localhost' for task execution.
[2023-09-04T06:04:28.415+0000] {sql.py:418} INFO - Running statement: 
            insert into dag_runs (dt, dag_id) values ('2022-02-02', 'dag_with_postgres_operator_v04')
        , parameters: None
[2023-09-04T06:04:28.419+0000] {sql.py:427} INFO - Rows affected: 1
[2023-09-04T06:04:28.432+0000] {taskinstance.py:1400} INFO - Marking task as SUCCESS. dag_id=dag_with_postgres_operator_v04, task_id=insert_into_table, execution_date=20220202T000000, start_date=20230904T060428, end_date=20230904T060428
[2023-09-04T06:04:28.490+0000] {local_task_job_runner.py:228} INFO - Task exited with return code 0
[2023-09-04T06:04:28.505+0000] {taskinstance.py:2784} INFO - 0 downstream tasks scheduled from follow-on schedule check
