[2023-09-04T11:57:29.387+0000] {taskinstance.py:1159} INFO - Dependencies all met for dep_context=non-requeueable deps ti=<TaskInstance: dag_with_postgres_operator_v05.delete_data_from_table scheduled__2023-08-05T00:00:00+00:00 [queued]>
[2023-09-04T11:57:29.406+0000] {taskinstance.py:1159} INFO - Dependencies all met for dep_context=requeueable deps ti=<TaskInstance: dag_with_postgres_operator_v05.delete_data_from_table scheduled__2023-08-05T00:00:00+00:00 [queued]>
[2023-09-04T11:57:29.407+0000] {taskinstance.py:1361} INFO - Starting attempt 1 of 6
[2023-09-04T11:57:29.479+0000] {taskinstance.py:1382} INFO - Executing <Task(PostgresOperator): delete_data_from_table> on 2023-08-05 00:00:00+00:00
[2023-09-04T11:57:29.491+0000] {standard_task_runner.py:57} INFO - Started process 15862 to run task
[2023-09-04T11:57:29.499+0000] {standard_task_runner.py:84} INFO - Running: ['***', 'tasks', 'run', 'dag_with_postgres_operator_v05', 'delete_data_from_table', 'scheduled__2023-08-05T00:00:00+00:00', '--job-id', '3198', '--raw', '--subdir', 'DAGS_FOLDER/dag_with_postgres_operator.py', '--cfg-path', '/tmp/tmp3vsy6fw1']
[2023-09-04T11:57:29.504+0000] {standard_task_runner.py:85} INFO - Job 3198: Subtask delete_data_from_table
[2023-09-04T11:57:29.647+0000] {task_command.py:415} INFO - Running <TaskInstance: dag_with_postgres_operator_v05.delete_data_from_table scheduled__2023-08-05T00:00:00+00:00 [running]> on host 10bdc2e98230
[2023-09-04T11:57:29.844+0000] {taskinstance.py:1660} INFO - Exporting env vars: AIRFLOW_CTX_DAG_OWNER='mohghaff' AIRFLOW_CTX_DAG_ID='dag_with_postgres_operator_v05' AIRFLOW_CTX_TASK_ID='delete_data_from_table' AIRFLOW_CTX_EXECUTION_DATE='2023-08-05T00:00:00+00:00' AIRFLOW_CTX_TRY_NUMBER='1' AIRFLOW_CTX_DAG_RUN_ID='scheduled__2023-08-05T00:00:00+00:00'
[2023-09-04T11:57:29.846+0000] {sql.py:274} INFO - Executing: 
            delete from dag_runs where dt = '2023-08-05' and dag_id = 'dag_with_postgres_operator_v05';
        
[2023-09-04T11:57:29.860+0000] {base.py:73} INFO - Using connection ID 'postgres_localhost' for task execution.
[2023-09-04T11:57:29.890+0000] {base.py:73} INFO - Using connection ID 'postgres_localhost' for task execution.
[2023-09-04T11:57:29.910+0000] {sql.py:418} INFO - Running statement: 
            delete from dag_runs where dt = '2023-08-05' and dag_id = 'dag_with_postgres_operator_v05';
        , parameters: None
[2023-09-04T11:57:29.916+0000] {sql.py:427} INFO - Rows affected: 0
[2023-09-04T11:57:29.945+0000] {taskinstance.py:1400} INFO - Marking task as SUCCESS. dag_id=dag_with_postgres_operator_v05, task_id=delete_data_from_table, execution_date=20230805T000000, start_date=20230904T115729, end_date=20230904T115729
[2023-09-04T11:57:30.039+0000] {local_task_job_runner.py:228} INFO - Task exited with return code 0
[2023-09-04T11:57:30.077+0000] {taskinstance.py:2784} INFO - 1 downstream tasks scheduled from follow-on schedule check
