[2023-09-04T06:02:15.486+0000] {taskinstance.py:1159} INFO - Dependencies all met for dep_context=non-requeueable deps ti=<TaskInstance: dag_with_postgres_operator_v04.insert_into_table scheduled__2022-03-13T00:00:00+00:00 [queued]>
[2023-09-04T06:02:15.497+0000] {taskinstance.py:1159} INFO - Dependencies all met for dep_context=requeueable deps ti=<TaskInstance: dag_with_postgres_operator_v04.insert_into_table scheduled__2022-03-13T00:00:00+00:00 [queued]>
[2023-09-04T06:02:15.497+0000] {taskinstance.py:1361} INFO - Starting attempt 1 of 6
[2023-09-04T06:02:15.513+0000] {taskinstance.py:1382} INFO - Executing <Task(PostgresOperator): insert_into_table> on 2022-03-13 00:00:00+00:00
[2023-09-04T06:02:15.522+0000] {standard_task_runner.py:57} INFO - Started process 5220 to run task
[2023-09-04T06:02:15.533+0000] {standard_task_runner.py:84} INFO - Running: ['***', 'tasks', 'run', 'dag_with_postgres_operator_v04', 'insert_into_table', 'scheduled__2022-03-13T00:00:00+00:00', '--job-id', '393', '--raw', '--subdir', 'DAGS_FOLDER/dag_with_postgres_operator.py', '--cfg-path', '/tmp/tmprnu7pk1x']
[2023-09-04T06:02:15.536+0000] {standard_task_runner.py:85} INFO - Job 393: Subtask insert_into_table
[2023-09-04T06:02:15.593+0000] {task_command.py:415} INFO - Running <TaskInstance: dag_with_postgres_operator_v04.insert_into_table scheduled__2022-03-13T00:00:00+00:00 [running]> on host 10bdc2e98230
[2023-09-04T06:02:15.709+0000] {taskinstance.py:1660} INFO - Exporting env vars: AIRFLOW_CTX_DAG_OWNER='coder2j' AIRFLOW_CTX_DAG_ID='dag_with_postgres_operator_v04' AIRFLOW_CTX_TASK_ID='insert_into_table' AIRFLOW_CTX_EXECUTION_DATE='2022-03-13T00:00:00+00:00' AIRFLOW_CTX_TRY_NUMBER='1' AIRFLOW_CTX_DAG_RUN_ID='scheduled__2022-03-13T00:00:00+00:00'
[2023-09-04T06:02:15.711+0000] {sql.py:274} INFO - Executing: 
            insert into dag_runs (dt, dag_id) values ('2022-03-13', 'dag_with_postgres_operator_v04')
        
[2023-09-04T06:02:15.722+0000] {base.py:73} INFO - Using connection ID 'postgres_localhost' for task execution.
[2023-09-04T06:02:15.733+0000] {base.py:73} INFO - Using connection ID 'postgres_localhost' for task execution.
[2023-09-04T06:02:15.748+0000] {sql.py:418} INFO - Running statement: 
            insert into dag_runs (dt, dag_id) values ('2022-03-13', 'dag_with_postgres_operator_v04')
        , parameters: None
[2023-09-04T06:02:15.751+0000] {sql.py:427} INFO - Rows affected: 1
[2023-09-04T06:02:15.767+0000] {taskinstance.py:1400} INFO - Marking task as SUCCESS. dag_id=dag_with_postgres_operator_v04, task_id=insert_into_table, execution_date=20220313T000000, start_date=20230904T060215, end_date=20230904T060215
[2023-09-04T06:02:15.821+0000] {local_task_job_runner.py:228} INFO - Task exited with return code 0
[2023-09-04T06:02:15.842+0000] {taskinstance.py:2784} INFO - 0 downstream tasks scheduled from follow-on schedule check
[2023-09-04T06:05:01.572+0000] {taskinstance.py:1159} INFO - Dependencies all met for dep_context=non-requeueable deps ti=<TaskInstance: dag_with_postgres_operator_v04.insert_into_table scheduled__2022-03-13T00:00:00+00:00 [queued]>
[2023-09-04T06:05:01.599+0000] {taskinstance.py:1159} INFO - Dependencies all met for dep_context=requeueable deps ti=<TaskInstance: dag_with_postgres_operator_v04.insert_into_table scheduled__2022-03-13T00:00:00+00:00 [queued]>
[2023-09-04T06:05:01.599+0000] {taskinstance.py:1361} INFO - Starting attempt 1 of 6
[2023-09-04T06:05:01.634+0000] {taskinstance.py:1382} INFO - Executing <Task(PostgresOperator): insert_into_table> on 2022-03-13 00:00:00+00:00
[2023-09-04T06:05:01.642+0000] {standard_task_runner.py:57} INFO - Started process 6545 to run task
[2023-09-04T06:05:01.647+0000] {standard_task_runner.py:84} INFO - Running: ['***', 'tasks', 'run', 'dag_with_postgres_operator_v04', 'insert_into_table', 'scheduled__2022-03-13T00:00:00+00:00', '--job-id', '946', '--raw', '--subdir', 'DAGS_FOLDER/dag_with_postgres_operator.py', '--cfg-path', '/tmp/tmp9qho4p16']
[2023-09-04T06:05:01.650+0000] {standard_task_runner.py:85} INFO - Job 946: Subtask insert_into_table
[2023-09-04T06:05:01.773+0000] {task_command.py:415} INFO - Running <TaskInstance: dag_with_postgres_operator_v04.insert_into_table scheduled__2022-03-13T00:00:00+00:00 [running]> on host 10bdc2e98230
[2023-09-04T06:05:01.963+0000] {taskinstance.py:1660} INFO - Exporting env vars: AIRFLOW_CTX_DAG_OWNER='mohghaff' AIRFLOW_CTX_DAG_ID='dag_with_postgres_operator_v04' AIRFLOW_CTX_TASK_ID='insert_into_table' AIRFLOW_CTX_EXECUTION_DATE='2022-03-13T00:00:00+00:00' AIRFLOW_CTX_TRY_NUMBER='1' AIRFLOW_CTX_DAG_RUN_ID='scheduled__2022-03-13T00:00:00+00:00'
[2023-09-04T06:05:01.965+0000] {sql.py:274} INFO - Executing: 
            insert into dag_runs (dt, dag_id) values ('2022-03-13', 'dag_with_postgres_operator_v04')
        
[2023-09-04T06:05:01.980+0000] {base.py:73} INFO - Using connection ID 'postgres_localhost' for task execution.
[2023-09-04T06:05:01.995+0000] {base.py:73} INFO - Using connection ID 'postgres_localhost' for task execution.
[2023-09-04T06:05:02.014+0000] {sql.py:418} INFO - Running statement: 
            insert into dag_runs (dt, dag_id) values ('2022-03-13', 'dag_with_postgres_operator_v04')
        , parameters: None
[2023-09-04T06:05:02.022+0000] {sql.py:427} INFO - Rows affected: 1
[2023-09-04T06:05:02.048+0000] {taskinstance.py:1400} INFO - Marking task as SUCCESS. dag_id=dag_with_postgres_operator_v04, task_id=insert_into_table, execution_date=20220313T000000, start_date=20230904T060501, end_date=20230904T060502
[2023-09-04T06:05:02.100+0000] {local_task_job_runner.py:228} INFO - Task exited with return code 0
[2023-09-04T06:05:02.138+0000] {taskinstance.py:2784} INFO - 0 downstream tasks scheduled from follow-on schedule check
