[2023-09-04T06:03:15.224+0000] {taskinstance.py:1159} INFO - Dependencies all met for dep_context=non-requeueable deps ti=<TaskInstance: dag_with_postgres_operator_v04.insert_into_table scheduled__2022-05-29T00:00:00+00:00 [queued]>
[2023-09-04T06:03:15.231+0000] {taskinstance.py:1159} INFO - Dependencies all met for dep_context=requeueable deps ti=<TaskInstance: dag_with_postgres_operator_v04.insert_into_table scheduled__2022-05-29T00:00:00+00:00 [queued]>
[2023-09-04T06:03:15.232+0000] {taskinstance.py:1361} INFO - Starting attempt 1 of 6
[2023-09-04T06:03:15.244+0000] {taskinstance.py:1382} INFO - Executing <Task(PostgresOperator): insert_into_table> on 2022-05-29 00:00:00+00:00
[2023-09-04T06:03:15.250+0000] {standard_task_runner.py:57} INFO - Started process 5770 to run task
[2023-09-04T06:03:15.253+0000] {standard_task_runner.py:84} INFO - Running: ['***', 'tasks', 'run', 'dag_with_postgres_operator_v04', 'insert_into_table', 'scheduled__2022-05-29T00:00:00+00:00', '--job-id', '632', '--raw', '--subdir', 'DAGS_FOLDER/dag_with_postgres_operator.py', '--cfg-path', '/tmp/tmpd_gj6qik']
[2023-09-04T06:03:15.255+0000] {standard_task_runner.py:85} INFO - Job 632: Subtask insert_into_table
[2023-09-04T06:03:15.310+0000] {task_command.py:415} INFO - Running <TaskInstance: dag_with_postgres_operator_v04.insert_into_table scheduled__2022-05-29T00:00:00+00:00 [running]> on host 10bdc2e98230
[2023-09-04T06:03:15.396+0000] {taskinstance.py:1660} INFO - Exporting env vars: AIRFLOW_CTX_DAG_OWNER='coder2j' AIRFLOW_CTX_DAG_ID='dag_with_postgres_operator_v04' AIRFLOW_CTX_TASK_ID='insert_into_table' AIRFLOW_CTX_EXECUTION_DATE='2022-05-29T00:00:00+00:00' AIRFLOW_CTX_TRY_NUMBER='1' AIRFLOW_CTX_DAG_RUN_ID='scheduled__2022-05-29T00:00:00+00:00'
[2023-09-04T06:03:15.397+0000] {sql.py:274} INFO - Executing: 
            insert into dag_runs (dt, dag_id) values ('2022-05-29', 'dag_with_postgres_operator_v04')
        
[2023-09-04T06:03:15.404+0000] {base.py:73} INFO - Using connection ID 'postgres_localhost' for task execution.
[2023-09-04T06:03:15.410+0000] {base.py:73} INFO - Using connection ID 'postgres_localhost' for task execution.
[2023-09-04T06:03:15.420+0000] {sql.py:418} INFO - Running statement: 
            insert into dag_runs (dt, dag_id) values ('2022-05-29', 'dag_with_postgres_operator_v04')
        , parameters: None
[2023-09-04T06:03:15.423+0000] {sql.py:427} INFO - Rows affected: 1
[2023-09-04T06:03:15.433+0000] {taskinstance.py:1400} INFO - Marking task as SUCCESS. dag_id=dag_with_postgres_operator_v04, task_id=insert_into_table, execution_date=20220529T000000, start_date=20230904T060315, end_date=20230904T060315
[2023-09-04T06:03:15.466+0000] {local_task_job_runner.py:228} INFO - Task exited with return code 0
[2023-09-04T06:03:15.481+0000] {taskinstance.py:2784} INFO - 0 downstream tasks scheduled from follow-on schedule check
[2023-09-04T06:06:09.626+0000] {taskinstance.py:1159} INFO - Dependencies all met for dep_context=non-requeueable deps ti=<TaskInstance: dag_with_postgres_operator_v04.insert_into_table scheduled__2022-05-29T00:00:00+00:00 [queued]>
[2023-09-04T06:06:09.658+0000] {taskinstance.py:1159} INFO - Dependencies all met for dep_context=requeueable deps ti=<TaskInstance: dag_with_postgres_operator_v04.insert_into_table scheduled__2022-05-29T00:00:00+00:00 [queued]>
[2023-09-04T06:06:09.659+0000] {taskinstance.py:1361} INFO - Starting attempt 1 of 6
[2023-09-04T06:06:09.700+0000] {taskinstance.py:1382} INFO - Executing <Task(PostgresOperator): insert_into_table> on 2022-05-29 00:00:00+00:00
[2023-09-04T06:06:09.719+0000] {standard_task_runner.py:57} INFO - Started process 7100 to run task
[2023-09-04T06:06:09.728+0000] {standard_task_runner.py:84} INFO - Running: ['***', 'tasks', 'run', 'dag_with_postgres_operator_v04', 'insert_into_table', 'scheduled__2022-05-29T00:00:00+00:00', '--job-id', '1184', '--raw', '--subdir', 'DAGS_FOLDER/dag_with_postgres_operator.py', '--cfg-path', '/tmp/tmpxp61f9fe']
[2023-09-04T06:06:09.734+0000] {standard_task_runner.py:85} INFO - Job 1184: Subtask insert_into_table
[2023-09-04T06:06:09.952+0000] {task_command.py:415} INFO - Running <TaskInstance: dag_with_postgres_operator_v04.insert_into_table scheduled__2022-05-29T00:00:00+00:00 [running]> on host 10bdc2e98230
[2023-09-04T06:06:10.362+0000] {taskinstance.py:1660} INFO - Exporting env vars: AIRFLOW_CTX_DAG_OWNER='mohghaff' AIRFLOW_CTX_DAG_ID='dag_with_postgres_operator_v04' AIRFLOW_CTX_TASK_ID='insert_into_table' AIRFLOW_CTX_EXECUTION_DATE='2022-05-29T00:00:00+00:00' AIRFLOW_CTX_TRY_NUMBER='1' AIRFLOW_CTX_DAG_RUN_ID='scheduled__2022-05-29T00:00:00+00:00'
[2023-09-04T06:06:10.367+0000] {sql.py:274} INFO - Executing: 
            insert into dag_runs (dt, dag_id) values ('2022-05-29', 'dag_with_postgres_operator_v04')
        
[2023-09-04T06:06:10.386+0000] {base.py:73} INFO - Using connection ID 'postgres_localhost' for task execution.
[2023-09-04T06:06:10.406+0000] {base.py:73} INFO - Using connection ID 'postgres_localhost' for task execution.
[2023-09-04T06:06:10.435+0000] {sql.py:418} INFO - Running statement: 
            insert into dag_runs (dt, dag_id) values ('2022-05-29', 'dag_with_postgres_operator_v04')
        , parameters: None
[2023-09-04T06:06:10.443+0000] {sql.py:427} INFO - Rows affected: 1
[2023-09-04T06:06:10.473+0000] {taskinstance.py:1400} INFO - Marking task as SUCCESS. dag_id=dag_with_postgres_operator_v04, task_id=insert_into_table, execution_date=20220529T000000, start_date=20230904T060609, end_date=20230904T060610
[2023-09-04T06:06:10.558+0000] {local_task_job_runner.py:228} INFO - Task exited with return code 0
[2023-09-04T06:06:10.614+0000] {taskinstance.py:2784} INFO - 0 downstream tasks scheduled from follow-on schedule check
