[2023-09-04T06:01:13.116+0000] {taskinstance.py:1159} INFO - Dependencies all met for dep_context=non-requeueable deps ti=<TaskInstance: dag_with_postgres_operator_v04.insert_into_table scheduled__2021-12-31T00:00:00+00:00 [queued]>
[2023-09-04T06:01:13.132+0000] {taskinstance.py:1159} INFO - Dependencies all met for dep_context=requeueable deps ti=<TaskInstance: dag_with_postgres_operator_v04.insert_into_table scheduled__2021-12-31T00:00:00+00:00 [queued]>
[2023-09-04T06:01:13.132+0000] {taskinstance.py:1361} INFO - Starting attempt 1 of 6
[2023-09-04T06:01:13.153+0000] {taskinstance.py:1382} INFO - Executing <Task(PostgresOperator): insert_into_table> on 2021-12-31 00:00:00+00:00
[2023-09-04T06:01:13.162+0000] {standard_task_runner.py:57} INFO - Started process 4697 to run task
[2023-09-04T06:01:13.166+0000] {standard_task_runner.py:84} INFO - Running: ['***', 'tasks', 'run', 'dag_with_postgres_operator_v04', 'insert_into_table', 'scheduled__2021-12-31T00:00:00+00:00', '--job-id', '166', '--raw', '--subdir', 'DAGS_FOLDER/dag_with_postgres_operator.py', '--cfg-path', '/tmp/tmp0_8c3x7l']
[2023-09-04T06:01:13.169+0000] {standard_task_runner.py:85} INFO - Job 166: Subtask insert_into_table
[2023-09-04T06:01:13.233+0000] {task_command.py:415} INFO - Running <TaskInstance: dag_with_postgres_operator_v04.insert_into_table scheduled__2021-12-31T00:00:00+00:00 [running]> on host 10bdc2e98230
[2023-09-04T06:01:13.354+0000] {taskinstance.py:1660} INFO - Exporting env vars: AIRFLOW_CTX_DAG_OWNER='coder2j' AIRFLOW_CTX_DAG_ID='dag_with_postgres_operator_v04' AIRFLOW_CTX_TASK_ID='insert_into_table' AIRFLOW_CTX_EXECUTION_DATE='2021-12-31T00:00:00+00:00' AIRFLOW_CTX_TRY_NUMBER='1' AIRFLOW_CTX_DAG_RUN_ID='scheduled__2021-12-31T00:00:00+00:00'
[2023-09-04T06:01:13.356+0000] {sql.py:274} INFO - Executing: 
            insert into dag_runs (dt, dag_id) values ('2021-12-31', 'dag_with_postgres_operator_v04')
        
[2023-09-04T06:01:13.368+0000] {base.py:73} INFO - Using connection ID 'postgres_localhost' for task execution.
[2023-09-04T06:01:13.379+0000] {base.py:73} INFO - Using connection ID 'postgres_localhost' for task execution.
[2023-09-04T06:01:13.395+0000] {sql.py:418} INFO - Running statement: 
            insert into dag_runs (dt, dag_id) values ('2021-12-31', 'dag_with_postgres_operator_v04')
        , parameters: None
[2023-09-04T06:01:13.401+0000] {sql.py:427} INFO - Rows affected: 1
[2023-09-04T06:01:13.418+0000] {taskinstance.py:1400} INFO - Marking task as SUCCESS. dag_id=dag_with_postgres_operator_v04, task_id=insert_into_table, execution_date=20211231T000000, start_date=20230904T060113, end_date=20230904T060113
[2023-09-04T06:01:13.459+0000] {local_task_job_runner.py:228} INFO - Task exited with return code 0
[2023-09-04T06:01:13.482+0000] {taskinstance.py:2784} INFO - 0 downstream tasks scheduled from follow-on schedule check
[2023-09-04T06:04:03.311+0000] {taskinstance.py:1159} INFO - Dependencies all met for dep_context=non-requeueable deps ti=<TaskInstance: dag_with_postgres_operator_v04.insert_into_table scheduled__2021-12-31T00:00:00+00:00 [queued]>
[2023-09-04T06:04:03.330+0000] {taskinstance.py:1159} INFO - Dependencies all met for dep_context=requeueable deps ti=<TaskInstance: dag_with_postgres_operator_v04.insert_into_table scheduled__2021-12-31T00:00:00+00:00 [queued]>
[2023-09-04T06:04:03.331+0000] {taskinstance.py:1361} INFO - Starting attempt 1 of 6
[2023-09-04T06:04:03.356+0000] {taskinstance.py:1382} INFO - Executing <Task(PostgresOperator): insert_into_table> on 2021-12-31 00:00:00+00:00
[2023-09-04T06:04:03.367+0000] {standard_task_runner.py:57} INFO - Started process 6012 to run task
[2023-09-04T06:04:03.371+0000] {standard_task_runner.py:84} INFO - Running: ['***', 'tasks', 'run', 'dag_with_postgres_operator_v04', 'insert_into_table', 'scheduled__2021-12-31T00:00:00+00:00', '--job-id', '718', '--raw', '--subdir', 'DAGS_FOLDER/dag_with_postgres_operator.py', '--cfg-path', '/tmp/tmpyipyqmmb']
[2023-09-04T06:04:03.374+0000] {standard_task_runner.py:85} INFO - Job 718: Subtask insert_into_table
[2023-09-04T06:04:03.444+0000] {task_command.py:415} INFO - Running <TaskInstance: dag_with_postgres_operator_v04.insert_into_table scheduled__2021-12-31T00:00:00+00:00 [running]> on host 10bdc2e98230
[2023-09-04T06:04:03.586+0000] {taskinstance.py:1660} INFO - Exporting env vars: AIRFLOW_CTX_DAG_OWNER='mohghaff' AIRFLOW_CTX_DAG_ID='dag_with_postgres_operator_v04' AIRFLOW_CTX_TASK_ID='insert_into_table' AIRFLOW_CTX_EXECUTION_DATE='2021-12-31T00:00:00+00:00' AIRFLOW_CTX_TRY_NUMBER='1' AIRFLOW_CTX_DAG_RUN_ID='scheduled__2021-12-31T00:00:00+00:00'
[2023-09-04T06:04:03.588+0000] {sql.py:274} INFO - Executing: 
            insert into dag_runs (dt, dag_id) values ('2021-12-31', 'dag_with_postgres_operator_v04')
        
[2023-09-04T06:04:03.603+0000] {base.py:73} INFO - Using connection ID 'postgres_localhost' for task execution.
[2023-09-04T06:04:03.617+0000] {base.py:73} INFO - Using connection ID 'postgres_localhost' for task execution.
[2023-09-04T06:04:03.635+0000] {sql.py:418} INFO - Running statement: 
            insert into dag_runs (dt, dag_id) values ('2021-12-31', 'dag_with_postgres_operator_v04')
        , parameters: None
[2023-09-04T06:04:03.643+0000] {sql.py:427} INFO - Rows affected: 1
[2023-09-04T06:04:03.662+0000] {taskinstance.py:1400} INFO - Marking task as SUCCESS. dag_id=dag_with_postgres_operator_v04, task_id=insert_into_table, execution_date=20211231T000000, start_date=20230904T060403, end_date=20230904T060403
[2023-09-04T06:04:03.705+0000] {local_task_job_runner.py:228} INFO - Task exited with return code 0
[2023-09-04T06:04:03.734+0000] {taskinstance.py:2784} INFO - 0 downstream tasks scheduled from follow-on schedule check
