[2023-09-04T06:01:11.482+0000] {taskinstance.py:1159} INFO - Dependencies all met for dep_context=non-requeueable deps ti=<TaskInstance: dag_with_postgres_operator_v04.insert_into_table scheduled__2021-12-25T00:00:00+00:00 [queued]>
[2023-09-04T06:01:11.500+0000] {taskinstance.py:1159} INFO - Dependencies all met for dep_context=requeueable deps ti=<TaskInstance: dag_with_postgres_operator_v04.insert_into_table scheduled__2021-12-25T00:00:00+00:00 [queued]>
[2023-09-04T06:01:11.500+0000] {taskinstance.py:1361} INFO - Starting attempt 1 of 6
[2023-09-04T06:01:11.538+0000] {taskinstance.py:1382} INFO - Executing <Task(PostgresOperator): insert_into_table> on 2021-12-25 00:00:00+00:00
[2023-09-04T06:01:11.552+0000] {standard_task_runner.py:57} INFO - Started process 4685 to run task
[2023-09-04T06:01:11.559+0000] {standard_task_runner.py:84} INFO - Running: ['***', 'tasks', 'run', 'dag_with_postgres_operator_v04', 'insert_into_table', 'scheduled__2021-12-25T00:00:00+00:00', '--job-id', '163', '--raw', '--subdir', 'DAGS_FOLDER/dag_with_postgres_operator.py', '--cfg-path', '/tmp/tmpj6l8xd6b']
[2023-09-04T06:01:11.565+0000] {standard_task_runner.py:85} INFO - Job 163: Subtask insert_into_table
[2023-09-04T06:01:11.671+0000] {task_command.py:415} INFO - Running <TaskInstance: dag_with_postgres_operator_v04.insert_into_table scheduled__2021-12-25T00:00:00+00:00 [running]> on host 10bdc2e98230
[2023-09-04T06:01:11.842+0000] {taskinstance.py:1660} INFO - Exporting env vars: AIRFLOW_CTX_DAG_OWNER='coder2j' AIRFLOW_CTX_DAG_ID='dag_with_postgres_operator_v04' AIRFLOW_CTX_TASK_ID='insert_into_table' AIRFLOW_CTX_EXECUTION_DATE='2021-12-25T00:00:00+00:00' AIRFLOW_CTX_TRY_NUMBER='1' AIRFLOW_CTX_DAG_RUN_ID='scheduled__2021-12-25T00:00:00+00:00'
[2023-09-04T06:01:11.844+0000] {sql.py:274} INFO - Executing: 
            insert into dag_runs (dt, dag_id) values ('2021-12-25', 'dag_with_postgres_operator_v04')
        
[2023-09-04T06:01:11.865+0000] {base.py:73} INFO - Using connection ID 'postgres_localhost' for task execution.
[2023-09-04T06:01:11.883+0000] {base.py:73} INFO - Using connection ID 'postgres_localhost' for task execution.
[2023-09-04T06:01:11.909+0000] {sql.py:418} INFO - Running statement: 
            insert into dag_runs (dt, dag_id) values ('2021-12-25', 'dag_with_postgres_operator_v04')
        , parameters: None
[2023-09-04T06:01:11.920+0000] {sql.py:427} INFO - Rows affected: 1
[2023-09-04T06:01:11.944+0000] {taskinstance.py:1400} INFO - Marking task as SUCCESS. dag_id=dag_with_postgres_operator_v04, task_id=insert_into_table, execution_date=20211225T000000, start_date=20230904T060111, end_date=20230904T060111
[2023-09-04T06:01:12.020+0000] {local_task_job_runner.py:228} INFO - Task exited with return code 0
[2023-09-04T06:01:12.154+0000] {taskinstance.py:2784} INFO - 0 downstream tasks scheduled from follow-on schedule check
[2023-09-04T06:04:01.281+0000] {taskinstance.py:1159} INFO - Dependencies all met for dep_context=non-requeueable deps ti=<TaskInstance: dag_with_postgres_operator_v04.insert_into_table scheduled__2021-12-25T00:00:00+00:00 [queued]>
[2023-09-04T06:04:01.307+0000] {taskinstance.py:1159} INFO - Dependencies all met for dep_context=requeueable deps ti=<TaskInstance: dag_with_postgres_operator_v04.insert_into_table scheduled__2021-12-25T00:00:00+00:00 [queued]>
[2023-09-04T06:04:01.308+0000] {taskinstance.py:1361} INFO - Starting attempt 1 of 6
[2023-09-04T06:04:01.352+0000] {taskinstance.py:1382} INFO - Executing <Task(PostgresOperator): insert_into_table> on 2021-12-25 00:00:00+00:00
[2023-09-04T06:04:01.365+0000] {standard_task_runner.py:57} INFO - Started process 5997 to run task
[2023-09-04T06:04:01.371+0000] {standard_task_runner.py:84} INFO - Running: ['***', 'tasks', 'run', 'dag_with_postgres_operator_v04', 'insert_into_table', 'scheduled__2021-12-25T00:00:00+00:00', '--job-id', '708', '--raw', '--subdir', 'DAGS_FOLDER/dag_with_postgres_operator.py', '--cfg-path', '/tmp/tmph39csp66']
[2023-09-04T06:04:01.377+0000] {standard_task_runner.py:85} INFO - Job 708: Subtask insert_into_table
[2023-09-04T06:04:01.503+0000] {task_command.py:415} INFO - Running <TaskInstance: dag_with_postgres_operator_v04.insert_into_table scheduled__2021-12-25T00:00:00+00:00 [running]> on host 10bdc2e98230
[2023-09-04T06:04:01.690+0000] {taskinstance.py:1660} INFO - Exporting env vars: AIRFLOW_CTX_DAG_OWNER='mohghaff' AIRFLOW_CTX_DAG_ID='dag_with_postgres_operator_v04' AIRFLOW_CTX_TASK_ID='insert_into_table' AIRFLOW_CTX_EXECUTION_DATE='2021-12-25T00:00:00+00:00' AIRFLOW_CTX_TRY_NUMBER='1' AIRFLOW_CTX_DAG_RUN_ID='scheduled__2021-12-25T00:00:00+00:00'
[2023-09-04T06:04:01.692+0000] {sql.py:274} INFO - Executing: 
            insert into dag_runs (dt, dag_id) values ('2021-12-25', 'dag_with_postgres_operator_v04')
        
[2023-09-04T06:04:01.711+0000] {base.py:73} INFO - Using connection ID 'postgres_localhost' for task execution.
[2023-09-04T06:04:01.728+0000] {base.py:73} INFO - Using connection ID 'postgres_localhost' for task execution.
[2023-09-04T06:04:01.755+0000] {sql.py:418} INFO - Running statement: 
            insert into dag_runs (dt, dag_id) values ('2021-12-25', 'dag_with_postgres_operator_v04')
        , parameters: None
[2023-09-04T06:04:01.761+0000] {sql.py:427} INFO - Rows affected: 1
[2023-09-04T06:04:01.786+0000] {taskinstance.py:1400} INFO - Marking task as SUCCESS. dag_id=dag_with_postgres_operator_v04, task_id=insert_into_table, execution_date=20211225T000000, start_date=20230904T060401, end_date=20230904T060401
[2023-09-04T06:04:01.825+0000] {local_task_job_runner.py:228} INFO - Task exited with return code 0
[2023-09-04T06:04:01.858+0000] {taskinstance.py:2784} INFO - 0 downstream tasks scheduled from follow-on schedule check
