[2023-09-04T06:01:27.960+0000] {taskinstance.py:1159} INFO - Dependencies all met for dep_context=non-requeueable deps ti=<TaskInstance: dag_with_postgres_operator_v04.insert_into_table scheduled__2022-01-18T00:00:00+00:00 [queued]>
[2023-09-04T06:01:27.974+0000] {taskinstance.py:1159} INFO - Dependencies all met for dep_context=requeueable deps ti=<TaskInstance: dag_with_postgres_operator_v04.insert_into_table scheduled__2022-01-18T00:00:00+00:00 [queued]>
[2023-09-04T06:01:27.975+0000] {taskinstance.py:1361} INFO - Starting attempt 1 of 6
[2023-09-04T06:01:27.999+0000] {taskinstance.py:1382} INFO - Executing <Task(PostgresOperator): insert_into_table> on 2022-01-18 00:00:00+00:00
[2023-09-04T06:01:28.007+0000] {standard_task_runner.py:57} INFO - Started process 4848 to run task
[2023-09-04T06:01:28.011+0000] {standard_task_runner.py:84} INFO - Running: ['***', 'tasks', 'run', 'dag_with_postgres_operator_v04', 'insert_into_table', 'scheduled__2022-01-18T00:00:00+00:00', '--job-id', '229', '--raw', '--subdir', 'DAGS_FOLDER/dag_with_postgres_operator.py', '--cfg-path', '/tmp/tmpdk06m7al']
[2023-09-04T06:01:28.014+0000] {standard_task_runner.py:85} INFO - Job 229: Subtask insert_into_table
[2023-09-04T06:01:28.072+0000] {task_command.py:415} INFO - Running <TaskInstance: dag_with_postgres_operator_v04.insert_into_table scheduled__2022-01-18T00:00:00+00:00 [running]> on host 10bdc2e98230
[2023-09-04T06:01:28.170+0000] {taskinstance.py:1660} INFO - Exporting env vars: AIRFLOW_CTX_DAG_OWNER='coder2j' AIRFLOW_CTX_DAG_ID='dag_with_postgres_operator_v04' AIRFLOW_CTX_TASK_ID='insert_into_table' AIRFLOW_CTX_EXECUTION_DATE='2022-01-18T00:00:00+00:00' AIRFLOW_CTX_TRY_NUMBER='1' AIRFLOW_CTX_DAG_RUN_ID='scheduled__2022-01-18T00:00:00+00:00'
[2023-09-04T06:01:28.172+0000] {sql.py:274} INFO - Executing: 
            insert into dag_runs (dt, dag_id) values ('2022-01-18', 'dag_with_postgres_operator_v04')
        
[2023-09-04T06:01:28.181+0000] {base.py:73} INFO - Using connection ID 'postgres_localhost' for task execution.
[2023-09-04T06:01:28.190+0000] {base.py:73} INFO - Using connection ID 'postgres_localhost' for task execution.
[2023-09-04T06:01:28.205+0000] {sql.py:418} INFO - Running statement: 
            insert into dag_runs (dt, dag_id) values ('2022-01-18', 'dag_with_postgres_operator_v04')
        , parameters: None
[2023-09-04T06:01:28.209+0000] {sql.py:427} INFO - Rows affected: 1
[2023-09-04T06:01:28.224+0000] {taskinstance.py:1400} INFO - Marking task as SUCCESS. dag_id=dag_with_postgres_operator_v04, task_id=insert_into_table, execution_date=20220118T000000, start_date=20230904T060127, end_date=20230904T060128
[2023-09-04T06:01:28.263+0000] {local_task_job_runner.py:228} INFO - Task exited with return code 0
[2023-09-04T06:01:28.282+0000] {taskinstance.py:2784} INFO - 0 downstream tasks scheduled from follow-on schedule check
[2023-09-04T06:04:15.213+0000] {taskinstance.py:1159} INFO - Dependencies all met for dep_context=non-requeueable deps ti=<TaskInstance: dag_with_postgres_operator_v04.insert_into_table scheduled__2022-01-18T00:00:00+00:00 [queued]>
[2023-09-04T06:04:15.223+0000] {taskinstance.py:1159} INFO - Dependencies all met for dep_context=requeueable deps ti=<TaskInstance: dag_with_postgres_operator_v04.insert_into_table scheduled__2022-01-18T00:00:00+00:00 [queued]>
[2023-09-04T06:04:15.224+0000] {taskinstance.py:1361} INFO - Starting attempt 1 of 6
[2023-09-04T06:04:15.241+0000] {taskinstance.py:1382} INFO - Executing <Task(PostgresOperator): insert_into_table> on 2022-01-18 00:00:00+00:00
[2023-09-04T06:04:15.248+0000] {standard_task_runner.py:57} INFO - Started process 6121 to run task
[2023-09-04T06:04:15.250+0000] {standard_task_runner.py:84} INFO - Running: ['***', 'tasks', 'run', 'dag_with_postgres_operator_v04', 'insert_into_table', 'scheduled__2022-01-18T00:00:00+00:00', '--job-id', '768', '--raw', '--subdir', 'DAGS_FOLDER/dag_with_postgres_operator.py', '--cfg-path', '/tmp/tmpqfw8voj6']
[2023-09-04T06:04:15.252+0000] {standard_task_runner.py:85} INFO - Job 768: Subtask insert_into_table
[2023-09-04T06:04:15.298+0000] {task_command.py:415} INFO - Running <TaskInstance: dag_with_postgres_operator_v04.insert_into_table scheduled__2022-01-18T00:00:00+00:00 [running]> on host 10bdc2e98230
[2023-09-04T06:04:15.382+0000] {taskinstance.py:1660} INFO - Exporting env vars: AIRFLOW_CTX_DAG_OWNER='mohghaff' AIRFLOW_CTX_DAG_ID='dag_with_postgres_operator_v04' AIRFLOW_CTX_TASK_ID='insert_into_table' AIRFLOW_CTX_EXECUTION_DATE='2022-01-18T00:00:00+00:00' AIRFLOW_CTX_TRY_NUMBER='1' AIRFLOW_CTX_DAG_RUN_ID='scheduled__2022-01-18T00:00:00+00:00'
[2023-09-04T06:04:15.383+0000] {sql.py:274} INFO - Executing: 
            insert into dag_runs (dt, dag_id) values ('2022-01-18', 'dag_with_postgres_operator_v04')
        
[2023-09-04T06:04:15.391+0000] {base.py:73} INFO - Using connection ID 'postgres_localhost' for task execution.
[2023-09-04T06:04:15.399+0000] {base.py:73} INFO - Using connection ID 'postgres_localhost' for task execution.
[2023-09-04T06:04:15.409+0000] {sql.py:418} INFO - Running statement: 
            insert into dag_runs (dt, dag_id) values ('2022-01-18', 'dag_with_postgres_operator_v04')
        , parameters: None
[2023-09-04T06:04:15.412+0000] {sql.py:427} INFO - Rows affected: 1
[2023-09-04T06:04:15.425+0000] {taskinstance.py:1400} INFO - Marking task as SUCCESS. dag_id=dag_with_postgres_operator_v04, task_id=insert_into_table, execution_date=20220118T000000, start_date=20230904T060415, end_date=20230904T060415
[2023-09-04T06:04:15.463+0000] {local_task_job_runner.py:228} INFO - Task exited with return code 0
[2023-09-04T06:04:15.479+0000] {taskinstance.py:2784} INFO - 0 downstream tasks scheduled from follow-on schedule check
