[2023-09-04T06:03:06.698+0000] {taskinstance.py:1159} INFO - Dependencies all met for dep_context=non-requeueable deps ti=<TaskInstance: dag_with_postgres_operator_v04.delete_data_from_table scheduled__2022-05-20T00:00:00+00:00 [queued]>
[2023-09-04T06:03:06.712+0000] {taskinstance.py:1159} INFO - Dependencies all met for dep_context=requeueable deps ti=<TaskInstance: dag_with_postgres_operator_v04.delete_data_from_table scheduled__2022-05-20T00:00:00+00:00 [queued]>
[2023-09-04T06:03:06.713+0000] {taskinstance.py:1361} INFO - Starting attempt 1 of 6
[2023-09-04T06:03:06.732+0000] {taskinstance.py:1382} INFO - Executing <Task(PostgresOperator): delete_data_from_table> on 2022-05-20 00:00:00+00:00
[2023-09-04T06:03:06.741+0000] {standard_task_runner.py:57} INFO - Started process 5674 to run task
[2023-09-04T06:03:06.746+0000] {standard_task_runner.py:84} INFO - Running: ['***', 'tasks', 'run', 'dag_with_postgres_operator_v04', 'delete_data_from_table', 'scheduled__2022-05-20T00:00:00+00:00', '--job-id', '585', '--raw', '--subdir', 'DAGS_FOLDER/dag_with_postgres_operator.py', '--cfg-path', '/tmp/tmp0di0ab77']
[2023-09-04T06:03:06.749+0000] {standard_task_runner.py:85} INFO - Job 585: Subtask delete_data_from_table
[2023-09-04T06:03:06.843+0000] {task_command.py:415} INFO - Running <TaskInstance: dag_with_postgres_operator_v04.delete_data_from_table scheduled__2022-05-20T00:00:00+00:00 [running]> on host 10bdc2e98230
[2023-09-04T06:03:06.995+0000] {taskinstance.py:1660} INFO - Exporting env vars: AIRFLOW_CTX_DAG_OWNER='coder2j' AIRFLOW_CTX_DAG_ID='dag_with_postgres_operator_v04' AIRFLOW_CTX_TASK_ID='delete_data_from_table' AIRFLOW_CTX_EXECUTION_DATE='2022-05-20T00:00:00+00:00' AIRFLOW_CTX_TRY_NUMBER='1' AIRFLOW_CTX_DAG_RUN_ID='scheduled__2022-05-20T00:00:00+00:00'
[2023-09-04T06:03:06.997+0000] {sql.py:274} INFO - Executing: 
            delete from dag_runs where dt = '2022-05-20' and dag_id = 'dag_with_postgres_operator_v04';
        
[2023-09-04T06:03:07.011+0000] {base.py:73} INFO - Using connection ID 'postgres_localhost' for task execution.
[2023-09-04T06:03:07.025+0000] {base.py:73} INFO - Using connection ID 'postgres_localhost' for task execution.
[2023-09-04T06:03:07.040+0000] {sql.py:418} INFO - Running statement: 
            delete from dag_runs where dt = '2022-05-20' and dag_id = 'dag_with_postgres_operator_v04';
        , parameters: None
[2023-09-04T06:03:07.049+0000] {sql.py:427} INFO - Rows affected: 0
[2023-09-04T06:03:07.067+0000] {taskinstance.py:1400} INFO - Marking task as SUCCESS. dag_id=dag_with_postgres_operator_v04, task_id=delete_data_from_table, execution_date=20220520T000000, start_date=20230904T060306, end_date=20230904T060307
[2023-09-04T06:03:07.119+0000] {local_task_job_runner.py:228} INFO - Task exited with return code 0
[2023-09-04T06:03:07.143+0000] {taskinstance.py:2784} INFO - 1 downstream tasks scheduled from follow-on schedule check
[2023-09-04T06:05:54.466+0000] {taskinstance.py:1159} INFO - Dependencies all met for dep_context=non-requeueable deps ti=<TaskInstance: dag_with_postgres_operator_v04.delete_data_from_table scheduled__2022-05-20T00:00:00+00:00 [queued]>
[2023-09-04T06:05:54.497+0000] {taskinstance.py:1159} INFO - Dependencies all met for dep_context=requeueable deps ti=<TaskInstance: dag_with_postgres_operator_v04.delete_data_from_table scheduled__2022-05-20T00:00:00+00:00 [queued]>
[2023-09-04T06:05:54.499+0000] {taskinstance.py:1361} INFO - Starting attempt 1 of 6
[2023-09-04T06:05:54.830+0000] {taskinstance.py:1382} INFO - Executing <Task(PostgresOperator): delete_data_from_table> on 2022-05-20 00:00:00+00:00
[2023-09-04T06:05:54.845+0000] {standard_task_runner.py:57} INFO - Started process 6977 to run task
[2023-09-04T06:05:54.855+0000] {standard_task_runner.py:84} INFO - Running: ['***', 'tasks', 'run', 'dag_with_postgres_operator_v04', 'delete_data_from_table', 'scheduled__2022-05-20T00:00:00+00:00', '--job-id', '1130', '--raw', '--subdir', 'DAGS_FOLDER/dag_with_postgres_operator.py', '--cfg-path', '/tmp/tmpx9uxrw9l']
[2023-09-04T06:05:54.860+0000] {standard_task_runner.py:85} INFO - Job 1130: Subtask delete_data_from_table
[2023-09-04T06:05:55.030+0000] {task_command.py:415} INFO - Running <TaskInstance: dag_with_postgres_operator_v04.delete_data_from_table scheduled__2022-05-20T00:00:00+00:00 [running]> on host 10bdc2e98230
[2023-09-04T06:05:55.283+0000] {taskinstance.py:1660} INFO - Exporting env vars: AIRFLOW_CTX_DAG_OWNER='mohghaff' AIRFLOW_CTX_DAG_ID='dag_with_postgres_operator_v04' AIRFLOW_CTX_TASK_ID='delete_data_from_table' AIRFLOW_CTX_EXECUTION_DATE='2022-05-20T00:00:00+00:00' AIRFLOW_CTX_TRY_NUMBER='1' AIRFLOW_CTX_DAG_RUN_ID='scheduled__2022-05-20T00:00:00+00:00'
[2023-09-04T06:05:55.291+0000] {sql.py:274} INFO - Executing: 
            delete from dag_runs where dt = '2022-05-20' and dag_id = 'dag_with_postgres_operator_v04';
        
[2023-09-04T06:05:55.321+0000] {base.py:73} INFO - Using connection ID 'postgres_localhost' for task execution.
[2023-09-04T06:05:55.340+0000] {base.py:73} INFO - Using connection ID 'postgres_localhost' for task execution.
[2023-09-04T06:05:55.389+0000] {sql.py:418} INFO - Running statement: 
            delete from dag_runs where dt = '2022-05-20' and dag_id = 'dag_with_postgres_operator_v04';
        , parameters: None
[2023-09-04T06:05:55.405+0000] {sql.py:427} INFO - Rows affected: 1
[2023-09-04T06:05:55.453+0000] {taskinstance.py:1400} INFO - Marking task as SUCCESS. dag_id=dag_with_postgres_operator_v04, task_id=delete_data_from_table, execution_date=20220520T000000, start_date=20230904T060554, end_date=20230904T060555
[2023-09-04T06:05:55.795+0000] {local_task_job_runner.py:228} INFO - Task exited with return code 0
[2023-09-04T06:05:55.854+0000] {taskinstance.py:2784} INFO - 1 downstream tasks scheduled from follow-on schedule check
