[2023-09-04T06:01:54.831+0000] {taskinstance.py:1159} INFO - Dependencies all met for dep_context=non-requeueable deps ti=<TaskInstance: dag_with_postgres_operator_v04.insert_into_table scheduled__2022-02-15T00:00:00+00:00 [queued]>
[2023-09-04T06:01:54.846+0000] {taskinstance.py:1159} INFO - Dependencies all met for dep_context=requeueable deps ti=<TaskInstance: dag_with_postgres_operator_v04.insert_into_table scheduled__2022-02-15T00:00:00+00:00 [queued]>
[2023-09-04T06:01:54.847+0000] {taskinstance.py:1361} INFO - Starting attempt 1 of 6
[2023-09-04T06:01:54.868+0000] {taskinstance.py:1382} INFO - Executing <Task(PostgresOperator): insert_into_table> on 2022-02-15 00:00:00+00:00
[2023-09-04T06:01:54.876+0000] {standard_task_runner.py:57} INFO - Started process 5072 to run task
[2023-09-04T06:01:54.880+0000] {standard_task_runner.py:84} INFO - Running: ['***', 'tasks', 'run', 'dag_with_postgres_operator_v04', 'insert_into_table', 'scheduled__2022-02-15T00:00:00+00:00', '--job-id', '324', '--raw', '--subdir', 'DAGS_FOLDER/dag_with_postgres_operator.py', '--cfg-path', '/tmp/tmpdfberl5x']
[2023-09-04T06:01:54.882+0000] {standard_task_runner.py:85} INFO - Job 324: Subtask insert_into_table
[2023-09-04T06:01:54.946+0000] {task_command.py:415} INFO - Running <TaskInstance: dag_with_postgres_operator_v04.insert_into_table scheduled__2022-02-15T00:00:00+00:00 [running]> on host 10bdc2e98230
[2023-09-04T06:01:55.060+0000] {taskinstance.py:1660} INFO - Exporting env vars: AIRFLOW_CTX_DAG_OWNER='coder2j' AIRFLOW_CTX_DAG_ID='dag_with_postgres_operator_v04' AIRFLOW_CTX_TASK_ID='insert_into_table' AIRFLOW_CTX_EXECUTION_DATE='2022-02-15T00:00:00+00:00' AIRFLOW_CTX_TRY_NUMBER='1' AIRFLOW_CTX_DAG_RUN_ID='scheduled__2022-02-15T00:00:00+00:00'
[2023-09-04T06:01:55.061+0000] {sql.py:274} INFO - Executing: 
            insert into dag_runs (dt, dag_id) values ('2022-02-15', 'dag_with_postgres_operator_v04')
        
[2023-09-04T06:01:55.074+0000] {base.py:73} INFO - Using connection ID 'postgres_localhost' for task execution.
[2023-09-04T06:01:55.086+0000] {base.py:73} INFO - Using connection ID 'postgres_localhost' for task execution.
[2023-09-04T06:01:55.100+0000] {sql.py:418} INFO - Running statement: 
            insert into dag_runs (dt, dag_id) values ('2022-02-15', 'dag_with_postgres_operator_v04')
        , parameters: None
[2023-09-04T06:01:55.105+0000] {sql.py:427} INFO - Rows affected: 1
[2023-09-04T06:01:55.123+0000] {taskinstance.py:1400} INFO - Marking task as SUCCESS. dag_id=dag_with_postgres_operator_v04, task_id=insert_into_table, execution_date=20220215T000000, start_date=20230904T060154, end_date=20230904T060155
[2023-09-04T06:01:55.172+0000] {local_task_job_runner.py:228} INFO - Task exited with return code 0
[2023-09-04T06:01:55.337+0000] {taskinstance.py:2784} INFO - 0 downstream tasks scheduled from follow-on schedule check
[2023-09-04T06:04:38.316+0000] {taskinstance.py:1159} INFO - Dependencies all met for dep_context=non-requeueable deps ti=<TaskInstance: dag_with_postgres_operator_v04.insert_into_table scheduled__2022-02-15T00:00:00+00:00 [queued]>
[2023-09-04T06:04:38.334+0000] {taskinstance.py:1159} INFO - Dependencies all met for dep_context=requeueable deps ti=<TaskInstance: dag_with_postgres_operator_v04.insert_into_table scheduled__2022-02-15T00:00:00+00:00 [queued]>
[2023-09-04T06:04:38.334+0000] {taskinstance.py:1361} INFO - Starting attempt 1 of 6
[2023-09-04T06:04:38.357+0000] {taskinstance.py:1382} INFO - Executing <Task(PostgresOperator): insert_into_table> on 2022-02-15 00:00:00+00:00
[2023-09-04T06:04:38.365+0000] {standard_task_runner.py:57} INFO - Started process 6330 to run task
[2023-09-04T06:04:38.368+0000] {standard_task_runner.py:84} INFO - Running: ['***', 'tasks', 'run', 'dag_with_postgres_operator_v04', 'insert_into_table', 'scheduled__2022-02-15T00:00:00+00:00', '--job-id', '860', '--raw', '--subdir', 'DAGS_FOLDER/dag_with_postgres_operator.py', '--cfg-path', '/tmp/tmpiwnf9mgw']
[2023-09-04T06:04:38.371+0000] {standard_task_runner.py:85} INFO - Job 860: Subtask insert_into_table
[2023-09-04T06:04:38.447+0000] {task_command.py:415} INFO - Running <TaskInstance: dag_with_postgres_operator_v04.insert_into_table scheduled__2022-02-15T00:00:00+00:00 [running]> on host 10bdc2e98230
[2023-09-04T06:04:38.579+0000] {taskinstance.py:1660} INFO - Exporting env vars: AIRFLOW_CTX_DAG_OWNER='mohghaff' AIRFLOW_CTX_DAG_ID='dag_with_postgres_operator_v04' AIRFLOW_CTX_TASK_ID='insert_into_table' AIRFLOW_CTX_EXECUTION_DATE='2022-02-15T00:00:00+00:00' AIRFLOW_CTX_TRY_NUMBER='1' AIRFLOW_CTX_DAG_RUN_ID='scheduled__2022-02-15T00:00:00+00:00'
[2023-09-04T06:04:38.581+0000] {sql.py:274} INFO - Executing: 
            insert into dag_runs (dt, dag_id) values ('2022-02-15', 'dag_with_postgres_operator_v04')
        
[2023-09-04T06:04:38.593+0000] {base.py:73} INFO - Using connection ID 'postgres_localhost' for task execution.
[2023-09-04T06:04:38.604+0000] {base.py:73} INFO - Using connection ID 'postgres_localhost' for task execution.
[2023-09-04T06:04:38.620+0000] {sql.py:418} INFO - Running statement: 
            insert into dag_runs (dt, dag_id) values ('2022-02-15', 'dag_with_postgres_operator_v04')
        , parameters: None
[2023-09-04T06:04:38.625+0000] {sql.py:427} INFO - Rows affected: 1
[2023-09-04T06:04:38.643+0000] {taskinstance.py:1400} INFO - Marking task as SUCCESS. dag_id=dag_with_postgres_operator_v04, task_id=insert_into_table, execution_date=20220215T000000, start_date=20230904T060438, end_date=20230904T060438
[2023-09-04T06:04:38.701+0000] {local_task_job_runner.py:228} INFO - Task exited with return code 0
[2023-09-04T06:04:38.743+0000] {taskinstance.py:2784} INFO - 0 downstream tasks scheduled from follow-on schedule check
