[2023-09-03T23:17:14.877+0000] {processor.py:157} INFO - Started process (PID=1462) to work on /opt/airflow/dags/python_dag.py
[2023-09-03T23:17:14.877+0000] {processor.py:829} INFO - Processing file /opt/airflow/dags/python_dag.py for tasks to queue
[2023-09-03T23:17:14.878+0000] {logging_mixin.py:151} INFO - [2023-09-03T23:17:14.877+0000] {dagbag.py:539} INFO - Filling up the DagBag from /opt/airflow/dags/python_dag.py
[2023-09-03T23:17:14.884+0000] {logging_mixin.py:151} INFO - [2023-09-03T23:17:14.882+0000] {dagbag.py:347} ERROR - Failed to import: /opt/airflow/dags/python_dag.py
Traceback (most recent call last):
  File "/home/airflow/.local/lib/python3.8/site-packages/airflow/models/dagbag.py", line 343, in parse
    loader.exec_module(new_module)
  File "<frozen importlib._bootstrap_external>", line 843, in exec_module
  File "<frozen importlib._bootstrap>", line 219, in _call_with_frames_removed
  File "/opt/airflow/dags/python_dag.py", line 27, in <module>
    task_1 = PythonOperator(
  File "/home/airflow/.local/lib/python3.8/site-packages/airflow/models/baseoperator.py", line 419, in apply_defaults
    raise AirflowException(f"missing keyword argument {missing_args.pop()!r}")
airflow.exceptions.AirflowException: missing keyword argument 'python_callable'
[2023-09-03T23:17:14.884+0000] {processor.py:841} WARNING - No viable dags retrieved from /opt/airflow/dags/python_dag.py
[2023-09-03T23:17:14.899+0000] {processor.py:179} INFO - Processing /opt/airflow/dags/python_dag.py took 0.025 seconds
[2023-09-03T23:17:45.028+0000] {processor.py:157} INFO - Started process (PID=1479) to work on /opt/airflow/dags/python_dag.py
[2023-09-03T23:17:45.028+0000] {processor.py:829} INFO - Processing file /opt/airflow/dags/python_dag.py for tasks to queue
[2023-09-03T23:17:45.029+0000] {logging_mixin.py:151} INFO - [2023-09-03T23:17:45.029+0000] {dagbag.py:539} INFO - Filling up the DagBag from /opt/airflow/dags/python_dag.py
[2023-09-03T23:17:45.034+0000] {logging_mixin.py:151} INFO - [2023-09-03T23:17:45.033+0000] {dagbag.py:347} ERROR - Failed to import: /opt/airflow/dags/python_dag.py
Traceback (most recent call last):
  File "/home/airflow/.local/lib/python3.8/site-packages/airflow/models/dagbag.py", line 343, in parse
    loader.exec_module(new_module)
  File "<frozen importlib._bootstrap_external>", line 843, in exec_module
  File "<frozen importlib._bootstrap>", line 219, in _call_with_frames_removed
  File "/opt/airflow/dags/python_dag.py", line 27, in <module>
    task_1 = PythonOperator(
  File "/home/airflow/.local/lib/python3.8/site-packages/airflow/models/baseoperator.py", line 419, in apply_defaults
    raise AirflowException(f"missing keyword argument {missing_args.pop()!r}")
airflow.exceptions.AirflowException: missing keyword argument 'python_callable'
[2023-09-03T23:17:45.034+0000] {processor.py:841} WARNING - No viable dags retrieved from /opt/airflow/dags/python_dag.py
[2023-09-03T23:17:45.048+0000] {processor.py:179} INFO - Processing /opt/airflow/dags/python_dag.py took 0.023 seconds
[2023-09-03T23:18:15.188+0000] {processor.py:157} INFO - Started process (PID=1496) to work on /opt/airflow/dags/python_dag.py
[2023-09-03T23:18:15.190+0000] {processor.py:829} INFO - Processing file /opt/airflow/dags/python_dag.py for tasks to queue
[2023-09-03T23:18:15.190+0000] {logging_mixin.py:151} INFO - [2023-09-03T23:18:15.190+0000] {dagbag.py:539} INFO - Filling up the DagBag from /opt/airflow/dags/python_dag.py
[2023-09-03T23:18:15.196+0000] {logging_mixin.py:151} INFO - [2023-09-03T23:18:15.195+0000] {dagbag.py:347} ERROR - Failed to import: /opt/airflow/dags/python_dag.py
Traceback (most recent call last):
  File "/home/airflow/.local/lib/python3.8/site-packages/airflow/models/dagbag.py", line 343, in parse
    loader.exec_module(new_module)
  File "<frozen importlib._bootstrap_external>", line 843, in exec_module
  File "<frozen importlib._bootstrap>", line 219, in _call_with_frames_removed
  File "/opt/airflow/dags/python_dag.py", line 27, in <module>
    task_1 = PythonOperator(
  File "/home/airflow/.local/lib/python3.8/site-packages/airflow/models/baseoperator.py", line 419, in apply_defaults
    raise AirflowException(f"missing keyword argument {missing_args.pop()!r}")
airflow.exceptions.AirflowException: missing keyword argument 'python_callable'
[2023-09-03T23:18:15.196+0000] {processor.py:841} WARNING - No viable dags retrieved from /opt/airflow/dags/python_dag.py
[2023-09-03T23:18:15.209+0000] {processor.py:179} INFO - Processing /opt/airflow/dags/python_dag.py took 0.023 seconds
[2023-09-03T23:18:45.343+0000] {processor.py:157} INFO - Started process (PID=1513) to work on /opt/airflow/dags/python_dag.py
[2023-09-03T23:18:45.344+0000] {processor.py:829} INFO - Processing file /opt/airflow/dags/python_dag.py for tasks to queue
[2023-09-03T23:18:45.344+0000] {logging_mixin.py:151} INFO - [2023-09-03T23:18:45.344+0000] {dagbag.py:539} INFO - Filling up the DagBag from /opt/airflow/dags/python_dag.py
[2023-09-03T23:18:45.349+0000] {logging_mixin.py:151} INFO - [2023-09-03T23:18:45.348+0000] {dagbag.py:347} ERROR - Failed to import: /opt/airflow/dags/python_dag.py
Traceback (most recent call last):
  File "/home/airflow/.local/lib/python3.8/site-packages/airflow/models/dagbag.py", line 343, in parse
    loader.exec_module(new_module)
  File "<frozen importlib._bootstrap_external>", line 843, in exec_module
  File "<frozen importlib._bootstrap>", line 219, in _call_with_frames_removed
  File "/opt/airflow/dags/python_dag.py", line 27, in <module>
    task_1 = PythonOperator(
  File "/home/airflow/.local/lib/python3.8/site-packages/airflow/models/baseoperator.py", line 419, in apply_defaults
    raise AirflowException(f"missing keyword argument {missing_args.pop()!r}")
airflow.exceptions.AirflowException: missing keyword argument 'python_callable'
[2023-09-03T23:18:45.350+0000] {processor.py:841} WARNING - No viable dags retrieved from /opt/airflow/dags/python_dag.py
[2023-09-03T23:18:45.364+0000] {processor.py:179} INFO - Processing /opt/airflow/dags/python_dag.py took 0.024 seconds
[2023-09-03T23:19:15.491+0000] {processor.py:157} INFO - Started process (PID=1530) to work on /opt/airflow/dags/python_dag.py
[2023-09-03T23:19:15.493+0000] {processor.py:829} INFO - Processing file /opt/airflow/dags/python_dag.py for tasks to queue
[2023-09-03T23:19:15.493+0000] {logging_mixin.py:151} INFO - [2023-09-03T23:19:15.493+0000] {dagbag.py:539} INFO - Filling up the DagBag from /opt/airflow/dags/python_dag.py
[2023-09-03T23:19:15.498+0000] {logging_mixin.py:151} INFO - [2023-09-03T23:19:15.497+0000] {dagbag.py:347} ERROR - Failed to import: /opt/airflow/dags/python_dag.py
Traceback (most recent call last):
  File "/home/airflow/.local/lib/python3.8/site-packages/airflow/models/dagbag.py", line 343, in parse
    loader.exec_module(new_module)
  File "<frozen importlib._bootstrap_external>", line 843, in exec_module
  File "<frozen importlib._bootstrap>", line 219, in _call_with_frames_removed
  File "/opt/airflow/dags/python_dag.py", line 27, in <module>
    task_1 = PythonOperator(
  File "/home/airflow/.local/lib/python3.8/site-packages/airflow/models/baseoperator.py", line 419, in apply_defaults
    raise AirflowException(f"missing keyword argument {missing_args.pop()!r}")
airflow.exceptions.AirflowException: missing keyword argument 'python_callable'
[2023-09-03T23:19:15.499+0000] {processor.py:841} WARNING - No viable dags retrieved from /opt/airflow/dags/python_dag.py
[2023-09-03T23:19:15.512+0000] {processor.py:179} INFO - Processing /opt/airflow/dags/python_dag.py took 0.023 seconds
[2023-09-03T23:19:45.655+0000] {processor.py:157} INFO - Started process (PID=1547) to work on /opt/airflow/dags/python_dag.py
[2023-09-03T23:19:45.656+0000] {processor.py:829} INFO - Processing file /opt/airflow/dags/python_dag.py for tasks to queue
[2023-09-03T23:19:45.656+0000] {logging_mixin.py:151} INFO - [2023-09-03T23:19:45.656+0000] {dagbag.py:539} INFO - Filling up the DagBag from /opt/airflow/dags/python_dag.py
[2023-09-03T23:19:45.662+0000] {logging_mixin.py:151} INFO - [2023-09-03T23:19:45.661+0000] {dagbag.py:347} ERROR - Failed to import: /opt/airflow/dags/python_dag.py
Traceback (most recent call last):
  File "/home/airflow/.local/lib/python3.8/site-packages/airflow/models/dagbag.py", line 343, in parse
    loader.exec_module(new_module)
  File "<frozen importlib._bootstrap_external>", line 843, in exec_module
  File "<frozen importlib._bootstrap>", line 219, in _call_with_frames_removed
  File "/opt/airflow/dags/python_dag.py", line 27, in <module>
    task_1 = PythonOperator(
  File "/home/airflow/.local/lib/python3.8/site-packages/airflow/models/baseoperator.py", line 419, in apply_defaults
    raise AirflowException(f"missing keyword argument {missing_args.pop()!r}")
airflow.exceptions.AirflowException: missing keyword argument 'python_callable'
[2023-09-03T23:19:45.662+0000] {processor.py:841} WARNING - No viable dags retrieved from /opt/airflow/dags/python_dag.py
[2023-09-03T23:19:45.674+0000] {processor.py:179} INFO - Processing /opt/airflow/dags/python_dag.py took 0.022 seconds
[2023-09-03T23:20:15.843+0000] {processor.py:157} INFO - Started process (PID=1564) to work on /opt/airflow/dags/python_dag.py
[2023-09-03T23:20:15.846+0000] {processor.py:829} INFO - Processing file /opt/airflow/dags/python_dag.py for tasks to queue
[2023-09-03T23:20:15.849+0000] {logging_mixin.py:151} INFO - [2023-09-03T23:20:15.848+0000] {dagbag.py:539} INFO - Filling up the DagBag from /opt/airflow/dags/python_dag.py
[2023-09-03T23:20:15.870+0000] {logging_mixin.py:151} INFO - [2023-09-03T23:20:15.866+0000] {dagbag.py:347} ERROR - Failed to import: /opt/airflow/dags/python_dag.py
Traceback (most recent call last):
  File "/home/airflow/.local/lib/python3.8/site-packages/airflow/models/dagbag.py", line 343, in parse
    loader.exec_module(new_module)
  File "<frozen importlib._bootstrap_external>", line 843, in exec_module
  File "<frozen importlib._bootstrap>", line 219, in _call_with_frames_removed
  File "/opt/airflow/dags/python_dag.py", line 27, in <module>
    task_1 = PythonOperator(
  File "/home/airflow/.local/lib/python3.8/site-packages/airflow/models/baseoperator.py", line 419, in apply_defaults
    raise AirflowException(f"missing keyword argument {missing_args.pop()!r}")
airflow.exceptions.AirflowException: missing keyword argument 'python_callable'
[2023-09-03T23:20:15.870+0000] {processor.py:841} WARNING - No viable dags retrieved from /opt/airflow/dags/python_dag.py
[2023-09-03T23:20:15.921+0000] {processor.py:179} INFO - Processing /opt/airflow/dags/python_dag.py took 0.086 seconds
[2023-09-03T23:20:46.064+0000] {processor.py:157} INFO - Started process (PID=1581) to work on /opt/airflow/dags/python_dag.py
[2023-09-03T23:20:46.064+0000] {processor.py:829} INFO - Processing file /opt/airflow/dags/python_dag.py for tasks to queue
[2023-09-03T23:20:46.065+0000] {logging_mixin.py:151} INFO - [2023-09-03T23:20:46.065+0000] {dagbag.py:539} INFO - Filling up the DagBag from /opt/airflow/dags/python_dag.py
[2023-09-03T23:20:46.070+0000] {logging_mixin.py:151} INFO - [2023-09-03T23:20:46.069+0000] {dagbag.py:347} ERROR - Failed to import: /opt/airflow/dags/python_dag.py
Traceback (most recent call last):
  File "/home/airflow/.local/lib/python3.8/site-packages/airflow/models/dagbag.py", line 343, in parse
    loader.exec_module(new_module)
  File "<frozen importlib._bootstrap_external>", line 843, in exec_module
  File "<frozen importlib._bootstrap>", line 219, in _call_with_frames_removed
  File "/opt/airflow/dags/python_dag.py", line 27, in <module>
    task_1 = PythonOperator(
  File "/home/airflow/.local/lib/python3.8/site-packages/airflow/models/baseoperator.py", line 419, in apply_defaults
    raise AirflowException(f"missing keyword argument {missing_args.pop()!r}")
airflow.exceptions.AirflowException: missing keyword argument 'python_callable'
[2023-09-03T23:20:46.070+0000] {processor.py:841} WARNING - No viable dags retrieved from /opt/airflow/dags/python_dag.py
[2023-09-03T23:20:46.083+0000] {processor.py:179} INFO - Processing /opt/airflow/dags/python_dag.py took 0.022 seconds
[2023-09-03T23:21:16.224+0000] {processor.py:157} INFO - Started process (PID=1598) to work on /opt/airflow/dags/python_dag.py
[2023-09-03T23:21:16.225+0000] {processor.py:829} INFO - Processing file /opt/airflow/dags/python_dag.py for tasks to queue
[2023-09-03T23:21:16.226+0000] {logging_mixin.py:151} INFO - [2023-09-03T23:21:16.226+0000] {dagbag.py:539} INFO - Filling up the DagBag from /opt/airflow/dags/python_dag.py
[2023-09-03T23:21:16.233+0000] {logging_mixin.py:151} INFO - [2023-09-03T23:21:16.232+0000] {dagbag.py:347} ERROR - Failed to import: /opt/airflow/dags/python_dag.py
Traceback (most recent call last):
  File "/home/airflow/.local/lib/python3.8/site-packages/airflow/models/dagbag.py", line 343, in parse
    loader.exec_module(new_module)
  File "<frozen importlib._bootstrap_external>", line 843, in exec_module
  File "<frozen importlib._bootstrap>", line 219, in _call_with_frames_removed
  File "/opt/airflow/dags/python_dag.py", line 27, in <module>
    task_1 = PythonOperator(
  File "/home/airflow/.local/lib/python3.8/site-packages/airflow/models/baseoperator.py", line 419, in apply_defaults
    raise AirflowException(f"missing keyword argument {missing_args.pop()!r}")
airflow.exceptions.AirflowException: missing keyword argument 'python_callable'
[2023-09-03T23:21:16.234+0000] {processor.py:841} WARNING - No viable dags retrieved from /opt/airflow/dags/python_dag.py
[2023-09-03T23:21:16.254+0000] {processor.py:179} INFO - Processing /opt/airflow/dags/python_dag.py took 0.032 seconds
[2023-09-03T23:21:46.385+0000] {processor.py:157} INFO - Started process (PID=1615) to work on /opt/airflow/dags/python_dag.py
[2023-09-03T23:21:46.385+0000] {processor.py:829} INFO - Processing file /opt/airflow/dags/python_dag.py for tasks to queue
[2023-09-03T23:21:46.386+0000] {logging_mixin.py:151} INFO - [2023-09-03T23:21:46.386+0000] {dagbag.py:539} INFO - Filling up the DagBag from /opt/airflow/dags/python_dag.py
[2023-09-03T23:21:46.391+0000] {logging_mixin.py:151} INFO - [2023-09-03T23:21:46.390+0000] {dagbag.py:347} ERROR - Failed to import: /opt/airflow/dags/python_dag.py
Traceback (most recent call last):
  File "/home/airflow/.local/lib/python3.8/site-packages/airflow/models/dagbag.py", line 343, in parse
    loader.exec_module(new_module)
  File "<frozen importlib._bootstrap_external>", line 843, in exec_module
  File "<frozen importlib._bootstrap>", line 219, in _call_with_frames_removed
  File "/opt/airflow/dags/python_dag.py", line 27, in <module>
    task_1 = PythonOperator(
  File "/home/airflow/.local/lib/python3.8/site-packages/airflow/models/baseoperator.py", line 419, in apply_defaults
    raise AirflowException(f"missing keyword argument {missing_args.pop()!r}")
airflow.exceptions.AirflowException: missing keyword argument 'python_callable'
[2023-09-03T23:21:46.391+0000] {processor.py:841} WARNING - No viable dags retrieved from /opt/airflow/dags/python_dag.py
[2023-09-03T23:21:46.404+0000] {processor.py:179} INFO - Processing /opt/airflow/dags/python_dag.py took 0.022 seconds
[2023-09-03T23:22:16.560+0000] {processor.py:157} INFO - Started process (PID=1632) to work on /opt/airflow/dags/python_dag.py
[2023-09-03T23:22:16.562+0000] {processor.py:829} INFO - Processing file /opt/airflow/dags/python_dag.py for tasks to queue
[2023-09-03T23:22:16.562+0000] {logging_mixin.py:151} INFO - [2023-09-03T23:22:16.562+0000] {dagbag.py:539} INFO - Filling up the DagBag from /opt/airflow/dags/python_dag.py
[2023-09-03T23:22:16.568+0000] {logging_mixin.py:151} INFO - [2023-09-03T23:22:16.567+0000] {dagbag.py:347} ERROR - Failed to import: /opt/airflow/dags/python_dag.py
Traceback (most recent call last):
  File "/home/airflow/.local/lib/python3.8/site-packages/airflow/models/dagbag.py", line 343, in parse
    loader.exec_module(new_module)
  File "<frozen importlib._bootstrap_external>", line 843, in exec_module
  File "<frozen importlib._bootstrap>", line 219, in _call_with_frames_removed
  File "/opt/airflow/dags/python_dag.py", line 27, in <module>
    task_1 = PythonOperator(
  File "/home/airflow/.local/lib/python3.8/site-packages/airflow/models/baseoperator.py", line 419, in apply_defaults
    raise AirflowException(f"missing keyword argument {missing_args.pop()!r}")
airflow.exceptions.AirflowException: missing keyword argument 'python_callable'
[2023-09-03T23:22:16.568+0000] {processor.py:841} WARNING - No viable dags retrieved from /opt/airflow/dags/python_dag.py
[2023-09-03T23:22:16.580+0000] {processor.py:179} INFO - Processing /opt/airflow/dags/python_dag.py took 0.022 seconds
[2023-09-03T23:22:46.719+0000] {processor.py:157} INFO - Started process (PID=1649) to work on /opt/airflow/dags/python_dag.py
[2023-09-03T23:22:46.720+0000] {processor.py:829} INFO - Processing file /opt/airflow/dags/python_dag.py for tasks to queue
[2023-09-03T23:22:46.720+0000] {logging_mixin.py:151} INFO - [2023-09-03T23:22:46.720+0000] {dagbag.py:539} INFO - Filling up the DagBag from /opt/airflow/dags/python_dag.py
[2023-09-03T23:22:46.725+0000] {logging_mixin.py:151} INFO - [2023-09-03T23:22:46.724+0000] {dagbag.py:347} ERROR - Failed to import: /opt/airflow/dags/python_dag.py
Traceback (most recent call last):
  File "/home/airflow/.local/lib/python3.8/site-packages/airflow/models/dagbag.py", line 343, in parse
    loader.exec_module(new_module)
  File "<frozen importlib._bootstrap_external>", line 843, in exec_module
  File "<frozen importlib._bootstrap>", line 219, in _call_with_frames_removed
  File "/opt/airflow/dags/python_dag.py", line 27, in <module>
    task_1 = PythonOperator(
  File "/home/airflow/.local/lib/python3.8/site-packages/airflow/models/baseoperator.py", line 419, in apply_defaults
    raise AirflowException(f"missing keyword argument {missing_args.pop()!r}")
airflow.exceptions.AirflowException: missing keyword argument 'python_callable'
[2023-09-03T23:22:46.726+0000] {processor.py:841} WARNING - No viable dags retrieved from /opt/airflow/dags/python_dag.py
[2023-09-03T23:22:46.739+0000] {processor.py:179} INFO - Processing /opt/airflow/dags/python_dag.py took 0.023 seconds
[2023-09-03T23:23:16.883+0000] {processor.py:157} INFO - Started process (PID=1666) to work on /opt/airflow/dags/python_dag.py
[2023-09-03T23:23:16.884+0000] {processor.py:829} INFO - Processing file /opt/airflow/dags/python_dag.py for tasks to queue
[2023-09-03T23:23:16.884+0000] {logging_mixin.py:151} INFO - [2023-09-03T23:23:16.884+0000] {dagbag.py:539} INFO - Filling up the DagBag from /opt/airflow/dags/python_dag.py
[2023-09-03T23:23:16.890+0000] {logging_mixin.py:151} INFO - [2023-09-03T23:23:16.889+0000] {dagbag.py:347} ERROR - Failed to import: /opt/airflow/dags/python_dag.py
Traceback (most recent call last):
  File "/home/airflow/.local/lib/python3.8/site-packages/airflow/models/dagbag.py", line 343, in parse
    loader.exec_module(new_module)
  File "<frozen importlib._bootstrap_external>", line 843, in exec_module
  File "<frozen importlib._bootstrap>", line 219, in _call_with_frames_removed
  File "/opt/airflow/dags/python_dag.py", line 27, in <module>
    task_1 = PythonOperator(
  File "/home/airflow/.local/lib/python3.8/site-packages/airflow/models/baseoperator.py", line 419, in apply_defaults
    raise AirflowException(f"missing keyword argument {missing_args.pop()!r}")
airflow.exceptions.AirflowException: missing keyword argument 'python_callable'
[2023-09-03T23:23:16.890+0000] {processor.py:841} WARNING - No viable dags retrieved from /opt/airflow/dags/python_dag.py
[2023-09-03T23:23:16.903+0000] {processor.py:179} INFO - Processing /opt/airflow/dags/python_dag.py took 0.022 seconds
[2023-09-03T23:23:47.043+0000] {processor.py:157} INFO - Started process (PID=1683) to work on /opt/airflow/dags/python_dag.py
[2023-09-03T23:23:47.043+0000] {processor.py:829} INFO - Processing file /opt/airflow/dags/python_dag.py for tasks to queue
[2023-09-03T23:23:47.044+0000] {logging_mixin.py:151} INFO - [2023-09-03T23:23:47.044+0000] {dagbag.py:539} INFO - Filling up the DagBag from /opt/airflow/dags/python_dag.py
[2023-09-03T23:23:47.050+0000] {logging_mixin.py:151} INFO - [2023-09-03T23:23:47.049+0000] {dagbag.py:347} ERROR - Failed to import: /opt/airflow/dags/python_dag.py
Traceback (most recent call last):
  File "/home/airflow/.local/lib/python3.8/site-packages/airflow/models/dagbag.py", line 343, in parse
    loader.exec_module(new_module)
  File "<frozen importlib._bootstrap_external>", line 843, in exec_module
  File "<frozen importlib._bootstrap>", line 219, in _call_with_frames_removed
  File "/opt/airflow/dags/python_dag.py", line 27, in <module>
    task_1 = PythonOperator(
  File "/home/airflow/.local/lib/python3.8/site-packages/airflow/models/baseoperator.py", line 419, in apply_defaults
    raise AirflowException(f"missing keyword argument {missing_args.pop()!r}")
airflow.exceptions.AirflowException: missing keyword argument 'python_callable'
[2023-09-03T23:23:47.051+0000] {processor.py:841} WARNING - No viable dags retrieved from /opt/airflow/dags/python_dag.py
[2023-09-03T23:23:47.068+0000] {processor.py:179} INFO - Processing /opt/airflow/dags/python_dag.py took 0.028 seconds
[2023-09-03T23:24:10.157+0000] {processor.py:157} INFO - Started process (PID=1695) to work on /opt/airflow/dags/python_dag.py
[2023-09-03T23:24:10.169+0000] {processor.py:829} INFO - Processing file /opt/airflow/dags/python_dag.py for tasks to queue
[2023-09-03T23:24:10.170+0000] {logging_mixin.py:151} INFO - [2023-09-03T23:24:10.169+0000] {dagbag.py:539} INFO - Filling up the DagBag from /opt/airflow/dags/python_dag.py
[2023-09-03T23:24:10.179+0000] {processor.py:839} INFO - DAG(s) dict_keys(['python_dag_v001']) retrieved from /opt/airflow/dags/python_dag.py
[2023-09-03T23:24:10.267+0000] {logging_mixin.py:151} INFO - [2023-09-03T23:24:10.267+0000] {manager.py:501} INFO - Created Permission View: can edit on DAG:python_dag_v001
[2023-09-03T23:24:10.275+0000] {logging_mixin.py:151} INFO - [2023-09-03T23:24:10.275+0000] {manager.py:501} INFO - Created Permission View: can read on DAG:python_dag_v001
[2023-09-03T23:24:10.281+0000] {logging_mixin.py:151} INFO - [2023-09-03T23:24:10.281+0000] {manager.py:501} INFO - Created Permission View: can delete on DAG:python_dag_v001
[2023-09-03T23:24:10.293+0000] {logging_mixin.py:151} INFO - [2023-09-03T23:24:10.293+0000] {dag.py:2907} INFO - Sync 1 DAGs
[2023-09-03T23:24:10.304+0000] {logging_mixin.py:151} INFO - [2023-09-03T23:24:10.304+0000] {dag.py:2929} INFO - Creating ORM DAG for python_dag_v001
[2023-09-03T23:24:10.313+0000] {logging_mixin.py:151} INFO - [2023-09-03T23:24:10.313+0000] {dag.py:3677} INFO - Setting next_dagrun for python_dag_v001 to 2023-09-02T00:00:00+00:00, run_after=2023-09-03T00:00:00+00:00
[2023-09-03T23:24:10.326+0000] {processor.py:179} INFO - Processing /opt/airflow/dags/python_dag.py took 0.172 seconds
[2023-09-03T23:24:40.367+0000] {processor.py:157} INFO - Started process (PID=1716) to work on /opt/airflow/dags/python_dag.py
[2023-09-03T23:24:40.368+0000] {processor.py:829} INFO - Processing file /opt/airflow/dags/python_dag.py for tasks to queue
[2023-09-03T23:24:40.369+0000] {logging_mixin.py:151} INFO - [2023-09-03T23:24:40.368+0000] {dagbag.py:539} INFO - Filling up the DagBag from /opt/airflow/dags/python_dag.py
[2023-09-03T23:24:40.377+0000] {processor.py:839} INFO - DAG(s) dict_keys(['python_dag_v001']) retrieved from /opt/airflow/dags/python_dag.py
[2023-09-03T23:24:40.395+0000] {logging_mixin.py:151} INFO - [2023-09-03T23:24:40.394+0000] {dag.py:2907} INFO - Sync 1 DAGs
[2023-09-03T23:24:40.412+0000] {logging_mixin.py:151} INFO - [2023-09-03T23:24:40.412+0000] {dag.py:3677} INFO - Setting next_dagrun for python_dag_v001 to 2023-09-03T00:00:00+00:00, run_after=2023-09-04T00:00:00+00:00
[2023-09-03T23:24:40.425+0000] {processor.py:179} INFO - Processing /opt/airflow/dags/python_dag.py took 0.060 seconds
[2023-09-03T23:25:10.576+0000] {processor.py:157} INFO - Started process (PID=1733) to work on /opt/airflow/dags/python_dag.py
[2023-09-03T23:25:10.577+0000] {processor.py:829} INFO - Processing file /opt/airflow/dags/python_dag.py for tasks to queue
[2023-09-03T23:25:10.578+0000] {logging_mixin.py:151} INFO - [2023-09-03T23:25:10.577+0000] {dagbag.py:539} INFO - Filling up the DagBag from /opt/airflow/dags/python_dag.py
[2023-09-03T23:25:10.587+0000] {processor.py:839} INFO - DAG(s) dict_keys(['python_dag_v001']) retrieved from /opt/airflow/dags/python_dag.py
[2023-09-03T23:25:10.608+0000] {logging_mixin.py:151} INFO - [2023-09-03T23:25:10.608+0000] {dag.py:2907} INFO - Sync 1 DAGs
[2023-09-03T23:25:10.629+0000] {logging_mixin.py:151} INFO - [2023-09-03T23:25:10.629+0000] {dag.py:3677} INFO - Setting next_dagrun for python_dag_v001 to 2023-09-03T00:00:00+00:00, run_after=2023-09-04T00:00:00+00:00
[2023-09-03T23:25:10.647+0000] {processor.py:179} INFO - Processing /opt/airflow/dags/python_dag.py took 0.074 seconds
[2023-09-03T23:25:40.815+0000] {processor.py:157} INFO - Started process (PID=1750) to work on /opt/airflow/dags/python_dag.py
[2023-09-03T23:25:40.816+0000] {processor.py:829} INFO - Processing file /opt/airflow/dags/python_dag.py for tasks to queue
[2023-09-03T23:25:40.817+0000] {logging_mixin.py:151} INFO - [2023-09-03T23:25:40.816+0000] {dagbag.py:539} INFO - Filling up the DagBag from /opt/airflow/dags/python_dag.py
[2023-09-03T23:25:40.826+0000] {processor.py:839} INFO - DAG(s) dict_keys(['python_dag_v001']) retrieved from /opt/airflow/dags/python_dag.py
[2023-09-03T23:25:40.846+0000] {logging_mixin.py:151} INFO - [2023-09-03T23:25:40.846+0000] {dag.py:2907} INFO - Sync 1 DAGs
[2023-09-03T23:25:40.864+0000] {logging_mixin.py:151} INFO - [2023-09-03T23:25:40.864+0000] {dag.py:3677} INFO - Setting next_dagrun for python_dag_v001 to 2023-09-03T00:00:00+00:00, run_after=2023-09-04T00:00:00+00:00
[2023-09-03T23:25:40.879+0000] {processor.py:179} INFO - Processing /opt/airflow/dags/python_dag.py took 0.066 seconds
[2023-09-03T23:26:11.029+0000] {processor.py:157} INFO - Started process (PID=1767) to work on /opt/airflow/dags/python_dag.py
[2023-09-03T23:26:11.041+0000] {processor.py:829} INFO - Processing file /opt/airflow/dags/python_dag.py for tasks to queue
[2023-09-03T23:26:11.042+0000] {logging_mixin.py:151} INFO - [2023-09-03T23:26:11.042+0000] {dagbag.py:539} INFO - Filling up the DagBag from /opt/airflow/dags/python_dag.py
[2023-09-03T23:26:11.050+0000] {processor.py:839} INFO - DAG(s) dict_keys(['python_dag_v001']) retrieved from /opt/airflow/dags/python_dag.py
[2023-09-03T23:26:11.070+0000] {logging_mixin.py:151} INFO - [2023-09-03T23:26:11.070+0000] {dag.py:2907} INFO - Sync 1 DAGs
[2023-09-03T23:26:11.089+0000] {logging_mixin.py:151} INFO - [2023-09-03T23:26:11.089+0000] {dag.py:3677} INFO - Setting next_dagrun for python_dag_v001 to 2023-09-03T00:00:00+00:00, run_after=2023-09-04T00:00:00+00:00
[2023-09-03T23:26:11.103+0000] {processor.py:179} INFO - Processing /opt/airflow/dags/python_dag.py took 0.076 seconds
[2023-09-03T23:26:41.253+0000] {processor.py:157} INFO - Started process (PID=1784) to work on /opt/airflow/dags/python_dag.py
[2023-09-03T23:26:41.253+0000] {processor.py:829} INFO - Processing file /opt/airflow/dags/python_dag.py for tasks to queue
[2023-09-03T23:26:41.254+0000] {logging_mixin.py:151} INFO - [2023-09-03T23:26:41.253+0000] {dagbag.py:539} INFO - Filling up the DagBag from /opt/airflow/dags/python_dag.py
[2023-09-03T23:26:41.262+0000] {processor.py:839} INFO - DAG(s) dict_keys(['python_dag_v001']) retrieved from /opt/airflow/dags/python_dag.py
[2023-09-03T23:26:41.281+0000] {logging_mixin.py:151} INFO - [2023-09-03T23:26:41.281+0000] {dag.py:2907} INFO - Sync 1 DAGs
[2023-09-03T23:26:41.302+0000] {logging_mixin.py:151} INFO - [2023-09-03T23:26:41.301+0000] {dag.py:3677} INFO - Setting next_dagrun for python_dag_v001 to 2023-09-03T00:00:00+00:00, run_after=2023-09-04T00:00:00+00:00
[2023-09-03T23:26:41.315+0000] {processor.py:179} INFO - Processing /opt/airflow/dags/python_dag.py took 0.065 seconds
[2023-09-03T23:27:11.476+0000] {processor.py:157} INFO - Started process (PID=1801) to work on /opt/airflow/dags/python_dag.py
[2023-09-03T23:27:11.490+0000] {processor.py:829} INFO - Processing file /opt/airflow/dags/python_dag.py for tasks to queue
[2023-09-03T23:27:11.491+0000] {logging_mixin.py:151} INFO - [2023-09-03T23:27:11.491+0000] {dagbag.py:539} INFO - Filling up the DagBag from /opt/airflow/dags/python_dag.py
[2023-09-03T23:27:11.501+0000] {processor.py:839} INFO - DAG(s) dict_keys(['python_dag_v001']) retrieved from /opt/airflow/dags/python_dag.py
[2023-09-03T23:27:11.521+0000] {logging_mixin.py:151} INFO - [2023-09-03T23:27:11.520+0000] {dag.py:2907} INFO - Sync 1 DAGs
[2023-09-03T23:27:11.538+0000] {logging_mixin.py:151} INFO - [2023-09-03T23:27:11.538+0000] {dag.py:3677} INFO - Setting next_dagrun for python_dag_v001 to 2023-09-03T00:00:00+00:00, run_after=2023-09-04T00:00:00+00:00
[2023-09-03T23:27:11.552+0000] {processor.py:179} INFO - Processing /opt/airflow/dags/python_dag.py took 0.078 seconds
[2023-09-03T23:27:41.630+0000] {processor.py:157} INFO - Started process (PID=1818) to work on /opt/airflow/dags/python_dag.py
[2023-09-03T23:27:41.630+0000] {processor.py:829} INFO - Processing file /opt/airflow/dags/python_dag.py for tasks to queue
[2023-09-03T23:27:41.631+0000] {logging_mixin.py:151} INFO - [2023-09-03T23:27:41.630+0000] {dagbag.py:539} INFO - Filling up the DagBag from /opt/airflow/dags/python_dag.py
[2023-09-03T23:27:41.639+0000] {processor.py:839} INFO - DAG(s) dict_keys(['python_dag_v001']) retrieved from /opt/airflow/dags/python_dag.py
[2023-09-03T23:27:41.658+0000] {logging_mixin.py:151} INFO - [2023-09-03T23:27:41.657+0000] {dag.py:2907} INFO - Sync 1 DAGs
[2023-09-03T23:27:41.674+0000] {logging_mixin.py:151} INFO - [2023-09-03T23:27:41.674+0000] {dag.py:3677} INFO - Setting next_dagrun for python_dag_v001 to 2023-09-03T00:00:00+00:00, run_after=2023-09-04T00:00:00+00:00
[2023-09-03T23:27:41.688+0000] {processor.py:179} INFO - Processing /opt/airflow/dags/python_dag.py took 0.060 seconds
[2023-09-03T23:28:11.839+0000] {processor.py:157} INFO - Started process (PID=1835) to work on /opt/airflow/dags/python_dag.py
[2023-09-03T23:28:11.851+0000] {processor.py:829} INFO - Processing file /opt/airflow/dags/python_dag.py for tasks to queue
[2023-09-03T23:28:11.852+0000] {logging_mixin.py:151} INFO - [2023-09-03T23:28:11.852+0000] {dagbag.py:539} INFO - Filling up the DagBag from /opt/airflow/dags/python_dag.py
[2023-09-03T23:28:11.861+0000] {processor.py:839} INFO - DAG(s) dict_keys(['python_dag_v001']) retrieved from /opt/airflow/dags/python_dag.py
[2023-09-03T23:28:11.882+0000] {logging_mixin.py:151} INFO - [2023-09-03T23:28:11.881+0000] {dag.py:2907} INFO - Sync 1 DAGs
[2023-09-03T23:28:11.899+0000] {logging_mixin.py:151} INFO - [2023-09-03T23:28:11.899+0000] {dag.py:3677} INFO - Setting next_dagrun for python_dag_v001 to 2023-09-03T00:00:00+00:00, run_after=2023-09-04T00:00:00+00:00
[2023-09-03T23:28:11.914+0000] {processor.py:179} INFO - Processing /opt/airflow/dags/python_dag.py took 0.077 seconds
[2023-09-03T23:28:42.069+0000] {processor.py:157} INFO - Started process (PID=1852) to work on /opt/airflow/dags/python_dag.py
[2023-09-03T23:28:42.070+0000] {processor.py:829} INFO - Processing file /opt/airflow/dags/python_dag.py for tasks to queue
[2023-09-03T23:28:42.070+0000] {logging_mixin.py:151} INFO - [2023-09-03T23:28:42.070+0000] {dagbag.py:539} INFO - Filling up the DagBag from /opt/airflow/dags/python_dag.py
[2023-09-03T23:28:42.080+0000] {processor.py:839} INFO - DAG(s) dict_keys(['python_dag_v001']) retrieved from /opt/airflow/dags/python_dag.py
[2023-09-03T23:28:42.098+0000] {logging_mixin.py:151} INFO - [2023-09-03T23:28:42.098+0000] {dag.py:2907} INFO - Sync 1 DAGs
[2023-09-03T23:28:42.117+0000] {logging_mixin.py:151} INFO - [2023-09-03T23:28:42.117+0000] {dag.py:3677} INFO - Setting next_dagrun for python_dag_v001 to 2023-09-03T00:00:00+00:00, run_after=2023-09-04T00:00:00+00:00
[2023-09-03T23:28:42.132+0000] {processor.py:179} INFO - Processing /opt/airflow/dags/python_dag.py took 0.065 seconds
[2023-09-03T23:29:12.281+0000] {processor.py:157} INFO - Started process (PID=1869) to work on /opt/airflow/dags/python_dag.py
[2023-09-03T23:29:12.292+0000] {processor.py:829} INFO - Processing file /opt/airflow/dags/python_dag.py for tasks to queue
[2023-09-03T23:29:12.293+0000] {logging_mixin.py:151} INFO - [2023-09-03T23:29:12.293+0000] {dagbag.py:539} INFO - Filling up the DagBag from /opt/airflow/dags/python_dag.py
[2023-09-03T23:29:12.301+0000] {processor.py:839} INFO - DAG(s) dict_keys(['python_dag_v001']) retrieved from /opt/airflow/dags/python_dag.py
[2023-09-03T23:29:12.322+0000] {logging_mixin.py:151} INFO - [2023-09-03T23:29:12.321+0000] {dag.py:2907} INFO - Sync 1 DAGs
[2023-09-03T23:29:12.339+0000] {logging_mixin.py:151} INFO - [2023-09-03T23:29:12.338+0000] {dag.py:3677} INFO - Setting next_dagrun for python_dag_v001 to 2023-09-03T00:00:00+00:00, run_after=2023-09-04T00:00:00+00:00
[2023-09-03T23:29:12.355+0000] {processor.py:179} INFO - Processing /opt/airflow/dags/python_dag.py took 0.076 seconds
[2023-09-03T23:29:42.437+0000] {processor.py:157} INFO - Started process (PID=1886) to work on /opt/airflow/dags/python_dag.py
[2023-09-03T23:29:42.438+0000] {processor.py:829} INFO - Processing file /opt/airflow/dags/python_dag.py for tasks to queue
[2023-09-03T23:29:42.438+0000] {logging_mixin.py:151} INFO - [2023-09-03T23:29:42.438+0000] {dagbag.py:539} INFO - Filling up the DagBag from /opt/airflow/dags/python_dag.py
[2023-09-03T23:29:42.447+0000] {processor.py:839} INFO - DAG(s) dict_keys(['python_dag_v001']) retrieved from /opt/airflow/dags/python_dag.py
[2023-09-03T23:29:42.465+0000] {logging_mixin.py:151} INFO - [2023-09-03T23:29:42.465+0000] {dag.py:2907} INFO - Sync 1 DAGs
[2023-09-03T23:29:42.483+0000] {logging_mixin.py:151} INFO - [2023-09-03T23:29:42.483+0000] {dag.py:3677} INFO - Setting next_dagrun for python_dag_v001 to 2023-09-03T00:00:00+00:00, run_after=2023-09-04T00:00:00+00:00
[2023-09-03T23:29:42.496+0000] {processor.py:179} INFO - Processing /opt/airflow/dags/python_dag.py took 0.062 seconds
[2023-09-03T23:30:12.651+0000] {processor.py:157} INFO - Started process (PID=1903) to work on /opt/airflow/dags/python_dag.py
[2023-09-03T23:30:12.663+0000] {processor.py:829} INFO - Processing file /opt/airflow/dags/python_dag.py for tasks to queue
[2023-09-03T23:30:12.664+0000] {logging_mixin.py:151} INFO - [2023-09-03T23:30:12.664+0000] {dagbag.py:539} INFO - Filling up the DagBag from /opt/airflow/dags/python_dag.py
[2023-09-03T23:30:12.671+0000] {processor.py:839} INFO - DAG(s) dict_keys(['python_dag_v001']) retrieved from /opt/airflow/dags/python_dag.py
[2023-09-03T23:30:12.689+0000] {logging_mixin.py:151} INFO - [2023-09-03T23:30:12.689+0000] {dag.py:2907} INFO - Sync 1 DAGs
[2023-09-03T23:30:12.707+0000] {logging_mixin.py:151} INFO - [2023-09-03T23:30:12.706+0000] {dag.py:3677} INFO - Setting next_dagrun for python_dag_v001 to 2023-09-03T00:00:00+00:00, run_after=2023-09-04T00:00:00+00:00
[2023-09-03T23:30:12.719+0000] {processor.py:179} INFO - Processing /opt/airflow/dags/python_dag.py took 0.070 seconds
[2023-09-03T23:30:42.882+0000] {processor.py:157} INFO - Started process (PID=1920) to work on /opt/airflow/dags/python_dag.py
[2023-09-03T23:30:42.883+0000] {processor.py:829} INFO - Processing file /opt/airflow/dags/python_dag.py for tasks to queue
[2023-09-03T23:30:42.883+0000] {logging_mixin.py:151} INFO - [2023-09-03T23:30:42.883+0000] {dagbag.py:539} INFO - Filling up the DagBag from /opt/airflow/dags/python_dag.py
[2023-09-03T23:30:42.891+0000] {processor.py:839} INFO - DAG(s) dict_keys(['python_dag_v001']) retrieved from /opt/airflow/dags/python_dag.py
[2023-09-03T23:30:42.912+0000] {logging_mixin.py:151} INFO - [2023-09-03T23:30:42.912+0000] {dag.py:2907} INFO - Sync 1 DAGs
[2023-09-03T23:30:42.932+0000] {logging_mixin.py:151} INFO - [2023-09-03T23:30:42.932+0000] {dag.py:3677} INFO - Setting next_dagrun for python_dag_v001 to 2023-09-03T00:00:00+00:00, run_after=2023-09-04T00:00:00+00:00
[2023-09-03T23:30:42.946+0000] {processor.py:179} INFO - Processing /opt/airflow/dags/python_dag.py took 0.066 seconds
[2023-09-03T23:31:13.098+0000] {processor.py:157} INFO - Started process (PID=1937) to work on /opt/airflow/dags/python_dag.py
[2023-09-03T23:31:13.099+0000] {processor.py:829} INFO - Processing file /opt/airflow/dags/python_dag.py for tasks to queue
[2023-09-03T23:31:13.100+0000] {logging_mixin.py:151} INFO - [2023-09-03T23:31:13.100+0000] {dagbag.py:539} INFO - Filling up the DagBag from /opt/airflow/dags/python_dag.py
[2023-09-03T23:31:13.110+0000] {processor.py:839} INFO - DAG(s) dict_keys(['python_dag_v001']) retrieved from /opt/airflow/dags/python_dag.py
[2023-09-03T23:31:13.132+0000] {logging_mixin.py:151} INFO - [2023-09-03T23:31:13.132+0000] {dag.py:2907} INFO - Sync 1 DAGs
[2023-09-03T23:31:13.153+0000] {logging_mixin.py:151} INFO - [2023-09-03T23:31:13.153+0000] {dag.py:3677} INFO - Setting next_dagrun for python_dag_v001 to 2023-09-03T00:00:00+00:00, run_after=2023-09-04T00:00:00+00:00
[2023-09-03T23:31:13.168+0000] {processor.py:179} INFO - Processing /opt/airflow/dags/python_dag.py took 0.072 seconds
[2023-09-03T23:31:43.330+0000] {processor.py:157} INFO - Started process (PID=1954) to work on /opt/airflow/dags/python_dag.py
[2023-09-03T23:31:43.331+0000] {processor.py:829} INFO - Processing file /opt/airflow/dags/python_dag.py for tasks to queue
[2023-09-03T23:31:43.331+0000] {logging_mixin.py:151} INFO - [2023-09-03T23:31:43.331+0000] {dagbag.py:539} INFO - Filling up the DagBag from /opt/airflow/dags/python_dag.py
[2023-09-03T23:31:43.339+0000] {processor.py:839} INFO - DAG(s) dict_keys(['python_dag_v001']) retrieved from /opt/airflow/dags/python_dag.py
[2023-09-03T23:31:43.358+0000] {logging_mixin.py:151} INFO - [2023-09-03T23:31:43.358+0000] {dag.py:2907} INFO - Sync 1 DAGs
[2023-09-03T23:31:43.377+0000] {logging_mixin.py:151} INFO - [2023-09-03T23:31:43.376+0000] {dag.py:3677} INFO - Setting next_dagrun for python_dag_v001 to 2023-09-03T00:00:00+00:00, run_after=2023-09-04T00:00:00+00:00
[2023-09-03T23:31:43.390+0000] {processor.py:179} INFO - Processing /opt/airflow/dags/python_dag.py took 0.061 seconds
[2023-09-03T23:32:13.554+0000] {processor.py:157} INFO - Started process (PID=1971) to work on /opt/airflow/dags/python_dag.py
[2023-09-03T23:32:13.565+0000] {processor.py:829} INFO - Processing file /opt/airflow/dags/python_dag.py for tasks to queue
[2023-09-03T23:32:13.566+0000] {logging_mixin.py:151} INFO - [2023-09-03T23:32:13.566+0000] {dagbag.py:539} INFO - Filling up the DagBag from /opt/airflow/dags/python_dag.py
[2023-09-03T23:32:13.575+0000] {processor.py:839} INFO - DAG(s) dict_keys(['python_dag_v001']) retrieved from /opt/airflow/dags/python_dag.py
[2023-09-03T23:32:13.593+0000] {logging_mixin.py:151} INFO - [2023-09-03T23:32:13.593+0000] {dag.py:2907} INFO - Sync 1 DAGs
[2023-09-03T23:32:13.610+0000] {logging_mixin.py:151} INFO - [2023-09-03T23:32:13.610+0000] {dag.py:3677} INFO - Setting next_dagrun for python_dag_v001 to 2023-09-03T00:00:00+00:00, run_after=2023-09-04T00:00:00+00:00
[2023-09-03T23:32:13.625+0000] {processor.py:179} INFO - Processing /opt/airflow/dags/python_dag.py took 0.073 seconds
[2023-09-03T23:32:43.726+0000] {processor.py:157} INFO - Started process (PID=1988) to work on /opt/airflow/dags/python_dag.py
[2023-09-03T23:32:43.727+0000] {processor.py:829} INFO - Processing file /opt/airflow/dags/python_dag.py for tasks to queue
[2023-09-03T23:32:43.727+0000] {logging_mixin.py:151} INFO - [2023-09-03T23:32:43.727+0000] {dagbag.py:539} INFO - Filling up the DagBag from /opt/airflow/dags/python_dag.py
[2023-09-03T23:32:43.735+0000] {processor.py:839} INFO - DAG(s) dict_keys(['python_dag_v001']) retrieved from /opt/airflow/dags/python_dag.py
[2023-09-03T23:32:43.753+0000] {logging_mixin.py:151} INFO - [2023-09-03T23:32:43.753+0000] {dag.py:2907} INFO - Sync 1 DAGs
[2023-09-03T23:32:43.770+0000] {logging_mixin.py:151} INFO - [2023-09-03T23:32:43.770+0000] {dag.py:3677} INFO - Setting next_dagrun for python_dag_v001 to 2023-09-03T00:00:00+00:00, run_after=2023-09-04T00:00:00+00:00
[2023-09-03T23:32:43.782+0000] {processor.py:179} INFO - Processing /opt/airflow/dags/python_dag.py took 0.058 seconds
[2023-09-03T23:33:13.938+0000] {processor.py:157} INFO - Started process (PID=2005) to work on /opt/airflow/dags/python_dag.py
[2023-09-03T23:33:13.949+0000] {processor.py:829} INFO - Processing file /opt/airflow/dags/python_dag.py for tasks to queue
[2023-09-03T23:33:13.950+0000] {logging_mixin.py:151} INFO - [2023-09-03T23:33:13.950+0000] {dagbag.py:539} INFO - Filling up the DagBag from /opt/airflow/dags/python_dag.py
[2023-09-03T23:33:13.959+0000] {processor.py:839} INFO - DAG(s) dict_keys(['python_dag_v001']) retrieved from /opt/airflow/dags/python_dag.py
[2023-09-03T23:33:13.977+0000] {logging_mixin.py:151} INFO - [2023-09-03T23:33:13.977+0000] {dag.py:2907} INFO - Sync 1 DAGs
[2023-09-03T23:33:13.994+0000] {logging_mixin.py:151} INFO - [2023-09-03T23:33:13.993+0000] {dag.py:3677} INFO - Setting next_dagrun for python_dag_v001 to 2023-09-03T00:00:00+00:00, run_after=2023-09-04T00:00:00+00:00
[2023-09-03T23:33:14.006+0000] {processor.py:179} INFO - Processing /opt/airflow/dags/python_dag.py took 0.071 seconds
[2023-09-03T23:33:44.170+0000] {processor.py:157} INFO - Started process (PID=2022) to work on /opt/airflow/dags/python_dag.py
[2023-09-03T23:33:44.170+0000] {processor.py:829} INFO - Processing file /opt/airflow/dags/python_dag.py for tasks to queue
[2023-09-03T23:33:44.171+0000] {logging_mixin.py:151} INFO - [2023-09-03T23:33:44.170+0000] {dagbag.py:539} INFO - Filling up the DagBag from /opt/airflow/dags/python_dag.py
[2023-09-03T23:33:44.179+0000] {processor.py:839} INFO - DAG(s) dict_keys(['python_dag_v001']) retrieved from /opt/airflow/dags/python_dag.py
[2023-09-03T23:33:44.199+0000] {logging_mixin.py:151} INFO - [2023-09-03T23:33:44.199+0000] {dag.py:2907} INFO - Sync 1 DAGs
[2023-09-03T23:33:44.218+0000] {logging_mixin.py:151} INFO - [2023-09-03T23:33:44.218+0000] {dag.py:3677} INFO - Setting next_dagrun for python_dag_v001 to 2023-09-03T00:00:00+00:00, run_after=2023-09-04T00:00:00+00:00
[2023-09-03T23:33:44.231+0000] {processor.py:179} INFO - Processing /opt/airflow/dags/python_dag.py took 0.064 seconds
[2023-09-03T23:33:58.315+0000] {processor.py:157} INFO - Started process (PID=2032) to work on /opt/airflow/dags/python_dag.py
[2023-09-03T23:33:58.316+0000] {processor.py:829} INFO - Processing file /opt/airflow/dags/python_dag.py for tasks to queue
[2023-09-03T23:33:58.317+0000] {logging_mixin.py:151} INFO - [2023-09-03T23:33:58.316+0000] {dagbag.py:539} INFO - Filling up the DagBag from /opt/airflow/dags/python_dag.py
[2023-09-03T23:33:58.325+0000] {processor.py:839} INFO - DAG(s) dict_keys(['python_dag_v002']) retrieved from /opt/airflow/dags/python_dag.py
[2023-09-03T23:33:58.404+0000] {logging_mixin.py:151} INFO - [2023-09-03T23:33:58.404+0000] {manager.py:501} INFO - Created Permission View: can edit on DAG:python_dag_v002
[2023-09-03T23:33:58.412+0000] {logging_mixin.py:151} INFO - [2023-09-03T23:33:58.412+0000] {manager.py:501} INFO - Created Permission View: can read on DAG:python_dag_v002
[2023-09-03T23:33:58.416+0000] {logging_mixin.py:151} INFO - [2023-09-03T23:33:58.416+0000] {manager.py:501} INFO - Created Permission View: can delete on DAG:python_dag_v002
[2023-09-03T23:33:58.427+0000] {logging_mixin.py:151} INFO - [2023-09-03T23:33:58.427+0000] {dag.py:2907} INFO - Sync 1 DAGs
[2023-09-03T23:33:58.435+0000] {logging_mixin.py:151} INFO - [2023-09-03T23:33:58.435+0000] {dag.py:2929} INFO - Creating ORM DAG for python_dag_v002
[2023-09-03T23:33:58.443+0000] {logging_mixin.py:151} INFO - [2023-09-03T23:33:58.443+0000] {dag.py:3677} INFO - Setting next_dagrun for python_dag_v002 to 2023-09-02T00:00:00+00:00, run_after=2023-09-03T00:00:00+00:00
[2023-09-03T23:33:58.458+0000] {processor.py:179} INFO - Processing /opt/airflow/dags/python_dag.py took 0.145 seconds
[2023-09-03T23:34:28.514+0000] {processor.py:157} INFO - Started process (PID=2049) to work on /opt/airflow/dags/python_dag.py
[2023-09-03T23:34:28.515+0000] {processor.py:829} INFO - Processing file /opt/airflow/dags/python_dag.py for tasks to queue
[2023-09-03T23:34:28.515+0000] {logging_mixin.py:151} INFO - [2023-09-03T23:34:28.515+0000] {dagbag.py:539} INFO - Filling up the DagBag from /opt/airflow/dags/python_dag.py
[2023-09-03T23:34:28.523+0000] {processor.py:839} INFO - DAG(s) dict_keys(['python_dag_v002']) retrieved from /opt/airflow/dags/python_dag.py
[2023-09-03T23:34:28.542+0000] {logging_mixin.py:151} INFO - [2023-09-03T23:34:28.542+0000] {dag.py:2907} INFO - Sync 1 DAGs
[2023-09-03T23:34:28.559+0000] {logging_mixin.py:151} INFO - [2023-09-03T23:34:28.559+0000] {dag.py:3677} INFO - Setting next_dagrun for python_dag_v002 to 2023-09-02T00:00:00+00:00, run_after=2023-09-03T00:00:00+00:00
[2023-09-03T23:34:28.573+0000] {processor.py:179} INFO - Processing /opt/airflow/dags/python_dag.py took 0.061 seconds
[2023-09-03T23:34:58.744+0000] {processor.py:157} INFO - Started process (PID=2067) to work on /opt/airflow/dags/python_dag.py
[2023-09-03T23:34:58.746+0000] {processor.py:829} INFO - Processing file /opt/airflow/dags/python_dag.py for tasks to queue
[2023-09-03T23:34:58.747+0000] {logging_mixin.py:151} INFO - [2023-09-03T23:34:58.747+0000] {dagbag.py:539} INFO - Filling up the DagBag from /opt/airflow/dags/python_dag.py
[2023-09-03T23:34:58.761+0000] {processor.py:839} INFO - DAG(s) dict_keys(['python_dag_v002']) retrieved from /opt/airflow/dags/python_dag.py
[2023-09-03T23:34:58.796+0000] {logging_mixin.py:151} INFO - [2023-09-03T23:34:58.795+0000] {dag.py:2907} INFO - Sync 1 DAGs
[2023-09-03T23:34:58.829+0000] {logging_mixin.py:151} INFO - [2023-09-03T23:34:58.829+0000] {dag.py:3677} INFO - Setting next_dagrun for python_dag_v002 to 2023-09-02T00:00:00+00:00, run_after=2023-09-03T00:00:00+00:00
[2023-09-03T23:34:58.853+0000] {processor.py:179} INFO - Processing /opt/airflow/dags/python_dag.py took 0.113 seconds
[2023-09-03T23:35:29.006+0000] {processor.py:157} INFO - Started process (PID=2084) to work on /opt/airflow/dags/python_dag.py
[2023-09-03T23:35:29.006+0000] {processor.py:829} INFO - Processing file /opt/airflow/dags/python_dag.py for tasks to queue
[2023-09-03T23:35:29.007+0000] {logging_mixin.py:151} INFO - [2023-09-03T23:35:29.007+0000] {dagbag.py:539} INFO - Filling up the DagBag from /opt/airflow/dags/python_dag.py
[2023-09-03T23:35:29.016+0000] {processor.py:839} INFO - DAG(s) dict_keys(['python_dag_v002']) retrieved from /opt/airflow/dags/python_dag.py
[2023-09-03T23:35:29.035+0000] {logging_mixin.py:151} INFO - [2023-09-03T23:35:29.034+0000] {dag.py:2907} INFO - Sync 1 DAGs
[2023-09-03T23:35:29.053+0000] {logging_mixin.py:151} INFO - [2023-09-03T23:35:29.053+0000] {dag.py:3677} INFO - Setting next_dagrun for python_dag_v002 to 2023-09-02T00:00:00+00:00, run_after=2023-09-03T00:00:00+00:00
[2023-09-03T23:35:29.067+0000] {processor.py:179} INFO - Processing /opt/airflow/dags/python_dag.py took 0.064 seconds
[2023-09-03T23:35:59.211+0000] {processor.py:157} INFO - Started process (PID=2105) to work on /opt/airflow/dags/python_dag.py
[2023-09-03T23:35:59.224+0000] {processor.py:829} INFO - Processing file /opt/airflow/dags/python_dag.py for tasks to queue
[2023-09-03T23:35:59.225+0000] {logging_mixin.py:151} INFO - [2023-09-03T23:35:59.225+0000] {dagbag.py:539} INFO - Filling up the DagBag from /opt/airflow/dags/python_dag.py
[2023-09-03T23:35:59.238+0000] {processor.py:839} INFO - DAG(s) dict_keys(['python_dag_v002']) retrieved from /opt/airflow/dags/python_dag.py
[2023-09-03T23:35:59.267+0000] {logging_mixin.py:151} INFO - [2023-09-03T23:35:59.266+0000] {dag.py:2907} INFO - Sync 1 DAGs
[2023-09-03T23:35:59.293+0000] {logging_mixin.py:151} INFO - [2023-09-03T23:35:59.293+0000] {dag.py:3677} INFO - Setting next_dagrun for python_dag_v002 to 2023-09-03T00:00:00+00:00, run_after=2023-09-04T00:00:00+00:00
[2023-09-03T23:35:59.315+0000] {processor.py:179} INFO - Processing /opt/airflow/dags/python_dag.py took 0.106 seconds
[2023-09-03T23:36:29.453+0000] {processor.py:157} INFO - Started process (PID=2122) to work on /opt/airflow/dags/python_dag.py
[2023-09-03T23:36:29.454+0000] {processor.py:829} INFO - Processing file /opt/airflow/dags/python_dag.py for tasks to queue
[2023-09-03T23:36:29.454+0000] {logging_mixin.py:151} INFO - [2023-09-03T23:36:29.454+0000] {dagbag.py:539} INFO - Filling up the DagBag from /opt/airflow/dags/python_dag.py
[2023-09-03T23:36:29.463+0000] {processor.py:839} INFO - DAG(s) dict_keys(['python_dag_v002']) retrieved from /opt/airflow/dags/python_dag.py
[2023-09-03T23:36:29.483+0000] {logging_mixin.py:151} INFO - [2023-09-03T23:36:29.482+0000] {dag.py:2907} INFO - Sync 1 DAGs
[2023-09-03T23:36:29.501+0000] {logging_mixin.py:151} INFO - [2023-09-03T23:36:29.501+0000] {dag.py:3677} INFO - Setting next_dagrun for python_dag_v002 to 2023-09-03T00:00:00+00:00, run_after=2023-09-04T00:00:00+00:00
[2023-09-03T23:36:29.514+0000] {processor.py:179} INFO - Processing /opt/airflow/dags/python_dag.py took 0.063 seconds
[2023-09-03T23:36:59.646+0000] {processor.py:157} INFO - Started process (PID=2139) to work on /opt/airflow/dags/python_dag.py
[2023-09-03T23:36:59.657+0000] {processor.py:829} INFO - Processing file /opt/airflow/dags/python_dag.py for tasks to queue
[2023-09-03T23:36:59.658+0000] {logging_mixin.py:151} INFO - [2023-09-03T23:36:59.658+0000] {dagbag.py:539} INFO - Filling up the DagBag from /opt/airflow/dags/python_dag.py
[2023-09-03T23:36:59.666+0000] {processor.py:839} INFO - DAG(s) dict_keys(['python_dag_v002']) retrieved from /opt/airflow/dags/python_dag.py
[2023-09-03T23:36:59.685+0000] {logging_mixin.py:151} INFO - [2023-09-03T23:36:59.685+0000] {dag.py:2907} INFO - Sync 1 DAGs
[2023-09-03T23:36:59.704+0000] {logging_mixin.py:151} INFO - [2023-09-03T23:36:59.704+0000] {dag.py:3677} INFO - Setting next_dagrun for python_dag_v002 to 2023-09-03T00:00:00+00:00, run_after=2023-09-04T00:00:00+00:00
[2023-09-03T23:36:59.717+0000] {processor.py:179} INFO - Processing /opt/airflow/dags/python_dag.py took 0.073 seconds
[2023-09-03T23:37:29.859+0000] {processor.py:157} INFO - Started process (PID=2156) to work on /opt/airflow/dags/python_dag.py
[2023-09-03T23:37:29.860+0000] {processor.py:829} INFO - Processing file /opt/airflow/dags/python_dag.py for tasks to queue
[2023-09-03T23:37:29.860+0000] {logging_mixin.py:151} INFO - [2023-09-03T23:37:29.860+0000] {dagbag.py:539} INFO - Filling up the DagBag from /opt/airflow/dags/python_dag.py
[2023-09-03T23:37:29.869+0000] {processor.py:839} INFO - DAG(s) dict_keys(['python_dag_v002']) retrieved from /opt/airflow/dags/python_dag.py
[2023-09-03T23:37:29.889+0000] {logging_mixin.py:151} INFO - [2023-09-03T23:37:29.889+0000] {dag.py:2907} INFO - Sync 1 DAGs
[2023-09-03T23:37:29.908+0000] {logging_mixin.py:151} INFO - [2023-09-03T23:37:29.908+0000] {dag.py:3677} INFO - Setting next_dagrun for python_dag_v002 to 2023-09-03T00:00:00+00:00, run_after=2023-09-04T00:00:00+00:00
[2023-09-03T23:37:29.921+0000] {processor.py:179} INFO - Processing /opt/airflow/dags/python_dag.py took 0.065 seconds
[2023-09-03T23:38:00.060+0000] {processor.py:157} INFO - Started process (PID=2173) to work on /opt/airflow/dags/python_dag.py
[2023-09-03T23:38:00.061+0000] {processor.py:829} INFO - Processing file /opt/airflow/dags/python_dag.py for tasks to queue
[2023-09-03T23:38:00.062+0000] {logging_mixin.py:151} INFO - [2023-09-03T23:38:00.062+0000] {dagbag.py:539} INFO - Filling up the DagBag from /opt/airflow/dags/python_dag.py
[2023-09-03T23:38:00.071+0000] {processor.py:839} INFO - DAG(s) dict_keys(['python_dag_v002']) retrieved from /opt/airflow/dags/python_dag.py
[2023-09-03T23:38:00.092+0000] {logging_mixin.py:151} INFO - [2023-09-03T23:38:00.092+0000] {dag.py:2907} INFO - Sync 1 DAGs
[2023-09-03T23:38:00.112+0000] {logging_mixin.py:151} INFO - [2023-09-03T23:38:00.112+0000] {dag.py:3677} INFO - Setting next_dagrun for python_dag_v002 to 2023-09-03T00:00:00+00:00, run_after=2023-09-04T00:00:00+00:00
[2023-09-03T23:38:00.125+0000] {processor.py:179} INFO - Processing /opt/airflow/dags/python_dag.py took 0.068 seconds
[2023-09-03T23:38:30.259+0000] {processor.py:157} INFO - Started process (PID=2190) to work on /opt/airflow/dags/python_dag.py
[2023-09-03T23:38:30.260+0000] {processor.py:829} INFO - Processing file /opt/airflow/dags/python_dag.py for tasks to queue
[2023-09-03T23:38:30.261+0000] {logging_mixin.py:151} INFO - [2023-09-03T23:38:30.260+0000] {dagbag.py:539} INFO - Filling up the DagBag from /opt/airflow/dags/python_dag.py
[2023-09-03T23:38:30.270+0000] {processor.py:839} INFO - DAG(s) dict_keys(['python_dag_v002']) retrieved from /opt/airflow/dags/python_dag.py
[2023-09-03T23:38:30.291+0000] {logging_mixin.py:151} INFO - [2023-09-03T23:38:30.291+0000] {dag.py:2907} INFO - Sync 1 DAGs
[2023-09-03T23:38:30.310+0000] {logging_mixin.py:151} INFO - [2023-09-03T23:38:30.309+0000] {dag.py:3677} INFO - Setting next_dagrun for python_dag_v002 to 2023-09-03T00:00:00+00:00, run_after=2023-09-04T00:00:00+00:00
[2023-09-03T23:38:30.323+0000] {processor.py:179} INFO - Processing /opt/airflow/dags/python_dag.py took 0.066 seconds
[2023-09-03T23:39:00.460+0000] {processor.py:157} INFO - Started process (PID=2207) to work on /opt/airflow/dags/python_dag.py
[2023-09-03T23:39:00.462+0000] {processor.py:829} INFO - Processing file /opt/airflow/dags/python_dag.py for tasks to queue
[2023-09-03T23:39:00.463+0000] {logging_mixin.py:151} INFO - [2023-09-03T23:39:00.462+0000] {dagbag.py:539} INFO - Filling up the DagBag from /opt/airflow/dags/python_dag.py
[2023-09-03T23:39:00.470+0000] {processor.py:839} INFO - DAG(s) dict_keys(['python_dag_v002']) retrieved from /opt/airflow/dags/python_dag.py
[2023-09-03T23:39:00.489+0000] {logging_mixin.py:151} INFO - [2023-09-03T23:39:00.489+0000] {dag.py:2907} INFO - Sync 1 DAGs
[2023-09-03T23:39:00.507+0000] {logging_mixin.py:151} INFO - [2023-09-03T23:39:00.507+0000] {dag.py:3677} INFO - Setting next_dagrun for python_dag_v002 to 2023-09-03T00:00:00+00:00, run_after=2023-09-04T00:00:00+00:00
[2023-09-03T23:39:00.519+0000] {processor.py:179} INFO - Processing /opt/airflow/dags/python_dag.py took 0.061 seconds
[2023-09-03T23:39:30.652+0000] {processor.py:157} INFO - Started process (PID=2224) to work on /opt/airflow/dags/python_dag.py
[2023-09-03T23:39:30.653+0000] {processor.py:829} INFO - Processing file /opt/airflow/dags/python_dag.py for tasks to queue
[2023-09-03T23:39:30.654+0000] {logging_mixin.py:151} INFO - [2023-09-03T23:39:30.653+0000] {dagbag.py:539} INFO - Filling up the DagBag from /opt/airflow/dags/python_dag.py
[2023-09-03T23:39:30.663+0000] {processor.py:839} INFO - DAG(s) dict_keys(['python_dag_v002']) retrieved from /opt/airflow/dags/python_dag.py
[2023-09-03T23:39:30.684+0000] {logging_mixin.py:151} INFO - [2023-09-03T23:39:30.683+0000] {dag.py:2907} INFO - Sync 1 DAGs
[2023-09-03T23:39:30.702+0000] {logging_mixin.py:151} INFO - [2023-09-03T23:39:30.702+0000] {dag.py:3677} INFO - Setting next_dagrun for python_dag_v002 to 2023-09-03T00:00:00+00:00, run_after=2023-09-04T00:00:00+00:00
[2023-09-03T23:39:30.714+0000] {processor.py:179} INFO - Processing /opt/airflow/dags/python_dag.py took 0.064 seconds
[2023-09-03T23:40:00.851+0000] {processor.py:157} INFO - Started process (PID=2241) to work on /opt/airflow/dags/python_dag.py
[2023-09-03T23:40:00.859+0000] {processor.py:829} INFO - Processing file /opt/airflow/dags/python_dag.py for tasks to queue
[2023-09-03T23:40:00.860+0000] {logging_mixin.py:151} INFO - [2023-09-03T23:40:00.859+0000] {dagbag.py:539} INFO - Filling up the DagBag from /opt/airflow/dags/python_dag.py
[2023-09-03T23:40:00.868+0000] {processor.py:839} INFO - DAG(s) dict_keys(['python_dag_v002']) retrieved from /opt/airflow/dags/python_dag.py
[2023-09-03T23:40:00.889+0000] {logging_mixin.py:151} INFO - [2023-09-03T23:40:00.889+0000] {dag.py:2907} INFO - Sync 1 DAGs
[2023-09-03T23:40:00.909+0000] {logging_mixin.py:151} INFO - [2023-09-03T23:40:00.909+0000] {dag.py:3677} INFO - Setting next_dagrun for python_dag_v002 to 2023-09-03T00:00:00+00:00, run_after=2023-09-04T00:00:00+00:00
[2023-09-03T23:40:00.925+0000] {processor.py:179} INFO - Processing /opt/airflow/dags/python_dag.py took 0.076 seconds
[2023-09-03T23:40:31.058+0000] {processor.py:157} INFO - Started process (PID=2258) to work on /opt/airflow/dags/python_dag.py
[2023-09-03T23:40:31.059+0000] {processor.py:829} INFO - Processing file /opt/airflow/dags/python_dag.py for tasks to queue
[2023-09-03T23:40:31.059+0000] {logging_mixin.py:151} INFO - [2023-09-03T23:40:31.059+0000] {dagbag.py:539} INFO - Filling up the DagBag from /opt/airflow/dags/python_dag.py
[2023-09-03T23:40:31.067+0000] {processor.py:839} INFO - DAG(s) dict_keys(['python_dag_v002']) retrieved from /opt/airflow/dags/python_dag.py
[2023-09-03T23:40:31.086+0000] {logging_mixin.py:151} INFO - [2023-09-03T23:40:31.086+0000] {dag.py:2907} INFO - Sync 1 DAGs
[2023-09-03T23:40:31.104+0000] {logging_mixin.py:151} INFO - [2023-09-03T23:40:31.104+0000] {dag.py:3677} INFO - Setting next_dagrun for python_dag_v002 to 2023-09-03T00:00:00+00:00, run_after=2023-09-04T00:00:00+00:00
[2023-09-03T23:40:31.117+0000] {processor.py:179} INFO - Processing /opt/airflow/dags/python_dag.py took 0.061 seconds
[2023-09-03T23:41:01.248+0000] {processor.py:157} INFO - Started process (PID=2275) to work on /opt/airflow/dags/python_dag.py
[2023-09-03T23:41:01.260+0000] {processor.py:829} INFO - Processing file /opt/airflow/dags/python_dag.py for tasks to queue
[2023-09-03T23:41:01.261+0000] {logging_mixin.py:151} INFO - [2023-09-03T23:41:01.261+0000] {dagbag.py:539} INFO - Filling up the DagBag from /opt/airflow/dags/python_dag.py
[2023-09-03T23:41:01.269+0000] {processor.py:839} INFO - DAG(s) dict_keys(['python_dag_v002']) retrieved from /opt/airflow/dags/python_dag.py
[2023-09-03T23:41:01.288+0000] {logging_mixin.py:151} INFO - [2023-09-03T23:41:01.288+0000] {dag.py:2907} INFO - Sync 1 DAGs
[2023-09-03T23:41:01.306+0000] {logging_mixin.py:151} INFO - [2023-09-03T23:41:01.306+0000] {dag.py:3677} INFO - Setting next_dagrun for python_dag_v002 to 2023-09-03T00:00:00+00:00, run_after=2023-09-04T00:00:00+00:00
[2023-09-03T23:41:01.320+0000] {processor.py:179} INFO - Processing /opt/airflow/dags/python_dag.py took 0.074 seconds
[2023-09-03T23:41:31.452+0000] {processor.py:157} INFO - Started process (PID=2292) to work on /opt/airflow/dags/python_dag.py
[2023-09-03T23:41:31.452+0000] {processor.py:829} INFO - Processing file /opt/airflow/dags/python_dag.py for tasks to queue
[2023-09-03T23:41:31.453+0000] {logging_mixin.py:151} INFO - [2023-09-03T23:41:31.453+0000] {dagbag.py:539} INFO - Filling up the DagBag from /opt/airflow/dags/python_dag.py
[2023-09-03T23:41:31.462+0000] {processor.py:839} INFO - DAG(s) dict_keys(['python_dag_v002']) retrieved from /opt/airflow/dags/python_dag.py
[2023-09-03T23:41:31.484+0000] {logging_mixin.py:151} INFO - [2023-09-03T23:41:31.484+0000] {dag.py:2907} INFO - Sync 1 DAGs
[2023-09-03T23:41:31.502+0000] {logging_mixin.py:151} INFO - [2023-09-03T23:41:31.502+0000] {dag.py:3677} INFO - Setting next_dagrun for python_dag_v002 to 2023-09-03T00:00:00+00:00, run_after=2023-09-04T00:00:00+00:00
[2023-09-03T23:41:31.517+0000] {processor.py:179} INFO - Processing /opt/airflow/dags/python_dag.py took 0.068 seconds
[2023-09-03T23:42:01.657+0000] {processor.py:157} INFO - Started process (PID=2309) to work on /opt/airflow/dags/python_dag.py
[2023-09-03T23:42:01.658+0000] {processor.py:829} INFO - Processing file /opt/airflow/dags/python_dag.py for tasks to queue
[2023-09-03T23:42:01.658+0000] {logging_mixin.py:151} INFO - [2023-09-03T23:42:01.658+0000] {dagbag.py:539} INFO - Filling up the DagBag from /opt/airflow/dags/python_dag.py
[2023-09-03T23:42:01.666+0000] {processor.py:839} INFO - DAG(s) dict_keys(['python_dag_v002']) retrieved from /opt/airflow/dags/python_dag.py
[2023-09-03T23:42:01.684+0000] {logging_mixin.py:151} INFO - [2023-09-03T23:42:01.684+0000] {dag.py:2907} INFO - Sync 1 DAGs
[2023-09-03T23:42:01.701+0000] {logging_mixin.py:151} INFO - [2023-09-03T23:42:01.701+0000] {dag.py:3677} INFO - Setting next_dagrun for python_dag_v002 to 2023-09-03T00:00:00+00:00, run_after=2023-09-04T00:00:00+00:00
[2023-09-03T23:42:01.715+0000] {processor.py:179} INFO - Processing /opt/airflow/dags/python_dag.py took 0.060 seconds
[2023-09-03T23:42:31.879+0000] {processor.py:157} INFO - Started process (PID=2326) to work on /opt/airflow/dags/python_dag.py
[2023-09-03T23:42:31.881+0000] {processor.py:829} INFO - Processing file /opt/airflow/dags/python_dag.py for tasks to queue
[2023-09-03T23:42:31.882+0000] {logging_mixin.py:151} INFO - [2023-09-03T23:42:31.882+0000] {dagbag.py:539} INFO - Filling up the DagBag from /opt/airflow/dags/python_dag.py
[2023-09-03T23:42:31.901+0000] {processor.py:839} INFO - DAG(s) dict_keys(['python_dag_v002']) retrieved from /opt/airflow/dags/python_dag.py
[2023-09-03T23:42:31.929+0000] {logging_mixin.py:151} INFO - [2023-09-03T23:42:31.929+0000] {dag.py:2907} INFO - Sync 1 DAGs
[2023-09-03T23:42:31.955+0000] {logging_mixin.py:151} INFO - [2023-09-03T23:42:31.955+0000] {dag.py:3677} INFO - Setting next_dagrun for python_dag_v002 to 2023-09-03T00:00:00+00:00, run_after=2023-09-04T00:00:00+00:00
[2023-09-03T23:42:31.974+0000] {processor.py:179} INFO - Processing /opt/airflow/dags/python_dag.py took 0.100 seconds
[2023-09-03T23:43:02.109+0000] {processor.py:157} INFO - Started process (PID=2343) to work on /opt/airflow/dags/python_dag.py
[2023-09-03T23:43:02.110+0000] {processor.py:829} INFO - Processing file /opt/airflow/dags/python_dag.py for tasks to queue
[2023-09-03T23:43:02.111+0000] {logging_mixin.py:151} INFO - [2023-09-03T23:43:02.110+0000] {dagbag.py:539} INFO - Filling up the DagBag from /opt/airflow/dags/python_dag.py
[2023-09-03T23:43:02.119+0000] {processor.py:839} INFO - DAG(s) dict_keys(['python_dag_v002']) retrieved from /opt/airflow/dags/python_dag.py
[2023-09-03T23:43:02.139+0000] {logging_mixin.py:151} INFO - [2023-09-03T23:43:02.138+0000] {dag.py:2907} INFO - Sync 1 DAGs
[2023-09-03T23:43:02.158+0000] {logging_mixin.py:151} INFO - [2023-09-03T23:43:02.157+0000] {dag.py:3677} INFO - Setting next_dagrun for python_dag_v002 to 2023-09-03T00:00:00+00:00, run_after=2023-09-04T00:00:00+00:00
[2023-09-03T23:43:02.175+0000] {processor.py:179} INFO - Processing /opt/airflow/dags/python_dag.py took 0.069 seconds
[2023-09-03T23:43:32.335+0000] {processor.py:157} INFO - Started process (PID=2360) to work on /opt/airflow/dags/python_dag.py
[2023-09-03T23:43:32.335+0000] {processor.py:829} INFO - Processing file /opt/airflow/dags/python_dag.py for tasks to queue
[2023-09-03T23:43:32.336+0000] {logging_mixin.py:151} INFO - [2023-09-03T23:43:32.336+0000] {dagbag.py:539} INFO - Filling up the DagBag from /opt/airflow/dags/python_dag.py
[2023-09-03T23:43:32.344+0000] {processor.py:839} INFO - DAG(s) dict_keys(['python_dag_v002']) retrieved from /opt/airflow/dags/python_dag.py
[2023-09-03T23:43:32.362+0000] {logging_mixin.py:151} INFO - [2023-09-03T23:43:32.362+0000] {dag.py:2907} INFO - Sync 1 DAGs
[2023-09-03T23:43:32.379+0000] {logging_mixin.py:151} INFO - [2023-09-03T23:43:32.379+0000] {dag.py:3677} INFO - Setting next_dagrun for python_dag_v002 to 2023-09-03T00:00:00+00:00, run_after=2023-09-04T00:00:00+00:00
[2023-09-03T23:43:32.391+0000] {processor.py:179} INFO - Processing /opt/airflow/dags/python_dag.py took 0.059 seconds
[2023-09-03T23:44:02.518+0000] {processor.py:157} INFO - Started process (PID=2377) to work on /opt/airflow/dags/python_dag.py
[2023-09-03T23:44:02.520+0000] {processor.py:829} INFO - Processing file /opt/airflow/dags/python_dag.py for tasks to queue
[2023-09-03T23:44:02.520+0000] {logging_mixin.py:151} INFO - [2023-09-03T23:44:02.520+0000] {dagbag.py:539} INFO - Filling up the DagBag from /opt/airflow/dags/python_dag.py
[2023-09-03T23:44:02.530+0000] {processor.py:839} INFO - DAG(s) dict_keys(['python_dag_v002']) retrieved from /opt/airflow/dags/python_dag.py
[2023-09-03T23:44:02.554+0000] {logging_mixin.py:151} INFO - [2023-09-03T23:44:02.554+0000] {dag.py:2907} INFO - Sync 1 DAGs
[2023-09-03T23:44:02.578+0000] {logging_mixin.py:151} INFO - [2023-09-03T23:44:02.577+0000] {dag.py:3677} INFO - Setting next_dagrun for python_dag_v002 to 2023-09-03T00:00:00+00:00, run_after=2023-09-04T00:00:00+00:00
[2023-09-03T23:44:02.596+0000] {processor.py:179} INFO - Processing /opt/airflow/dags/python_dag.py took 0.080 seconds
[2023-09-03T23:44:32.724+0000] {processor.py:157} INFO - Started process (PID=2394) to work on /opt/airflow/dags/python_dag.py
[2023-09-03T23:44:32.725+0000] {processor.py:829} INFO - Processing file /opt/airflow/dags/python_dag.py for tasks to queue
[2023-09-03T23:44:32.726+0000] {logging_mixin.py:151} INFO - [2023-09-03T23:44:32.726+0000] {dagbag.py:539} INFO - Filling up the DagBag from /opt/airflow/dags/python_dag.py
[2023-09-03T23:44:32.734+0000] {processor.py:839} INFO - DAG(s) dict_keys(['python_dag_v002']) retrieved from /opt/airflow/dags/python_dag.py
[2023-09-03T23:44:32.752+0000] {logging_mixin.py:151} INFO - [2023-09-03T23:44:32.752+0000] {dag.py:2907} INFO - Sync 1 DAGs
[2023-09-03T23:44:32.770+0000] {logging_mixin.py:151} INFO - [2023-09-03T23:44:32.770+0000] {dag.py:3677} INFO - Setting next_dagrun for python_dag_v002 to 2023-09-03T00:00:00+00:00, run_after=2023-09-04T00:00:00+00:00
[2023-09-03T23:44:32.783+0000] {processor.py:179} INFO - Processing /opt/airflow/dags/python_dag.py took 0.062 seconds
[2023-09-03T23:45:02.913+0000] {processor.py:157} INFO - Started process (PID=2411) to work on /opt/airflow/dags/python_dag.py
[2023-09-03T23:45:02.915+0000] {processor.py:829} INFO - Processing file /opt/airflow/dags/python_dag.py for tasks to queue
[2023-09-03T23:45:02.915+0000] {logging_mixin.py:151} INFO - [2023-09-03T23:45:02.915+0000] {dagbag.py:539} INFO - Filling up the DagBag from /opt/airflow/dags/python_dag.py
[2023-09-03T23:45:02.924+0000] {processor.py:839} INFO - DAG(s) dict_keys(['python_dag_v002']) retrieved from /opt/airflow/dags/python_dag.py
[2023-09-03T23:45:02.944+0000] {logging_mixin.py:151} INFO - [2023-09-03T23:45:02.944+0000] {dag.py:2907} INFO - Sync 1 DAGs
[2023-09-03T23:45:02.962+0000] {logging_mixin.py:151} INFO - [2023-09-03T23:45:02.962+0000] {dag.py:3677} INFO - Setting next_dagrun for python_dag_v002 to 2023-09-03T00:00:00+00:00, run_after=2023-09-04T00:00:00+00:00
[2023-09-03T23:45:02.975+0000] {processor.py:179} INFO - Processing /opt/airflow/dags/python_dag.py took 0.064 seconds
[2023-09-03T23:45:33.118+0000] {processor.py:157} INFO - Started process (PID=2428) to work on /opt/airflow/dags/python_dag.py
[2023-09-03T23:45:33.119+0000] {processor.py:829} INFO - Processing file /opt/airflow/dags/python_dag.py for tasks to queue
[2023-09-03T23:45:33.120+0000] {logging_mixin.py:151} INFO - [2023-09-03T23:45:33.119+0000] {dagbag.py:539} INFO - Filling up the DagBag from /opt/airflow/dags/python_dag.py
[2023-09-03T23:45:33.133+0000] {processor.py:839} INFO - DAG(s) dict_keys(['python_dag_v002']) retrieved from /opt/airflow/dags/python_dag.py
[2023-09-03T23:45:33.162+0000] {logging_mixin.py:151} INFO - [2023-09-03T23:45:33.162+0000] {dag.py:2907} INFO - Sync 1 DAGs
[2023-09-03T23:45:33.192+0000] {logging_mixin.py:151} INFO - [2023-09-03T23:45:33.192+0000] {dag.py:3677} INFO - Setting next_dagrun for python_dag_v002 to 2023-09-03T00:00:00+00:00, run_after=2023-09-04T00:00:00+00:00
[2023-09-03T23:45:33.215+0000] {processor.py:179} INFO - Processing /opt/airflow/dags/python_dag.py took 0.103 seconds
[2023-09-03T23:46:03.353+0000] {processor.py:157} INFO - Started process (PID=2445) to work on /opt/airflow/dags/python_dag.py
[2023-09-03T23:46:03.364+0000] {processor.py:829} INFO - Processing file /opt/airflow/dags/python_dag.py for tasks to queue
[2023-09-03T23:46:03.365+0000] {logging_mixin.py:151} INFO - [2023-09-03T23:46:03.365+0000] {dagbag.py:539} INFO - Filling up the DagBag from /opt/airflow/dags/python_dag.py
[2023-09-03T23:46:03.373+0000] {processor.py:839} INFO - DAG(s) dict_keys(['python_dag_v002']) retrieved from /opt/airflow/dags/python_dag.py
[2023-09-03T23:46:03.393+0000] {logging_mixin.py:151} INFO - [2023-09-03T23:46:03.393+0000] {dag.py:2907} INFO - Sync 1 DAGs
[2023-09-03T23:46:03.413+0000] {logging_mixin.py:151} INFO - [2023-09-03T23:46:03.413+0000] {dag.py:3677} INFO - Setting next_dagrun for python_dag_v002 to 2023-09-03T00:00:00+00:00, run_after=2023-09-04T00:00:00+00:00
[2023-09-03T23:46:03.428+0000] {processor.py:179} INFO - Processing /opt/airflow/dags/python_dag.py took 0.077 seconds
[2023-09-03T23:46:33.565+0000] {processor.py:157} INFO - Started process (PID=2462) to work on /opt/airflow/dags/python_dag.py
[2023-09-03T23:46:33.566+0000] {processor.py:829} INFO - Processing file /opt/airflow/dags/python_dag.py for tasks to queue
[2023-09-03T23:46:33.567+0000] {logging_mixin.py:151} INFO - [2023-09-03T23:46:33.566+0000] {dagbag.py:539} INFO - Filling up the DagBag from /opt/airflow/dags/python_dag.py
[2023-09-03T23:46:33.577+0000] {processor.py:839} INFO - DAG(s) dict_keys(['python_dag_v002']) retrieved from /opt/airflow/dags/python_dag.py
[2023-09-03T23:46:33.599+0000] {logging_mixin.py:151} INFO - [2023-09-03T23:46:33.599+0000] {dag.py:2907} INFO - Sync 1 DAGs
[2023-09-03T23:46:33.618+0000] {logging_mixin.py:151} INFO - [2023-09-03T23:46:33.618+0000] {dag.py:3677} INFO - Setting next_dagrun for python_dag_v002 to 2023-09-03T00:00:00+00:00, run_after=2023-09-04T00:00:00+00:00
[2023-09-03T23:46:33.633+0000] {processor.py:179} INFO - Processing /opt/airflow/dags/python_dag.py took 0.071 seconds
[2023-09-03T23:47:03.776+0000] {processor.py:157} INFO - Started process (PID=2479) to work on /opt/airflow/dags/python_dag.py
[2023-09-03T23:47:03.788+0000] {processor.py:829} INFO - Processing file /opt/airflow/dags/python_dag.py for tasks to queue
[2023-09-03T23:47:03.789+0000] {logging_mixin.py:151} INFO - [2023-09-03T23:47:03.789+0000] {dagbag.py:539} INFO - Filling up the DagBag from /opt/airflow/dags/python_dag.py
[2023-09-03T23:47:03.797+0000] {processor.py:839} INFO - DAG(s) dict_keys(['python_dag_v002']) retrieved from /opt/airflow/dags/python_dag.py
[2023-09-03T23:47:03.815+0000] {logging_mixin.py:151} INFO - [2023-09-03T23:47:03.815+0000] {dag.py:2907} INFO - Sync 1 DAGs
[2023-09-03T23:47:03.833+0000] {logging_mixin.py:151} INFO - [2023-09-03T23:47:03.833+0000] {dag.py:3677} INFO - Setting next_dagrun for python_dag_v002 to 2023-09-03T00:00:00+00:00, run_after=2023-09-04T00:00:00+00:00
[2023-09-03T23:47:03.846+0000] {processor.py:179} INFO - Processing /opt/airflow/dags/python_dag.py took 0.072 seconds
[2023-09-03T23:47:33.994+0000] {processor.py:157} INFO - Started process (PID=2496) to work on /opt/airflow/dags/python_dag.py
[2023-09-03T23:47:33.995+0000] {processor.py:829} INFO - Processing file /opt/airflow/dags/python_dag.py for tasks to queue
[2023-09-03T23:47:33.995+0000] {logging_mixin.py:151} INFO - [2023-09-03T23:47:33.995+0000] {dagbag.py:539} INFO - Filling up the DagBag from /opt/airflow/dags/python_dag.py
[2023-09-03T23:47:34.004+0000] {processor.py:839} INFO - DAG(s) dict_keys(['python_dag_v002']) retrieved from /opt/airflow/dags/python_dag.py
[2023-09-03T23:47:34.022+0000] {logging_mixin.py:151} INFO - [2023-09-03T23:47:34.022+0000] {dag.py:2907} INFO - Sync 1 DAGs
[2023-09-03T23:47:34.040+0000] {logging_mixin.py:151} INFO - [2023-09-03T23:47:34.040+0000] {dag.py:3677} INFO - Setting next_dagrun for python_dag_v002 to 2023-09-03T00:00:00+00:00, run_after=2023-09-04T00:00:00+00:00
[2023-09-03T23:47:34.054+0000] {processor.py:179} INFO - Processing /opt/airflow/dags/python_dag.py took 0.062 seconds
[2023-09-03T23:48:04.187+0000] {processor.py:157} INFO - Started process (PID=2513) to work on /opt/airflow/dags/python_dag.py
[2023-09-03T23:48:04.199+0000] {processor.py:829} INFO - Processing file /opt/airflow/dags/python_dag.py for tasks to queue
[2023-09-03T23:48:04.200+0000] {logging_mixin.py:151} INFO - [2023-09-03T23:48:04.199+0000] {dagbag.py:539} INFO - Filling up the DagBag from /opt/airflow/dags/python_dag.py
[2023-09-03T23:48:04.208+0000] {processor.py:839} INFO - DAG(s) dict_keys(['python_dag_v002']) retrieved from /opt/airflow/dags/python_dag.py
[2023-09-03T23:48:04.228+0000] {logging_mixin.py:151} INFO - [2023-09-03T23:48:04.228+0000] {dag.py:2907} INFO - Sync 1 DAGs
[2023-09-03T23:48:04.248+0000] {logging_mixin.py:151} INFO - [2023-09-03T23:48:04.247+0000] {dag.py:3677} INFO - Setting next_dagrun for python_dag_v002 to 2023-09-03T00:00:00+00:00, run_after=2023-09-04T00:00:00+00:00
[2023-09-03T23:48:04.262+0000] {processor.py:179} INFO - Processing /opt/airflow/dags/python_dag.py took 0.077 seconds
[2023-09-03T23:48:34.414+0000] {processor.py:157} INFO - Started process (PID=2530) to work on /opt/airflow/dags/python_dag.py
[2023-09-03T23:48:34.415+0000] {processor.py:829} INFO - Processing file /opt/airflow/dags/python_dag.py for tasks to queue
[2023-09-03T23:48:34.415+0000] {logging_mixin.py:151} INFO - [2023-09-03T23:48:34.415+0000] {dagbag.py:539} INFO - Filling up the DagBag from /opt/airflow/dags/python_dag.py
[2023-09-03T23:48:34.426+0000] {processor.py:839} INFO - DAG(s) dict_keys(['python_dag_v002']) retrieved from /opt/airflow/dags/python_dag.py
[2023-09-03T23:48:34.448+0000] {logging_mixin.py:151} INFO - [2023-09-03T23:48:34.448+0000] {dag.py:2907} INFO - Sync 1 DAGs
[2023-09-03T23:48:34.469+0000] {logging_mixin.py:151} INFO - [2023-09-03T23:48:34.469+0000] {dag.py:3677} INFO - Setting next_dagrun for python_dag_v002 to 2023-09-03T00:00:00+00:00, run_after=2023-09-04T00:00:00+00:00
[2023-09-03T23:48:34.483+0000] {processor.py:179} INFO - Processing /opt/airflow/dags/python_dag.py took 0.072 seconds
[2023-09-03T23:49:04.618+0000] {processor.py:157} INFO - Started process (PID=2547) to work on /opt/airflow/dags/python_dag.py
[2023-09-03T23:49:04.636+0000] {processor.py:829} INFO - Processing file /opt/airflow/dags/python_dag.py for tasks to queue
[2023-09-03T23:49:04.637+0000] {logging_mixin.py:151} INFO - [2023-09-03T23:49:04.637+0000] {dagbag.py:539} INFO - Filling up the DagBag from /opt/airflow/dags/python_dag.py
[2023-09-03T23:49:04.648+0000] {processor.py:839} INFO - DAG(s) dict_keys(['python_dag_v002']) retrieved from /opt/airflow/dags/python_dag.py
[2023-09-03T23:49:04.668+0000] {logging_mixin.py:151} INFO - [2023-09-03T23:49:04.668+0000] {dag.py:2907} INFO - Sync 1 DAGs
[2023-09-03T23:49:04.687+0000] {logging_mixin.py:151} INFO - [2023-09-03T23:49:04.687+0000] {dag.py:3677} INFO - Setting next_dagrun for python_dag_v002 to 2023-09-03T00:00:00+00:00, run_after=2023-09-04T00:00:00+00:00
[2023-09-03T23:49:04.701+0000] {processor.py:179} INFO - Processing /opt/airflow/dags/python_dag.py took 0.086 seconds
[2023-09-03T23:49:34.843+0000] {processor.py:157} INFO - Started process (PID=2564) to work on /opt/airflow/dags/python_dag.py
[2023-09-03T23:49:34.843+0000] {processor.py:829} INFO - Processing file /opt/airflow/dags/python_dag.py for tasks to queue
[2023-09-03T23:49:34.844+0000] {logging_mixin.py:151} INFO - [2023-09-03T23:49:34.844+0000] {dagbag.py:539} INFO - Filling up the DagBag from /opt/airflow/dags/python_dag.py
[2023-09-03T23:49:34.852+0000] {processor.py:839} INFO - DAG(s) dict_keys(['python_dag_v002']) retrieved from /opt/airflow/dags/python_dag.py
[2023-09-03T23:49:34.871+0000] {logging_mixin.py:151} INFO - [2023-09-03T23:49:34.871+0000] {dag.py:2907} INFO - Sync 1 DAGs
[2023-09-03T23:49:34.887+0000] {logging_mixin.py:151} INFO - [2023-09-03T23:49:34.887+0000] {dag.py:3677} INFO - Setting next_dagrun for python_dag_v002 to 2023-09-03T00:00:00+00:00, run_after=2023-09-04T00:00:00+00:00
[2023-09-03T23:49:34.899+0000] {processor.py:179} INFO - Processing /opt/airflow/dags/python_dag.py took 0.058 seconds
[2023-09-03T23:50:05.029+0000] {processor.py:157} INFO - Started process (PID=2581) to work on /opt/airflow/dags/python_dag.py
[2023-09-03T23:50:05.041+0000] {processor.py:829} INFO - Processing file /opt/airflow/dags/python_dag.py for tasks to queue
[2023-09-03T23:50:05.041+0000] {logging_mixin.py:151} INFO - [2023-09-03T23:50:05.041+0000] {dagbag.py:539} INFO - Filling up the DagBag from /opt/airflow/dags/python_dag.py
[2023-09-03T23:50:05.049+0000] {processor.py:839} INFO - DAG(s) dict_keys(['python_dag_v002']) retrieved from /opt/airflow/dags/python_dag.py
[2023-09-03T23:50:05.067+0000] {logging_mixin.py:151} INFO - [2023-09-03T23:50:05.067+0000] {dag.py:2907} INFO - Sync 1 DAGs
[2023-09-03T23:50:05.086+0000] {logging_mixin.py:151} INFO - [2023-09-03T23:50:05.086+0000] {dag.py:3677} INFO - Setting next_dagrun for python_dag_v002 to 2023-09-03T00:00:00+00:00, run_after=2023-09-04T00:00:00+00:00
[2023-09-03T23:50:05.100+0000] {processor.py:179} INFO - Processing /opt/airflow/dags/python_dag.py took 0.073 seconds
[2023-09-03T23:50:35.234+0000] {processor.py:157} INFO - Started process (PID=2598) to work on /opt/airflow/dags/python_dag.py
[2023-09-03T23:50:35.235+0000] {processor.py:829} INFO - Processing file /opt/airflow/dags/python_dag.py for tasks to queue
[2023-09-03T23:50:35.236+0000] {logging_mixin.py:151} INFO - [2023-09-03T23:50:35.235+0000] {dagbag.py:539} INFO - Filling up the DagBag from /opt/airflow/dags/python_dag.py
[2023-09-03T23:50:35.244+0000] {processor.py:839} INFO - DAG(s) dict_keys(['python_dag_v002']) retrieved from /opt/airflow/dags/python_dag.py
[2023-09-03T23:50:35.262+0000] {logging_mixin.py:151} INFO - [2023-09-03T23:50:35.262+0000] {dag.py:2907} INFO - Sync 1 DAGs
[2023-09-03T23:50:35.280+0000] {logging_mixin.py:151} INFO - [2023-09-03T23:50:35.280+0000] {dag.py:3677} INFO - Setting next_dagrun for python_dag_v002 to 2023-09-03T00:00:00+00:00, run_after=2023-09-04T00:00:00+00:00
[2023-09-03T23:50:35.292+0000] {processor.py:179} INFO - Processing /opt/airflow/dags/python_dag.py took 0.060 seconds
[2023-09-03T23:51:05.423+0000] {processor.py:157} INFO - Started process (PID=2615) to work on /opt/airflow/dags/python_dag.py
[2023-09-03T23:51:05.435+0000] {processor.py:829} INFO - Processing file /opt/airflow/dags/python_dag.py for tasks to queue
[2023-09-03T23:51:05.436+0000] {logging_mixin.py:151} INFO - [2023-09-03T23:51:05.435+0000] {dagbag.py:539} INFO - Filling up the DagBag from /opt/airflow/dags/python_dag.py
[2023-09-03T23:51:05.446+0000] {processor.py:839} INFO - DAG(s) dict_keys(['python_dag_v002']) retrieved from /opt/airflow/dags/python_dag.py
[2023-09-03T23:51:05.473+0000] {logging_mixin.py:151} INFO - [2023-09-03T23:51:05.473+0000] {dag.py:2907} INFO - Sync 1 DAGs
[2023-09-03T23:51:05.499+0000] {logging_mixin.py:151} INFO - [2023-09-03T23:51:05.499+0000] {dag.py:3677} INFO - Setting next_dagrun for python_dag_v002 to 2023-09-03T00:00:00+00:00, run_after=2023-09-04T00:00:00+00:00
[2023-09-03T23:51:05.518+0000] {processor.py:179} INFO - Processing /opt/airflow/dags/python_dag.py took 0.098 seconds
[2023-09-03T23:51:35.661+0000] {processor.py:157} INFO - Started process (PID=2632) to work on /opt/airflow/dags/python_dag.py
[2023-09-03T23:51:35.661+0000] {processor.py:829} INFO - Processing file /opt/airflow/dags/python_dag.py for tasks to queue
[2023-09-03T23:51:35.662+0000] {logging_mixin.py:151} INFO - [2023-09-03T23:51:35.661+0000] {dagbag.py:539} INFO - Filling up the DagBag from /opt/airflow/dags/python_dag.py
[2023-09-03T23:51:35.670+0000] {processor.py:839} INFO - DAG(s) dict_keys(['python_dag_v002']) retrieved from /opt/airflow/dags/python_dag.py
[2023-09-03T23:51:35.689+0000] {logging_mixin.py:151} INFO - [2023-09-03T23:51:35.689+0000] {dag.py:2907} INFO - Sync 1 DAGs
[2023-09-03T23:51:35.707+0000] {logging_mixin.py:151} INFO - [2023-09-03T23:51:35.707+0000] {dag.py:3677} INFO - Setting next_dagrun for python_dag_v002 to 2023-09-03T00:00:00+00:00, run_after=2023-09-04T00:00:00+00:00
[2023-09-03T23:51:35.720+0000] {processor.py:179} INFO - Processing /opt/airflow/dags/python_dag.py took 0.062 seconds
[2023-09-03T23:52:05.859+0000] {processor.py:157} INFO - Started process (PID=2649) to work on /opt/airflow/dags/python_dag.py
[2023-09-03T23:52:05.872+0000] {processor.py:829} INFO - Processing file /opt/airflow/dags/python_dag.py for tasks to queue
[2023-09-03T23:52:05.873+0000] {logging_mixin.py:151} INFO - [2023-09-03T23:52:05.873+0000] {dagbag.py:539} INFO - Filling up the DagBag from /opt/airflow/dags/python_dag.py
[2023-09-03T23:52:05.883+0000] {processor.py:839} INFO - DAG(s) dict_keys(['python_dag_v002']) retrieved from /opt/airflow/dags/python_dag.py
[2023-09-03T23:52:05.906+0000] {logging_mixin.py:151} INFO - [2023-09-03T23:52:05.906+0000] {dag.py:2907} INFO - Sync 1 DAGs
[2023-09-03T23:52:05.925+0000] {logging_mixin.py:151} INFO - [2023-09-03T23:52:05.925+0000] {dag.py:3677} INFO - Setting next_dagrun for python_dag_v002 to 2023-09-03T00:00:00+00:00, run_after=2023-09-04T00:00:00+00:00
[2023-09-03T23:52:05.941+0000] {processor.py:179} INFO - Processing /opt/airflow/dags/python_dag.py took 0.084 seconds
[2023-09-03T23:52:36.108+0000] {processor.py:157} INFO - Started process (PID=2666) to work on /opt/airflow/dags/python_dag.py
[2023-09-03T23:52:36.108+0000] {processor.py:829} INFO - Processing file /opt/airflow/dags/python_dag.py for tasks to queue
[2023-09-03T23:52:36.109+0000] {logging_mixin.py:151} INFO - [2023-09-03T23:52:36.109+0000] {dagbag.py:539} INFO - Filling up the DagBag from /opt/airflow/dags/python_dag.py
[2023-09-03T23:52:36.117+0000] {processor.py:839} INFO - DAG(s) dict_keys(['python_dag_v002']) retrieved from /opt/airflow/dags/python_dag.py
[2023-09-03T23:52:36.136+0000] {logging_mixin.py:151} INFO - [2023-09-03T23:52:36.136+0000] {dag.py:2907} INFO - Sync 1 DAGs
[2023-09-03T23:52:36.153+0000] {logging_mixin.py:151} INFO - [2023-09-03T23:52:36.153+0000] {dag.py:3677} INFO - Setting next_dagrun for python_dag_v002 to 2023-09-03T00:00:00+00:00, run_after=2023-09-04T00:00:00+00:00
[2023-09-03T23:52:36.167+0000] {processor.py:179} INFO - Processing /opt/airflow/dags/python_dag.py took 0.061 seconds
[2023-09-03T23:53:06.328+0000] {processor.py:157} INFO - Started process (PID=2683) to work on /opt/airflow/dags/python_dag.py
[2023-09-03T23:53:06.329+0000] {processor.py:829} INFO - Processing file /opt/airflow/dags/python_dag.py for tasks to queue
[2023-09-03T23:53:06.330+0000] {logging_mixin.py:151} INFO - [2023-09-03T23:53:06.330+0000] {dagbag.py:539} INFO - Filling up the DagBag from /opt/airflow/dags/python_dag.py
[2023-09-03T23:53:06.339+0000] {processor.py:839} INFO - DAG(s) dict_keys(['python_dag_v002']) retrieved from /opt/airflow/dags/python_dag.py
[2023-09-03T23:53:06.360+0000] {logging_mixin.py:151} INFO - [2023-09-03T23:53:06.360+0000] {dag.py:2907} INFO - Sync 1 DAGs
[2023-09-03T23:53:06.379+0000] {logging_mixin.py:151} INFO - [2023-09-03T23:53:06.379+0000] {dag.py:3677} INFO - Setting next_dagrun for python_dag_v002 to 2023-09-03T00:00:00+00:00, run_after=2023-09-04T00:00:00+00:00
[2023-09-03T23:53:06.394+0000] {processor.py:179} INFO - Processing /opt/airflow/dags/python_dag.py took 0.069 seconds
[2023-09-03T23:53:36.537+0000] {processor.py:157} INFO - Started process (PID=2700) to work on /opt/airflow/dags/python_dag.py
[2023-09-03T23:53:36.538+0000] {processor.py:829} INFO - Processing file /opt/airflow/dags/python_dag.py for tasks to queue
[2023-09-03T23:53:36.538+0000] {logging_mixin.py:151} INFO - [2023-09-03T23:53:36.538+0000] {dagbag.py:539} INFO - Filling up the DagBag from /opt/airflow/dags/python_dag.py
[2023-09-03T23:53:36.546+0000] {processor.py:839} INFO - DAG(s) dict_keys(['python_dag_v002']) retrieved from /opt/airflow/dags/python_dag.py
[2023-09-03T23:53:36.565+0000] {logging_mixin.py:151} INFO - [2023-09-03T23:53:36.564+0000] {dag.py:2907} INFO - Sync 1 DAGs
[2023-09-03T23:53:36.582+0000] {logging_mixin.py:151} INFO - [2023-09-03T23:53:36.582+0000] {dag.py:3677} INFO - Setting next_dagrun for python_dag_v002 to 2023-09-03T00:00:00+00:00, run_after=2023-09-04T00:00:00+00:00
[2023-09-03T23:53:36.596+0000] {processor.py:179} INFO - Processing /opt/airflow/dags/python_dag.py took 0.061 seconds
[2023-09-03T23:54:06.756+0000] {processor.py:157} INFO - Started process (PID=2719) to work on /opt/airflow/dags/python_dag.py
[2023-09-03T23:54:06.758+0000] {processor.py:829} INFO - Processing file /opt/airflow/dags/python_dag.py for tasks to queue
[2023-09-03T23:54:06.759+0000] {logging_mixin.py:151} INFO - [2023-09-03T23:54:06.759+0000] {dagbag.py:539} INFO - Filling up the DagBag from /opt/airflow/dags/python_dag.py
[2023-09-03T23:54:06.766+0000] {processor.py:839} INFO - DAG(s) dict_keys(['python_dag_v002']) retrieved from /opt/airflow/dags/python_dag.py
[2023-09-03T23:54:06.785+0000] {logging_mixin.py:151} INFO - [2023-09-03T23:54:06.785+0000] {dag.py:2907} INFO - Sync 1 DAGs
[2023-09-03T23:54:06.804+0000] {logging_mixin.py:151} INFO - [2023-09-03T23:54:06.804+0000] {dag.py:3677} INFO - Setting next_dagrun for python_dag_v002 to 2023-09-03T00:00:00+00:00, run_after=2023-09-04T00:00:00+00:00
[2023-09-03T23:54:06.817+0000] {processor.py:179} INFO - Processing /opt/airflow/dags/python_dag.py took 0.063 seconds
[2023-09-03T23:54:36.977+0000] {processor.py:157} INFO - Started process (PID=2736) to work on /opt/airflow/dags/python_dag.py
[2023-09-03T23:54:36.977+0000] {processor.py:829} INFO - Processing file /opt/airflow/dags/python_dag.py for tasks to queue
[2023-09-03T23:54:36.978+0000] {logging_mixin.py:151} INFO - [2023-09-03T23:54:36.978+0000] {dagbag.py:539} INFO - Filling up the DagBag from /opt/airflow/dags/python_dag.py
[2023-09-03T23:54:36.986+0000] {processor.py:839} INFO - DAG(s) dict_keys(['python_dag_v002']) retrieved from /opt/airflow/dags/python_dag.py
[2023-09-03T23:54:37.003+0000] {logging_mixin.py:151} INFO - [2023-09-03T23:54:37.003+0000] {dag.py:2907} INFO - Sync 1 DAGs
[2023-09-03T23:54:37.020+0000] {logging_mixin.py:151} INFO - [2023-09-03T23:54:37.020+0000] {dag.py:3677} INFO - Setting next_dagrun for python_dag_v002 to 2023-09-03T00:00:00+00:00, run_after=2023-09-04T00:00:00+00:00
[2023-09-03T23:54:37.034+0000] {processor.py:179} INFO - Processing /opt/airflow/dags/python_dag.py took 0.060 seconds
[2023-09-03T23:55:07.185+0000] {processor.py:157} INFO - Started process (PID=2753) to work on /opt/airflow/dags/python_dag.py
[2023-09-03T23:55:07.203+0000] {processor.py:829} INFO - Processing file /opt/airflow/dags/python_dag.py for tasks to queue
[2023-09-03T23:55:07.204+0000] {logging_mixin.py:151} INFO - [2023-09-03T23:55:07.204+0000] {dagbag.py:539} INFO - Filling up the DagBag from /opt/airflow/dags/python_dag.py
[2023-09-03T23:55:07.217+0000] {processor.py:839} INFO - DAG(s) dict_keys(['python_dag_v002']) retrieved from /opt/airflow/dags/python_dag.py
[2023-09-03T23:55:07.248+0000] {logging_mixin.py:151} INFO - [2023-09-03T23:55:07.247+0000] {dag.py:2907} INFO - Sync 1 DAGs
[2023-09-03T23:55:07.278+0000] {logging_mixin.py:151} INFO - [2023-09-03T23:55:07.278+0000] {dag.py:3677} INFO - Setting next_dagrun for python_dag_v002 to 2023-09-03T00:00:00+00:00, run_after=2023-09-04T00:00:00+00:00
[2023-09-03T23:55:07.301+0000] {processor.py:179} INFO - Processing /opt/airflow/dags/python_dag.py took 0.119 seconds
[2023-09-03T23:55:37.444+0000] {processor.py:157} INFO - Started process (PID=2770) to work on /opt/airflow/dags/python_dag.py
[2023-09-03T23:55:37.445+0000] {processor.py:829} INFO - Processing file /opt/airflow/dags/python_dag.py for tasks to queue
[2023-09-03T23:55:37.445+0000] {logging_mixin.py:151} INFO - [2023-09-03T23:55:37.445+0000] {dagbag.py:539} INFO - Filling up the DagBag from /opt/airflow/dags/python_dag.py
[2023-09-03T23:55:37.453+0000] {processor.py:839} INFO - DAG(s) dict_keys(['python_dag_v002']) retrieved from /opt/airflow/dags/python_dag.py
[2023-09-03T23:55:37.472+0000] {logging_mixin.py:151} INFO - [2023-09-03T23:55:37.471+0000] {dag.py:2907} INFO - Sync 1 DAGs
[2023-09-03T23:55:37.488+0000] {logging_mixin.py:151} INFO - [2023-09-03T23:55:37.488+0000] {dag.py:3677} INFO - Setting next_dagrun for python_dag_v002 to 2023-09-03T00:00:00+00:00, run_after=2023-09-04T00:00:00+00:00
[2023-09-03T23:55:37.500+0000] {processor.py:179} INFO - Processing /opt/airflow/dags/python_dag.py took 0.058 seconds
[2023-09-03T23:56:07.648+0000] {processor.py:157} INFO - Started process (PID=2787) to work on /opt/airflow/dags/python_dag.py
[2023-09-03T23:56:07.649+0000] {processor.py:829} INFO - Processing file /opt/airflow/dags/python_dag.py for tasks to queue
[2023-09-03T23:56:07.650+0000] {logging_mixin.py:151} INFO - [2023-09-03T23:56:07.650+0000] {dagbag.py:539} INFO - Filling up the DagBag from /opt/airflow/dags/python_dag.py
[2023-09-03T23:56:07.659+0000] {processor.py:839} INFO - DAG(s) dict_keys(['python_dag_v002']) retrieved from /opt/airflow/dags/python_dag.py
[2023-09-03T23:56:07.679+0000] {logging_mixin.py:151} INFO - [2023-09-03T23:56:07.678+0000] {dag.py:2907} INFO - Sync 1 DAGs
[2023-09-03T23:56:07.696+0000] {logging_mixin.py:151} INFO - [2023-09-03T23:56:07.696+0000] {dag.py:3677} INFO - Setting next_dagrun for python_dag_v002 to 2023-09-03T00:00:00+00:00, run_after=2023-09-04T00:00:00+00:00
[2023-09-03T23:56:07.709+0000] {processor.py:179} INFO - Processing /opt/airflow/dags/python_dag.py took 0.063 seconds
[2023-09-03T23:56:37.862+0000] {processor.py:157} INFO - Started process (PID=2805) to work on /opt/airflow/dags/python_dag.py
[2023-09-03T23:56:37.863+0000] {processor.py:829} INFO - Processing file /opt/airflow/dags/python_dag.py for tasks to queue
[2023-09-03T23:56:37.863+0000] {logging_mixin.py:151} INFO - [2023-09-03T23:56:37.863+0000] {dagbag.py:539} INFO - Filling up the DagBag from /opt/airflow/dags/python_dag.py
[2023-09-03T23:56:37.872+0000] {processor.py:839} INFO - DAG(s) dict_keys(['python_dag_v002']) retrieved from /opt/airflow/dags/python_dag.py
[2023-09-03T23:56:37.890+0000] {logging_mixin.py:151} INFO - [2023-09-03T23:56:37.890+0000] {dag.py:2907} INFO - Sync 1 DAGs
[2023-09-03T23:56:37.908+0000] {logging_mixin.py:151} INFO - [2023-09-03T23:56:37.908+0000] {dag.py:3677} INFO - Setting next_dagrun for python_dag_v002 to 2023-09-03T00:00:00+00:00, run_after=2023-09-04T00:00:00+00:00
[2023-09-03T23:56:37.922+0000] {processor.py:179} INFO - Processing /opt/airflow/dags/python_dag.py took 0.062 seconds
[2023-09-03T23:57:08.094+0000] {processor.py:157} INFO - Started process (PID=2822) to work on /opt/airflow/dags/python_dag.py
[2023-09-03T23:57:08.102+0000] {processor.py:829} INFO - Processing file /opt/airflow/dags/python_dag.py for tasks to queue
[2023-09-03T23:57:08.103+0000] {logging_mixin.py:151} INFO - [2023-09-03T23:57:08.102+0000] {dagbag.py:539} INFO - Filling up the DagBag from /opt/airflow/dags/python_dag.py
[2023-09-03T23:57:08.112+0000] {processor.py:839} INFO - DAG(s) dict_keys(['python_dag_v002']) retrieved from /opt/airflow/dags/python_dag.py
[2023-09-03T23:57:08.133+0000] {logging_mixin.py:151} INFO - [2023-09-03T23:57:08.133+0000] {dag.py:2907} INFO - Sync 1 DAGs
[2023-09-03T23:57:08.153+0000] {logging_mixin.py:151} INFO - [2023-09-03T23:57:08.153+0000] {dag.py:3677} INFO - Setting next_dagrun for python_dag_v002 to 2023-09-03T00:00:00+00:00, run_after=2023-09-04T00:00:00+00:00
[2023-09-03T23:57:08.168+0000] {processor.py:179} INFO - Processing /opt/airflow/dags/python_dag.py took 0.077 seconds
[2023-09-03T23:57:38.318+0000] {processor.py:157} INFO - Started process (PID=2839) to work on /opt/airflow/dags/python_dag.py
[2023-09-03T23:57:38.318+0000] {processor.py:829} INFO - Processing file /opt/airflow/dags/python_dag.py for tasks to queue
[2023-09-03T23:57:38.319+0000] {logging_mixin.py:151} INFO - [2023-09-03T23:57:38.319+0000] {dagbag.py:539} INFO - Filling up the DagBag from /opt/airflow/dags/python_dag.py
[2023-09-03T23:57:38.327+0000] {processor.py:839} INFO - DAG(s) dict_keys(['python_dag_v002']) retrieved from /opt/airflow/dags/python_dag.py
[2023-09-03T23:57:38.346+0000] {logging_mixin.py:151} INFO - [2023-09-03T23:57:38.346+0000] {dag.py:2907} INFO - Sync 1 DAGs
[2023-09-03T23:57:38.363+0000] {logging_mixin.py:151} INFO - [2023-09-03T23:57:38.363+0000] {dag.py:3677} INFO - Setting next_dagrun for python_dag_v002 to 2023-09-03T00:00:00+00:00, run_after=2023-09-04T00:00:00+00:00
[2023-09-03T23:57:38.375+0000] {processor.py:179} INFO - Processing /opt/airflow/dags/python_dag.py took 0.060 seconds
[2023-09-03T23:58:08.519+0000] {processor.py:157} INFO - Started process (PID=2856) to work on /opt/airflow/dags/python_dag.py
[2023-09-03T23:58:08.520+0000] {processor.py:829} INFO - Processing file /opt/airflow/dags/python_dag.py for tasks to queue
[2023-09-03T23:58:08.521+0000] {logging_mixin.py:151} INFO - [2023-09-03T23:58:08.521+0000] {dagbag.py:539} INFO - Filling up the DagBag from /opt/airflow/dags/python_dag.py
[2023-09-03T23:58:08.529+0000] {processor.py:839} INFO - DAG(s) dict_keys(['python_dag_v002']) retrieved from /opt/airflow/dags/python_dag.py
[2023-09-03T23:58:08.547+0000] {logging_mixin.py:151} INFO - [2023-09-03T23:58:08.547+0000] {dag.py:2907} INFO - Sync 1 DAGs
[2023-09-03T23:58:08.564+0000] {logging_mixin.py:151} INFO - [2023-09-03T23:58:08.564+0000] {dag.py:3677} INFO - Setting next_dagrun for python_dag_v002 to 2023-09-03T00:00:00+00:00, run_after=2023-09-04T00:00:00+00:00
[2023-09-03T23:58:08.576+0000] {processor.py:179} INFO - Processing /opt/airflow/dags/python_dag.py took 0.060 seconds
[2023-09-03T23:58:38.752+0000] {processor.py:157} INFO - Started process (PID=2873) to work on /opt/airflow/dags/python_dag.py
[2023-09-03T23:58:38.753+0000] {processor.py:829} INFO - Processing file /opt/airflow/dags/python_dag.py for tasks to queue
[2023-09-03T23:58:38.753+0000] {logging_mixin.py:151} INFO - [2023-09-03T23:58:38.753+0000] {dagbag.py:539} INFO - Filling up the DagBag from /opt/airflow/dags/python_dag.py
[2023-09-03T23:58:38.760+0000] {processor.py:839} INFO - DAG(s) dict_keys(['python_dag_v002']) retrieved from /opt/airflow/dags/python_dag.py
[2023-09-03T23:58:38.778+0000] {logging_mixin.py:151} INFO - [2023-09-03T23:58:38.778+0000] {dag.py:2907} INFO - Sync 1 DAGs
[2023-09-03T23:58:38.794+0000] {logging_mixin.py:151} INFO - [2023-09-03T23:58:38.794+0000] {dag.py:3677} INFO - Setting next_dagrun for python_dag_v002 to 2023-09-03T00:00:00+00:00, run_after=2023-09-04T00:00:00+00:00
[2023-09-03T23:58:38.808+0000] {processor.py:179} INFO - Processing /opt/airflow/dags/python_dag.py took 0.058 seconds
[2023-09-03T23:59:08.978+0000] {processor.py:157} INFO - Started process (PID=2890) to work on /opt/airflow/dags/python_dag.py
[2023-09-03T23:59:08.979+0000] {processor.py:829} INFO - Processing file /opt/airflow/dags/python_dag.py for tasks to queue
[2023-09-03T23:59:08.980+0000] {logging_mixin.py:151} INFO - [2023-09-03T23:59:08.979+0000] {dagbag.py:539} INFO - Filling up the DagBag from /opt/airflow/dags/python_dag.py
[2023-09-03T23:59:08.988+0000] {processor.py:839} INFO - DAG(s) dict_keys(['python_dag_v002']) retrieved from /opt/airflow/dags/python_dag.py
[2023-09-03T23:59:09.005+0000] {logging_mixin.py:151} INFO - [2023-09-03T23:59:09.005+0000] {dag.py:2907} INFO - Sync 1 DAGs
[2023-09-03T23:59:09.022+0000] {logging_mixin.py:151} INFO - [2023-09-03T23:59:09.021+0000] {dag.py:3677} INFO - Setting next_dagrun for python_dag_v002 to 2023-09-03T00:00:00+00:00, run_after=2023-09-04T00:00:00+00:00
[2023-09-03T23:59:09.035+0000] {processor.py:179} INFO - Processing /opt/airflow/dags/python_dag.py took 0.059 seconds
[2023-09-03T23:59:39.189+0000] {processor.py:157} INFO - Started process (PID=2907) to work on /opt/airflow/dags/python_dag.py
[2023-09-03T23:59:39.189+0000] {processor.py:829} INFO - Processing file /opt/airflow/dags/python_dag.py for tasks to queue
[2023-09-03T23:59:39.190+0000] {logging_mixin.py:151} INFO - [2023-09-03T23:59:39.189+0000] {dagbag.py:539} INFO - Filling up the DagBag from /opt/airflow/dags/python_dag.py
[2023-09-03T23:59:39.198+0000] {processor.py:839} INFO - DAG(s) dict_keys(['python_dag_v002']) retrieved from /opt/airflow/dags/python_dag.py
[2023-09-03T23:59:39.216+0000] {logging_mixin.py:151} INFO - [2023-09-03T23:59:39.215+0000] {dag.py:2907} INFO - Sync 1 DAGs
[2023-09-03T23:59:39.233+0000] {logging_mixin.py:151} INFO - [2023-09-03T23:59:39.232+0000] {dag.py:3677} INFO - Setting next_dagrun for python_dag_v002 to 2023-09-03T00:00:00+00:00, run_after=2023-09-04T00:00:00+00:00
[2023-09-03T23:59:39.245+0000] {processor.py:179} INFO - Processing /opt/airflow/dags/python_dag.py took 0.059 seconds
