[2023-09-04T06:02:50.844+0000] {taskinstance.py:1159} INFO - Dependencies all met for dep_context=non-requeueable deps ti=<TaskInstance: dag_with_postgres_operator_v04.insert_into_table scheduled__2022-04-25T00:00:00+00:00 [queued]>
[2023-09-04T06:02:50.860+0000] {taskinstance.py:1159} INFO - Dependencies all met for dep_context=requeueable deps ti=<TaskInstance: dag_with_postgres_operator_v04.insert_into_table scheduled__2022-04-25T00:00:00+00:00 [queued]>
[2023-09-04T06:02:50.860+0000] {taskinstance.py:1361} INFO - Starting attempt 1 of 6
[2023-09-04T06:02:50.882+0000] {taskinstance.py:1382} INFO - Executing <Task(PostgresOperator): insert_into_table> on 2022-04-25 00:00:00+00:00
[2023-09-04T06:02:50.892+0000] {standard_task_runner.py:57} INFO - Started process 5514 to run task
[2023-09-04T06:02:50.897+0000] {standard_task_runner.py:84} INFO - Running: ['***', 'tasks', 'run', 'dag_with_postgres_operator_v04', 'insert_into_table', 'scheduled__2022-04-25T00:00:00+00:00', '--job-id', '518', '--raw', '--subdir', 'DAGS_FOLDER/dag_with_postgres_operator.py', '--cfg-path', '/tmp/tmpk535jw6l']
[2023-09-04T06:02:50.902+0000] {standard_task_runner.py:85} INFO - Job 518: Subtask insert_into_table
[2023-09-04T06:02:51.023+0000] {task_command.py:415} INFO - Running <TaskInstance: dag_with_postgres_operator_v04.insert_into_table scheduled__2022-04-25T00:00:00+00:00 [running]> on host 10bdc2e98230
[2023-09-04T06:02:51.211+0000] {taskinstance.py:1660} INFO - Exporting env vars: AIRFLOW_CTX_DAG_OWNER='coder2j' AIRFLOW_CTX_DAG_ID='dag_with_postgres_operator_v04' AIRFLOW_CTX_TASK_ID='insert_into_table' AIRFLOW_CTX_EXECUTION_DATE='2022-04-25T00:00:00+00:00' AIRFLOW_CTX_TRY_NUMBER='1' AIRFLOW_CTX_DAG_RUN_ID='scheduled__2022-04-25T00:00:00+00:00'
[2023-09-04T06:02:51.214+0000] {sql.py:274} INFO - Executing: 
            insert into dag_runs (dt, dag_id) values ('2022-04-25', 'dag_with_postgres_operator_v04')
        
[2023-09-04T06:02:51.228+0000] {base.py:73} INFO - Using connection ID 'postgres_localhost' for task execution.
[2023-09-04T06:02:51.241+0000] {base.py:73} INFO - Using connection ID 'postgres_localhost' for task execution.
[2023-09-04T06:02:51.259+0000] {sql.py:418} INFO - Running statement: 
            insert into dag_runs (dt, dag_id) values ('2022-04-25', 'dag_with_postgres_operator_v04')
        , parameters: None
[2023-09-04T06:02:51.266+0000] {sql.py:427} INFO - Rows affected: 1
[2023-09-04T06:02:51.297+0000] {taskinstance.py:1400} INFO - Marking task as SUCCESS. dag_id=dag_with_postgres_operator_v04, task_id=insert_into_table, execution_date=20220425T000000, start_date=20230904T060250, end_date=20230904T060251
[2023-09-04T06:02:51.352+0000] {local_task_job_runner.py:228} INFO - Task exited with return code 0
[2023-09-04T06:02:51.499+0000] {taskinstance.py:2784} INFO - 0 downstream tasks scheduled from follow-on schedule check
[2023-09-04T06:05:40.607+0000] {taskinstance.py:1159} INFO - Dependencies all met for dep_context=non-requeueable deps ti=<TaskInstance: dag_with_postgres_operator_v04.insert_into_table scheduled__2022-04-25T00:00:00+00:00 [queued]>
[2023-09-04T06:05:40.646+0000] {taskinstance.py:1159} INFO - Dependencies all met for dep_context=requeueable deps ti=<TaskInstance: dag_with_postgres_operator_v04.insert_into_table scheduled__2022-04-25T00:00:00+00:00 [queued]>
[2023-09-04T06:05:40.647+0000] {taskinstance.py:1361} INFO - Starting attempt 1 of 6
[2023-09-04T06:05:40.933+0000] {taskinstance.py:1382} INFO - Executing <Task(PostgresOperator): insert_into_table> on 2022-04-25 00:00:00+00:00
[2023-09-04T06:05:40.954+0000] {standard_task_runner.py:57} INFO - Started process 6865 to run task
[2023-09-04T06:05:40.965+0000] {standard_task_runner.py:84} INFO - Running: ['***', 'tasks', 'run', 'dag_with_postgres_operator_v04', 'insert_into_table', 'scheduled__2022-04-25T00:00:00+00:00', '--job-id', '1082', '--raw', '--subdir', 'DAGS_FOLDER/dag_with_postgres_operator.py', '--cfg-path', '/tmp/tmp9jglm1vx']
[2023-09-04T06:05:40.977+0000] {standard_task_runner.py:85} INFO - Job 1082: Subtask insert_into_table
[2023-09-04T06:05:41.174+0000] {task_command.py:415} INFO - Running <TaskInstance: dag_with_postgres_operator_v04.insert_into_table scheduled__2022-04-25T00:00:00+00:00 [running]> on host 10bdc2e98230
[2023-09-04T06:05:41.494+0000] {taskinstance.py:1660} INFO - Exporting env vars: AIRFLOW_CTX_DAG_OWNER='mohghaff' AIRFLOW_CTX_DAG_ID='dag_with_postgres_operator_v04' AIRFLOW_CTX_TASK_ID='insert_into_table' AIRFLOW_CTX_EXECUTION_DATE='2022-04-25T00:00:00+00:00' AIRFLOW_CTX_TRY_NUMBER='1' AIRFLOW_CTX_DAG_RUN_ID='scheduled__2022-04-25T00:00:00+00:00'
[2023-09-04T06:05:41.497+0000] {sql.py:274} INFO - Executing: 
            insert into dag_runs (dt, dag_id) values ('2022-04-25', 'dag_with_postgres_operator_v04')
        
[2023-09-04T06:05:41.520+0000] {base.py:73} INFO - Using connection ID 'postgres_localhost' for task execution.
[2023-09-04T06:05:41.563+0000] {base.py:73} INFO - Using connection ID 'postgres_localhost' for task execution.
[2023-09-04T06:05:41.599+0000] {sql.py:418} INFO - Running statement: 
            insert into dag_runs (dt, dag_id) values ('2022-04-25', 'dag_with_postgres_operator_v04')
        , parameters: None
[2023-09-04T06:05:41.613+0000] {sql.py:427} INFO - Rows affected: 1
[2023-09-04T06:05:41.666+0000] {taskinstance.py:1400} INFO - Marking task as SUCCESS. dag_id=dag_with_postgres_operator_v04, task_id=insert_into_table, execution_date=20220425T000000, start_date=20230904T060540, end_date=20230904T060541
[2023-09-04T06:05:41.988+0000] {local_task_job_runner.py:228} INFO - Task exited with return code 0
[2023-09-04T06:05:42.031+0000] {taskinstance.py:2784} INFO - 0 downstream tasks scheduled from follow-on schedule check
