[2023-09-04T06:02:40.483+0000] {taskinstance.py:1159} INFO - Dependencies all met for dep_context=non-requeueable deps ti=<TaskInstance: dag_with_postgres_operator_v04.delete_data_from_table scheduled__2022-04-14T00:00:00+00:00 [queued]>
[2023-09-04T06:02:40.516+0000] {taskinstance.py:1159} INFO - Dependencies all met for dep_context=requeueable deps ti=<TaskInstance: dag_with_postgres_operator_v04.delete_data_from_table scheduled__2022-04-14T00:00:00+00:00 [queued]>
[2023-09-04T06:02:40.517+0000] {taskinstance.py:1361} INFO - Starting attempt 1 of 6
[2023-09-04T06:02:40.546+0000] {taskinstance.py:1382} INFO - Executing <Task(PostgresOperator): delete_data_from_table> on 2022-04-14 00:00:00+00:00
[2023-09-04T06:02:40.558+0000] {standard_task_runner.py:57} INFO - Started process 5436 to run task
[2023-09-04T06:02:40.562+0000] {standard_task_runner.py:84} INFO - Running: ['***', 'tasks', 'run', 'dag_with_postgres_operator_v04', 'delete_data_from_table', 'scheduled__2022-04-14T00:00:00+00:00', '--job-id', '480', '--raw', '--subdir', 'DAGS_FOLDER/dag_with_postgres_operator.py', '--cfg-path', '/tmp/tmpguv3j1_l']
[2023-09-04T06:02:40.565+0000] {standard_task_runner.py:85} INFO - Job 480: Subtask delete_data_from_table
[2023-09-04T06:02:40.638+0000] {task_command.py:415} INFO - Running <TaskInstance: dag_with_postgres_operator_v04.delete_data_from_table scheduled__2022-04-14T00:00:00+00:00 [running]> on host 10bdc2e98230
[2023-09-04T06:02:40.781+0000] {taskinstance.py:1660} INFO - Exporting env vars: AIRFLOW_CTX_DAG_OWNER='coder2j' AIRFLOW_CTX_DAG_ID='dag_with_postgres_operator_v04' AIRFLOW_CTX_TASK_ID='delete_data_from_table' AIRFLOW_CTX_EXECUTION_DATE='2022-04-14T00:00:00+00:00' AIRFLOW_CTX_TRY_NUMBER='1' AIRFLOW_CTX_DAG_RUN_ID='scheduled__2022-04-14T00:00:00+00:00'
[2023-09-04T06:02:40.783+0000] {sql.py:274} INFO - Executing: 
            delete from dag_runs where dt = '2022-04-14' and dag_id = 'dag_with_postgres_operator_v04';
        
[2023-09-04T06:02:40.799+0000] {base.py:73} INFO - Using connection ID 'postgres_localhost' for task execution.
[2023-09-04T06:02:40.818+0000] {base.py:73} INFO - Using connection ID 'postgres_localhost' for task execution.
[2023-09-04T06:02:40.843+0000] {sql.py:418} INFO - Running statement: 
            delete from dag_runs where dt = '2022-04-14' and dag_id = 'dag_with_postgres_operator_v04';
        , parameters: None
[2023-09-04T06:02:40.860+0000] {sql.py:427} INFO - Rows affected: 0
[2023-09-04T06:02:40.890+0000] {taskinstance.py:1400} INFO - Marking task as SUCCESS. dag_id=dag_with_postgres_operator_v04, task_id=delete_data_from_table, execution_date=20220414T000000, start_date=20230904T060240, end_date=20230904T060240
[2023-09-04T06:02:41.179+0000] {local_task_job_runner.py:228} INFO - Task exited with return code 0
[2023-09-04T06:02:41.213+0000] {taskinstance.py:2784} INFO - 1 downstream tasks scheduled from follow-on schedule check
[2023-09-04T06:05:24.269+0000] {taskinstance.py:1159} INFO - Dependencies all met for dep_context=non-requeueable deps ti=<TaskInstance: dag_with_postgres_operator_v04.delete_data_from_table scheduled__2022-04-14T00:00:00+00:00 [queued]>
[2023-09-04T06:05:24.305+0000] {taskinstance.py:1159} INFO - Dependencies all met for dep_context=requeueable deps ti=<TaskInstance: dag_with_postgres_operator_v04.delete_data_from_table scheduled__2022-04-14T00:00:00+00:00 [queued]>
[2023-09-04T06:05:24.306+0000] {taskinstance.py:1361} INFO - Starting attempt 1 of 6
[2023-09-04T06:05:24.361+0000] {taskinstance.py:1382} INFO - Executing <Task(PostgresOperator): delete_data_from_table> on 2022-04-14 00:00:00+00:00
[2023-09-04T06:05:24.375+0000] {standard_task_runner.py:57} INFO - Started process 6730 to run task
[2023-09-04T06:05:24.384+0000] {standard_task_runner.py:84} INFO - Running: ['***', 'tasks', 'run', 'dag_with_postgres_operator_v04', 'delete_data_from_table', 'scheduled__2022-04-14T00:00:00+00:00', '--job-id', '1026', '--raw', '--subdir', 'DAGS_FOLDER/dag_with_postgres_operator.py', '--cfg-path', '/tmp/tmp_tlu22bv']
[2023-09-04T06:05:24.388+0000] {standard_task_runner.py:85} INFO - Job 1026: Subtask delete_data_from_table
[2023-09-04T06:05:24.554+0000] {task_command.py:415} INFO - Running <TaskInstance: dag_with_postgres_operator_v04.delete_data_from_table scheduled__2022-04-14T00:00:00+00:00 [running]> on host 10bdc2e98230
[2023-09-04T06:05:24.940+0000] {taskinstance.py:1660} INFO - Exporting env vars: AIRFLOW_CTX_DAG_OWNER='mohghaff' AIRFLOW_CTX_DAG_ID='dag_with_postgres_operator_v04' AIRFLOW_CTX_TASK_ID='delete_data_from_table' AIRFLOW_CTX_EXECUTION_DATE='2022-04-14T00:00:00+00:00' AIRFLOW_CTX_TRY_NUMBER='1' AIRFLOW_CTX_DAG_RUN_ID='scheduled__2022-04-14T00:00:00+00:00'
[2023-09-04T06:05:24.953+0000] {sql.py:274} INFO - Executing: 
            delete from dag_runs where dt = '2022-04-14' and dag_id = 'dag_with_postgres_operator_v04';
        
[2023-09-04T06:05:24.986+0000] {base.py:73} INFO - Using connection ID 'postgres_localhost' for task execution.
[2023-09-04T06:05:25.023+0000] {base.py:73} INFO - Using connection ID 'postgres_localhost' for task execution.
[2023-09-04T06:05:25.063+0000] {sql.py:418} INFO - Running statement: 
            delete from dag_runs where dt = '2022-04-14' and dag_id = 'dag_with_postgres_operator_v04';
        , parameters: None
[2023-09-04T06:05:25.072+0000] {sql.py:427} INFO - Rows affected: 1
[2023-09-04T06:05:25.099+0000] {taskinstance.py:1400} INFO - Marking task as SUCCESS. dag_id=dag_with_postgres_operator_v04, task_id=delete_data_from_table, execution_date=20220414T000000, start_date=20230904T060524, end_date=20230904T060525
[2023-09-04T06:05:25.533+0000] {local_task_job_runner.py:228} INFO - Task exited with return code 0
[2023-09-04T06:05:25.619+0000] {taskinstance.py:2784} INFO - 1 downstream tasks scheduled from follow-on schedule check
