[2023-09-04T06:02:56.760+0000] {taskinstance.py:1159} INFO - Dependencies all met for dep_context=non-requeueable deps ti=<TaskInstance: dag_with_postgres_operator_v04.delete_data_from_table scheduled__2022-05-02T00:00:00+00:00 [queued]>
[2023-09-04T06:02:56.774+0000] {taskinstance.py:1159} INFO - Dependencies all met for dep_context=requeueable deps ti=<TaskInstance: dag_with_postgres_operator_v04.delete_data_from_table scheduled__2022-05-02T00:00:00+00:00 [queued]>
[2023-09-04T06:02:56.775+0000] {taskinstance.py:1361} INFO - Starting attempt 1 of 6
[2023-09-04T06:02:56.802+0000] {taskinstance.py:1382} INFO - Executing <Task(PostgresOperator): delete_data_from_table> on 2022-05-02 00:00:00+00:00
[2023-09-04T06:02:56.812+0000] {standard_task_runner.py:57} INFO - Started process 5587 to run task
[2023-09-04T06:02:56.817+0000] {standard_task_runner.py:84} INFO - Running: ['***', 'tasks', 'run', 'dag_with_postgres_operator_v04', 'delete_data_from_table', 'scheduled__2022-05-02T00:00:00+00:00', '--job-id', '541', '--raw', '--subdir', 'DAGS_FOLDER/dag_with_postgres_operator.py', '--cfg-path', '/tmp/tmp6y88j32w']
[2023-09-04T06:02:56.820+0000] {standard_task_runner.py:85} INFO - Job 541: Subtask delete_data_from_table
[2023-09-04T06:02:56.901+0000] {task_command.py:415} INFO - Running <TaskInstance: dag_with_postgres_operator_v04.delete_data_from_table scheduled__2022-05-02T00:00:00+00:00 [running]> on host 10bdc2e98230
[2023-09-04T06:02:57.047+0000] {taskinstance.py:1660} INFO - Exporting env vars: AIRFLOW_CTX_DAG_OWNER='coder2j' AIRFLOW_CTX_DAG_ID='dag_with_postgres_operator_v04' AIRFLOW_CTX_TASK_ID='delete_data_from_table' AIRFLOW_CTX_EXECUTION_DATE='2022-05-02T00:00:00+00:00' AIRFLOW_CTX_TRY_NUMBER='1' AIRFLOW_CTX_DAG_RUN_ID='scheduled__2022-05-02T00:00:00+00:00'
[2023-09-04T06:02:57.049+0000] {sql.py:274} INFO - Executing: 
            delete from dag_runs where dt = '2022-05-02' and dag_id = 'dag_with_postgres_operator_v04';
        
[2023-09-04T06:02:57.060+0000] {base.py:73} INFO - Using connection ID 'postgres_localhost' for task execution.
[2023-09-04T06:02:57.072+0000] {base.py:73} INFO - Using connection ID 'postgres_localhost' for task execution.
[2023-09-04T06:02:57.086+0000] {sql.py:418} INFO - Running statement: 
            delete from dag_runs where dt = '2022-05-02' and dag_id = 'dag_with_postgres_operator_v04';
        , parameters: None
[2023-09-04T06:02:57.091+0000] {sql.py:427} INFO - Rows affected: 0
[2023-09-04T06:02:57.108+0000] {taskinstance.py:1400} INFO - Marking task as SUCCESS. dag_id=dag_with_postgres_operator_v04, task_id=delete_data_from_table, execution_date=20220502T000000, start_date=20230904T060256, end_date=20230904T060257
[2023-09-04T06:02:57.160+0000] {local_task_job_runner.py:228} INFO - Task exited with return code 0
[2023-09-04T06:02:57.192+0000] {taskinstance.py:2784} INFO - 1 downstream tasks scheduled from follow-on schedule check
[2023-09-04T06:05:38.900+0000] {taskinstance.py:1159} INFO - Dependencies all met for dep_context=non-requeueable deps ti=<TaskInstance: dag_with_postgres_operator_v04.delete_data_from_table scheduled__2022-05-02T00:00:00+00:00 [queued]>
[2023-09-04T06:05:38.939+0000] {taskinstance.py:1159} INFO - Dependencies all met for dep_context=requeueable deps ti=<TaskInstance: dag_with_postgres_operator_v04.delete_data_from_table scheduled__2022-05-02T00:00:00+00:00 [queued]>
[2023-09-04T06:05:38.940+0000] {taskinstance.py:1361} INFO - Starting attempt 1 of 6
[2023-09-04T06:05:39.012+0000] {taskinstance.py:1382} INFO - Executing <Task(PostgresOperator): delete_data_from_table> on 2022-05-02 00:00:00+00:00
[2023-09-04T06:05:39.035+0000] {standard_task_runner.py:57} INFO - Started process 6846 to run task
[2023-09-04T06:05:39.055+0000] {standard_task_runner.py:84} INFO - Running: ['***', 'tasks', 'run', 'dag_with_postgres_operator_v04', 'delete_data_from_table', 'scheduled__2022-05-02T00:00:00+00:00', '--job-id', '1077', '--raw', '--subdir', 'DAGS_FOLDER/dag_with_postgres_operator.py', '--cfg-path', '/tmp/tmpmfz2n0jj']
[2023-09-04T06:05:39.060+0000] {standard_task_runner.py:85} INFO - Job 1077: Subtask delete_data_from_table
[2023-09-04T06:05:39.260+0000] {task_command.py:415} INFO - Running <TaskInstance: dag_with_postgres_operator_v04.delete_data_from_table scheduled__2022-05-02T00:00:00+00:00 [running]> on host 10bdc2e98230
[2023-09-04T06:05:39.756+0000] {taskinstance.py:1660} INFO - Exporting env vars: AIRFLOW_CTX_DAG_OWNER='mohghaff' AIRFLOW_CTX_DAG_ID='dag_with_postgres_operator_v04' AIRFLOW_CTX_TASK_ID='delete_data_from_table' AIRFLOW_CTX_EXECUTION_DATE='2022-05-02T00:00:00+00:00' AIRFLOW_CTX_TRY_NUMBER='1' AIRFLOW_CTX_DAG_RUN_ID='scheduled__2022-05-02T00:00:00+00:00'
[2023-09-04T06:05:39.759+0000] {sql.py:274} INFO - Executing: 
            delete from dag_runs where dt = '2022-05-02' and dag_id = 'dag_with_postgres_operator_v04';
        
[2023-09-04T06:05:39.799+0000] {base.py:73} INFO - Using connection ID 'postgres_localhost' for task execution.
[2023-09-04T06:05:39.833+0000] {base.py:73} INFO - Using connection ID 'postgres_localhost' for task execution.
[2023-09-04T06:05:39.888+0000] {sql.py:418} INFO - Running statement: 
            delete from dag_runs where dt = '2022-05-02' and dag_id = 'dag_with_postgres_operator_v04';
        , parameters: None
[2023-09-04T06:05:39.916+0000] {sql.py:427} INFO - Rows affected: 1
[2023-09-04T06:05:40.038+0000] {taskinstance.py:1400} INFO - Marking task as SUCCESS. dag_id=dag_with_postgres_operator_v04, task_id=delete_data_from_table, execution_date=20220502T000000, start_date=20230904T060538, end_date=20230904T060540
[2023-09-04T06:05:40.114+0000] {local_task_job_runner.py:228} INFO - Task exited with return code 0
[2023-09-04T06:05:40.197+0000] {taskinstance.py:2784} INFO - 1 downstream tasks scheduled from follow-on schedule check
