[2023-09-04T06:01:53.101+0000] {taskinstance.py:1159} INFO - Dependencies all met for dep_context=non-requeueable deps ti=<TaskInstance: dag_with_postgres_operator_v04.create_postgres_table scheduled__2022-02-22T00:00:00+00:00 [queued]>
[2023-09-04T06:01:53.122+0000] {taskinstance.py:1159} INFO - Dependencies all met for dep_context=requeueable deps ti=<TaskInstance: dag_with_postgres_operator_v04.create_postgres_table scheduled__2022-02-22T00:00:00+00:00 [queued]>
[2023-09-04T06:01:53.123+0000] {taskinstance.py:1361} INFO - Starting attempt 1 of 6
[2023-09-04T06:01:53.153+0000] {taskinstance.py:1382} INFO - Executing <Task(PostgresOperator): create_postgres_table> on 2022-02-22 00:00:00+00:00
[2023-09-04T06:01:53.166+0000] {standard_task_runner.py:57} INFO - Started process 5052 to run task
[2023-09-04T06:01:53.170+0000] {standard_task_runner.py:84} INFO - Running: ['***', 'tasks', 'run', 'dag_with_postgres_operator_v04', 'create_postgres_table', 'scheduled__2022-02-22T00:00:00+00:00', '--job-id', '311', '--raw', '--subdir', 'DAGS_FOLDER/dag_with_postgres_operator.py', '--cfg-path', '/tmp/tmpz19n5acg']
[2023-09-04T06:01:53.174+0000] {standard_task_runner.py:85} INFO - Job 311: Subtask create_postgres_table
[2023-09-04T06:01:53.263+0000] {task_command.py:415} INFO - Running <TaskInstance: dag_with_postgres_operator_v04.create_postgres_table scheduled__2022-02-22T00:00:00+00:00 [running]> on host 10bdc2e98230
[2023-09-04T06:01:53.415+0000] {taskinstance.py:1660} INFO - Exporting env vars: AIRFLOW_CTX_DAG_OWNER='coder2j' AIRFLOW_CTX_DAG_ID='dag_with_postgres_operator_v04' AIRFLOW_CTX_TASK_ID='create_postgres_table' AIRFLOW_CTX_EXECUTION_DATE='2022-02-22T00:00:00+00:00' AIRFLOW_CTX_TRY_NUMBER='1' AIRFLOW_CTX_DAG_RUN_ID='scheduled__2022-02-22T00:00:00+00:00'
[2023-09-04T06:01:53.417+0000] {sql.py:274} INFO - Executing: 
            create table if not exists dag_runs (
                dt date,
                dag_id character varying,
                primary key (dt, dag_id)
            )
        
[2023-09-04T06:01:53.431+0000] {base.py:73} INFO - Using connection ID 'postgres_localhost' for task execution.
[2023-09-04T06:01:53.445+0000] {base.py:73} INFO - Using connection ID 'postgres_localhost' for task execution.
[2023-09-04T06:01:53.462+0000] {sql.py:418} INFO - Running statement: 
            create table if not exists dag_runs (
                dt date,
                dag_id character varying,
                primary key (dt, dag_id)
            )
        , parameters: None
[2023-09-04T06:01:53.491+0000] {taskinstance.py:1400} INFO - Marking task as SUCCESS. dag_id=dag_with_postgres_operator_v04, task_id=create_postgres_table, execution_date=20220222T000000, start_date=20230904T060153, end_date=20230904T060153
[2023-09-04T06:01:53.543+0000] {local_task_job_runner.py:228} INFO - Task exited with return code 0
[2023-09-04T06:01:53.592+0000] {taskinstance.py:2784} INFO - 1 downstream tasks scheduled from follow-on schedule check
[2023-09-04T06:04:41.647+0000] {taskinstance.py:1159} INFO - Dependencies all met for dep_context=non-requeueable deps ti=<TaskInstance: dag_with_postgres_operator_v04.create_postgres_table scheduled__2022-02-22T00:00:00+00:00 [queued]>
[2023-09-04T06:04:41.663+0000] {taskinstance.py:1159} INFO - Dependencies all met for dep_context=requeueable deps ti=<TaskInstance: dag_with_postgres_operator_v04.create_postgres_table scheduled__2022-02-22T00:00:00+00:00 [queued]>
[2023-09-04T06:04:41.664+0000] {taskinstance.py:1361} INFO - Starting attempt 1 of 6
[2023-09-04T06:04:41.690+0000] {taskinstance.py:1382} INFO - Executing <Task(PostgresOperator): create_postgres_table> on 2022-02-22 00:00:00+00:00
[2023-09-04T06:04:41.699+0000] {standard_task_runner.py:57} INFO - Started process 6359 to run task
[2023-09-04T06:04:41.702+0000] {standard_task_runner.py:84} INFO - Running: ['***', 'tasks', 'run', 'dag_with_postgres_operator_v04', 'create_postgres_table', 'scheduled__2022-02-22T00:00:00+00:00', '--job-id', '867', '--raw', '--subdir', 'DAGS_FOLDER/dag_with_postgres_operator.py', '--cfg-path', '/tmp/tmp625n34iy']
[2023-09-04T06:04:41.705+0000] {standard_task_runner.py:85} INFO - Job 867: Subtask create_postgres_table
[2023-09-04T06:04:41.776+0000] {task_command.py:415} INFO - Running <TaskInstance: dag_with_postgres_operator_v04.create_postgres_table scheduled__2022-02-22T00:00:00+00:00 [running]> on host 10bdc2e98230
[2023-09-04T06:04:41.925+0000] {taskinstance.py:1660} INFO - Exporting env vars: AIRFLOW_CTX_DAG_OWNER='mohghaff' AIRFLOW_CTX_DAG_ID='dag_with_postgres_operator_v04' AIRFLOW_CTX_TASK_ID='create_postgres_table' AIRFLOW_CTX_EXECUTION_DATE='2022-02-22T00:00:00+00:00' AIRFLOW_CTX_TRY_NUMBER='1' AIRFLOW_CTX_DAG_RUN_ID='scheduled__2022-02-22T00:00:00+00:00'
[2023-09-04T06:04:41.927+0000] {sql.py:274} INFO - Executing: 
            create table if not exists dag_runs (
                dt date,
                dag_id character varying,
                primary key (dt, dag_id)
            )
        
[2023-09-04T06:04:41.940+0000] {base.py:73} INFO - Using connection ID 'postgres_localhost' for task execution.
[2023-09-04T06:04:41.953+0000] {base.py:73} INFO - Using connection ID 'postgres_localhost' for task execution.
[2023-09-04T06:04:41.968+0000] {sql.py:418} INFO - Running statement: 
            create table if not exists dag_runs (
                dt date,
                dag_id character varying,
                primary key (dt, dag_id)
            )
        , parameters: None
[2023-09-04T06:04:41.989+0000] {taskinstance.py:1400} INFO - Marking task as SUCCESS. dag_id=dag_with_postgres_operator_v04, task_id=create_postgres_table, execution_date=20220222T000000, start_date=20230904T060441, end_date=20230904T060441
[2023-09-04T06:04:42.036+0000] {local_task_job_runner.py:228} INFO - Task exited with return code 0
[2023-09-04T06:04:42.094+0000] {taskinstance.py:2784} INFO - 1 downstream tasks scheduled from follow-on schedule check
