[2023-09-04T06:01:45.137+0000] {taskinstance.py:1159} INFO - Dependencies all met for dep_context=non-requeueable deps ti=<TaskInstance: dag_with_postgres_operator_v04.delete_data_from_table scheduled__2022-02-10T00:00:00+00:00 [queued]>
[2023-09-04T06:01:45.156+0000] {taskinstance.py:1159} INFO - Dependencies all met for dep_context=requeueable deps ti=<TaskInstance: dag_with_postgres_operator_v04.delete_data_from_table scheduled__2022-02-10T00:00:00+00:00 [queued]>
[2023-09-04T06:01:45.157+0000] {taskinstance.py:1361} INFO - Starting attempt 1 of 6
[2023-09-04T06:01:45.193+0000] {taskinstance.py:1382} INFO - Executing <Task(PostgresOperator): delete_data_from_table> on 2022-02-10 00:00:00+00:00
[2023-09-04T06:01:45.202+0000] {standard_task_runner.py:57} INFO - Started process 4972 to run task
[2023-09-04T06:01:45.206+0000] {standard_task_runner.py:84} INFO - Running: ['***', 'tasks', 'run', 'dag_with_postgres_operator_v04', 'delete_data_from_table', 'scheduled__2022-02-10T00:00:00+00:00', '--job-id', '287', '--raw', '--subdir', 'DAGS_FOLDER/dag_with_postgres_operator.py', '--cfg-path', '/tmp/tmp447gqleh']
[2023-09-04T06:01:45.208+0000] {standard_task_runner.py:85} INFO - Job 287: Subtask delete_data_from_table
[2023-09-04T06:01:45.300+0000] {task_command.py:415} INFO - Running <TaskInstance: dag_with_postgres_operator_v04.delete_data_from_table scheduled__2022-02-10T00:00:00+00:00 [running]> on host 10bdc2e98230
[2023-09-04T06:01:45.466+0000] {taskinstance.py:1660} INFO - Exporting env vars: AIRFLOW_CTX_DAG_OWNER='coder2j' AIRFLOW_CTX_DAG_ID='dag_with_postgres_operator_v04' AIRFLOW_CTX_TASK_ID='delete_data_from_table' AIRFLOW_CTX_EXECUTION_DATE='2022-02-10T00:00:00+00:00' AIRFLOW_CTX_TRY_NUMBER='1' AIRFLOW_CTX_DAG_RUN_ID='scheduled__2022-02-10T00:00:00+00:00'
[2023-09-04T06:01:45.468+0000] {sql.py:274} INFO - Executing: 
            delete from dag_runs where dt = '2022-02-10' and dag_id = 'dag_with_postgres_operator_v04';
        
[2023-09-04T06:01:45.485+0000] {base.py:73} INFO - Using connection ID 'postgres_localhost' for task execution.
[2023-09-04T06:01:45.499+0000] {base.py:73} INFO - Using connection ID 'postgres_localhost' for task execution.
[2023-09-04T06:01:45.522+0000] {sql.py:418} INFO - Running statement: 
            delete from dag_runs where dt = '2022-02-10' and dag_id = 'dag_with_postgres_operator_v04';
        , parameters: None
[2023-09-04T06:01:45.529+0000] {sql.py:427} INFO - Rows affected: 0
[2023-09-04T06:01:45.550+0000] {taskinstance.py:1400} INFO - Marking task as SUCCESS. dag_id=dag_with_postgres_operator_v04, task_id=delete_data_from_table, execution_date=20220210T000000, start_date=20230904T060145, end_date=20230904T060145
[2023-09-04T06:01:45.620+0000] {local_task_job_runner.py:228} INFO - Task exited with return code 0
[2023-09-04T06:01:45.662+0000] {taskinstance.py:2784} INFO - 1 downstream tasks scheduled from follow-on schedule check
[2023-09-04T06:04:33.632+0000] {taskinstance.py:1159} INFO - Dependencies all met for dep_context=non-requeueable deps ti=<TaskInstance: dag_with_postgres_operator_v04.delete_data_from_table scheduled__2022-02-10T00:00:00+00:00 [queued]>
[2023-09-04T06:04:33.670+0000] {taskinstance.py:1159} INFO - Dependencies all met for dep_context=requeueable deps ti=<TaskInstance: dag_with_postgres_operator_v04.delete_data_from_table scheduled__2022-02-10T00:00:00+00:00 [queued]>
[2023-09-04T06:04:33.672+0000] {taskinstance.py:1361} INFO - Starting attempt 1 of 6
[2023-09-04T06:04:33.719+0000] {taskinstance.py:1382} INFO - Executing <Task(PostgresOperator): delete_data_from_table> on 2022-02-10 00:00:00+00:00
[2023-09-04T06:04:33.793+0000] {standard_task_runner.py:57} INFO - Started process 6288 to run task
[2023-09-04T06:04:33.799+0000] {standard_task_runner.py:84} INFO - Running: ['***', 'tasks', 'run', 'dag_with_postgres_operator_v04', 'delete_data_from_table', 'scheduled__2022-02-10T00:00:00+00:00', '--job-id', '834', '--raw', '--subdir', 'DAGS_FOLDER/dag_with_postgres_operator.py', '--cfg-path', '/tmp/tmp491t6oh3']
[2023-09-04T06:04:33.804+0000] {standard_task_runner.py:85} INFO - Job 834: Subtask delete_data_from_table
[2023-09-04T06:04:33.928+0000] {task_command.py:415} INFO - Running <TaskInstance: dag_with_postgres_operator_v04.delete_data_from_table scheduled__2022-02-10T00:00:00+00:00 [running]> on host 10bdc2e98230
[2023-09-04T06:04:34.230+0000] {taskinstance.py:1660} INFO - Exporting env vars: AIRFLOW_CTX_DAG_OWNER='mohghaff' AIRFLOW_CTX_DAG_ID='dag_with_postgres_operator_v04' AIRFLOW_CTX_TASK_ID='delete_data_from_table' AIRFLOW_CTX_EXECUTION_DATE='2022-02-10T00:00:00+00:00' AIRFLOW_CTX_TRY_NUMBER='1' AIRFLOW_CTX_DAG_RUN_ID='scheduled__2022-02-10T00:00:00+00:00'
[2023-09-04T06:04:34.238+0000] {sql.py:274} INFO - Executing: 
            delete from dag_runs where dt = '2022-02-10' and dag_id = 'dag_with_postgres_operator_v04';
        
[2023-09-04T06:04:34.263+0000] {base.py:73} INFO - Using connection ID 'postgres_localhost' for task execution.
[2023-09-04T06:04:34.290+0000] {base.py:73} INFO - Using connection ID 'postgres_localhost' for task execution.
[2023-09-04T06:04:34.320+0000] {sql.py:418} INFO - Running statement: 
            delete from dag_runs where dt = '2022-02-10' and dag_id = 'dag_with_postgres_operator_v04';
        , parameters: None
[2023-09-04T06:04:34.330+0000] {sql.py:427} INFO - Rows affected: 1
[2023-09-04T06:04:34.375+0000] {taskinstance.py:1400} INFO - Marking task as SUCCESS. dag_id=dag_with_postgres_operator_v04, task_id=delete_data_from_table, execution_date=20220210T000000, start_date=20230904T060433, end_date=20230904T060434
[2023-09-04T06:04:34.706+0000] {local_task_job_runner.py:228} INFO - Task exited with return code 0
[2023-09-04T06:04:34.765+0000] {taskinstance.py:2784} INFO - 1 downstream tasks scheduled from follow-on schedule check
