[2023-09-04T06:03:08.172+0000] {taskinstance.py:1159} INFO - Dependencies all met for dep_context=non-requeueable deps ti=<TaskInstance: dag_with_postgres_operator_v04.insert_into_table scheduled__2022-05-19T00:00:00+00:00 [queued]>
[2023-09-04T06:03:08.186+0000] {taskinstance.py:1159} INFO - Dependencies all met for dep_context=requeueable deps ti=<TaskInstance: dag_with_postgres_operator_v04.insert_into_table scheduled__2022-05-19T00:00:00+00:00 [queued]>
[2023-09-04T06:03:08.186+0000] {taskinstance.py:1361} INFO - Starting attempt 1 of 6
[2023-09-04T06:03:08.208+0000] {taskinstance.py:1382} INFO - Executing <Task(PostgresOperator): insert_into_table> on 2022-05-19 00:00:00+00:00
[2023-09-04T06:03:08.218+0000] {standard_task_runner.py:57} INFO - Started process 5697 to run task
[2023-09-04T06:03:08.222+0000] {standard_task_runner.py:84} INFO - Running: ['***', 'tasks', 'run', 'dag_with_postgres_operator_v04', 'insert_into_table', 'scheduled__2022-05-19T00:00:00+00:00', '--job-id', '597', '--raw', '--subdir', 'DAGS_FOLDER/dag_with_postgres_operator.py', '--cfg-path', '/tmp/tmpnjbiv9m3']
[2023-09-04T06:03:08.225+0000] {standard_task_runner.py:85} INFO - Job 597: Subtask insert_into_table
[2023-09-04T06:03:08.302+0000] {task_command.py:415} INFO - Running <TaskInstance: dag_with_postgres_operator_v04.insert_into_table scheduled__2022-05-19T00:00:00+00:00 [running]> on host 10bdc2e98230
[2023-09-04T06:03:08.439+0000] {taskinstance.py:1660} INFO - Exporting env vars: AIRFLOW_CTX_DAG_OWNER='coder2j' AIRFLOW_CTX_DAG_ID='dag_with_postgres_operator_v04' AIRFLOW_CTX_TASK_ID='insert_into_table' AIRFLOW_CTX_EXECUTION_DATE='2022-05-19T00:00:00+00:00' AIRFLOW_CTX_TRY_NUMBER='1' AIRFLOW_CTX_DAG_RUN_ID='scheduled__2022-05-19T00:00:00+00:00'
[2023-09-04T06:03:08.441+0000] {sql.py:274} INFO - Executing: 
            insert into dag_runs (dt, dag_id) values ('2022-05-19', 'dag_with_postgres_operator_v04')
        
[2023-09-04T06:03:08.451+0000] {base.py:73} INFO - Using connection ID 'postgres_localhost' for task execution.
[2023-09-04T06:03:08.461+0000] {base.py:73} INFO - Using connection ID 'postgres_localhost' for task execution.
[2023-09-04T06:03:08.474+0000] {sql.py:418} INFO - Running statement: 
            insert into dag_runs (dt, dag_id) values ('2022-05-19', 'dag_with_postgres_operator_v04')
        , parameters: None
[2023-09-04T06:03:08.478+0000] {sql.py:427} INFO - Rows affected: 1
[2023-09-04T06:03:08.498+0000] {taskinstance.py:1400} INFO - Marking task as SUCCESS. dag_id=dag_with_postgres_operator_v04, task_id=insert_into_table, execution_date=20220519T000000, start_date=20230904T060308, end_date=20230904T060308
[2023-09-04T06:03:08.555+0000] {local_task_job_runner.py:228} INFO - Task exited with return code 0
[2023-09-04T06:03:08.571+0000] {taskinstance.py:2784} INFO - 0 downstream tasks scheduled from follow-on schedule check
[2023-09-04T06:05:58.290+0000] {taskinstance.py:1159} INFO - Dependencies all met for dep_context=non-requeueable deps ti=<TaskInstance: dag_with_postgres_operator_v04.insert_into_table scheduled__2022-05-19T00:00:00+00:00 [queued]>
[2023-09-04T06:05:58.311+0000] {taskinstance.py:1159} INFO - Dependencies all met for dep_context=requeueable deps ti=<TaskInstance: dag_with_postgres_operator_v04.insert_into_table scheduled__2022-05-19T00:00:00+00:00 [queued]>
[2023-09-04T06:05:58.312+0000] {taskinstance.py:1361} INFO - Starting attempt 1 of 6
[2023-09-04T06:05:58.343+0000] {taskinstance.py:1382} INFO - Executing <Task(PostgresOperator): insert_into_table> on 2022-05-19 00:00:00+00:00
[2023-09-04T06:05:58.355+0000] {standard_task_runner.py:57} INFO - Started process 7005 to run task
[2023-09-04T06:05:58.360+0000] {standard_task_runner.py:84} INFO - Running: ['***', 'tasks', 'run', 'dag_with_postgres_operator_v04', 'insert_into_table', 'scheduled__2022-05-19T00:00:00+00:00', '--job-id', '1146', '--raw', '--subdir', 'DAGS_FOLDER/dag_with_postgres_operator.py', '--cfg-path', '/tmp/tmp7511mtps']
[2023-09-04T06:05:58.365+0000] {standard_task_runner.py:85} INFO - Job 1146: Subtask insert_into_table
[2023-09-04T06:05:58.476+0000] {task_command.py:415} INFO - Running <TaskInstance: dag_with_postgres_operator_v04.insert_into_table scheduled__2022-05-19T00:00:00+00:00 [running]> on host 10bdc2e98230
[2023-09-04T06:05:58.682+0000] {taskinstance.py:1660} INFO - Exporting env vars: AIRFLOW_CTX_DAG_OWNER='mohghaff' AIRFLOW_CTX_DAG_ID='dag_with_postgres_operator_v04' AIRFLOW_CTX_TASK_ID='insert_into_table' AIRFLOW_CTX_EXECUTION_DATE='2022-05-19T00:00:00+00:00' AIRFLOW_CTX_TRY_NUMBER='1' AIRFLOW_CTX_DAG_RUN_ID='scheduled__2022-05-19T00:00:00+00:00'
[2023-09-04T06:05:58.684+0000] {sql.py:274} INFO - Executing: 
            insert into dag_runs (dt, dag_id) values ('2022-05-19', 'dag_with_postgres_operator_v04')
        
[2023-09-04T06:05:58.701+0000] {base.py:73} INFO - Using connection ID 'postgres_localhost' for task execution.
[2023-09-04T06:05:58.714+0000] {base.py:73} INFO - Using connection ID 'postgres_localhost' for task execution.
[2023-09-04T06:05:58.738+0000] {sql.py:418} INFO - Running statement: 
            insert into dag_runs (dt, dag_id) values ('2022-05-19', 'dag_with_postgres_operator_v04')
        , parameters: None
[2023-09-04T06:05:58.748+0000] {sql.py:427} INFO - Rows affected: 1
[2023-09-04T06:05:58.785+0000] {taskinstance.py:1400} INFO - Marking task as SUCCESS. dag_id=dag_with_postgres_operator_v04, task_id=insert_into_table, execution_date=20220519T000000, start_date=20230904T060558, end_date=20230904T060558
[2023-09-04T06:05:58.855+0000] {local_task_job_runner.py:228} INFO - Task exited with return code 0
[2023-09-04T06:05:58.994+0000] {taskinstance.py:2784} INFO - 0 downstream tasks scheduled from follow-on schedule check
