[2023-09-04T06:01:24.394+0000] {taskinstance.py:1159} INFO - Dependencies all met for dep_context=non-requeueable deps ti=<TaskInstance: dag_with_postgres_operator_v04.delete_data_from_table scheduled__2022-01-11T00:00:00+00:00 [queued]>
[2023-09-04T06:01:24.412+0000] {taskinstance.py:1159} INFO - Dependencies all met for dep_context=requeueable deps ti=<TaskInstance: dag_with_postgres_operator_v04.delete_data_from_table scheduled__2022-01-11T00:00:00+00:00 [queued]>
[2023-09-04T06:01:24.413+0000] {taskinstance.py:1361} INFO - Starting attempt 1 of 6
[2023-09-04T06:01:24.442+0000] {taskinstance.py:1382} INFO - Executing <Task(PostgresOperator): delete_data_from_table> on 2022-01-11 00:00:00+00:00
[2023-09-04T06:01:24.451+0000] {standard_task_runner.py:57} INFO - Started process 4809 to run task
[2023-09-04T06:01:24.456+0000] {standard_task_runner.py:84} INFO - Running: ['***', 'tasks', 'run', 'dag_with_postgres_operator_v04', 'delete_data_from_table', 'scheduled__2022-01-11T00:00:00+00:00', '--job-id', '208', '--raw', '--subdir', 'DAGS_FOLDER/dag_with_postgres_operator.py', '--cfg-path', '/tmp/tmpt33go_e8']
[2023-09-04T06:01:24.459+0000] {standard_task_runner.py:85} INFO - Job 208: Subtask delete_data_from_table
[2023-09-04T06:01:24.533+0000] {task_command.py:415} INFO - Running <TaskInstance: dag_with_postgres_operator_v04.delete_data_from_table scheduled__2022-01-11T00:00:00+00:00 [running]> on host 10bdc2e98230
[2023-09-04T06:01:24.688+0000] {taskinstance.py:1660} INFO - Exporting env vars: AIRFLOW_CTX_DAG_OWNER='coder2j' AIRFLOW_CTX_DAG_ID='dag_with_postgres_operator_v04' AIRFLOW_CTX_TASK_ID='delete_data_from_table' AIRFLOW_CTX_EXECUTION_DATE='2022-01-11T00:00:00+00:00' AIRFLOW_CTX_TRY_NUMBER='1' AIRFLOW_CTX_DAG_RUN_ID='scheduled__2022-01-11T00:00:00+00:00'
[2023-09-04T06:01:24.690+0000] {sql.py:274} INFO - Executing: 
            delete from dag_runs where dt = '2022-01-11' and dag_id = 'dag_with_postgres_operator_v04';
        
[2023-09-04T06:01:24.704+0000] {base.py:73} INFO - Using connection ID 'postgres_localhost' for task execution.
[2023-09-04T06:01:24.716+0000] {base.py:73} INFO - Using connection ID 'postgres_localhost' for task execution.
[2023-09-04T06:01:24.733+0000] {sql.py:418} INFO - Running statement: 
            delete from dag_runs where dt = '2022-01-11' and dag_id = 'dag_with_postgres_operator_v04';
        , parameters: None
[2023-09-04T06:01:24.738+0000] {sql.py:427} INFO - Rows affected: 0
[2023-09-04T06:01:24.761+0000] {taskinstance.py:1400} INFO - Marking task as SUCCESS. dag_id=dag_with_postgres_operator_v04, task_id=delete_data_from_table, execution_date=20220111T000000, start_date=20230904T060124, end_date=20230904T060124
[2023-09-04T06:01:24.829+0000] {local_task_job_runner.py:228} INFO - Task exited with return code 0
[2023-09-04T06:01:24.870+0000] {taskinstance.py:2784} INFO - 1 downstream tasks scheduled from follow-on schedule check
[2023-09-04T06:04:10.392+0000] {taskinstance.py:1159} INFO - Dependencies all met for dep_context=non-requeueable deps ti=<TaskInstance: dag_with_postgres_operator_v04.delete_data_from_table scheduled__2022-01-11T00:00:00+00:00 [queued]>
[2023-09-04T06:04:10.427+0000] {taskinstance.py:1159} INFO - Dependencies all met for dep_context=requeueable deps ti=<TaskInstance: dag_with_postgres_operator_v04.delete_data_from_table scheduled__2022-01-11T00:00:00+00:00 [queued]>
[2023-09-04T06:04:10.428+0000] {taskinstance.py:1361} INFO - Starting attempt 1 of 6
[2023-09-04T06:04:10.495+0000] {taskinstance.py:1382} INFO - Executing <Task(PostgresOperator): delete_data_from_table> on 2022-01-11 00:00:00+00:00
[2023-09-04T06:04:10.515+0000] {standard_task_runner.py:57} INFO - Started process 6084 to run task
[2023-09-04T06:04:10.527+0000] {standard_task_runner.py:84} INFO - Running: ['***', 'tasks', 'run', 'dag_with_postgres_operator_v04', 'delete_data_from_table', 'scheduled__2022-01-11T00:00:00+00:00', '--job-id', '743', '--raw', '--subdir', 'DAGS_FOLDER/dag_with_postgres_operator.py', '--cfg-path', '/tmp/tmpqoc_vzs6']
[2023-09-04T06:04:10.534+0000] {standard_task_runner.py:85} INFO - Job 743: Subtask delete_data_from_table
[2023-09-04T06:04:10.681+0000] {task_command.py:415} INFO - Running <TaskInstance: dag_with_postgres_operator_v04.delete_data_from_table scheduled__2022-01-11T00:00:00+00:00 [running]> on host 10bdc2e98230
[2023-09-04T06:04:10.932+0000] {taskinstance.py:1660} INFO - Exporting env vars: AIRFLOW_CTX_DAG_OWNER='mohghaff' AIRFLOW_CTX_DAG_ID='dag_with_postgres_operator_v04' AIRFLOW_CTX_TASK_ID='delete_data_from_table' AIRFLOW_CTX_EXECUTION_DATE='2022-01-11T00:00:00+00:00' AIRFLOW_CTX_TRY_NUMBER='1' AIRFLOW_CTX_DAG_RUN_ID='scheduled__2022-01-11T00:00:00+00:00'
[2023-09-04T06:04:10.935+0000] {sql.py:274} INFO - Executing: 
            delete from dag_runs where dt = '2022-01-11' and dag_id = 'dag_with_postgres_operator_v04';
        
[2023-09-04T06:04:10.958+0000] {base.py:73} INFO - Using connection ID 'postgres_localhost' for task execution.
[2023-09-04T06:04:10.986+0000] {base.py:73} INFO - Using connection ID 'postgres_localhost' for task execution.
[2023-09-04T06:04:11.014+0000] {sql.py:418} INFO - Running statement: 
            delete from dag_runs where dt = '2022-01-11' and dag_id = 'dag_with_postgres_operator_v04';
        , parameters: None
[2023-09-04T06:04:11.023+0000] {sql.py:427} INFO - Rows affected: 1
[2023-09-04T06:04:11.061+0000] {taskinstance.py:1400} INFO - Marking task as SUCCESS. dag_id=dag_with_postgres_operator_v04, task_id=delete_data_from_table, execution_date=20220111T000000, start_date=20230904T060410, end_date=20230904T060411
[2023-09-04T06:04:11.395+0000] {local_task_job_runner.py:228} INFO - Task exited with return code 0
[2023-09-04T06:04:11.512+0000] {taskinstance.py:2784} INFO - 1 downstream tasks scheduled from follow-on schedule check
