[2023-09-04T06:02:50.864+0000] {taskinstance.py:1159} INFO - Dependencies all met for dep_context=non-requeueable deps ti=<TaskInstance: dag_with_postgres_operator_v04.insert_into_table scheduled__2022-04-26T00:00:00+00:00 [queued]>
[2023-09-04T06:02:50.879+0000] {taskinstance.py:1159} INFO - Dependencies all met for dep_context=requeueable deps ti=<TaskInstance: dag_with_postgres_operator_v04.insert_into_table scheduled__2022-04-26T00:00:00+00:00 [queued]>
[2023-09-04T06:02:50.880+0000] {taskinstance.py:1361} INFO - Starting attempt 1 of 6
[2023-09-04T06:02:50.904+0000] {taskinstance.py:1382} INFO - Executing <Task(PostgresOperator): insert_into_table> on 2022-04-26 00:00:00+00:00
[2023-09-04T06:02:50.917+0000] {standard_task_runner.py:57} INFO - Started process 5520 to run task
[2023-09-04T06:02:50.926+0000] {standard_task_runner.py:84} INFO - Running: ['***', 'tasks', 'run', 'dag_with_postgres_operator_v04', 'insert_into_table', 'scheduled__2022-04-26T00:00:00+00:00', '--job-id', '525', '--raw', '--subdir', 'DAGS_FOLDER/dag_with_postgres_operator.py', '--cfg-path', '/tmp/tmpk2n4y_l8']
[2023-09-04T06:02:50.932+0000] {standard_task_runner.py:85} INFO - Job 525: Subtask insert_into_table
[2023-09-04T06:02:51.050+0000] {task_command.py:415} INFO - Running <TaskInstance: dag_with_postgres_operator_v04.insert_into_table scheduled__2022-04-26T00:00:00+00:00 [running]> on host 10bdc2e98230
[2023-09-04T06:02:51.240+0000] {taskinstance.py:1660} INFO - Exporting env vars: AIRFLOW_CTX_DAG_OWNER='coder2j' AIRFLOW_CTX_DAG_ID='dag_with_postgres_operator_v04' AIRFLOW_CTX_TASK_ID='insert_into_table' AIRFLOW_CTX_EXECUTION_DATE='2022-04-26T00:00:00+00:00' AIRFLOW_CTX_TRY_NUMBER='1' AIRFLOW_CTX_DAG_RUN_ID='scheduled__2022-04-26T00:00:00+00:00'
[2023-09-04T06:02:51.242+0000] {sql.py:274} INFO - Executing: 
            insert into dag_runs (dt, dag_id) values ('2022-04-26', 'dag_with_postgres_operator_v04')
        
[2023-09-04T06:02:51.262+0000] {base.py:73} INFO - Using connection ID 'postgres_localhost' for task execution.
[2023-09-04T06:02:51.282+0000] {base.py:73} INFO - Using connection ID 'postgres_localhost' for task execution.
[2023-09-04T06:02:51.300+0000] {sql.py:418} INFO - Running statement: 
            insert into dag_runs (dt, dag_id) values ('2022-04-26', 'dag_with_postgres_operator_v04')
        , parameters: None
[2023-09-04T06:02:51.311+0000] {sql.py:427} INFO - Rows affected: 1
[2023-09-04T06:02:51.332+0000] {taskinstance.py:1400} INFO - Marking task as SUCCESS. dag_id=dag_with_postgres_operator_v04, task_id=insert_into_table, execution_date=20220426T000000, start_date=20230904T060250, end_date=20230904T060251
[2023-09-04T06:02:51.378+0000] {local_task_job_runner.py:228} INFO - Task exited with return code 0
[2023-09-04T06:02:51.499+0000] {taskinstance.py:2784} INFO - 0 downstream tasks scheduled from follow-on schedule check
[2023-09-04T06:05:41.274+0000] {taskinstance.py:1159} INFO - Dependencies all met for dep_context=non-requeueable deps ti=<TaskInstance: dag_with_postgres_operator_v04.insert_into_table scheduled__2022-04-26T00:00:00+00:00 [queued]>
[2023-09-04T06:05:41.313+0000] {taskinstance.py:1159} INFO - Dependencies all met for dep_context=requeueable deps ti=<TaskInstance: dag_with_postgres_operator_v04.insert_into_table scheduled__2022-04-26T00:00:00+00:00 [queued]>
[2023-09-04T06:05:41.314+0000] {taskinstance.py:1361} INFO - Starting attempt 1 of 6
[2023-09-04T06:05:41.507+0000] {taskinstance.py:1382} INFO - Executing <Task(PostgresOperator): insert_into_table> on 2022-04-26 00:00:00+00:00
[2023-09-04T06:05:41.529+0000] {standard_task_runner.py:57} INFO - Started process 6869 to run task
[2023-09-04T06:05:41.536+0000] {standard_task_runner.py:84} INFO - Running: ['***', 'tasks', 'run', 'dag_with_postgres_operator_v04', 'insert_into_table', 'scheduled__2022-04-26T00:00:00+00:00', '--job-id', '1084', '--raw', '--subdir', 'DAGS_FOLDER/dag_with_postgres_operator.py', '--cfg-path', '/tmp/tmpeptzogw0']
[2023-09-04T06:05:41.542+0000] {standard_task_runner.py:85} INFO - Job 1084: Subtask insert_into_table
[2023-09-04T06:05:41.733+0000] {task_command.py:415} INFO - Running <TaskInstance: dag_with_postgres_operator_v04.insert_into_table scheduled__2022-04-26T00:00:00+00:00 [running]> on host 10bdc2e98230
[2023-09-04T06:05:42.010+0000] {taskinstance.py:1660} INFO - Exporting env vars: AIRFLOW_CTX_DAG_OWNER='mohghaff' AIRFLOW_CTX_DAG_ID='dag_with_postgres_operator_v04' AIRFLOW_CTX_TASK_ID='insert_into_table' AIRFLOW_CTX_EXECUTION_DATE='2022-04-26T00:00:00+00:00' AIRFLOW_CTX_TRY_NUMBER='1' AIRFLOW_CTX_DAG_RUN_ID='scheduled__2022-04-26T00:00:00+00:00'
[2023-09-04T06:05:42.016+0000] {sql.py:274} INFO - Executing: 
            insert into dag_runs (dt, dag_id) values ('2022-04-26', 'dag_with_postgres_operator_v04')
        
[2023-09-04T06:05:42.044+0000] {base.py:73} INFO - Using connection ID 'postgres_localhost' for task execution.
[2023-09-04T06:05:42.077+0000] {base.py:73} INFO - Using connection ID 'postgres_localhost' for task execution.
[2023-09-04T06:05:42.139+0000] {sql.py:418} INFO - Running statement: 
            insert into dag_runs (dt, dag_id) values ('2022-04-26', 'dag_with_postgres_operator_v04')
        , parameters: None
[2023-09-04T06:05:42.149+0000] {sql.py:427} INFO - Rows affected: 1
[2023-09-04T06:05:42.223+0000] {taskinstance.py:1400} INFO - Marking task as SUCCESS. dag_id=dag_with_postgres_operator_v04, task_id=insert_into_table, execution_date=20220426T000000, start_date=20230904T060541, end_date=20230904T060542
[2023-09-04T06:05:42.518+0000] {local_task_job_runner.py:228} INFO - Task exited with return code 0
[2023-09-04T06:05:42.596+0000] {taskinstance.py:2784} INFO - 0 downstream tasks scheduled from follow-on schedule check
