[2023-09-04T06:03:10.661+0000] {taskinstance.py:1159} INFO - Dependencies all met for dep_context=non-requeueable deps ti=<TaskInstance: dag_with_postgres_operator_v04.insert_into_table scheduled__2021-12-21T00:00:00+00:00 [queued]>
[2023-09-04T06:03:10.675+0000] {taskinstance.py:1159} INFO - Dependencies all met for dep_context=requeueable deps ti=<TaskInstance: dag_with_postgres_operator_v04.insert_into_table scheduled__2021-12-21T00:00:00+00:00 [queued]>
[2023-09-04T06:03:10.675+0000] {taskinstance.py:1361} INFO - Starting attempt 1 of 6
[2023-09-04T06:03:10.692+0000] {taskinstance.py:1382} INFO - Executing <Task(PostgresOperator): insert_into_table> on 2021-12-21 00:00:00+00:00
[2023-09-04T06:03:10.702+0000] {standard_task_runner.py:57} INFO - Started process 5724 to run task
[2023-09-04T06:03:10.705+0000] {standard_task_runner.py:84} INFO - Running: ['***', 'tasks', 'run', 'dag_with_postgres_operator_v04', 'insert_into_table', 'scheduled__2021-12-21T00:00:00+00:00', '--job-id', '608', '--raw', '--subdir', 'DAGS_FOLDER/dag_with_postgres_operator.py', '--cfg-path', '/tmp/tmpjot_0sc7']
[2023-09-04T06:03:10.709+0000] {standard_task_runner.py:85} INFO - Job 608: Subtask insert_into_table
[2023-09-04T06:03:10.786+0000] {task_command.py:415} INFO - Running <TaskInstance: dag_with_postgres_operator_v04.insert_into_table scheduled__2021-12-21T00:00:00+00:00 [running]> on host 10bdc2e98230
[2023-09-04T06:03:10.906+0000] {taskinstance.py:1660} INFO - Exporting env vars: AIRFLOW_CTX_DAG_OWNER='coder2j' AIRFLOW_CTX_DAG_ID='dag_with_postgres_operator_v04' AIRFLOW_CTX_TASK_ID='insert_into_table' AIRFLOW_CTX_EXECUTION_DATE='2021-12-21T00:00:00+00:00' AIRFLOW_CTX_TRY_NUMBER='1' AIRFLOW_CTX_DAG_RUN_ID='scheduled__2021-12-21T00:00:00+00:00'
[2023-09-04T06:03:10.907+0000] {sql.py:274} INFO - Executing: 
            insert into dag_runs (dt, dag_id) values ('2021-12-21', 'dag_with_postgres_operator_v04')
        
[2023-09-04T06:03:10.920+0000] {base.py:73} INFO - Using connection ID 'postgres_localhost' for task execution.
[2023-09-04T06:03:10.932+0000] {base.py:73} INFO - Using connection ID 'postgres_localhost' for task execution.
[2023-09-04T06:03:10.947+0000] {sql.py:418} INFO - Running statement: 
            insert into dag_runs (dt, dag_id) values ('2021-12-21', 'dag_with_postgres_operator_v04')
        , parameters: None
[2023-09-04T06:03:10.951+0000] {sql.py:427} INFO - Rows affected: 1
[2023-09-04T06:03:10.971+0000] {taskinstance.py:1400} INFO - Marking task as SUCCESS. dag_id=dag_with_postgres_operator_v04, task_id=insert_into_table, execution_date=20211221T000000, start_date=20230904T060310, end_date=20230904T060310
[2023-09-04T06:03:10.998+0000] {local_task_job_runner.py:228} INFO - Task exited with return code 0
[2023-09-04T06:03:11.027+0000] {taskinstance.py:2784} INFO - 0 downstream tasks scheduled from follow-on schedule check
[2023-09-04T06:04:00.215+0000] {taskinstance.py:1159} INFO - Dependencies all met for dep_context=non-requeueable deps ti=<TaskInstance: dag_with_postgres_operator_v04.insert_into_table scheduled__2021-12-21T00:00:00+00:00 [queued]>
[2023-09-04T06:04:00.244+0000] {taskinstance.py:1159} INFO - Dependencies all met for dep_context=requeueable deps ti=<TaskInstance: dag_with_postgres_operator_v04.insert_into_table scheduled__2021-12-21T00:00:00+00:00 [queued]>
[2023-09-04T06:04:00.245+0000] {taskinstance.py:1361} INFO - Starting attempt 1 of 6
[2023-09-04T06:04:00.418+0000] {taskinstance.py:1382} INFO - Executing <Task(PostgresOperator): insert_into_table> on 2021-12-21 00:00:00+00:00
[2023-09-04T06:04:00.435+0000] {standard_task_runner.py:57} INFO - Started process 5988 to run task
[2023-09-04T06:04:00.448+0000] {standard_task_runner.py:84} INFO - Running: ['***', 'tasks', 'run', 'dag_with_postgres_operator_v04', 'insert_into_table', 'scheduled__2021-12-21T00:00:00+00:00', '--job-id', '703', '--raw', '--subdir', 'DAGS_FOLDER/dag_with_postgres_operator.py', '--cfg-path', '/tmp/tmpfs3sipvl']
[2023-09-04T06:04:00.454+0000] {standard_task_runner.py:85} INFO - Job 703: Subtask insert_into_table
[2023-09-04T06:04:00.633+0000] {task_command.py:415} INFO - Running <TaskInstance: dag_with_postgres_operator_v04.insert_into_table scheduled__2021-12-21T00:00:00+00:00 [running]> on host 10bdc2e98230
[2023-09-04T06:04:00.877+0000] {taskinstance.py:1660} INFO - Exporting env vars: AIRFLOW_CTX_DAG_OWNER='mohghaff' AIRFLOW_CTX_DAG_ID='dag_with_postgres_operator_v04' AIRFLOW_CTX_TASK_ID='insert_into_table' AIRFLOW_CTX_EXECUTION_DATE='2021-12-21T00:00:00+00:00' AIRFLOW_CTX_TRY_NUMBER='1' AIRFLOW_CTX_DAG_RUN_ID='scheduled__2021-12-21T00:00:00+00:00'
[2023-09-04T06:04:00.880+0000] {sql.py:274} INFO - Executing: 
            insert into dag_runs (dt, dag_id) values ('2021-12-21', 'dag_with_postgres_operator_v04')
        
[2023-09-04T06:04:00.916+0000] {base.py:73} INFO - Using connection ID 'postgres_localhost' for task execution.
[2023-09-04T06:04:00.940+0000] {base.py:73} INFO - Using connection ID 'postgres_localhost' for task execution.
[2023-09-04T06:04:00.988+0000] {sql.py:418} INFO - Running statement: 
            insert into dag_runs (dt, dag_id) values ('2021-12-21', 'dag_with_postgres_operator_v04')
        , parameters: None
[2023-09-04T06:04:00.998+0000] {sql.py:427} INFO - Rows affected: 1
[2023-09-04T06:04:01.047+0000] {taskinstance.py:1400} INFO - Marking task as SUCCESS. dag_id=dag_with_postgres_operator_v04, task_id=insert_into_table, execution_date=20211221T000000, start_date=20230904T060400, end_date=20230904T060401
[2023-09-04T06:04:01.108+0000] {local_task_job_runner.py:228} INFO - Task exited with return code 0
[2023-09-04T06:04:01.164+0000] {taskinstance.py:2784} INFO - 0 downstream tasks scheduled from follow-on schedule check
