[2023-09-04T06:09:01.494+0000] {taskinstance.py:1159} INFO - Dependencies all met for dep_context=non-requeueable deps ti=<TaskInstance: dag_with_postgres_operator_v04.insert_into_table scheduled__2023-01-18T00:00:00+00:00 [queued]>
[2023-09-04T06:09:01.509+0000] {taskinstance.py:1159} INFO - Dependencies all met for dep_context=requeueable deps ti=<TaskInstance: dag_with_postgres_operator_v04.insert_into_table scheduled__2023-01-18T00:00:00+00:00 [queued]>
[2023-09-04T06:09:01.510+0000] {taskinstance.py:1361} INFO - Starting attempt 1 of 6
[2023-09-04T06:09:01.572+0000] {taskinstance.py:1382} INFO - Executing <Task(PostgresOperator): insert_into_table> on 2023-01-18 00:00:00+00:00
[2023-09-04T06:09:01.582+0000] {standard_task_runner.py:57} INFO - Started process 8689 to run task
[2023-09-04T06:09:01.586+0000] {standard_task_runner.py:84} INFO - Running: ['***', 'tasks', 'run', 'dag_with_postgres_operator_v04', 'insert_into_table', 'scheduled__2023-01-18T00:00:00+00:00', '--job-id', '1878', '--raw', '--subdir', 'DAGS_FOLDER/dag_with_postgres_operator.py', '--cfg-path', '/tmp/tmp041zg3vw']
[2023-09-04T06:09:01.590+0000] {standard_task_runner.py:85} INFO - Job 1878: Subtask insert_into_table
[2023-09-04T06:09:01.717+0000] {task_command.py:415} INFO - Running <TaskInstance: dag_with_postgres_operator_v04.insert_into_table scheduled__2023-01-18T00:00:00+00:00 [running]> on host 10bdc2e98230
[2023-09-04T06:09:01.885+0000] {taskinstance.py:1660} INFO - Exporting env vars: AIRFLOW_CTX_DAG_OWNER='mohghaff' AIRFLOW_CTX_DAG_ID='dag_with_postgres_operator_v04' AIRFLOW_CTX_TASK_ID='insert_into_table' AIRFLOW_CTX_EXECUTION_DATE='2023-01-18T00:00:00+00:00' AIRFLOW_CTX_TRY_NUMBER='1' AIRFLOW_CTX_DAG_RUN_ID='scheduled__2023-01-18T00:00:00+00:00'
[2023-09-04T06:09:01.886+0000] {sql.py:274} INFO - Executing: 
            insert into dag_runs (dt, dag_id) values ('2023-01-18', 'dag_with_postgres_operator_v04')
        
[2023-09-04T06:09:01.895+0000] {base.py:73} INFO - Using connection ID 'postgres_localhost' for task execution.
[2023-09-04T06:09:01.904+0000] {base.py:73} INFO - Using connection ID 'postgres_localhost' for task execution.
[2023-09-04T06:09:01.915+0000] {sql.py:418} INFO - Running statement: 
            insert into dag_runs (dt, dag_id) values ('2023-01-18', 'dag_with_postgres_operator_v04')
        , parameters: None
[2023-09-04T06:09:01.919+0000] {sql.py:427} INFO - Rows affected: 1
[2023-09-04T06:09:01.932+0000] {taskinstance.py:1400} INFO - Marking task as SUCCESS. dag_id=dag_with_postgres_operator_v04, task_id=insert_into_table, execution_date=20230118T000000, start_date=20230904T060901, end_date=20230904T060901
[2023-09-04T06:09:01.959+0000] {local_task_job_runner.py:228} INFO - Task exited with return code 0
[2023-09-04T06:09:01.980+0000] {taskinstance.py:2784} INFO - 0 downstream tasks scheduled from follow-on schedule check
