[2023-09-04T00:00:02.146+0000] {taskinstance.py:1159} INFO - Dependencies all met for dep_context=non-requeueable deps ti=<TaskInstance: myFirstDag_v5.second_task scheduled__2023-09-03T00:00:00+00:00 [queued]>
[2023-09-04T00:00:02.156+0000] {taskinstance.py:1159} INFO - Dependencies all met for dep_context=requeueable deps ti=<TaskInstance: myFirstDag_v5.second_task scheduled__2023-09-03T00:00:00+00:00 [queued]>
[2023-09-04T00:00:02.156+0000] {taskinstance.py:1361} INFO - Starting attempt 1 of 6
[2023-09-04T00:00:02.171+0000] {taskinstance.py:1382} INFO - Executing <Task(BashOperator): second_task> on 2023-09-03 00:00:00+00:00
[2023-09-04T00:00:02.177+0000] {standard_task_runner.py:57} INFO - Started process 2931 to run task
[2023-09-04T00:00:02.182+0000] {standard_task_runner.py:84} INFO - Running: ['***', 'tasks', 'run', 'myFirstDag_v5', 'second_task', 'scheduled__2023-09-03T00:00:00+00:00', '--job-id', '25', '--raw', '--subdir', 'DAGS_FOLDER/my_first_dag.py', '--cfg-path', '/tmp/tmp8exf5_22']
[2023-09-04T00:00:02.184+0000] {standard_task_runner.py:85} INFO - Job 25: Subtask second_task
[2023-09-04T00:00:02.226+0000] {task_command.py:415} INFO - Running <TaskInstance: myFirstDag_v5.second_task scheduled__2023-09-03T00:00:00+00:00 [running]> on host 01961fb83b4d
[2023-09-04T00:00:02.301+0000] {taskinstance.py:1660} INFO - Exporting env vars: AIRFLOW_CTX_DAG_OWNER='Mohghaff' AIRFLOW_CTX_DAG_ID='myFirstDag_v5' AIRFLOW_CTX_TASK_ID='second_task' AIRFLOW_CTX_EXECUTION_DATE='2023-09-03T00:00:00+00:00' AIRFLOW_CTX_TRY_NUMBER='1' AIRFLOW_CTX_DAG_RUN_ID='scheduled__2023-09-03T00:00:00+00:00'
[2023-09-04T00:00:02.303+0000] {subprocess.py:63} INFO - Tmp dir root location: /tmp
[2023-09-04T00:00:02.303+0000] {subprocess.py:75} INFO - Running command: ['/bin/bash', '-c', 'echo This is the second task which will run after the first task.']
[2023-09-04T00:00:02.313+0000] {subprocess.py:86} INFO - Output:
[2023-09-04T00:00:02.315+0000] {subprocess.py:93} INFO - This is the second task which will run after the first task.
[2023-09-04T00:00:02.315+0000] {subprocess.py:97} INFO - Command exited with return code 0
[2023-09-04T00:00:02.339+0000] {taskinstance.py:1400} INFO - Marking task as SUCCESS. dag_id=myFirstDag_v5, task_id=second_task, execution_date=20230903T000000, start_date=20230904T000002, end_date=20230904T000002
[2023-09-04T00:00:02.392+0000] {local_task_job_runner.py:228} INFO - Task exited with return code 0
[2023-09-04T00:00:02.416+0000] {taskinstance.py:2784} INFO - 0 downstream tasks scheduled from follow-on schedule check
[2023-09-04T01:18:11.970+0000] {taskinstance.py:1159} INFO - Dependencies all met for dep_context=non-requeueable deps ti=<TaskInstance: myFirstDag_v5.second_task scheduled__2023-09-03T00:00:00+00:00 [queued]>
[2023-09-04T01:18:11.984+0000] {taskinstance.py:1159} INFO - Dependencies all met for dep_context=requeueable deps ti=<TaskInstance: myFirstDag_v5.second_task scheduled__2023-09-03T00:00:00+00:00 [queued]>
[2023-09-04T01:18:11.984+0000] {taskinstance.py:1361} INFO - Starting attempt 1 of 6
[2023-09-04T01:18:12.004+0000] {taskinstance.py:1382} INFO - Executing <Task(BashOperator): second_task> on 2023-09-03 00:00:00+00:00
[2023-09-04T01:18:12.013+0000] {standard_task_runner.py:57} INFO - Started process 2174 to run task
[2023-09-04T01:18:12.018+0000] {standard_task_runner.py:84} INFO - Running: ['***', 'tasks', 'run', 'myFirstDag_v5', 'second_task', 'scheduled__2023-09-03T00:00:00+00:00', '--job-id', '19', '--raw', '--subdir', 'DAGS_FOLDER/my_first_dag.py', '--cfg-path', '/tmp/tmp25q4u110']
[2023-09-04T01:18:12.022+0000] {standard_task_runner.py:85} INFO - Job 19: Subtask second_task
[2023-09-04T01:18:12.103+0000] {task_command.py:415} INFO - Running <TaskInstance: myFirstDag_v5.second_task scheduled__2023-09-03T00:00:00+00:00 [running]> on host 76ca4e092fc1
[2023-09-04T01:18:12.245+0000] {taskinstance.py:1660} INFO - Exporting env vars: AIRFLOW_CTX_DAG_OWNER='Mohghaff' AIRFLOW_CTX_DAG_ID='myFirstDag_v5' AIRFLOW_CTX_TASK_ID='second_task' AIRFLOW_CTX_EXECUTION_DATE='2023-09-03T00:00:00+00:00' AIRFLOW_CTX_TRY_NUMBER='1' AIRFLOW_CTX_DAG_RUN_ID='scheduled__2023-09-03T00:00:00+00:00'
[2023-09-04T01:18:12.249+0000] {subprocess.py:63} INFO - Tmp dir root location: /tmp
[2023-09-04T01:18:12.251+0000] {subprocess.py:75} INFO - Running command: ['/bin/bash', '-c', 'echo This is the second task which will run after the first task.']
[2023-09-04T01:18:12.279+0000] {subprocess.py:86} INFO - Output:
[2023-09-04T01:18:12.282+0000] {subprocess.py:93} INFO - This is the second task which will run after the first task.
[2023-09-04T01:18:12.283+0000] {subprocess.py:97} INFO - Command exited with return code 0
[2023-09-04T01:18:12.321+0000] {taskinstance.py:1400} INFO - Marking task as SUCCESS. dag_id=myFirstDag_v5, task_id=second_task, execution_date=20230903T000000, start_date=20230904T011811, end_date=20230904T011812
[2023-09-04T01:18:12.352+0000] {local_task_job_runner.py:228} INFO - Task exited with return code 0
[2023-09-04T01:18:12.373+0000] {taskinstance.py:2784} INFO - 0 downstream tasks scheduled from follow-on schedule check
