[2023-09-04T06:02:34.263+0000] {taskinstance.py:1159} INFO - Dependencies all met for dep_context=non-requeueable deps ti=<TaskInstance: dag_with_postgres_operator_v04.insert_into_table scheduled__2022-04-08T00:00:00+00:00 [queued]>
[2023-09-04T06:02:34.275+0000] {taskinstance.py:1159} INFO - Dependencies all met for dep_context=requeueable deps ti=<TaskInstance: dag_with_postgres_operator_v04.insert_into_table scheduled__2022-04-08T00:00:00+00:00 [queued]>
[2023-09-04T06:02:34.276+0000] {taskinstance.py:1361} INFO - Starting attempt 1 of 6
[2023-09-04T06:02:34.293+0000] {taskinstance.py:1382} INFO - Executing <Task(PostgresOperator): insert_into_table> on 2022-04-08 00:00:00+00:00
[2023-09-04T06:02:34.299+0000] {standard_task_runner.py:57} INFO - Started process 5384 to run task
[2023-09-04T06:02:34.302+0000] {standard_task_runner.py:84} INFO - Running: ['***', 'tasks', 'run', 'dag_with_postgres_operator_v04', 'insert_into_table', 'scheduled__2022-04-08T00:00:00+00:00', '--job-id', '459', '--raw', '--subdir', 'DAGS_FOLDER/dag_with_postgres_operator.py', '--cfg-path', '/tmp/tmp68w_aie9']
[2023-09-04T06:02:34.305+0000] {standard_task_runner.py:85} INFO - Job 459: Subtask insert_into_table
[2023-09-04T06:02:34.375+0000] {task_command.py:415} INFO - Running <TaskInstance: dag_with_postgres_operator_v04.insert_into_table scheduled__2022-04-08T00:00:00+00:00 [running]> on host 10bdc2e98230
[2023-09-04T06:02:34.492+0000] {taskinstance.py:1660} INFO - Exporting env vars: AIRFLOW_CTX_DAG_OWNER='coder2j' AIRFLOW_CTX_DAG_ID='dag_with_postgres_operator_v04' AIRFLOW_CTX_TASK_ID='insert_into_table' AIRFLOW_CTX_EXECUTION_DATE='2022-04-08T00:00:00+00:00' AIRFLOW_CTX_TRY_NUMBER='1' AIRFLOW_CTX_DAG_RUN_ID='scheduled__2022-04-08T00:00:00+00:00'
[2023-09-04T06:02:34.494+0000] {sql.py:274} INFO - Executing: 
            insert into dag_runs (dt, dag_id) values ('2022-04-08', 'dag_with_postgres_operator_v04')
        
[2023-09-04T06:02:34.504+0000] {base.py:73} INFO - Using connection ID 'postgres_localhost' for task execution.
[2023-09-04T06:02:34.514+0000] {base.py:73} INFO - Using connection ID 'postgres_localhost' for task execution.
[2023-09-04T06:02:34.529+0000] {sql.py:418} INFO - Running statement: 
            insert into dag_runs (dt, dag_id) values ('2022-04-08', 'dag_with_postgres_operator_v04')
        , parameters: None
[2023-09-04T06:02:34.534+0000] {sql.py:427} INFO - Rows affected: 1
[2023-09-04T06:02:34.550+0000] {taskinstance.py:1400} INFO - Marking task as SUCCESS. dag_id=dag_with_postgres_operator_v04, task_id=insert_into_table, execution_date=20220408T000000, start_date=20230904T060234, end_date=20230904T060234
[2023-09-04T06:02:34.595+0000] {local_task_job_runner.py:228} INFO - Task exited with return code 0
[2023-09-04T06:02:34.612+0000] {taskinstance.py:2784} INFO - 0 downstream tasks scheduled from follow-on schedule check
[2023-09-04T06:05:18.246+0000] {taskinstance.py:1159} INFO - Dependencies all met for dep_context=non-requeueable deps ti=<TaskInstance: dag_with_postgres_operator_v04.insert_into_table scheduled__2022-04-08T00:00:00+00:00 [queued]>
[2023-09-04T06:05:18.266+0000] {taskinstance.py:1159} INFO - Dependencies all met for dep_context=requeueable deps ti=<TaskInstance: dag_with_postgres_operator_v04.insert_into_table scheduled__2022-04-08T00:00:00+00:00 [queued]>
[2023-09-04T06:05:18.267+0000] {taskinstance.py:1361} INFO - Starting attempt 1 of 6
[2023-09-04T06:05:18.289+0000] {taskinstance.py:1382} INFO - Executing <Task(PostgresOperator): insert_into_table> on 2022-04-08 00:00:00+00:00
[2023-09-04T06:05:18.299+0000] {standard_task_runner.py:57} INFO - Started process 6675 to run task
[2023-09-04T06:05:18.303+0000] {standard_task_runner.py:84} INFO - Running: ['***', 'tasks', 'run', 'dag_with_postgres_operator_v04', 'insert_into_table', 'scheduled__2022-04-08T00:00:00+00:00', '--job-id', '1008', '--raw', '--subdir', 'DAGS_FOLDER/dag_with_postgres_operator.py', '--cfg-path', '/tmp/tmpemipf90i']
[2023-09-04T06:05:18.306+0000] {standard_task_runner.py:85} INFO - Job 1008: Subtask insert_into_table
[2023-09-04T06:05:18.375+0000] {task_command.py:415} INFO - Running <TaskInstance: dag_with_postgres_operator_v04.insert_into_table scheduled__2022-04-08T00:00:00+00:00 [running]> on host 10bdc2e98230
[2023-09-04T06:05:18.494+0000] {taskinstance.py:1660} INFO - Exporting env vars: AIRFLOW_CTX_DAG_OWNER='mohghaff' AIRFLOW_CTX_DAG_ID='dag_with_postgres_operator_v04' AIRFLOW_CTX_TASK_ID='insert_into_table' AIRFLOW_CTX_EXECUTION_DATE='2022-04-08T00:00:00+00:00' AIRFLOW_CTX_TRY_NUMBER='1' AIRFLOW_CTX_DAG_RUN_ID='scheduled__2022-04-08T00:00:00+00:00'
[2023-09-04T06:05:18.496+0000] {sql.py:274} INFO - Executing: 
            insert into dag_runs (dt, dag_id) values ('2022-04-08', 'dag_with_postgres_operator_v04')
        
[2023-09-04T06:05:18.507+0000] {base.py:73} INFO - Using connection ID 'postgres_localhost' for task execution.
[2023-09-04T06:05:18.517+0000] {base.py:73} INFO - Using connection ID 'postgres_localhost' for task execution.
[2023-09-04T06:05:18.530+0000] {sql.py:418} INFO - Running statement: 
            insert into dag_runs (dt, dag_id) values ('2022-04-08', 'dag_with_postgres_operator_v04')
        , parameters: None
[2023-09-04T06:05:18.534+0000] {sql.py:427} INFO - Rows affected: 1
[2023-09-04T06:05:18.547+0000] {taskinstance.py:1400} INFO - Marking task as SUCCESS. dag_id=dag_with_postgres_operator_v04, task_id=insert_into_table, execution_date=20220408T000000, start_date=20230904T060518, end_date=20230904T060518
[2023-09-04T06:05:18.595+0000] {local_task_job_runner.py:228} INFO - Task exited with return code 0
[2023-09-04T06:05:18.612+0000] {taskinstance.py:2784} INFO - 0 downstream tasks scheduled from follow-on schedule check
