[2023-09-04T06:02:39.122+0000] {taskinstance.py:1159} INFO - Dependencies all met for dep_context=non-requeueable deps ti=<TaskInstance: dag_with_postgres_operator_v04.delete_data_from_table scheduled__2022-04-09T00:00:00+00:00 [queued]>
[2023-09-04T06:02:39.142+0000] {taskinstance.py:1159} INFO - Dependencies all met for dep_context=requeueable deps ti=<TaskInstance: dag_with_postgres_operator_v04.delete_data_from_table scheduled__2022-04-09T00:00:00+00:00 [queued]>
[2023-09-04T06:02:39.143+0000] {taskinstance.py:1361} INFO - Starting attempt 1 of 6
[2023-09-04T06:02:39.164+0000] {taskinstance.py:1382} INFO - Executing <Task(PostgresOperator): delete_data_from_table> on 2022-04-09 00:00:00+00:00
[2023-09-04T06:02:39.177+0000] {standard_task_runner.py:57} INFO - Started process 5418 to run task
[2023-09-04T06:02:39.182+0000] {standard_task_runner.py:84} INFO - Running: ['***', 'tasks', 'run', 'dag_with_postgres_operator_v04', 'delete_data_from_table', 'scheduled__2022-04-09T00:00:00+00:00', '--job-id', '472', '--raw', '--subdir', 'DAGS_FOLDER/dag_with_postgres_operator.py', '--cfg-path', '/tmp/tmp9lgrekh6']
[2023-09-04T06:02:39.187+0000] {standard_task_runner.py:85} INFO - Job 472: Subtask delete_data_from_table
[2023-09-04T06:02:39.276+0000] {task_command.py:415} INFO - Running <TaskInstance: dag_with_postgres_operator_v04.delete_data_from_table scheduled__2022-04-09T00:00:00+00:00 [running]> on host 10bdc2e98230
[2023-09-04T06:02:39.420+0000] {taskinstance.py:1660} INFO - Exporting env vars: AIRFLOW_CTX_DAG_OWNER='coder2j' AIRFLOW_CTX_DAG_ID='dag_with_postgres_operator_v04' AIRFLOW_CTX_TASK_ID='delete_data_from_table' AIRFLOW_CTX_EXECUTION_DATE='2022-04-09T00:00:00+00:00' AIRFLOW_CTX_TRY_NUMBER='1' AIRFLOW_CTX_DAG_RUN_ID='scheduled__2022-04-09T00:00:00+00:00'
[2023-09-04T06:02:39.422+0000] {sql.py:274} INFO - Executing: 
            delete from dag_runs where dt = '2022-04-09' and dag_id = 'dag_with_postgres_operator_v04';
        
[2023-09-04T06:02:39.434+0000] {base.py:73} INFO - Using connection ID 'postgres_localhost' for task execution.
[2023-09-04T06:02:39.446+0000] {base.py:73} INFO - Using connection ID 'postgres_localhost' for task execution.
[2023-09-04T06:02:39.460+0000] {sql.py:418} INFO - Running statement: 
            delete from dag_runs where dt = '2022-04-09' and dag_id = 'dag_with_postgres_operator_v04';
        , parameters: None
[2023-09-04T06:02:39.464+0000] {sql.py:427} INFO - Rows affected: 0
[2023-09-04T06:02:39.478+0000] {taskinstance.py:1400} INFO - Marking task as SUCCESS. dag_id=dag_with_postgres_operator_v04, task_id=delete_data_from_table, execution_date=20220409T000000, start_date=20230904T060239, end_date=20230904T060239
[2023-09-04T06:02:39.517+0000] {local_task_job_runner.py:228} INFO - Task exited with return code 0
[2023-09-04T06:02:39.554+0000] {taskinstance.py:2784} INFO - 1 downstream tasks scheduled from follow-on schedule check
[2023-09-04T06:05:22.907+0000] {taskinstance.py:1159} INFO - Dependencies all met for dep_context=non-requeueable deps ti=<TaskInstance: dag_with_postgres_operator_v04.delete_data_from_table scheduled__2022-04-09T00:00:00+00:00 [queued]>
[2023-09-04T06:05:22.933+0000] {taskinstance.py:1159} INFO - Dependencies all met for dep_context=requeueable deps ti=<TaskInstance: dag_with_postgres_operator_v04.delete_data_from_table scheduled__2022-04-09T00:00:00+00:00 [queued]>
[2023-09-04T06:05:22.934+0000] {taskinstance.py:1361} INFO - Starting attempt 1 of 6
[2023-09-04T06:05:23.179+0000] {taskinstance.py:1382} INFO - Executing <Task(PostgresOperator): delete_data_from_table> on 2022-04-09 00:00:00+00:00
[2023-09-04T06:05:23.195+0000] {standard_task_runner.py:57} INFO - Started process 6705 to run task
[2023-09-04T06:05:23.200+0000] {standard_task_runner.py:84} INFO - Running: ['***', 'tasks', 'run', 'dag_with_postgres_operator_v04', 'delete_data_from_table', 'scheduled__2022-04-09T00:00:00+00:00', '--job-id', '1019', '--raw', '--subdir', 'DAGS_FOLDER/dag_with_postgres_operator.py', '--cfg-path', '/tmp/tmp7cbx896o']
[2023-09-04T06:05:23.204+0000] {standard_task_runner.py:85} INFO - Job 1019: Subtask delete_data_from_table
[2023-09-04T06:05:23.356+0000] {task_command.py:415} INFO - Running <TaskInstance: dag_with_postgres_operator_v04.delete_data_from_table scheduled__2022-04-09T00:00:00+00:00 [running]> on host 10bdc2e98230
[2023-09-04T06:05:23.614+0000] {taskinstance.py:1660} INFO - Exporting env vars: AIRFLOW_CTX_DAG_OWNER='mohghaff' AIRFLOW_CTX_DAG_ID='dag_with_postgres_operator_v04' AIRFLOW_CTX_TASK_ID='delete_data_from_table' AIRFLOW_CTX_EXECUTION_DATE='2022-04-09T00:00:00+00:00' AIRFLOW_CTX_TRY_NUMBER='1' AIRFLOW_CTX_DAG_RUN_ID='scheduled__2022-04-09T00:00:00+00:00'
[2023-09-04T06:05:23.617+0000] {sql.py:274} INFO - Executing: 
            delete from dag_runs where dt = '2022-04-09' and dag_id = 'dag_with_postgres_operator_v04';
        
[2023-09-04T06:05:23.637+0000] {base.py:73} INFO - Using connection ID 'postgres_localhost' for task execution.
[2023-09-04T06:05:23.657+0000] {base.py:73} INFO - Using connection ID 'postgres_localhost' for task execution.
[2023-09-04T06:05:23.682+0000] {sql.py:418} INFO - Running statement: 
            delete from dag_runs where dt = '2022-04-09' and dag_id = 'dag_with_postgres_operator_v04';
        , parameters: None
[2023-09-04T06:05:23.694+0000] {sql.py:427} INFO - Rows affected: 1
[2023-09-04T06:05:23.752+0000] {taskinstance.py:1400} INFO - Marking task as SUCCESS. dag_id=dag_with_postgres_operator_v04, task_id=delete_data_from_table, execution_date=20220409T000000, start_date=20230904T060522, end_date=20230904T060523
[2023-09-04T06:05:23.857+0000] {local_task_job_runner.py:228} INFO - Task exited with return code 0
[2023-09-04T06:05:24.270+0000] {taskinstance.py:2784} INFO - 0 downstream tasks scheduled from follow-on schedule check
