[2023-09-04T11:57:54.331+0000] {taskinstance.py:1159} INFO - Dependencies all met for dep_context=non-requeueable deps ti=<TaskInstance: dag_with_postgres_operator_v05.delete_data_from_table scheduled__2023-08-31T00:00:00+00:00 [queued]>
[2023-09-04T11:57:54.366+0000] {taskinstance.py:1159} INFO - Dependencies all met for dep_context=requeueable deps ti=<TaskInstance: dag_with_postgres_operator_v05.delete_data_from_table scheduled__2023-08-31T00:00:00+00:00 [queued]>
[2023-09-04T11:57:54.367+0000] {taskinstance.py:1361} INFO - Starting attempt 1 of 6
[2023-09-04T11:57:54.501+0000] {taskinstance.py:1382} INFO - Executing <Task(PostgresOperator): delete_data_from_table> on 2023-08-31 00:00:00+00:00
[2023-09-04T11:57:54.511+0000] {standard_task_runner.py:57} INFO - Started process 16049 to run task
[2023-09-04T11:57:54.515+0000] {standard_task_runner.py:84} INFO - Running: ['***', 'tasks', 'run', 'dag_with_postgres_operator_v05', 'delete_data_from_table', 'scheduled__2023-08-31T00:00:00+00:00', '--job-id', '3274', '--raw', '--subdir', 'DAGS_FOLDER/dag_with_postgres_operator.py', '--cfg-path', '/tmp/tmpbs6_4b82']
[2023-09-04T11:57:54.519+0000] {standard_task_runner.py:85} INFO - Job 3274: Subtask delete_data_from_table
[2023-09-04T11:57:54.689+0000] {task_command.py:415} INFO - Running <TaskInstance: dag_with_postgres_operator_v05.delete_data_from_table scheduled__2023-08-31T00:00:00+00:00 [running]> on host 10bdc2e98230
[2023-09-04T11:57:54.967+0000] {taskinstance.py:1660} INFO - Exporting env vars: AIRFLOW_CTX_DAG_OWNER='mohghaff' AIRFLOW_CTX_DAG_ID='dag_with_postgres_operator_v05' AIRFLOW_CTX_TASK_ID='delete_data_from_table' AIRFLOW_CTX_EXECUTION_DATE='2023-08-31T00:00:00+00:00' AIRFLOW_CTX_TRY_NUMBER='1' AIRFLOW_CTX_DAG_RUN_ID='scheduled__2023-08-31T00:00:00+00:00'
[2023-09-04T11:57:54.970+0000] {sql.py:274} INFO - Executing: 
            delete from dag_runs where dt = '2023-08-31' and dag_id = 'dag_with_postgres_operator_v05';
        
[2023-09-04T11:57:54.987+0000] {base.py:73} INFO - Using connection ID 'postgres_localhost' for task execution.
[2023-09-04T11:57:55.003+0000] {base.py:73} INFO - Using connection ID 'postgres_localhost' for task execution.
[2023-09-04T11:57:55.025+0000] {sql.py:418} INFO - Running statement: 
            delete from dag_runs where dt = '2023-08-31' and dag_id = 'dag_with_postgres_operator_v05';
        , parameters: None
[2023-09-04T11:57:55.036+0000] {sql.py:427} INFO - Rows affected: 0
[2023-09-04T11:57:55.061+0000] {taskinstance.py:1400} INFO - Marking task as SUCCESS. dag_id=dag_with_postgres_operator_v05, task_id=delete_data_from_table, execution_date=20230831T000000, start_date=20230904T115754, end_date=20230904T115755
[2023-09-04T11:57:55.171+0000] {local_task_job_runner.py:228} INFO - Task exited with return code 0
[2023-09-04T11:57:55.224+0000] {taskinstance.py:2784} INFO - 1 downstream tasks scheduled from follow-on schedule check
