[2023-09-04T06:03:04.072+0000] {taskinstance.py:1159} INFO - Dependencies all met for dep_context=non-requeueable deps ti=<TaskInstance: dag_with_postgres_operator_v04.delete_data_from_table scheduled__2022-05-12T00:00:00+00:00 [queued]>
[2023-09-04T06:03:04.090+0000] {taskinstance.py:1159} INFO - Dependencies all met for dep_context=requeueable deps ti=<TaskInstance: dag_with_postgres_operator_v04.delete_data_from_table scheduled__2022-05-12T00:00:00+00:00 [queued]>
[2023-09-04T06:03:04.090+0000] {taskinstance.py:1361} INFO - Starting attempt 1 of 6
[2023-09-04T06:03:04.115+0000] {taskinstance.py:1382} INFO - Executing <Task(PostgresOperator): delete_data_from_table> on 2022-05-12 00:00:00+00:00
[2023-09-04T06:03:04.124+0000] {standard_task_runner.py:57} INFO - Started process 5649 to run task
[2023-09-04T06:03:04.128+0000] {standard_task_runner.py:84} INFO - Running: ['***', 'tasks', 'run', 'dag_with_postgres_operator_v04', 'delete_data_from_table', 'scheduled__2022-05-12T00:00:00+00:00', '--job-id', '571', '--raw', '--subdir', 'DAGS_FOLDER/dag_with_postgres_operator.py', '--cfg-path', '/tmp/tmp3oxp81e4']
[2023-09-04T06:03:04.130+0000] {standard_task_runner.py:85} INFO - Job 571: Subtask delete_data_from_table
[2023-09-04T06:03:04.201+0000] {task_command.py:415} INFO - Running <TaskInstance: dag_with_postgres_operator_v04.delete_data_from_table scheduled__2022-05-12T00:00:00+00:00 [running]> on host 10bdc2e98230
[2023-09-04T06:03:04.332+0000] {taskinstance.py:1660} INFO - Exporting env vars: AIRFLOW_CTX_DAG_OWNER='coder2j' AIRFLOW_CTX_DAG_ID='dag_with_postgres_operator_v04' AIRFLOW_CTX_TASK_ID='delete_data_from_table' AIRFLOW_CTX_EXECUTION_DATE='2022-05-12T00:00:00+00:00' AIRFLOW_CTX_TRY_NUMBER='1' AIRFLOW_CTX_DAG_RUN_ID='scheduled__2022-05-12T00:00:00+00:00'
[2023-09-04T06:03:04.333+0000] {sql.py:274} INFO - Executing: 
            delete from dag_runs where dt = '2022-05-12' and dag_id = 'dag_with_postgres_operator_v04';
        
[2023-09-04T06:03:04.345+0000] {base.py:73} INFO - Using connection ID 'postgres_localhost' for task execution.
[2023-09-04T06:03:04.358+0000] {base.py:73} INFO - Using connection ID 'postgres_localhost' for task execution.
[2023-09-04T06:03:04.376+0000] {sql.py:418} INFO - Running statement: 
            delete from dag_runs where dt = '2022-05-12' and dag_id = 'dag_with_postgres_operator_v04';
        , parameters: None
[2023-09-04T06:03:04.382+0000] {sql.py:427} INFO - Rows affected: 0
[2023-09-04T06:03:04.402+0000] {taskinstance.py:1400} INFO - Marking task as SUCCESS. dag_id=dag_with_postgres_operator_v04, task_id=delete_data_from_table, execution_date=20220512T000000, start_date=20230904T060304, end_date=20230904T060304
[2023-09-04T06:03:04.664+0000] {local_task_job_runner.py:228} INFO - Task exited with return code 0
[2023-09-04T06:03:04.699+0000] {taskinstance.py:2784} INFO - 1 downstream tasks scheduled from follow-on schedule check
[2023-09-04T06:05:50.689+0000] {taskinstance.py:1159} INFO - Dependencies all met for dep_context=non-requeueable deps ti=<TaskInstance: dag_with_postgres_operator_v04.delete_data_from_table scheduled__2022-05-12T00:00:00+00:00 [queued]>
[2023-09-04T06:05:50.707+0000] {taskinstance.py:1159} INFO - Dependencies all met for dep_context=requeueable deps ti=<TaskInstance: dag_with_postgres_operator_v04.delete_data_from_table scheduled__2022-05-12T00:00:00+00:00 [queued]>
[2023-09-04T06:05:50.708+0000] {taskinstance.py:1361} INFO - Starting attempt 1 of 6
[2023-09-04T06:05:50.774+0000] {taskinstance.py:1382} INFO - Executing <Task(PostgresOperator): delete_data_from_table> on 2022-05-12 00:00:00+00:00
[2023-09-04T06:05:50.814+0000] {standard_task_runner.py:57} INFO - Started process 6927 to run task
[2023-09-04T06:05:50.824+0000] {standard_task_runner.py:84} INFO - Running: ['***', 'tasks', 'run', 'dag_with_postgres_operator_v04', 'delete_data_from_table', 'scheduled__2022-05-12T00:00:00+00:00', '--job-id', '1114', '--raw', '--subdir', 'DAGS_FOLDER/dag_with_postgres_operator.py', '--cfg-path', '/tmp/tmpzimn666b']
[2023-09-04T06:05:50.828+0000] {standard_task_runner.py:85} INFO - Job 1114: Subtask delete_data_from_table
[2023-09-04T06:05:50.980+0000] {task_command.py:415} INFO - Running <TaskInstance: dag_with_postgres_operator_v04.delete_data_from_table scheduled__2022-05-12T00:00:00+00:00 [running]> on host 10bdc2e98230
[2023-09-04T06:05:51.205+0000] {taskinstance.py:1660} INFO - Exporting env vars: AIRFLOW_CTX_DAG_OWNER='mohghaff' AIRFLOW_CTX_DAG_ID='dag_with_postgres_operator_v04' AIRFLOW_CTX_TASK_ID='delete_data_from_table' AIRFLOW_CTX_EXECUTION_DATE='2022-05-12T00:00:00+00:00' AIRFLOW_CTX_TRY_NUMBER='1' AIRFLOW_CTX_DAG_RUN_ID='scheduled__2022-05-12T00:00:00+00:00'
[2023-09-04T06:05:51.207+0000] {sql.py:274} INFO - Executing: 
            delete from dag_runs where dt = '2022-05-12' and dag_id = 'dag_with_postgres_operator_v04';
        
[2023-09-04T06:05:51.232+0000] {base.py:73} INFO - Using connection ID 'postgres_localhost' for task execution.
[2023-09-04T06:05:51.255+0000] {base.py:73} INFO - Using connection ID 'postgres_localhost' for task execution.
[2023-09-04T06:05:51.280+0000] {sql.py:418} INFO - Running statement: 
            delete from dag_runs where dt = '2022-05-12' and dag_id = 'dag_with_postgres_operator_v04';
        , parameters: None
[2023-09-04T06:05:51.290+0000] {sql.py:427} INFO - Rows affected: 1
[2023-09-04T06:05:51.319+0000] {taskinstance.py:1400} INFO - Marking task as SUCCESS. dag_id=dag_with_postgres_operator_v04, task_id=delete_data_from_table, execution_date=20220512T000000, start_date=20230904T060550, end_date=20230904T060551
[2023-09-04T06:05:51.638+0000] {local_task_job_runner.py:228} INFO - Task exited with return code 0
[2023-09-04T06:05:51.699+0000] {taskinstance.py:2784} INFO - 1 downstream tasks scheduled from follow-on schedule check
