[2023-09-04T11:55:06.195+0000] {taskinstance.py:1159} INFO - Dependencies all met for dep_context=non-requeueable deps ti=<TaskInstance: dag_with_postgres_operator_v05.create_postgres_table scheduled__2023-01-07T00:00:00+00:00 [queued]>
[2023-09-04T11:55:06.217+0000] {taskinstance.py:1159} INFO - Dependencies all met for dep_context=requeueable deps ti=<TaskInstance: dag_with_postgres_operator_v05.create_postgres_table scheduled__2023-01-07T00:00:00+00:00 [queued]>
[2023-09-04T11:55:06.218+0000] {taskinstance.py:1361} INFO - Starting attempt 1 of 6
[2023-09-04T11:55:06.280+0000] {taskinstance.py:1382} INFO - Executing <Task(PostgresOperator): create_postgres_table> on 2023-01-07 00:00:00+00:00
[2023-09-04T11:55:06.297+0000] {standard_task_runner.py:57} INFO - Started process 14393 to run task
[2023-09-04T11:55:06.304+0000] {standard_task_runner.py:84} INFO - Running: ['***', 'tasks', 'run', 'dag_with_postgres_operator_v05', 'create_postgres_table', 'scheduled__2023-01-07T00:00:00+00:00', '--job-id', '2555', '--raw', '--subdir', 'DAGS_FOLDER/dag_with_postgres_operator.py', '--cfg-path', '/tmp/tmpmgwyiq_2']
[2023-09-04T11:55:06.312+0000] {standard_task_runner.py:85} INFO - Job 2555: Subtask create_postgres_table
[2023-09-04T11:55:06.404+0000] {task_command.py:415} INFO - Running <TaskInstance: dag_with_postgres_operator_v05.create_postgres_table scheduled__2023-01-07T00:00:00+00:00 [running]> on host 10bdc2e98230
[2023-09-04T11:55:06.531+0000] {taskinstance.py:1660} INFO - Exporting env vars: AIRFLOW_CTX_DAG_OWNER='mohghaff' AIRFLOW_CTX_DAG_ID='dag_with_postgres_operator_v05' AIRFLOW_CTX_TASK_ID='create_postgres_table' AIRFLOW_CTX_EXECUTION_DATE='2023-01-07T00:00:00+00:00' AIRFLOW_CTX_TRY_NUMBER='1' AIRFLOW_CTX_DAG_RUN_ID='scheduled__2023-01-07T00:00:00+00:00'
[2023-09-04T11:55:06.534+0000] {sql.py:274} INFO - Executing: 
            create table if not exists dag_runs (
                dt date,
                dag_id character varying,
                primary key (dt, dag_id)
            )
        
[2023-09-04T11:55:06.555+0000] {base.py:73} INFO - Using connection ID 'postgres_localhost' for task execution.
[2023-09-04T11:55:06.572+0000] {base.py:73} INFO - Using connection ID 'postgres_localhost' for task execution.
[2023-09-04T11:55:06.591+0000] {sql.py:418} INFO - Running statement: 
            create table if not exists dag_runs (
                dt date,
                dag_id character varying,
                primary key (dt, dag_id)
            )
        , parameters: None
[2023-09-04T11:55:06.680+0000] {taskinstance.py:1400} INFO - Marking task as SUCCESS. dag_id=dag_with_postgres_operator_v05, task_id=create_postgres_table, execution_date=20230107T000000, start_date=20230904T115506, end_date=20230904T115506
[2023-09-04T11:55:06.960+0000] {local_task_job_runner.py:228} INFO - Task exited with return code 0
[2023-09-04T11:55:07.060+0000] {taskinstance.py:2784} INFO - 1 downstream tasks scheduled from follow-on schedule check
