[2023-09-04T06:02:13.151+0000] {taskinstance.py:1159} INFO - Dependencies all met for dep_context=non-requeueable deps ti=<TaskInstance: dag_with_postgres_operator_v04.delete_data_from_table scheduled__2022-03-13T00:00:00+00:00 [queued]>
[2023-09-04T06:02:13.179+0000] {taskinstance.py:1159} INFO - Dependencies all met for dep_context=requeueable deps ti=<TaskInstance: dag_with_postgres_operator_v04.delete_data_from_table scheduled__2022-03-13T00:00:00+00:00 [queued]>
[2023-09-04T06:02:13.180+0000] {taskinstance.py:1361} INFO - Starting attempt 1 of 6
[2023-09-04T06:02:13.223+0000] {taskinstance.py:1382} INFO - Executing <Task(PostgresOperator): delete_data_from_table> on 2022-03-13 00:00:00+00:00
[2023-09-04T06:02:13.235+0000] {standard_task_runner.py:57} INFO - Started process 5204 to run task
[2023-09-04T06:02:13.238+0000] {standard_task_runner.py:84} INFO - Running: ['***', 'tasks', 'run', 'dag_with_postgres_operator_v04', 'delete_data_from_table', 'scheduled__2022-03-13T00:00:00+00:00', '--job-id', '383', '--raw', '--subdir', 'DAGS_FOLDER/dag_with_postgres_operator.py', '--cfg-path', '/tmp/tmpnvnl2kbk']
[2023-09-04T06:02:13.240+0000] {standard_task_runner.py:85} INFO - Job 383: Subtask delete_data_from_table
[2023-09-04T06:02:13.320+0000] {task_command.py:415} INFO - Running <TaskInstance: dag_with_postgres_operator_v04.delete_data_from_table scheduled__2022-03-13T00:00:00+00:00 [running]> on host 10bdc2e98230
[2023-09-04T06:02:13.492+0000] {taskinstance.py:1660} INFO - Exporting env vars: AIRFLOW_CTX_DAG_OWNER='coder2j' AIRFLOW_CTX_DAG_ID='dag_with_postgres_operator_v04' AIRFLOW_CTX_TASK_ID='delete_data_from_table' AIRFLOW_CTX_EXECUTION_DATE='2022-03-13T00:00:00+00:00' AIRFLOW_CTX_TRY_NUMBER='1' AIRFLOW_CTX_DAG_RUN_ID='scheduled__2022-03-13T00:00:00+00:00'
[2023-09-04T06:02:13.494+0000] {sql.py:274} INFO - Executing: 
            delete from dag_runs where dt = '2022-03-13' and dag_id = 'dag_with_postgres_operator_v04';
        
[2023-09-04T06:02:13.510+0000] {base.py:73} INFO - Using connection ID 'postgres_localhost' for task execution.
[2023-09-04T06:02:13.525+0000] {base.py:73} INFO - Using connection ID 'postgres_localhost' for task execution.
[2023-09-04T06:02:13.544+0000] {sql.py:418} INFO - Running statement: 
            delete from dag_runs where dt = '2022-03-13' and dag_id = 'dag_with_postgres_operator_v04';
        , parameters: None
[2023-09-04T06:02:13.551+0000] {sql.py:427} INFO - Rows affected: 0
[2023-09-04T06:02:13.571+0000] {taskinstance.py:1400} INFO - Marking task as SUCCESS. dag_id=dag_with_postgres_operator_v04, task_id=delete_data_from_table, execution_date=20220313T000000, start_date=20230904T060213, end_date=20230904T060213
[2023-09-04T06:02:13.652+0000] {local_task_job_runner.py:228} INFO - Task exited with return code 0
[2023-09-04T06:02:13.679+0000] {taskinstance.py:2784} INFO - 1 downstream tasks scheduled from follow-on schedule check
[2023-09-04T06:04:58.188+0000] {taskinstance.py:1159} INFO - Dependencies all met for dep_context=non-requeueable deps ti=<TaskInstance: dag_with_postgres_operator_v04.delete_data_from_table scheduled__2022-03-13T00:00:00+00:00 [queued]>
[2023-09-04T06:04:58.215+0000] {taskinstance.py:1159} INFO - Dependencies all met for dep_context=requeueable deps ti=<TaskInstance: dag_with_postgres_operator_v04.delete_data_from_table scheduled__2022-03-13T00:00:00+00:00 [queued]>
[2023-09-04T06:04:58.215+0000] {taskinstance.py:1361} INFO - Starting attempt 1 of 6
[2023-09-04T06:04:58.257+0000] {taskinstance.py:1382} INFO - Executing <Task(PostgresOperator): delete_data_from_table> on 2022-03-13 00:00:00+00:00
[2023-09-04T06:04:58.273+0000] {standard_task_runner.py:57} INFO - Started process 6516 to run task
[2023-09-04T06:04:58.290+0000] {standard_task_runner.py:84} INFO - Running: ['***', 'tasks', 'run', 'dag_with_postgres_operator_v04', 'delete_data_from_table', 'scheduled__2022-03-13T00:00:00+00:00', '--job-id', '930', '--raw', '--subdir', 'DAGS_FOLDER/dag_with_postgres_operator.py', '--cfg-path', '/tmp/tmpt16zsovc']
[2023-09-04T06:04:58.295+0000] {standard_task_runner.py:85} INFO - Job 930: Subtask delete_data_from_table
[2023-09-04T06:04:58.431+0000] {task_command.py:415} INFO - Running <TaskInstance: dag_with_postgres_operator_v04.delete_data_from_table scheduled__2022-03-13T00:00:00+00:00 [running]> on host 10bdc2e98230
[2023-09-04T06:04:58.665+0000] {taskinstance.py:1660} INFO - Exporting env vars: AIRFLOW_CTX_DAG_OWNER='mohghaff' AIRFLOW_CTX_DAG_ID='dag_with_postgres_operator_v04' AIRFLOW_CTX_TASK_ID='delete_data_from_table' AIRFLOW_CTX_EXECUTION_DATE='2022-03-13T00:00:00+00:00' AIRFLOW_CTX_TRY_NUMBER='1' AIRFLOW_CTX_DAG_RUN_ID='scheduled__2022-03-13T00:00:00+00:00'
[2023-09-04T06:04:58.668+0000] {sql.py:274} INFO - Executing: 
            delete from dag_runs where dt = '2022-03-13' and dag_id = 'dag_with_postgres_operator_v04';
        
[2023-09-04T06:04:58.703+0000] {base.py:73} INFO - Using connection ID 'postgres_localhost' for task execution.
[2023-09-04T06:04:58.742+0000] {base.py:73} INFO - Using connection ID 'postgres_localhost' for task execution.
[2023-09-04T06:04:58.782+0000] {sql.py:418} INFO - Running statement: 
            delete from dag_runs where dt = '2022-03-13' and dag_id = 'dag_with_postgres_operator_v04';
        , parameters: None
[2023-09-04T06:04:58.796+0000] {sql.py:427} INFO - Rows affected: 1
[2023-09-04T06:04:58.843+0000] {taskinstance.py:1400} INFO - Marking task as SUCCESS. dag_id=dag_with_postgres_operator_v04, task_id=delete_data_from_table, execution_date=20220313T000000, start_date=20230904T060458, end_date=20230904T060458
[2023-09-04T06:04:59.192+0000] {local_task_job_runner.py:228} INFO - Task exited with return code 0
[2023-09-04T06:04:59.247+0000] {taskinstance.py:2784} INFO - 1 downstream tasks scheduled from follow-on schedule check
