[2023-09-05T12:17:59.943+0000] {processor.py:157} INFO - Started process (PID=29930) to work on /opt/airflow/dags/dag_with_postgres_operator.py
[2023-09-05T12:17:59.945+0000] {processor.py:829} INFO - Processing file /opt/airflow/dags/dag_with_postgres_operator.py for tasks to queue
[2023-09-05T12:17:59.947+0000] {logging_mixin.py:151} INFO - [2023-09-05T12:17:59.947+0000] {dagbag.py:539} INFO - Filling up the DagBag from /opt/airflow/dags/dag_with_postgres_operator.py
[2023-09-05T12:18:00.011+0000] {processor.py:839} INFO - DAG(s) dict_keys(['dag_with_postgres_operator_v05']) retrieved from /opt/airflow/dags/dag_with_postgres_operator.py
[2023-09-05T12:18:00.086+0000] {logging_mixin.py:151} INFO - [2023-09-05T12:18:00.085+0000] {dag.py:2907} INFO - Sync 1 DAGs
[2023-09-05T12:18:00.192+0000] {logging_mixin.py:151} INFO - [2023-09-05T12:18:00.192+0000] {dag.py:3677} INFO - Setting next_dagrun for dag_with_postgres_operator_v05 to 2023-09-04T00:00:00+00:00, run_after=2023-09-05T00:00:00+00:00
[2023-09-05T12:18:00.274+0000] {processor.py:179} INFO - Processing /opt/airflow/dags/dag_with_postgres_operator.py took 0.345 seconds
[2023-09-05T12:18:30.739+0000] {processor.py:157} INFO - Started process (PID=30030) to work on /opt/airflow/dags/dag_with_postgres_operator.py
[2023-09-05T12:18:30.740+0000] {processor.py:829} INFO - Processing file /opt/airflow/dags/dag_with_postgres_operator.py for tasks to queue
[2023-09-05T12:18:30.740+0000] {logging_mixin.py:151} INFO - [2023-09-05T12:18:30.740+0000] {dagbag.py:539} INFO - Filling up the DagBag from /opt/airflow/dags/dag_with_postgres_operator.py
[2023-09-05T12:18:30.756+0000] {processor.py:839} INFO - DAG(s) dict_keys(['dag_with_postgres_operator_v05']) retrieved from /opt/airflow/dags/dag_with_postgres_operator.py
[2023-09-05T12:18:30.784+0000] {logging_mixin.py:151} INFO - [2023-09-05T12:18:30.784+0000] {dag.py:2907} INFO - Sync 1 DAGs
[2023-09-05T12:18:30.814+0000] {logging_mixin.py:151} INFO - [2023-09-05T12:18:30.813+0000] {dag.py:3677} INFO - Setting next_dagrun for dag_with_postgres_operator_v05 to 2023-09-04T00:00:00+00:00, run_after=2023-09-05T00:00:00+00:00
[2023-09-05T12:18:30.839+0000] {processor.py:179} INFO - Processing /opt/airflow/dags/dag_with_postgres_operator.py took 0.104 seconds
[2023-09-05T12:19:01.565+0000] {processor.py:157} INFO - Started process (PID=30082) to work on /opt/airflow/dags/dag_with_postgres_operator.py
[2023-09-05T12:19:01.591+0000] {processor.py:829} INFO - Processing file /opt/airflow/dags/dag_with_postgres_operator.py for tasks to queue
[2023-09-05T12:19:01.592+0000] {logging_mixin.py:151} INFO - [2023-09-05T12:19:01.592+0000] {dagbag.py:539} INFO - Filling up the DagBag from /opt/airflow/dags/dag_with_postgres_operator.py
[2023-09-05T12:19:01.604+0000] {processor.py:839} INFO - DAG(s) dict_keys(['dag_with_postgres_operator_v05']) retrieved from /opt/airflow/dags/dag_with_postgres_operator.py
[2023-09-05T12:19:01.630+0000] {logging_mixin.py:151} INFO - [2023-09-05T12:19:01.629+0000] {dag.py:2907} INFO - Sync 1 DAGs
[2023-09-05T12:19:01.663+0000] {logging_mixin.py:151} INFO - [2023-09-05T12:19:01.662+0000] {dag.py:3677} INFO - Setting next_dagrun for dag_with_postgres_operator_v05 to 2023-09-04T00:00:00+00:00, run_after=2023-09-05T00:00:00+00:00
[2023-09-05T12:19:01.700+0000] {processor.py:179} INFO - Processing /opt/airflow/dags/dag_with_postgres_operator.py took 0.137 seconds
[2023-09-05T12:19:31.941+0000] {processor.py:157} INFO - Started process (PID=30134) to work on /opt/airflow/dags/dag_with_postgres_operator.py
[2023-09-05T12:19:31.949+0000] {processor.py:829} INFO - Processing file /opt/airflow/dags/dag_with_postgres_operator.py for tasks to queue
[2023-09-05T12:19:31.951+0000] {logging_mixin.py:151} INFO - [2023-09-05T12:19:31.950+0000] {dagbag.py:539} INFO - Filling up the DagBag from /opt/airflow/dags/dag_with_postgres_operator.py
[2023-09-05T12:19:31.967+0000] {processor.py:839} INFO - DAG(s) dict_keys(['dag_with_postgres_operator_v05']) retrieved from /opt/airflow/dags/dag_with_postgres_operator.py
[2023-09-05T12:19:32.000+0000] {logging_mixin.py:151} INFO - [2023-09-05T12:19:32.000+0000] {dag.py:2907} INFO - Sync 1 DAGs
[2023-09-05T12:19:32.039+0000] {logging_mixin.py:151} INFO - [2023-09-05T12:19:32.039+0000] {dag.py:3677} INFO - Setting next_dagrun for dag_with_postgres_operator_v05 to 2023-09-04T00:00:00+00:00, run_after=2023-09-05T00:00:00+00:00
[2023-09-05T12:19:32.064+0000] {processor.py:179} INFO - Processing /opt/airflow/dags/dag_with_postgres_operator.py took 0.127 seconds
[2023-09-05T12:20:02.761+0000] {processor.py:157} INFO - Started process (PID=30186) to work on /opt/airflow/dags/dag_with_postgres_operator.py
[2023-09-05T12:20:02.762+0000] {processor.py:829} INFO - Processing file /opt/airflow/dags/dag_with_postgres_operator.py for tasks to queue
[2023-09-05T12:20:02.763+0000] {logging_mixin.py:151} INFO - [2023-09-05T12:20:02.762+0000] {dagbag.py:539} INFO - Filling up the DagBag from /opt/airflow/dags/dag_with_postgres_operator.py
[2023-09-05T12:20:02.777+0000] {processor.py:839} INFO - DAG(s) dict_keys(['dag_with_postgres_operator_v05']) retrieved from /opt/airflow/dags/dag_with_postgres_operator.py
[2023-09-05T12:20:02.808+0000] {logging_mixin.py:151} INFO - [2023-09-05T12:20:02.808+0000] {dag.py:2907} INFO - Sync 1 DAGs
[2023-09-05T12:20:02.847+0000] {logging_mixin.py:151} INFO - [2023-09-05T12:20:02.847+0000] {dag.py:3677} INFO - Setting next_dagrun for dag_with_postgres_operator_v05 to 2023-09-04T00:00:00+00:00, run_after=2023-09-05T00:00:00+00:00
[2023-09-05T12:20:02.877+0000] {processor.py:179} INFO - Processing /opt/airflow/dags/dag_with_postgres_operator.py took 0.121 seconds
[2023-09-05T12:20:33.667+0000] {processor.py:157} INFO - Started process (PID=30238) to work on /opt/airflow/dags/dag_with_postgres_operator.py
[2023-09-05T12:20:33.668+0000] {processor.py:829} INFO - Processing file /opt/airflow/dags/dag_with_postgres_operator.py for tasks to queue
[2023-09-05T12:20:33.669+0000] {logging_mixin.py:151} INFO - [2023-09-05T12:20:33.669+0000] {dagbag.py:539} INFO - Filling up the DagBag from /opt/airflow/dags/dag_with_postgres_operator.py
[2023-09-05T12:20:33.684+0000] {processor.py:839} INFO - DAG(s) dict_keys(['dag_with_postgres_operator_v05']) retrieved from /opt/airflow/dags/dag_with_postgres_operator.py
[2023-09-05T12:20:33.716+0000] {logging_mixin.py:151} INFO - [2023-09-05T12:20:33.715+0000] {dag.py:2907} INFO - Sync 1 DAGs
[2023-09-05T12:20:33.754+0000] {logging_mixin.py:151} INFO - [2023-09-05T12:20:33.753+0000] {dag.py:3677} INFO - Setting next_dagrun for dag_with_postgres_operator_v05 to 2023-09-04T00:00:00+00:00, run_after=2023-09-05T00:00:00+00:00
[2023-09-05T12:20:33.779+0000] {processor.py:179} INFO - Processing /opt/airflow/dags/dag_with_postgres_operator.py took 0.116 seconds
[2023-09-05T12:21:04.450+0000] {processor.py:157} INFO - Started process (PID=30290) to work on /opt/airflow/dags/dag_with_postgres_operator.py
[2023-09-05T12:21:04.451+0000] {processor.py:829} INFO - Processing file /opt/airflow/dags/dag_with_postgres_operator.py for tasks to queue
[2023-09-05T12:21:04.452+0000] {logging_mixin.py:151} INFO - [2023-09-05T12:21:04.452+0000] {dagbag.py:539} INFO - Filling up the DagBag from /opt/airflow/dags/dag_with_postgres_operator.py
[2023-09-05T12:21:04.468+0000] {processor.py:839} INFO - DAG(s) dict_keys(['dag_with_postgres_operator_v05']) retrieved from /opt/airflow/dags/dag_with_postgres_operator.py
[2023-09-05T12:21:04.505+0000] {logging_mixin.py:151} INFO - [2023-09-05T12:21:04.505+0000] {dag.py:2907} INFO - Sync 1 DAGs
[2023-09-05T12:21:04.538+0000] {logging_mixin.py:151} INFO - [2023-09-05T12:21:04.538+0000] {dag.py:3677} INFO - Setting next_dagrun for dag_with_postgres_operator_v05 to 2023-09-04T00:00:00+00:00, run_after=2023-09-05T00:00:00+00:00
[2023-09-05T12:21:04.565+0000] {processor.py:179} INFO - Processing /opt/airflow/dags/dag_with_postgres_operator.py took 0.119 seconds
[2023-09-05T12:21:35.278+0000] {processor.py:157} INFO - Started process (PID=30342) to work on /opt/airflow/dags/dag_with_postgres_operator.py
[2023-09-05T12:21:35.279+0000] {processor.py:829} INFO - Processing file /opt/airflow/dags/dag_with_postgres_operator.py for tasks to queue
[2023-09-05T12:21:35.280+0000] {logging_mixin.py:151} INFO - [2023-09-05T12:21:35.280+0000] {dagbag.py:539} INFO - Filling up the DagBag from /opt/airflow/dags/dag_with_postgres_operator.py
[2023-09-05T12:21:35.296+0000] {processor.py:839} INFO - DAG(s) dict_keys(['dag_with_postgres_operator_v05']) retrieved from /opt/airflow/dags/dag_with_postgres_operator.py
[2023-09-05T12:21:35.330+0000] {logging_mixin.py:151} INFO - [2023-09-05T12:21:35.330+0000] {dag.py:2907} INFO - Sync 1 DAGs
[2023-09-05T12:21:35.367+0000] {logging_mixin.py:151} INFO - [2023-09-05T12:21:35.366+0000] {dag.py:3677} INFO - Setting next_dagrun for dag_with_postgres_operator_v05 to 2023-09-04T00:00:00+00:00, run_after=2023-09-05T00:00:00+00:00
[2023-09-05T12:21:35.397+0000] {processor.py:179} INFO - Processing /opt/airflow/dags/dag_with_postgres_operator.py took 0.124 seconds
[2023-09-05T12:22:06.243+0000] {processor.py:157} INFO - Started process (PID=30394) to work on /opt/airflow/dags/dag_with_postgres_operator.py
[2023-09-05T12:22:06.244+0000] {processor.py:829} INFO - Processing file /opt/airflow/dags/dag_with_postgres_operator.py for tasks to queue
[2023-09-05T12:22:06.245+0000] {logging_mixin.py:151} INFO - [2023-09-05T12:22:06.244+0000] {dagbag.py:539} INFO - Filling up the DagBag from /opt/airflow/dags/dag_with_postgres_operator.py
[2023-09-05T12:22:06.261+0000] {processor.py:839} INFO - DAG(s) dict_keys(['dag_with_postgres_operator_v05']) retrieved from /opt/airflow/dags/dag_with_postgres_operator.py
[2023-09-05T12:22:06.290+0000] {logging_mixin.py:151} INFO - [2023-09-05T12:22:06.290+0000] {dag.py:2907} INFO - Sync 1 DAGs
[2023-09-05T12:22:06.328+0000] {logging_mixin.py:151} INFO - [2023-09-05T12:22:06.328+0000] {dag.py:3677} INFO - Setting next_dagrun for dag_with_postgres_operator_v05 to 2023-09-04T00:00:00+00:00, run_after=2023-09-05T00:00:00+00:00
[2023-09-05T12:22:06.357+0000] {processor.py:179} INFO - Processing /opt/airflow/dags/dag_with_postgres_operator.py took 0.118 seconds
[2023-09-05T12:22:36.914+0000] {processor.py:157} INFO - Started process (PID=30447) to work on /opt/airflow/dags/dag_with_postgres_operator.py
[2023-09-05T12:22:36.916+0000] {processor.py:829} INFO - Processing file /opt/airflow/dags/dag_with_postgres_operator.py for tasks to queue
[2023-09-05T12:22:36.917+0000] {logging_mixin.py:151} INFO - [2023-09-05T12:22:36.916+0000] {dagbag.py:539} INFO - Filling up the DagBag from /opt/airflow/dags/dag_with_postgres_operator.py
[2023-09-05T12:22:36.930+0000] {processor.py:839} INFO - DAG(s) dict_keys(['dag_with_postgres_operator_v05']) retrieved from /opt/airflow/dags/dag_with_postgres_operator.py
[2023-09-05T12:22:36.958+0000] {logging_mixin.py:151} INFO - [2023-09-05T12:22:36.957+0000] {dag.py:2907} INFO - Sync 1 DAGs
[2023-09-05T12:22:36.987+0000] {logging_mixin.py:151} INFO - [2023-09-05T12:22:36.987+0000] {dag.py:3677} INFO - Setting next_dagrun for dag_with_postgres_operator_v05 to 2023-09-04T00:00:00+00:00, run_after=2023-09-05T00:00:00+00:00
[2023-09-05T12:22:37.029+0000] {processor.py:179} INFO - Processing /opt/airflow/dags/dag_with_postgres_operator.py took 0.119 seconds
[2023-09-05T12:23:07.786+0000] {processor.py:157} INFO - Started process (PID=30515) to work on /opt/airflow/dags/dag_with_postgres_operator.py
[2023-09-05T12:23:07.807+0000] {processor.py:829} INFO - Processing file /opt/airflow/dags/dag_with_postgres_operator.py for tasks to queue
[2023-09-05T12:23:07.809+0000] {logging_mixin.py:151} INFO - [2023-09-05T12:23:07.808+0000] {dagbag.py:539} INFO - Filling up the DagBag from /opt/airflow/dags/dag_with_postgres_operator.py
[2023-09-05T12:23:07.863+0000] {processor.py:839} INFO - DAG(s) dict_keys(['dag_with_postgres_operator_v05']) retrieved from /opt/airflow/dags/dag_with_postgres_operator.py
[2023-09-05T12:23:07.964+0000] {logging_mixin.py:151} INFO - [2023-09-05T12:23:07.964+0000] {dag.py:2907} INFO - Sync 1 DAGs
[2023-09-05T12:23:08.035+0000] {logging_mixin.py:151} INFO - [2023-09-05T12:23:08.034+0000] {dag.py:3677} INFO - Setting next_dagrun for dag_with_postgres_operator_v05 to 2023-09-04T00:00:00+00:00, run_after=2023-09-05T00:00:00+00:00
[2023-09-05T12:23:08.156+0000] {processor.py:179} INFO - Processing /opt/airflow/dags/dag_with_postgres_operator.py took 0.380 seconds
[2023-09-05T12:23:38.263+0000] {processor.py:157} INFO - Started process (PID=30614) to work on /opt/airflow/dags/dag_with_postgres_operator.py
[2023-09-05T12:23:38.264+0000] {processor.py:829} INFO - Processing file /opt/airflow/dags/dag_with_postgres_operator.py for tasks to queue
[2023-09-05T12:23:38.265+0000] {logging_mixin.py:151} INFO - [2023-09-05T12:23:38.265+0000] {dagbag.py:539} INFO - Filling up the DagBag from /opt/airflow/dags/dag_with_postgres_operator.py
[2023-09-05T12:23:38.285+0000] {processor.py:839} INFO - DAG(s) dict_keys(['dag_with_postgres_operator_v05']) retrieved from /opt/airflow/dags/dag_with_postgres_operator.py
[2023-09-05T12:23:38.320+0000] {logging_mixin.py:151} INFO - [2023-09-05T12:23:38.320+0000] {dag.py:2907} INFO - Sync 1 DAGs
[2023-09-05T12:23:38.359+0000] {logging_mixin.py:151} INFO - [2023-09-05T12:23:38.358+0000] {dag.py:3677} INFO - Setting next_dagrun for dag_with_postgres_operator_v05 to 2023-09-04T00:00:00+00:00, run_after=2023-09-05T00:00:00+00:00
[2023-09-05T12:23:38.388+0000] {processor.py:179} INFO - Processing /opt/airflow/dags/dag_with_postgres_operator.py took 0.129 seconds
[2023-09-05T12:24:08.444+0000] {processor.py:157} INFO - Started process (PID=30666) to work on /opt/airflow/dags/dag_with_postgres_operator.py
[2023-09-05T12:24:08.445+0000] {processor.py:829} INFO - Processing file /opt/airflow/dags/dag_with_postgres_operator.py for tasks to queue
[2023-09-05T12:24:08.446+0000] {logging_mixin.py:151} INFO - [2023-09-05T12:24:08.446+0000] {dagbag.py:539} INFO - Filling up the DagBag from /opt/airflow/dags/dag_with_postgres_operator.py
[2023-09-05T12:24:08.461+0000] {processor.py:839} INFO - DAG(s) dict_keys(['dag_with_postgres_operator_v05']) retrieved from /opt/airflow/dags/dag_with_postgres_operator.py
[2023-09-05T12:24:08.487+0000] {logging_mixin.py:151} INFO - [2023-09-05T12:24:08.487+0000] {dag.py:2907} INFO - Sync 1 DAGs
[2023-09-05T12:24:08.514+0000] {logging_mixin.py:151} INFO - [2023-09-05T12:24:08.514+0000] {dag.py:3677} INFO - Setting next_dagrun for dag_with_postgres_operator_v05 to 2023-09-04T00:00:00+00:00, run_after=2023-09-05T00:00:00+00:00
[2023-09-05T12:24:08.536+0000] {processor.py:179} INFO - Processing /opt/airflow/dags/dag_with_postgres_operator.py took 0.095 seconds
[2023-09-05T12:24:39.110+0000] {processor.py:157} INFO - Started process (PID=30718) to work on /opt/airflow/dags/dag_with_postgres_operator.py
[2023-09-05T12:24:39.111+0000] {processor.py:829} INFO - Processing file /opt/airflow/dags/dag_with_postgres_operator.py for tasks to queue
[2023-09-05T12:24:39.112+0000] {logging_mixin.py:151} INFO - [2023-09-05T12:24:39.111+0000] {dagbag.py:539} INFO - Filling up the DagBag from /opt/airflow/dags/dag_with_postgres_operator.py
[2023-09-05T12:24:39.124+0000] {processor.py:839} INFO - DAG(s) dict_keys(['dag_with_postgres_operator_v05']) retrieved from /opt/airflow/dags/dag_with_postgres_operator.py
[2023-09-05T12:24:39.153+0000] {logging_mixin.py:151} INFO - [2023-09-05T12:24:39.153+0000] {dag.py:2907} INFO - Sync 1 DAGs
[2023-09-05T12:24:39.178+0000] {logging_mixin.py:151} INFO - [2023-09-05T12:24:39.178+0000] {dag.py:3677} INFO - Setting next_dagrun for dag_with_postgres_operator_v05 to 2023-09-04T00:00:00+00:00, run_after=2023-09-05T00:00:00+00:00
[2023-09-05T12:24:39.198+0000] {processor.py:179} INFO - Processing /opt/airflow/dags/dag_with_postgres_operator.py took 0.091 seconds
[2023-09-05T12:25:09.832+0000] {processor.py:157} INFO - Started process (PID=30770) to work on /opt/airflow/dags/dag_with_postgres_operator.py
[2023-09-05T12:25:09.833+0000] {processor.py:829} INFO - Processing file /opt/airflow/dags/dag_with_postgres_operator.py for tasks to queue
[2023-09-05T12:25:09.834+0000] {logging_mixin.py:151} INFO - [2023-09-05T12:25:09.834+0000] {dagbag.py:539} INFO - Filling up the DagBag from /opt/airflow/dags/dag_with_postgres_operator.py
[2023-09-05T12:25:09.849+0000] {processor.py:839} INFO - DAG(s) dict_keys(['dag_with_postgres_operator_v05']) retrieved from /opt/airflow/dags/dag_with_postgres_operator.py
[2023-09-05T12:25:09.875+0000] {logging_mixin.py:151} INFO - [2023-09-05T12:25:09.875+0000] {dag.py:2907} INFO - Sync 1 DAGs
[2023-09-05T12:25:09.907+0000] {logging_mixin.py:151} INFO - [2023-09-05T12:25:09.907+0000] {dag.py:3677} INFO - Setting next_dagrun for dag_with_postgres_operator_v05 to 2023-09-04T00:00:00+00:00, run_after=2023-09-05T00:00:00+00:00
[2023-09-05T12:25:09.926+0000] {processor.py:179} INFO - Processing /opt/airflow/dags/dag_with_postgres_operator.py took 0.097 seconds
[2023-09-05T12:25:40.448+0000] {processor.py:157} INFO - Started process (PID=30822) to work on /opt/airflow/dags/dag_with_postgres_operator.py
[2023-09-05T12:25:40.448+0000] {processor.py:829} INFO - Processing file /opt/airflow/dags/dag_with_postgres_operator.py for tasks to queue
[2023-09-05T12:25:40.454+0000] {logging_mixin.py:151} INFO - [2023-09-05T12:25:40.449+0000] {dagbag.py:539} INFO - Filling up the DagBag from /opt/airflow/dags/dag_with_postgres_operator.py
[2023-09-05T12:25:40.470+0000] {processor.py:839} INFO - DAG(s) dict_keys(['dag_with_postgres_operator_v05']) retrieved from /opt/airflow/dags/dag_with_postgres_operator.py
[2023-09-05T12:25:40.501+0000] {logging_mixin.py:151} INFO - [2023-09-05T12:25:40.500+0000] {dag.py:2907} INFO - Sync 1 DAGs
[2023-09-05T12:25:40.552+0000] {logging_mixin.py:151} INFO - [2023-09-05T12:25:40.551+0000] {dag.py:3677} INFO - Setting next_dagrun for dag_with_postgres_operator_v05 to 2023-09-04T00:00:00+00:00, run_after=2023-09-05T00:00:00+00:00
[2023-09-05T12:25:40.580+0000] {processor.py:179} INFO - Processing /opt/airflow/dags/dag_with_postgres_operator.py took 0.136 seconds
[2023-09-05T12:26:11.136+0000] {processor.py:157} INFO - Started process (PID=30874) to work on /opt/airflow/dags/dag_with_postgres_operator.py
[2023-09-05T12:26:11.138+0000] {processor.py:829} INFO - Processing file /opt/airflow/dags/dag_with_postgres_operator.py for tasks to queue
[2023-09-05T12:26:11.139+0000] {logging_mixin.py:151} INFO - [2023-09-05T12:26:11.138+0000] {dagbag.py:539} INFO - Filling up the DagBag from /opt/airflow/dags/dag_with_postgres_operator.py
[2023-09-05T12:26:11.152+0000] {processor.py:839} INFO - DAG(s) dict_keys(['dag_with_postgres_operator_v05']) retrieved from /opt/airflow/dags/dag_with_postgres_operator.py
[2023-09-05T12:26:11.179+0000] {logging_mixin.py:151} INFO - [2023-09-05T12:26:11.178+0000] {dag.py:2907} INFO - Sync 1 DAGs
[2023-09-05T12:26:11.203+0000] {logging_mixin.py:151} INFO - [2023-09-05T12:26:11.203+0000] {dag.py:3677} INFO - Setting next_dagrun for dag_with_postgres_operator_v05 to 2023-09-04T00:00:00+00:00, run_after=2023-09-05T00:00:00+00:00
[2023-09-05T12:26:11.224+0000] {processor.py:179} INFO - Processing /opt/airflow/dags/dag_with_postgres_operator.py took 0.092 seconds
[2023-09-05T12:26:41.744+0000] {processor.py:157} INFO - Started process (PID=30926) to work on /opt/airflow/dags/dag_with_postgres_operator.py
[2023-09-05T12:26:41.745+0000] {processor.py:829} INFO - Processing file /opt/airflow/dags/dag_with_postgres_operator.py for tasks to queue
[2023-09-05T12:26:41.746+0000] {logging_mixin.py:151} INFO - [2023-09-05T12:26:41.745+0000] {dagbag.py:539} INFO - Filling up the DagBag from /opt/airflow/dags/dag_with_postgres_operator.py
[2023-09-05T12:26:41.761+0000] {processor.py:839} INFO - DAG(s) dict_keys(['dag_with_postgres_operator_v05']) retrieved from /opt/airflow/dags/dag_with_postgres_operator.py
[2023-09-05T12:26:41.795+0000] {logging_mixin.py:151} INFO - [2023-09-05T12:26:41.795+0000] {dag.py:2907} INFO - Sync 1 DAGs
[2023-09-05T12:26:41.833+0000] {logging_mixin.py:151} INFO - [2023-09-05T12:26:41.833+0000] {dag.py:3677} INFO - Setting next_dagrun for dag_with_postgres_operator_v05 to 2023-09-04T00:00:00+00:00, run_after=2023-09-05T00:00:00+00:00
[2023-09-05T12:26:41.863+0000] {processor.py:179} INFO - Processing /opt/airflow/dags/dag_with_postgres_operator.py took 0.124 seconds
[2023-09-05T12:27:12.615+0000] {processor.py:157} INFO - Started process (PID=30986) to work on /opt/airflow/dags/dag_with_postgres_operator.py
[2023-09-05T12:27:12.617+0000] {processor.py:829} INFO - Processing file /opt/airflow/dags/dag_with_postgres_operator.py for tasks to queue
[2023-09-05T12:27:12.619+0000] {logging_mixin.py:151} INFO - [2023-09-05T12:27:12.618+0000] {dagbag.py:539} INFO - Filling up the DagBag from /opt/airflow/dags/dag_with_postgres_operator.py
[2023-09-05T12:27:12.640+0000] {processor.py:839} INFO - DAG(s) dict_keys(['dag_with_postgres_operator_v05']) retrieved from /opt/airflow/dags/dag_with_postgres_operator.py
[2023-09-05T12:27:12.673+0000] {logging_mixin.py:151} INFO - [2023-09-05T12:27:12.673+0000] {dag.py:2907} INFO - Sync 1 DAGs
[2023-09-05T12:27:12.716+0000] {logging_mixin.py:151} INFO - [2023-09-05T12:27:12.715+0000] {dag.py:3677} INFO - Setting next_dagrun for dag_with_postgres_operator_v05 to 2023-09-04T00:00:00+00:00, run_after=2023-09-05T00:00:00+00:00
[2023-09-05T12:27:12.744+0000] {processor.py:179} INFO - Processing /opt/airflow/dags/dag_with_postgres_operator.py took 0.135 seconds
[2023-09-05T12:27:43.211+0000] {processor.py:157} INFO - Started process (PID=31038) to work on /opt/airflow/dags/dag_with_postgres_operator.py
[2023-09-05T12:27:43.213+0000] {processor.py:829} INFO - Processing file /opt/airflow/dags/dag_with_postgres_operator.py for tasks to queue
[2023-09-05T12:27:43.214+0000] {logging_mixin.py:151} INFO - [2023-09-05T12:27:43.213+0000] {dagbag.py:539} INFO - Filling up the DagBag from /opt/airflow/dags/dag_with_postgres_operator.py
[2023-09-05T12:27:43.229+0000] {processor.py:839} INFO - DAG(s) dict_keys(['dag_with_postgres_operator_v05']) retrieved from /opt/airflow/dags/dag_with_postgres_operator.py
[2023-09-05T12:27:43.260+0000] {logging_mixin.py:151} INFO - [2023-09-05T12:27:43.260+0000] {dag.py:2907} INFO - Sync 1 DAGs
[2023-09-05T12:27:43.293+0000] {logging_mixin.py:151} INFO - [2023-09-05T12:27:43.293+0000] {dag.py:3677} INFO - Setting next_dagrun for dag_with_postgres_operator_v05 to 2023-09-04T00:00:00+00:00, run_after=2023-09-05T00:00:00+00:00
[2023-09-05T12:27:43.317+0000] {processor.py:179} INFO - Processing /opt/airflow/dags/dag_with_postgres_operator.py took 0.109 seconds
[2023-09-05T12:28:13.632+0000] {processor.py:157} INFO - Started process (PID=31106) to work on /opt/airflow/dags/dag_with_postgres_operator.py
[2023-09-05T12:28:13.650+0000] {processor.py:829} INFO - Processing file /opt/airflow/dags/dag_with_postgres_operator.py for tasks to queue
[2023-09-05T12:28:13.652+0000] {logging_mixin.py:151} INFO - [2023-09-05T12:28:13.651+0000] {dagbag.py:539} INFO - Filling up the DagBag from /opt/airflow/dags/dag_with_postgres_operator.py
[2023-09-05T12:28:13.698+0000] {processor.py:839} INFO - DAG(s) dict_keys(['dag_with_postgres_operator_v05']) retrieved from /opt/airflow/dags/dag_with_postgres_operator.py
[2023-09-05T12:28:13.761+0000] {logging_mixin.py:151} INFO - [2023-09-05T12:28:13.761+0000] {dag.py:2907} INFO - Sync 1 DAGs
[2023-09-05T12:28:13.846+0000] {logging_mixin.py:151} INFO - [2023-09-05T12:28:13.845+0000] {dag.py:3677} INFO - Setting next_dagrun for dag_with_postgres_operator_v05 to 2023-09-04T00:00:00+00:00, run_after=2023-09-05T00:00:00+00:00
[2023-09-05T12:28:13.927+0000] {processor.py:179} INFO - Processing /opt/airflow/dags/dag_with_postgres_operator.py took 0.303 seconds
[2023-09-05T12:28:44.561+0000] {processor.py:157} INFO - Started process (PID=31272) to work on /opt/airflow/dags/dag_with_postgres_operator.py
[2023-09-05T12:28:44.562+0000] {processor.py:829} INFO - Processing file /opt/airflow/dags/dag_with_postgres_operator.py for tasks to queue
[2023-09-05T12:28:44.563+0000] {logging_mixin.py:151} INFO - [2023-09-05T12:28:44.563+0000] {dagbag.py:539} INFO - Filling up the DagBag from /opt/airflow/dags/dag_with_postgres_operator.py
[2023-09-05T12:28:44.580+0000] {processor.py:839} INFO - DAG(s) dict_keys(['dag_with_postgres_operator_v05']) retrieved from /opt/airflow/dags/dag_with_postgres_operator.py
[2023-09-05T12:28:44.614+0000] {logging_mixin.py:151} INFO - [2023-09-05T12:28:44.613+0000] {dag.py:2907} INFO - Sync 1 DAGs
[2023-09-05T12:28:44.660+0000] {logging_mixin.py:151} INFO - [2023-09-05T12:28:44.660+0000] {dag.py:3677} INFO - Setting next_dagrun for dag_with_postgres_operator_v05 to 2023-09-04T00:00:00+00:00, run_after=2023-09-05T00:00:00+00:00
[2023-09-05T12:28:44.689+0000] {processor.py:179} INFO - Processing /opt/airflow/dags/dag_with_postgres_operator.py took 0.132 seconds
[2023-09-05T12:29:15.246+0000] {processor.py:157} INFO - Started process (PID=31324) to work on /opt/airflow/dags/dag_with_postgres_operator.py
[2023-09-05T12:29:15.247+0000] {processor.py:829} INFO - Processing file /opt/airflow/dags/dag_with_postgres_operator.py for tasks to queue
[2023-09-05T12:29:15.248+0000] {logging_mixin.py:151} INFO - [2023-09-05T12:29:15.248+0000] {dagbag.py:539} INFO - Filling up the DagBag from /opt/airflow/dags/dag_with_postgres_operator.py
[2023-09-05T12:29:15.264+0000] {processor.py:839} INFO - DAG(s) dict_keys(['dag_with_postgres_operator_v05']) retrieved from /opt/airflow/dags/dag_with_postgres_operator.py
[2023-09-05T12:29:15.298+0000] {logging_mixin.py:151} INFO - [2023-09-05T12:29:15.298+0000] {dag.py:2907} INFO - Sync 1 DAGs
[2023-09-05T12:29:15.338+0000] {logging_mixin.py:151} INFO - [2023-09-05T12:29:15.338+0000] {dag.py:3677} INFO - Setting next_dagrun for dag_with_postgres_operator_v05 to 2023-09-04T00:00:00+00:00, run_after=2023-09-05T00:00:00+00:00
[2023-09-05T12:29:15.367+0000] {processor.py:179} INFO - Processing /opt/airflow/dags/dag_with_postgres_operator.py took 0.125 seconds
[2023-09-05T12:29:46.078+0000] {processor.py:157} INFO - Started process (PID=31376) to work on /opt/airflow/dags/dag_with_postgres_operator.py
[2023-09-05T12:29:46.079+0000] {processor.py:829} INFO - Processing file /opt/airflow/dags/dag_with_postgres_operator.py for tasks to queue
[2023-09-05T12:29:46.080+0000] {logging_mixin.py:151} INFO - [2023-09-05T12:29:46.080+0000] {dagbag.py:539} INFO - Filling up the DagBag from /opt/airflow/dags/dag_with_postgres_operator.py
[2023-09-05T12:29:46.096+0000] {processor.py:839} INFO - DAG(s) dict_keys(['dag_with_postgres_operator_v05']) retrieved from /opt/airflow/dags/dag_with_postgres_operator.py
[2023-09-05T12:29:46.130+0000] {logging_mixin.py:151} INFO - [2023-09-05T12:29:46.129+0000] {dag.py:2907} INFO - Sync 1 DAGs
[2023-09-05T12:29:46.163+0000] {logging_mixin.py:151} INFO - [2023-09-05T12:29:46.163+0000] {dag.py:3677} INFO - Setting next_dagrun for dag_with_postgres_operator_v05 to 2023-09-04T00:00:00+00:00, run_after=2023-09-05T00:00:00+00:00
[2023-09-05T12:29:46.189+0000] {processor.py:179} INFO - Processing /opt/airflow/dags/dag_with_postgres_operator.py took 0.115 seconds
[2023-09-05T12:30:16.905+0000] {processor.py:157} INFO - Started process (PID=31428) to work on /opt/airflow/dags/dag_with_postgres_operator.py
[2023-09-05T12:30:16.906+0000] {processor.py:829} INFO - Processing file /opt/airflow/dags/dag_with_postgres_operator.py for tasks to queue
[2023-09-05T12:30:16.907+0000] {logging_mixin.py:151} INFO - [2023-09-05T12:30:16.907+0000] {dagbag.py:539} INFO - Filling up the DagBag from /opt/airflow/dags/dag_with_postgres_operator.py
[2023-09-05T12:30:16.921+0000] {processor.py:839} INFO - DAG(s) dict_keys(['dag_with_postgres_operator_v05']) retrieved from /opt/airflow/dags/dag_with_postgres_operator.py
[2023-09-05T12:30:16.951+0000] {logging_mixin.py:151} INFO - [2023-09-05T12:30:16.951+0000] {dag.py:2907} INFO - Sync 1 DAGs
[2023-09-05T12:30:16.984+0000] {logging_mixin.py:151} INFO - [2023-09-05T12:30:16.984+0000] {dag.py:3677} INFO - Setting next_dagrun for dag_with_postgres_operator_v05 to 2023-09-04T00:00:00+00:00, run_after=2023-09-05T00:00:00+00:00
[2023-09-05T12:30:17.009+0000] {processor.py:179} INFO - Processing /opt/airflow/dags/dag_with_postgres_operator.py took 0.108 seconds
[2023-09-05T12:30:47.532+0000] {processor.py:157} INFO - Started process (PID=31480) to work on /opt/airflow/dags/dag_with_postgres_operator.py
[2023-09-05T12:30:47.533+0000] {processor.py:829} INFO - Processing file /opt/airflow/dags/dag_with_postgres_operator.py for tasks to queue
[2023-09-05T12:30:47.534+0000] {logging_mixin.py:151} INFO - [2023-09-05T12:30:47.534+0000] {dagbag.py:539} INFO - Filling up the DagBag from /opt/airflow/dags/dag_with_postgres_operator.py
[2023-09-05T12:30:47.546+0000] {processor.py:839} INFO - DAG(s) dict_keys(['dag_with_postgres_operator_v05']) retrieved from /opt/airflow/dags/dag_with_postgres_operator.py
[2023-09-05T12:30:47.571+0000] {logging_mixin.py:151} INFO - [2023-09-05T12:30:47.571+0000] {dag.py:2907} INFO - Sync 1 DAGs
[2023-09-05T12:30:47.597+0000] {logging_mixin.py:151} INFO - [2023-09-05T12:30:47.597+0000] {dag.py:3677} INFO - Setting next_dagrun for dag_with_postgres_operator_v05 to 2023-09-04T00:00:00+00:00, run_after=2023-09-05T00:00:00+00:00
[2023-09-05T12:30:47.618+0000] {processor.py:179} INFO - Processing /opt/airflow/dags/dag_with_postgres_operator.py took 0.089 seconds
[2023-09-05T12:31:18.200+0000] {processor.py:157} INFO - Started process (PID=31532) to work on /opt/airflow/dags/dag_with_postgres_operator.py
[2023-09-05T12:31:18.201+0000] {processor.py:829} INFO - Processing file /opt/airflow/dags/dag_with_postgres_operator.py for tasks to queue
[2023-09-05T12:31:18.203+0000] {logging_mixin.py:151} INFO - [2023-09-05T12:31:18.202+0000] {dagbag.py:539} INFO - Filling up the DagBag from /opt/airflow/dags/dag_with_postgres_operator.py
[2023-09-05T12:31:18.218+0000] {processor.py:839} INFO - DAG(s) dict_keys(['dag_with_postgres_operator_v05']) retrieved from /opt/airflow/dags/dag_with_postgres_operator.py
[2023-09-05T12:31:18.245+0000] {logging_mixin.py:151} INFO - [2023-09-05T12:31:18.245+0000] {dag.py:2907} INFO - Sync 1 DAGs
[2023-09-05T12:31:18.272+0000] {logging_mixin.py:151} INFO - [2023-09-05T12:31:18.272+0000] {dag.py:3677} INFO - Setting next_dagrun for dag_with_postgres_operator_v05 to 2023-09-04T00:00:00+00:00, run_after=2023-09-05T00:00:00+00:00
[2023-09-05T12:31:18.292+0000] {processor.py:179} INFO - Processing /opt/airflow/dags/dag_with_postgres_operator.py took 0.098 seconds
[2023-09-05T12:31:48.839+0000] {processor.py:157} INFO - Started process (PID=31584) to work on /opt/airflow/dags/dag_with_postgres_operator.py
[2023-09-05T12:31:48.840+0000] {processor.py:829} INFO - Processing file /opt/airflow/dags/dag_with_postgres_operator.py for tasks to queue
[2023-09-05T12:31:48.841+0000] {logging_mixin.py:151} INFO - [2023-09-05T12:31:48.841+0000] {dagbag.py:539} INFO - Filling up the DagBag from /opt/airflow/dags/dag_with_postgres_operator.py
[2023-09-05T12:31:48.854+0000] {processor.py:839} INFO - DAG(s) dict_keys(['dag_with_postgres_operator_v05']) retrieved from /opt/airflow/dags/dag_with_postgres_operator.py
[2023-09-05T12:31:48.879+0000] {logging_mixin.py:151} INFO - [2023-09-05T12:31:48.878+0000] {dag.py:2907} INFO - Sync 1 DAGs
[2023-09-05T12:31:48.907+0000] {logging_mixin.py:151} INFO - [2023-09-05T12:31:48.907+0000] {dag.py:3677} INFO - Setting next_dagrun for dag_with_postgres_operator_v05 to 2023-09-04T00:00:00+00:00, run_after=2023-09-05T00:00:00+00:00
[2023-09-05T12:31:48.931+0000] {processor.py:179} INFO - Processing /opt/airflow/dags/dag_with_postgres_operator.py took 0.096 seconds
[2023-09-05T12:32:19.374+0000] {processor.py:157} INFO - Started process (PID=31636) to work on /opt/airflow/dags/dag_with_postgres_operator.py
[2023-09-05T12:32:19.375+0000] {processor.py:829} INFO - Processing file /opt/airflow/dags/dag_with_postgres_operator.py for tasks to queue
[2023-09-05T12:32:19.376+0000] {logging_mixin.py:151} INFO - [2023-09-05T12:32:19.376+0000] {dagbag.py:539} INFO - Filling up the DagBag from /opt/airflow/dags/dag_with_postgres_operator.py
[2023-09-05T12:32:19.389+0000] {processor.py:839} INFO - DAG(s) dict_keys(['dag_with_postgres_operator_v05']) retrieved from /opt/airflow/dags/dag_with_postgres_operator.py
[2023-09-05T12:32:19.414+0000] {logging_mixin.py:151} INFO - [2023-09-05T12:32:19.414+0000] {dag.py:2907} INFO - Sync 1 DAGs
[2023-09-05T12:32:19.443+0000] {logging_mixin.py:151} INFO - [2023-09-05T12:32:19.443+0000] {dag.py:3677} INFO - Setting next_dagrun for dag_with_postgres_operator_v05 to 2023-09-04T00:00:00+00:00, run_after=2023-09-05T00:00:00+00:00
[2023-09-05T12:32:19.464+0000] {processor.py:179} INFO - Processing /opt/airflow/dags/dag_with_postgres_operator.py took 0.093 seconds
[2023-09-05T12:32:49.913+0000] {processor.py:157} INFO - Started process (PID=31689) to work on /opt/airflow/dags/dag_with_postgres_operator.py
[2023-09-05T12:32:49.914+0000] {processor.py:829} INFO - Processing file /opt/airflow/dags/dag_with_postgres_operator.py for tasks to queue
[2023-09-05T12:32:49.915+0000] {logging_mixin.py:151} INFO - [2023-09-05T12:32:49.915+0000] {dagbag.py:539} INFO - Filling up the DagBag from /opt/airflow/dags/dag_with_postgres_operator.py
[2023-09-05T12:32:49.926+0000] {processor.py:839} INFO - DAG(s) dict_keys(['dag_with_postgres_operator_v05']) retrieved from /opt/airflow/dags/dag_with_postgres_operator.py
[2023-09-05T12:32:49.951+0000] {logging_mixin.py:151} INFO - [2023-09-05T12:32:49.951+0000] {dag.py:2907} INFO - Sync 1 DAGs
[2023-09-05T12:32:49.979+0000] {logging_mixin.py:151} INFO - [2023-09-05T12:32:49.979+0000] {dag.py:3677} INFO - Setting next_dagrun for dag_with_postgres_operator_v05 to 2023-09-04T00:00:00+00:00, run_after=2023-09-05T00:00:00+00:00
[2023-09-05T12:32:50.001+0000] {processor.py:179} INFO - Processing /opt/airflow/dags/dag_with_postgres_operator.py took 0.090 seconds
