[2023-09-05T12:18:00.278+0000] {processor.py:157} INFO - Started process (PID=29935) to work on /opt/airflow/dags/dag_with_minio_s3.py
[2023-09-05T12:18:00.303+0000] {processor.py:829} INFO - Processing file /opt/airflow/dags/dag_with_minio_s3.py for tasks to queue
[2023-09-05T12:18:00.305+0000] {logging_mixin.py:151} INFO - [2023-09-05T12:18:00.305+0000] {dagbag.py:539} INFO - Filling up the DagBag from /opt/airflow/dags/dag_with_minio_s3.py
[2023-09-05T12:18:00.340+0000] {processor.py:839} INFO - DAG(s) dict_keys(['minio_s3_v01']) retrieved from /opt/airflow/dags/dag_with_minio_s3.py
[2023-09-05T12:18:00.436+0000] {logging_mixin.py:151} INFO - [2023-09-05T12:18:00.436+0000] {dag.py:2907} INFO - Sync 1 DAGs
[2023-09-05T12:18:00.593+0000] {processor.py:179} INFO - Processing /opt/airflow/dags/dag_with_minio_s3.py took 0.323 seconds
[2023-09-05T12:18:30.856+0000] {processor.py:157} INFO - Started process (PID=30037) to work on /opt/airflow/dags/dag_with_minio_s3.py
[2023-09-05T12:18:30.856+0000] {processor.py:829} INFO - Processing file /opt/airflow/dags/dag_with_minio_s3.py for tasks to queue
[2023-09-05T12:18:30.857+0000] {logging_mixin.py:151} INFO - [2023-09-05T12:18:30.857+0000] {dagbag.py:539} INFO - Filling up the DagBag from /opt/airflow/dags/dag_with_minio_s3.py
[2023-09-05T12:18:30.870+0000] {processor.py:839} INFO - DAG(s) dict_keys(['minio_s3_v01']) retrieved from /opt/airflow/dags/dag_with_minio_s3.py
[2023-09-05T12:18:30.896+0000] {logging_mixin.py:151} INFO - [2023-09-05T12:18:30.896+0000] {dag.py:2907} INFO - Sync 1 DAGs
[2023-09-05T12:18:30.942+0000] {processor.py:179} INFO - Processing /opt/airflow/dags/dag_with_minio_s3.py took 0.089 seconds
[2023-09-05T12:19:01.747+0000] {processor.py:157} INFO - Started process (PID=30089) to work on /opt/airflow/dags/dag_with_minio_s3.py
[2023-09-05T12:19:01.749+0000] {processor.py:829} INFO - Processing file /opt/airflow/dags/dag_with_minio_s3.py for tasks to queue
[2023-09-05T12:19:01.751+0000] {logging_mixin.py:151} INFO - [2023-09-05T12:19:01.750+0000] {dagbag.py:539} INFO - Filling up the DagBag from /opt/airflow/dags/dag_with_minio_s3.py
[2023-09-05T12:19:01.768+0000] {processor.py:839} INFO - DAG(s) dict_keys(['minio_s3_v01']) retrieved from /opt/airflow/dags/dag_with_minio_s3.py
[2023-09-05T12:19:01.799+0000] {logging_mixin.py:151} INFO - [2023-09-05T12:19:01.799+0000] {dag.py:2907} INFO - Sync 1 DAGs
[2023-09-05T12:19:01.847+0000] {processor.py:179} INFO - Processing /opt/airflow/dags/dag_with_minio_s3.py took 0.106 seconds
[2023-09-05T12:19:32.097+0000] {processor.py:157} INFO - Started process (PID=30141) to work on /opt/airflow/dags/dag_with_minio_s3.py
[2023-09-05T12:19:32.099+0000] {processor.py:829} INFO - Processing file /opt/airflow/dags/dag_with_minio_s3.py for tasks to queue
[2023-09-05T12:19:32.100+0000] {logging_mixin.py:151} INFO - [2023-09-05T12:19:32.100+0000] {dagbag.py:539} INFO - Filling up the DagBag from /opt/airflow/dags/dag_with_minio_s3.py
[2023-09-05T12:19:32.119+0000] {processor.py:839} INFO - DAG(s) dict_keys(['minio_s3_v01']) retrieved from /opt/airflow/dags/dag_with_minio_s3.py
[2023-09-05T12:19:32.152+0000] {logging_mixin.py:151} INFO - [2023-09-05T12:19:32.152+0000] {dag.py:2907} INFO - Sync 1 DAGs
[2023-09-05T12:19:32.216+0000] {processor.py:179} INFO - Processing /opt/airflow/dags/dag_with_minio_s3.py took 0.124 seconds
[2023-09-05T12:20:02.898+0000] {processor.py:157} INFO - Started process (PID=30193) to work on /opt/airflow/dags/dag_with_minio_s3.py
[2023-09-05T12:20:02.899+0000] {processor.py:829} INFO - Processing file /opt/airflow/dags/dag_with_minio_s3.py for tasks to queue
[2023-09-05T12:20:02.900+0000] {logging_mixin.py:151} INFO - [2023-09-05T12:20:02.900+0000] {dagbag.py:539} INFO - Filling up the DagBag from /opt/airflow/dags/dag_with_minio_s3.py
[2023-09-05T12:20:02.916+0000] {processor.py:839} INFO - DAG(s) dict_keys(['minio_s3_v01']) retrieved from /opt/airflow/dags/dag_with_minio_s3.py
[2023-09-05T12:20:02.951+0000] {logging_mixin.py:151} INFO - [2023-09-05T12:20:02.951+0000] {dag.py:2907} INFO - Sync 1 DAGs
[2023-09-05T12:20:03.007+0000] {processor.py:179} INFO - Processing /opt/airflow/dags/dag_with_minio_s3.py took 0.114 seconds
[2023-09-05T12:20:33.803+0000] {processor.py:157} INFO - Started process (PID=30245) to work on /opt/airflow/dags/dag_with_minio_s3.py
[2023-09-05T12:20:33.805+0000] {processor.py:829} INFO - Processing file /opt/airflow/dags/dag_with_minio_s3.py for tasks to queue
[2023-09-05T12:20:33.806+0000] {logging_mixin.py:151} INFO - [2023-09-05T12:20:33.805+0000] {dagbag.py:539} INFO - Filling up the DagBag from /opt/airflow/dags/dag_with_minio_s3.py
[2023-09-05T12:20:33.823+0000] {processor.py:839} INFO - DAG(s) dict_keys(['minio_s3_v01']) retrieved from /opt/airflow/dags/dag_with_minio_s3.py
[2023-09-05T12:20:33.854+0000] {logging_mixin.py:151} INFO - [2023-09-05T12:20:33.854+0000] {dag.py:2907} INFO - Sync 1 DAGs
[2023-09-05T12:20:33.909+0000] {processor.py:179} INFO - Processing /opt/airflow/dags/dag_with_minio_s3.py took 0.110 seconds
[2023-09-05T12:21:04.596+0000] {processor.py:157} INFO - Started process (PID=30297) to work on /opt/airflow/dags/dag_with_minio_s3.py
[2023-09-05T12:21:04.597+0000] {processor.py:829} INFO - Processing file /opt/airflow/dags/dag_with_minio_s3.py for tasks to queue
[2023-09-05T12:21:04.598+0000] {logging_mixin.py:151} INFO - [2023-09-05T12:21:04.598+0000] {dagbag.py:539} INFO - Filling up the DagBag from /opt/airflow/dags/dag_with_minio_s3.py
[2023-09-05T12:21:04.616+0000] {processor.py:839} INFO - DAG(s) dict_keys(['minio_s3_v01']) retrieved from /opt/airflow/dags/dag_with_minio_s3.py
[2023-09-05T12:21:04.652+0000] {logging_mixin.py:151} INFO - [2023-09-05T12:21:04.652+0000] {dag.py:2907} INFO - Sync 1 DAGs
[2023-09-05T12:21:04.717+0000] {processor.py:179} INFO - Processing /opt/airflow/dags/dag_with_minio_s3.py took 0.125 seconds
[2023-09-05T12:21:35.424+0000] {processor.py:157} INFO - Started process (PID=30349) to work on /opt/airflow/dags/dag_with_minio_s3.py
[2023-09-05T12:21:35.425+0000] {processor.py:829} INFO - Processing file /opt/airflow/dags/dag_with_minio_s3.py for tasks to queue
[2023-09-05T12:21:35.426+0000] {logging_mixin.py:151} INFO - [2023-09-05T12:21:35.425+0000] {dagbag.py:539} INFO - Filling up the DagBag from /opt/airflow/dags/dag_with_minio_s3.py
[2023-09-05T12:21:35.439+0000] {processor.py:839} INFO - DAG(s) dict_keys(['minio_s3_v01']) retrieved from /opt/airflow/dags/dag_with_minio_s3.py
[2023-09-05T12:21:35.466+0000] {logging_mixin.py:151} INFO - [2023-09-05T12:21:35.466+0000] {dag.py:2907} INFO - Sync 1 DAGs
[2023-09-05T12:21:35.518+0000] {processor.py:179} INFO - Processing /opt/airflow/dags/dag_with_minio_s3.py took 0.098 seconds
[2023-09-05T12:22:06.375+0000] {processor.py:157} INFO - Started process (PID=30401) to work on /opt/airflow/dags/dag_with_minio_s3.py
[2023-09-05T12:22:06.376+0000] {processor.py:829} INFO - Processing file /opt/airflow/dags/dag_with_minio_s3.py for tasks to queue
[2023-09-05T12:22:06.377+0000] {logging_mixin.py:151} INFO - [2023-09-05T12:22:06.376+0000] {dagbag.py:539} INFO - Filling up the DagBag from /opt/airflow/dags/dag_with_minio_s3.py
[2023-09-05T12:22:06.393+0000] {processor.py:839} INFO - DAG(s) dict_keys(['minio_s3_v01']) retrieved from /opt/airflow/dags/dag_with_minio_s3.py
[2023-09-05T12:22:06.421+0000] {logging_mixin.py:151} INFO - [2023-09-05T12:22:06.421+0000] {dag.py:2907} INFO - Sync 1 DAGs
[2023-09-05T12:22:06.478+0000] {processor.py:179} INFO - Processing /opt/airflow/dags/dag_with_minio_s3.py took 0.107 seconds
[2023-09-05T12:22:37.059+0000] {processor.py:157} INFO - Started process (PID=30454) to work on /opt/airflow/dags/dag_with_minio_s3.py
[2023-09-05T12:22:37.060+0000] {processor.py:829} INFO - Processing file /opt/airflow/dags/dag_with_minio_s3.py for tasks to queue
[2023-09-05T12:22:37.061+0000] {logging_mixin.py:151} INFO - [2023-09-05T12:22:37.061+0000] {dagbag.py:539} INFO - Filling up the DagBag from /opt/airflow/dags/dag_with_minio_s3.py
[2023-09-05T12:22:37.077+0000] {processor.py:839} INFO - DAG(s) dict_keys(['minio_s3_v01']) retrieved from /opt/airflow/dags/dag_with_minio_s3.py
[2023-09-05T12:22:37.116+0000] {logging_mixin.py:151} INFO - [2023-09-05T12:22:37.116+0000] {dag.py:2907} INFO - Sync 1 DAGs
[2023-09-05T12:22:37.178+0000] {processor.py:179} INFO - Processing /opt/airflow/dags/dag_with_minio_s3.py took 0.123 seconds
[2023-09-05T12:23:08.219+0000] {processor.py:157} INFO - Started process (PID=30520) to work on /opt/airflow/dags/dag_with_minio_s3.py
[2023-09-05T12:23:08.230+0000] {processor.py:829} INFO - Processing file /opt/airflow/dags/dag_with_minio_s3.py for tasks to queue
[2023-09-05T12:23:08.232+0000] {logging_mixin.py:151} INFO - [2023-09-05T12:23:08.231+0000] {dagbag.py:539} INFO - Filling up the DagBag from /opt/airflow/dags/dag_with_minio_s3.py
[2023-09-05T12:23:08.292+0000] {processor.py:839} INFO - DAG(s) dict_keys(['minio_s3_v01']) retrieved from /opt/airflow/dags/dag_with_minio_s3.py
[2023-09-05T12:23:08.390+0000] {logging_mixin.py:151} INFO - [2023-09-05T12:23:08.389+0000] {dag.py:2907} INFO - Sync 1 DAGs
[2023-09-05T12:23:08.576+0000] {processor.py:179} INFO - Processing /opt/airflow/dags/dag_with_minio_s3.py took 0.362 seconds
[2023-09-05T12:23:39.419+0000] {processor.py:157} INFO - Started process (PID=30621) to work on /opt/airflow/dags/dag_with_minio_s3.py
[2023-09-05T12:23:39.421+0000] {processor.py:829} INFO - Processing file /opt/airflow/dags/dag_with_minio_s3.py for tasks to queue
[2023-09-05T12:23:39.423+0000] {logging_mixin.py:151} INFO - [2023-09-05T12:23:39.423+0000] {dagbag.py:539} INFO - Filling up the DagBag from /opt/airflow/dags/dag_with_minio_s3.py
[2023-09-05T12:23:39.443+0000] {processor.py:839} INFO - DAG(s) dict_keys(['minio_s3_v01']) retrieved from /opt/airflow/dags/dag_with_minio_s3.py
[2023-09-05T12:23:39.482+0000] {logging_mixin.py:151} INFO - [2023-09-05T12:23:39.481+0000] {dag.py:2907} INFO - Sync 1 DAGs
[2023-09-05T12:23:39.545+0000] {processor.py:179} INFO - Processing /opt/airflow/dags/dag_with_minio_s3.py took 0.131 seconds
[2023-09-05T12:24:10.570+0000] {processor.py:157} INFO - Started process (PID=30673) to work on /opt/airflow/dags/dag_with_minio_s3.py
[2023-09-05T12:24:10.572+0000] {processor.py:829} INFO - Processing file /opt/airflow/dags/dag_with_minio_s3.py for tasks to queue
[2023-09-05T12:24:10.574+0000] {logging_mixin.py:151} INFO - [2023-09-05T12:24:10.573+0000] {dagbag.py:539} INFO - Filling up the DagBag from /opt/airflow/dags/dag_with_minio_s3.py
[2023-09-05T12:24:10.590+0000] {processor.py:839} INFO - DAG(s) dict_keys(['minio_s3_v01']) retrieved from /opt/airflow/dags/dag_with_minio_s3.py
[2023-09-05T12:24:10.623+0000] {logging_mixin.py:151} INFO - [2023-09-05T12:24:10.623+0000] {dag.py:2907} INFO - Sync 1 DAGs
[2023-09-05T12:24:10.683+0000] {processor.py:179} INFO - Processing /opt/airflow/dags/dag_with_minio_s3.py took 0.119 seconds
[2023-09-05T12:24:41.221+0000] {processor.py:157} INFO - Started process (PID=30725) to work on /opt/airflow/dags/dag_with_minio_s3.py
[2023-09-05T12:24:41.222+0000] {processor.py:829} INFO - Processing file /opt/airflow/dags/dag_with_minio_s3.py for tasks to queue
[2023-09-05T12:24:41.223+0000] {logging_mixin.py:151} INFO - [2023-09-05T12:24:41.223+0000] {dagbag.py:539} INFO - Filling up the DagBag from /opt/airflow/dags/dag_with_minio_s3.py
[2023-09-05T12:24:41.237+0000] {processor.py:839} INFO - DAG(s) dict_keys(['minio_s3_v01']) retrieved from /opt/airflow/dags/dag_with_minio_s3.py
[2023-09-05T12:24:41.271+0000] {logging_mixin.py:151} INFO - [2023-09-05T12:24:41.271+0000] {dag.py:2907} INFO - Sync 1 DAGs
[2023-09-05T12:24:41.340+0000] {processor.py:179} INFO - Processing /opt/airflow/dags/dag_with_minio_s3.py took 0.124 seconds
[2023-09-05T12:25:11.953+0000] {processor.py:157} INFO - Started process (PID=30784) to work on /opt/airflow/dags/dag_with_minio_s3.py
[2023-09-05T12:25:11.954+0000] {processor.py:829} INFO - Processing file /opt/airflow/dags/dag_with_minio_s3.py for tasks to queue
[2023-09-05T12:25:11.955+0000] {logging_mixin.py:151} INFO - [2023-09-05T12:25:11.955+0000] {dagbag.py:539} INFO - Filling up the DagBag from /opt/airflow/dags/dag_with_minio_s3.py
[2023-09-05T12:25:11.969+0000] {processor.py:839} INFO - DAG(s) dict_keys(['minio_s3_v01']) retrieved from /opt/airflow/dags/dag_with_minio_s3.py
[2023-09-05T12:25:11.995+0000] {logging_mixin.py:151} INFO - [2023-09-05T12:25:11.994+0000] {dag.py:2907} INFO - Sync 1 DAGs
[2023-09-05T12:25:12.040+0000] {processor.py:179} INFO - Processing /opt/airflow/dags/dag_with_minio_s3.py took 0.089 seconds
[2023-09-05T12:25:42.609+0000] {processor.py:157} INFO - Started process (PID=30836) to work on /opt/airflow/dags/dag_with_minio_s3.py
[2023-09-05T12:25:42.610+0000] {processor.py:829} INFO - Processing file /opt/airflow/dags/dag_with_minio_s3.py for tasks to queue
[2023-09-05T12:25:42.611+0000] {logging_mixin.py:151} INFO - [2023-09-05T12:25:42.610+0000] {dagbag.py:539} INFO - Filling up the DagBag from /opt/airflow/dags/dag_with_minio_s3.py
[2023-09-05T12:25:42.627+0000] {processor.py:839} INFO - DAG(s) dict_keys(['minio_s3_v01']) retrieved from /opt/airflow/dags/dag_with_minio_s3.py
[2023-09-05T12:25:42.659+0000] {logging_mixin.py:151} INFO - [2023-09-05T12:25:42.659+0000] {dag.py:2907} INFO - Sync 1 DAGs
[2023-09-05T12:25:42.715+0000] {processor.py:179} INFO - Processing /opt/airflow/dags/dag_with_minio_s3.py took 0.110 seconds
[2023-09-05T12:26:13.246+0000] {processor.py:157} INFO - Started process (PID=30888) to work on /opt/airflow/dags/dag_with_minio_s3.py
[2023-09-05T12:26:13.258+0000] {processor.py:829} INFO - Processing file /opt/airflow/dags/dag_with_minio_s3.py for tasks to queue
[2023-09-05T12:26:13.259+0000] {logging_mixin.py:151} INFO - [2023-09-05T12:26:13.259+0000] {dagbag.py:539} INFO - Filling up the DagBag from /opt/airflow/dags/dag_with_minio_s3.py
[2023-09-05T12:26:13.270+0000] {processor.py:839} INFO - DAG(s) dict_keys(['minio_s3_v01']) retrieved from /opt/airflow/dags/dag_with_minio_s3.py
[2023-09-05T12:26:13.296+0000] {logging_mixin.py:151} INFO - [2023-09-05T12:26:13.296+0000] {dag.py:2907} INFO - Sync 1 DAGs
[2023-09-05T12:26:13.348+0000] {processor.py:179} INFO - Processing /opt/airflow/dags/dag_with_minio_s3.py took 0.105 seconds
[2023-09-05T12:26:43.922+0000] {processor.py:157} INFO - Started process (PID=30941) to work on /opt/airflow/dags/dag_with_minio_s3.py
[2023-09-05T12:26:43.924+0000] {processor.py:829} INFO - Processing file /opt/airflow/dags/dag_with_minio_s3.py for tasks to queue
[2023-09-05T12:26:43.925+0000] {logging_mixin.py:151} INFO - [2023-09-05T12:26:43.925+0000] {dagbag.py:539} INFO - Filling up the DagBag from /opt/airflow/dags/dag_with_minio_s3.py
[2023-09-05T12:26:43.947+0000] {processor.py:839} INFO - DAG(s) dict_keys(['minio_s3_v01']) retrieved from /opt/airflow/dags/dag_with_minio_s3.py
[2023-09-05T12:26:43.997+0000] {logging_mixin.py:151} INFO - [2023-09-05T12:26:43.997+0000] {dag.py:2907} INFO - Sync 1 DAGs
[2023-09-05T12:26:44.071+0000] {processor.py:179} INFO - Processing /opt/airflow/dags/dag_with_minio_s3.py took 0.169 seconds
[2023-09-05T12:27:14.649+0000] {processor.py:157} INFO - Started process (PID=30993) to work on /opt/airflow/dags/dag_with_minio_s3.py
[2023-09-05T12:27:14.652+0000] {processor.py:829} INFO - Processing file /opt/airflow/dags/dag_with_minio_s3.py for tasks to queue
[2023-09-05T12:27:14.653+0000] {logging_mixin.py:151} INFO - [2023-09-05T12:27:14.653+0000] {dagbag.py:539} INFO - Filling up the DagBag from /opt/airflow/dags/dag_with_minio_s3.py
[2023-09-05T12:27:14.674+0000] {processor.py:839} INFO - DAG(s) dict_keys(['minio_s3_v01']) retrieved from /opt/airflow/dags/dag_with_minio_s3.py
[2023-09-05T12:27:14.722+0000] {logging_mixin.py:151} INFO - [2023-09-05T12:27:14.721+0000] {dag.py:2907} INFO - Sync 1 DAGs
[2023-09-05T12:27:14.808+0000] {processor.py:179} INFO - Processing /opt/airflow/dags/dag_with_minio_s3.py took 0.169 seconds
[2023-09-05T12:27:45.357+0000] {processor.py:157} INFO - Started process (PID=31045) to work on /opt/airflow/dags/dag_with_minio_s3.py
[2023-09-05T12:27:45.358+0000] {processor.py:829} INFO - Processing file /opt/airflow/dags/dag_with_minio_s3.py for tasks to queue
[2023-09-05T12:27:45.359+0000] {logging_mixin.py:151} INFO - [2023-09-05T12:27:45.359+0000] {dagbag.py:539} INFO - Filling up the DagBag from /opt/airflow/dags/dag_with_minio_s3.py
[2023-09-05T12:27:45.376+0000] {processor.py:839} INFO - DAG(s) dict_keys(['minio_s3_v01']) retrieved from /opt/airflow/dags/dag_with_minio_s3.py
[2023-09-05T12:27:45.411+0000] {logging_mixin.py:151} INFO - [2023-09-05T12:27:45.410+0000] {dag.py:2907} INFO - Sync 1 DAGs
[2023-09-05T12:27:45.469+0000] {processor.py:179} INFO - Processing /opt/airflow/dags/dag_with_minio_s3.py took 0.118 seconds
[2023-09-05T12:28:15.961+0000] {processor.py:157} INFO - Started process (PID=31129) to work on /opt/airflow/dags/dag_with_minio_s3.py
[2023-09-05T12:28:15.967+0000] {processor.py:829} INFO - Processing file /opt/airflow/dags/dag_with_minio_s3.py for tasks to queue
[2023-09-05T12:28:15.969+0000] {logging_mixin.py:151} INFO - [2023-09-05T12:28:15.968+0000] {dagbag.py:539} INFO - Filling up the DagBag from /opt/airflow/dags/dag_with_minio_s3.py
[2023-09-05T12:28:16.066+0000] {processor.py:839} INFO - DAG(s) dict_keys(['minio_s3_v01']) retrieved from /opt/airflow/dags/dag_with_minio_s3.py
[2023-09-05T12:28:16.383+0000] {logging_mixin.py:151} INFO - [2023-09-05T12:28:16.383+0000] {dag.py:2907} INFO - Sync 1 DAGs
[2023-09-05T12:28:16.661+0000] {processor.py:179} INFO - Processing /opt/airflow/dags/dag_with_minio_s3.py took 0.721 seconds
[2023-09-05T12:28:47.593+0000] {processor.py:157} INFO - Started process (PID=31277) to work on /opt/airflow/dags/dag_with_minio_s3.py
[2023-09-05T12:28:47.594+0000] {processor.py:829} INFO - Processing file /opt/airflow/dags/dag_with_minio_s3.py for tasks to queue
[2023-09-05T12:28:47.595+0000] {logging_mixin.py:151} INFO - [2023-09-05T12:28:47.595+0000] {dagbag.py:539} INFO - Filling up the DagBag from /opt/airflow/dags/dag_with_minio_s3.py
[2023-09-05T12:28:47.613+0000] {processor.py:839} INFO - DAG(s) dict_keys(['minio_s3_v01']) retrieved from /opt/airflow/dags/dag_with_minio_s3.py
[2023-09-05T12:28:47.645+0000] {logging_mixin.py:151} INFO - [2023-09-05T12:28:47.645+0000] {dag.py:2907} INFO - Sync 1 DAGs
[2023-09-05T12:28:47.713+0000] {processor.py:179} INFO - Processing /opt/airflow/dags/dag_with_minio_s3.py took 0.125 seconds
[2023-09-05T12:29:18.275+0000] {processor.py:157} INFO - Started process (PID=31329) to work on /opt/airflow/dags/dag_with_minio_s3.py
[2023-09-05T12:29:18.276+0000] {processor.py:829} INFO - Processing file /opt/airflow/dags/dag_with_minio_s3.py for tasks to queue
[2023-09-05T12:29:18.277+0000] {logging_mixin.py:151} INFO - [2023-09-05T12:29:18.277+0000] {dagbag.py:539} INFO - Filling up the DagBag from /opt/airflow/dags/dag_with_minio_s3.py
[2023-09-05T12:29:18.291+0000] {processor.py:839} INFO - DAG(s) dict_keys(['minio_s3_v01']) retrieved from /opt/airflow/dags/dag_with_minio_s3.py
[2023-09-05T12:29:18.320+0000] {logging_mixin.py:151} INFO - [2023-09-05T12:29:18.319+0000] {dag.py:2907} INFO - Sync 1 DAGs
[2023-09-05T12:29:18.380+0000] {processor.py:179} INFO - Processing /opt/airflow/dags/dag_with_minio_s3.py took 0.109 seconds
[2023-09-05T12:29:49.110+0000] {processor.py:157} INFO - Started process (PID=31381) to work on /opt/airflow/dags/dag_with_minio_s3.py
[2023-09-05T12:29:49.111+0000] {processor.py:829} INFO - Processing file /opt/airflow/dags/dag_with_minio_s3.py for tasks to queue
[2023-09-05T12:29:49.113+0000] {logging_mixin.py:151} INFO - [2023-09-05T12:29:49.112+0000] {dagbag.py:539} INFO - Filling up the DagBag from /opt/airflow/dags/dag_with_minio_s3.py
[2023-09-05T12:29:49.133+0000] {processor.py:839} INFO - DAG(s) dict_keys(['minio_s3_v01']) retrieved from /opt/airflow/dags/dag_with_minio_s3.py
[2023-09-05T12:29:49.172+0000] {logging_mixin.py:151} INFO - [2023-09-05T12:29:49.171+0000] {dag.py:2907} INFO - Sync 1 DAGs
[2023-09-05T12:29:49.237+0000] {processor.py:179} INFO - Processing /opt/airflow/dags/dag_with_minio_s3.py took 0.133 seconds
[2023-09-05T12:30:19.924+0000] {processor.py:157} INFO - Started process (PID=31433) to work on /opt/airflow/dags/dag_with_minio_s3.py
[2023-09-05T12:30:19.925+0000] {processor.py:829} INFO - Processing file /opt/airflow/dags/dag_with_minio_s3.py for tasks to queue
[2023-09-05T12:30:19.926+0000] {logging_mixin.py:151} INFO - [2023-09-05T12:30:19.925+0000] {dagbag.py:539} INFO - Filling up the DagBag from /opt/airflow/dags/dag_with_minio_s3.py
[2023-09-05T12:30:19.938+0000] {processor.py:839} INFO - DAG(s) dict_keys(['minio_s3_v01']) retrieved from /opt/airflow/dags/dag_with_minio_s3.py
[2023-09-05T12:30:19.963+0000] {logging_mixin.py:151} INFO - [2023-09-05T12:30:19.962+0000] {dag.py:2907} INFO - Sync 1 DAGs
[2023-09-05T12:30:20.024+0000] {processor.py:179} INFO - Processing /opt/airflow/dags/dag_with_minio_s3.py took 0.104 seconds
[2023-09-05T12:30:50.554+0000] {processor.py:157} INFO - Started process (PID=31485) to work on /opt/airflow/dags/dag_with_minio_s3.py
[2023-09-05T12:30:50.555+0000] {processor.py:829} INFO - Processing file /opt/airflow/dags/dag_with_minio_s3.py for tasks to queue
[2023-09-05T12:30:50.556+0000] {logging_mixin.py:151} INFO - [2023-09-05T12:30:50.556+0000] {dagbag.py:539} INFO - Filling up the DagBag from /opt/airflow/dags/dag_with_minio_s3.py
[2023-09-05T12:30:50.574+0000] {processor.py:839} INFO - DAG(s) dict_keys(['minio_s3_v01']) retrieved from /opt/airflow/dags/dag_with_minio_s3.py
[2023-09-05T12:30:50.604+0000] {logging_mixin.py:151} INFO - [2023-09-05T12:30:50.604+0000] {dag.py:2907} INFO - Sync 1 DAGs
[2023-09-05T12:30:50.658+0000] {processor.py:179} INFO - Processing /opt/airflow/dags/dag_with_minio_s3.py took 0.108 seconds
[2023-09-05T12:31:21.217+0000] {processor.py:157} INFO - Started process (PID=31537) to work on /opt/airflow/dags/dag_with_minio_s3.py
[2023-09-05T12:31:21.218+0000] {processor.py:829} INFO - Processing file /opt/airflow/dags/dag_with_minio_s3.py for tasks to queue
[2023-09-05T12:31:21.219+0000] {logging_mixin.py:151} INFO - [2023-09-05T12:31:21.219+0000] {dagbag.py:539} INFO - Filling up the DagBag from /opt/airflow/dags/dag_with_minio_s3.py
[2023-09-05T12:31:21.232+0000] {processor.py:839} INFO - DAG(s) dict_keys(['minio_s3_v01']) retrieved from /opt/airflow/dags/dag_with_minio_s3.py
[2023-09-05T12:31:21.259+0000] {logging_mixin.py:151} INFO - [2023-09-05T12:31:21.259+0000] {dag.py:2907} INFO - Sync 1 DAGs
[2023-09-05T12:31:21.305+0000] {processor.py:179} INFO - Processing /opt/airflow/dags/dag_with_minio_s3.py took 0.091 seconds
[2023-09-05T12:31:51.858+0000] {processor.py:157} INFO - Started process (PID=31589) to work on /opt/airflow/dags/dag_with_minio_s3.py
[2023-09-05T12:31:51.860+0000] {processor.py:829} INFO - Processing file /opt/airflow/dags/dag_with_minio_s3.py for tasks to queue
[2023-09-05T12:31:51.861+0000] {logging_mixin.py:151} INFO - [2023-09-05T12:31:51.860+0000] {dagbag.py:539} INFO - Filling up the DagBag from /opt/airflow/dags/dag_with_minio_s3.py
[2023-09-05T12:31:51.876+0000] {processor.py:839} INFO - DAG(s) dict_keys(['minio_s3_v01']) retrieved from /opt/airflow/dags/dag_with_minio_s3.py
[2023-09-05T12:31:51.903+0000] {logging_mixin.py:151} INFO - [2023-09-05T12:31:51.903+0000] {dag.py:2907} INFO - Sync 1 DAGs
[2023-09-05T12:31:51.959+0000] {processor.py:179} INFO - Processing /opt/airflow/dags/dag_with_minio_s3.py took 0.105 seconds
[2023-09-05T12:32:22.395+0000] {processor.py:157} INFO - Started process (PID=31641) to work on /opt/airflow/dags/dag_with_minio_s3.py
[2023-09-05T12:32:22.397+0000] {processor.py:829} INFO - Processing file /opt/airflow/dags/dag_with_minio_s3.py for tasks to queue
[2023-09-05T12:32:22.398+0000] {logging_mixin.py:151} INFO - [2023-09-05T12:32:22.398+0000] {dagbag.py:539} INFO - Filling up the DagBag from /opt/airflow/dags/dag_with_minio_s3.py
[2023-09-05T12:32:22.411+0000] {processor.py:839} INFO - DAG(s) dict_keys(['minio_s3_v01']) retrieved from /opt/airflow/dags/dag_with_minio_s3.py
[2023-09-05T12:32:22.436+0000] {logging_mixin.py:151} INFO - [2023-09-05T12:32:22.436+0000] {dag.py:2907} INFO - Sync 1 DAGs
[2023-09-05T12:32:22.491+0000] {processor.py:179} INFO - Processing /opt/airflow/dags/dag_with_minio_s3.py took 0.100 seconds
[2023-09-05T12:32:52.939+0000] {processor.py:157} INFO - Started process (PID=31694) to work on /opt/airflow/dags/dag_with_minio_s3.py
[2023-09-05T12:32:52.940+0000] {processor.py:829} INFO - Processing file /opt/airflow/dags/dag_with_minio_s3.py for tasks to queue
[2023-09-05T12:32:52.940+0000] {logging_mixin.py:151} INFO - [2023-09-05T12:32:52.940+0000] {dagbag.py:539} INFO - Filling up the DagBag from /opt/airflow/dags/dag_with_minio_s3.py
[2023-09-05T12:32:52.954+0000] {processor.py:839} INFO - DAG(s) dict_keys(['minio_s3_v01']) retrieved from /opt/airflow/dags/dag_with_minio_s3.py
[2023-09-05T12:32:52.980+0000] {logging_mixin.py:151} INFO - [2023-09-05T12:32:52.980+0000] {dag.py:2907} INFO - Sync 1 DAGs
[2023-09-05T12:32:53.033+0000] {processor.py:179} INFO - Processing /opt/airflow/dags/dag_with_minio_s3.py took 0.097 seconds
