[2023-09-05T12:17:59.579+0000] {processor.py:157} INFO - Started process (PID=29925) to work on /opt/airflow/dags/dag_with_catchup_backfill.py
[2023-09-05T12:17:59.602+0000] {processor.py:829} INFO - Processing file /opt/airflow/dags/dag_with_catchup_backfill.py for tasks to queue
[2023-09-05T12:17:59.605+0000] {logging_mixin.py:151} INFO - [2023-09-05T12:17:59.604+0000] {dagbag.py:539} INFO - Filling up the DagBag from /opt/airflow/dags/dag_with_catchup_backfill.py
[2023-09-05T12:17:59.690+0000] {processor.py:839} INFO - DAG(s) dict_keys(['dag_with_catchup_backfill_v01']) retrieved from /opt/airflow/dags/dag_with_catchup_backfill.py
[2023-09-05T12:17:59.853+0000] {logging_mixin.py:151} INFO - [2023-09-05T12:17:59.840+0000] {dag.py:2907} INFO - Sync 1 DAGs
[2023-09-05T12:18:00.005+0000] {logging_mixin.py:151} INFO - [2023-09-05T12:18:00.004+0000] {dag.py:3677} INFO - Setting next_dagrun for dag_with_catchup_backfill_v01 to 2023-01-01T00:00:00+00:00, run_after=2023-01-02T00:00:00+00:00
[2023-09-05T12:18:00.107+0000] {processor.py:179} INFO - Processing /opt/airflow/dags/dag_with_catchup_backfill.py took 0.557 seconds
[2023-09-05T12:18:30.730+0000] {processor.py:157} INFO - Started process (PID=30027) to work on /opt/airflow/dags/dag_with_catchup_backfill.py
[2023-09-05T12:18:30.731+0000] {processor.py:829} INFO - Processing file /opt/airflow/dags/dag_with_catchup_backfill.py for tasks to queue
[2023-09-05T12:18:30.732+0000] {logging_mixin.py:151} INFO - [2023-09-05T12:18:30.732+0000] {dagbag.py:539} INFO - Filling up the DagBag from /opt/airflow/dags/dag_with_catchup_backfill.py
[2023-09-05T12:18:30.748+0000] {processor.py:839} INFO - DAG(s) dict_keys(['dag_with_catchup_backfill_v01']) retrieved from /opt/airflow/dags/dag_with_catchup_backfill.py
[2023-09-05T12:18:30.775+0000] {logging_mixin.py:151} INFO - [2023-09-05T12:18:30.775+0000] {dag.py:2907} INFO - Sync 1 DAGs
[2023-09-05T12:18:30.804+0000] {logging_mixin.py:151} INFO - [2023-09-05T12:18:30.804+0000] {dag.py:3677} INFO - Setting next_dagrun for dag_with_catchup_backfill_v01 to 2023-01-01T00:00:00+00:00, run_after=2023-01-02T00:00:00+00:00
[2023-09-05T12:18:30.829+0000] {processor.py:179} INFO - Processing /opt/airflow/dags/dag_with_catchup_backfill.py took 0.104 seconds
[2023-09-05T12:19:01.561+0000] {processor.py:157} INFO - Started process (PID=30079) to work on /opt/airflow/dags/dag_with_catchup_backfill.py
[2023-09-05T12:19:01.591+0000] {processor.py:829} INFO - Processing file /opt/airflow/dags/dag_with_catchup_backfill.py for tasks to queue
[2023-09-05T12:19:01.592+0000] {logging_mixin.py:151} INFO - [2023-09-05T12:19:01.592+0000] {dagbag.py:539} INFO - Filling up the DagBag from /opt/airflow/dags/dag_with_catchup_backfill.py
[2023-09-05T12:19:01.604+0000] {processor.py:839} INFO - DAG(s) dict_keys(['dag_with_catchup_backfill_v01']) retrieved from /opt/airflow/dags/dag_with_catchup_backfill.py
[2023-09-05T12:19:01.630+0000] {logging_mixin.py:151} INFO - [2023-09-05T12:19:01.629+0000] {dag.py:2907} INFO - Sync 1 DAGs
[2023-09-05T12:19:01.662+0000] {logging_mixin.py:151} INFO - [2023-09-05T12:19:01.661+0000] {dag.py:3677} INFO - Setting next_dagrun for dag_with_catchup_backfill_v01 to 2023-01-01T00:00:00+00:00, run_after=2023-01-02T00:00:00+00:00
[2023-09-05T12:19:01.700+0000] {processor.py:179} INFO - Processing /opt/airflow/dags/dag_with_catchup_backfill.py took 0.143 seconds
[2023-09-05T12:19:31.937+0000] {processor.py:157} INFO - Started process (PID=30131) to work on /opt/airflow/dags/dag_with_catchup_backfill.py
[2023-09-05T12:19:31.949+0000] {processor.py:829} INFO - Processing file /opt/airflow/dags/dag_with_catchup_backfill.py for tasks to queue
[2023-09-05T12:19:31.951+0000] {logging_mixin.py:151} INFO - [2023-09-05T12:19:31.950+0000] {dagbag.py:539} INFO - Filling up the DagBag from /opt/airflow/dags/dag_with_catchup_backfill.py
[2023-09-05T12:19:31.966+0000] {processor.py:839} INFO - DAG(s) dict_keys(['dag_with_catchup_backfill_v01']) retrieved from /opt/airflow/dags/dag_with_catchup_backfill.py
[2023-09-05T12:19:32.000+0000] {logging_mixin.py:151} INFO - [2023-09-05T12:19:32.000+0000] {dag.py:2907} INFO - Sync 1 DAGs
[2023-09-05T12:19:32.037+0000] {logging_mixin.py:151} INFO - [2023-09-05T12:19:32.037+0000] {dag.py:3677} INFO - Setting next_dagrun for dag_with_catchup_backfill_v01 to 2023-01-01T00:00:00+00:00, run_after=2023-01-02T00:00:00+00:00
[2023-09-05T12:19:32.064+0000] {processor.py:179} INFO - Processing /opt/airflow/dags/dag_with_catchup_backfill.py took 0.135 seconds
[2023-09-05T12:20:02.753+0000] {processor.py:157} INFO - Started process (PID=30183) to work on /opt/airflow/dags/dag_with_catchup_backfill.py
[2023-09-05T12:20:02.754+0000] {processor.py:829} INFO - Processing file /opt/airflow/dags/dag_with_catchup_backfill.py for tasks to queue
[2023-09-05T12:20:02.756+0000] {logging_mixin.py:151} INFO - [2023-09-05T12:20:02.756+0000] {dagbag.py:539} INFO - Filling up the DagBag from /opt/airflow/dags/dag_with_catchup_backfill.py
[2023-09-05T12:20:02.775+0000] {processor.py:839} INFO - DAG(s) dict_keys(['dag_with_catchup_backfill_v01']) retrieved from /opt/airflow/dags/dag_with_catchup_backfill.py
[2023-09-05T12:20:02.805+0000] {logging_mixin.py:151} INFO - [2023-09-05T12:20:02.805+0000] {dag.py:2907} INFO - Sync 1 DAGs
[2023-09-05T12:20:02.841+0000] {logging_mixin.py:151} INFO - [2023-09-05T12:20:02.840+0000] {dag.py:3677} INFO - Setting next_dagrun for dag_with_catchup_backfill_v01 to 2023-01-01T00:00:00+00:00, run_after=2023-01-02T00:00:00+00:00
[2023-09-05T12:20:02.868+0000] {processor.py:179} INFO - Processing /opt/airflow/dags/dag_with_catchup_backfill.py took 0.119 seconds
[2023-09-05T12:20:33.659+0000] {processor.py:157} INFO - Started process (PID=30235) to work on /opt/airflow/dags/dag_with_catchup_backfill.py
[2023-09-05T12:20:33.662+0000] {processor.py:829} INFO - Processing file /opt/airflow/dags/dag_with_catchup_backfill.py for tasks to queue
[2023-09-05T12:20:33.663+0000] {logging_mixin.py:151} INFO - [2023-09-05T12:20:33.663+0000] {dagbag.py:539} INFO - Filling up the DagBag from /opt/airflow/dags/dag_with_catchup_backfill.py
[2023-09-05T12:20:33.678+0000] {processor.py:839} INFO - DAG(s) dict_keys(['dag_with_catchup_backfill_v01']) retrieved from /opt/airflow/dags/dag_with_catchup_backfill.py
[2023-09-05T12:20:33.711+0000] {logging_mixin.py:151} INFO - [2023-09-05T12:20:33.710+0000] {dag.py:2907} INFO - Sync 1 DAGs
[2023-09-05T12:20:33.747+0000] {logging_mixin.py:151} INFO - [2023-09-05T12:20:33.747+0000] {dag.py:3677} INFO - Setting next_dagrun for dag_with_catchup_backfill_v01 to 2023-01-01T00:00:00+00:00, run_after=2023-01-02T00:00:00+00:00
[2023-09-05T12:20:33.773+0000] {processor.py:179} INFO - Processing /opt/airflow/dags/dag_with_catchup_backfill.py took 0.119 seconds
[2023-09-05T12:21:04.442+0000] {processor.py:157} INFO - Started process (PID=30287) to work on /opt/airflow/dags/dag_with_catchup_backfill.py
[2023-09-05T12:21:04.444+0000] {processor.py:829} INFO - Processing file /opt/airflow/dags/dag_with_catchup_backfill.py for tasks to queue
[2023-09-05T12:21:04.445+0000] {logging_mixin.py:151} INFO - [2023-09-05T12:21:04.445+0000] {dagbag.py:539} INFO - Filling up the DagBag from /opt/airflow/dags/dag_with_catchup_backfill.py
[2023-09-05T12:21:04.465+0000] {processor.py:839} INFO - DAG(s) dict_keys(['dag_with_catchup_backfill_v01']) retrieved from /opt/airflow/dags/dag_with_catchup_backfill.py
[2023-09-05T12:21:04.505+0000] {logging_mixin.py:151} INFO - [2023-09-05T12:21:04.504+0000] {dag.py:2907} INFO - Sync 1 DAGs
[2023-09-05T12:21:04.537+0000] {logging_mixin.py:151} INFO - [2023-09-05T12:21:04.537+0000] {dag.py:3677} INFO - Setting next_dagrun for dag_with_catchup_backfill_v01 to 2023-01-01T00:00:00+00:00, run_after=2023-01-02T00:00:00+00:00
[2023-09-05T12:21:04.563+0000] {processor.py:179} INFO - Processing /opt/airflow/dags/dag_with_catchup_backfill.py took 0.127 seconds
[2023-09-05T12:21:35.269+0000] {processor.py:157} INFO - Started process (PID=30339) to work on /opt/airflow/dags/dag_with_catchup_backfill.py
[2023-09-05T12:21:35.270+0000] {processor.py:829} INFO - Processing file /opt/airflow/dags/dag_with_catchup_backfill.py for tasks to queue
[2023-09-05T12:21:35.272+0000] {logging_mixin.py:151} INFO - [2023-09-05T12:21:35.271+0000] {dagbag.py:539} INFO - Filling up the DagBag from /opt/airflow/dags/dag_with_catchup_backfill.py
[2023-09-05T12:21:35.290+0000] {processor.py:839} INFO - DAG(s) dict_keys(['dag_with_catchup_backfill_v01']) retrieved from /opt/airflow/dags/dag_with_catchup_backfill.py
[2023-09-05T12:21:35.323+0000] {logging_mixin.py:151} INFO - [2023-09-05T12:21:35.323+0000] {dag.py:2907} INFO - Sync 1 DAGs
[2023-09-05T12:21:35.358+0000] {logging_mixin.py:151} INFO - [2023-09-05T12:21:35.358+0000] {dag.py:3677} INFO - Setting next_dagrun for dag_with_catchup_backfill_v01 to 2023-01-01T00:00:00+00:00, run_after=2023-01-02T00:00:00+00:00
[2023-09-05T12:21:35.391+0000] {processor.py:179} INFO - Processing /opt/airflow/dags/dag_with_catchup_backfill.py took 0.127 seconds
[2023-09-05T12:22:06.236+0000] {processor.py:157} INFO - Started process (PID=30391) to work on /opt/airflow/dags/dag_with_catchup_backfill.py
[2023-09-05T12:22:06.237+0000] {processor.py:829} INFO - Processing file /opt/airflow/dags/dag_with_catchup_backfill.py for tasks to queue
[2023-09-05T12:22:06.238+0000] {logging_mixin.py:151} INFO - [2023-09-05T12:22:06.238+0000] {dagbag.py:539} INFO - Filling up the DagBag from /opt/airflow/dags/dag_with_catchup_backfill.py
[2023-09-05T12:22:06.254+0000] {processor.py:839} INFO - DAG(s) dict_keys(['dag_with_catchup_backfill_v01']) retrieved from /opt/airflow/dags/dag_with_catchup_backfill.py
[2023-09-05T12:22:06.282+0000] {logging_mixin.py:151} INFO - [2023-09-05T12:22:06.282+0000] {dag.py:2907} INFO - Sync 1 DAGs
[2023-09-05T12:22:06.315+0000] {logging_mixin.py:151} INFO - [2023-09-05T12:22:06.315+0000] {dag.py:3677} INFO - Setting next_dagrun for dag_with_catchup_backfill_v01 to 2023-01-01T00:00:00+00:00, run_after=2023-01-02T00:00:00+00:00
[2023-09-05T12:22:06.345+0000] {processor.py:179} INFO - Processing /opt/airflow/dags/dag_with_catchup_backfill.py took 0.115 seconds
[2023-09-05T12:22:36.908+0000] {processor.py:157} INFO - Started process (PID=30444) to work on /opt/airflow/dags/dag_with_catchup_backfill.py
[2023-09-05T12:22:36.909+0000] {processor.py:829} INFO - Processing file /opt/airflow/dags/dag_with_catchup_backfill.py for tasks to queue
[2023-09-05T12:22:36.910+0000] {logging_mixin.py:151} INFO - [2023-09-05T12:22:36.910+0000] {dagbag.py:539} INFO - Filling up the DagBag from /opt/airflow/dags/dag_with_catchup_backfill.py
[2023-09-05T12:22:36.924+0000] {processor.py:839} INFO - DAG(s) dict_keys(['dag_with_catchup_backfill_v01']) retrieved from /opt/airflow/dags/dag_with_catchup_backfill.py
[2023-09-05T12:22:36.950+0000] {logging_mixin.py:151} INFO - [2023-09-05T12:22:36.950+0000] {dag.py:2907} INFO - Sync 1 DAGs
[2023-09-05T12:22:36.979+0000] {logging_mixin.py:151} INFO - [2023-09-05T12:22:36.979+0000] {dag.py:3677} INFO - Setting next_dagrun for dag_with_catchup_backfill_v01 to 2023-01-01T00:00:00+00:00, run_after=2023-01-02T00:00:00+00:00
[2023-09-05T12:22:37.028+0000] {processor.py:179} INFO - Processing /opt/airflow/dags/dag_with_catchup_backfill.py took 0.124 seconds
[2023-09-05T12:23:07.744+0000] {processor.py:157} INFO - Started process (PID=30512) to work on /opt/airflow/dags/dag_with_catchup_backfill.py
[2023-09-05T12:23:07.771+0000] {processor.py:829} INFO - Processing file /opt/airflow/dags/dag_with_catchup_backfill.py for tasks to queue
[2023-09-05T12:23:07.774+0000] {logging_mixin.py:151} INFO - [2023-09-05T12:23:07.773+0000] {dagbag.py:539} INFO - Filling up the DagBag from /opt/airflow/dags/dag_with_catchup_backfill.py
[2023-09-05T12:23:07.863+0000] {processor.py:839} INFO - DAG(s) dict_keys(['dag_with_catchup_backfill_v01']) retrieved from /opt/airflow/dags/dag_with_catchup_backfill.py
[2023-09-05T12:23:07.943+0000] {logging_mixin.py:151} INFO - [2023-09-05T12:23:07.942+0000] {dag.py:2907} INFO - Sync 1 DAGs
[2023-09-05T12:23:08.019+0000] {logging_mixin.py:151} INFO - [2023-09-05T12:23:08.019+0000] {dag.py:3677} INFO - Setting next_dagrun for dag_with_catchup_backfill_v01 to 2023-01-01T00:00:00+00:00, run_after=2023-01-02T00:00:00+00:00
[2023-09-05T12:23:08.086+0000] {processor.py:179} INFO - Processing /opt/airflow/dags/dag_with_catchup_backfill.py took 0.356 seconds
[2023-09-05T12:23:38.256+0000] {processor.py:157} INFO - Started process (PID=30611) to work on /opt/airflow/dags/dag_with_catchup_backfill.py
[2023-09-05T12:23:38.257+0000] {processor.py:829} INFO - Processing file /opt/airflow/dags/dag_with_catchup_backfill.py for tasks to queue
[2023-09-05T12:23:38.259+0000] {logging_mixin.py:151} INFO - [2023-09-05T12:23:38.258+0000] {dagbag.py:539} INFO - Filling up the DagBag from /opt/airflow/dags/dag_with_catchup_backfill.py
[2023-09-05T12:23:38.276+0000] {processor.py:839} INFO - DAG(s) dict_keys(['dag_with_catchup_backfill_v01']) retrieved from /opt/airflow/dags/dag_with_catchup_backfill.py
[2023-09-05T12:23:38.311+0000] {logging_mixin.py:151} INFO - [2023-09-05T12:23:38.310+0000] {dag.py:2907} INFO - Sync 1 DAGs
[2023-09-05T12:23:38.343+0000] {logging_mixin.py:151} INFO - [2023-09-05T12:23:38.343+0000] {dag.py:3677} INFO - Setting next_dagrun for dag_with_catchup_backfill_v01 to 2023-01-01T00:00:00+00:00, run_after=2023-01-02T00:00:00+00:00
[2023-09-05T12:23:38.373+0000] {processor.py:179} INFO - Processing /opt/airflow/dags/dag_with_catchup_backfill.py took 0.122 seconds
[2023-09-05T12:24:08.438+0000] {processor.py:157} INFO - Started process (PID=30663) to work on /opt/airflow/dags/dag_with_catchup_backfill.py
[2023-09-05T12:24:08.439+0000] {processor.py:829} INFO - Processing file /opt/airflow/dags/dag_with_catchup_backfill.py for tasks to queue
[2023-09-05T12:24:08.440+0000] {logging_mixin.py:151} INFO - [2023-09-05T12:24:08.440+0000] {dagbag.py:539} INFO - Filling up the DagBag from /opt/airflow/dags/dag_with_catchup_backfill.py
[2023-09-05T12:24:08.453+0000] {processor.py:839} INFO - DAG(s) dict_keys(['dag_with_catchup_backfill_v01']) retrieved from /opt/airflow/dags/dag_with_catchup_backfill.py
[2023-09-05T12:24:08.478+0000] {logging_mixin.py:151} INFO - [2023-09-05T12:24:08.478+0000] {dag.py:2907} INFO - Sync 1 DAGs
[2023-09-05T12:24:08.505+0000] {logging_mixin.py:151} INFO - [2023-09-05T12:24:08.505+0000] {dag.py:3677} INFO - Setting next_dagrun for dag_with_catchup_backfill_v01 to 2023-01-01T00:00:00+00:00, run_after=2023-01-02T00:00:00+00:00
[2023-09-05T12:24:08.528+0000] {processor.py:179} INFO - Processing /opt/airflow/dags/dag_with_catchup_backfill.py took 0.095 seconds
[2023-09-05T12:24:39.104+0000] {processor.py:157} INFO - Started process (PID=30715) to work on /opt/airflow/dags/dag_with_catchup_backfill.py
[2023-09-05T12:24:39.105+0000] {processor.py:829} INFO - Processing file /opt/airflow/dags/dag_with_catchup_backfill.py for tasks to queue
[2023-09-05T12:24:39.106+0000] {logging_mixin.py:151} INFO - [2023-09-05T12:24:39.106+0000] {dagbag.py:539} INFO - Filling up the DagBag from /opt/airflow/dags/dag_with_catchup_backfill.py
[2023-09-05T12:24:39.117+0000] {processor.py:839} INFO - DAG(s) dict_keys(['dag_with_catchup_backfill_v01']) retrieved from /opt/airflow/dags/dag_with_catchup_backfill.py
[2023-09-05T12:24:39.141+0000] {logging_mixin.py:151} INFO - [2023-09-05T12:24:39.141+0000] {dag.py:2907} INFO - Sync 1 DAGs
[2023-09-05T12:24:39.164+0000] {logging_mixin.py:151} INFO - [2023-09-05T12:24:39.164+0000] {dag.py:3677} INFO - Setting next_dagrun for dag_with_catchup_backfill_v01 to 2023-01-01T00:00:00+00:00, run_after=2023-01-02T00:00:00+00:00
[2023-09-05T12:24:39.183+0000] {processor.py:179} INFO - Processing /opt/airflow/dags/dag_with_catchup_backfill.py took 0.083 seconds
[2023-09-05T12:25:09.825+0000] {processor.py:157} INFO - Started process (PID=30767) to work on /opt/airflow/dags/dag_with_catchup_backfill.py
[2023-09-05T12:25:09.826+0000] {processor.py:829} INFO - Processing file /opt/airflow/dags/dag_with_catchup_backfill.py for tasks to queue
[2023-09-05T12:25:09.828+0000] {logging_mixin.py:151} INFO - [2023-09-05T12:25:09.827+0000] {dagbag.py:539} INFO - Filling up the DagBag from /opt/airflow/dags/dag_with_catchup_backfill.py
[2023-09-05T12:25:09.841+0000] {processor.py:839} INFO - DAG(s) dict_keys(['dag_with_catchup_backfill_v01']) retrieved from /opt/airflow/dags/dag_with_catchup_backfill.py
[2023-09-05T12:25:09.869+0000] {logging_mixin.py:151} INFO - [2023-09-05T12:25:09.869+0000] {dag.py:2907} INFO - Sync 1 DAGs
[2023-09-05T12:25:09.902+0000] {logging_mixin.py:151} INFO - [2023-09-05T12:25:09.902+0000] {dag.py:3677} INFO - Setting next_dagrun for dag_with_catchup_backfill_v01 to 2023-01-01T00:00:00+00:00, run_after=2023-01-02T00:00:00+00:00
[2023-09-05T12:25:09.920+0000] {processor.py:179} INFO - Processing /opt/airflow/dags/dag_with_catchup_backfill.py took 0.099 seconds
[2023-09-05T12:25:40.443+0000] {processor.py:157} INFO - Started process (PID=30819) to work on /opt/airflow/dags/dag_with_catchup_backfill.py
[2023-09-05T12:25:40.451+0000] {processor.py:829} INFO - Processing file /opt/airflow/dags/dag_with_catchup_backfill.py for tasks to queue
[2023-09-05T12:25:40.452+0000] {logging_mixin.py:151} INFO - [2023-09-05T12:25:40.452+0000] {dagbag.py:539} INFO - Filling up the DagBag from /opt/airflow/dags/dag_with_catchup_backfill.py
[2023-09-05T12:25:40.468+0000] {processor.py:839} INFO - DAG(s) dict_keys(['dag_with_catchup_backfill_v01']) retrieved from /opt/airflow/dags/dag_with_catchup_backfill.py
[2023-09-05T12:25:40.501+0000] {logging_mixin.py:151} INFO - [2023-09-05T12:25:40.500+0000] {dag.py:2907} INFO - Sync 1 DAGs
[2023-09-05T12:25:40.545+0000] {logging_mixin.py:151} INFO - [2023-09-05T12:25:40.544+0000] {dag.py:3677} INFO - Setting next_dagrun for dag_with_catchup_backfill_v01 to 2023-01-01T00:00:00+00:00, run_after=2023-01-02T00:00:00+00:00
[2023-09-05T12:25:40.572+0000] {processor.py:179} INFO - Processing /opt/airflow/dags/dag_with_catchup_backfill.py took 0.137 seconds
[2023-09-05T12:26:11.129+0000] {processor.py:157} INFO - Started process (PID=30871) to work on /opt/airflow/dags/dag_with_catchup_backfill.py
[2023-09-05T12:26:11.131+0000] {processor.py:829} INFO - Processing file /opt/airflow/dags/dag_with_catchup_backfill.py for tasks to queue
[2023-09-05T12:26:11.131+0000] {logging_mixin.py:151} INFO - [2023-09-05T12:26:11.131+0000] {dagbag.py:539} INFO - Filling up the DagBag from /opt/airflow/dags/dag_with_catchup_backfill.py
[2023-09-05T12:26:11.141+0000] {processor.py:839} INFO - DAG(s) dict_keys(['dag_with_catchup_backfill_v01']) retrieved from /opt/airflow/dags/dag_with_catchup_backfill.py
[2023-09-05T12:26:11.163+0000] {logging_mixin.py:151} INFO - [2023-09-05T12:26:11.163+0000] {dag.py:2907} INFO - Sync 1 DAGs
[2023-09-05T12:26:11.190+0000] {logging_mixin.py:151} INFO - [2023-09-05T12:26:11.190+0000] {dag.py:3677} INFO - Setting next_dagrun for dag_with_catchup_backfill_v01 to 2023-01-01T00:00:00+00:00, run_after=2023-01-02T00:00:00+00:00
[2023-09-05T12:26:11.213+0000] {processor.py:179} INFO - Processing /opt/airflow/dags/dag_with_catchup_backfill.py took 0.087 seconds
[2023-09-05T12:26:41.737+0000] {processor.py:157} INFO - Started process (PID=30923) to work on /opt/airflow/dags/dag_with_catchup_backfill.py
[2023-09-05T12:26:41.738+0000] {processor.py:829} INFO - Processing file /opt/airflow/dags/dag_with_catchup_backfill.py for tasks to queue
[2023-09-05T12:26:41.740+0000] {logging_mixin.py:151} INFO - [2023-09-05T12:26:41.740+0000] {dagbag.py:539} INFO - Filling up the DagBag from /opt/airflow/dags/dag_with_catchup_backfill.py
[2023-09-05T12:26:41.755+0000] {processor.py:839} INFO - DAG(s) dict_keys(['dag_with_catchup_backfill_v01']) retrieved from /opt/airflow/dags/dag_with_catchup_backfill.py
[2023-09-05T12:26:41.794+0000] {logging_mixin.py:151} INFO - [2023-09-05T12:26:41.794+0000] {dag.py:2907} INFO - Sync 1 DAGs
[2023-09-05T12:26:41.833+0000] {logging_mixin.py:151} INFO - [2023-09-05T12:26:41.833+0000] {dag.py:3677} INFO - Setting next_dagrun for dag_with_catchup_backfill_v01 to 2023-01-01T00:00:00+00:00, run_after=2023-01-02T00:00:00+00:00
[2023-09-05T12:26:41.865+0000] {processor.py:179} INFO - Processing /opt/airflow/dags/dag_with_catchup_backfill.py took 0.135 seconds
[2023-09-05T12:27:12.604+0000] {processor.py:157} INFO - Started process (PID=30983) to work on /opt/airflow/dags/dag_with_catchup_backfill.py
[2023-09-05T12:27:12.610+0000] {processor.py:829} INFO - Processing file /opt/airflow/dags/dag_with_catchup_backfill.py for tasks to queue
[2023-09-05T12:27:12.612+0000] {logging_mixin.py:151} INFO - [2023-09-05T12:27:12.611+0000] {dagbag.py:539} INFO - Filling up the DagBag from /opt/airflow/dags/dag_with_catchup_backfill.py
[2023-09-05T12:27:12.640+0000] {processor.py:839} INFO - DAG(s) dict_keys(['dag_with_catchup_backfill_v01']) retrieved from /opt/airflow/dags/dag_with_catchup_backfill.py
[2023-09-05T12:27:12.673+0000] {logging_mixin.py:151} INFO - [2023-09-05T12:27:12.673+0000] {dag.py:2907} INFO - Sync 1 DAGs
[2023-09-05T12:27:12.715+0000] {logging_mixin.py:151} INFO - [2023-09-05T12:27:12.714+0000] {dag.py:3677} INFO - Setting next_dagrun for dag_with_catchup_backfill_v01 to 2023-01-01T00:00:00+00:00, run_after=2023-01-02T00:00:00+00:00
[2023-09-05T12:27:12.743+0000] {processor.py:179} INFO - Processing /opt/airflow/dags/dag_with_catchup_backfill.py took 0.146 seconds
[2023-09-05T12:27:43.200+0000] {processor.py:157} INFO - Started process (PID=31035) to work on /opt/airflow/dags/dag_with_catchup_backfill.py
[2023-09-05T12:27:43.202+0000] {processor.py:829} INFO - Processing file /opt/airflow/dags/dag_with_catchup_backfill.py for tasks to queue
[2023-09-05T12:27:43.203+0000] {logging_mixin.py:151} INFO - [2023-09-05T12:27:43.202+0000] {dagbag.py:539} INFO - Filling up the DagBag from /opt/airflow/dags/dag_with_catchup_backfill.py
[2023-09-05T12:27:43.218+0000] {processor.py:839} INFO - DAG(s) dict_keys(['dag_with_catchup_backfill_v01']) retrieved from /opt/airflow/dags/dag_with_catchup_backfill.py
[2023-09-05T12:27:43.251+0000] {logging_mixin.py:151} INFO - [2023-09-05T12:27:43.251+0000] {dag.py:2907} INFO - Sync 1 DAGs
[2023-09-05T12:27:43.281+0000] {logging_mixin.py:151} INFO - [2023-09-05T12:27:43.281+0000] {dag.py:3677} INFO - Setting next_dagrun for dag_with_catchup_backfill_v01 to 2023-01-01T00:00:00+00:00, run_after=2023-01-02T00:00:00+00:00
[2023-09-05T12:27:43.306+0000] {processor.py:179} INFO - Processing /opt/airflow/dags/dag_with_catchup_backfill.py took 0.111 seconds
[2023-09-05T12:28:13.505+0000] {processor.py:157} INFO - Started process (PID=31101) to work on /opt/airflow/dags/dag_with_catchup_backfill.py
[2023-09-05T12:28:13.521+0000] {processor.py:829} INFO - Processing file /opt/airflow/dags/dag_with_catchup_backfill.py for tasks to queue
[2023-09-05T12:28:13.523+0000] {logging_mixin.py:151} INFO - [2023-09-05T12:28:13.522+0000] {dagbag.py:539} INFO - Filling up the DagBag from /opt/airflow/dags/dag_with_catchup_backfill.py
[2023-09-05T12:28:13.548+0000] {processor.py:839} INFO - DAG(s) dict_keys(['dag_with_catchup_backfill_v01']) retrieved from /opt/airflow/dags/dag_with_catchup_backfill.py
[2023-09-05T12:28:13.645+0000] {logging_mixin.py:151} INFO - [2023-09-05T12:28:13.644+0000] {dag.py:2907} INFO - Sync 1 DAGs
[2023-09-05T12:28:13.722+0000] {logging_mixin.py:151} INFO - [2023-09-05T12:28:13.721+0000] {dag.py:3677} INFO - Setting next_dagrun for dag_with_catchup_backfill_v01 to 2023-01-01T00:00:00+00:00, run_after=2023-01-02T00:00:00+00:00
[2023-09-05T12:28:13.805+0000] {processor.py:179} INFO - Processing /opt/airflow/dags/dag_with_catchup_backfill.py took 0.309 seconds
[2023-09-05T12:28:44.418+0000] {processor.py:157} INFO - Started process (PID=31265) to work on /opt/airflow/dags/dag_with_catchup_backfill.py
[2023-09-05T12:28:44.419+0000] {processor.py:829} INFO - Processing file /opt/airflow/dags/dag_with_catchup_backfill.py for tasks to queue
[2023-09-05T12:28:44.420+0000] {logging_mixin.py:151} INFO - [2023-09-05T12:28:44.419+0000] {dagbag.py:539} INFO - Filling up the DagBag from /opt/airflow/dags/dag_with_catchup_backfill.py
[2023-09-05T12:28:44.437+0000] {processor.py:839} INFO - DAG(s) dict_keys(['dag_with_catchup_backfill_v01']) retrieved from /opt/airflow/dags/dag_with_catchup_backfill.py
[2023-09-05T12:28:44.469+0000] {logging_mixin.py:151} INFO - [2023-09-05T12:28:44.469+0000] {dag.py:2907} INFO - Sync 1 DAGs
[2023-09-05T12:28:44.502+0000] {logging_mixin.py:151} INFO - [2023-09-05T12:28:44.502+0000] {dag.py:3677} INFO - Setting next_dagrun for dag_with_catchup_backfill_v01 to 2023-01-01T00:00:00+00:00, run_after=2023-01-02T00:00:00+00:00
[2023-09-05T12:28:44.528+0000] {processor.py:179} INFO - Processing /opt/airflow/dags/dag_with_catchup_backfill.py took 0.116 seconds
[2023-09-05T12:29:15.084+0000] {processor.py:157} INFO - Started process (PID=31317) to work on /opt/airflow/dags/dag_with_catchup_backfill.py
[2023-09-05T12:29:15.085+0000] {processor.py:829} INFO - Processing file /opt/airflow/dags/dag_with_catchup_backfill.py for tasks to queue
[2023-09-05T12:29:15.087+0000] {logging_mixin.py:151} INFO - [2023-09-05T12:29:15.086+0000] {dagbag.py:539} INFO - Filling up the DagBag from /opt/airflow/dags/dag_with_catchup_backfill.py
[2023-09-05T12:29:15.106+0000] {processor.py:839} INFO - DAG(s) dict_keys(['dag_with_catchup_backfill_v01']) retrieved from /opt/airflow/dags/dag_with_catchup_backfill.py
[2023-09-05T12:29:15.142+0000] {logging_mixin.py:151} INFO - [2023-09-05T12:29:15.142+0000] {dag.py:2907} INFO - Sync 1 DAGs
[2023-09-05T12:29:15.184+0000] {logging_mixin.py:151} INFO - [2023-09-05T12:29:15.183+0000] {dag.py:3677} INFO - Setting next_dagrun for dag_with_catchup_backfill_v01 to 2023-01-01T00:00:00+00:00, run_after=2023-01-02T00:00:00+00:00
[2023-09-05T12:29:15.214+0000] {processor.py:179} INFO - Processing /opt/airflow/dags/dag_with_catchup_backfill.py took 0.136 seconds
[2023-09-05T12:29:45.938+0000] {processor.py:157} INFO - Started process (PID=31369) to work on /opt/airflow/dags/dag_with_catchup_backfill.py
[2023-09-05T12:29:45.939+0000] {processor.py:829} INFO - Processing file /opt/airflow/dags/dag_with_catchup_backfill.py for tasks to queue
[2023-09-05T12:29:45.940+0000] {logging_mixin.py:151} INFO - [2023-09-05T12:29:45.940+0000] {dagbag.py:539} INFO - Filling up the DagBag from /opt/airflow/dags/dag_with_catchup_backfill.py
[2023-09-05T12:29:45.956+0000] {processor.py:839} INFO - DAG(s) dict_keys(['dag_with_catchup_backfill_v01']) retrieved from /opt/airflow/dags/dag_with_catchup_backfill.py
[2023-09-05T12:29:45.992+0000] {logging_mixin.py:151} INFO - [2023-09-05T12:29:45.992+0000] {dag.py:2907} INFO - Sync 1 DAGs
[2023-09-05T12:29:46.026+0000] {logging_mixin.py:151} INFO - [2023-09-05T12:29:46.025+0000] {dag.py:3677} INFO - Setting next_dagrun for dag_with_catchup_backfill_v01 to 2023-01-01T00:00:00+00:00, run_after=2023-01-02T00:00:00+00:00
[2023-09-05T12:29:46.055+0000] {processor.py:179} INFO - Processing /opt/airflow/dags/dag_with_catchup_backfill.py took 0.122 seconds
[2023-09-05T12:30:16.750+0000] {processor.py:157} INFO - Started process (PID=31421) to work on /opt/airflow/dags/dag_with_catchup_backfill.py
[2023-09-05T12:30:16.751+0000] {processor.py:829} INFO - Processing file /opt/airflow/dags/dag_with_catchup_backfill.py for tasks to queue
[2023-09-05T12:30:16.752+0000] {logging_mixin.py:151} INFO - [2023-09-05T12:30:16.752+0000] {dagbag.py:539} INFO - Filling up the DagBag from /opt/airflow/dags/dag_with_catchup_backfill.py
[2023-09-05T12:30:16.768+0000] {processor.py:839} INFO - DAG(s) dict_keys(['dag_with_catchup_backfill_v01']) retrieved from /opt/airflow/dags/dag_with_catchup_backfill.py
[2023-09-05T12:30:16.804+0000] {logging_mixin.py:151} INFO - [2023-09-05T12:30:16.804+0000] {dag.py:2907} INFO - Sync 1 DAGs
[2023-09-05T12:30:16.850+0000] {logging_mixin.py:151} INFO - [2023-09-05T12:30:16.850+0000] {dag.py:3677} INFO - Setting next_dagrun for dag_with_catchup_backfill_v01 to 2023-01-01T00:00:00+00:00, run_after=2023-01-02T00:00:00+00:00
[2023-09-05T12:30:16.877+0000] {processor.py:179} INFO - Processing /opt/airflow/dags/dag_with_catchup_backfill.py took 0.131 seconds
[2023-09-05T12:30:47.428+0000] {processor.py:157} INFO - Started process (PID=31473) to work on /opt/airflow/dags/dag_with_catchup_backfill.py
[2023-09-05T12:30:47.430+0000] {processor.py:829} INFO - Processing file /opt/airflow/dags/dag_with_catchup_backfill.py for tasks to queue
[2023-09-05T12:30:47.431+0000] {logging_mixin.py:151} INFO - [2023-09-05T12:30:47.430+0000] {dagbag.py:539} INFO - Filling up the DagBag from /opt/airflow/dags/dag_with_catchup_backfill.py
[2023-09-05T12:30:47.444+0000] {processor.py:839} INFO - DAG(s) dict_keys(['dag_with_catchup_backfill_v01']) retrieved from /opt/airflow/dags/dag_with_catchup_backfill.py
[2023-09-05T12:30:47.470+0000] {logging_mixin.py:151} INFO - [2023-09-05T12:30:47.470+0000] {dag.py:2907} INFO - Sync 1 DAGs
[2023-09-05T12:30:47.496+0000] {logging_mixin.py:151} INFO - [2023-09-05T12:30:47.496+0000] {dag.py:3677} INFO - Setting next_dagrun for dag_with_catchup_backfill_v01 to 2023-01-01T00:00:00+00:00, run_after=2023-01-02T00:00:00+00:00
[2023-09-05T12:30:47.516+0000] {processor.py:179} INFO - Processing /opt/airflow/dags/dag_with_catchup_backfill.py took 0.091 seconds
[2023-09-05T12:31:18.078+0000] {processor.py:157} INFO - Started process (PID=31525) to work on /opt/airflow/dags/dag_with_catchup_backfill.py
[2023-09-05T12:31:18.079+0000] {processor.py:829} INFO - Processing file /opt/airflow/dags/dag_with_catchup_backfill.py for tasks to queue
[2023-09-05T12:31:18.079+0000] {logging_mixin.py:151} INFO - [2023-09-05T12:31:18.079+0000] {dagbag.py:539} INFO - Filling up the DagBag from /opt/airflow/dags/dag_with_catchup_backfill.py
[2023-09-05T12:31:18.091+0000] {processor.py:839} INFO - DAG(s) dict_keys(['dag_with_catchup_backfill_v01']) retrieved from /opt/airflow/dags/dag_with_catchup_backfill.py
[2023-09-05T12:31:18.115+0000] {logging_mixin.py:151} INFO - [2023-09-05T12:31:18.114+0000] {dag.py:2907} INFO - Sync 1 DAGs
[2023-09-05T12:31:18.146+0000] {logging_mixin.py:151} INFO - [2023-09-05T12:31:18.146+0000] {dag.py:3677} INFO - Setting next_dagrun for dag_with_catchup_backfill_v01 to 2023-01-01T00:00:00+00:00, run_after=2023-01-02T00:00:00+00:00
[2023-09-05T12:31:18.171+0000] {processor.py:179} INFO - Processing /opt/airflow/dags/dag_with_catchup_backfill.py took 0.096 seconds
[2023-09-05T12:31:48.702+0000] {processor.py:157} INFO - Started process (PID=31577) to work on /opt/airflow/dags/dag_with_catchup_backfill.py
[2023-09-05T12:31:48.703+0000] {processor.py:829} INFO - Processing file /opt/airflow/dags/dag_with_catchup_backfill.py for tasks to queue
[2023-09-05T12:31:48.704+0000] {logging_mixin.py:151} INFO - [2023-09-05T12:31:48.704+0000] {dagbag.py:539} INFO - Filling up the DagBag from /opt/airflow/dags/dag_with_catchup_backfill.py
[2023-09-05T12:31:48.720+0000] {processor.py:839} INFO - DAG(s) dict_keys(['dag_with_catchup_backfill_v01']) retrieved from /opt/airflow/dags/dag_with_catchup_backfill.py
[2023-09-05T12:31:48.750+0000] {logging_mixin.py:151} INFO - [2023-09-05T12:31:48.749+0000] {dag.py:2907} INFO - Sync 1 DAGs
[2023-09-05T12:31:48.783+0000] {logging_mixin.py:151} INFO - [2023-09-05T12:31:48.782+0000] {dag.py:3677} INFO - Setting next_dagrun for dag_with_catchup_backfill_v01 to 2023-01-01T00:00:00+00:00, run_after=2023-01-02T00:00:00+00:00
[2023-09-05T12:31:48.809+0000] {processor.py:179} INFO - Processing /opt/airflow/dags/dag_with_catchup_backfill.py took 0.110 seconds
[2023-09-05T12:32:19.263+0000] {processor.py:157} INFO - Started process (PID=31629) to work on /opt/airflow/dags/dag_with_catchup_backfill.py
[2023-09-05T12:32:19.264+0000] {processor.py:829} INFO - Processing file /opt/airflow/dags/dag_with_catchup_backfill.py for tasks to queue
[2023-09-05T12:32:19.265+0000] {logging_mixin.py:151} INFO - [2023-09-05T12:32:19.265+0000] {dagbag.py:539} INFO - Filling up the DagBag from /opt/airflow/dags/dag_with_catchup_backfill.py
[2023-09-05T12:32:19.276+0000] {processor.py:839} INFO - DAG(s) dict_keys(['dag_with_catchup_backfill_v01']) retrieved from /opt/airflow/dags/dag_with_catchup_backfill.py
[2023-09-05T12:32:19.299+0000] {logging_mixin.py:151} INFO - [2023-09-05T12:32:19.299+0000] {dag.py:2907} INFO - Sync 1 DAGs
[2023-09-05T12:32:19.329+0000] {logging_mixin.py:151} INFO - [2023-09-05T12:32:19.328+0000] {dag.py:3677} INFO - Setting next_dagrun for dag_with_catchup_backfill_v01 to 2023-01-01T00:00:00+00:00, run_after=2023-01-02T00:00:00+00:00
[2023-09-05T12:32:19.348+0000] {processor.py:179} INFO - Processing /opt/airflow/dags/dag_with_catchup_backfill.py took 0.088 seconds
[2023-09-05T12:32:49.792+0000] {processor.py:157} INFO - Started process (PID=31682) to work on /opt/airflow/dags/dag_with_catchup_backfill.py
[2023-09-05T12:32:49.793+0000] {processor.py:829} INFO - Processing file /opt/airflow/dags/dag_with_catchup_backfill.py for tasks to queue
[2023-09-05T12:32:49.794+0000] {logging_mixin.py:151} INFO - [2023-09-05T12:32:49.794+0000] {dagbag.py:539} INFO - Filling up the DagBag from /opt/airflow/dags/dag_with_catchup_backfill.py
[2023-09-05T12:32:49.808+0000] {processor.py:839} INFO - DAG(s) dict_keys(['dag_with_catchup_backfill_v01']) retrieved from /opt/airflow/dags/dag_with_catchup_backfill.py
[2023-09-05T12:32:49.835+0000] {logging_mixin.py:151} INFO - [2023-09-05T12:32:49.834+0000] {dag.py:2907} INFO - Sync 1 DAGs
[2023-09-05T12:32:49.864+0000] {logging_mixin.py:151} INFO - [2023-09-05T12:32:49.864+0000] {dag.py:3677} INFO - Setting next_dagrun for dag_with_catchup_backfill_v01 to 2023-01-01T00:00:00+00:00, run_after=2023-01-02T00:00:00+00:00
[2023-09-05T12:32:49.888+0000] {processor.py:179} INFO - Processing /opt/airflow/dags/dag_with_catchup_backfill.py took 0.100 seconds
