[2023-09-05T12:17:58.697+0000] {processor.py:157} INFO - Started process (PID=29920) to work on /opt/airflow/dags/dags_with_python_dependencies.py
[2023-09-05T12:17:58.699+0000] {processor.py:829} INFO - Processing file /opt/airflow/dags/dags_with_python_dependencies.py for tasks to queue
[2023-09-05T12:17:58.712+0000] {logging_mixin.py:151} INFO - [2023-09-05T12:17:58.700+0000] {dagbag.py:539} INFO - Filling up the DagBag from /opt/airflow/dags/dags_with_python_dependencies.py
[2023-09-05T12:17:58.770+0000] {processor.py:839} INFO - DAG(s) dict_keys(['dags_with_python_dependencies_v03']) retrieved from /opt/airflow/dags/dags_with_python_dependencies.py
[2023-09-05T12:17:58.965+0000] {logging_mixin.py:151} INFO - [2023-09-05T12:17:58.964+0000] {dag.py:2907} INFO - Sync 1 DAGs
[2023-09-05T12:17:59.558+0000] {processor.py:179} INFO - Processing /opt/airflow/dags/dags_with_python_dependencies.py took 0.889 seconds
[2023-09-05T12:18:29.714+0000] {processor.py:157} INFO - Started process (PID=30022) to work on /opt/airflow/dags/dags_with_python_dependencies.py
[2023-09-05T12:18:29.715+0000] {processor.py:829} INFO - Processing file /opt/airflow/dags/dags_with_python_dependencies.py for tasks to queue
[2023-09-05T12:18:29.716+0000] {logging_mixin.py:151} INFO - [2023-09-05T12:18:29.716+0000] {dagbag.py:539} INFO - Filling up the DagBag from /opt/airflow/dags/dags_with_python_dependencies.py
[2023-09-05T12:18:29.733+0000] {processor.py:839} INFO - DAG(s) dict_keys(['dags_with_python_dependencies_v03']) retrieved from /opt/airflow/dags/dags_with_python_dependencies.py
[2023-09-05T12:18:29.760+0000] {logging_mixin.py:151} INFO - [2023-09-05T12:18:29.759+0000] {dag.py:2907} INFO - Sync 1 DAGs
[2023-09-05T12:18:29.807+0000] {processor.py:179} INFO - Processing /opt/airflow/dags/dags_with_python_dependencies.py took 0.096 seconds
[2023-09-05T12:19:00.447+0000] {processor.py:157} INFO - Started process (PID=30072) to work on /opt/airflow/dags/dags_with_python_dependencies.py
[2023-09-05T12:19:00.448+0000] {processor.py:829} INFO - Processing file /opt/airflow/dags/dags_with_python_dependencies.py for tasks to queue
[2023-09-05T12:19:00.449+0000] {logging_mixin.py:151} INFO - [2023-09-05T12:19:00.449+0000] {dagbag.py:539} INFO - Filling up the DagBag from /opt/airflow/dags/dags_with_python_dependencies.py
[2023-09-05T12:19:00.460+0000] {processor.py:839} INFO - DAG(s) dict_keys(['dags_with_python_dependencies_v03']) retrieved from /opt/airflow/dags/dags_with_python_dependencies.py
[2023-09-05T12:19:00.484+0000] {logging_mixin.py:151} INFO - [2023-09-05T12:19:00.484+0000] {dag.py:2907} INFO - Sync 1 DAGs
[2023-09-05T12:19:00.530+0000] {processor.py:179} INFO - Processing /opt/airflow/dags/dags_with_python_dependencies.py took 0.086 seconds
[2023-09-05T12:19:30.783+0000] {processor.py:157} INFO - Started process (PID=30124) to work on /opt/airflow/dags/dags_with_python_dependencies.py
[2023-09-05T12:19:30.785+0000] {processor.py:829} INFO - Processing file /opt/airflow/dags/dags_with_python_dependencies.py for tasks to queue
[2023-09-05T12:19:30.786+0000] {logging_mixin.py:151} INFO - [2023-09-05T12:19:30.786+0000] {dagbag.py:539} INFO - Filling up the DagBag from /opt/airflow/dags/dags_with_python_dependencies.py
[2023-09-05T12:19:30.801+0000] {processor.py:839} INFO - DAG(s) dict_keys(['dags_with_python_dependencies_v03']) retrieved from /opt/airflow/dags/dags_with_python_dependencies.py
[2023-09-05T12:19:30.835+0000] {logging_mixin.py:151} INFO - [2023-09-05T12:19:30.834+0000] {dag.py:2907} INFO - Sync 1 DAGs
[2023-09-05T12:19:30.903+0000] {processor.py:179} INFO - Processing /opt/airflow/dags/dags_with_python_dependencies.py took 0.124 seconds
[2023-09-05T12:20:01.606+0000] {processor.py:157} INFO - Started process (PID=30176) to work on /opt/airflow/dags/dags_with_python_dependencies.py
[2023-09-05T12:20:01.607+0000] {processor.py:829} INFO - Processing file /opt/airflow/dags/dags_with_python_dependencies.py for tasks to queue
[2023-09-05T12:20:01.609+0000] {logging_mixin.py:151} INFO - [2023-09-05T12:20:01.608+0000] {dagbag.py:539} INFO - Filling up the DagBag from /opt/airflow/dags/dags_with_python_dependencies.py
[2023-09-05T12:20:01.625+0000] {processor.py:839} INFO - DAG(s) dict_keys(['dags_with_python_dependencies_v03']) retrieved from /opt/airflow/dags/dags_with_python_dependencies.py
[2023-09-05T12:20:01.659+0000] {logging_mixin.py:151} INFO - [2023-09-05T12:20:01.659+0000] {dag.py:2907} INFO - Sync 1 DAGs
[2023-09-05T12:20:01.718+0000] {processor.py:179} INFO - Processing /opt/airflow/dags/dags_with_python_dependencies.py took 0.117 seconds
[2023-09-05T12:20:32.644+0000] {processor.py:157} INFO - Started process (PID=30228) to work on /opt/airflow/dags/dags_with_python_dependencies.py
[2023-09-05T12:20:32.645+0000] {processor.py:829} INFO - Processing file /opt/airflow/dags/dags_with_python_dependencies.py for tasks to queue
[2023-09-05T12:20:32.646+0000] {logging_mixin.py:151} INFO - [2023-09-05T12:20:32.645+0000] {dagbag.py:539} INFO - Filling up the DagBag from /opt/airflow/dags/dags_with_python_dependencies.py
[2023-09-05T12:20:32.661+0000] {processor.py:839} INFO - DAG(s) dict_keys(['dags_with_python_dependencies_v03']) retrieved from /opt/airflow/dags/dags_with_python_dependencies.py
[2023-09-05T12:20:32.692+0000] {logging_mixin.py:151} INFO - [2023-09-05T12:20:32.691+0000] {dag.py:2907} INFO - Sync 1 DAGs
[2023-09-05T12:20:32.748+0000] {processor.py:179} INFO - Processing /opt/airflow/dags/dags_with_python_dependencies.py took 0.108 seconds
[2023-09-05T12:21:03.427+0000] {processor.py:157} INFO - Started process (PID=30280) to work on /opt/airflow/dags/dags_with_python_dependencies.py
[2023-09-05T12:21:03.428+0000] {processor.py:829} INFO - Processing file /opt/airflow/dags/dags_with_python_dependencies.py for tasks to queue
[2023-09-05T12:21:03.429+0000] {logging_mixin.py:151} INFO - [2023-09-05T12:21:03.429+0000] {dagbag.py:539} INFO - Filling up the DagBag from /opt/airflow/dags/dags_with_python_dependencies.py
[2023-09-05T12:21:03.447+0000] {processor.py:839} INFO - DAG(s) dict_keys(['dags_with_python_dependencies_v03']) retrieved from /opt/airflow/dags/dags_with_python_dependencies.py
[2023-09-05T12:21:03.482+0000] {logging_mixin.py:151} INFO - [2023-09-05T12:21:03.482+0000] {dag.py:2907} INFO - Sync 1 DAGs
[2023-09-05T12:21:03.534+0000] {processor.py:179} INFO - Processing /opt/airflow/dags/dags_with_python_dependencies.py took 0.112 seconds
[2023-09-05T12:21:34.186+0000] {processor.py:157} INFO - Started process (PID=30332) to work on /opt/airflow/dags/dags_with_python_dependencies.py
[2023-09-05T12:21:34.187+0000] {processor.py:829} INFO - Processing file /opt/airflow/dags/dags_with_python_dependencies.py for tasks to queue
[2023-09-05T12:21:34.188+0000] {logging_mixin.py:151} INFO - [2023-09-05T12:21:34.188+0000] {dagbag.py:539} INFO - Filling up the DagBag from /opt/airflow/dags/dags_with_python_dependencies.py
[2023-09-05T12:21:34.202+0000] {processor.py:839} INFO - DAG(s) dict_keys(['dags_with_python_dependencies_v03']) retrieved from /opt/airflow/dags/dags_with_python_dependencies.py
[2023-09-05T12:21:34.232+0000] {logging_mixin.py:151} INFO - [2023-09-05T12:21:34.232+0000] {dag.py:2907} INFO - Sync 1 DAGs
[2023-09-05T12:21:34.289+0000] {processor.py:179} INFO - Processing /opt/airflow/dags/dags_with_python_dependencies.py took 0.106 seconds
[2023-09-05T12:22:05.097+0000] {processor.py:157} INFO - Started process (PID=30384) to work on /opt/airflow/dags/dags_with_python_dependencies.py
[2023-09-05T12:22:05.099+0000] {processor.py:829} INFO - Processing file /opt/airflow/dags/dags_with_python_dependencies.py for tasks to queue
[2023-09-05T12:22:05.100+0000] {logging_mixin.py:151} INFO - [2023-09-05T12:22:05.099+0000] {dagbag.py:539} INFO - Filling up the DagBag from /opt/airflow/dags/dags_with_python_dependencies.py
[2023-09-05T12:22:05.116+0000] {processor.py:839} INFO - DAG(s) dict_keys(['dags_with_python_dependencies_v03']) retrieved from /opt/airflow/dags/dags_with_python_dependencies.py
[2023-09-05T12:22:05.145+0000] {logging_mixin.py:151} INFO - [2023-09-05T12:22:05.145+0000] {dag.py:2907} INFO - Sync 1 DAGs
[2023-09-05T12:22:05.200+0000] {processor.py:179} INFO - Processing /opt/airflow/dags/dags_with_python_dependencies.py took 0.107 seconds
[2023-09-05T12:22:35.897+0000] {processor.py:157} INFO - Started process (PID=30437) to work on /opt/airflow/dags/dags_with_python_dependencies.py
[2023-09-05T12:22:35.898+0000] {processor.py:829} INFO - Processing file /opt/airflow/dags/dags_with_python_dependencies.py for tasks to queue
[2023-09-05T12:22:35.899+0000] {logging_mixin.py:151} INFO - [2023-09-05T12:22:35.899+0000] {dagbag.py:539} INFO - Filling up the DagBag from /opt/airflow/dags/dags_with_python_dependencies.py
[2023-09-05T12:22:35.916+0000] {processor.py:839} INFO - DAG(s) dict_keys(['dags_with_python_dependencies_v03']) retrieved from /opt/airflow/dags/dags_with_python_dependencies.py
[2023-09-05T12:22:35.946+0000] {logging_mixin.py:151} INFO - [2023-09-05T12:22:35.945+0000] {dag.py:2907} INFO - Sync 1 DAGs
[2023-09-05T12:22:36.006+0000] {processor.py:179} INFO - Processing /opt/airflow/dags/dags_with_python_dependencies.py took 0.113 seconds
[2023-09-05T12:23:06.592+0000] {processor.py:157} INFO - Started process (PID=30489) to work on /opt/airflow/dags/dags_with_python_dependencies.py
[2023-09-05T12:23:06.593+0000] {processor.py:829} INFO - Processing file /opt/airflow/dags/dags_with_python_dependencies.py for tasks to queue
[2023-09-05T12:23:06.595+0000] {logging_mixin.py:151} INFO - [2023-09-05T12:23:06.594+0000] {dagbag.py:539} INFO - Filling up the DagBag from /opt/airflow/dags/dags_with_python_dependencies.py
[2023-09-05T12:23:06.611+0000] {processor.py:839} INFO - DAG(s) dict_keys(['dags_with_python_dependencies_v03']) retrieved from /opt/airflow/dags/dags_with_python_dependencies.py
[2023-09-05T12:23:06.649+0000] {logging_mixin.py:151} INFO - [2023-09-05T12:23:06.648+0000] {dag.py:2907} INFO - Sync 1 DAGs
[2023-09-05T12:23:06.717+0000] {processor.py:179} INFO - Processing /opt/airflow/dags/dags_with_python_dependencies.py took 0.129 seconds
[2023-09-05T12:23:37.106+0000] {processor.py:157} INFO - Started process (PID=30604) to work on /opt/airflow/dags/dags_with_python_dependencies.py
[2023-09-05T12:23:37.107+0000] {processor.py:829} INFO - Processing file /opt/airflow/dags/dags_with_python_dependencies.py for tasks to queue
[2023-09-05T12:23:37.108+0000] {logging_mixin.py:151} INFO - [2023-09-05T12:23:37.108+0000] {dagbag.py:539} INFO - Filling up the DagBag from /opt/airflow/dags/dags_with_python_dependencies.py
[2023-09-05T12:23:37.122+0000] {processor.py:839} INFO - DAG(s) dict_keys(['dags_with_python_dependencies_v03']) retrieved from /opt/airflow/dags/dags_with_python_dependencies.py
[2023-09-05T12:23:37.153+0000] {logging_mixin.py:151} INFO - [2023-09-05T12:23:37.152+0000] {dag.py:2907} INFO - Sync 1 DAGs
[2023-09-05T12:23:37.219+0000] {processor.py:179} INFO - Processing /opt/airflow/dags/dags_with_python_dependencies.py took 0.116 seconds
[2023-09-05T12:24:07.319+0000] {processor.py:157} INFO - Started process (PID=30656) to work on /opt/airflow/dags/dags_with_python_dependencies.py
[2023-09-05T12:24:07.320+0000] {processor.py:829} INFO - Processing file /opt/airflow/dags/dags_with_python_dependencies.py for tasks to queue
[2023-09-05T12:24:07.321+0000] {logging_mixin.py:151} INFO - [2023-09-05T12:24:07.321+0000] {dagbag.py:539} INFO - Filling up the DagBag from /opt/airflow/dags/dags_with_python_dependencies.py
[2023-09-05T12:24:07.332+0000] {processor.py:839} INFO - DAG(s) dict_keys(['dags_with_python_dependencies_v03']) retrieved from /opt/airflow/dags/dags_with_python_dependencies.py
[2023-09-05T12:24:07.359+0000] {logging_mixin.py:151} INFO - [2023-09-05T12:24:07.359+0000] {dag.py:2907} INFO - Sync 1 DAGs
[2023-09-05T12:24:07.406+0000] {processor.py:179} INFO - Processing /opt/airflow/dags/dags_with_python_dependencies.py took 0.091 seconds
[2023-09-05T12:24:37.996+0000] {processor.py:157} INFO - Started process (PID=30708) to work on /opt/airflow/dags/dags_with_python_dependencies.py
[2023-09-05T12:24:37.996+0000] {processor.py:829} INFO - Processing file /opt/airflow/dags/dags_with_python_dependencies.py for tasks to queue
[2023-09-05T12:24:37.997+0000] {logging_mixin.py:151} INFO - [2023-09-05T12:24:37.997+0000] {dagbag.py:539} INFO - Filling up the DagBag from /opt/airflow/dags/dags_with_python_dependencies.py
[2023-09-05T12:24:38.009+0000] {processor.py:839} INFO - DAG(s) dict_keys(['dags_with_python_dependencies_v03']) retrieved from /opt/airflow/dags/dags_with_python_dependencies.py
[2023-09-05T12:24:38.032+0000] {logging_mixin.py:151} INFO - [2023-09-05T12:24:38.032+0000] {dag.py:2907} INFO - Sync 1 DAGs
[2023-09-05T12:24:38.075+0000] {processor.py:179} INFO - Processing /opt/airflow/dags/dags_with_python_dependencies.py took 0.082 seconds
[2023-09-05T12:25:08.698+0000] {processor.py:157} INFO - Started process (PID=30760) to work on /opt/airflow/dags/dags_with_python_dependencies.py
[2023-09-05T12:25:08.699+0000] {processor.py:829} INFO - Processing file /opt/airflow/dags/dags_with_python_dependencies.py for tasks to queue
[2023-09-05T12:25:08.700+0000] {logging_mixin.py:151} INFO - [2023-09-05T12:25:08.700+0000] {dagbag.py:539} INFO - Filling up the DagBag from /opt/airflow/dags/dags_with_python_dependencies.py
[2023-09-05T12:25:08.714+0000] {processor.py:839} INFO - DAG(s) dict_keys(['dags_with_python_dependencies_v03']) retrieved from /opt/airflow/dags/dags_with_python_dependencies.py
[2023-09-05T12:25:08.741+0000] {logging_mixin.py:151} INFO - [2023-09-05T12:25:08.741+0000] {dag.py:2907} INFO - Sync 1 DAGs
[2023-09-05T12:25:08.795+0000] {processor.py:179} INFO - Processing /opt/airflow/dags/dags_with_python_dependencies.py took 0.101 seconds
[2023-09-05T12:25:39.321+0000] {processor.py:157} INFO - Started process (PID=30812) to work on /opt/airflow/dags/dags_with_python_dependencies.py
[2023-09-05T12:25:39.322+0000] {processor.py:829} INFO - Processing file /opt/airflow/dags/dags_with_python_dependencies.py for tasks to queue
[2023-09-05T12:25:39.323+0000] {logging_mixin.py:151} INFO - [2023-09-05T12:25:39.323+0000] {dagbag.py:539} INFO - Filling up the DagBag from /opt/airflow/dags/dags_with_python_dependencies.py
[2023-09-05T12:25:39.336+0000] {processor.py:839} INFO - DAG(s) dict_keys(['dags_with_python_dependencies_v03']) retrieved from /opt/airflow/dags/dags_with_python_dependencies.py
[2023-09-05T12:25:39.358+0000] {logging_mixin.py:151} INFO - [2023-09-05T12:25:39.358+0000] {dag.py:2907} INFO - Sync 1 DAGs
[2023-09-05T12:25:39.403+0000] {processor.py:179} INFO - Processing /opt/airflow/dags/dags_with_python_dependencies.py took 0.085 seconds
[2023-09-05T12:26:10.120+0000] {processor.py:157} INFO - Started process (PID=30866) to work on /opt/airflow/dags/dags_with_python_dependencies.py
[2023-09-05T12:26:10.121+0000] {processor.py:829} INFO - Processing file /opt/airflow/dags/dags_with_python_dependencies.py for tasks to queue
[2023-09-05T12:26:10.122+0000] {logging_mixin.py:151} INFO - [2023-09-05T12:26:10.122+0000] {dagbag.py:539} INFO - Filling up the DagBag from /opt/airflow/dags/dags_with_python_dependencies.py
[2023-09-05T12:26:10.133+0000] {processor.py:839} INFO - DAG(s) dict_keys(['dags_with_python_dependencies_v03']) retrieved from /opt/airflow/dags/dags_with_python_dependencies.py
[2023-09-05T12:26:10.155+0000] {logging_mixin.py:151} INFO - [2023-09-05T12:26:10.155+0000] {dag.py:2907} INFO - Sync 1 DAGs
[2023-09-05T12:26:10.194+0000] {processor.py:179} INFO - Processing /opt/airflow/dags/dags_with_python_dependencies.py took 0.077 seconds
[2023-09-05T12:26:40.720+0000] {processor.py:157} INFO - Started process (PID=30916) to work on /opt/airflow/dags/dags_with_python_dependencies.py
[2023-09-05T12:26:40.722+0000] {processor.py:829} INFO - Processing file /opt/airflow/dags/dags_with_python_dependencies.py for tasks to queue
[2023-09-05T12:26:40.723+0000] {logging_mixin.py:151} INFO - [2023-09-05T12:26:40.722+0000] {dagbag.py:539} INFO - Filling up the DagBag from /opt/airflow/dags/dags_with_python_dependencies.py
[2023-09-05T12:26:40.740+0000] {processor.py:839} INFO - DAG(s) dict_keys(['dags_with_python_dependencies_v03']) retrieved from /opt/airflow/dags/dags_with_python_dependencies.py
[2023-09-05T12:26:40.775+0000] {logging_mixin.py:151} INFO - [2023-09-05T12:26:40.775+0000] {dag.py:2907} INFO - Sync 1 DAGs
[2023-09-05T12:26:40.839+0000] {processor.py:179} INFO - Processing /opt/airflow/dags/dags_with_python_dependencies.py took 0.123 seconds
[2023-09-05T12:27:11.443+0000] {processor.py:157} INFO - Started process (PID=30969) to work on /opt/airflow/dags/dags_with_python_dependencies.py
[2023-09-05T12:27:11.444+0000] {processor.py:829} INFO - Processing file /opt/airflow/dags/dags_with_python_dependencies.py for tasks to queue
[2023-09-05T12:27:11.445+0000] {logging_mixin.py:151} INFO - [2023-09-05T12:27:11.445+0000] {dagbag.py:539} INFO - Filling up the DagBag from /opt/airflow/dags/dags_with_python_dependencies.py
[2023-09-05T12:27:11.465+0000] {processor.py:839} INFO - DAG(s) dict_keys(['dags_with_python_dependencies_v03']) retrieved from /opt/airflow/dags/dags_with_python_dependencies.py
[2023-09-05T12:27:11.500+0000] {logging_mixin.py:151} INFO - [2023-09-05T12:27:11.500+0000] {dag.py:2907} INFO - Sync 1 DAGs
[2023-09-05T12:27:11.562+0000] {processor.py:179} INFO - Processing /opt/airflow/dags/dags_with_python_dependencies.py took 0.124 seconds
[2023-09-05T12:27:42.186+0000] {processor.py:157} INFO - Started process (PID=31021) to work on /opt/airflow/dags/dags_with_python_dependencies.py
[2023-09-05T12:27:42.187+0000] {processor.py:829} INFO - Processing file /opt/airflow/dags/dags_with_python_dependencies.py for tasks to queue
[2023-09-05T12:27:42.188+0000] {logging_mixin.py:151} INFO - [2023-09-05T12:27:42.188+0000] {dagbag.py:539} INFO - Filling up the DagBag from /opt/airflow/dags/dags_with_python_dependencies.py
[2023-09-05T12:27:42.208+0000] {processor.py:839} INFO - DAG(s) dict_keys(['dags_with_python_dependencies_v03']) retrieved from /opt/airflow/dags/dags_with_python_dependencies.py
[2023-09-05T12:27:42.252+0000] {logging_mixin.py:151} INFO - [2023-09-05T12:27:42.251+0000] {dag.py:2907} INFO - Sync 1 DAGs
[2023-09-05T12:27:42.322+0000] {processor.py:179} INFO - Processing /opt/airflow/dags/dags_with_python_dependencies.py took 0.139 seconds
[2023-09-05T12:28:13.229+0000] {processor.py:157} INFO - Started process (PID=31096) to work on /opt/airflow/dags/dags_with_python_dependencies.py
[2023-09-05T12:28:13.243+0000] {processor.py:829} INFO - Processing file /opt/airflow/dags/dags_with_python_dependencies.py for tasks to queue
[2023-09-05T12:28:13.245+0000] {logging_mixin.py:151} INFO - [2023-09-05T12:28:13.244+0000] {dagbag.py:539} INFO - Filling up the DagBag from /opt/airflow/dags/dags_with_python_dependencies.py
[2023-09-05T12:28:13.314+0000] {processor.py:839} INFO - DAG(s) dict_keys(['dags_with_python_dependencies_v03']) retrieved from /opt/airflow/dags/dags_with_python_dependencies.py
[2023-09-05T12:28:13.371+0000] {logging_mixin.py:151} INFO - [2023-09-05T12:28:13.370+0000] {dag.py:2907} INFO - Sync 1 DAGs
[2023-09-05T12:28:13.477+0000] {processor.py:179} INFO - Processing /opt/airflow/dags/dags_with_python_dependencies.py took 0.253 seconds
[2023-09-05T12:28:44.281+0000] {processor.py:157} INFO - Started process (PID=31260) to work on /opt/airflow/dags/dags_with_python_dependencies.py
[2023-09-05T12:28:44.282+0000] {processor.py:829} INFO - Processing file /opt/airflow/dags/dags_with_python_dependencies.py for tasks to queue
[2023-09-05T12:28:44.283+0000] {logging_mixin.py:151} INFO - [2023-09-05T12:28:44.282+0000] {dagbag.py:539} INFO - Filling up the DagBag from /opt/airflow/dags/dags_with_python_dependencies.py
[2023-09-05T12:28:44.299+0000] {processor.py:839} INFO - DAG(s) dict_keys(['dags_with_python_dependencies_v03']) retrieved from /opt/airflow/dags/dags_with_python_dependencies.py
[2023-09-05T12:28:44.328+0000] {logging_mixin.py:151} INFO - [2023-09-05T12:28:44.328+0000] {dag.py:2907} INFO - Sync 1 DAGs
[2023-09-05T12:28:44.388+0000] {processor.py:179} INFO - Processing /opt/airflow/dags/dags_with_python_dependencies.py took 0.111 seconds
[2023-09-05T12:29:14.922+0000] {processor.py:157} INFO - Started process (PID=31312) to work on /opt/airflow/dags/dags_with_python_dependencies.py
[2023-09-05T12:29:14.924+0000] {processor.py:829} INFO - Processing file /opt/airflow/dags/dags_with_python_dependencies.py for tasks to queue
[2023-09-05T12:29:14.925+0000] {logging_mixin.py:151} INFO - [2023-09-05T12:29:14.924+0000] {dagbag.py:539} INFO - Filling up the DagBag from /opt/airflow/dags/dags_with_python_dependencies.py
[2023-09-05T12:29:14.940+0000] {processor.py:839} INFO - DAG(s) dict_keys(['dags_with_python_dependencies_v03']) retrieved from /opt/airflow/dags/dags_with_python_dependencies.py
[2023-09-05T12:29:14.971+0000] {logging_mixin.py:151} INFO - [2023-09-05T12:29:14.971+0000] {dag.py:2907} INFO - Sync 1 DAGs
[2023-09-05T12:29:15.048+0000] {processor.py:179} INFO - Processing /opt/airflow/dags/dags_with_python_dependencies.py took 0.129 seconds
[2023-09-05T12:29:45.782+0000] {processor.py:157} INFO - Started process (PID=31364) to work on /opt/airflow/dags/dags_with_python_dependencies.py
[2023-09-05T12:29:45.783+0000] {processor.py:829} INFO - Processing file /opt/airflow/dags/dags_with_python_dependencies.py for tasks to queue
[2023-09-05T12:29:45.784+0000] {logging_mixin.py:151} INFO - [2023-09-05T12:29:45.784+0000] {dagbag.py:539} INFO - Filling up the DagBag from /opt/airflow/dags/dags_with_python_dependencies.py
[2023-09-05T12:29:45.799+0000] {processor.py:839} INFO - DAG(s) dict_keys(['dags_with_python_dependencies_v03']) retrieved from /opt/airflow/dags/dags_with_python_dependencies.py
[2023-09-05T12:29:45.838+0000] {logging_mixin.py:151} INFO - [2023-09-05T12:29:45.837+0000] {dag.py:2907} INFO - Sync 1 DAGs
[2023-09-05T12:29:45.905+0000] {processor.py:179} INFO - Processing /opt/airflow/dags/dags_with_python_dependencies.py took 0.127 seconds
[2023-09-05T12:30:16.602+0000] {processor.py:157} INFO - Started process (PID=31416) to work on /opt/airflow/dags/dags_with_python_dependencies.py
[2023-09-05T12:30:16.604+0000] {processor.py:829} INFO - Processing file /opt/airflow/dags/dags_with_python_dependencies.py for tasks to queue
[2023-09-05T12:30:16.605+0000] {logging_mixin.py:151} INFO - [2023-09-05T12:30:16.605+0000] {dagbag.py:539} INFO - Filling up the DagBag from /opt/airflow/dags/dags_with_python_dependencies.py
[2023-09-05T12:30:16.621+0000] {processor.py:839} INFO - DAG(s) dict_keys(['dags_with_python_dependencies_v03']) retrieved from /opt/airflow/dags/dags_with_python_dependencies.py
[2023-09-05T12:30:16.652+0000] {logging_mixin.py:151} INFO - [2023-09-05T12:30:16.651+0000] {dag.py:2907} INFO - Sync 1 DAGs
[2023-09-05T12:30:16.718+0000] {processor.py:179} INFO - Processing /opt/airflow/dags/dags_with_python_dependencies.py took 0.120 seconds
[2023-09-05T12:30:47.301+0000] {processor.py:157} INFO - Started process (PID=31468) to work on /opt/airflow/dags/dags_with_python_dependencies.py
[2023-09-05T12:30:47.301+0000] {processor.py:829} INFO - Processing file /opt/airflow/dags/dags_with_python_dependencies.py for tasks to queue
[2023-09-05T12:30:47.302+0000] {logging_mixin.py:151} INFO - [2023-09-05T12:30:47.302+0000] {dagbag.py:539} INFO - Filling up the DagBag from /opt/airflow/dags/dags_with_python_dependencies.py
[2023-09-05T12:30:47.314+0000] {processor.py:839} INFO - DAG(s) dict_keys(['dags_with_python_dependencies_v03']) retrieved from /opt/airflow/dags/dags_with_python_dependencies.py
[2023-09-05T12:30:47.341+0000] {logging_mixin.py:151} INFO - [2023-09-05T12:30:47.341+0000] {dag.py:2907} INFO - Sync 1 DAGs
[2023-09-05T12:30:47.402+0000] {processor.py:179} INFO - Processing /opt/airflow/dags/dags_with_python_dependencies.py took 0.104 seconds
[2023-09-05T12:31:17.959+0000] {processor.py:157} INFO - Started process (PID=31520) to work on /opt/airflow/dags/dags_with_python_dependencies.py
[2023-09-05T12:31:17.960+0000] {processor.py:829} INFO - Processing file /opt/airflow/dags/dags_with_python_dependencies.py for tasks to queue
[2023-09-05T12:31:17.961+0000] {logging_mixin.py:151} INFO - [2023-09-05T12:31:17.961+0000] {dagbag.py:539} INFO - Filling up the DagBag from /opt/airflow/dags/dags_with_python_dependencies.py
[2023-09-05T12:31:17.974+0000] {processor.py:839} INFO - DAG(s) dict_keys(['dags_with_python_dependencies_v03']) retrieved from /opt/airflow/dags/dags_with_python_dependencies.py
[2023-09-05T12:31:18.002+0000] {logging_mixin.py:151} INFO - [2023-09-05T12:31:18.001+0000] {dag.py:2907} INFO - Sync 1 DAGs
[2023-09-05T12:31:18.053+0000] {processor.py:179} INFO - Processing /opt/airflow/dags/dags_with_python_dependencies.py took 0.098 seconds
[2023-09-05T12:31:48.581+0000] {processor.py:157} INFO - Started process (PID=31572) to work on /opt/airflow/dags/dags_with_python_dependencies.py
[2023-09-05T12:31:48.582+0000] {processor.py:829} INFO - Processing file /opt/airflow/dags/dags_with_python_dependencies.py for tasks to queue
[2023-09-05T12:31:48.582+0000] {logging_mixin.py:151} INFO - [2023-09-05T12:31:48.582+0000] {dagbag.py:539} INFO - Filling up the DagBag from /opt/airflow/dags/dags_with_python_dependencies.py
[2023-09-05T12:31:48.594+0000] {processor.py:839} INFO - DAG(s) dict_keys(['dags_with_python_dependencies_v03']) retrieved from /opt/airflow/dags/dags_with_python_dependencies.py
[2023-09-05T12:31:48.620+0000] {logging_mixin.py:151} INFO - [2023-09-05T12:31:48.619+0000] {dag.py:2907} INFO - Sync 1 DAGs
[2023-09-05T12:31:48.676+0000] {processor.py:179} INFO - Processing /opt/airflow/dags/dags_with_python_dependencies.py took 0.099 seconds
[2023-09-05T12:32:19.150+0000] {processor.py:157} INFO - Started process (PID=31624) to work on /opt/airflow/dags/dags_with_python_dependencies.py
[2023-09-05T12:32:19.151+0000] {processor.py:829} INFO - Processing file /opt/airflow/dags/dags_with_python_dependencies.py for tasks to queue
[2023-09-05T12:32:19.152+0000] {logging_mixin.py:151} INFO - [2023-09-05T12:32:19.152+0000] {dagbag.py:539} INFO - Filling up the DagBag from /opt/airflow/dags/dags_with_python_dependencies.py
[2023-09-05T12:32:19.167+0000] {processor.py:839} INFO - DAG(s) dict_keys(['dags_with_python_dependencies_v03']) retrieved from /opt/airflow/dags/dags_with_python_dependencies.py
[2023-09-05T12:32:19.192+0000] {logging_mixin.py:151} INFO - [2023-09-05T12:32:19.192+0000] {dag.py:2907} INFO - Sync 1 DAGs
[2023-09-05T12:32:19.239+0000] {processor.py:179} INFO - Processing /opt/airflow/dags/dags_with_python_dependencies.py took 0.093 seconds
[2023-09-05T12:32:49.671+0000] {processor.py:157} INFO - Started process (PID=31677) to work on /opt/airflow/dags/dags_with_python_dependencies.py
[2023-09-05T12:32:49.671+0000] {processor.py:829} INFO - Processing file /opt/airflow/dags/dags_with_python_dependencies.py for tasks to queue
[2023-09-05T12:32:49.672+0000] {logging_mixin.py:151} INFO - [2023-09-05T12:32:49.672+0000] {dagbag.py:539} INFO - Filling up the DagBag from /opt/airflow/dags/dags_with_python_dependencies.py
[2023-09-05T12:32:49.687+0000] {processor.py:839} INFO - DAG(s) dict_keys(['dags_with_python_dependencies_v03']) retrieved from /opt/airflow/dags/dags_with_python_dependencies.py
[2023-09-05T12:32:49.715+0000] {logging_mixin.py:151} INFO - [2023-09-05T12:32:49.714+0000] {dag.py:2907} INFO - Sync 1 DAGs
[2023-09-05T12:32:49.768+0000] {processor.py:179} INFO - Processing /opt/airflow/dags/dags_with_python_dependencies.py took 0.101 seconds
