[2023-09-05T12:17:57.576+0000] {processor.py:157} INFO - Started process (PID=29891) to work on /opt/airflow/dags/dags_with_postgres_hooks.py
[2023-09-05T12:17:57.589+0000] {processor.py:829} INFO - Processing file /opt/airflow/dags/dags_with_postgres_hooks.py for tasks to queue
[2023-09-05T12:17:57.592+0000] {logging_mixin.py:151} INFO - [2023-09-05T12:17:57.591+0000] {dagbag.py:539} INFO - Filling up the DagBag from /opt/airflow/dags/dags_with_postgres_hooks.py
[2023-09-05T12:17:57.675+0000] {processor.py:839} INFO - DAG(s) dict_keys(['postgres_hooks_v08']) retrieved from /opt/airflow/dags/dags_with_postgres_hooks.py
[2023-09-05T12:17:57.786+0000] {logging_mixin.py:151} INFO - [2023-09-05T12:17:57.785+0000] {dag.py:2907} INFO - Sync 1 DAGs
[2023-09-05T12:17:58.559+0000] {processor.py:179} INFO - Processing /opt/airflow/dags/dags_with_postgres_hooks.py took 1.003 seconds
[2023-09-05T12:18:29.326+0000] {processor.py:157} INFO - Started process (PID=30012) to work on /opt/airflow/dags/dags_with_postgres_hooks.py
[2023-09-05T12:18:29.328+0000] {processor.py:829} INFO - Processing file /opt/airflow/dags/dags_with_postgres_hooks.py for tasks to queue
[2023-09-05T12:18:29.329+0000] {logging_mixin.py:151} INFO - [2023-09-05T12:18:29.329+0000] {dagbag.py:539} INFO - Filling up the DagBag from /opt/airflow/dags/dags_with_postgres_hooks.py
[2023-09-05T12:18:29.343+0000] {processor.py:839} INFO - DAG(s) dict_keys(['postgres_hooks_v08']) retrieved from /opt/airflow/dags/dags_with_postgres_hooks.py
[2023-09-05T12:18:29.376+0000] {logging_mixin.py:151} INFO - [2023-09-05T12:18:29.376+0000] {dag.py:2907} INFO - Sync 1 DAGs
[2023-09-05T12:18:29.424+0000] {processor.py:179} INFO - Processing /opt/airflow/dags/dags_with_postgres_hooks.py took 0.101 seconds
[2023-09-05T12:19:00.345+0000] {processor.py:157} INFO - Started process (PID=30064) to work on /opt/airflow/dags/dags_with_postgres_hooks.py
[2023-09-05T12:19:00.346+0000] {processor.py:829} INFO - Processing file /opt/airflow/dags/dags_with_postgres_hooks.py for tasks to queue
[2023-09-05T12:19:00.347+0000] {logging_mixin.py:151} INFO - [2023-09-05T12:19:00.347+0000] {dagbag.py:539} INFO - Filling up the DagBag from /opt/airflow/dags/dags_with_postgres_hooks.py
[2023-09-05T12:19:00.358+0000] {processor.py:839} INFO - DAG(s) dict_keys(['postgres_hooks_v08']) retrieved from /opt/airflow/dags/dags_with_postgres_hooks.py
[2023-09-05T12:19:00.382+0000] {logging_mixin.py:151} INFO - [2023-09-05T12:19:00.381+0000] {dag.py:2907} INFO - Sync 1 DAGs
[2023-09-05T12:19:00.423+0000] {processor.py:179} INFO - Processing /opt/airflow/dags/dags_with_postgres_hooks.py took 0.080 seconds
[2023-09-05T12:19:30.633+0000] {processor.py:157} INFO - Started process (PID=30116) to work on /opt/airflow/dags/dags_with_postgres_hooks.py
[2023-09-05T12:19:30.645+0000] {processor.py:829} INFO - Processing file /opt/airflow/dags/dags_with_postgres_hooks.py for tasks to queue
[2023-09-05T12:19:30.646+0000] {logging_mixin.py:151} INFO - [2023-09-05T12:19:30.646+0000] {dagbag.py:539} INFO - Filling up the DagBag from /opt/airflow/dags/dags_with_postgres_hooks.py
[2023-09-05T12:19:30.659+0000] {processor.py:839} INFO - DAG(s) dict_keys(['postgres_hooks_v08']) retrieved from /opt/airflow/dags/dags_with_postgres_hooks.py
[2023-09-05T12:19:30.690+0000] {logging_mixin.py:151} INFO - [2023-09-05T12:19:30.690+0000] {dag.py:2907} INFO - Sync 1 DAGs
[2023-09-05T12:19:30.751+0000] {processor.py:179} INFO - Processing /opt/airflow/dags/dags_with_postgres_hooks.py took 0.122 seconds
[2023-09-05T12:20:01.452+0000] {processor.py:157} INFO - Started process (PID=30168) to work on /opt/airflow/dags/dags_with_postgres_hooks.py
[2023-09-05T12:20:01.453+0000] {processor.py:829} INFO - Processing file /opt/airflow/dags/dags_with_postgres_hooks.py for tasks to queue
[2023-09-05T12:20:01.454+0000] {logging_mixin.py:151} INFO - [2023-09-05T12:20:01.454+0000] {dagbag.py:539} INFO - Filling up the DagBag from /opt/airflow/dags/dags_with_postgres_hooks.py
[2023-09-05T12:20:01.473+0000] {processor.py:839} INFO - DAG(s) dict_keys(['postgres_hooks_v08']) retrieved from /opt/airflow/dags/dags_with_postgres_hooks.py
[2023-09-05T12:20:01.508+0000] {logging_mixin.py:151} INFO - [2023-09-05T12:20:01.507+0000] {dag.py:2907} INFO - Sync 1 DAGs
[2023-09-05T12:20:01.574+0000] {processor.py:179} INFO - Processing /opt/airflow/dags/dags_with_postgres_hooks.py took 0.126 seconds
[2023-09-05T12:20:32.501+0000] {processor.py:157} INFO - Started process (PID=30220) to work on /opt/airflow/dags/dags_with_postgres_hooks.py
[2023-09-05T12:20:32.502+0000] {processor.py:829} INFO - Processing file /opt/airflow/dags/dags_with_postgres_hooks.py for tasks to queue
[2023-09-05T12:20:32.503+0000] {logging_mixin.py:151} INFO - [2023-09-05T12:20:32.502+0000] {dagbag.py:539} INFO - Filling up the DagBag from /opt/airflow/dags/dags_with_postgres_hooks.py
[2023-09-05T12:20:32.520+0000] {processor.py:839} INFO - DAG(s) dict_keys(['postgres_hooks_v08']) retrieved from /opt/airflow/dags/dags_with_postgres_hooks.py
[2023-09-05T12:20:32.554+0000] {logging_mixin.py:151} INFO - [2023-09-05T12:20:32.554+0000] {dag.py:2907} INFO - Sync 1 DAGs
[2023-09-05T12:20:32.613+0000] {processor.py:179} INFO - Processing /opt/airflow/dags/dags_with_postgres_hooks.py took 0.116 seconds
[2023-09-05T12:21:03.269+0000] {processor.py:157} INFO - Started process (PID=30272) to work on /opt/airflow/dags/dags_with_postgres_hooks.py
[2023-09-05T12:21:03.271+0000] {processor.py:829} INFO - Processing file /opt/airflow/dags/dags_with_postgres_hooks.py for tasks to queue
[2023-09-05T12:21:03.274+0000] {logging_mixin.py:151} INFO - [2023-09-05T12:21:03.274+0000] {dagbag.py:539} INFO - Filling up the DagBag from /opt/airflow/dags/dags_with_postgres_hooks.py
[2023-09-05T12:21:03.295+0000] {processor.py:839} INFO - DAG(s) dict_keys(['postgres_hooks_v08']) retrieved from /opt/airflow/dags/dags_with_postgres_hooks.py
[2023-09-05T12:21:03.328+0000] {logging_mixin.py:151} INFO - [2023-09-05T12:21:03.328+0000] {dag.py:2907} INFO - Sync 1 DAGs
[2023-09-05T12:21:03.389+0000] {processor.py:179} INFO - Processing /opt/airflow/dags/dags_with_postgres_hooks.py took 0.125 seconds
[2023-09-05T12:21:33.965+0000] {processor.py:157} INFO - Started process (PID=30324) to work on /opt/airflow/dags/dags_with_postgres_hooks.py
[2023-09-05T12:21:33.966+0000] {processor.py:829} INFO - Processing file /opt/airflow/dags/dags_with_postgres_hooks.py for tasks to queue
[2023-09-05T12:21:33.967+0000] {logging_mixin.py:151} INFO - [2023-09-05T12:21:33.967+0000] {dagbag.py:539} INFO - Filling up the DagBag from /opt/airflow/dags/dags_with_postgres_hooks.py
[2023-09-05T12:21:33.984+0000] {processor.py:839} INFO - DAG(s) dict_keys(['postgres_hooks_v08']) retrieved from /opt/airflow/dags/dags_with_postgres_hooks.py
[2023-09-05T12:21:34.020+0000] {logging_mixin.py:151} INFO - [2023-09-05T12:21:34.020+0000] {dag.py:2907} INFO - Sync 1 DAGs
[2023-09-05T12:21:34.159+0000] {processor.py:179} INFO - Processing /opt/airflow/dags/dags_with_postgres_hooks.py took 0.201 seconds
[2023-09-05T12:22:04.973+0000] {processor.py:157} INFO - Started process (PID=30376) to work on /opt/airflow/dags/dags_with_postgres_hooks.py
[2023-09-05T12:22:04.974+0000] {processor.py:829} INFO - Processing file /opt/airflow/dags/dags_with_postgres_hooks.py for tasks to queue
[2023-09-05T12:22:04.975+0000] {logging_mixin.py:151} INFO - [2023-09-05T12:22:04.975+0000] {dagbag.py:539} INFO - Filling up the DagBag from /opt/airflow/dags/dags_with_postgres_hooks.py
[2023-09-05T12:22:04.989+0000] {processor.py:839} INFO - DAG(s) dict_keys(['postgres_hooks_v08']) retrieved from /opt/airflow/dags/dags_with_postgres_hooks.py
[2023-09-05T12:22:05.019+0000] {logging_mixin.py:151} INFO - [2023-09-05T12:22:05.018+0000] {dag.py:2907} INFO - Sync 1 DAGs
[2023-09-05T12:22:05.067+0000] {processor.py:179} INFO - Processing /opt/airflow/dags/dags_with_postgres_hooks.py took 0.099 seconds
[2023-09-05T12:22:35.718+0000] {processor.py:157} INFO - Started process (PID=30429) to work on /opt/airflow/dags/dags_with_postgres_hooks.py
[2023-09-05T12:22:35.719+0000] {processor.py:829} INFO - Processing file /opt/airflow/dags/dags_with_postgres_hooks.py for tasks to queue
[2023-09-05T12:22:35.720+0000] {logging_mixin.py:151} INFO - [2023-09-05T12:22:35.720+0000] {dagbag.py:539} INFO - Filling up the DagBag from /opt/airflow/dags/dags_with_postgres_hooks.py
[2023-09-05T12:22:35.739+0000] {processor.py:839} INFO - DAG(s) dict_keys(['postgres_hooks_v08']) retrieved from /opt/airflow/dags/dags_with_postgres_hooks.py
[2023-09-05T12:22:35.775+0000] {logging_mixin.py:151} INFO - [2023-09-05T12:22:35.774+0000] {dag.py:2907} INFO - Sync 1 DAGs
[2023-09-05T12:22:35.863+0000] {processor.py:179} INFO - Processing /opt/airflow/dags/dags_with_postgres_hooks.py took 0.151 seconds
[2023-09-05T12:23:06.430+0000] {processor.py:157} INFO - Started process (PID=30481) to work on /opt/airflow/dags/dags_with_postgres_hooks.py
[2023-09-05T12:23:06.431+0000] {processor.py:829} INFO - Processing file /opt/airflow/dags/dags_with_postgres_hooks.py for tasks to queue
[2023-09-05T12:23:06.432+0000] {logging_mixin.py:151} INFO - [2023-09-05T12:23:06.432+0000] {dagbag.py:539} INFO - Filling up the DagBag from /opt/airflow/dags/dags_with_postgres_hooks.py
[2023-09-05T12:23:06.449+0000] {processor.py:839} INFO - DAG(s) dict_keys(['postgres_hooks_v08']) retrieved from /opt/airflow/dags/dags_with_postgres_hooks.py
[2023-09-05T12:23:06.485+0000] {logging_mixin.py:151} INFO - [2023-09-05T12:23:06.484+0000] {dag.py:2907} INFO - Sync 1 DAGs
[2023-09-05T12:23:06.553+0000] {processor.py:179} INFO - Processing /opt/airflow/dags/dags_with_postgres_hooks.py took 0.128 seconds
[2023-09-05T12:23:36.835+0000] {processor.py:157} INFO - Started process (PID=30596) to work on /opt/airflow/dags/dags_with_postgres_hooks.py
[2023-09-05T12:23:36.837+0000] {processor.py:829} INFO - Processing file /opt/airflow/dags/dags_with_postgres_hooks.py for tasks to queue
[2023-09-05T12:23:36.838+0000] {logging_mixin.py:151} INFO - [2023-09-05T12:23:36.837+0000] {dagbag.py:539} INFO - Filling up the DagBag from /opt/airflow/dags/dags_with_postgres_hooks.py
[2023-09-05T12:23:36.856+0000] {processor.py:839} INFO - DAG(s) dict_keys(['postgres_hooks_v08']) retrieved from /opt/airflow/dags/dags_with_postgres_hooks.py
[2023-09-05T12:23:36.896+0000] {logging_mixin.py:151} INFO - [2023-09-05T12:23:36.895+0000] {dag.py:2907} INFO - Sync 1 DAGs
[2023-09-05T12:23:37.074+0000] {processor.py:179} INFO - Processing /opt/airflow/dags/dags_with_postgres_hooks.py took 0.244 seconds
[2023-09-05T12:24:07.126+0000] {processor.py:157} INFO - Started process (PID=30648) to work on /opt/airflow/dags/dags_with_postgres_hooks.py
[2023-09-05T12:24:07.128+0000] {processor.py:829} INFO - Processing file /opt/airflow/dags/dags_with_postgres_hooks.py for tasks to queue
[2023-09-05T12:24:07.129+0000] {logging_mixin.py:151} INFO - [2023-09-05T12:24:07.129+0000] {dagbag.py:539} INFO - Filling up the DagBag from /opt/airflow/dags/dags_with_postgres_hooks.py
[2023-09-05T12:24:07.143+0000] {processor.py:839} INFO - DAG(s) dict_keys(['postgres_hooks_v08']) retrieved from /opt/airflow/dags/dags_with_postgres_hooks.py
[2023-09-05T12:24:07.167+0000] {logging_mixin.py:151} INFO - [2023-09-05T12:24:07.166+0000] {dag.py:2907} INFO - Sync 1 DAGs
[2023-09-05T12:24:07.289+0000] {processor.py:179} INFO - Processing /opt/airflow/dags/dags_with_postgres_hooks.py took 0.167 seconds
[2023-09-05T12:24:37.871+0000] {processor.py:157} INFO - Started process (PID=30700) to work on /opt/airflow/dags/dags_with_postgres_hooks.py
[2023-09-05T12:24:37.872+0000] {processor.py:829} INFO - Processing file /opt/airflow/dags/dags_with_postgres_hooks.py for tasks to queue
[2023-09-05T12:24:37.873+0000] {logging_mixin.py:151} INFO - [2023-09-05T12:24:37.873+0000] {dagbag.py:539} INFO - Filling up the DagBag from /opt/airflow/dags/dags_with_postgres_hooks.py
[2023-09-05T12:24:37.889+0000] {processor.py:839} INFO - DAG(s) dict_keys(['postgres_hooks_v08']) retrieved from /opt/airflow/dags/dags_with_postgres_hooks.py
[2023-09-05T12:24:37.922+0000] {logging_mixin.py:151} INFO - [2023-09-05T12:24:37.922+0000] {dag.py:2907} INFO - Sync 1 DAGs
[2023-09-05T12:24:37.971+0000] {processor.py:179} INFO - Processing /opt/airflow/dags/dags_with_postgres_hooks.py took 0.105 seconds
[2023-09-05T12:25:08.568+0000] {processor.py:157} INFO - Started process (PID=30752) to work on /opt/airflow/dags/dags_with_postgres_hooks.py
[2023-09-05T12:25:08.570+0000] {processor.py:829} INFO - Processing file /opt/airflow/dags/dags_with_postgres_hooks.py for tasks to queue
[2023-09-05T12:25:08.572+0000] {logging_mixin.py:151} INFO - [2023-09-05T12:25:08.571+0000] {dagbag.py:539} INFO - Filling up the DagBag from /opt/airflow/dags/dags_with_postgres_hooks.py
[2023-09-05T12:25:08.588+0000] {processor.py:839} INFO - DAG(s) dict_keys(['postgres_hooks_v08']) retrieved from /opt/airflow/dags/dags_with_postgres_hooks.py
[2023-09-05T12:25:08.618+0000] {logging_mixin.py:151} INFO - [2023-09-05T12:25:08.617+0000] {dag.py:2907} INFO - Sync 1 DAGs
[2023-09-05T12:25:08.669+0000] {processor.py:179} INFO - Processing /opt/airflow/dags/dags_with_postgres_hooks.py took 0.106 seconds
[2023-09-05T12:25:39.204+0000] {processor.py:157} INFO - Started process (PID=30804) to work on /opt/airflow/dags/dags_with_postgres_hooks.py
[2023-09-05T12:25:39.209+0000] {processor.py:829} INFO - Processing file /opt/airflow/dags/dags_with_postgres_hooks.py for tasks to queue
[2023-09-05T12:25:39.210+0000] {logging_mixin.py:151} INFO - [2023-09-05T12:25:39.209+0000] {dagbag.py:539} INFO - Filling up the DagBag from /opt/airflow/dags/dags_with_postgres_hooks.py
[2023-09-05T12:25:39.220+0000] {processor.py:839} INFO - DAG(s) dict_keys(['postgres_hooks_v08']) retrieved from /opt/airflow/dags/dags_with_postgres_hooks.py
[2023-09-05T12:25:39.248+0000] {logging_mixin.py:151} INFO - [2023-09-05T12:25:39.248+0000] {dag.py:2907} INFO - Sync 1 DAGs
[2023-09-05T12:25:39.297+0000] {processor.py:179} INFO - Processing /opt/airflow/dags/dags_with_postgres_hooks.py took 0.096 seconds
[2023-09-05T12:26:09.901+0000] {processor.py:157} INFO - Started process (PID=30856) to work on /opt/airflow/dags/dags_with_postgres_hooks.py
[2023-09-05T12:26:09.902+0000] {processor.py:829} INFO - Processing file /opt/airflow/dags/dags_with_postgres_hooks.py for tasks to queue
[2023-09-05T12:26:09.903+0000] {logging_mixin.py:151} INFO - [2023-09-05T12:26:09.903+0000] {dagbag.py:539} INFO - Filling up the DagBag from /opt/airflow/dags/dags_with_postgres_hooks.py
[2023-09-05T12:26:09.917+0000] {processor.py:839} INFO - DAG(s) dict_keys(['postgres_hooks_v08']) retrieved from /opt/airflow/dags/dags_with_postgres_hooks.py
[2023-09-05T12:26:09.942+0000] {logging_mixin.py:151} INFO - [2023-09-05T12:26:09.942+0000] {dag.py:2907} INFO - Sync 1 DAGs
[2023-09-05T12:26:09.984+0000] {processor.py:179} INFO - Processing /opt/airflow/dags/dags_with_postgres_hooks.py took 0.089 seconds
[2023-09-05T12:26:40.559+0000] {processor.py:157} INFO - Started process (PID=30908) to work on /opt/airflow/dags/dags_with_postgres_hooks.py
[2023-09-05T12:26:40.561+0000] {processor.py:829} INFO - Processing file /opt/airflow/dags/dags_with_postgres_hooks.py for tasks to queue
[2023-09-05T12:26:40.562+0000] {logging_mixin.py:151} INFO - [2023-09-05T12:26:40.562+0000] {dagbag.py:539} INFO - Filling up the DagBag from /opt/airflow/dags/dags_with_postgres_hooks.py
[2023-09-05T12:26:40.582+0000] {processor.py:839} INFO - DAG(s) dict_keys(['postgres_hooks_v08']) retrieved from /opt/airflow/dags/dags_with_postgres_hooks.py
[2023-09-05T12:26:40.617+0000] {logging_mixin.py:151} INFO - [2023-09-05T12:26:40.617+0000] {dag.py:2907} INFO - Sync 1 DAGs
[2023-09-05T12:26:40.684+0000] {processor.py:179} INFO - Processing /opt/airflow/dags/dags_with_postgres_hooks.py took 0.130 seconds
[2023-09-05T12:27:11.298+0000] {processor.py:157} INFO - Started process (PID=30961) to work on /opt/airflow/dags/dags_with_postgres_hooks.py
[2023-09-05T12:27:11.299+0000] {processor.py:829} INFO - Processing file /opt/airflow/dags/dags_with_postgres_hooks.py for tasks to queue
[2023-09-05T12:27:11.301+0000] {logging_mixin.py:151} INFO - [2023-09-05T12:27:11.300+0000] {dagbag.py:539} INFO - Filling up the DagBag from /opt/airflow/dags/dags_with_postgres_hooks.py
[2023-09-05T12:27:11.317+0000] {processor.py:839} INFO - DAG(s) dict_keys(['postgres_hooks_v08']) retrieved from /opt/airflow/dags/dags_with_postgres_hooks.py
[2023-09-05T12:27:11.350+0000] {logging_mixin.py:151} INFO - [2023-09-05T12:27:11.350+0000] {dag.py:2907} INFO - Sync 1 DAGs
[2023-09-05T12:27:11.409+0000] {processor.py:179} INFO - Processing /opt/airflow/dags/dags_with_postgres_hooks.py took 0.115 seconds
[2023-09-05T12:27:42.024+0000] {processor.py:157} INFO - Started process (PID=31013) to work on /opt/airflow/dags/dags_with_postgres_hooks.py
[2023-09-05T12:27:42.027+0000] {processor.py:829} INFO - Processing file /opt/airflow/dags/dags_with_postgres_hooks.py for tasks to queue
[2023-09-05T12:27:42.029+0000] {logging_mixin.py:151} INFO - [2023-09-05T12:27:42.028+0000] {dagbag.py:539} INFO - Filling up the DagBag from /opt/airflow/dags/dags_with_postgres_hooks.py
[2023-09-05T12:27:42.050+0000] {processor.py:839} INFO - DAG(s) dict_keys(['postgres_hooks_v08']) retrieved from /opt/airflow/dags/dags_with_postgres_hooks.py
[2023-09-05T12:27:42.085+0000] {logging_mixin.py:151} INFO - [2023-09-05T12:27:42.085+0000] {dag.py:2907} INFO - Sync 1 DAGs
[2023-09-05T12:27:42.150+0000] {processor.py:179} INFO - Processing /opt/airflow/dags/dags_with_postgres_hooks.py took 0.133 seconds
[2023-09-05T12:28:12.829+0000] {processor.py:157} INFO - Started process (PID=31088) to work on /opt/airflow/dags/dags_with_postgres_hooks.py
[2023-09-05T12:28:12.837+0000] {processor.py:829} INFO - Processing file /opt/airflow/dags/dags_with_postgres_hooks.py for tasks to queue
[2023-09-05T12:28:12.841+0000] {logging_mixin.py:151} INFO - [2023-09-05T12:28:12.839+0000] {dagbag.py:539} INFO - Filling up the DagBag from /opt/airflow/dags/dags_with_postgres_hooks.py
[2023-09-05T12:28:12.891+0000] {processor.py:839} INFO - DAG(s) dict_keys(['postgres_hooks_v08']) retrieved from /opt/airflow/dags/dags_with_postgres_hooks.py
[2023-09-05T12:28:12.969+0000] {logging_mixin.py:151} INFO - [2023-09-05T12:28:12.969+0000] {dag.py:2907} INFO - Sync 1 DAGs
[2023-09-05T12:28:13.087+0000] {processor.py:179} INFO - Processing /opt/airflow/dags/dags_with_postgres_hooks.py took 0.288 seconds
[2023-09-05T12:28:43.187+0000] {processor.py:157} INFO - Started process (PID=31252) to work on /opt/airflow/dags/dags_with_postgres_hooks.py
[2023-09-05T12:28:43.189+0000] {processor.py:829} INFO - Processing file /opt/airflow/dags/dags_with_postgres_hooks.py for tasks to queue
[2023-09-05T12:28:43.190+0000] {logging_mixin.py:151} INFO - [2023-09-05T12:28:43.190+0000] {dagbag.py:539} INFO - Filling up the DagBag from /opt/airflow/dags/dags_with_postgres_hooks.py
[2023-09-05T12:28:43.207+0000] {processor.py:839} INFO - DAG(s) dict_keys(['postgres_hooks_v08']) retrieved from /opt/airflow/dags/dags_with_postgres_hooks.py
[2023-09-05T12:28:43.240+0000] {logging_mixin.py:151} INFO - [2023-09-05T12:28:43.240+0000] {dag.py:2907} INFO - Sync 1 DAGs
[2023-09-05T12:28:43.302+0000] {processor.py:179} INFO - Processing /opt/airflow/dags/dags_with_postgres_hooks.py took 0.120 seconds
[2023-09-05T12:29:13.903+0000] {processor.py:157} INFO - Started process (PID=31304) to work on /opt/airflow/dags/dags_with_postgres_hooks.py
[2023-09-05T12:29:13.903+0000] {processor.py:829} INFO - Processing file /opt/airflow/dags/dags_with_postgres_hooks.py for tasks to queue
[2023-09-05T12:29:13.904+0000] {logging_mixin.py:151} INFO - [2023-09-05T12:29:13.904+0000] {dagbag.py:539} INFO - Filling up the DagBag from /opt/airflow/dags/dags_with_postgres_hooks.py
[2023-09-05T12:29:13.914+0000] {processor.py:839} INFO - DAG(s) dict_keys(['postgres_hooks_v08']) retrieved from /opt/airflow/dags/dags_with_postgres_hooks.py
[2023-09-05T12:29:13.941+0000] {logging_mixin.py:151} INFO - [2023-09-05T12:29:13.941+0000] {dag.py:2907} INFO - Sync 1 DAGs
[2023-09-05T12:29:13.999+0000] {processor.py:179} INFO - Processing /opt/airflow/dags/dags_with_postgres_hooks.py took 0.099 seconds
[2023-09-05T12:29:44.606+0000] {processor.py:157} INFO - Started process (PID=31356) to work on /opt/airflow/dags/dags_with_postgres_hooks.py
[2023-09-05T12:29:44.609+0000] {processor.py:829} INFO - Processing file /opt/airflow/dags/dags_with_postgres_hooks.py for tasks to queue
[2023-09-05T12:29:44.610+0000] {logging_mixin.py:151} INFO - [2023-09-05T12:29:44.610+0000] {dagbag.py:539} INFO - Filling up the DagBag from /opt/airflow/dags/dags_with_postgres_hooks.py
[2023-09-05T12:29:44.630+0000] {processor.py:839} INFO - DAG(s) dict_keys(['postgres_hooks_v08']) retrieved from /opt/airflow/dags/dags_with_postgres_hooks.py
[2023-09-05T12:29:44.667+0000] {logging_mixin.py:151} INFO - [2023-09-05T12:29:44.667+0000] {dag.py:2907} INFO - Sync 1 DAGs
[2023-09-05T12:29:44.742+0000] {processor.py:179} INFO - Processing /opt/airflow/dags/dags_with_postgres_hooks.py took 0.142 seconds
[2023-09-05T12:30:15.453+0000] {processor.py:157} INFO - Started process (PID=31408) to work on /opt/airflow/dags/dags_with_postgres_hooks.py
[2023-09-05T12:30:15.454+0000] {processor.py:829} INFO - Processing file /opt/airflow/dags/dags_with_postgres_hooks.py for tasks to queue
[2023-09-05T12:30:15.455+0000] {logging_mixin.py:151} INFO - [2023-09-05T12:30:15.455+0000] {dagbag.py:539} INFO - Filling up the DagBag from /opt/airflow/dags/dags_with_postgres_hooks.py
[2023-09-05T12:30:15.470+0000] {processor.py:839} INFO - DAG(s) dict_keys(['postgres_hooks_v08']) retrieved from /opt/airflow/dags/dags_with_postgres_hooks.py
[2023-09-05T12:30:15.503+0000] {logging_mixin.py:151} INFO - [2023-09-05T12:30:15.503+0000] {dag.py:2907} INFO - Sync 1 DAGs
[2023-09-05T12:30:15.616+0000] {processor.py:179} INFO - Processing /opt/airflow/dags/dags_with_postgres_hooks.py took 0.168 seconds
[2023-09-05T12:30:46.268+0000] {processor.py:157} INFO - Started process (PID=31460) to work on /opt/airflow/dags/dags_with_postgres_hooks.py
[2023-09-05T12:30:46.269+0000] {processor.py:829} INFO - Processing file /opt/airflow/dags/dags_with_postgres_hooks.py for tasks to queue
[2023-09-05T12:30:46.270+0000] {logging_mixin.py:151} INFO - [2023-09-05T12:30:46.270+0000] {dagbag.py:539} INFO - Filling up the DagBag from /opt/airflow/dags/dags_with_postgres_hooks.py
[2023-09-05T12:30:46.282+0000] {processor.py:839} INFO - DAG(s) dict_keys(['postgres_hooks_v08']) retrieved from /opt/airflow/dags/dags_with_postgres_hooks.py
[2023-09-05T12:30:46.308+0000] {logging_mixin.py:151} INFO - [2023-09-05T12:30:46.308+0000] {dag.py:2907} INFO - Sync 1 DAGs
[2023-09-05T12:30:46.356+0000] {processor.py:179} INFO - Processing /opt/airflow/dags/dags_with_postgres_hooks.py took 0.092 seconds
[2023-09-05T12:31:16.831+0000] {processor.py:157} INFO - Started process (PID=31512) to work on /opt/airflow/dags/dags_with_postgres_hooks.py
[2023-09-05T12:31:16.832+0000] {processor.py:829} INFO - Processing file /opt/airflow/dags/dags_with_postgres_hooks.py for tasks to queue
[2023-09-05T12:31:16.833+0000] {logging_mixin.py:151} INFO - [2023-09-05T12:31:16.833+0000] {dagbag.py:539} INFO - Filling up the DagBag from /opt/airflow/dags/dags_with_postgres_hooks.py
[2023-09-05T12:31:16.850+0000] {processor.py:839} INFO - DAG(s) dict_keys(['postgres_hooks_v08']) retrieved from /opt/airflow/dags/dags_with_postgres_hooks.py
[2023-09-05T12:31:16.878+0000] {logging_mixin.py:151} INFO - [2023-09-05T12:31:16.878+0000] {dag.py:2907} INFO - Sync 1 DAGs
[2023-09-05T12:31:16.933+0000] {processor.py:179} INFO - Processing /opt/airflow/dags/dags_with_postgres_hooks.py took 0.105 seconds
[2023-09-05T12:31:47.469+0000] {processor.py:157} INFO - Started process (PID=31564) to work on /opt/airflow/dags/dags_with_postgres_hooks.py
[2023-09-05T12:31:47.470+0000] {processor.py:829} INFO - Processing file /opt/airflow/dags/dags_with_postgres_hooks.py for tasks to queue
[2023-09-05T12:31:47.471+0000] {logging_mixin.py:151} INFO - [2023-09-05T12:31:47.471+0000] {dagbag.py:539} INFO - Filling up the DagBag from /opt/airflow/dags/dags_with_postgres_hooks.py
[2023-09-05T12:31:47.485+0000] {processor.py:839} INFO - DAG(s) dict_keys(['postgres_hooks_v08']) retrieved from /opt/airflow/dags/dags_with_postgres_hooks.py
[2023-09-05T12:31:47.517+0000] {logging_mixin.py:151} INFO - [2023-09-05T12:31:47.517+0000] {dag.py:2907} INFO - Sync 1 DAGs
[2023-09-05T12:31:47.661+0000] {processor.py:179} INFO - Processing /opt/airflow/dags/dags_with_postgres_hooks.py took 0.196 seconds
[2023-09-05T12:32:18.132+0000] {processor.py:157} INFO - Started process (PID=31616) to work on /opt/airflow/dags/dags_with_postgres_hooks.py
[2023-09-05T12:32:18.133+0000] {processor.py:829} INFO - Processing file /opt/airflow/dags/dags_with_postgres_hooks.py for tasks to queue
[2023-09-05T12:32:18.133+0000] {logging_mixin.py:151} INFO - [2023-09-05T12:32:18.133+0000] {dagbag.py:539} INFO - Filling up the DagBag from /opt/airflow/dags/dags_with_postgres_hooks.py
[2023-09-05T12:32:18.146+0000] {processor.py:839} INFO - DAG(s) dict_keys(['postgres_hooks_v08']) retrieved from /opt/airflow/dags/dags_with_postgres_hooks.py
[2023-09-05T12:32:18.174+0000] {logging_mixin.py:151} INFO - [2023-09-05T12:32:18.174+0000] {dag.py:2907} INFO - Sync 1 DAGs
[2023-09-05T12:32:18.226+0000] {processor.py:179} INFO - Processing /opt/airflow/dags/dags_with_postgres_hooks.py took 0.098 seconds
[2023-09-05T12:32:48.653+0000] {processor.py:157} INFO - Started process (PID=31669) to work on /opt/airflow/dags/dags_with_postgres_hooks.py
[2023-09-05T12:32:48.653+0000] {processor.py:829} INFO - Processing file /opt/airflow/dags/dags_with_postgres_hooks.py for tasks to queue
[2023-09-05T12:32:48.654+0000] {logging_mixin.py:151} INFO - [2023-09-05T12:32:48.654+0000] {dagbag.py:539} INFO - Filling up the DagBag from /opt/airflow/dags/dags_with_postgres_hooks.py
[2023-09-05T12:32:48.669+0000] {processor.py:839} INFO - DAG(s) dict_keys(['postgres_hooks_v08']) retrieved from /opt/airflow/dags/dags_with_postgres_hooks.py
[2023-09-05T12:32:48.694+0000] {logging_mixin.py:151} INFO - [2023-09-05T12:32:48.694+0000] {dag.py:2907} INFO - Sync 1 DAGs
[2023-09-05T12:32:48.748+0000] {processor.py:179} INFO - Processing /opt/airflow/dags/dags_with_postgres_hooks.py took 0.099 seconds
