[2023-09-04T06:01:33.896+0000] {taskinstance.py:1159} INFO - Dependencies all met for dep_context=non-requeueable deps ti=<TaskInstance: dag_with_postgres_operator_v04.delete_data_from_table scheduled__2022-01-23T00:00:00+00:00 [queued]>
[2023-09-04T06:01:33.919+0000] {taskinstance.py:1159} INFO - Dependencies all met for dep_context=requeueable deps ti=<TaskInstance: dag_with_postgres_operator_v04.delete_data_from_table scheduled__2022-01-23T00:00:00+00:00 [queued]>
[2023-09-04T06:01:33.920+0000] {taskinstance.py:1361} INFO - Starting attempt 1 of 6
[2023-09-04T06:01:33.953+0000] {taskinstance.py:1382} INFO - Executing <Task(PostgresOperator): delete_data_from_table> on 2022-01-23 00:00:00+00:00
[2023-09-04T06:01:33.963+0000] {standard_task_runner.py:57} INFO - Started process 4880 to run task
[2023-09-04T06:01:33.968+0000] {standard_task_runner.py:84} INFO - Running: ['***', 'tasks', 'run', 'dag_with_postgres_operator_v04', 'delete_data_from_table', 'scheduled__2022-01-23T00:00:00+00:00', '--job-id', '245', '--raw', '--subdir', 'DAGS_FOLDER/dag_with_postgres_operator.py', '--cfg-path', '/tmp/tmpjmc6dwqi']
[2023-09-04T06:01:33.971+0000] {standard_task_runner.py:85} INFO - Job 245: Subtask delete_data_from_table
[2023-09-04T06:01:34.057+0000] {task_command.py:415} INFO - Running <TaskInstance: dag_with_postgres_operator_v04.delete_data_from_table scheduled__2022-01-23T00:00:00+00:00 [running]> on host 10bdc2e98230
[2023-09-04T06:01:34.219+0000] {taskinstance.py:1660} INFO - Exporting env vars: AIRFLOW_CTX_DAG_OWNER='coder2j' AIRFLOW_CTX_DAG_ID='dag_with_postgres_operator_v04' AIRFLOW_CTX_TASK_ID='delete_data_from_table' AIRFLOW_CTX_EXECUTION_DATE='2022-01-23T00:00:00+00:00' AIRFLOW_CTX_TRY_NUMBER='1' AIRFLOW_CTX_DAG_RUN_ID='scheduled__2022-01-23T00:00:00+00:00'
[2023-09-04T06:01:34.221+0000] {sql.py:274} INFO - Executing: 
            delete from dag_runs where dt = '2022-01-23' and dag_id = 'dag_with_postgres_operator_v04';
        
[2023-09-04T06:01:34.238+0000] {base.py:73} INFO - Using connection ID 'postgres_localhost' for task execution.
[2023-09-04T06:01:34.256+0000] {base.py:73} INFO - Using connection ID 'postgres_localhost' for task execution.
[2023-09-04T06:01:34.276+0000] {sql.py:418} INFO - Running statement: 
            delete from dag_runs where dt = '2022-01-23' and dag_id = 'dag_with_postgres_operator_v04';
        , parameters: None
[2023-09-04T06:01:34.284+0000] {sql.py:427} INFO - Rows affected: 0
[2023-09-04T06:01:34.303+0000] {taskinstance.py:1400} INFO - Marking task as SUCCESS. dag_id=dag_with_postgres_operator_v04, task_id=delete_data_from_table, execution_date=20220123T000000, start_date=20230904T060133, end_date=20230904T060134
[2023-09-04T06:01:34.383+0000] {local_task_job_runner.py:228} INFO - Task exited with return code 0
[2023-09-04T06:01:34.423+0000] {taskinstance.py:2784} INFO - 1 downstream tasks scheduled from follow-on schedule check
[2023-09-04T06:04:21.284+0000] {taskinstance.py:1159} INFO - Dependencies all met for dep_context=non-requeueable deps ti=<TaskInstance: dag_with_postgres_operator_v04.delete_data_from_table scheduled__2022-01-23T00:00:00+00:00 [queued]>
[2023-09-04T06:04:21.317+0000] {taskinstance.py:1159} INFO - Dependencies all met for dep_context=requeueable deps ti=<TaskInstance: dag_with_postgres_operator_v04.delete_data_from_table scheduled__2022-01-23T00:00:00+00:00 [queued]>
[2023-09-04T06:04:21.319+0000] {taskinstance.py:1361} INFO - Starting attempt 1 of 6
[2023-09-04T06:04:21.371+0000] {taskinstance.py:1382} INFO - Executing <Task(PostgresOperator): delete_data_from_table> on 2022-01-23 00:00:00+00:00
[2023-09-04T06:04:21.384+0000] {standard_task_runner.py:57} INFO - Started process 6162 to run task
[2023-09-04T06:04:21.390+0000] {standard_task_runner.py:84} INFO - Running: ['***', 'tasks', 'run', 'dag_with_postgres_operator_v04', 'delete_data_from_table', 'scheduled__2022-01-23T00:00:00+00:00', '--job-id', '785', '--raw', '--subdir', 'DAGS_FOLDER/dag_with_postgres_operator.py', '--cfg-path', '/tmp/tmpejj77cuf']
[2023-09-04T06:04:21.396+0000] {standard_task_runner.py:85} INFO - Job 785: Subtask delete_data_from_table
[2023-09-04T06:04:21.534+0000] {task_command.py:415} INFO - Running <TaskInstance: dag_with_postgres_operator_v04.delete_data_from_table scheduled__2022-01-23T00:00:00+00:00 [running]> on host 10bdc2e98230
[2023-09-04T06:04:21.778+0000] {taskinstance.py:1660} INFO - Exporting env vars: AIRFLOW_CTX_DAG_OWNER='mohghaff' AIRFLOW_CTX_DAG_ID='dag_with_postgres_operator_v04' AIRFLOW_CTX_TASK_ID='delete_data_from_table' AIRFLOW_CTX_EXECUTION_DATE='2022-01-23T00:00:00+00:00' AIRFLOW_CTX_TRY_NUMBER='1' AIRFLOW_CTX_DAG_RUN_ID='scheduled__2022-01-23T00:00:00+00:00'
[2023-09-04T06:04:21.781+0000] {sql.py:274} INFO - Executing: 
            delete from dag_runs where dt = '2022-01-23' and dag_id = 'dag_with_postgres_operator_v04';
        
[2023-09-04T06:04:21.803+0000] {base.py:73} INFO - Using connection ID 'postgres_localhost' for task execution.
[2023-09-04T06:04:21.820+0000] {base.py:73} INFO - Using connection ID 'postgres_localhost' for task execution.
[2023-09-04T06:04:21.844+0000] {sql.py:418} INFO - Running statement: 
            delete from dag_runs where dt = '2022-01-23' and dag_id = 'dag_with_postgres_operator_v04';
        , parameters: None
[2023-09-04T06:04:21.859+0000] {sql.py:427} INFO - Rows affected: 1
[2023-09-04T06:04:21.891+0000] {taskinstance.py:1400} INFO - Marking task as SUCCESS. dag_id=dag_with_postgres_operator_v04, task_id=delete_data_from_table, execution_date=20220123T000000, start_date=20230904T060421, end_date=20230904T060421
[2023-09-04T06:04:21.983+0000] {local_task_job_runner.py:228} INFO - Task exited with return code 0
[2023-09-04T06:04:22.377+0000] {taskinstance.py:2784} INFO - 0 downstream tasks scheduled from follow-on schedule check
