[2023-09-04T06:03:12.682+0000] {taskinstance.py:1159} INFO - Dependencies all met for dep_context=non-requeueable deps ti=<TaskInstance: dag_with_postgres_operator_v04.delete_data_from_table scheduled__2022-05-27T00:00:00+00:00 [queued]>
[2023-09-04T06:03:12.693+0000] {taskinstance.py:1159} INFO - Dependencies all met for dep_context=requeueable deps ti=<TaskInstance: dag_with_postgres_operator_v04.delete_data_from_table scheduled__2022-05-27T00:00:00+00:00 [queued]>
[2023-09-04T06:03:12.694+0000] {taskinstance.py:1361} INFO - Starting attempt 1 of 6
[2023-09-04T06:03:12.709+0000] {taskinstance.py:1382} INFO - Executing <Task(PostgresOperator): delete_data_from_table> on 2022-05-27 00:00:00+00:00
[2023-09-04T06:03:12.715+0000] {standard_task_runner.py:57} INFO - Started process 5749 to run task
[2023-09-04T06:03:12.717+0000] {standard_task_runner.py:84} INFO - Running: ['***', 'tasks', 'run', 'dag_with_postgres_operator_v04', 'delete_data_from_table', 'scheduled__2022-05-27T00:00:00+00:00', '--job-id', '621', '--raw', '--subdir', 'DAGS_FOLDER/dag_with_postgres_operator.py', '--cfg-path', '/tmp/tmpsuv7oi3h']
[2023-09-04T06:03:12.719+0000] {standard_task_runner.py:85} INFO - Job 621: Subtask delete_data_from_table
[2023-09-04T06:03:12.772+0000] {task_command.py:415} INFO - Running <TaskInstance: dag_with_postgres_operator_v04.delete_data_from_table scheduled__2022-05-27T00:00:00+00:00 [running]> on host 10bdc2e98230
[2023-09-04T06:03:12.859+0000] {taskinstance.py:1660} INFO - Exporting env vars: AIRFLOW_CTX_DAG_OWNER='coder2j' AIRFLOW_CTX_DAG_ID='dag_with_postgres_operator_v04' AIRFLOW_CTX_TASK_ID='delete_data_from_table' AIRFLOW_CTX_EXECUTION_DATE='2022-05-27T00:00:00+00:00' AIRFLOW_CTX_TRY_NUMBER='1' AIRFLOW_CTX_DAG_RUN_ID='scheduled__2022-05-27T00:00:00+00:00'
[2023-09-04T06:03:12.859+0000] {sql.py:274} INFO - Executing: 
            delete from dag_runs where dt = '2022-05-27' and dag_id = 'dag_with_postgres_operator_v04';
        
[2023-09-04T06:03:12.867+0000] {base.py:73} INFO - Using connection ID 'postgres_localhost' for task execution.
[2023-09-04T06:03:12.874+0000] {base.py:73} INFO - Using connection ID 'postgres_localhost' for task execution.
[2023-09-04T06:03:12.883+0000] {sql.py:418} INFO - Running statement: 
            delete from dag_runs where dt = '2022-05-27' and dag_id = 'dag_with_postgres_operator_v04';
        , parameters: None
[2023-09-04T06:03:12.887+0000] {sql.py:427} INFO - Rows affected: 0
[2023-09-04T06:03:12.896+0000] {taskinstance.py:1400} INFO - Marking task as SUCCESS. dag_id=dag_with_postgres_operator_v04, task_id=delete_data_from_table, execution_date=20220527T000000, start_date=20230904T060312, end_date=20230904T060312
[2023-09-04T06:03:12.929+0000] {local_task_job_runner.py:228} INFO - Task exited with return code 0
[2023-09-04T06:03:12.946+0000] {taskinstance.py:2784} INFO - 1 downstream tasks scheduled from follow-on schedule check
[2023-09-04T06:05:58.306+0000] {taskinstance.py:1159} INFO - Dependencies all met for dep_context=non-requeueable deps ti=<TaskInstance: dag_with_postgres_operator_v04.delete_data_from_table scheduled__2022-05-27T00:00:00+00:00 [queued]>
[2023-09-04T06:05:58.327+0000] {taskinstance.py:1159} INFO - Dependencies all met for dep_context=requeueable deps ti=<TaskInstance: dag_with_postgres_operator_v04.delete_data_from_table scheduled__2022-05-27T00:00:00+00:00 [queued]>
[2023-09-04T06:05:58.328+0000] {taskinstance.py:1361} INFO - Starting attempt 1 of 6
[2023-09-04T06:05:58.358+0000] {taskinstance.py:1382} INFO - Executing <Task(PostgresOperator): delete_data_from_table> on 2022-05-27 00:00:00+00:00
[2023-09-04T06:05:58.370+0000] {standard_task_runner.py:57} INFO - Started process 7008 to run task
[2023-09-04T06:05:58.375+0000] {standard_task_runner.py:84} INFO - Running: ['***', 'tasks', 'run', 'dag_with_postgres_operator_v04', 'delete_data_from_table', 'scheduled__2022-05-27T00:00:00+00:00', '--job-id', '1149', '--raw', '--subdir', 'DAGS_FOLDER/dag_with_postgres_operator.py', '--cfg-path', '/tmp/tmpkxztwa9l']
[2023-09-04T06:05:58.379+0000] {standard_task_runner.py:85} INFO - Job 1149: Subtask delete_data_from_table
[2023-09-04T06:05:58.501+0000] {task_command.py:415} INFO - Running <TaskInstance: dag_with_postgres_operator_v04.delete_data_from_table scheduled__2022-05-27T00:00:00+00:00 [running]> on host 10bdc2e98230
[2023-09-04T06:05:58.714+0000] {taskinstance.py:1660} INFO - Exporting env vars: AIRFLOW_CTX_DAG_OWNER='mohghaff' AIRFLOW_CTX_DAG_ID='dag_with_postgres_operator_v04' AIRFLOW_CTX_TASK_ID='delete_data_from_table' AIRFLOW_CTX_EXECUTION_DATE='2022-05-27T00:00:00+00:00' AIRFLOW_CTX_TRY_NUMBER='1' AIRFLOW_CTX_DAG_RUN_ID='scheduled__2022-05-27T00:00:00+00:00'
[2023-09-04T06:05:58.716+0000] {sql.py:274} INFO - Executing: 
            delete from dag_runs where dt = '2022-05-27' and dag_id = 'dag_with_postgres_operator_v04';
        
[2023-09-04T06:05:58.738+0000] {base.py:73} INFO - Using connection ID 'postgres_localhost' for task execution.
[2023-09-04T06:05:58.766+0000] {base.py:73} INFO - Using connection ID 'postgres_localhost' for task execution.
[2023-09-04T06:05:58.799+0000] {sql.py:418} INFO - Running statement: 
            delete from dag_runs where dt = '2022-05-27' and dag_id = 'dag_with_postgres_operator_v04';
        , parameters: None
[2023-09-04T06:05:58.809+0000] {sql.py:427} INFO - Rows affected: 1
[2023-09-04T06:05:58.846+0000] {taskinstance.py:1400} INFO - Marking task as SUCCESS. dag_id=dag_with_postgres_operator_v04, task_id=delete_data_from_table, execution_date=20220527T000000, start_date=20230904T060558, end_date=20230904T060558
[2023-09-04T06:05:59.036+0000] {local_task_job_runner.py:228} INFO - Task exited with return code 0
[2023-09-04T06:05:59.073+0000] {taskinstance.py:2784} INFO - 1 downstream tasks scheduled from follow-on schedule check
