[2023-09-04T06:02:49.159+0000] {taskinstance.py:1159} INFO - Dependencies all met for dep_context=non-requeueable deps ti=<TaskInstance: dag_with_postgres_operator_v04.delete_data_from_table scheduled__2022-04-26T00:00:00+00:00 [queued]>
[2023-09-04T06:02:49.172+0000] {taskinstance.py:1159} INFO - Dependencies all met for dep_context=requeueable deps ti=<TaskInstance: dag_with_postgres_operator_v04.delete_data_from_table scheduled__2022-04-26T00:00:00+00:00 [queued]>
[2023-09-04T06:02:49.172+0000] {taskinstance.py:1361} INFO - Starting attempt 1 of 6
[2023-09-04T06:02:49.188+0000] {taskinstance.py:1382} INFO - Executing <Task(PostgresOperator): delete_data_from_table> on 2022-04-26 00:00:00+00:00
[2023-09-04T06:02:49.196+0000] {standard_task_runner.py:57} INFO - Started process 5498 to run task
[2023-09-04T06:02:49.198+0000] {standard_task_runner.py:84} INFO - Running: ['***', 'tasks', 'run', 'dag_with_postgres_operator_v04', 'delete_data_from_table', 'scheduled__2022-04-26T00:00:00+00:00', '--job-id', '514', '--raw', '--subdir', 'DAGS_FOLDER/dag_with_postgres_operator.py', '--cfg-path', '/tmp/tmp69rz9l9x']
[2023-09-04T06:02:49.200+0000] {standard_task_runner.py:85} INFO - Job 514: Subtask delete_data_from_table
[2023-09-04T06:02:49.249+0000] {task_command.py:415} INFO - Running <TaskInstance: dag_with_postgres_operator_v04.delete_data_from_table scheduled__2022-04-26T00:00:00+00:00 [running]> on host 10bdc2e98230
[2023-09-04T06:02:49.330+0000] {taskinstance.py:1660} INFO - Exporting env vars: AIRFLOW_CTX_DAG_OWNER='coder2j' AIRFLOW_CTX_DAG_ID='dag_with_postgres_operator_v04' AIRFLOW_CTX_TASK_ID='delete_data_from_table' AIRFLOW_CTX_EXECUTION_DATE='2022-04-26T00:00:00+00:00' AIRFLOW_CTX_TRY_NUMBER='1' AIRFLOW_CTX_DAG_RUN_ID='scheduled__2022-04-26T00:00:00+00:00'
[2023-09-04T06:02:49.331+0000] {sql.py:274} INFO - Executing: 
            delete from dag_runs where dt = '2022-04-26' and dag_id = 'dag_with_postgres_operator_v04';
        
[2023-09-04T06:02:49.339+0000] {base.py:73} INFO - Using connection ID 'postgres_localhost' for task execution.
[2023-09-04T06:02:49.345+0000] {base.py:73} INFO - Using connection ID 'postgres_localhost' for task execution.
[2023-09-04T06:02:49.354+0000] {sql.py:418} INFO - Running statement: 
            delete from dag_runs where dt = '2022-04-26' and dag_id = 'dag_with_postgres_operator_v04';
        , parameters: None
[2023-09-04T06:02:49.356+0000] {sql.py:427} INFO - Rows affected: 0
[2023-09-04T06:02:49.365+0000] {taskinstance.py:1400} INFO - Marking task as SUCCESS. dag_id=dag_with_postgres_operator_v04, task_id=delete_data_from_table, execution_date=20220426T000000, start_date=20230904T060249, end_date=20230904T060249
[2023-09-04T06:02:49.411+0000] {local_task_job_runner.py:228} INFO - Task exited with return code 0
[2023-09-04T06:02:49.430+0000] {taskinstance.py:2784} INFO - 1 downstream tasks scheduled from follow-on schedule check
[2023-09-04T06:05:37.308+0000] {taskinstance.py:1159} INFO - Dependencies all met for dep_context=non-requeueable deps ti=<TaskInstance: dag_with_postgres_operator_v04.delete_data_from_table scheduled__2022-04-26T00:00:00+00:00 [queued]>
[2023-09-04T06:05:37.334+0000] {taskinstance.py:1159} INFO - Dependencies all met for dep_context=requeueable deps ti=<TaskInstance: dag_with_postgres_operator_v04.delete_data_from_table scheduled__2022-04-26T00:00:00+00:00 [queued]>
[2023-09-04T06:05:37.335+0000] {taskinstance.py:1361} INFO - Starting attempt 1 of 6
[2023-09-04T06:05:37.682+0000] {taskinstance.py:1382} INFO - Executing <Task(PostgresOperator): delete_data_from_table> on 2022-04-26 00:00:00+00:00
[2023-09-04T06:05:37.699+0000] {standard_task_runner.py:57} INFO - Started process 6831 to run task
[2023-09-04T06:05:37.702+0000] {standard_task_runner.py:84} INFO - Running: ['***', 'tasks', 'run', 'dag_with_postgres_operator_v04', 'delete_data_from_table', 'scheduled__2022-04-26T00:00:00+00:00', '--job-id', '1068', '--raw', '--subdir', 'DAGS_FOLDER/dag_with_postgres_operator.py', '--cfg-path', '/tmp/tmpo71b4fjv']
[2023-09-04T06:05:37.707+0000] {standard_task_runner.py:85} INFO - Job 1068: Subtask delete_data_from_table
[2023-09-04T06:05:37.859+0000] {task_command.py:415} INFO - Running <TaskInstance: dag_with_postgres_operator_v04.delete_data_from_table scheduled__2022-04-26T00:00:00+00:00 [running]> on host 10bdc2e98230
[2023-09-04T06:05:38.071+0000] {taskinstance.py:1660} INFO - Exporting env vars: AIRFLOW_CTX_DAG_OWNER='mohghaff' AIRFLOW_CTX_DAG_ID='dag_with_postgres_operator_v04' AIRFLOW_CTX_TASK_ID='delete_data_from_table' AIRFLOW_CTX_EXECUTION_DATE='2022-04-26T00:00:00+00:00' AIRFLOW_CTX_TRY_NUMBER='1' AIRFLOW_CTX_DAG_RUN_ID='scheduled__2022-04-26T00:00:00+00:00'
[2023-09-04T06:05:38.073+0000] {sql.py:274} INFO - Executing: 
            delete from dag_runs where dt = '2022-04-26' and dag_id = 'dag_with_postgres_operator_v04';
        
[2023-09-04T06:05:38.090+0000] {base.py:73} INFO - Using connection ID 'postgres_localhost' for task execution.
[2023-09-04T06:05:38.107+0000] {base.py:73} INFO - Using connection ID 'postgres_localhost' for task execution.
[2023-09-04T06:05:38.131+0000] {sql.py:418} INFO - Running statement: 
            delete from dag_runs where dt = '2022-04-26' and dag_id = 'dag_with_postgres_operator_v04';
        , parameters: None
[2023-09-04T06:05:38.142+0000] {sql.py:427} INFO - Rows affected: 1
[2023-09-04T06:05:38.190+0000] {taskinstance.py:1400} INFO - Marking task as SUCCESS. dag_id=dag_with_postgres_operator_v04, task_id=delete_data_from_table, execution_date=20220426T000000, start_date=20230904T060537, end_date=20230904T060538
[2023-09-04T06:05:38.279+0000] {local_task_job_runner.py:228} INFO - Task exited with return code 0
[2023-09-04T06:05:38.359+0000] {taskinstance.py:2784} INFO - 1 downstream tasks scheduled from follow-on schedule check
