[2023-09-04T06:03:13.948+0000] {taskinstance.py:1159} INFO - Dependencies all met for dep_context=non-requeueable deps ti=<TaskInstance: dag_with_postgres_operator_v04.insert_into_table scheduled__2022-05-27T00:00:00+00:00 [queued]>
[2023-09-04T06:03:13.964+0000] {taskinstance.py:1159} INFO - Dependencies all met for dep_context=requeueable deps ti=<TaskInstance: dag_with_postgres_operator_v04.insert_into_table scheduled__2022-05-27T00:00:00+00:00 [queued]>
[2023-09-04T06:03:13.965+0000] {taskinstance.py:1361} INFO - Starting attempt 1 of 6
[2023-09-04T06:03:13.992+0000] {taskinstance.py:1382} INFO - Executing <Task(PostgresOperator): insert_into_table> on 2022-05-27 00:00:00+00:00
[2023-09-04T06:03:14.002+0000] {standard_task_runner.py:57} INFO - Started process 5766 to run task
[2023-09-04T06:03:14.006+0000] {standard_task_runner.py:84} INFO - Running: ['***', 'tasks', 'run', 'dag_with_postgres_operator_v04', 'insert_into_table', 'scheduled__2022-05-27T00:00:00+00:00', '--job-id', '630', '--raw', '--subdir', 'DAGS_FOLDER/dag_with_postgres_operator.py', '--cfg-path', '/tmp/tmpb0udds8y']
[2023-09-04T06:03:14.009+0000] {standard_task_runner.py:85} INFO - Job 630: Subtask insert_into_table
[2023-09-04T06:03:14.093+0000] {task_command.py:415} INFO - Running <TaskInstance: dag_with_postgres_operator_v04.insert_into_table scheduled__2022-05-27T00:00:00+00:00 [running]> on host 10bdc2e98230
[2023-09-04T06:03:14.249+0000] {taskinstance.py:1660} INFO - Exporting env vars: AIRFLOW_CTX_DAG_OWNER='coder2j' AIRFLOW_CTX_DAG_ID='dag_with_postgres_operator_v04' AIRFLOW_CTX_TASK_ID='insert_into_table' AIRFLOW_CTX_EXECUTION_DATE='2022-05-27T00:00:00+00:00' AIRFLOW_CTX_TRY_NUMBER='1' AIRFLOW_CTX_DAG_RUN_ID='scheduled__2022-05-27T00:00:00+00:00'
[2023-09-04T06:03:14.251+0000] {sql.py:274} INFO - Executing: 
            insert into dag_runs (dt, dag_id) values ('2022-05-27', 'dag_with_postgres_operator_v04')
        
[2023-09-04T06:03:14.266+0000] {base.py:73} INFO - Using connection ID 'postgres_localhost' for task execution.
[2023-09-04T06:03:14.278+0000] {base.py:73} INFO - Using connection ID 'postgres_localhost' for task execution.
[2023-09-04T06:03:14.291+0000] {sql.py:418} INFO - Running statement: 
            insert into dag_runs (dt, dag_id) values ('2022-05-27', 'dag_with_postgres_operator_v04')
        , parameters: None
[2023-09-04T06:03:14.296+0000] {sql.py:427} INFO - Rows affected: 1
[2023-09-04T06:03:14.313+0000] {taskinstance.py:1400} INFO - Marking task as SUCCESS. dag_id=dag_with_postgres_operator_v04, task_id=insert_into_table, execution_date=20220527T000000, start_date=20230904T060313, end_date=20230904T060314
[2023-09-04T06:03:14.340+0000] {local_task_job_runner.py:228} INFO - Task exited with return code 0
[2023-09-04T06:03:14.359+0000] {taskinstance.py:2784} INFO - 0 downstream tasks scheduled from follow-on schedule check
[2023-09-04T06:06:00.753+0000] {taskinstance.py:1159} INFO - Dependencies all met for dep_context=non-requeueable deps ti=<TaskInstance: dag_with_postgres_operator_v04.insert_into_table scheduled__2022-05-27T00:00:00+00:00 [queued]>
[2023-09-04T06:06:00.765+0000] {taskinstance.py:1159} INFO - Dependencies all met for dep_context=requeueable deps ti=<TaskInstance: dag_with_postgres_operator_v04.insert_into_table scheduled__2022-05-27T00:00:00+00:00 [queued]>
[2023-09-04T06:06:00.765+0000] {taskinstance.py:1361} INFO - Starting attempt 1 of 6
[2023-09-04T06:06:00.781+0000] {taskinstance.py:1382} INFO - Executing <Task(PostgresOperator): insert_into_table> on 2022-05-27 00:00:00+00:00
[2023-09-04T06:06:00.787+0000] {standard_task_runner.py:57} INFO - Started process 7030 to run task
[2023-09-04T06:06:00.789+0000] {standard_task_runner.py:84} INFO - Running: ['***', 'tasks', 'run', 'dag_with_postgres_operator_v04', 'insert_into_table', 'scheduled__2022-05-27T00:00:00+00:00', '--job-id', '1154', '--raw', '--subdir', 'DAGS_FOLDER/dag_with_postgres_operator.py', '--cfg-path', '/tmp/tmpyfmefjbg']
[2023-09-04T06:06:00.791+0000] {standard_task_runner.py:85} INFO - Job 1154: Subtask insert_into_table
[2023-09-04T06:06:00.856+0000] {task_command.py:415} INFO - Running <TaskInstance: dag_with_postgres_operator_v04.insert_into_table scheduled__2022-05-27T00:00:00+00:00 [running]> on host 10bdc2e98230
[2023-09-04T06:06:01.063+0000] {taskinstance.py:1660} INFO - Exporting env vars: AIRFLOW_CTX_DAG_OWNER='mohghaff' AIRFLOW_CTX_DAG_ID='dag_with_postgres_operator_v04' AIRFLOW_CTX_TASK_ID='insert_into_table' AIRFLOW_CTX_EXECUTION_DATE='2022-05-27T00:00:00+00:00' AIRFLOW_CTX_TRY_NUMBER='1' AIRFLOW_CTX_DAG_RUN_ID='scheduled__2022-05-27T00:00:00+00:00'
[2023-09-04T06:06:01.063+0000] {sql.py:274} INFO - Executing: 
            insert into dag_runs (dt, dag_id) values ('2022-05-27', 'dag_with_postgres_operator_v04')
        
[2023-09-04T06:06:01.070+0000] {base.py:73} INFO - Using connection ID 'postgres_localhost' for task execution.
[2023-09-04T06:06:01.078+0000] {base.py:73} INFO - Using connection ID 'postgres_localhost' for task execution.
[2023-09-04T06:06:01.088+0000] {sql.py:418} INFO - Running statement: 
            insert into dag_runs (dt, dag_id) values ('2022-05-27', 'dag_with_postgres_operator_v04')
        , parameters: None
[2023-09-04T06:06:01.093+0000] {sql.py:427} INFO - Rows affected: 1
[2023-09-04T06:06:01.105+0000] {taskinstance.py:1400} INFO - Marking task as SUCCESS. dag_id=dag_with_postgres_operator_v04, task_id=insert_into_table, execution_date=20220527T000000, start_date=20230904T060600, end_date=20230904T060601
[2023-09-04T06:06:01.162+0000] {local_task_job_runner.py:228} INFO - Task exited with return code 0
[2023-09-04T06:06:01.180+0000] {taskinstance.py:2784} INFO - 0 downstream tasks scheduled from follow-on schedule check
