[2023-09-04T06:02:32.846+0000] {taskinstance.py:1159} INFO - Dependencies all met for dep_context=non-requeueable deps ti=<TaskInstance: dag_with_postgres_operator_v04.delete_data_from_table scheduled__2022-04-06T00:00:00+00:00 [queued]>
[2023-09-04T06:02:32.862+0000] {taskinstance.py:1159} INFO - Dependencies all met for dep_context=requeueable deps ti=<TaskInstance: dag_with_postgres_operator_v04.delete_data_from_table scheduled__2022-04-06T00:00:00+00:00 [queued]>
[2023-09-04T06:02:32.863+0000] {taskinstance.py:1361} INFO - Starting attempt 1 of 6
[2023-09-04T06:02:32.884+0000] {taskinstance.py:1382} INFO - Executing <Task(PostgresOperator): delete_data_from_table> on 2022-04-06 00:00:00+00:00
[2023-09-04T06:02:32.893+0000] {standard_task_runner.py:57} INFO - Started process 5369 to run task
[2023-09-04T06:02:32.899+0000] {standard_task_runner.py:84} INFO - Running: ['***', 'tasks', 'run', 'dag_with_postgres_operator_v04', 'delete_data_from_table', 'scheduled__2022-04-06T00:00:00+00:00', '--job-id', '450', '--raw', '--subdir', 'DAGS_FOLDER/dag_with_postgres_operator.py', '--cfg-path', '/tmp/tmpwovxdztc']
[2023-09-04T06:02:32.903+0000] {standard_task_runner.py:85} INFO - Job 450: Subtask delete_data_from_table
[2023-09-04T06:02:32.992+0000] {task_command.py:415} INFO - Running <TaskInstance: dag_with_postgres_operator_v04.delete_data_from_table scheduled__2022-04-06T00:00:00+00:00 [running]> on host 10bdc2e98230
[2023-09-04T06:02:33.150+0000] {taskinstance.py:1660} INFO - Exporting env vars: AIRFLOW_CTX_DAG_OWNER='coder2j' AIRFLOW_CTX_DAG_ID='dag_with_postgres_operator_v04' AIRFLOW_CTX_TASK_ID='delete_data_from_table' AIRFLOW_CTX_EXECUTION_DATE='2022-04-06T00:00:00+00:00' AIRFLOW_CTX_TRY_NUMBER='1' AIRFLOW_CTX_DAG_RUN_ID='scheduled__2022-04-06T00:00:00+00:00'
[2023-09-04T06:02:33.152+0000] {sql.py:274} INFO - Executing: 
            delete from dag_runs where dt = '2022-04-06' and dag_id = 'dag_with_postgres_operator_v04';
        
[2023-09-04T06:02:33.166+0000] {base.py:73} INFO - Using connection ID 'postgres_localhost' for task execution.
[2023-09-04T06:02:33.182+0000] {base.py:73} INFO - Using connection ID 'postgres_localhost' for task execution.
[2023-09-04T06:02:33.200+0000] {sql.py:418} INFO - Running statement: 
            delete from dag_runs where dt = '2022-04-06' and dag_id = 'dag_with_postgres_operator_v04';
        , parameters: None
[2023-09-04T06:02:33.207+0000] {sql.py:427} INFO - Rows affected: 0
[2023-09-04T06:02:33.228+0000] {taskinstance.py:1400} INFO - Marking task as SUCCESS. dag_id=dag_with_postgres_operator_v04, task_id=delete_data_from_table, execution_date=20220406T000000, start_date=20230904T060232, end_date=20230904T060233
[2023-09-04T06:02:33.271+0000] {local_task_job_runner.py:228} INFO - Task exited with return code 0
[2023-09-04T06:02:33.311+0000] {taskinstance.py:2784} INFO - 1 downstream tasks scheduled from follow-on schedule check
[2023-09-04T06:05:15.444+0000] {taskinstance.py:1159} INFO - Dependencies all met for dep_context=non-requeueable deps ti=<TaskInstance: dag_with_postgres_operator_v04.delete_data_from_table scheduled__2022-04-06T00:00:00+00:00 [queued]>
[2023-09-04T06:05:15.503+0000] {taskinstance.py:1159} INFO - Dependencies all met for dep_context=requeueable deps ti=<TaskInstance: dag_with_postgres_operator_v04.delete_data_from_table scheduled__2022-04-06T00:00:00+00:00 [queued]>
[2023-09-04T06:05:15.506+0000] {taskinstance.py:1361} INFO - Starting attempt 1 of 6
[2023-09-04T06:05:15.561+0000] {taskinstance.py:1382} INFO - Executing <Task(PostgresOperator): delete_data_from_table> on 2022-04-06 00:00:00+00:00
[2023-09-04T06:05:15.573+0000] {standard_task_runner.py:57} INFO - Started process 6658 to run task
[2023-09-04T06:05:15.580+0000] {standard_task_runner.py:84} INFO - Running: ['***', 'tasks', 'run', 'dag_with_postgres_operator_v04', 'delete_data_from_table', 'scheduled__2022-04-06T00:00:00+00:00', '--job-id', '996', '--raw', '--subdir', 'DAGS_FOLDER/dag_with_postgres_operator.py', '--cfg-path', '/tmp/tmp_x2f0qe5']
[2023-09-04T06:05:15.585+0000] {standard_task_runner.py:85} INFO - Job 996: Subtask delete_data_from_table
[2023-09-04T06:05:15.732+0000] {task_command.py:415} INFO - Running <TaskInstance: dag_with_postgres_operator_v04.delete_data_from_table scheduled__2022-04-06T00:00:00+00:00 [running]> on host 10bdc2e98230
[2023-09-04T06:05:16.025+0000] {taskinstance.py:1660} INFO - Exporting env vars: AIRFLOW_CTX_DAG_OWNER='mohghaff' AIRFLOW_CTX_DAG_ID='dag_with_postgres_operator_v04' AIRFLOW_CTX_TASK_ID='delete_data_from_table' AIRFLOW_CTX_EXECUTION_DATE='2022-04-06T00:00:00+00:00' AIRFLOW_CTX_TRY_NUMBER='1' AIRFLOW_CTX_DAG_RUN_ID='scheduled__2022-04-06T00:00:00+00:00'
[2023-09-04T06:05:16.028+0000] {sql.py:274} INFO - Executing: 
            delete from dag_runs where dt = '2022-04-06' and dag_id = 'dag_with_postgres_operator_v04';
        
[2023-09-04T06:05:16.052+0000] {base.py:73} INFO - Using connection ID 'postgres_localhost' for task execution.
[2023-09-04T06:05:16.072+0000] {base.py:73} INFO - Using connection ID 'postgres_localhost' for task execution.
[2023-09-04T06:05:16.098+0000] {sql.py:418} INFO - Running statement: 
            delete from dag_runs where dt = '2022-04-06' and dag_id = 'dag_with_postgres_operator_v04';
        , parameters: None
[2023-09-04T06:05:16.108+0000] {sql.py:427} INFO - Rows affected: 1
[2023-09-04T06:05:16.133+0000] {taskinstance.py:1400} INFO - Marking task as SUCCESS. dag_id=dag_with_postgres_operator_v04, task_id=delete_data_from_table, execution_date=20220406T000000, start_date=20230904T060515, end_date=20230904T060516
[2023-09-04T06:05:16.320+0000] {local_task_job_runner.py:228} INFO - Task exited with return code 0
[2023-09-04T06:05:16.373+0000] {taskinstance.py:2784} INFO - 1 downstream tasks scheduled from follow-on schedule check
