[2023-09-04T06:01:53.874+0000] {taskinstance.py:1159} INFO - Dependencies all met for dep_context=non-requeueable deps ti=<TaskInstance: dag_with_postgres_operator_v04.delete_data_from_table scheduled__2022-02-18T00:00:00+00:00 [queued]>
[2023-09-04T06:01:53.894+0000] {taskinstance.py:1159} INFO - Dependencies all met for dep_context=requeueable deps ti=<TaskInstance: dag_with_postgres_operator_v04.delete_data_from_table scheduled__2022-02-18T00:00:00+00:00 [queued]>
[2023-09-04T06:01:53.895+0000] {taskinstance.py:1361} INFO - Starting attempt 1 of 6
[2023-09-04T06:01:54.099+0000] {taskinstance.py:1382} INFO - Executing <Task(PostgresOperator): delete_data_from_table> on 2022-02-18 00:00:00+00:00
[2023-09-04T06:01:54.111+0000] {standard_task_runner.py:57} INFO - Started process 5064 to run task
[2023-09-04T06:01:54.120+0000] {standard_task_runner.py:84} INFO - Running: ['***', 'tasks', 'run', 'dag_with_postgres_operator_v04', 'delete_data_from_table', 'scheduled__2022-02-18T00:00:00+00:00', '--job-id', '316', '--raw', '--subdir', 'DAGS_FOLDER/dag_with_postgres_operator.py', '--cfg-path', '/tmp/tmp_w72mhmu']
[2023-09-04T06:01:54.124+0000] {standard_task_runner.py:85} INFO - Job 316: Subtask delete_data_from_table
[2023-09-04T06:01:54.213+0000] {task_command.py:415} INFO - Running <TaskInstance: dag_with_postgres_operator_v04.delete_data_from_table scheduled__2022-02-18T00:00:00+00:00 [running]> on host 10bdc2e98230
[2023-09-04T06:01:54.348+0000] {taskinstance.py:1660} INFO - Exporting env vars: AIRFLOW_CTX_DAG_OWNER='coder2j' AIRFLOW_CTX_DAG_ID='dag_with_postgres_operator_v04' AIRFLOW_CTX_TASK_ID='delete_data_from_table' AIRFLOW_CTX_EXECUTION_DATE='2022-02-18T00:00:00+00:00' AIRFLOW_CTX_TRY_NUMBER='1' AIRFLOW_CTX_DAG_RUN_ID='scheduled__2022-02-18T00:00:00+00:00'
[2023-09-04T06:01:54.350+0000] {sql.py:274} INFO - Executing: 
            delete from dag_runs where dt = '2022-02-18' and dag_id = 'dag_with_postgres_operator_v04';
        
[2023-09-04T06:01:54.364+0000] {base.py:73} INFO - Using connection ID 'postgres_localhost' for task execution.
[2023-09-04T06:01:54.375+0000] {base.py:73} INFO - Using connection ID 'postgres_localhost' for task execution.
[2023-09-04T06:01:54.390+0000] {sql.py:418} INFO - Running statement: 
            delete from dag_runs where dt = '2022-02-18' and dag_id = 'dag_with_postgres_operator_v04';
        , parameters: None
[2023-09-04T06:01:54.396+0000] {sql.py:427} INFO - Rows affected: 0
[2023-09-04T06:01:54.413+0000] {taskinstance.py:1400} INFO - Marking task as SUCCESS. dag_id=dag_with_postgres_operator_v04, task_id=delete_data_from_table, execution_date=20220218T000000, start_date=20230904T060153, end_date=20230904T060154
[2023-09-04T06:01:54.448+0000] {local_task_job_runner.py:228} INFO - Task exited with return code 0
[2023-09-04T06:01:54.481+0000] {taskinstance.py:2784} INFO - 1 downstream tasks scheduled from follow-on schedule check
[2023-09-04T06:04:37.505+0000] {taskinstance.py:1159} INFO - Dependencies all met for dep_context=non-requeueable deps ti=<TaskInstance: dag_with_postgres_operator_v04.delete_data_from_table scheduled__2022-02-18T00:00:00+00:00 [queued]>
[2023-09-04T06:04:37.535+0000] {taskinstance.py:1159} INFO - Dependencies all met for dep_context=requeueable deps ti=<TaskInstance: dag_with_postgres_operator_v04.delete_data_from_table scheduled__2022-02-18T00:00:00+00:00 [queued]>
[2023-09-04T06:04:37.535+0000] {taskinstance.py:1361} INFO - Starting attempt 1 of 6
[2023-09-04T06:04:37.579+0000] {taskinstance.py:1382} INFO - Executing <Task(PostgresOperator): delete_data_from_table> on 2022-02-18 00:00:00+00:00
[2023-09-04T06:04:37.590+0000] {standard_task_runner.py:57} INFO - Started process 6326 to run task
[2023-09-04T06:04:37.595+0000] {standard_task_runner.py:84} INFO - Running: ['***', 'tasks', 'run', 'dag_with_postgres_operator_v04', 'delete_data_from_table', 'scheduled__2022-02-18T00:00:00+00:00', '--job-id', '856', '--raw', '--subdir', 'DAGS_FOLDER/dag_with_postgres_operator.py', '--cfg-path', '/tmp/tmpk20rmejq']
[2023-09-04T06:04:37.600+0000] {standard_task_runner.py:85} INFO - Job 856: Subtask delete_data_from_table
[2023-09-04T06:04:37.705+0000] {task_command.py:415} INFO - Running <TaskInstance: dag_with_postgres_operator_v04.delete_data_from_table scheduled__2022-02-18T00:00:00+00:00 [running]> on host 10bdc2e98230
[2023-09-04T06:04:37.890+0000] {taskinstance.py:1660} INFO - Exporting env vars: AIRFLOW_CTX_DAG_OWNER='mohghaff' AIRFLOW_CTX_DAG_ID='dag_with_postgres_operator_v04' AIRFLOW_CTX_TASK_ID='delete_data_from_table' AIRFLOW_CTX_EXECUTION_DATE='2022-02-18T00:00:00+00:00' AIRFLOW_CTX_TRY_NUMBER='1' AIRFLOW_CTX_DAG_RUN_ID='scheduled__2022-02-18T00:00:00+00:00'
[2023-09-04T06:04:37.892+0000] {sql.py:274} INFO - Executing: 
            delete from dag_runs where dt = '2022-02-18' and dag_id = 'dag_with_postgres_operator_v04';
        
[2023-09-04T06:04:37.907+0000] {base.py:73} INFO - Using connection ID 'postgres_localhost' for task execution.
[2023-09-04T06:04:37.921+0000] {base.py:73} INFO - Using connection ID 'postgres_localhost' for task execution.
[2023-09-04T06:04:37.938+0000] {sql.py:418} INFO - Running statement: 
            delete from dag_runs where dt = '2022-02-18' and dag_id = 'dag_with_postgres_operator_v04';
        , parameters: None
[2023-09-04T06:04:37.944+0000] {sql.py:427} INFO - Rows affected: 1
[2023-09-04T06:04:37.962+0000] {taskinstance.py:1400} INFO - Marking task as SUCCESS. dag_id=dag_with_postgres_operator_v04, task_id=delete_data_from_table, execution_date=20220218T000000, start_date=20230904T060437, end_date=20230904T060437
[2023-09-04T06:04:38.009+0000] {local_task_job_runner.py:228} INFO - Task exited with return code 0
[2023-09-04T06:04:38.049+0000] {taskinstance.py:2784} INFO - 1 downstream tasks scheduled from follow-on schedule check
