[2023-09-04T06:01:09.084+0000] {taskinstance.py:1159} INFO - Dependencies all met for dep_context=non-requeueable deps ti=<TaskInstance: dag_with_postgres_operator_v04.delete_data_from_table scheduled__2021-12-28T00:00:00+00:00 [queued]>
[2023-09-04T06:01:09.105+0000] {taskinstance.py:1159} INFO - Dependencies all met for dep_context=requeueable deps ti=<TaskInstance: dag_with_postgres_operator_v04.delete_data_from_table scheduled__2021-12-28T00:00:00+00:00 [queued]>
[2023-09-04T06:01:09.106+0000] {taskinstance.py:1361} INFO - Starting attempt 1 of 6
[2023-09-04T06:01:09.146+0000] {taskinstance.py:1382} INFO - Executing <Task(PostgresOperator): delete_data_from_table> on 2021-12-28 00:00:00+00:00
[2023-09-04T06:01:09.156+0000] {standard_task_runner.py:57} INFO - Started process 4654 to run task
[2023-09-04T06:01:09.165+0000] {standard_task_runner.py:84} INFO - Running: ['***', 'tasks', 'run', 'dag_with_postgres_operator_v04', 'delete_data_from_table', 'scheduled__2021-12-28T00:00:00+00:00', '--job-id', '144', '--raw', '--subdir', 'DAGS_FOLDER/dag_with_postgres_operator.py', '--cfg-path', '/tmp/tmpofgqsy6w']
[2023-09-04T06:01:09.169+0000] {standard_task_runner.py:85} INFO - Job 144: Subtask delete_data_from_table
[2023-09-04T06:01:09.300+0000] {task_command.py:415} INFO - Running <TaskInstance: dag_with_postgres_operator_v04.delete_data_from_table scheduled__2021-12-28T00:00:00+00:00 [running]> on host 10bdc2e98230
[2023-09-04T06:01:09.500+0000] {taskinstance.py:1660} INFO - Exporting env vars: AIRFLOW_CTX_DAG_OWNER='coder2j' AIRFLOW_CTX_DAG_ID='dag_with_postgres_operator_v04' AIRFLOW_CTX_TASK_ID='delete_data_from_table' AIRFLOW_CTX_EXECUTION_DATE='2021-12-28T00:00:00+00:00' AIRFLOW_CTX_TRY_NUMBER='1' AIRFLOW_CTX_DAG_RUN_ID='scheduled__2021-12-28T00:00:00+00:00'
[2023-09-04T06:01:09.503+0000] {sql.py:274} INFO - Executing: 
            delete from dag_runs where dt = '2021-12-28' and dag_id = 'dag_with_postgres_operator_v04';
        
[2023-09-04T06:01:09.524+0000] {base.py:73} INFO - Using connection ID 'postgres_localhost' for task execution.
[2023-09-04T06:01:09.546+0000] {base.py:73} INFO - Using connection ID 'postgres_localhost' for task execution.
[2023-09-04T06:01:09.569+0000] {sql.py:418} INFO - Running statement: 
            delete from dag_runs where dt = '2021-12-28' and dag_id = 'dag_with_postgres_operator_v04';
        , parameters: None
[2023-09-04T06:01:09.579+0000] {sql.py:427} INFO - Rows affected: 0
[2023-09-04T06:01:09.603+0000] {taskinstance.py:1400} INFO - Marking task as SUCCESS. dag_id=dag_with_postgres_operator_v04, task_id=delete_data_from_table, execution_date=20211228T000000, start_date=20230904T060109, end_date=20230904T060109
[2023-09-04T06:01:09.659+0000] {local_task_job_runner.py:228} INFO - Task exited with return code 0
[2023-09-04T06:01:09.723+0000] {taskinstance.py:2784} INFO - 1 downstream tasks scheduled from follow-on schedule check
[2023-09-04T06:03:59.707+0000] {taskinstance.py:1159} INFO - Dependencies all met for dep_context=non-requeueable deps ti=<TaskInstance: dag_with_postgres_operator_v04.delete_data_from_table scheduled__2021-12-28T00:00:00+00:00 [queued]>
[2023-09-04T06:03:59.741+0000] {taskinstance.py:1159} INFO - Dependencies all met for dep_context=requeueable deps ti=<TaskInstance: dag_with_postgres_operator_v04.delete_data_from_table scheduled__2021-12-28T00:00:00+00:00 [queued]>
[2023-09-04T06:03:59.742+0000] {taskinstance.py:1361} INFO - Starting attempt 1 of 6
[2023-09-04T06:03:59.967+0000] {taskinstance.py:1382} INFO - Executing <Task(PostgresOperator): delete_data_from_table> on 2021-12-28 00:00:00+00:00
[2023-09-04T06:03:59.995+0000] {standard_task_runner.py:57} INFO - Started process 5985 to run task
[2023-09-04T06:04:00.003+0000] {standard_task_runner.py:84} INFO - Running: ['***', 'tasks', 'run', 'dag_with_postgres_operator_v04', 'delete_data_from_table', 'scheduled__2021-12-28T00:00:00+00:00', '--job-id', '701', '--raw', '--subdir', 'DAGS_FOLDER/dag_with_postgres_operator.py', '--cfg-path', '/tmp/tmp51o03urb']
[2023-09-04T06:04:00.013+0000] {standard_task_runner.py:85} INFO - Job 701: Subtask delete_data_from_table
[2023-09-04T06:04:00.173+0000] {task_command.py:415} INFO - Running <TaskInstance: dag_with_postgres_operator_v04.delete_data_from_table scheduled__2021-12-28T00:00:00+00:00 [running]> on host 10bdc2e98230
[2023-09-04T06:04:00.400+0000] {taskinstance.py:1660} INFO - Exporting env vars: AIRFLOW_CTX_DAG_OWNER='mohghaff' AIRFLOW_CTX_DAG_ID='dag_with_postgres_operator_v04' AIRFLOW_CTX_TASK_ID='delete_data_from_table' AIRFLOW_CTX_EXECUTION_DATE='2021-12-28T00:00:00+00:00' AIRFLOW_CTX_TRY_NUMBER='1' AIRFLOW_CTX_DAG_RUN_ID='scheduled__2021-12-28T00:00:00+00:00'
[2023-09-04T06:04:00.402+0000] {sql.py:274} INFO - Executing: 
            delete from dag_runs where dt = '2021-12-28' and dag_id = 'dag_with_postgres_operator_v04';
        
[2023-09-04T06:04:00.426+0000] {base.py:73} INFO - Using connection ID 'postgres_localhost' for task execution.
[2023-09-04T06:04:00.453+0000] {base.py:73} INFO - Using connection ID 'postgres_localhost' for task execution.
[2023-09-04T06:04:00.491+0000] {sql.py:418} INFO - Running statement: 
            delete from dag_runs where dt = '2021-12-28' and dag_id = 'dag_with_postgres_operator_v04';
        , parameters: None
[2023-09-04T06:04:00.511+0000] {sql.py:427} INFO - Rows affected: 1
[2023-09-04T06:04:00.563+0000] {taskinstance.py:1400} INFO - Marking task as SUCCESS. dag_id=dag_with_postgres_operator_v04, task_id=delete_data_from_table, execution_date=20211228T000000, start_date=20230904T060359, end_date=20230904T060400
[2023-09-04T06:04:00.987+0000] {local_task_job_runner.py:228} INFO - Task exited with return code 0
[2023-09-04T06:04:01.066+0000] {taskinstance.py:2784} INFO - 1 downstream tasks scheduled from follow-on schedule check
