[2023-09-04T06:01:35.837+0000] {taskinstance.py:1159} INFO - Dependencies all met for dep_context=non-requeueable deps ti=<TaskInstance: dag_with_postgres_operator_v04.delete_data_from_table scheduled__2022-01-30T00:00:00+00:00 [queued]>
[2023-09-04T06:01:35.863+0000] {taskinstance.py:1159} INFO - Dependencies all met for dep_context=requeueable deps ti=<TaskInstance: dag_with_postgres_operator_v04.delete_data_from_table scheduled__2022-01-30T00:00:00+00:00 [queued]>
[2023-09-04T06:01:35.863+0000] {taskinstance.py:1361} INFO - Starting attempt 1 of 6
[2023-09-04T06:01:36.125+0000] {taskinstance.py:1382} INFO - Executing <Task(PostgresOperator): delete_data_from_table> on 2022-01-30 00:00:00+00:00
[2023-09-04T06:01:36.136+0000] {standard_task_runner.py:57} INFO - Started process 4905 to run task
[2023-09-04T06:01:36.141+0000] {standard_task_runner.py:84} INFO - Running: ['***', 'tasks', 'run', 'dag_with_postgres_operator_v04', 'delete_data_from_table', 'scheduled__2022-01-30T00:00:00+00:00', '--job-id', '256', '--raw', '--subdir', 'DAGS_FOLDER/dag_with_postgres_operator.py', '--cfg-path', '/tmp/tmpq53xtf2f']
[2023-09-04T06:01:36.145+0000] {standard_task_runner.py:85} INFO - Job 256: Subtask delete_data_from_table
[2023-09-04T06:01:36.233+0000] {task_command.py:415} INFO - Running <TaskInstance: dag_with_postgres_operator_v04.delete_data_from_table scheduled__2022-01-30T00:00:00+00:00 [running]> on host 10bdc2e98230
[2023-09-04T06:01:36.459+0000] {taskinstance.py:1660} INFO - Exporting env vars: AIRFLOW_CTX_DAG_OWNER='coder2j' AIRFLOW_CTX_DAG_ID='dag_with_postgres_operator_v04' AIRFLOW_CTX_TASK_ID='delete_data_from_table' AIRFLOW_CTX_EXECUTION_DATE='2022-01-30T00:00:00+00:00' AIRFLOW_CTX_TRY_NUMBER='1' AIRFLOW_CTX_DAG_RUN_ID='scheduled__2022-01-30T00:00:00+00:00'
[2023-09-04T06:01:36.461+0000] {sql.py:274} INFO - Executing: 
            delete from dag_runs where dt = '2022-01-30' and dag_id = 'dag_with_postgres_operator_v04';
        
[2023-09-04T06:01:36.477+0000] {base.py:73} INFO - Using connection ID 'postgres_localhost' for task execution.
[2023-09-04T06:01:36.490+0000] {base.py:73} INFO - Using connection ID 'postgres_localhost' for task execution.
[2023-09-04T06:01:36.507+0000] {sql.py:418} INFO - Running statement: 
            delete from dag_runs where dt = '2022-01-30' and dag_id = 'dag_with_postgres_operator_v04';
        , parameters: None
[2023-09-04T06:01:36.513+0000] {sql.py:427} INFO - Rows affected: 0
[2023-09-04T06:01:36.528+0000] {taskinstance.py:1400} INFO - Marking task as SUCCESS. dag_id=dag_with_postgres_operator_v04, task_id=delete_data_from_table, execution_date=20220130T000000, start_date=20230904T060135, end_date=20230904T060136
[2023-09-04T06:01:36.594+0000] {local_task_job_runner.py:228} INFO - Task exited with return code 0
[2023-09-04T06:01:36.632+0000] {taskinstance.py:2784} INFO - 1 downstream tasks scheduled from follow-on schedule check
[2023-09-04T06:04:23.470+0000] {taskinstance.py:1159} INFO - Dependencies all met for dep_context=non-requeueable deps ti=<TaskInstance: dag_with_postgres_operator_v04.delete_data_from_table scheduled__2022-01-30T00:00:00+00:00 [queued]>
[2023-09-04T06:04:23.496+0000] {taskinstance.py:1159} INFO - Dependencies all met for dep_context=requeueable deps ti=<TaskInstance: dag_with_postgres_operator_v04.delete_data_from_table scheduled__2022-01-30T00:00:00+00:00 [queued]>
[2023-09-04T06:04:23.497+0000] {taskinstance.py:1361} INFO - Starting attempt 1 of 6
[2023-09-04T06:04:23.705+0000] {taskinstance.py:1382} INFO - Executing <Task(PostgresOperator): delete_data_from_table> on 2022-01-30 00:00:00+00:00
[2023-09-04T06:04:23.722+0000] {standard_task_runner.py:57} INFO - Started process 6199 to run task
[2023-09-04T06:04:23.728+0000] {standard_task_runner.py:84} INFO - Running: ['***', 'tasks', 'run', 'dag_with_postgres_operator_v04', 'delete_data_from_table', 'scheduled__2022-01-30T00:00:00+00:00', '--job-id', '800', '--raw', '--subdir', 'DAGS_FOLDER/dag_with_postgres_operator.py', '--cfg-path', '/tmp/tmp48xw4f95']
[2023-09-04T06:04:23.733+0000] {standard_task_runner.py:85} INFO - Job 800: Subtask delete_data_from_table
[2023-09-04T06:04:23.855+0000] {task_command.py:415} INFO - Running <TaskInstance: dag_with_postgres_operator_v04.delete_data_from_table scheduled__2022-01-30T00:00:00+00:00 [running]> on host 10bdc2e98230
[2023-09-04T06:04:24.064+0000] {taskinstance.py:1660} INFO - Exporting env vars: AIRFLOW_CTX_DAG_OWNER='mohghaff' AIRFLOW_CTX_DAG_ID='dag_with_postgres_operator_v04' AIRFLOW_CTX_TASK_ID='delete_data_from_table' AIRFLOW_CTX_EXECUTION_DATE='2022-01-30T00:00:00+00:00' AIRFLOW_CTX_TRY_NUMBER='1' AIRFLOW_CTX_DAG_RUN_ID='scheduled__2022-01-30T00:00:00+00:00'
[2023-09-04T06:04:24.066+0000] {sql.py:274} INFO - Executing: 
            delete from dag_runs where dt = '2022-01-30' and dag_id = 'dag_with_postgres_operator_v04';
        
[2023-09-04T06:04:24.083+0000] {base.py:73} INFO - Using connection ID 'postgres_localhost' for task execution.
[2023-09-04T06:04:24.100+0000] {base.py:73} INFO - Using connection ID 'postgres_localhost' for task execution.
[2023-09-04T06:04:24.121+0000] {sql.py:418} INFO - Running statement: 
            delete from dag_runs where dt = '2022-01-30' and dag_id = 'dag_with_postgres_operator_v04';
        , parameters: None
[2023-09-04T06:04:24.131+0000] {sql.py:427} INFO - Rows affected: 1
[2023-09-04T06:04:24.156+0000] {taskinstance.py:1400} INFO - Marking task as SUCCESS. dag_id=dag_with_postgres_operator_v04, task_id=delete_data_from_table, execution_date=20220130T000000, start_date=20230904T060423, end_date=20230904T060424
[2023-09-04T06:04:24.224+0000] {local_task_job_runner.py:228} INFO - Task exited with return code 0
[2023-09-04T06:04:24.264+0000] {taskinstance.py:2784} INFO - 1 downstream tasks scheduled from follow-on schedule check
