[2023-09-04T06:01:45.524+0000] {taskinstance.py:1159} INFO - Dependencies all met for dep_context=non-requeueable deps ti=<TaskInstance: dag_with_postgres_operator_v04.insert_into_table scheduled__2022-02-05T00:00:00+00:00 [queued]>
[2023-09-04T06:01:45.548+0000] {taskinstance.py:1159} INFO - Dependencies all met for dep_context=requeueable deps ti=<TaskInstance: dag_with_postgres_operator_v04.insert_into_table scheduled__2022-02-05T00:00:00+00:00 [queued]>
[2023-09-04T06:01:45.549+0000] {taskinstance.py:1361} INFO - Starting attempt 1 of 6
[2023-09-04T06:01:45.580+0000] {taskinstance.py:1382} INFO - Executing <Task(PostgresOperator): insert_into_table> on 2022-02-05 00:00:00+00:00
[2023-09-04T06:01:45.589+0000] {standard_task_runner.py:57} INFO - Started process 4978 to run task
[2023-09-04T06:01:45.594+0000] {standard_task_runner.py:84} INFO - Running: ['***', 'tasks', 'run', 'dag_with_postgres_operator_v04', 'insert_into_table', 'scheduled__2022-02-05T00:00:00+00:00', '--job-id', '290', '--raw', '--subdir', 'DAGS_FOLDER/dag_with_postgres_operator.py', '--cfg-path', '/tmp/tmpswli9w2b']
[2023-09-04T06:01:45.597+0000] {standard_task_runner.py:85} INFO - Job 290: Subtask insert_into_table
[2023-09-04T06:01:45.683+0000] {task_command.py:415} INFO - Running <TaskInstance: dag_with_postgres_operator_v04.insert_into_table scheduled__2022-02-05T00:00:00+00:00 [running]> on host 10bdc2e98230
[2023-09-04T06:01:45.820+0000] {taskinstance.py:1660} INFO - Exporting env vars: AIRFLOW_CTX_DAG_OWNER='coder2j' AIRFLOW_CTX_DAG_ID='dag_with_postgres_operator_v04' AIRFLOW_CTX_TASK_ID='insert_into_table' AIRFLOW_CTX_EXECUTION_DATE='2022-02-05T00:00:00+00:00' AIRFLOW_CTX_TRY_NUMBER='1' AIRFLOW_CTX_DAG_RUN_ID='scheduled__2022-02-05T00:00:00+00:00'
[2023-09-04T06:01:45.822+0000] {sql.py:274} INFO - Executing: 
            insert into dag_runs (dt, dag_id) values ('2022-02-05', 'dag_with_postgres_operator_v04')
        
[2023-09-04T06:01:45.837+0000] {base.py:73} INFO - Using connection ID 'postgres_localhost' for task execution.
[2023-09-04T06:01:45.849+0000] {base.py:73} INFO - Using connection ID 'postgres_localhost' for task execution.
[2023-09-04T06:01:45.863+0000] {sql.py:418} INFO - Running statement: 
            insert into dag_runs (dt, dag_id) values ('2022-02-05', 'dag_with_postgres_operator_v04')
        , parameters: None
[2023-09-04T06:01:45.867+0000] {sql.py:427} INFO - Rows affected: 1
[2023-09-04T06:01:45.887+0000] {taskinstance.py:1400} INFO - Marking task as SUCCESS. dag_id=dag_with_postgres_operator_v04, task_id=insert_into_table, execution_date=20220205T000000, start_date=20230904T060145, end_date=20230904T060145
[2023-09-04T06:01:45.926+0000] {local_task_job_runner.py:228} INFO - Task exited with return code 0
[2023-09-04T06:01:45.950+0000] {taskinstance.py:2784} INFO - 0 downstream tasks scheduled from follow-on schedule check
[2023-09-04T06:04:35.752+0000] {taskinstance.py:1159} INFO - Dependencies all met for dep_context=non-requeueable deps ti=<TaskInstance: dag_with_postgres_operator_v04.insert_into_table scheduled__2022-02-05T00:00:00+00:00 [queued]>
[2023-09-04T06:04:35.780+0000] {taskinstance.py:1159} INFO - Dependencies all met for dep_context=requeueable deps ti=<TaskInstance: dag_with_postgres_operator_v04.insert_into_table scheduled__2022-02-05T00:00:00+00:00 [queued]>
[2023-09-04T06:04:35.781+0000] {taskinstance.py:1361} INFO - Starting attempt 1 of 6
[2023-09-04T06:04:35.983+0000] {taskinstance.py:1382} INFO - Executing <Task(PostgresOperator): insert_into_table> on 2022-02-05 00:00:00+00:00
[2023-09-04T06:04:36.000+0000] {standard_task_runner.py:57} INFO - Started process 6312 to run task
[2023-09-04T06:04:36.010+0000] {standard_task_runner.py:84} INFO - Running: ['***', 'tasks', 'run', 'dag_with_postgres_operator_v04', 'insert_into_table', 'scheduled__2022-02-05T00:00:00+00:00', '--job-id', '847', '--raw', '--subdir', 'DAGS_FOLDER/dag_with_postgres_operator.py', '--cfg-path', '/tmp/tmplv6yx0lb']
[2023-09-04T06:04:36.014+0000] {standard_task_runner.py:85} INFO - Job 847: Subtask insert_into_table
[2023-09-04T06:04:36.170+0000] {task_command.py:415} INFO - Running <TaskInstance: dag_with_postgres_operator_v04.insert_into_table scheduled__2022-02-05T00:00:00+00:00 [running]> on host 10bdc2e98230
[2023-09-04T06:04:36.452+0000] {taskinstance.py:1660} INFO - Exporting env vars: AIRFLOW_CTX_DAG_OWNER='mohghaff' AIRFLOW_CTX_DAG_ID='dag_with_postgres_operator_v04' AIRFLOW_CTX_TASK_ID='insert_into_table' AIRFLOW_CTX_EXECUTION_DATE='2022-02-05T00:00:00+00:00' AIRFLOW_CTX_TRY_NUMBER='1' AIRFLOW_CTX_DAG_RUN_ID='scheduled__2022-02-05T00:00:00+00:00'
[2023-09-04T06:04:36.454+0000] {sql.py:274} INFO - Executing: 
            insert into dag_runs (dt, dag_id) values ('2022-02-05', 'dag_with_postgres_operator_v04')
        
[2023-09-04T06:04:36.477+0000] {base.py:73} INFO - Using connection ID 'postgres_localhost' for task execution.
[2023-09-04T06:04:36.502+0000] {base.py:73} INFO - Using connection ID 'postgres_localhost' for task execution.
[2023-09-04T06:04:36.534+0000] {sql.py:418} INFO - Running statement: 
            insert into dag_runs (dt, dag_id) values ('2022-02-05', 'dag_with_postgres_operator_v04')
        , parameters: None
[2023-09-04T06:04:36.550+0000] {sql.py:427} INFO - Rows affected: 1
[2023-09-04T06:04:36.605+0000] {taskinstance.py:1400} INFO - Marking task as SUCCESS. dag_id=dag_with_postgres_operator_v04, task_id=insert_into_table, execution_date=20220205T000000, start_date=20230904T060435, end_date=20230904T060436
[2023-09-04T06:04:36.729+0000] {local_task_job_runner.py:228} INFO - Task exited with return code 0
[2023-09-04T06:04:37.002+0000] {taskinstance.py:2784} INFO - 0 downstream tasks scheduled from follow-on schedule check
