[2023-09-04T06:01:11.478+0000] {taskinstance.py:1159} INFO - Dependencies all met for dep_context=non-requeueable deps ti=<TaskInstance: dag_with_postgres_operator_v04.insert_into_table scheduled__2021-12-24T00:00:00+00:00 [queued]>
[2023-09-04T06:01:11.497+0000] {taskinstance.py:1159} INFO - Dependencies all met for dep_context=requeueable deps ti=<TaskInstance: dag_with_postgres_operator_v04.insert_into_table scheduled__2021-12-24T00:00:00+00:00 [queued]>
[2023-09-04T06:01:11.497+0000] {taskinstance.py:1361} INFO - Starting attempt 1 of 6
[2023-09-04T06:01:11.524+0000] {taskinstance.py:1382} INFO - Executing <Task(PostgresOperator): insert_into_table> on 2021-12-24 00:00:00+00:00
[2023-09-04T06:01:11.536+0000] {standard_task_runner.py:57} INFO - Started process 4683 to run task
[2023-09-04T06:01:11.547+0000] {standard_task_runner.py:84} INFO - Running: ['***', 'tasks', 'run', 'dag_with_postgres_operator_v04', 'insert_into_table', 'scheduled__2021-12-24T00:00:00+00:00', '--job-id', '156', '--raw', '--subdir', 'DAGS_FOLDER/dag_with_postgres_operator.py', '--cfg-path', '/tmp/tmp119z3dem']
[2023-09-04T06:01:11.553+0000] {standard_task_runner.py:85} INFO - Job 156: Subtask insert_into_table
[2023-09-04T06:01:11.677+0000] {task_command.py:415} INFO - Running <TaskInstance: dag_with_postgres_operator_v04.insert_into_table scheduled__2021-12-24T00:00:00+00:00 [running]> on host 10bdc2e98230
[2023-09-04T06:01:11.855+0000] {taskinstance.py:1660} INFO - Exporting env vars: AIRFLOW_CTX_DAG_OWNER='coder2j' AIRFLOW_CTX_DAG_ID='dag_with_postgres_operator_v04' AIRFLOW_CTX_TASK_ID='insert_into_table' AIRFLOW_CTX_EXECUTION_DATE='2021-12-24T00:00:00+00:00' AIRFLOW_CTX_TRY_NUMBER='1' AIRFLOW_CTX_DAG_RUN_ID='scheduled__2021-12-24T00:00:00+00:00'
[2023-09-04T06:01:11.859+0000] {sql.py:274} INFO - Executing: 
            insert into dag_runs (dt, dag_id) values ('2021-12-24', 'dag_with_postgres_operator_v04')
        
[2023-09-04T06:01:11.878+0000] {base.py:73} INFO - Using connection ID 'postgres_localhost' for task execution.
[2023-09-04T06:01:11.896+0000] {base.py:73} INFO - Using connection ID 'postgres_localhost' for task execution.
[2023-09-04T06:01:11.917+0000] {sql.py:418} INFO - Running statement: 
            insert into dag_runs (dt, dag_id) values ('2021-12-24', 'dag_with_postgres_operator_v04')
        , parameters: None
[2023-09-04T06:01:11.924+0000] {sql.py:427} INFO - Rows affected: 1
[2023-09-04T06:01:11.950+0000] {taskinstance.py:1400} INFO - Marking task as SUCCESS. dag_id=dag_with_postgres_operator_v04, task_id=insert_into_table, execution_date=20211224T000000, start_date=20230904T060111, end_date=20230904T060111
[2023-09-04T06:01:12.002+0000] {local_task_job_runner.py:228} INFO - Task exited with return code 0
[2023-09-04T06:01:12.151+0000] {taskinstance.py:2784} INFO - 0 downstream tasks scheduled from follow-on schedule check
[2023-09-04T06:04:01.282+0000] {taskinstance.py:1159} INFO - Dependencies all met for dep_context=non-requeueable deps ti=<TaskInstance: dag_with_postgres_operator_v04.insert_into_table scheduled__2021-12-24T00:00:00+00:00 [queued]>
[2023-09-04T06:04:01.308+0000] {taskinstance.py:1159} INFO - Dependencies all met for dep_context=requeueable deps ti=<TaskInstance: dag_with_postgres_operator_v04.insert_into_table scheduled__2021-12-24T00:00:00+00:00 [queued]>
[2023-09-04T06:04:01.309+0000] {taskinstance.py:1361} INFO - Starting attempt 1 of 6
[2023-09-04T06:04:01.350+0000] {taskinstance.py:1382} INFO - Executing <Task(PostgresOperator): insert_into_table> on 2021-12-24 00:00:00+00:00
[2023-09-04T06:04:01.361+0000] {standard_task_runner.py:57} INFO - Started process 5996 to run task
[2023-09-04T06:04:01.367+0000] {standard_task_runner.py:84} INFO - Running: ['***', 'tasks', 'run', 'dag_with_postgres_operator_v04', 'insert_into_table', 'scheduled__2021-12-24T00:00:00+00:00', '--job-id', '709', '--raw', '--subdir', 'DAGS_FOLDER/dag_with_postgres_operator.py', '--cfg-path', '/tmp/tmpi408dyxm']
[2023-09-04T06:04:01.373+0000] {standard_task_runner.py:85} INFO - Job 709: Subtask insert_into_table
[2023-09-04T06:04:01.506+0000] {task_command.py:415} INFO - Running <TaskInstance: dag_with_postgres_operator_v04.insert_into_table scheduled__2021-12-24T00:00:00+00:00 [running]> on host 10bdc2e98230
[2023-09-04T06:04:01.686+0000] {taskinstance.py:1660} INFO - Exporting env vars: AIRFLOW_CTX_DAG_OWNER='mohghaff' AIRFLOW_CTX_DAG_ID='dag_with_postgres_operator_v04' AIRFLOW_CTX_TASK_ID='insert_into_table' AIRFLOW_CTX_EXECUTION_DATE='2021-12-24T00:00:00+00:00' AIRFLOW_CTX_TRY_NUMBER='1' AIRFLOW_CTX_DAG_RUN_ID='scheduled__2021-12-24T00:00:00+00:00'
[2023-09-04T06:04:01.688+0000] {sql.py:274} INFO - Executing: 
            insert into dag_runs (dt, dag_id) values ('2021-12-24', 'dag_with_postgres_operator_v04')
        
[2023-09-04T06:04:01.706+0000] {base.py:73} INFO - Using connection ID 'postgres_localhost' for task execution.
[2023-09-04T06:04:01.723+0000] {base.py:73} INFO - Using connection ID 'postgres_localhost' for task execution.
[2023-09-04T06:04:01.751+0000] {sql.py:418} INFO - Running statement: 
            insert into dag_runs (dt, dag_id) values ('2021-12-24', 'dag_with_postgres_operator_v04')
        , parameters: None
[2023-09-04T06:04:01.758+0000] {sql.py:427} INFO - Rows affected: 1
[2023-09-04T06:04:01.782+0000] {taskinstance.py:1400} INFO - Marking task as SUCCESS. dag_id=dag_with_postgres_operator_v04, task_id=insert_into_table, execution_date=20211224T000000, start_date=20230904T060401, end_date=20230904T060401
[2023-09-04T06:04:01.823+0000] {local_task_job_runner.py:228} INFO - Task exited with return code 0
[2023-09-04T06:04:01.858+0000] {taskinstance.py:2784} INFO - 0 downstream tasks scheduled from follow-on schedule check
