[2023-09-04T06:02:03.147+0000] {taskinstance.py:1159} INFO - Dependencies all met for dep_context=non-requeueable deps ti=<TaskInstance: dag_with_postgres_operator_v04.delete_data_from_table scheduled__2022-02-26T00:00:00+00:00 [queued]>
[2023-09-04T06:02:03.167+0000] {taskinstance.py:1159} INFO - Dependencies all met for dep_context=requeueable deps ti=<TaskInstance: dag_with_postgres_operator_v04.delete_data_from_table scheduled__2022-02-26T00:00:00+00:00 [queued]>
[2023-09-04T06:02:03.168+0000] {taskinstance.py:1361} INFO - Starting attempt 1 of 6
[2023-09-04T06:02:03.411+0000] {taskinstance.py:1382} INFO - Executing <Task(PostgresOperator): delete_data_from_table> on 2022-02-26 00:00:00+00:00
[2023-09-04T06:02:03.424+0000] {standard_task_runner.py:57} INFO - Started process 5118 to run task
[2023-09-04T06:02:03.429+0000] {standard_task_runner.py:84} INFO - Running: ['***', 'tasks', 'run', 'dag_with_postgres_operator_v04', 'delete_data_from_table', 'scheduled__2022-02-26T00:00:00+00:00', '--job-id', '345', '--raw', '--subdir', 'DAGS_FOLDER/dag_with_postgres_operator.py', '--cfg-path', '/tmp/tmpq3k35naa']
[2023-09-04T06:02:03.434+0000] {standard_task_runner.py:85} INFO - Job 345: Subtask delete_data_from_table
[2023-09-04T06:02:03.537+0000] {task_command.py:415} INFO - Running <TaskInstance: dag_with_postgres_operator_v04.delete_data_from_table scheduled__2022-02-26T00:00:00+00:00 [running]> on host 10bdc2e98230
[2023-09-04T06:02:03.687+0000] {taskinstance.py:1660} INFO - Exporting env vars: AIRFLOW_CTX_DAG_OWNER='coder2j' AIRFLOW_CTX_DAG_ID='dag_with_postgres_operator_v04' AIRFLOW_CTX_TASK_ID='delete_data_from_table' AIRFLOW_CTX_EXECUTION_DATE='2022-02-26T00:00:00+00:00' AIRFLOW_CTX_TRY_NUMBER='1' AIRFLOW_CTX_DAG_RUN_ID='scheduled__2022-02-26T00:00:00+00:00'
[2023-09-04T06:02:03.689+0000] {sql.py:274} INFO - Executing: 
            delete from dag_runs where dt = '2022-02-26' and dag_id = 'dag_with_postgres_operator_v04';
        
[2023-09-04T06:02:03.701+0000] {base.py:73} INFO - Using connection ID 'postgres_localhost' for task execution.
[2023-09-04T06:02:03.713+0000] {base.py:73} INFO - Using connection ID 'postgres_localhost' for task execution.
[2023-09-04T06:02:03.729+0000] {sql.py:418} INFO - Running statement: 
            delete from dag_runs where dt = '2022-02-26' and dag_id = 'dag_with_postgres_operator_v04';
        , parameters: None
[2023-09-04T06:02:03.736+0000] {sql.py:427} INFO - Rows affected: 0
[2023-09-04T06:02:03.752+0000] {taskinstance.py:1400} INFO - Marking task as SUCCESS. dag_id=dag_with_postgres_operator_v04, task_id=delete_data_from_table, execution_date=20220226T000000, start_date=20230904T060203, end_date=20230904T060203
[2023-09-04T06:02:03.807+0000] {local_task_job_runner.py:228} INFO - Task exited with return code 0
[2023-09-04T06:02:03.853+0000] {taskinstance.py:2784} INFO - 1 downstream tasks scheduled from follow-on schedule check
[2023-09-04T06:04:44.886+0000] {taskinstance.py:1159} INFO - Dependencies all met for dep_context=non-requeueable deps ti=<TaskInstance: dag_with_postgres_operator_v04.delete_data_from_table scheduled__2022-02-26T00:00:00+00:00 [queued]>
[2023-09-04T06:04:44.910+0000] {taskinstance.py:1159} INFO - Dependencies all met for dep_context=requeueable deps ti=<TaskInstance: dag_with_postgres_operator_v04.delete_data_from_table scheduled__2022-02-26T00:00:00+00:00 [queued]>
[2023-09-04T06:04:44.911+0000] {taskinstance.py:1361} INFO - Starting attempt 1 of 6
[2023-09-04T06:04:44.981+0000] {taskinstance.py:1382} INFO - Executing <Task(PostgresOperator): delete_data_from_table> on 2022-02-26 00:00:00+00:00
[2023-09-04T06:04:44.994+0000] {standard_task_runner.py:57} INFO - Started process 6398 to run task
[2023-09-04T06:04:45.004+0000] {standard_task_runner.py:84} INFO - Running: ['***', 'tasks', 'run', 'dag_with_postgres_operator_v04', 'delete_data_from_table', 'scheduled__2022-02-26T00:00:00+00:00', '--job-id', '883', '--raw', '--subdir', 'DAGS_FOLDER/dag_with_postgres_operator.py', '--cfg-path', '/tmp/tmpmgqbr0x5']
[2023-09-04T06:04:45.008+0000] {standard_task_runner.py:85} INFO - Job 883: Subtask delete_data_from_table
[2023-09-04T06:04:45.145+0000] {task_command.py:415} INFO - Running <TaskInstance: dag_with_postgres_operator_v04.delete_data_from_table scheduled__2022-02-26T00:00:00+00:00 [running]> on host 10bdc2e98230
[2023-09-04T06:04:45.374+0000] {taskinstance.py:1660} INFO - Exporting env vars: AIRFLOW_CTX_DAG_OWNER='mohghaff' AIRFLOW_CTX_DAG_ID='dag_with_postgres_operator_v04' AIRFLOW_CTX_TASK_ID='delete_data_from_table' AIRFLOW_CTX_EXECUTION_DATE='2022-02-26T00:00:00+00:00' AIRFLOW_CTX_TRY_NUMBER='1' AIRFLOW_CTX_DAG_RUN_ID='scheduled__2022-02-26T00:00:00+00:00'
[2023-09-04T06:04:45.377+0000] {sql.py:274} INFO - Executing: 
            delete from dag_runs where dt = '2022-02-26' and dag_id = 'dag_with_postgres_operator_v04';
        
[2023-09-04T06:04:45.396+0000] {base.py:73} INFO - Using connection ID 'postgres_localhost' for task execution.
[2023-09-04T06:04:45.417+0000] {base.py:73} INFO - Using connection ID 'postgres_localhost' for task execution.
[2023-09-04T06:04:45.451+0000] {sql.py:418} INFO - Running statement: 
            delete from dag_runs where dt = '2022-02-26' and dag_id = 'dag_with_postgres_operator_v04';
        , parameters: None
[2023-09-04T06:04:45.462+0000] {sql.py:427} INFO - Rows affected: 1
[2023-09-04T06:04:45.525+0000] {taskinstance.py:1400} INFO - Marking task as SUCCESS. dag_id=dag_with_postgres_operator_v04, task_id=delete_data_from_table, execution_date=20220226T000000, start_date=20230904T060444, end_date=20230904T060445
[2023-09-04T06:04:45.631+0000] {local_task_job_runner.py:228} INFO - Task exited with return code 0
[2023-09-04T06:04:45.714+0000] {taskinstance.py:2784} INFO - 1 downstream tasks scheduled from follow-on schedule check
