[2023-09-04T05:53:10.346+0000] {taskinstance.py:1159} INFO - Dependencies all met for dep_context=non-requeueable deps ti=<TaskInstance: dag_with_postgres_operator_v04.create_postgres_table scheduled__2021-12-29T00:00:00+00:00 [queued]>
[2023-09-04T05:53:10.361+0000] {taskinstance.py:1159} INFO - Dependencies all met for dep_context=requeueable deps ti=<TaskInstance: dag_with_postgres_operator_v04.create_postgres_table scheduled__2021-12-29T00:00:00+00:00 [queued]>
[2023-09-04T05:53:10.361+0000] {taskinstance.py:1361} INFO - Starting attempt 1 of 6
[2023-09-04T05:53:10.554+0000] {taskinstance.py:1382} INFO - Executing <Task(PostgresOperator): create_postgres_table> on 2021-12-29 00:00:00+00:00
[2023-09-04T05:53:10.562+0000] {standard_task_runner.py:57} INFO - Started process 4018 to run task
[2023-09-04T05:53:10.566+0000] {standard_task_runner.py:84} INFO - Running: ['***', 'tasks', 'run', 'dag_with_postgres_operator_v04', 'create_postgres_table', 'scheduled__2021-12-29T00:00:00+00:00', '--job-id', '110', '--raw', '--subdir', 'DAGS_FOLDER/dag_with_postgres_operator.py', '--cfg-path', '/tmp/tmpybea75iq']
[2023-09-04T05:53:10.569+0000] {standard_task_runner.py:85} INFO - Job 110: Subtask create_postgres_table
[2023-09-04T05:53:10.637+0000] {task_command.py:415} INFO - Running <TaskInstance: dag_with_postgres_operator_v04.create_postgres_table scheduled__2021-12-29T00:00:00+00:00 [running]> on host 10bdc2e98230
[2023-09-04T05:53:10.743+0000] {taskinstance.py:1660} INFO - Exporting env vars: AIRFLOW_CTX_DAG_OWNER='coder2j' AIRFLOW_CTX_DAG_ID='dag_with_postgres_operator_v04' AIRFLOW_CTX_TASK_ID='create_postgres_table' AIRFLOW_CTX_EXECUTION_DATE='2021-12-29T00:00:00+00:00' AIRFLOW_CTX_TRY_NUMBER='1' AIRFLOW_CTX_DAG_RUN_ID='scheduled__2021-12-29T00:00:00+00:00'
[2023-09-04T05:53:10.745+0000] {sql.py:274} INFO - Executing: 
            create table if not exists dag_runs (
                dt date,
                dag_id character varying,
                primary key (dt, dag_id)
            )
        
[2023-09-04T05:53:10.768+0000] {taskinstance.py:1943} ERROR - Task failed with exception
Traceback (most recent call last):
  File "/home/airflow/.local/lib/python3.8/site-packages/airflow/providers/common/sql/operators/sql.py", line 275, in execute
    hook = self.get_db_hook()
  File "/home/airflow/.local/lib/python3.8/site-packages/airflow/providers/common/sql/operators/sql.py", line 186, in get_db_hook
    return self._hook
  File "/usr/local/lib/python3.8/functools.py", line 967, in __get__
    val = self.func(instance)
  File "/home/airflow/.local/lib/python3.8/site-packages/airflow/providers/common/sql/operators/sql.py", line 148, in _hook
    conn = BaseHook.get_connection(conn_id)
  File "/home/airflow/.local/lib/python3.8/site-packages/airflow/hooks/base.py", line 72, in get_connection
    conn = Connection.get_connection_from_secrets(conn_id)
  File "/home/airflow/.local/lib/python3.8/site-packages/airflow/models/connection.py", line 477, in get_connection_from_secrets
    raise AirflowNotFoundException(f"The conn_id `{conn_id}` isn't defined")
airflow.exceptions.AirflowNotFoundException: The conn_id `postgres_localhost` isn't defined
[2023-09-04T05:53:10.774+0000] {taskinstance.py:1400} INFO - Marking task as UP_FOR_RETRY. dag_id=dag_with_postgres_operator_v04, task_id=create_postgres_table, execution_date=20211229T000000, start_date=20230904T055310, end_date=20230904T055310
[2023-09-04T05:53:10.791+0000] {standard_task_runner.py:104} ERROR - Failed to execute job 110 for task create_postgres_table (The conn_id `postgres_localhost` isn't defined; 4018)
[2023-09-04T05:53:10.818+0000] {local_task_job_runner.py:228} INFO - Task exited with return code 1
[2023-09-04T05:53:10.855+0000] {taskinstance.py:2784} INFO - 0 downstream tasks scheduled from follow-on schedule check
[2023-09-04T05:59:05.944+0000] {taskinstance.py:1159} INFO - Dependencies all met for dep_context=non-requeueable deps ti=<TaskInstance: dag_with_postgres_operator_v04.create_postgres_table scheduled__2021-12-29T00:00:00+00:00 [queued]>
[2023-09-04T05:59:05.962+0000] {taskinstance.py:1159} INFO - Dependencies all met for dep_context=requeueable deps ti=<TaskInstance: dag_with_postgres_operator_v04.create_postgres_table scheduled__2021-12-29T00:00:00+00:00 [queued]>
[2023-09-04T05:59:05.963+0000] {taskinstance.py:1361} INFO - Starting attempt 1 of 6
[2023-09-04T05:59:06.187+0000] {taskinstance.py:1382} INFO - Executing <Task(PostgresOperator): create_postgres_table> on 2021-12-29 00:00:00+00:00
[2023-09-04T05:59:06.197+0000] {standard_task_runner.py:57} INFO - Started process 4457 to run task
[2023-09-04T05:59:06.201+0000] {standard_task_runner.py:84} INFO - Running: ['***', 'tasks', 'run', 'dag_with_postgres_operator_v04', 'create_postgres_table', 'scheduled__2021-12-29T00:00:00+00:00', '--job-id', '126', '--raw', '--subdir', 'DAGS_FOLDER/dag_with_postgres_operator.py', '--cfg-path', '/tmp/tmp1mc5nw6s']
[2023-09-04T05:59:06.206+0000] {standard_task_runner.py:85} INFO - Job 126: Subtask create_postgres_table
[2023-09-04T05:59:06.298+0000] {task_command.py:415} INFO - Running <TaskInstance: dag_with_postgres_operator_v04.create_postgres_table scheduled__2021-12-29T00:00:00+00:00 [running]> on host 10bdc2e98230
[2023-09-04T05:59:06.439+0000] {taskinstance.py:1660} INFO - Exporting env vars: AIRFLOW_CTX_DAG_OWNER='coder2j' AIRFLOW_CTX_DAG_ID='dag_with_postgres_operator_v04' AIRFLOW_CTX_TASK_ID='create_postgres_table' AIRFLOW_CTX_EXECUTION_DATE='2021-12-29T00:00:00+00:00' AIRFLOW_CTX_TRY_NUMBER='1' AIRFLOW_CTX_DAG_RUN_ID='scheduled__2021-12-29T00:00:00+00:00'
[2023-09-04T05:59:06.442+0000] {sql.py:274} INFO - Executing: 
            create table if not exists dag_runs (
                dt date,
                dag_id character varying,
                primary key (dt, dag_id)
            )
        
[2023-09-04T05:59:06.457+0000] {base.py:73} INFO - Using connection ID 'postgres_localhost' for task execution.
[2023-09-04T05:59:06.471+0000] {base.py:73} INFO - Using connection ID 'postgres_localhost' for task execution.
[2023-09-04T05:59:06.478+0000] {taskinstance.py:1943} ERROR - Task failed with exception
Traceback (most recent call last):
  File "/home/airflow/.local/lib/python3.8/site-packages/airflow/providers/common/sql/operators/sql.py", line 280, in execute
    output = hook.run(
  File "/home/airflow/.local/lib/python3.8/site-packages/airflow/providers/common/sql/hooks/sql.py", line 385, in run
    with closing(self.get_conn()) as conn:
  File "/home/airflow/.local/lib/python3.8/site-packages/airflow/providers/postgres/hooks/postgres.py", line 154, in get_conn
    self.conn = psycopg2.connect(**conn_args)
  File "/home/airflow/.local/lib/python3.8/site-packages/psycopg2/__init__.py", line 122, in connect
    conn = _connect(dsn, connection_factory=connection_factory, **kwasync)
psycopg2.OperationalError: could not translate host name "host.docker.local" to address: Name or service not known

[2023-09-04T05:59:06.492+0000] {taskinstance.py:1400} INFO - Marking task as UP_FOR_RETRY. dag_id=dag_with_postgres_operator_v04, task_id=create_postgres_table, execution_date=20211229T000000, start_date=20230904T055905, end_date=20230904T055906
[2023-09-04T05:59:06.515+0000] {standard_task_runner.py:104} ERROR - Failed to execute job 126 for task create_postgres_table (could not translate host name "host.docker.local" to address: Name or service not known
; 4457)
[2023-09-04T05:59:06.535+0000] {local_task_job_runner.py:228} INFO - Task exited with return code 1
[2023-09-04T05:59:06.581+0000] {taskinstance.py:2784} INFO - 0 downstream tasks scheduled from follow-on schedule check
[2023-09-04T06:03:56.897+0000] {taskinstance.py:1159} INFO - Dependencies all met for dep_context=non-requeueable deps ti=<TaskInstance: dag_with_postgres_operator_v04.create_postgres_table scheduled__2021-12-29T00:00:00+00:00 [queued]>
[2023-09-04T06:03:56.929+0000] {taskinstance.py:1159} INFO - Dependencies all met for dep_context=requeueable deps ti=<TaskInstance: dag_with_postgres_operator_v04.create_postgres_table scheduled__2021-12-29T00:00:00+00:00 [queued]>
[2023-09-04T06:03:56.930+0000] {taskinstance.py:1361} INFO - Starting attempt 1 of 6
[2023-09-04T06:03:56.979+0000] {taskinstance.py:1382} INFO - Executing <Task(PostgresOperator): create_postgres_table> on 2021-12-29 00:00:00+00:00
[2023-09-04T06:03:56.995+0000] {standard_task_runner.py:57} INFO - Started process 5957 to run task
[2023-09-04T06:03:57.002+0000] {standard_task_runner.py:84} INFO - Running: ['***', 'tasks', 'run', 'dag_with_postgres_operator_v04', 'create_postgres_table', 'scheduled__2021-12-29T00:00:00+00:00', '--job-id', '687', '--raw', '--subdir', 'DAGS_FOLDER/dag_with_postgres_operator.py', '--cfg-path', '/tmp/tmp5n11wm_7']
[2023-09-04T06:03:57.008+0000] {standard_task_runner.py:85} INFO - Job 687: Subtask create_postgres_table
[2023-09-04T06:03:57.135+0000] {task_command.py:415} INFO - Running <TaskInstance: dag_with_postgres_operator_v04.create_postgres_table scheduled__2021-12-29T00:00:00+00:00 [running]> on host 10bdc2e98230
[2023-09-04T06:03:57.413+0000] {taskinstance.py:1660} INFO - Exporting env vars: AIRFLOW_CTX_DAG_OWNER='mohghaff' AIRFLOW_CTX_DAG_ID='dag_with_postgres_operator_v04' AIRFLOW_CTX_TASK_ID='create_postgres_table' AIRFLOW_CTX_EXECUTION_DATE='2021-12-29T00:00:00+00:00' AIRFLOW_CTX_TRY_NUMBER='1' AIRFLOW_CTX_DAG_RUN_ID='scheduled__2021-12-29T00:00:00+00:00'
[2023-09-04T06:03:57.416+0000] {sql.py:274} INFO - Executing: 
            create table if not exists dag_runs (
                dt date,
                dag_id character varying,
                primary key (dt, dag_id)
            )
        
[2023-09-04T06:03:57.447+0000] {base.py:73} INFO - Using connection ID 'postgres_localhost' for task execution.
[2023-09-04T06:03:57.483+0000] {base.py:73} INFO - Using connection ID 'postgres_localhost' for task execution.
[2023-09-04T06:03:57.517+0000] {sql.py:418} INFO - Running statement: 
            create table if not exists dag_runs (
                dt date,
                dag_id character varying,
                primary key (dt, dag_id)
            )
        , parameters: None
[2023-09-04T06:03:57.576+0000] {taskinstance.py:1400} INFO - Marking task as SUCCESS. dag_id=dag_with_postgres_operator_v04, task_id=create_postgres_table, execution_date=20211229T000000, start_date=20230904T060356, end_date=20230904T060357
[2023-09-04T06:03:57.657+0000] {local_task_job_runner.py:228} INFO - Task exited with return code 0
[2023-09-04T06:03:57.927+0000] {taskinstance.py:2784} INFO - 1 downstream tasks scheduled from follow-on schedule check
