[2023-09-04T06:03:05.145+0000] {taskinstance.py:1159} INFO - Dependencies all met for dep_context=non-requeueable deps ti=<TaskInstance: dag_with_postgres_operator_v04.delete_data_from_table scheduled__2022-05-17T00:00:00+00:00 [queued]>
[2023-09-04T06:03:05.157+0000] {taskinstance.py:1159} INFO - Dependencies all met for dep_context=requeueable deps ti=<TaskInstance: dag_with_postgres_operator_v04.delete_data_from_table scheduled__2022-05-17T00:00:00+00:00 [queued]>
[2023-09-04T06:03:05.157+0000] {taskinstance.py:1361} INFO - Starting attempt 1 of 6
[2023-09-04T06:03:05.172+0000] {taskinstance.py:1382} INFO - Executing <Task(PostgresOperator): delete_data_from_table> on 2022-05-17 00:00:00+00:00
[2023-09-04T06:03:05.178+0000] {standard_task_runner.py:57} INFO - Started process 5661 to run task
[2023-09-04T06:03:05.180+0000] {standard_task_runner.py:84} INFO - Running: ['***', 'tasks', 'run', 'dag_with_postgres_operator_v04', 'delete_data_from_table', 'scheduled__2022-05-17T00:00:00+00:00', '--job-id', '581', '--raw', '--subdir', 'DAGS_FOLDER/dag_with_postgres_operator.py', '--cfg-path', '/tmp/tmp5zm564qk']
[2023-09-04T06:03:05.182+0000] {standard_task_runner.py:85} INFO - Job 581: Subtask delete_data_from_table
[2023-09-04T06:03:05.231+0000] {task_command.py:415} INFO - Running <TaskInstance: dag_with_postgres_operator_v04.delete_data_from_table scheduled__2022-05-17T00:00:00+00:00 [running]> on host 10bdc2e98230
[2023-09-04T06:03:05.317+0000] {taskinstance.py:1660} INFO - Exporting env vars: AIRFLOW_CTX_DAG_OWNER='coder2j' AIRFLOW_CTX_DAG_ID='dag_with_postgres_operator_v04' AIRFLOW_CTX_TASK_ID='delete_data_from_table' AIRFLOW_CTX_EXECUTION_DATE='2022-05-17T00:00:00+00:00' AIRFLOW_CTX_TRY_NUMBER='1' AIRFLOW_CTX_DAG_RUN_ID='scheduled__2022-05-17T00:00:00+00:00'
[2023-09-04T06:03:05.318+0000] {sql.py:274} INFO - Executing: 
            delete from dag_runs where dt = '2022-05-17' and dag_id = 'dag_with_postgres_operator_v04';
        
[2023-09-04T06:03:05.326+0000] {base.py:73} INFO - Using connection ID 'postgres_localhost' for task execution.
[2023-09-04T06:03:05.332+0000] {base.py:73} INFO - Using connection ID 'postgres_localhost' for task execution.
[2023-09-04T06:03:05.340+0000] {sql.py:418} INFO - Running statement: 
            delete from dag_runs where dt = '2022-05-17' and dag_id = 'dag_with_postgres_operator_v04';
        , parameters: None
[2023-09-04T06:03:05.343+0000] {sql.py:427} INFO - Rows affected: 0
[2023-09-04T06:03:05.351+0000] {taskinstance.py:1400} INFO - Marking task as SUCCESS. dag_id=dag_with_postgres_operator_v04, task_id=delete_data_from_table, execution_date=20220517T000000, start_date=20230904T060305, end_date=20230904T060305
[2023-09-04T06:03:05.393+0000] {local_task_job_runner.py:228} INFO - Task exited with return code 0
[2023-09-04T06:03:05.410+0000] {taskinstance.py:2784} INFO - 1 downstream tasks scheduled from follow-on schedule check
[2023-09-04T06:05:53.777+0000] {taskinstance.py:1159} INFO - Dependencies all met for dep_context=non-requeueable deps ti=<TaskInstance: dag_with_postgres_operator_v04.delete_data_from_table scheduled__2022-05-17T00:00:00+00:00 [queued]>
[2023-09-04T06:05:53.809+0000] {taskinstance.py:1159} INFO - Dependencies all met for dep_context=requeueable deps ti=<TaskInstance: dag_with_postgres_operator_v04.delete_data_from_table scheduled__2022-05-17T00:00:00+00:00 [queued]>
[2023-09-04T06:05:53.810+0000] {taskinstance.py:1361} INFO - Starting attempt 1 of 6
[2023-09-04T06:05:53.854+0000] {taskinstance.py:1382} INFO - Executing <Task(PostgresOperator): delete_data_from_table> on 2022-05-17 00:00:00+00:00
[2023-09-04T06:05:53.867+0000] {standard_task_runner.py:57} INFO - Started process 6959 to run task
[2023-09-04T06:05:53.873+0000] {standard_task_runner.py:84} INFO - Running: ['***', 'tasks', 'run', 'dag_with_postgres_operator_v04', 'delete_data_from_table', 'scheduled__2022-05-17T00:00:00+00:00', '--job-id', '1128', '--raw', '--subdir', 'DAGS_FOLDER/dag_with_postgres_operator.py', '--cfg-path', '/tmp/tmpkqs6xs9q']
[2023-09-04T06:05:53.881+0000] {standard_task_runner.py:85} INFO - Job 1128: Subtask delete_data_from_table
[2023-09-04T06:05:54.104+0000] {task_command.py:415} INFO - Running <TaskInstance: dag_with_postgres_operator_v04.delete_data_from_table scheduled__2022-05-17T00:00:00+00:00 [running]> on host 10bdc2e98230
[2023-09-04T06:05:54.474+0000] {taskinstance.py:1660} INFO - Exporting env vars: AIRFLOW_CTX_DAG_OWNER='mohghaff' AIRFLOW_CTX_DAG_ID='dag_with_postgres_operator_v04' AIRFLOW_CTX_TASK_ID='delete_data_from_table' AIRFLOW_CTX_EXECUTION_DATE='2022-05-17T00:00:00+00:00' AIRFLOW_CTX_TRY_NUMBER='1' AIRFLOW_CTX_DAG_RUN_ID='scheduled__2022-05-17T00:00:00+00:00'
[2023-09-04T06:05:54.477+0000] {sql.py:274} INFO - Executing: 
            delete from dag_runs where dt = '2022-05-17' and dag_id = 'dag_with_postgres_operator_v04';
        
[2023-09-04T06:05:54.500+0000] {base.py:73} INFO - Using connection ID 'postgres_localhost' for task execution.
[2023-09-04T06:05:54.523+0000] {base.py:73} INFO - Using connection ID 'postgres_localhost' for task execution.
[2023-09-04T06:05:54.552+0000] {sql.py:418} INFO - Running statement: 
            delete from dag_runs where dt = '2022-05-17' and dag_id = 'dag_with_postgres_operator_v04';
        , parameters: None
[2023-09-04T06:05:54.562+0000] {sql.py:427} INFO - Rows affected: 1
[2023-09-04T06:05:54.602+0000] {taskinstance.py:1400} INFO - Marking task as SUCCESS. dag_id=dag_with_postgres_operator_v04, task_id=delete_data_from_table, execution_date=20220517T000000, start_date=20230904T060553, end_date=20230904T060554
[2023-09-04T06:05:54.867+0000] {local_task_job_runner.py:228} INFO - Task exited with return code 0
[2023-09-04T06:05:54.929+0000] {taskinstance.py:2784} INFO - 1 downstream tasks scheduled from follow-on schedule check
