[2023-09-04T13:04:56.960+0000] {taskinstance.py:1159} INFO - Dependencies all met for dep_context=non-requeueable deps ti=<TaskInstance: dags_with_python_dependencies_v03.get_sklearn scheduled__2023-01-12T00:00:00+00:00 [queued]>
[2023-09-04T13:04:56.982+0000] {taskinstance.py:1159} INFO - Dependencies all met for dep_context=requeueable deps ti=<TaskInstance: dags_with_python_dependencies_v03.get_sklearn scheduled__2023-01-12T00:00:00+00:00 [queued]>
[2023-09-04T13:04:56.983+0000] {taskinstance.py:1361} INFO - Starting attempt 6 of 6
[2023-09-04T13:04:57.021+0000] {taskinstance.py:1382} INFO - Executing <Task(PythonOperator): get_sklearn> on 2023-01-12 00:00:00+00:00
[2023-09-04T13:04:57.034+0000] {standard_task_runner.py:57} INFO - Started process 4010 to run task
[2023-09-04T13:04:57.041+0000] {standard_task_runner.py:84} INFO - Running: ['***', 'tasks', 'run', 'dags_with_python_dependencies_v03', 'get_sklearn', 'scheduled__2023-01-12T00:00:00+00:00', '--job-id', '3429', '--raw', '--subdir', 'DAGS_FOLDER/dags_with_python_dependencies.py', '--cfg-path', '/tmp/tmp7iu07pqq']
[2023-09-04T13:04:57.049+0000] {standard_task_runner.py:85} INFO - Job 3429: Subtask get_sklearn
[2023-09-04T13:04:57.209+0000] {task_command.py:415} INFO - Running <TaskInstance: dags_with_python_dependencies_v03.get_sklearn scheduled__2023-01-12T00:00:00+00:00 [running]> on host 55ba52c92856
[2023-09-04T13:04:57.387+0000] {taskinstance.py:1660} INFO - Exporting env vars: AIRFLOW_CTX_DAG_OWNER='mohghaff' AIRFLOW_CTX_DAG_ID='dags_with_python_dependencies_v03' AIRFLOW_CTX_TASK_ID='get_sklearn' AIRFLOW_CTX_EXECUTION_DATE='2023-01-12T00:00:00+00:00' AIRFLOW_CTX_TRY_NUMBER='6' AIRFLOW_CTX_DAG_RUN_ID='scheduled__2023-01-12T00:00:00+00:00'
[2023-09-04T13:04:57.391+0000] {taskinstance.py:1943} ERROR - Task failed with exception
Traceback (most recent call last):
  File "/home/airflow/.local/lib/python3.8/site-packages/airflow/operators/python.py", line 192, in execute
    return_value = self.execute_callable()
  File "/home/airflow/.local/lib/python3.8/site-packages/airflow/operators/python.py", line 209, in execute_callable
    return self.python_callable(*self.op_args, **self.op_kwargs)
  File "/opt/airflow/dags/dags_with_python_dependencies.py", line 16, in get_sklearn
    import sklearn
ModuleNotFoundError: No module named 'sklearn'
[2023-09-04T13:04:57.408+0000] {taskinstance.py:1400} INFO - Marking task as FAILED. dag_id=dags_with_python_dependencies_v03, task_id=get_sklearn, execution_date=20230112T000000, start_date=20230904T130456, end_date=20230904T130457
[2023-09-04T13:04:57.431+0000] {standard_task_runner.py:104} ERROR - Failed to execute job 3429 for task get_sklearn (No module named 'sklearn'; 4010)
[2023-09-04T13:04:57.466+0000] {local_task_job_runner.py:228} INFO - Task exited with return code 1
[2023-09-04T13:04:57.509+0000] {taskinstance.py:2784} INFO - 0 downstream tasks scheduled from follow-on schedule check
