[2023-09-04T06:02:05.304+0000] {taskinstance.py:1159} INFO - Dependencies all met for dep_context=non-requeueable deps ti=<TaskInstance: dag_with_postgres_operator_v04.delete_data_from_table scheduled__2022-03-05T00:00:00+00:00 [queued]>
[2023-09-04T06:02:05.319+0000] {taskinstance.py:1159} INFO - Dependencies all met for dep_context=requeueable deps ti=<TaskInstance: dag_with_postgres_operator_v04.delete_data_from_table scheduled__2022-03-05T00:00:00+00:00 [queued]>
[2023-09-04T06:02:05.320+0000] {taskinstance.py:1361} INFO - Starting attempt 1 of 6
[2023-09-04T06:02:05.344+0000] {taskinstance.py:1382} INFO - Executing <Task(PostgresOperator): delete_data_from_table> on 2022-03-05 00:00:00+00:00
[2023-09-04T06:02:05.352+0000] {standard_task_runner.py:57} INFO - Started process 5140 to run task
[2023-09-04T06:02:05.355+0000] {standard_task_runner.py:84} INFO - Running: ['***', 'tasks', 'run', 'dag_with_postgres_operator_v04', 'delete_data_from_table', 'scheduled__2022-03-05T00:00:00+00:00', '--job-id', '356', '--raw', '--subdir', 'DAGS_FOLDER/dag_with_postgres_operator.py', '--cfg-path', '/tmp/tmps33ddh9h']
[2023-09-04T06:02:05.358+0000] {standard_task_runner.py:85} INFO - Job 356: Subtask delete_data_from_table
[2023-09-04T06:02:05.413+0000] {task_command.py:415} INFO - Running <TaskInstance: dag_with_postgres_operator_v04.delete_data_from_table scheduled__2022-03-05T00:00:00+00:00 [running]> on host 10bdc2e98230
[2023-09-04T06:02:05.520+0000] {taskinstance.py:1660} INFO - Exporting env vars: AIRFLOW_CTX_DAG_OWNER='coder2j' AIRFLOW_CTX_DAG_ID='dag_with_postgres_operator_v04' AIRFLOW_CTX_TASK_ID='delete_data_from_table' AIRFLOW_CTX_EXECUTION_DATE='2022-03-05T00:00:00+00:00' AIRFLOW_CTX_TRY_NUMBER='1' AIRFLOW_CTX_DAG_RUN_ID='scheduled__2022-03-05T00:00:00+00:00'
[2023-09-04T06:02:05.521+0000] {sql.py:274} INFO - Executing: 
            delete from dag_runs where dt = '2022-03-05' and dag_id = 'dag_with_postgres_operator_v04';
        
[2023-09-04T06:02:05.531+0000] {base.py:73} INFO - Using connection ID 'postgres_localhost' for task execution.
[2023-09-04T06:02:05.539+0000] {base.py:73} INFO - Using connection ID 'postgres_localhost' for task execution.
[2023-09-04T06:02:05.550+0000] {sql.py:418} INFO - Running statement: 
            delete from dag_runs where dt = '2022-03-05' and dag_id = 'dag_with_postgres_operator_v04';
        , parameters: None
[2023-09-04T06:02:05.554+0000] {sql.py:427} INFO - Rows affected: 0
[2023-09-04T06:02:05.566+0000] {taskinstance.py:1400} INFO - Marking task as SUCCESS. dag_id=dag_with_postgres_operator_v04, task_id=delete_data_from_table, execution_date=20220305T000000, start_date=20230904T060205, end_date=20230904T060205
[2023-09-04T06:02:05.608+0000] {local_task_job_runner.py:228} INFO - Task exited with return code 0
[2023-09-04T06:02:05.631+0000] {taskinstance.py:2784} INFO - 1 downstream tasks scheduled from follow-on schedule check
[2023-09-04T06:04:50.029+0000] {taskinstance.py:1159} INFO - Dependencies all met for dep_context=non-requeueable deps ti=<TaskInstance: dag_with_postgres_operator_v04.delete_data_from_table scheduled__2022-03-05T00:00:00+00:00 [queued]>
[2023-09-04T06:04:50.052+0000] {taskinstance.py:1159} INFO - Dependencies all met for dep_context=requeueable deps ti=<TaskInstance: dag_with_postgres_operator_v04.delete_data_from_table scheduled__2022-03-05T00:00:00+00:00 [queued]>
[2023-09-04T06:04:50.052+0000] {taskinstance.py:1361} INFO - Starting attempt 1 of 6
[2023-09-04T06:04:50.086+0000] {taskinstance.py:1382} INFO - Executing <Task(PostgresOperator): delete_data_from_table> on 2022-03-05 00:00:00+00:00
[2023-09-04T06:04:50.100+0000] {standard_task_runner.py:57} INFO - Started process 6433 to run task
[2023-09-04T06:04:50.108+0000] {standard_task_runner.py:84} INFO - Running: ['***', 'tasks', 'run', 'dag_with_postgres_operator_v04', 'delete_data_from_table', 'scheduled__2022-03-05T00:00:00+00:00', '--job-id', '902', '--raw', '--subdir', 'DAGS_FOLDER/dag_with_postgres_operator.py', '--cfg-path', '/tmp/tmpwrsfcp4a']
[2023-09-04T06:04:50.113+0000] {standard_task_runner.py:85} INFO - Job 902: Subtask delete_data_from_table
[2023-09-04T06:04:50.260+0000] {task_command.py:415} INFO - Running <TaskInstance: dag_with_postgres_operator_v04.delete_data_from_table scheduled__2022-03-05T00:00:00+00:00 [running]> on host 10bdc2e98230
[2023-09-04T06:04:50.543+0000] {taskinstance.py:1660} INFO - Exporting env vars: AIRFLOW_CTX_DAG_OWNER='mohghaff' AIRFLOW_CTX_DAG_ID='dag_with_postgres_operator_v04' AIRFLOW_CTX_TASK_ID='delete_data_from_table' AIRFLOW_CTX_EXECUTION_DATE='2022-03-05T00:00:00+00:00' AIRFLOW_CTX_TRY_NUMBER='1' AIRFLOW_CTX_DAG_RUN_ID='scheduled__2022-03-05T00:00:00+00:00'
[2023-09-04T06:04:50.546+0000] {sql.py:274} INFO - Executing: 
            delete from dag_runs where dt = '2022-03-05' and dag_id = 'dag_with_postgres_operator_v04';
        
[2023-09-04T06:04:50.571+0000] {base.py:73} INFO - Using connection ID 'postgres_localhost' for task execution.
[2023-09-04T06:04:50.596+0000] {base.py:73} INFO - Using connection ID 'postgres_localhost' for task execution.
[2023-09-04T06:04:50.623+0000] {sql.py:418} INFO - Running statement: 
            delete from dag_runs where dt = '2022-03-05' and dag_id = 'dag_with_postgres_operator_v04';
        , parameters: None
[2023-09-04T06:04:50.635+0000] {sql.py:427} INFO - Rows affected: 1
[2023-09-04T06:04:50.684+0000] {taskinstance.py:1400} INFO - Marking task as SUCCESS. dag_id=dag_with_postgres_operator_v04, task_id=delete_data_from_table, execution_date=20220305T000000, start_date=20230904T060450, end_date=20230904T060450
[2023-09-04T06:04:50.763+0000] {local_task_job_runner.py:228} INFO - Task exited with return code 0
[2023-09-04T06:04:50.819+0000] {taskinstance.py:2784} INFO - 1 downstream tasks scheduled from follow-on schedule check
