[2023-09-04T06:02:59.258+0000] {taskinstance.py:1159} INFO - Dependencies all met for dep_context=non-requeueable deps ti=<TaskInstance: dag_with_postgres_operator_v04.insert_into_table scheduled__2022-05-06T00:00:00+00:00 [queued]>
[2023-09-04T06:02:59.271+0000] {taskinstance.py:1159} INFO - Dependencies all met for dep_context=requeueable deps ti=<TaskInstance: dag_with_postgres_operator_v04.insert_into_table scheduled__2022-05-06T00:00:00+00:00 [queued]>
[2023-09-04T06:02:59.272+0000] {taskinstance.py:1361} INFO - Starting attempt 1 of 6
[2023-09-04T06:02:59.289+0000] {taskinstance.py:1382} INFO - Executing <Task(PostgresOperator): insert_into_table> on 2022-05-06 00:00:00+00:00
[2023-09-04T06:02:59.297+0000] {standard_task_runner.py:57} INFO - Started process 5619 to run task
[2023-09-04T06:02:59.300+0000] {standard_task_runner.py:84} INFO - Running: ['***', 'tasks', 'run', 'dag_with_postgres_operator_v04', 'insert_into_table', 'scheduled__2022-05-06T00:00:00+00:00', '--job-id', '560', '--raw', '--subdir', 'DAGS_FOLDER/dag_with_postgres_operator.py', '--cfg-path', '/tmp/tmpauggp1b_']
[2023-09-04T06:02:59.302+0000] {standard_task_runner.py:85} INFO - Job 560: Subtask insert_into_table
[2023-09-04T06:02:59.350+0000] {task_command.py:415} INFO - Running <TaskInstance: dag_with_postgres_operator_v04.insert_into_table scheduled__2022-05-06T00:00:00+00:00 [running]> on host 10bdc2e98230
[2023-09-04T06:02:59.444+0000] {taskinstance.py:1660} INFO - Exporting env vars: AIRFLOW_CTX_DAG_OWNER='coder2j' AIRFLOW_CTX_DAG_ID='dag_with_postgres_operator_v04' AIRFLOW_CTX_TASK_ID='insert_into_table' AIRFLOW_CTX_EXECUTION_DATE='2022-05-06T00:00:00+00:00' AIRFLOW_CTX_TRY_NUMBER='1' AIRFLOW_CTX_DAG_RUN_ID='scheduled__2022-05-06T00:00:00+00:00'
[2023-09-04T06:02:59.445+0000] {sql.py:274} INFO - Executing: 
            insert into dag_runs (dt, dag_id) values ('2022-05-06', 'dag_with_postgres_operator_v04')
        
[2023-09-04T06:02:59.455+0000] {base.py:73} INFO - Using connection ID 'postgres_localhost' for task execution.
[2023-09-04T06:02:59.463+0000] {base.py:73} INFO - Using connection ID 'postgres_localhost' for task execution.
[2023-09-04T06:02:59.474+0000] {sql.py:418} INFO - Running statement: 
            insert into dag_runs (dt, dag_id) values ('2022-05-06', 'dag_with_postgres_operator_v04')
        , parameters: None
[2023-09-04T06:02:59.477+0000] {sql.py:427} INFO - Rows affected: 1
[2023-09-04T06:02:59.488+0000] {taskinstance.py:1400} INFO - Marking task as SUCCESS. dag_id=dag_with_postgres_operator_v04, task_id=insert_into_table, execution_date=20220506T000000, start_date=20230904T060259, end_date=20230904T060259
[2023-09-04T06:02:59.512+0000] {local_task_job_runner.py:228} INFO - Task exited with return code 0
[2023-09-04T06:02:59.528+0000] {taskinstance.py:2784} INFO - 0 downstream tasks scheduled from follow-on schedule check
[2023-09-04T06:05:44.782+0000] {taskinstance.py:1159} INFO - Dependencies all met for dep_context=non-requeueable deps ti=<TaskInstance: dag_with_postgres_operator_v04.insert_into_table scheduled__2022-05-06T00:00:00+00:00 [queued]>
[2023-09-04T06:05:44.798+0000] {taskinstance.py:1159} INFO - Dependencies all met for dep_context=requeueable deps ti=<TaskInstance: dag_with_postgres_operator_v04.insert_into_table scheduled__2022-05-06T00:00:00+00:00 [queued]>
[2023-09-04T06:05:44.798+0000] {taskinstance.py:1361} INFO - Starting attempt 1 of 6
[2023-09-04T06:05:44.819+0000] {taskinstance.py:1382} INFO - Executing <Task(PostgresOperator): insert_into_table> on 2022-05-06 00:00:00+00:00
[2023-09-04T06:05:44.828+0000] {standard_task_runner.py:57} INFO - Started process 6899 to run task
[2023-09-04T06:05:44.832+0000] {standard_task_runner.py:84} INFO - Running: ['***', 'tasks', 'run', 'dag_with_postgres_operator_v04', 'insert_into_table', 'scheduled__2022-05-06T00:00:00+00:00', '--job-id', '1101', '--raw', '--subdir', 'DAGS_FOLDER/dag_with_postgres_operator.py', '--cfg-path', '/tmp/tmp8qi9unmh']
[2023-09-04T06:05:44.836+0000] {standard_task_runner.py:85} INFO - Job 1101: Subtask insert_into_table
[2023-09-04T06:05:44.920+0000] {task_command.py:415} INFO - Running <TaskInstance: dag_with_postgres_operator_v04.insert_into_table scheduled__2022-05-06T00:00:00+00:00 [running]> on host 10bdc2e98230
[2023-09-04T06:05:45.047+0000] {taskinstance.py:1660} INFO - Exporting env vars: AIRFLOW_CTX_DAG_OWNER='mohghaff' AIRFLOW_CTX_DAG_ID='dag_with_postgres_operator_v04' AIRFLOW_CTX_TASK_ID='insert_into_table' AIRFLOW_CTX_EXECUTION_DATE='2022-05-06T00:00:00+00:00' AIRFLOW_CTX_TRY_NUMBER='1' AIRFLOW_CTX_DAG_RUN_ID='scheduled__2022-05-06T00:00:00+00:00'
[2023-09-04T06:05:45.049+0000] {sql.py:274} INFO - Executing: 
            insert into dag_runs (dt, dag_id) values ('2022-05-06', 'dag_with_postgres_operator_v04')
        
[2023-09-04T06:05:45.058+0000] {base.py:73} INFO - Using connection ID 'postgres_localhost' for task execution.
[2023-09-04T06:05:45.068+0000] {base.py:73} INFO - Using connection ID 'postgres_localhost' for task execution.
[2023-09-04T06:05:45.081+0000] {sql.py:418} INFO - Running statement: 
            insert into dag_runs (dt, dag_id) values ('2022-05-06', 'dag_with_postgres_operator_v04')
        , parameters: None
[2023-09-04T06:05:45.086+0000] {sql.py:427} INFO - Rows affected: 1
[2023-09-04T06:05:45.104+0000] {taskinstance.py:1400} INFO - Marking task as SUCCESS. dag_id=dag_with_postgres_operator_v04, task_id=insert_into_table, execution_date=20220506T000000, start_date=20230904T060544, end_date=20230904T060545
[2023-09-04T06:05:45.164+0000] {local_task_job_runner.py:228} INFO - Task exited with return code 0
[2023-09-04T06:05:45.194+0000] {taskinstance.py:2784} INFO - 0 downstream tasks scheduled from follow-on schedule check
