[2023-09-04T06:01:35.809+0000] {taskinstance.py:1159} INFO - Dependencies all met for dep_context=non-requeueable deps ti=<TaskInstance: dag_with_postgres_operator_v04.insert_into_table scheduled__2022-01-23T00:00:00+00:00 [queued]>
[2023-09-04T06:01:35.834+0000] {taskinstance.py:1159} INFO - Dependencies all met for dep_context=requeueable deps ti=<TaskInstance: dag_with_postgres_operator_v04.insert_into_table scheduled__2022-01-23T00:00:00+00:00 [queued]>
[2023-09-04T06:01:35.835+0000] {taskinstance.py:1361} INFO - Starting attempt 1 of 6
[2023-09-04T06:01:36.123+0000] {taskinstance.py:1382} INFO - Executing <Task(PostgresOperator): insert_into_table> on 2022-01-23 00:00:00+00:00
[2023-09-04T06:01:36.136+0000] {standard_task_runner.py:57} INFO - Started process 4904 to run task
[2023-09-04T06:01:36.142+0000] {standard_task_runner.py:84} INFO - Running: ['***', 'tasks', 'run', 'dag_with_postgres_operator_v04', 'insert_into_table', 'scheduled__2022-01-23T00:00:00+00:00', '--job-id', '254', '--raw', '--subdir', 'DAGS_FOLDER/dag_with_postgres_operator.py', '--cfg-path', '/tmp/tmpefhdzog5']
[2023-09-04T06:01:36.147+0000] {standard_task_runner.py:85} INFO - Job 254: Subtask insert_into_table
[2023-09-04T06:01:36.233+0000] {task_command.py:415} INFO - Running <TaskInstance: dag_with_postgres_operator_v04.insert_into_table scheduled__2022-01-23T00:00:00+00:00 [running]> on host 10bdc2e98230
[2023-09-04T06:01:36.460+0000] {taskinstance.py:1660} INFO - Exporting env vars: AIRFLOW_CTX_DAG_OWNER='coder2j' AIRFLOW_CTX_DAG_ID='dag_with_postgres_operator_v04' AIRFLOW_CTX_TASK_ID='insert_into_table' AIRFLOW_CTX_EXECUTION_DATE='2022-01-23T00:00:00+00:00' AIRFLOW_CTX_TRY_NUMBER='1' AIRFLOW_CTX_DAG_RUN_ID='scheduled__2022-01-23T00:00:00+00:00'
[2023-09-04T06:01:36.462+0000] {sql.py:274} INFO - Executing: 
            insert into dag_runs (dt, dag_id) values ('2022-01-23', 'dag_with_postgres_operator_v04')
        
[2023-09-04T06:01:36.477+0000] {base.py:73} INFO - Using connection ID 'postgres_localhost' for task execution.
[2023-09-04T06:01:36.490+0000] {base.py:73} INFO - Using connection ID 'postgres_localhost' for task execution.
[2023-09-04T06:01:36.507+0000] {sql.py:418} INFO - Running statement: 
            insert into dag_runs (dt, dag_id) values ('2022-01-23', 'dag_with_postgres_operator_v04')
        , parameters: None
[2023-09-04T06:01:36.512+0000] {sql.py:427} INFO - Rows affected: 1
[2023-09-04T06:01:36.531+0000] {taskinstance.py:1400} INFO - Marking task as SUCCESS. dag_id=dag_with_postgres_operator_v04, task_id=insert_into_table, execution_date=20220123T000000, start_date=20230904T060135, end_date=20230904T060136
[2023-09-04T06:01:36.599+0000] {local_task_job_runner.py:228} INFO - Task exited with return code 0
[2023-09-04T06:01:36.626+0000] {taskinstance.py:2784} INFO - 0 downstream tasks scheduled from follow-on schedule check
[2023-09-04T06:04:23.954+0000] {taskinstance.py:1159} INFO - Dependencies all met for dep_context=non-requeueable deps ti=<TaskInstance: dag_with_postgres_operator_v04.insert_into_table scheduled__2022-01-23T00:00:00+00:00 [queued]>
[2023-09-04T06:04:23.975+0000] {taskinstance.py:1159} INFO - Dependencies all met for dep_context=requeueable deps ti=<TaskInstance: dag_with_postgres_operator_v04.insert_into_table scheduled__2022-01-23T00:00:00+00:00 [queued]>
[2023-09-04T06:04:23.975+0000] {taskinstance.py:1361} INFO - Starting attempt 1 of 6
[2023-09-04T06:04:24.016+0000] {taskinstance.py:1382} INFO - Executing <Task(PostgresOperator): insert_into_table> on 2022-01-23 00:00:00+00:00
[2023-09-04T06:04:24.025+0000] {standard_task_runner.py:57} INFO - Started process 6202 to run task
[2023-09-04T06:04:24.030+0000] {standard_task_runner.py:84} INFO - Running: ['***', 'tasks', 'run', 'dag_with_postgres_operator_v04', 'insert_into_table', 'scheduled__2022-01-23T00:00:00+00:00', '--job-id', '802', '--raw', '--subdir', 'DAGS_FOLDER/dag_with_postgres_operator.py', '--cfg-path', '/tmp/tmpuvpury3x']
[2023-09-04T06:04:24.034+0000] {standard_task_runner.py:85} INFO - Job 802: Subtask insert_into_table
[2023-09-04T06:04:24.148+0000] {task_command.py:415} INFO - Running <TaskInstance: dag_with_postgres_operator_v04.insert_into_table scheduled__2022-01-23T00:00:00+00:00 [running]> on host 10bdc2e98230
[2023-09-04T06:04:24.316+0000] {taskinstance.py:1660} INFO - Exporting env vars: AIRFLOW_CTX_DAG_OWNER='mohghaff' AIRFLOW_CTX_DAG_ID='dag_with_postgres_operator_v04' AIRFLOW_CTX_TASK_ID='insert_into_table' AIRFLOW_CTX_EXECUTION_DATE='2022-01-23T00:00:00+00:00' AIRFLOW_CTX_TRY_NUMBER='1' AIRFLOW_CTX_DAG_RUN_ID='scheduled__2022-01-23T00:00:00+00:00'
[2023-09-04T06:04:24.318+0000] {sql.py:274} INFO - Executing: 
            insert into dag_runs (dt, dag_id) values ('2022-01-23', 'dag_with_postgres_operator_v04')
        
[2023-09-04T06:04:24.330+0000] {base.py:73} INFO - Using connection ID 'postgres_localhost' for task execution.
[2023-09-04T06:04:24.340+0000] {base.py:73} INFO - Using connection ID 'postgres_localhost' for task execution.
[2023-09-04T06:04:24.354+0000] {sql.py:418} INFO - Running statement: 
            insert into dag_runs (dt, dag_id) values ('2022-01-23', 'dag_with_postgres_operator_v04')
        , parameters: None
[2023-09-04T06:04:24.360+0000] {sql.py:427} INFO - Rows affected: 1
[2023-09-04T06:04:24.377+0000] {taskinstance.py:1400} INFO - Marking task as SUCCESS. dag_id=dag_with_postgres_operator_v04, task_id=insert_into_table, execution_date=20220123T000000, start_date=20230904T060423, end_date=20230904T060424
[2023-09-04T06:04:24.404+0000] {local_task_job_runner.py:228} INFO - Task exited with return code 0
[2023-09-04T06:04:24.427+0000] {taskinstance.py:2784} INFO - 0 downstream tasks scheduled from follow-on schedule check
