[2023-09-04T06:02:57.752+0000] {taskinstance.py:1159} INFO - Dependencies all met for dep_context=non-requeueable deps ti=<TaskInstance: dag_with_postgres_operator_v04.delete_data_from_table scheduled__2022-05-06T00:00:00+00:00 [queued]>
[2023-09-04T06:02:57.767+0000] {taskinstance.py:1159} INFO - Dependencies all met for dep_context=requeueable deps ti=<TaskInstance: dag_with_postgres_operator_v04.delete_data_from_table scheduled__2022-05-06T00:00:00+00:00 [queued]>
[2023-09-04T06:02:57.767+0000] {taskinstance.py:1361} INFO - Starting attempt 1 of 6
[2023-09-04T06:02:57.935+0000] {taskinstance.py:1382} INFO - Executing <Task(PostgresOperator): delete_data_from_table> on 2022-05-06 00:00:00+00:00
[2023-09-04T06:02:57.944+0000] {standard_task_runner.py:57} INFO - Started process 5603 to run task
[2023-09-04T06:02:57.949+0000] {standard_task_runner.py:84} INFO - Running: ['***', 'tasks', 'run', 'dag_with_postgres_operator_v04', 'delete_data_from_table', 'scheduled__2022-05-06T00:00:00+00:00', '--job-id', '549', '--raw', '--subdir', 'DAGS_FOLDER/dag_with_postgres_operator.py', '--cfg-path', '/tmp/tmpaxn6orv9']
[2023-09-04T06:02:57.952+0000] {standard_task_runner.py:85} INFO - Job 549: Subtask delete_data_from_table
[2023-09-04T06:02:58.021+0000] {task_command.py:415} INFO - Running <TaskInstance: dag_with_postgres_operator_v04.delete_data_from_table scheduled__2022-05-06T00:00:00+00:00 [running]> on host 10bdc2e98230
[2023-09-04T06:02:58.144+0000] {taskinstance.py:1660} INFO - Exporting env vars: AIRFLOW_CTX_DAG_OWNER='coder2j' AIRFLOW_CTX_DAG_ID='dag_with_postgres_operator_v04' AIRFLOW_CTX_TASK_ID='delete_data_from_table' AIRFLOW_CTX_EXECUTION_DATE='2022-05-06T00:00:00+00:00' AIRFLOW_CTX_TRY_NUMBER='1' AIRFLOW_CTX_DAG_RUN_ID='scheduled__2022-05-06T00:00:00+00:00'
[2023-09-04T06:02:58.146+0000] {sql.py:274} INFO - Executing: 
            delete from dag_runs where dt = '2022-05-06' and dag_id = 'dag_with_postgres_operator_v04';
        
[2023-09-04T06:02:58.156+0000] {base.py:73} INFO - Using connection ID 'postgres_localhost' for task execution.
[2023-09-04T06:02:58.167+0000] {base.py:73} INFO - Using connection ID 'postgres_localhost' for task execution.
[2023-09-04T06:02:58.180+0000] {sql.py:418} INFO - Running statement: 
            delete from dag_runs where dt = '2022-05-06' and dag_id = 'dag_with_postgres_operator_v04';
        , parameters: None
[2023-09-04T06:02:58.185+0000] {sql.py:427} INFO - Rows affected: 0
[2023-09-04T06:02:58.201+0000] {taskinstance.py:1400} INFO - Marking task as SUCCESS. dag_id=dag_with_postgres_operator_v04, task_id=delete_data_from_table, execution_date=20220506T000000, start_date=20230904T060257, end_date=20230904T060258
[2023-09-04T06:02:58.241+0000] {local_task_job_runner.py:228} INFO - Task exited with return code 0
[2023-09-04T06:02:58.271+0000] {taskinstance.py:2784} INFO - 1 downstream tasks scheduled from follow-on schedule check
[2023-09-04T06:05:42.286+0000] {taskinstance.py:1159} INFO - Dependencies all met for dep_context=non-requeueable deps ti=<TaskInstance: dag_with_postgres_operator_v04.delete_data_from_table scheduled__2022-05-06T00:00:00+00:00 [queued]>
[2023-09-04T06:05:42.308+0000] {taskinstance.py:1159} INFO - Dependencies all met for dep_context=requeueable deps ti=<TaskInstance: dag_with_postgres_operator_v04.delete_data_from_table scheduled__2022-05-06T00:00:00+00:00 [queued]>
[2023-09-04T06:05:42.309+0000] {taskinstance.py:1361} INFO - Starting attempt 1 of 6
[2023-09-04T06:05:42.451+0000] {taskinstance.py:1382} INFO - Executing <Task(PostgresOperator): delete_data_from_table> on 2022-05-06 00:00:00+00:00
[2023-09-04T06:05:42.467+0000] {standard_task_runner.py:57} INFO - Started process 6879 to run task
[2023-09-04T06:05:42.479+0000] {standard_task_runner.py:84} INFO - Running: ['***', 'tasks', 'run', 'dag_with_postgres_operator_v04', 'delete_data_from_table', 'scheduled__2022-05-06T00:00:00+00:00', '--job-id', '1090', '--raw', '--subdir', 'DAGS_FOLDER/dag_with_postgres_operator.py', '--cfg-path', '/tmp/tmpju24tk2s']
[2023-09-04T06:05:42.484+0000] {standard_task_runner.py:85} INFO - Job 1090: Subtask delete_data_from_table
[2023-09-04T06:05:42.713+0000] {task_command.py:415} INFO - Running <TaskInstance: dag_with_postgres_operator_v04.delete_data_from_table scheduled__2022-05-06T00:00:00+00:00 [running]> on host 10bdc2e98230
[2023-09-04T06:05:43.006+0000] {taskinstance.py:1660} INFO - Exporting env vars: AIRFLOW_CTX_DAG_OWNER='mohghaff' AIRFLOW_CTX_DAG_ID='dag_with_postgres_operator_v04' AIRFLOW_CTX_TASK_ID='delete_data_from_table' AIRFLOW_CTX_EXECUTION_DATE='2022-05-06T00:00:00+00:00' AIRFLOW_CTX_TRY_NUMBER='1' AIRFLOW_CTX_DAG_RUN_ID='scheduled__2022-05-06T00:00:00+00:00'
[2023-09-04T06:05:43.009+0000] {sql.py:274} INFO - Executing: 
            delete from dag_runs where dt = '2022-05-06' and dag_id = 'dag_with_postgres_operator_v04';
        
[2023-09-04T06:05:43.029+0000] {base.py:73} INFO - Using connection ID 'postgres_localhost' for task execution.
[2023-09-04T06:05:43.048+0000] {base.py:73} INFO - Using connection ID 'postgres_localhost' for task execution.
[2023-09-04T06:05:43.086+0000] {sql.py:418} INFO - Running statement: 
            delete from dag_runs where dt = '2022-05-06' and dag_id = 'dag_with_postgres_operator_v04';
        , parameters: None
[2023-09-04T06:05:43.097+0000] {sql.py:427} INFO - Rows affected: 1
[2023-09-04T06:05:43.148+0000] {taskinstance.py:1400} INFO - Marking task as SUCCESS. dag_id=dag_with_postgres_operator_v04, task_id=delete_data_from_table, execution_date=20220506T000000, start_date=20230904T060542, end_date=20230904T060543
[2023-09-04T06:05:43.229+0000] {local_task_job_runner.py:228} INFO - Task exited with return code 0
[2023-09-04T06:05:43.286+0000] {taskinstance.py:2784} INFO - 1 downstream tasks scheduled from follow-on schedule check
