[2023-09-04T06:01:43.617+0000] {taskinstance.py:1159} INFO - Dependencies all met for dep_context=non-requeueable deps ti=<TaskInstance: dag_with_postgres_operator_v04.delete_data_from_table scheduled__2022-02-05T00:00:00+00:00 [queued]>
[2023-09-04T06:01:43.635+0000] {taskinstance.py:1159} INFO - Dependencies all met for dep_context=requeueable deps ti=<TaskInstance: dag_with_postgres_operator_v04.delete_data_from_table scheduled__2022-02-05T00:00:00+00:00 [queued]>
[2023-09-04T06:01:43.636+0000] {taskinstance.py:1361} INFO - Starting attempt 1 of 6
[2023-09-04T06:01:43.661+0000] {taskinstance.py:1382} INFO - Executing <Task(PostgresOperator): delete_data_from_table> on 2022-02-05 00:00:00+00:00
[2023-09-04T06:01:43.670+0000] {standard_task_runner.py:57} INFO - Started process 4957 to run task
[2023-09-04T06:01:43.673+0000] {standard_task_runner.py:84} INFO - Running: ['***', 'tasks', 'run', 'dag_with_postgres_operator_v04', 'delete_data_from_table', 'scheduled__2022-02-05T00:00:00+00:00', '--job-id', '279', '--raw', '--subdir', 'DAGS_FOLDER/dag_with_postgres_operator.py', '--cfg-path', '/tmp/tmpaosx7x99']
[2023-09-04T06:01:43.676+0000] {standard_task_runner.py:85} INFO - Job 279: Subtask delete_data_from_table
[2023-09-04T06:01:43.764+0000] {task_command.py:415} INFO - Running <TaskInstance: dag_with_postgres_operator_v04.delete_data_from_table scheduled__2022-02-05T00:00:00+00:00 [running]> on host 10bdc2e98230
[2023-09-04T06:01:43.940+0000] {taskinstance.py:1660} INFO - Exporting env vars: AIRFLOW_CTX_DAG_OWNER='coder2j' AIRFLOW_CTX_DAG_ID='dag_with_postgres_operator_v04' AIRFLOW_CTX_TASK_ID='delete_data_from_table' AIRFLOW_CTX_EXECUTION_DATE='2022-02-05T00:00:00+00:00' AIRFLOW_CTX_TRY_NUMBER='1' AIRFLOW_CTX_DAG_RUN_ID='scheduled__2022-02-05T00:00:00+00:00'
[2023-09-04T06:01:43.943+0000] {sql.py:274} INFO - Executing: 
            delete from dag_runs where dt = '2022-02-05' and dag_id = 'dag_with_postgres_operator_v04';
        
[2023-09-04T06:01:43.964+0000] {base.py:73} INFO - Using connection ID 'postgres_localhost' for task execution.
[2023-09-04T06:01:43.981+0000] {base.py:73} INFO - Using connection ID 'postgres_localhost' for task execution.
[2023-09-04T06:01:44.001+0000] {sql.py:418} INFO - Running statement: 
            delete from dag_runs where dt = '2022-02-05' and dag_id = 'dag_with_postgres_operator_v04';
        , parameters: None
[2023-09-04T06:01:44.007+0000] {sql.py:427} INFO - Rows affected: 0
[2023-09-04T06:01:44.028+0000] {taskinstance.py:1400} INFO - Marking task as SUCCESS. dag_id=dag_with_postgres_operator_v04, task_id=delete_data_from_table, execution_date=20220205T000000, start_date=20230904T060143, end_date=20230904T060144
[2023-09-04T06:01:44.087+0000] {local_task_job_runner.py:228} INFO - Task exited with return code 0
[2023-09-04T06:01:44.133+0000] {taskinstance.py:2784} INFO - 1 downstream tasks scheduled from follow-on schedule check
[2023-09-04T06:04:32.614+0000] {taskinstance.py:1159} INFO - Dependencies all met for dep_context=non-requeueable deps ti=<TaskInstance: dag_with_postgres_operator_v04.delete_data_from_table scheduled__2022-02-05T00:00:00+00:00 [queued]>
[2023-09-04T06:04:32.638+0000] {taskinstance.py:1159} INFO - Dependencies all met for dep_context=requeueable deps ti=<TaskInstance: dag_with_postgres_operator_v04.delete_data_from_table scheduled__2022-02-05T00:00:00+00:00 [queued]>
[2023-09-04T06:04:32.638+0000] {taskinstance.py:1361} INFO - Starting attempt 1 of 6
[2023-09-04T06:04:32.923+0000] {taskinstance.py:1382} INFO - Executing <Task(PostgresOperator): delete_data_from_table> on 2022-02-05 00:00:00+00:00
[2023-09-04T06:04:32.936+0000] {standard_task_runner.py:57} INFO - Started process 6279 to run task
[2023-09-04T06:04:32.942+0000] {standard_task_runner.py:84} INFO - Running: ['***', 'tasks', 'run', 'dag_with_postgres_operator_v04', 'delete_data_from_table', 'scheduled__2022-02-05T00:00:00+00:00', '--job-id', '830', '--raw', '--subdir', 'DAGS_FOLDER/dag_with_postgres_operator.py', '--cfg-path', '/tmp/tmpy6eccnfb']
[2023-09-04T06:04:32.947+0000] {standard_task_runner.py:85} INFO - Job 830: Subtask delete_data_from_table
[2023-09-04T06:04:33.109+0000] {task_command.py:415} INFO - Running <TaskInstance: dag_with_postgres_operator_v04.delete_data_from_table scheduled__2022-02-05T00:00:00+00:00 [running]> on host 10bdc2e98230
[2023-09-04T06:04:33.396+0000] {taskinstance.py:1660} INFO - Exporting env vars: AIRFLOW_CTX_DAG_OWNER='mohghaff' AIRFLOW_CTX_DAG_ID='dag_with_postgres_operator_v04' AIRFLOW_CTX_TASK_ID='delete_data_from_table' AIRFLOW_CTX_EXECUTION_DATE='2022-02-05T00:00:00+00:00' AIRFLOW_CTX_TRY_NUMBER='1' AIRFLOW_CTX_DAG_RUN_ID='scheduled__2022-02-05T00:00:00+00:00'
[2023-09-04T06:04:33.400+0000] {sql.py:274} INFO - Executing: 
            delete from dag_runs where dt = '2022-02-05' and dag_id = 'dag_with_postgres_operator_v04';
        
[2023-09-04T06:04:33.431+0000] {base.py:73} INFO - Using connection ID 'postgres_localhost' for task execution.
[2023-09-04T06:04:33.457+0000] {base.py:73} INFO - Using connection ID 'postgres_localhost' for task execution.
[2023-09-04T06:04:33.486+0000] {sql.py:418} INFO - Running statement: 
            delete from dag_runs where dt = '2022-02-05' and dag_id = 'dag_with_postgres_operator_v04';
        , parameters: None
[2023-09-04T06:04:33.499+0000] {sql.py:427} INFO - Rows affected: 1
[2023-09-04T06:04:33.532+0000] {taskinstance.py:1400} INFO - Marking task as SUCCESS. dag_id=dag_with_postgres_operator_v04, task_id=delete_data_from_table, execution_date=20220205T000000, start_date=20230904T060432, end_date=20230904T060433
[2023-09-04T06:04:33.598+0000] {local_task_job_runner.py:228} INFO - Task exited with return code 0
[2023-09-04T06:04:33.653+0000] {taskinstance.py:2784} INFO - 1 downstream tasks scheduled from follow-on schedule check
