[2023-09-04T06:01:13.129+0000] {taskinstance.py:1159} INFO - Dependencies all met for dep_context=non-requeueable deps ti=<TaskInstance: dag_with_postgres_operator_v04.insert_into_table scheduled__2022-01-01T00:00:00+00:00 [queued]>
[2023-09-04T06:01:13.144+0000] {taskinstance.py:1159} INFO - Dependencies all met for dep_context=requeueable deps ti=<TaskInstance: dag_with_postgres_operator_v04.insert_into_table scheduled__2022-01-01T00:00:00+00:00 [queued]>
[2023-09-04T06:01:13.145+0000] {taskinstance.py:1361} INFO - Starting attempt 1 of 6
[2023-09-04T06:01:13.167+0000] {taskinstance.py:1382} INFO - Executing <Task(PostgresOperator): insert_into_table> on 2022-01-01 00:00:00+00:00
[2023-09-04T06:01:13.177+0000] {standard_task_runner.py:57} INFO - Started process 4699 to run task
[2023-09-04T06:01:13.180+0000] {standard_task_runner.py:84} INFO - Running: ['***', 'tasks', 'run', 'dag_with_postgres_operator_v04', 'insert_into_table', 'scheduled__2022-01-01T00:00:00+00:00', '--job-id', '170', '--raw', '--subdir', 'DAGS_FOLDER/dag_with_postgres_operator.py', '--cfg-path', '/tmp/tmpw3uj4y37']
[2023-09-04T06:01:13.183+0000] {standard_task_runner.py:85} INFO - Job 170: Subtask insert_into_table
[2023-09-04T06:01:13.253+0000] {task_command.py:415} INFO - Running <TaskInstance: dag_with_postgres_operator_v04.insert_into_table scheduled__2022-01-01T00:00:00+00:00 [running]> on host 10bdc2e98230
[2023-09-04T06:01:13.381+0000] {taskinstance.py:1660} INFO - Exporting env vars: AIRFLOW_CTX_DAG_OWNER='coder2j' AIRFLOW_CTX_DAG_ID='dag_with_postgres_operator_v04' AIRFLOW_CTX_TASK_ID='insert_into_table' AIRFLOW_CTX_EXECUTION_DATE='2022-01-01T00:00:00+00:00' AIRFLOW_CTX_TRY_NUMBER='1' AIRFLOW_CTX_DAG_RUN_ID='scheduled__2022-01-01T00:00:00+00:00'
[2023-09-04T06:01:13.383+0000] {sql.py:274} INFO - Executing: 
            insert into dag_runs (dt, dag_id) values ('2022-01-01', 'dag_with_postgres_operator_v04')
        
[2023-09-04T06:01:13.402+0000] {base.py:73} INFO - Using connection ID 'postgres_localhost' for task execution.
[2023-09-04T06:01:13.414+0000] {base.py:73} INFO - Using connection ID 'postgres_localhost' for task execution.
[2023-09-04T06:01:13.427+0000] {sql.py:418} INFO - Running statement: 
            insert into dag_runs (dt, dag_id) values ('2022-01-01', 'dag_with_postgres_operator_v04')
        , parameters: None
[2023-09-04T06:01:13.432+0000] {sql.py:427} INFO - Rows affected: 1
[2023-09-04T06:01:13.451+0000] {taskinstance.py:1400} INFO - Marking task as SUCCESS. dag_id=dag_with_postgres_operator_v04, task_id=insert_into_table, execution_date=20220101T000000, start_date=20230904T060113, end_date=20230904T060113
[2023-09-04T06:01:13.513+0000] {local_task_job_runner.py:228} INFO - Task exited with return code 0
[2023-09-04T06:01:13.535+0000] {taskinstance.py:2784} INFO - 0 downstream tasks scheduled from follow-on schedule check
[2023-09-04T06:04:03.511+0000] {taskinstance.py:1159} INFO - Dependencies all met for dep_context=non-requeueable deps ti=<TaskInstance: dag_with_postgres_operator_v04.insert_into_table scheduled__2022-01-01T00:00:00+00:00 [queued]>
[2023-09-04T06:04:03.532+0000] {taskinstance.py:1159} INFO - Dependencies all met for dep_context=requeueable deps ti=<TaskInstance: dag_with_postgres_operator_v04.insert_into_table scheduled__2022-01-01T00:00:00+00:00 [queued]>
[2023-09-04T06:04:03.532+0000] {taskinstance.py:1361} INFO - Starting attempt 1 of 6
[2023-09-04T06:04:03.561+0000] {taskinstance.py:1382} INFO - Executing <Task(PostgresOperator): insert_into_table> on 2022-01-01 00:00:00+00:00
[2023-09-04T06:04:03.570+0000] {standard_task_runner.py:57} INFO - Started process 6014 to run task
[2023-09-04T06:04:03.574+0000] {standard_task_runner.py:84} INFO - Running: ['***', 'tasks', 'run', 'dag_with_postgres_operator_v04', 'insert_into_table', 'scheduled__2022-01-01T00:00:00+00:00', '--job-id', '720', '--raw', '--subdir', 'DAGS_FOLDER/dag_with_postgres_operator.py', '--cfg-path', '/tmp/tmpusauqz1k']
[2023-09-04T06:04:03.577+0000] {standard_task_runner.py:85} INFO - Job 720: Subtask insert_into_table
[2023-09-04T06:04:03.663+0000] {task_command.py:415} INFO - Running <TaskInstance: dag_with_postgres_operator_v04.insert_into_table scheduled__2022-01-01T00:00:00+00:00 [running]> on host 10bdc2e98230
[2023-09-04T06:04:03.792+0000] {taskinstance.py:1660} INFO - Exporting env vars: AIRFLOW_CTX_DAG_OWNER='mohghaff' AIRFLOW_CTX_DAG_ID='dag_with_postgres_operator_v04' AIRFLOW_CTX_TASK_ID='insert_into_table' AIRFLOW_CTX_EXECUTION_DATE='2022-01-01T00:00:00+00:00' AIRFLOW_CTX_TRY_NUMBER='1' AIRFLOW_CTX_DAG_RUN_ID='scheduled__2022-01-01T00:00:00+00:00'
[2023-09-04T06:04:03.794+0000] {sql.py:274} INFO - Executing: 
            insert into dag_runs (dt, dag_id) values ('2022-01-01', 'dag_with_postgres_operator_v04')
        
[2023-09-04T06:04:03.804+0000] {base.py:73} INFO - Using connection ID 'postgres_localhost' for task execution.
[2023-09-04T06:04:03.814+0000] {base.py:73} INFO - Using connection ID 'postgres_localhost' for task execution.
[2023-09-04T06:04:03.826+0000] {sql.py:418} INFO - Running statement: 
            insert into dag_runs (dt, dag_id) values ('2022-01-01', 'dag_with_postgres_operator_v04')
        , parameters: None
[2023-09-04T06:04:03.830+0000] {sql.py:427} INFO - Rows affected: 1
[2023-09-04T06:04:03.843+0000] {taskinstance.py:1400} INFO - Marking task as SUCCESS. dag_id=dag_with_postgres_operator_v04, task_id=insert_into_table, execution_date=20220101T000000, start_date=20230904T060403, end_date=20230904T060403
[2023-09-04T06:04:03.868+0000] {local_task_job_runner.py:228} INFO - Task exited with return code 0
[2023-09-04T06:04:03.887+0000] {taskinstance.py:2784} INFO - 0 downstream tasks scheduled from follow-on schedule check
