[2023-09-04T14:35:33.031+0000] {taskinstance.py:1159} INFO - Dependencies all met for dep_context=non-requeueable deps ti=<TaskInstance: minio_s3_v01.sensor_minio_s3 scheduled__2023-01-11T00:00:00+00:00 [queued]>
[2023-09-04T14:35:33.064+0000] {taskinstance.py:1159} INFO - Dependencies all met for dep_context=requeueable deps ti=<TaskInstance: minio_s3_v01.sensor_minio_s3 scheduled__2023-01-11T00:00:00+00:00 [queued]>
[2023-09-04T14:35:33.066+0000] {taskinstance.py:1361} INFO - Starting attempt 1 of 6
[2023-09-04T14:35:33.480+0000] {taskinstance.py:1382} INFO - Executing <Task(S3KeySensor): sensor_minio_s3> on 2023-01-11 00:00:00+00:00
[2023-09-04T14:35:33.535+0000] {standard_task_runner.py:57} INFO - Started process 10485 to run task
[2023-09-04T14:35:33.615+0000] {standard_task_runner.py:84} INFO - Running: ['***', 'tasks', 'run', 'minio_s3_v01', 'sensor_minio_s3', 'scheduled__2023-01-11T00:00:00+00:00', '--job-id', '3718', '--raw', '--subdir', 'DAGS_FOLDER/dag_with_minio_s3.py', '--cfg-path', '/tmp/tmp7z5b7exr']
[2023-09-04T14:35:33.644+0000] {standard_task_runner.py:85} INFO - Job 3718: Subtask sensor_minio_s3
[2023-09-04T14:35:33.952+0000] {task_command.py:415} INFO - Running <TaskInstance: minio_s3_v01.sensor_minio_s3 scheduled__2023-01-11T00:00:00+00:00 [running]> on host 55ba52c92856
[2023-09-04T14:35:34.292+0000] {taskinstance.py:1660} INFO - Exporting env vars: AIRFLOW_CTX_DAG_OWNER='mohghaff' AIRFLOW_CTX_DAG_ID='minio_s3_v01' AIRFLOW_CTX_TASK_ID='sensor_minio_s3' AIRFLOW_CTX_EXECUTION_DATE='2023-01-11T00:00:00+00:00' AIRFLOW_CTX_TRY_NUMBER='1' AIRFLOW_CTX_DAG_RUN_ID='scheduled__2023-01-11T00:00:00+00:00'
[2023-09-04T14:35:34.298+0000] {s3.py:106} INFO - Poking for key : s3://***/data.csv
[2023-09-04T14:35:34.344+0000] {base.py:73} INFO - Using connection ID 'minio_conn' for task execution.
[2023-09-04T14:35:34.350+0000] {connection_wrapper.py:343} INFO - AWS Connection (conn_id='minio_conn', conn_type='aws') credentials retrieved from extra.
[2023-09-04T14:35:39.166+0000] {taskinstance.py:1943} ERROR - Task failed with exception
Traceback (most recent call last):
  File "/home/airflow/.local/lib/python3.8/site-packages/airflow/providers/amazon/aws/sensors/s3.py", line 144, in execute
    super().execute(context)
  File "/home/airflow/.local/lib/python3.8/site-packages/airflow/sensors/base.py", line 251, in execute
    raise e
  File "/home/airflow/.local/lib/python3.8/site-packages/airflow/sensors/base.py", line 238, in execute
    poke_return = self.poke(context)
  File "/home/airflow/.local/lib/python3.8/site-packages/airflow/providers/amazon/aws/sensors/s3.py", line 137, in poke
    return self._check_key(self.bucket_key)
  File "/home/airflow/.local/lib/python3.8/site-packages/airflow/providers/amazon/aws/sensors/s3.py", line 125, in _check_key
    obj = self.hook.head_object(key, bucket_name)
  File "/home/airflow/.local/lib/python3.8/site-packages/airflow/providers/amazon/aws/hooks/s3.py", line 138, in wrapper
    return func(*bound_args.args, **bound_args.kwargs)
  File "/home/airflow/.local/lib/python3.8/site-packages/airflow/providers/amazon/aws/hooks/s3.py", line 92, in wrapper
    return func(*bound_args.args, **bound_args.kwargs)
  File "/home/airflow/.local/lib/python3.8/site-packages/airflow/providers/amazon/aws/hooks/s3.py", line 886, in head_object
    raise e
  File "/home/airflow/.local/lib/python3.8/site-packages/airflow/providers/amazon/aws/hooks/s3.py", line 881, in head_object
    return self.get_conn().head_object(Bucket=bucket_name, Key=key)
  File "/home/airflow/.local/lib/python3.8/site-packages/botocore/client.py", line 535, in _api_call
    return self._make_api_call(operation_name, kwargs)
  File "/home/airflow/.local/lib/python3.8/site-packages/botocore/client.py", line 980, in _make_api_call
    raise error_class(parsed_response, operation_name)
botocore.exceptions.ClientError: An error occurred (403) when calling the HeadObject operation: Forbidden
[2023-09-04T14:35:39.176+0000] {taskinstance.py:1400} INFO - Marking task as UP_FOR_RETRY. dag_id=minio_s3_v01, task_id=sensor_minio_s3, execution_date=20230111T000000, start_date=20230904T143533, end_date=20230904T143539
[2023-09-04T14:35:39.272+0000] {standard_task_runner.py:104} ERROR - Failed to execute job 3718 for task sensor_minio_s3 (An error occurred (403) when calling the HeadObject operation: Forbidden; 10485)
[2023-09-04T14:35:39.310+0000] {local_task_job_runner.py:228} INFO - Task exited with return code 1
[2023-09-04T14:35:39.329+0000] {taskinstance.py:2784} INFO - 0 downstream tasks scheduled from follow-on schedule check
