[2023-09-04T12:32:46.817+0000] {taskinstance.py:1159} INFO - Dependencies all met for dep_context=non-requeueable deps ti=<TaskInstance: dags_with_python_dependencies_v03.get_sklearn scheduled__2023-01-04T00:00:00+00:00 [queued]>
[2023-09-04T12:32:46.833+0000] {taskinstance.py:1159} INFO - Dependencies all met for dep_context=requeueable deps ti=<TaskInstance: dags_with_python_dependencies_v03.get_sklearn scheduled__2023-01-04T00:00:00+00:00 [queued]>
[2023-09-04T12:32:46.834+0000] {taskinstance.py:1361} INFO - Starting attempt 1 of 6
[2023-09-04T12:32:46.951+0000] {taskinstance.py:1382} INFO - Executing <Task(PythonOperator): get_sklearn> on 2023-01-04 00:00:00+00:00
[2023-09-04T12:32:46.961+0000] {standard_task_runner.py:57} INFO - Started process 1333 to run task
[2023-09-04T12:32:46.965+0000] {standard_task_runner.py:84} INFO - Running: ['***', 'tasks', 'run', 'dags_with_python_dependencies_v03', 'get_sklearn', 'scheduled__2023-01-04T00:00:00+00:00', '--job-id', '3326', '--raw', '--subdir', 'DAGS_FOLDER/dags_with_python_dependencies.py', '--cfg-path', '/tmp/tmponfs93mm']
[2023-09-04T12:32:46.968+0000] {standard_task_runner.py:85} INFO - Job 3326: Subtask get_sklearn
[2023-09-04T12:32:47.035+0000] {task_command.py:415} INFO - Running <TaskInstance: dags_with_python_dependencies_v03.get_sklearn scheduled__2023-01-04T00:00:00+00:00 [running]> on host 55ba52c92856
[2023-09-04T12:32:47.146+0000] {taskinstance.py:1660} INFO - Exporting env vars: AIRFLOW_CTX_DAG_OWNER='mohghaff' AIRFLOW_CTX_DAG_ID='dags_with_python_dependencies_v03' AIRFLOW_CTX_TASK_ID='get_sklearn' AIRFLOW_CTX_EXECUTION_DATE='2023-01-04T00:00:00+00:00' AIRFLOW_CTX_TRY_NUMBER='1' AIRFLOW_CTX_DAG_RUN_ID='scheduled__2023-01-04T00:00:00+00:00'
[2023-09-04T12:32:47.149+0000] {taskinstance.py:1943} ERROR - Task failed with exception
Traceback (most recent call last):
  File "/home/airflow/.local/lib/python3.8/site-packages/airflow/operators/python.py", line 192, in execute
    return_value = self.execute_callable()
  File "/home/airflow/.local/lib/python3.8/site-packages/airflow/operators/python.py", line 209, in execute_callable
    return self.python_callable(*self.op_args, **self.op_kwargs)
  File "/opt/airflow/dags/dags_with_python_dependencies.py", line 16, in get_sklearn
    import sklearn
ModuleNotFoundError: No module named 'sklearn'
[2023-09-04T12:32:47.161+0000] {taskinstance.py:1400} INFO - Marking task as UP_FOR_RETRY. dag_id=dags_with_python_dependencies_v03, task_id=get_sklearn, execution_date=20230104T000000, start_date=20230904T123246, end_date=20230904T123247
[2023-09-04T12:32:47.178+0000] {standard_task_runner.py:104} ERROR - Failed to execute job 3326 for task get_sklearn (No module named 'sklearn'; 1333)
[2023-09-04T12:32:47.217+0000] {local_task_job_runner.py:228} INFO - Task exited with return code 1
[2023-09-04T12:32:47.258+0000] {taskinstance.py:2784} INFO - 0 downstream tasks scheduled from follow-on schedule check
[2023-09-04T12:39:42.060+0000] {taskinstance.py:1159} INFO - Dependencies all met for dep_context=non-requeueable deps ti=<TaskInstance: dags_with_python_dependencies_v03.get_sklearn scheduled__2023-01-04T00:00:00+00:00 [queued]>
[2023-09-04T12:39:42.078+0000] {taskinstance.py:1159} INFO - Dependencies all met for dep_context=requeueable deps ti=<TaskInstance: dags_with_python_dependencies_v03.get_sklearn scheduled__2023-01-04T00:00:00+00:00 [queued]>
[2023-09-04T12:39:42.079+0000] {taskinstance.py:1361} INFO - Starting attempt 1 of 6
[2023-09-04T12:39:42.110+0000] {taskinstance.py:1382} INFO - Executing <Task(PythonOperator): get_sklearn> on 2023-01-04 00:00:00+00:00
[2023-09-04T12:39:42.126+0000] {standard_task_runner.py:57} INFO - Started process 1937 to run task
[2023-09-04T12:39:42.135+0000] {standard_task_runner.py:84} INFO - Running: ['***', 'tasks', 'run', 'dags_with_python_dependencies_v03', 'get_sklearn', 'scheduled__2023-01-04T00:00:00+00:00', '--job-id', '3343', '--raw', '--subdir', 'DAGS_FOLDER/dags_with_python_dependencies.py', '--cfg-path', '/tmp/tmpx1uc87fb']
[2023-09-04T12:39:42.139+0000] {standard_task_runner.py:85} INFO - Job 3343: Subtask get_sklearn
[2023-09-04T12:39:42.257+0000] {task_command.py:415} INFO - Running <TaskInstance: dags_with_python_dependencies_v03.get_sklearn scheduled__2023-01-04T00:00:00+00:00 [running]> on host 55ba52c92856
[2023-09-04T12:39:42.416+0000] {taskinstance.py:1660} INFO - Exporting env vars: AIRFLOW_CTX_DAG_OWNER='mohghaff' AIRFLOW_CTX_DAG_ID='dags_with_python_dependencies_v03' AIRFLOW_CTX_TASK_ID='get_sklearn' AIRFLOW_CTX_EXECUTION_DATE='2023-01-04T00:00:00+00:00' AIRFLOW_CTX_TRY_NUMBER='1' AIRFLOW_CTX_DAG_RUN_ID='scheduled__2023-01-04T00:00:00+00:00'
[2023-09-04T12:39:42.419+0000] {taskinstance.py:1943} ERROR - Task failed with exception
Traceback (most recent call last):
  File "/home/airflow/.local/lib/python3.8/site-packages/airflow/operators/python.py", line 192, in execute
    return_value = self.execute_callable()
  File "/home/airflow/.local/lib/python3.8/site-packages/airflow/operators/python.py", line 209, in execute_callable
    return self.python_callable(*self.op_args, **self.op_kwargs)
  File "/opt/airflow/dags/dags_with_python_dependencies.py", line 16, in get_sklearn
    import sklearn
ModuleNotFoundError: No module named 'sklearn'
[2023-09-04T12:39:42.436+0000] {taskinstance.py:1400} INFO - Marking task as UP_FOR_RETRY. dag_id=dags_with_python_dependencies_v03, task_id=get_sklearn, execution_date=20230104T000000, start_date=20230904T123942, end_date=20230904T123942
[2023-09-04T12:39:42.460+0000] {standard_task_runner.py:104} ERROR - Failed to execute job 3343 for task get_sklearn (No module named 'sklearn'; 1937)
[2023-09-04T12:39:42.505+0000] {local_task_job_runner.py:228} INFO - Task exited with return code 1
[2023-09-04T12:39:42.656+0000] {taskinstance.py:2784} INFO - 0 downstream tasks scheduled from follow-on schedule check
