[2023-09-04T06:02:09.752+0000] {taskinstance.py:1159} INFO - Dependencies all met for dep_context=non-requeueable deps ti=<TaskInstance: dag_with_postgres_operator_v04.create_postgres_table scheduled__2022-03-07T00:00:00+00:00 [queued]>
[2023-09-04T06:02:09.766+0000] {taskinstance.py:1159} INFO - Dependencies all met for dep_context=requeueable deps ti=<TaskInstance: dag_with_postgres_operator_v04.create_postgres_table scheduled__2022-03-07T00:00:00+00:00 [queued]>
[2023-09-04T06:02:09.767+0000] {taskinstance.py:1361} INFO - Starting attempt 1 of 6
[2023-09-04T06:02:09.873+0000] {taskinstance.py:1382} INFO - Executing <Task(PostgresOperator): create_postgres_table> on 2022-03-07 00:00:00+00:00
[2023-09-04T06:02:09.883+0000] {standard_task_runner.py:57} INFO - Started process 5167 to run task
[2023-09-04T06:02:09.887+0000] {standard_task_runner.py:84} INFO - Running: ['***', 'tasks', 'run', 'dag_with_postgres_operator_v04', 'create_postgres_table', 'scheduled__2022-03-07T00:00:00+00:00', '--job-id', '366', '--raw', '--subdir', 'DAGS_FOLDER/dag_with_postgres_operator.py', '--cfg-path', '/tmp/tmp59w0_9q3']
[2023-09-04T06:02:09.889+0000] {standard_task_runner.py:85} INFO - Job 366: Subtask create_postgres_table
[2023-09-04T06:02:09.977+0000] {task_command.py:415} INFO - Running <TaskInstance: dag_with_postgres_operator_v04.create_postgres_table scheduled__2022-03-07T00:00:00+00:00 [running]> on host 10bdc2e98230
[2023-09-04T06:02:10.129+0000] {taskinstance.py:1660} INFO - Exporting env vars: AIRFLOW_CTX_DAG_OWNER='coder2j' AIRFLOW_CTX_DAG_ID='dag_with_postgres_operator_v04' AIRFLOW_CTX_TASK_ID='create_postgres_table' AIRFLOW_CTX_EXECUTION_DATE='2022-03-07T00:00:00+00:00' AIRFLOW_CTX_TRY_NUMBER='1' AIRFLOW_CTX_DAG_RUN_ID='scheduled__2022-03-07T00:00:00+00:00'
[2023-09-04T06:02:10.131+0000] {sql.py:274} INFO - Executing: 
            create table if not exists dag_runs (
                dt date,
                dag_id character varying,
                primary key (dt, dag_id)
            )
        
[2023-09-04T06:02:10.143+0000] {base.py:73} INFO - Using connection ID 'postgres_localhost' for task execution.
[2023-09-04T06:02:10.154+0000] {base.py:73} INFO - Using connection ID 'postgres_localhost' for task execution.
[2023-09-04T06:02:10.169+0000] {sql.py:418} INFO - Running statement: 
            create table if not exists dag_runs (
                dt date,
                dag_id character varying,
                primary key (dt, dag_id)
            )
        , parameters: None
[2023-09-04T06:02:10.192+0000] {taskinstance.py:1400} INFO - Marking task as SUCCESS. dag_id=dag_with_postgres_operator_v04, task_id=create_postgres_table, execution_date=20220307T000000, start_date=20230904T060209, end_date=20230904T060210
[2023-09-04T06:02:10.262+0000] {local_task_job_runner.py:228} INFO - Task exited with return code 0
[2023-09-04T06:02:10.452+0000] {taskinstance.py:2784} INFO - 0 downstream tasks scheduled from follow-on schedule check
[2023-09-04T06:04:46.758+0000] {taskinstance.py:1159} INFO - Dependencies all met for dep_context=non-requeueable deps ti=<TaskInstance: dag_with_postgres_operator_v04.create_postgres_table scheduled__2022-03-07T00:00:00+00:00 [queued]>
[2023-09-04T06:04:46.794+0000] {taskinstance.py:1159} INFO - Dependencies all met for dep_context=requeueable deps ti=<TaskInstance: dag_with_postgres_operator_v04.create_postgres_table scheduled__2022-03-07T00:00:00+00:00 [queued]>
[2023-09-04T06:04:46.795+0000] {taskinstance.py:1361} INFO - Starting attempt 1 of 6
[2023-09-04T06:04:46.856+0000] {taskinstance.py:1382} INFO - Executing <Task(PostgresOperator): create_postgres_table> on 2022-03-07 00:00:00+00:00
[2023-09-04T06:04:46.867+0000] {standard_task_runner.py:57} INFO - Started process 6412 to run task
[2023-09-04T06:04:46.884+0000] {standard_task_runner.py:84} INFO - Running: ['***', 'tasks', 'run', 'dag_with_postgres_operator_v04', 'create_postgres_table', 'scheduled__2022-03-07T00:00:00+00:00', '--job-id', '891', '--raw', '--subdir', 'DAGS_FOLDER/dag_with_postgres_operator.py', '--cfg-path', '/tmp/tmpqoqv_t0t']
[2023-09-04T06:04:46.889+0000] {standard_task_runner.py:85} INFO - Job 891: Subtask create_postgres_table
[2023-09-04T06:04:47.024+0000] {task_command.py:415} INFO - Running <TaskInstance: dag_with_postgres_operator_v04.create_postgres_table scheduled__2022-03-07T00:00:00+00:00 [running]> on host 10bdc2e98230
[2023-09-04T06:04:47.298+0000] {taskinstance.py:1660} INFO - Exporting env vars: AIRFLOW_CTX_DAG_OWNER='mohghaff' AIRFLOW_CTX_DAG_ID='dag_with_postgres_operator_v04' AIRFLOW_CTX_TASK_ID='create_postgres_table' AIRFLOW_CTX_EXECUTION_DATE='2022-03-07T00:00:00+00:00' AIRFLOW_CTX_TRY_NUMBER='1' AIRFLOW_CTX_DAG_RUN_ID='scheduled__2022-03-07T00:00:00+00:00'
[2023-09-04T06:04:47.300+0000] {sql.py:274} INFO - Executing: 
            create table if not exists dag_runs (
                dt date,
                dag_id character varying,
                primary key (dt, dag_id)
            )
        
[2023-09-04T06:04:47.326+0000] {base.py:73} INFO - Using connection ID 'postgres_localhost' for task execution.
[2023-09-04T06:04:47.350+0000] {base.py:73} INFO - Using connection ID 'postgres_localhost' for task execution.
[2023-09-04T06:04:47.386+0000] {sql.py:418} INFO - Running statement: 
            create table if not exists dag_runs (
                dt date,
                dag_id character varying,
                primary key (dt, dag_id)
            )
        , parameters: None
[2023-09-04T06:04:47.447+0000] {taskinstance.py:1400} INFO - Marking task as SUCCESS. dag_id=dag_with_postgres_operator_v04, task_id=create_postgres_table, execution_date=20220307T000000, start_date=20230904T060446, end_date=20230904T060447
[2023-09-04T06:04:47.531+0000] {local_task_job_runner.py:228} INFO - Task exited with return code 0
[2023-09-04T06:04:47.620+0000] {taskinstance.py:2784} INFO - 1 downstream tasks scheduled from follow-on schedule check
