[2023-09-04T00:00:00.973+0000] {taskinstance.py:1159} INFO - Dependencies all met for dep_context=non-requeueable deps ti=<TaskInstance: myFirstDag_v5.first_task scheduled__2023-09-03T00:00:00+00:00 [queued]>
[2023-09-04T00:00:00.983+0000] {taskinstance.py:1159} INFO - Dependencies all met for dep_context=requeueable deps ti=<TaskInstance: myFirstDag_v5.first_task scheduled__2023-09-03T00:00:00+00:00 [queued]>
[2023-09-04T00:00:00.984+0000] {taskinstance.py:1361} INFO - Starting attempt 1 of 6
[2023-09-04T00:00:01.000+0000] {taskinstance.py:1382} INFO - Executing <Task(BashOperator): first_task> on 2023-09-03 00:00:00+00:00
[2023-09-04T00:00:01.005+0000] {standard_task_runner.py:57} INFO - Started process 2927 to run task
[2023-09-04T00:00:01.008+0000] {standard_task_runner.py:84} INFO - Running: ['***', 'tasks', 'run', 'myFirstDag_v5', 'first_task', 'scheduled__2023-09-03T00:00:00+00:00', '--job-id', '23', '--raw', '--subdir', 'DAGS_FOLDER/my_first_dag.py', '--cfg-path', '/tmp/tmpn1nb96jf']
[2023-09-04T00:00:01.011+0000] {standard_task_runner.py:85} INFO - Job 23: Subtask first_task
[2023-09-04T00:00:01.064+0000] {task_command.py:415} INFO - Running <TaskInstance: myFirstDag_v5.first_task scheduled__2023-09-03T00:00:00+00:00 [running]> on host 01961fb83b4d
[2023-09-04T00:00:01.169+0000] {taskinstance.py:1660} INFO - Exporting env vars: AIRFLOW_CTX_DAG_OWNER='Mohghaff' AIRFLOW_CTX_DAG_ID='myFirstDag_v5' AIRFLOW_CTX_TASK_ID='first_task' AIRFLOW_CTX_EXECUTION_DATE='2023-09-03T00:00:00+00:00' AIRFLOW_CTX_TRY_NUMBER='1' AIRFLOW_CTX_DAG_RUN_ID='scheduled__2023-09-03T00:00:00+00:00'
[2023-09-04T00:00:01.171+0000] {subprocess.py:63} INFO - Tmp dir root location: /tmp
[2023-09-04T00:00:01.172+0000] {subprocess.py:75} INFO - Running command: ['/bin/bash', '-c', 'echo Hello world! This is my first task!']
[2023-09-04T00:00:01.183+0000] {subprocess.py:86} INFO - Output:
[2023-09-04T00:00:01.189+0000] {subprocess.py:93} INFO - Hello world! This is my first task!
[2023-09-04T00:00:01.190+0000] {subprocess.py:97} INFO - Command exited with return code 0
[2023-09-04T00:00:01.222+0000] {taskinstance.py:1400} INFO - Marking task as SUCCESS. dag_id=myFirstDag_v5, task_id=first_task, execution_date=20230903T000000, start_date=20230904T000000, end_date=20230904T000001
[2023-09-04T00:00:01.261+0000] {local_task_job_runner.py:228} INFO - Task exited with return code 0
[2023-09-04T00:00:01.288+0000] {taskinstance.py:2784} INFO - 2 downstream tasks scheduled from follow-on schedule check
[2023-09-04T01:18:09.918+0000] {taskinstance.py:1159} INFO - Dependencies all met for dep_context=non-requeueable deps ti=<TaskInstance: myFirstDag_v5.first_task scheduled__2023-09-03T00:00:00+00:00 [queued]>
[2023-09-04T01:18:09.935+0000] {taskinstance.py:1159} INFO - Dependencies all met for dep_context=requeueable deps ti=<TaskInstance: myFirstDag_v5.first_task scheduled__2023-09-03T00:00:00+00:00 [queued]>
[2023-09-04T01:18:09.935+0000] {taskinstance.py:1361} INFO - Starting attempt 1 of 6
[2023-09-04T01:18:09.954+0000] {taskinstance.py:1382} INFO - Executing <Task(BashOperator): first_task> on 2023-09-03 00:00:00+00:00
[2023-09-04T01:18:09.962+0000] {standard_task_runner.py:57} INFO - Started process 2170 to run task
[2023-09-04T01:18:09.966+0000] {standard_task_runner.py:84} INFO - Running: ['***', 'tasks', 'run', 'myFirstDag_v5', 'first_task', 'scheduled__2023-09-03T00:00:00+00:00', '--job-id', '18', '--raw', '--subdir', 'DAGS_FOLDER/my_first_dag.py', '--cfg-path', '/tmp/tmpg1e0llwp']
[2023-09-04T01:18:09.968+0000] {standard_task_runner.py:85} INFO - Job 18: Subtask first_task
[2023-09-04T01:18:10.025+0000] {task_command.py:415} INFO - Running <TaskInstance: myFirstDag_v5.first_task scheduled__2023-09-03T00:00:00+00:00 [running]> on host 76ca4e092fc1
[2023-09-04T01:18:10.130+0000] {taskinstance.py:1660} INFO - Exporting env vars: AIRFLOW_CTX_DAG_OWNER='Mohghaff' AIRFLOW_CTX_DAG_ID='myFirstDag_v5' AIRFLOW_CTX_TASK_ID='first_task' AIRFLOW_CTX_EXECUTION_DATE='2023-09-03T00:00:00+00:00' AIRFLOW_CTX_TRY_NUMBER='1' AIRFLOW_CTX_DAG_RUN_ID='scheduled__2023-09-03T00:00:00+00:00'
[2023-09-04T01:18:10.132+0000] {subprocess.py:63} INFO - Tmp dir root location: /tmp
[2023-09-04T01:18:10.133+0000] {subprocess.py:75} INFO - Running command: ['/bin/bash', '-c', 'echo Hello world! This is my first task!']
[2023-09-04T01:18:10.147+0000] {subprocess.py:86} INFO - Output:
[2023-09-04T01:18:10.153+0000] {subprocess.py:93} INFO - Hello world! This is my first task!
[2023-09-04T01:18:10.153+0000] {subprocess.py:97} INFO - Command exited with return code 0
[2023-09-04T01:18:10.184+0000] {taskinstance.py:1400} INFO - Marking task as SUCCESS. dag_id=myFirstDag_v5, task_id=first_task, execution_date=20230903T000000, start_date=20230904T011809, end_date=20230904T011810
[2023-09-04T01:18:10.219+0000] {local_task_job_runner.py:228} INFO - Task exited with return code 0
[2023-09-04T01:18:10.247+0000] {taskinstance.py:2784} INFO - 2 downstream tasks scheduled from follow-on schedule check
