[2023-09-04T06:02:41.213+0000] {taskinstance.py:1159} INFO - Dependencies all met for dep_context=non-requeueable deps ti=<TaskInstance: dag_with_postgres_operator_v04.delete_data_from_table scheduled__2022-04-17T00:00:00+00:00 [queued]>
[2023-09-04T06:02:41.230+0000] {taskinstance.py:1159} INFO - Dependencies all met for dep_context=requeueable deps ti=<TaskInstance: dag_with_postgres_operator_v04.delete_data_from_table scheduled__2022-04-17T00:00:00+00:00 [queued]>
[2023-09-04T06:02:41.231+0000] {taskinstance.py:1361} INFO - Starting attempt 1 of 6
[2023-09-04T06:02:41.255+0000] {taskinstance.py:1382} INFO - Executing <Task(PostgresOperator): delete_data_from_table> on 2022-04-17 00:00:00+00:00
[2023-09-04T06:02:41.263+0000] {standard_task_runner.py:57} INFO - Started process 5445 to run task
[2023-09-04T06:02:41.266+0000] {standard_task_runner.py:84} INFO - Running: ['***', 'tasks', 'run', 'dag_with_postgres_operator_v04', 'delete_data_from_table', 'scheduled__2022-04-17T00:00:00+00:00', '--job-id', '486', '--raw', '--subdir', 'DAGS_FOLDER/dag_with_postgres_operator.py', '--cfg-path', '/tmp/tmpl7w2e_18']
[2023-09-04T06:02:41.269+0000] {standard_task_runner.py:85} INFO - Job 486: Subtask delete_data_from_table
[2023-09-04T06:02:41.333+0000] {task_command.py:415} INFO - Running <TaskInstance: dag_with_postgres_operator_v04.delete_data_from_table scheduled__2022-04-17T00:00:00+00:00 [running]> on host 10bdc2e98230
[2023-09-04T06:02:41.437+0000] {taskinstance.py:1660} INFO - Exporting env vars: AIRFLOW_CTX_DAG_OWNER='coder2j' AIRFLOW_CTX_DAG_ID='dag_with_postgres_operator_v04' AIRFLOW_CTX_TASK_ID='delete_data_from_table' AIRFLOW_CTX_EXECUTION_DATE='2022-04-17T00:00:00+00:00' AIRFLOW_CTX_TRY_NUMBER='1' AIRFLOW_CTX_DAG_RUN_ID='scheduled__2022-04-17T00:00:00+00:00'
[2023-09-04T06:02:41.438+0000] {sql.py:274} INFO - Executing: 
            delete from dag_runs where dt = '2022-04-17' and dag_id = 'dag_with_postgres_operator_v04';
        
[2023-09-04T06:02:41.446+0000] {base.py:73} INFO - Using connection ID 'postgres_localhost' for task execution.
[2023-09-04T06:02:41.455+0000] {base.py:73} INFO - Using connection ID 'postgres_localhost' for task execution.
[2023-09-04T06:02:41.466+0000] {sql.py:418} INFO - Running statement: 
            delete from dag_runs where dt = '2022-04-17' and dag_id = 'dag_with_postgres_operator_v04';
        , parameters: None
[2023-09-04T06:02:41.471+0000] {sql.py:427} INFO - Rows affected: 0
[2023-09-04T06:02:41.482+0000] {taskinstance.py:1400} INFO - Marking task as SUCCESS. dag_id=dag_with_postgres_operator_v04, task_id=delete_data_from_table, execution_date=20220417T000000, start_date=20230904T060241, end_date=20230904T060241
[2023-09-04T06:02:41.520+0000] {local_task_job_runner.py:228} INFO - Task exited with return code 0
[2023-09-04T06:02:41.542+0000] {taskinstance.py:2784} INFO - 1 downstream tasks scheduled from follow-on schedule check
[2023-09-04T06:05:25.633+0000] {taskinstance.py:1159} INFO - Dependencies all met for dep_context=non-requeueable deps ti=<TaskInstance: dag_with_postgres_operator_v04.delete_data_from_table scheduled__2022-04-17T00:00:00+00:00 [queued]>
[2023-09-04T06:05:25.683+0000] {taskinstance.py:1159} INFO - Dependencies all met for dep_context=requeueable deps ti=<TaskInstance: dag_with_postgres_operator_v04.delete_data_from_table scheduled__2022-04-17T00:00:00+00:00 [queued]>
[2023-09-04T06:05:25.686+0000] {taskinstance.py:1361} INFO - Starting attempt 1 of 6
[2023-09-04T06:05:26.178+0000] {taskinstance.py:1382} INFO - Executing <Task(PostgresOperator): delete_data_from_table> on 2022-04-17 00:00:00+00:00
[2023-09-04T06:05:26.205+0000] {standard_task_runner.py:57} INFO - Started process 6742 to run task
[2023-09-04T06:05:26.216+0000] {standard_task_runner.py:84} INFO - Running: ['***', 'tasks', 'run', 'dag_with_postgres_operator_v04', 'delete_data_from_table', 'scheduled__2022-04-17T00:00:00+00:00', '--job-id', '1032', '--raw', '--subdir', 'DAGS_FOLDER/dag_with_postgres_operator.py', '--cfg-path', '/tmp/tmpe9r5ebvc']
[2023-09-04T06:05:26.226+0000] {standard_task_runner.py:85} INFO - Job 1032: Subtask delete_data_from_table
[2023-09-04T06:05:26.456+0000] {task_command.py:415} INFO - Running <TaskInstance: dag_with_postgres_operator_v04.delete_data_from_table scheduled__2022-04-17T00:00:00+00:00 [running]> on host 10bdc2e98230
[2023-09-04T06:05:26.714+0000] {taskinstance.py:1660} INFO - Exporting env vars: AIRFLOW_CTX_DAG_OWNER='mohghaff' AIRFLOW_CTX_DAG_ID='dag_with_postgres_operator_v04' AIRFLOW_CTX_TASK_ID='delete_data_from_table' AIRFLOW_CTX_EXECUTION_DATE='2022-04-17T00:00:00+00:00' AIRFLOW_CTX_TRY_NUMBER='1' AIRFLOW_CTX_DAG_RUN_ID='scheduled__2022-04-17T00:00:00+00:00'
[2023-09-04T06:05:26.716+0000] {sql.py:274} INFO - Executing: 
            delete from dag_runs where dt = '2022-04-17' and dag_id = 'dag_with_postgres_operator_v04';
        
[2023-09-04T06:05:26.734+0000] {base.py:73} INFO - Using connection ID 'postgres_localhost' for task execution.
[2023-09-04T06:05:26.753+0000] {base.py:73} INFO - Using connection ID 'postgres_localhost' for task execution.
[2023-09-04T06:05:26.787+0000] {sql.py:418} INFO - Running statement: 
            delete from dag_runs where dt = '2022-04-17' and dag_id = 'dag_with_postgres_operator_v04';
        , parameters: None
[2023-09-04T06:05:26.800+0000] {sql.py:427} INFO - Rows affected: 1
[2023-09-04T06:05:26.837+0000] {taskinstance.py:1400} INFO - Marking task as SUCCESS. dag_id=dag_with_postgres_operator_v04, task_id=delete_data_from_table, execution_date=20220417T000000, start_date=20230904T060525, end_date=20230904T060526
[2023-09-04T06:05:26.925+0000] {local_task_job_runner.py:228} INFO - Task exited with return code 0
[2023-09-04T06:05:27.330+0000] {taskinstance.py:2784} INFO - 0 downstream tasks scheduled from follow-on schedule check
