[2023-09-04T06:02:42.892+0000] {taskinstance.py:1159} INFO - Dependencies all met for dep_context=non-requeueable deps ti=<TaskInstance: dag_with_postgres_operator_v04.insert_into_table scheduled__2022-04-15T00:00:00+00:00 [queued]>
[2023-09-04T06:02:42.905+0000] {taskinstance.py:1159} INFO - Dependencies all met for dep_context=requeueable deps ti=<TaskInstance: dag_with_postgres_operator_v04.insert_into_table scheduled__2022-04-15T00:00:00+00:00 [queued]>
[2023-09-04T06:02:42.905+0000] {taskinstance.py:1361} INFO - Starting attempt 1 of 6
[2023-09-04T06:02:42.925+0000] {taskinstance.py:1382} INFO - Executing <Task(PostgresOperator): insert_into_table> on 2022-04-15 00:00:00+00:00
[2023-09-04T06:02:42.934+0000] {standard_task_runner.py:57} INFO - Started process 5459 to run task
[2023-09-04T06:02:42.937+0000] {standard_task_runner.py:84} INFO - Running: ['***', 'tasks', 'run', 'dag_with_postgres_operator_v04', 'insert_into_table', 'scheduled__2022-04-15T00:00:00+00:00', '--job-id', '494', '--raw', '--subdir', 'DAGS_FOLDER/dag_with_postgres_operator.py', '--cfg-path', '/tmp/tmp3g5ky_6d']
[2023-09-04T06:02:42.940+0000] {standard_task_runner.py:85} INFO - Job 494: Subtask insert_into_table
[2023-09-04T06:02:43.006+0000] {task_command.py:415} INFO - Running <TaskInstance: dag_with_postgres_operator_v04.insert_into_table scheduled__2022-04-15T00:00:00+00:00 [running]> on host 10bdc2e98230
[2023-09-04T06:02:43.117+0000] {taskinstance.py:1660} INFO - Exporting env vars: AIRFLOW_CTX_DAG_OWNER='coder2j' AIRFLOW_CTX_DAG_ID='dag_with_postgres_operator_v04' AIRFLOW_CTX_TASK_ID='insert_into_table' AIRFLOW_CTX_EXECUTION_DATE='2022-04-15T00:00:00+00:00' AIRFLOW_CTX_TRY_NUMBER='1' AIRFLOW_CTX_DAG_RUN_ID='scheduled__2022-04-15T00:00:00+00:00'
[2023-09-04T06:02:43.119+0000] {sql.py:274} INFO - Executing: 
            insert into dag_runs (dt, dag_id) values ('2022-04-15', 'dag_with_postgres_operator_v04')
        
[2023-09-04T06:02:43.130+0000] {base.py:73} INFO - Using connection ID 'postgres_localhost' for task execution.
[2023-09-04T06:02:43.140+0000] {base.py:73} INFO - Using connection ID 'postgres_localhost' for task execution.
[2023-09-04T06:02:43.152+0000] {sql.py:418} INFO - Running statement: 
            insert into dag_runs (dt, dag_id) values ('2022-04-15', 'dag_with_postgres_operator_v04')
        , parameters: None
[2023-09-04T06:02:43.157+0000] {sql.py:427} INFO - Rows affected: 1
[2023-09-04T06:02:43.171+0000] {taskinstance.py:1400} INFO - Marking task as SUCCESS. dag_id=dag_with_postgres_operator_v04, task_id=insert_into_table, execution_date=20220415T000000, start_date=20230904T060242, end_date=20230904T060243
[2023-09-04T06:02:43.190+0000] {local_task_job_runner.py:228} INFO - Task exited with return code 0
[2023-09-04T06:02:43.206+0000] {taskinstance.py:2784} INFO - 0 downstream tasks scheduled from follow-on schedule check
[2023-09-04T06:05:29.107+0000] {taskinstance.py:1159} INFO - Dependencies all met for dep_context=non-requeueable deps ti=<TaskInstance: dag_with_postgres_operator_v04.insert_into_table scheduled__2022-04-15T00:00:00+00:00 [queued]>
[2023-09-04T06:05:29.129+0000] {taskinstance.py:1159} INFO - Dependencies all met for dep_context=requeueable deps ti=<TaskInstance: dag_with_postgres_operator_v04.insert_into_table scheduled__2022-04-15T00:00:00+00:00 [queued]>
[2023-09-04T06:05:29.130+0000] {taskinstance.py:1361} INFO - Starting attempt 1 of 6
[2023-09-04T06:05:29.155+0000] {taskinstance.py:1382} INFO - Executing <Task(PostgresOperator): insert_into_table> on 2022-04-15 00:00:00+00:00
[2023-09-04T06:05:29.166+0000] {standard_task_runner.py:57} INFO - Started process 6778 to run task
[2023-09-04T06:05:29.169+0000] {standard_task_runner.py:84} INFO - Running: ['***', 'tasks', 'run', 'dag_with_postgres_operator_v04', 'insert_into_table', 'scheduled__2022-04-15T00:00:00+00:00', '--job-id', '1046', '--raw', '--subdir', 'DAGS_FOLDER/dag_with_postgres_operator.py', '--cfg-path', '/tmp/tmpkgg2swxa']
[2023-09-04T06:05:29.173+0000] {standard_task_runner.py:85} INFO - Job 1046: Subtask insert_into_table
[2023-09-04T06:05:29.270+0000] {task_command.py:415} INFO - Running <TaskInstance: dag_with_postgres_operator_v04.insert_into_table scheduled__2022-04-15T00:00:00+00:00 [running]> on host 10bdc2e98230
[2023-09-04T06:05:29.476+0000] {taskinstance.py:1660} INFO - Exporting env vars: AIRFLOW_CTX_DAG_OWNER='mohghaff' AIRFLOW_CTX_DAG_ID='dag_with_postgres_operator_v04' AIRFLOW_CTX_TASK_ID='insert_into_table' AIRFLOW_CTX_EXECUTION_DATE='2022-04-15T00:00:00+00:00' AIRFLOW_CTX_TRY_NUMBER='1' AIRFLOW_CTX_DAG_RUN_ID='scheduled__2022-04-15T00:00:00+00:00'
[2023-09-04T06:05:29.479+0000] {sql.py:274} INFO - Executing: 
            insert into dag_runs (dt, dag_id) values ('2022-04-15', 'dag_with_postgres_operator_v04')
        
[2023-09-04T06:05:29.499+0000] {base.py:73} INFO - Using connection ID 'postgres_localhost' for task execution.
[2023-09-04T06:05:29.518+0000] {base.py:73} INFO - Using connection ID 'postgres_localhost' for task execution.
[2023-09-04T06:05:29.544+0000] {sql.py:418} INFO - Running statement: 
            insert into dag_runs (dt, dag_id) values ('2022-04-15', 'dag_with_postgres_operator_v04')
        , parameters: None
[2023-09-04T06:05:29.552+0000] {sql.py:427} INFO - Rows affected: 1
[2023-09-04T06:05:29.585+0000] {taskinstance.py:1400} INFO - Marking task as SUCCESS. dag_id=dag_with_postgres_operator_v04, task_id=insert_into_table, execution_date=20220415T000000, start_date=20230904T060529, end_date=20230904T060529
[2023-09-04T06:05:29.665+0000] {local_task_job_runner.py:228} INFO - Task exited with return code 0
[2023-09-04T06:05:29.710+0000] {taskinstance.py:2784} INFO - 0 downstream tasks scheduled from follow-on schedule check
