[2023-09-04T06:01:56.212+0000] {taskinstance.py:1159} INFO - Dependencies all met for dep_context=non-requeueable deps ti=<TaskInstance: dag_with_postgres_operator_v04.insert_into_table scheduled__2022-02-21T00:00:00+00:00 [queued]>
[2023-09-04T06:01:56.223+0000] {taskinstance.py:1159} INFO - Dependencies all met for dep_context=requeueable deps ti=<TaskInstance: dag_with_postgres_operator_v04.insert_into_table scheduled__2022-02-21T00:00:00+00:00 [queued]>
[2023-09-04T06:01:56.223+0000] {taskinstance.py:1361} INFO - Starting attempt 1 of 6
[2023-09-04T06:01:56.242+0000] {taskinstance.py:1382} INFO - Executing <Task(PostgresOperator): insert_into_table> on 2022-02-21 00:00:00+00:00
[2023-09-04T06:01:56.248+0000] {standard_task_runner.py:57} INFO - Started process 5081 to run task
[2023-09-04T06:01:56.252+0000] {standard_task_runner.py:84} INFO - Running: ['***', 'tasks', 'run', 'dag_with_postgres_operator_v04', 'insert_into_table', 'scheduled__2022-02-21T00:00:00+00:00', '--job-id', '327', '--raw', '--subdir', 'DAGS_FOLDER/dag_with_postgres_operator.py', '--cfg-path', '/tmp/tmpzt070uuo']
[2023-09-04T06:01:56.254+0000] {standard_task_runner.py:85} INFO - Job 327: Subtask insert_into_table
[2023-09-04T06:01:56.322+0000] {task_command.py:415} INFO - Running <TaskInstance: dag_with_postgres_operator_v04.insert_into_table scheduled__2022-02-21T00:00:00+00:00 [running]> on host 10bdc2e98230
[2023-09-04T06:01:56.431+0000] {taskinstance.py:1660} INFO - Exporting env vars: AIRFLOW_CTX_DAG_OWNER='coder2j' AIRFLOW_CTX_DAG_ID='dag_with_postgres_operator_v04' AIRFLOW_CTX_TASK_ID='insert_into_table' AIRFLOW_CTX_EXECUTION_DATE='2022-02-21T00:00:00+00:00' AIRFLOW_CTX_TRY_NUMBER='1' AIRFLOW_CTX_DAG_RUN_ID='scheduled__2022-02-21T00:00:00+00:00'
[2023-09-04T06:01:56.432+0000] {sql.py:274} INFO - Executing: 
            insert into dag_runs (dt, dag_id) values ('2022-02-21', 'dag_with_postgres_operator_v04')
        
[2023-09-04T06:01:56.443+0000] {base.py:73} INFO - Using connection ID 'postgres_localhost' for task execution.
[2023-09-04T06:01:56.452+0000] {base.py:73} INFO - Using connection ID 'postgres_localhost' for task execution.
[2023-09-04T06:01:56.466+0000] {sql.py:418} INFO - Running statement: 
            insert into dag_runs (dt, dag_id) values ('2022-02-21', 'dag_with_postgres_operator_v04')
        , parameters: None
[2023-09-04T06:01:56.469+0000] {sql.py:427} INFO - Rows affected: 1
[2023-09-04T06:01:56.486+0000] {taskinstance.py:1400} INFO - Marking task as SUCCESS. dag_id=dag_with_postgres_operator_v04, task_id=insert_into_table, execution_date=20220221T000000, start_date=20230904T060156, end_date=20230904T060156
[2023-09-04T06:01:56.545+0000] {local_task_job_runner.py:228} INFO - Task exited with return code 0
[2023-09-04T06:01:56.565+0000] {taskinstance.py:2784} INFO - 0 downstream tasks scheduled from follow-on schedule check
[2023-09-04T06:04:47.386+0000] {taskinstance.py:1159} INFO - Dependencies all met for dep_context=non-requeueable deps ti=<TaskInstance: dag_with_postgres_operator_v04.insert_into_table scheduled__2022-02-21T00:00:00+00:00 [queued]>
[2023-09-04T06:04:47.440+0000] {taskinstance.py:1159} INFO - Dependencies all met for dep_context=requeueable deps ti=<TaskInstance: dag_with_postgres_operator_v04.insert_into_table scheduled__2022-02-21T00:00:00+00:00 [queued]>
[2023-09-04T06:04:47.443+0000] {taskinstance.py:1361} INFO - Starting attempt 1 of 6
[2023-09-04T06:04:47.518+0000] {taskinstance.py:1382} INFO - Executing <Task(PostgresOperator): insert_into_table> on 2022-02-21 00:00:00+00:00
[2023-09-04T06:04:47.531+0000] {standard_task_runner.py:57} INFO - Started process 6419 to run task
[2023-09-04T06:04:47.538+0000] {standard_task_runner.py:84} INFO - Running: ['***', 'tasks', 'run', 'dag_with_postgres_operator_v04', 'insert_into_table', 'scheduled__2022-02-21T00:00:00+00:00', '--job-id', '897', '--raw', '--subdir', 'DAGS_FOLDER/dag_with_postgres_operator.py', '--cfg-path', '/tmp/tmpir8xgy9c']
[2023-09-04T06:04:47.546+0000] {standard_task_runner.py:85} INFO - Job 897: Subtask insert_into_table
[2023-09-04T06:04:47.752+0000] {task_command.py:415} INFO - Running <TaskInstance: dag_with_postgres_operator_v04.insert_into_table scheduled__2022-02-21T00:00:00+00:00 [running]> on host 10bdc2e98230
[2023-09-04T06:04:48.089+0000] {taskinstance.py:1660} INFO - Exporting env vars: AIRFLOW_CTX_DAG_OWNER='mohghaff' AIRFLOW_CTX_DAG_ID='dag_with_postgres_operator_v04' AIRFLOW_CTX_TASK_ID='insert_into_table' AIRFLOW_CTX_EXECUTION_DATE='2022-02-21T00:00:00+00:00' AIRFLOW_CTX_TRY_NUMBER='1' AIRFLOW_CTX_DAG_RUN_ID='scheduled__2022-02-21T00:00:00+00:00'
[2023-09-04T06:04:48.092+0000] {sql.py:274} INFO - Executing: 
            insert into dag_runs (dt, dag_id) values ('2022-02-21', 'dag_with_postgres_operator_v04')
        
[2023-09-04T06:04:48.122+0000] {base.py:73} INFO - Using connection ID 'postgres_localhost' for task execution.
[2023-09-04T06:04:48.146+0000] {base.py:73} INFO - Using connection ID 'postgres_localhost' for task execution.
[2023-09-04T06:04:48.170+0000] {sql.py:418} INFO - Running statement: 
            insert into dag_runs (dt, dag_id) values ('2022-02-21', 'dag_with_postgres_operator_v04')
        , parameters: None
[2023-09-04T06:04:48.180+0000] {sql.py:427} INFO - Rows affected: 1
[2023-09-04T06:04:48.209+0000] {taskinstance.py:1400} INFO - Marking task as SUCCESS. dag_id=dag_with_postgres_operator_v04, task_id=insert_into_table, execution_date=20220221T000000, start_date=20230904T060447, end_date=20230904T060448
[2023-09-04T06:04:48.278+0000] {local_task_job_runner.py:228} INFO - Task exited with return code 0
[2023-09-04T06:04:48.333+0000] {taskinstance.py:2784} INFO - 0 downstream tasks scheduled from follow-on schedule check
