[2023-09-04T06:02:05.066+0000] {taskinstance.py:1159} INFO - Dependencies all met for dep_context=non-requeueable deps ti=<TaskInstance: dag_with_postgres_operator_v04.delete_data_from_table scheduled__2022-03-04T00:00:00+00:00 [queued]>
[2023-09-04T06:02:05.081+0000] {taskinstance.py:1159} INFO - Dependencies all met for dep_context=requeueable deps ti=<TaskInstance: dag_with_postgres_operator_v04.delete_data_from_table scheduled__2022-03-04T00:00:00+00:00 [queued]>
[2023-09-04T06:02:05.081+0000] {taskinstance.py:1361} INFO - Starting attempt 1 of 6
[2023-09-04T06:02:05.103+0000] {taskinstance.py:1382} INFO - Executing <Task(PostgresOperator): delete_data_from_table> on 2022-03-04 00:00:00+00:00
[2023-09-04T06:02:05.110+0000] {standard_task_runner.py:57} INFO - Started process 5138 to run task
[2023-09-04T06:02:05.116+0000] {standard_task_runner.py:84} INFO - Running: ['***', 'tasks', 'run', 'dag_with_postgres_operator_v04', 'delete_data_from_table', 'scheduled__2022-03-04T00:00:00+00:00', '--job-id', '354', '--raw', '--subdir', 'DAGS_FOLDER/dag_with_postgres_operator.py', '--cfg-path', '/tmp/tmp241zudq0']
[2023-09-04T06:02:05.119+0000] {standard_task_runner.py:85} INFO - Job 354: Subtask delete_data_from_table
[2023-09-04T06:02:05.198+0000] {task_command.py:415} INFO - Running <TaskInstance: dag_with_postgres_operator_v04.delete_data_from_table scheduled__2022-03-04T00:00:00+00:00 [running]> on host 10bdc2e98230
[2023-09-04T06:02:05.320+0000] {taskinstance.py:1660} INFO - Exporting env vars: AIRFLOW_CTX_DAG_OWNER='coder2j' AIRFLOW_CTX_DAG_ID='dag_with_postgres_operator_v04' AIRFLOW_CTX_TASK_ID='delete_data_from_table' AIRFLOW_CTX_EXECUTION_DATE='2022-03-04T00:00:00+00:00' AIRFLOW_CTX_TRY_NUMBER='1' AIRFLOW_CTX_DAG_RUN_ID='scheduled__2022-03-04T00:00:00+00:00'
[2023-09-04T06:02:05.322+0000] {sql.py:274} INFO - Executing: 
            delete from dag_runs where dt = '2022-03-04' and dag_id = 'dag_with_postgres_operator_v04';
        
[2023-09-04T06:02:05.333+0000] {base.py:73} INFO - Using connection ID 'postgres_localhost' for task execution.
[2023-09-04T06:02:05.344+0000] {base.py:73} INFO - Using connection ID 'postgres_localhost' for task execution.
[2023-09-04T06:02:05.357+0000] {sql.py:418} INFO - Running statement: 
            delete from dag_runs where dt = '2022-03-04' and dag_id = 'dag_with_postgres_operator_v04';
        , parameters: None
[2023-09-04T06:02:05.361+0000] {sql.py:427} INFO - Rows affected: 0
[2023-09-04T06:02:05.374+0000] {taskinstance.py:1400} INFO - Marking task as SUCCESS. dag_id=dag_with_postgres_operator_v04, task_id=delete_data_from_table, execution_date=20220304T000000, start_date=20230904T060205, end_date=20230904T060205
[2023-09-04T06:02:05.407+0000] {local_task_job_runner.py:228} INFO - Task exited with return code 0
[2023-09-04T06:02:05.434+0000] {taskinstance.py:2784} INFO - 1 downstream tasks scheduled from follow-on schedule check
[2023-09-04T06:04:48.173+0000] {taskinstance.py:1159} INFO - Dependencies all met for dep_context=non-requeueable deps ti=<TaskInstance: dag_with_postgres_operator_v04.delete_data_from_table scheduled__2022-03-04T00:00:00+00:00 [queued]>
[2023-09-04T06:04:48.205+0000] {taskinstance.py:1159} INFO - Dependencies all met for dep_context=requeueable deps ti=<TaskInstance: dag_with_postgres_operator_v04.delete_data_from_table scheduled__2022-03-04T00:00:00+00:00 [queued]>
[2023-09-04T06:04:48.205+0000] {taskinstance.py:1361} INFO - Starting attempt 1 of 6
[2023-09-04T06:04:48.236+0000] {taskinstance.py:1382} INFO - Executing <Task(PostgresOperator): delete_data_from_table> on 2022-03-04 00:00:00+00:00
[2023-09-04T06:04:48.245+0000] {standard_task_runner.py:57} INFO - Started process 6422 to run task
[2023-09-04T06:04:48.250+0000] {standard_task_runner.py:84} INFO - Running: ['***', 'tasks', 'run', 'dag_with_postgres_operator_v04', 'delete_data_from_table', 'scheduled__2022-03-04T00:00:00+00:00', '--job-id', '900', '--raw', '--subdir', 'DAGS_FOLDER/dag_with_postgres_operator.py', '--cfg-path', '/tmp/tmpk_7s5_mb']
[2023-09-04T06:04:48.254+0000] {standard_task_runner.py:85} INFO - Job 900: Subtask delete_data_from_table
[2023-09-04T06:04:48.414+0000] {task_command.py:415} INFO - Running <TaskInstance: dag_with_postgres_operator_v04.delete_data_from_table scheduled__2022-03-04T00:00:00+00:00 [running]> on host 10bdc2e98230
[2023-09-04T06:04:48.670+0000] {taskinstance.py:1660} INFO - Exporting env vars: AIRFLOW_CTX_DAG_OWNER='mohghaff' AIRFLOW_CTX_DAG_ID='dag_with_postgres_operator_v04' AIRFLOW_CTX_TASK_ID='delete_data_from_table' AIRFLOW_CTX_EXECUTION_DATE='2022-03-04T00:00:00+00:00' AIRFLOW_CTX_TRY_NUMBER='1' AIRFLOW_CTX_DAG_RUN_ID='scheduled__2022-03-04T00:00:00+00:00'
[2023-09-04T06:04:48.673+0000] {sql.py:274} INFO - Executing: 
            delete from dag_runs where dt = '2022-03-04' and dag_id = 'dag_with_postgres_operator_v04';
        
[2023-09-04T06:04:48.699+0000] {base.py:73} INFO - Using connection ID 'postgres_localhost' for task execution.
[2023-09-04T06:04:48.720+0000] {base.py:73} INFO - Using connection ID 'postgres_localhost' for task execution.
[2023-09-04T06:04:48.742+0000] {sql.py:418} INFO - Running statement: 
            delete from dag_runs where dt = '2022-03-04' and dag_id = 'dag_with_postgres_operator_v04';
        , parameters: None
[2023-09-04T06:04:48.751+0000] {sql.py:427} INFO - Rows affected: 1
[2023-09-04T06:04:48.783+0000] {taskinstance.py:1400} INFO - Marking task as SUCCESS. dag_id=dag_with_postgres_operator_v04, task_id=delete_data_from_table, execution_date=20220304T000000, start_date=20230904T060448, end_date=20230904T060448
[2023-09-04T06:04:48.865+0000] {local_task_job_runner.py:228} INFO - Task exited with return code 0
[2023-09-04T06:04:49.165+0000] {taskinstance.py:2784} INFO - 0 downstream tasks scheduled from follow-on schedule check
