[2023-09-04T06:01:25.081+0000] {taskinstance.py:1159} INFO - Dependencies all met for dep_context=non-requeueable deps ti=<TaskInstance: dag_with_postgres_operator_v04.create_postgres_table scheduled__2022-01-20T00:00:00+00:00 [queued]>
[2023-09-04T06:01:25.097+0000] {taskinstance.py:1159} INFO - Dependencies all met for dep_context=requeueable deps ti=<TaskInstance: dag_with_postgres_operator_v04.create_postgres_table scheduled__2022-01-20T00:00:00+00:00 [queued]>
[2023-09-04T06:01:25.098+0000] {taskinstance.py:1361} INFO - Starting attempt 1 of 6
[2023-09-04T06:01:25.124+0000] {taskinstance.py:1382} INFO - Executing <Task(PostgresOperator): create_postgres_table> on 2022-01-20 00:00:00+00:00
[2023-09-04T06:01:25.132+0000] {standard_task_runner.py:57} INFO - Started process 4818 to run task
[2023-09-04T06:01:25.135+0000] {standard_task_runner.py:84} INFO - Running: ['***', 'tasks', 'run', 'dag_with_postgres_operator_v04', 'create_postgres_table', 'scheduled__2022-01-20T00:00:00+00:00', '--job-id', '213', '--raw', '--subdir', 'DAGS_FOLDER/dag_with_postgres_operator.py', '--cfg-path', '/tmp/tmpedwwrnq0']
[2023-09-04T06:01:25.139+0000] {standard_task_runner.py:85} INFO - Job 213: Subtask create_postgres_table
[2023-09-04T06:01:25.217+0000] {task_command.py:415} INFO - Running <TaskInstance: dag_with_postgres_operator_v04.create_postgres_table scheduled__2022-01-20T00:00:00+00:00 [running]> on host 10bdc2e98230
[2023-09-04T06:01:25.360+0000] {taskinstance.py:1660} INFO - Exporting env vars: AIRFLOW_CTX_DAG_OWNER='coder2j' AIRFLOW_CTX_DAG_ID='dag_with_postgres_operator_v04' AIRFLOW_CTX_TASK_ID='create_postgres_table' AIRFLOW_CTX_EXECUTION_DATE='2022-01-20T00:00:00+00:00' AIRFLOW_CTX_TRY_NUMBER='1' AIRFLOW_CTX_DAG_RUN_ID='scheduled__2022-01-20T00:00:00+00:00'
[2023-09-04T06:01:25.362+0000] {sql.py:274} INFO - Executing: 
            create table if not exists dag_runs (
                dt date,
                dag_id character varying,
                primary key (dt, dag_id)
            )
        
[2023-09-04T06:01:25.376+0000] {base.py:73} INFO - Using connection ID 'postgres_localhost' for task execution.
[2023-09-04T06:01:25.390+0000] {base.py:73} INFO - Using connection ID 'postgres_localhost' for task execution.
[2023-09-04T06:01:25.407+0000] {sql.py:418} INFO - Running statement: 
            create table if not exists dag_runs (
                dt date,
                dag_id character varying,
                primary key (dt, dag_id)
            )
        , parameters: None
[2023-09-04T06:01:25.432+0000] {taskinstance.py:1400} INFO - Marking task as SUCCESS. dag_id=dag_with_postgres_operator_v04, task_id=create_postgres_table, execution_date=20220120T000000, start_date=20230904T060125, end_date=20230904T060125
[2023-09-04T06:01:25.469+0000] {local_task_job_runner.py:228} INFO - Task exited with return code 0
[2023-09-04T06:01:25.524+0000] {taskinstance.py:2784} INFO - 1 downstream tasks scheduled from follow-on schedule check
[2023-09-04T06:04:17.869+0000] {taskinstance.py:1159} INFO - Dependencies all met for dep_context=non-requeueable deps ti=<TaskInstance: dag_with_postgres_operator_v04.create_postgres_table scheduled__2022-01-20T00:00:00+00:00 [queued]>
[2023-09-04T06:04:17.896+0000] {taskinstance.py:1159} INFO - Dependencies all met for dep_context=requeueable deps ti=<TaskInstance: dag_with_postgres_operator_v04.create_postgres_table scheduled__2022-01-20T00:00:00+00:00 [queued]>
[2023-09-04T06:04:17.897+0000] {taskinstance.py:1361} INFO - Starting attempt 1 of 6
[2023-09-04T06:04:17.989+0000] {taskinstance.py:1382} INFO - Executing <Task(PostgresOperator): create_postgres_table> on 2022-01-20 00:00:00+00:00
[2023-09-04T06:04:18.000+0000] {standard_task_runner.py:57} INFO - Started process 6130 to run task
[2023-09-04T06:04:18.006+0000] {standard_task_runner.py:84} INFO - Running: ['***', 'tasks', 'run', 'dag_with_postgres_operator_v04', 'create_postgres_table', 'scheduled__2022-01-20T00:00:00+00:00', '--job-id', '770', '--raw', '--subdir', 'DAGS_FOLDER/dag_with_postgres_operator.py', '--cfg-path', '/tmp/tmpw70ib02y']
[2023-09-04T06:04:18.011+0000] {standard_task_runner.py:85} INFO - Job 770: Subtask create_postgres_table
[2023-09-04T06:04:18.119+0000] {task_command.py:415} INFO - Running <TaskInstance: dag_with_postgres_operator_v04.create_postgres_table scheduled__2022-01-20T00:00:00+00:00 [running]> on host 10bdc2e98230
[2023-09-04T06:04:18.323+0000] {taskinstance.py:1660} INFO - Exporting env vars: AIRFLOW_CTX_DAG_OWNER='mohghaff' AIRFLOW_CTX_DAG_ID='dag_with_postgres_operator_v04' AIRFLOW_CTX_TASK_ID='create_postgres_table' AIRFLOW_CTX_EXECUTION_DATE='2022-01-20T00:00:00+00:00' AIRFLOW_CTX_TRY_NUMBER='1' AIRFLOW_CTX_DAG_RUN_ID='scheduled__2022-01-20T00:00:00+00:00'
[2023-09-04T06:04:18.325+0000] {sql.py:274} INFO - Executing: 
            create table if not exists dag_runs (
                dt date,
                dag_id character varying,
                primary key (dt, dag_id)
            )
        
[2023-09-04T06:04:18.341+0000] {base.py:73} INFO - Using connection ID 'postgres_localhost' for task execution.
[2023-09-04T06:04:18.357+0000] {base.py:73} INFO - Using connection ID 'postgres_localhost' for task execution.
[2023-09-04T06:04:18.378+0000] {sql.py:418} INFO - Running statement: 
            create table if not exists dag_runs (
                dt date,
                dag_id character varying,
                primary key (dt, dag_id)
            )
        , parameters: None
[2023-09-04T06:04:18.407+0000] {taskinstance.py:1400} INFO - Marking task as SUCCESS. dag_id=dag_with_postgres_operator_v04, task_id=create_postgres_table, execution_date=20220120T000000, start_date=20230904T060417, end_date=20230904T060418
[2023-09-04T06:04:18.662+0000] {local_task_job_runner.py:228} INFO - Task exited with return code 0
[2023-09-04T06:04:18.727+0000] {taskinstance.py:2784} INFO - 1 downstream tasks scheduled from follow-on schedule check
