[2023-09-04T06:02:39.831+0000] {taskinstance.py:1159} INFO - Dependencies all met for dep_context=non-requeueable deps ti=<TaskInstance: dag_with_postgres_operator_v04.delete_data_from_table scheduled__2022-04-11T00:00:00+00:00 [queued]>
[2023-09-04T06:02:39.849+0000] {taskinstance.py:1159} INFO - Dependencies all met for dep_context=requeueable deps ti=<TaskInstance: dag_with_postgres_operator_v04.delete_data_from_table scheduled__2022-04-11T00:00:00+00:00 [queued]>
[2023-09-04T06:02:39.850+0000] {taskinstance.py:1361} INFO - Starting attempt 1 of 6
[2023-09-04T06:02:39.871+0000] {taskinstance.py:1382} INFO - Executing <Task(PostgresOperator): delete_data_from_table> on 2022-04-11 00:00:00+00:00
[2023-09-04T06:02:39.880+0000] {standard_task_runner.py:57} INFO - Started process 5431 to run task
[2023-09-04T06:02:39.883+0000] {standard_task_runner.py:84} INFO - Running: ['***', 'tasks', 'run', 'dag_with_postgres_operator_v04', 'delete_data_from_table', 'scheduled__2022-04-11T00:00:00+00:00', '--job-id', '478', '--raw', '--subdir', 'DAGS_FOLDER/dag_with_postgres_operator.py', '--cfg-path', '/tmp/tmpm_3mnu3z']
[2023-09-04T06:02:39.886+0000] {standard_task_runner.py:85} INFO - Job 478: Subtask delete_data_from_table
[2023-09-04T06:02:39.977+0000] {task_command.py:415} INFO - Running <TaskInstance: dag_with_postgres_operator_v04.delete_data_from_table scheduled__2022-04-11T00:00:00+00:00 [running]> on host 10bdc2e98230
[2023-09-04T06:02:40.157+0000] {taskinstance.py:1660} INFO - Exporting env vars: AIRFLOW_CTX_DAG_OWNER='coder2j' AIRFLOW_CTX_DAG_ID='dag_with_postgres_operator_v04' AIRFLOW_CTX_TASK_ID='delete_data_from_table' AIRFLOW_CTX_EXECUTION_DATE='2022-04-11T00:00:00+00:00' AIRFLOW_CTX_TRY_NUMBER='1' AIRFLOW_CTX_DAG_RUN_ID='scheduled__2022-04-11T00:00:00+00:00'
[2023-09-04T06:02:40.159+0000] {sql.py:274} INFO - Executing: 
            delete from dag_runs where dt = '2022-04-11' and dag_id = 'dag_with_postgres_operator_v04';
        
[2023-09-04T06:02:40.174+0000] {base.py:73} INFO - Using connection ID 'postgres_localhost' for task execution.
[2023-09-04T06:02:40.189+0000] {base.py:73} INFO - Using connection ID 'postgres_localhost' for task execution.
[2023-09-04T06:02:40.202+0000] {sql.py:418} INFO - Running statement: 
            delete from dag_runs where dt = '2022-04-11' and dag_id = 'dag_with_postgres_operator_v04';
        , parameters: None
[2023-09-04T06:02:40.208+0000] {sql.py:427} INFO - Rows affected: 0
[2023-09-04T06:02:40.229+0000] {taskinstance.py:1400} INFO - Marking task as SUCCESS. dag_id=dag_with_postgres_operator_v04, task_id=delete_data_from_table, execution_date=20220411T000000, start_date=20230904T060239, end_date=20230904T060240
[2023-09-04T06:02:40.297+0000] {local_task_job_runner.py:228} INFO - Task exited with return code 0
[2023-09-04T06:02:40.481+0000] {taskinstance.py:2784} INFO - 1 downstream tasks scheduled from follow-on schedule check
[2023-09-04T06:05:23.899+0000] {taskinstance.py:1159} INFO - Dependencies all met for dep_context=non-requeueable deps ti=<TaskInstance: dag_with_postgres_operator_v04.delete_data_from_table scheduled__2022-04-11T00:00:00+00:00 [queued]>
[2023-09-04T06:05:23.932+0000] {taskinstance.py:1159} INFO - Dependencies all met for dep_context=requeueable deps ti=<TaskInstance: dag_with_postgres_operator_v04.delete_data_from_table scheduled__2022-04-11T00:00:00+00:00 [queued]>
[2023-09-04T06:05:23.933+0000] {taskinstance.py:1361} INFO - Starting attempt 1 of 6
[2023-09-04T06:05:24.255+0000] {taskinstance.py:1382} INFO - Executing <Task(PostgresOperator): delete_data_from_table> on 2022-04-11 00:00:00+00:00
[2023-09-04T06:05:24.268+0000] {standard_task_runner.py:57} INFO - Started process 6724 to run task
[2023-09-04T06:05:24.278+0000] {standard_task_runner.py:84} INFO - Running: ['***', 'tasks', 'run', 'dag_with_postgres_operator_v04', 'delete_data_from_table', 'scheduled__2022-04-11T00:00:00+00:00', '--job-id', '1025', '--raw', '--subdir', 'DAGS_FOLDER/dag_with_postgres_operator.py', '--cfg-path', '/tmp/tmpcln2r1ux']
[2023-09-04T06:05:24.283+0000] {standard_task_runner.py:85} INFO - Job 1025: Subtask delete_data_from_table
[2023-09-04T06:05:24.443+0000] {task_command.py:415} INFO - Running <TaskInstance: dag_with_postgres_operator_v04.delete_data_from_table scheduled__2022-04-11T00:00:00+00:00 [running]> on host 10bdc2e98230
[2023-09-04T06:05:24.780+0000] {taskinstance.py:1660} INFO - Exporting env vars: AIRFLOW_CTX_DAG_OWNER='mohghaff' AIRFLOW_CTX_DAG_ID='dag_with_postgres_operator_v04' AIRFLOW_CTX_TASK_ID='delete_data_from_table' AIRFLOW_CTX_EXECUTION_DATE='2022-04-11T00:00:00+00:00' AIRFLOW_CTX_TRY_NUMBER='1' AIRFLOW_CTX_DAG_RUN_ID='scheduled__2022-04-11T00:00:00+00:00'
[2023-09-04T06:05:24.783+0000] {sql.py:274} INFO - Executing: 
            delete from dag_runs where dt = '2022-04-11' and dag_id = 'dag_with_postgres_operator_v04';
        
[2023-09-04T06:05:24.822+0000] {base.py:73} INFO - Using connection ID 'postgres_localhost' for task execution.
[2023-09-04T06:05:24.876+0000] {base.py:73} INFO - Using connection ID 'postgres_localhost' for task execution.
[2023-09-04T06:05:24.910+0000] {sql.py:418} INFO - Running statement: 
            delete from dag_runs where dt = '2022-04-11' and dag_id = 'dag_with_postgres_operator_v04';
        , parameters: None
[2023-09-04T06:05:24.927+0000] {sql.py:427} INFO - Rows affected: 1
[2023-09-04T06:05:24.983+0000] {taskinstance.py:1400} INFO - Marking task as SUCCESS. dag_id=dag_with_postgres_operator_v04, task_id=delete_data_from_table, execution_date=20220411T000000, start_date=20230904T060523, end_date=20230904T060524
[2023-09-04T06:05:25.072+0000] {local_task_job_runner.py:228} INFO - Task exited with return code 0
[2023-09-04T06:05:25.501+0000] {taskinstance.py:2784} INFO - 0 downstream tasks scheduled from follow-on schedule check
