[2023-09-04T06:02:20.978+0000] {taskinstance.py:1159} INFO - Dependencies all met for dep_context=non-requeueable deps ti=<TaskInstance: dag_with_postgres_operator_v04.delete_data_from_table scheduled__2022-03-19T00:00:00+00:00 [queued]>
[2023-09-04T06:02:20.997+0000] {taskinstance.py:1159} INFO - Dependencies all met for dep_context=requeueable deps ti=<TaskInstance: dag_with_postgres_operator_v04.delete_data_from_table scheduled__2022-03-19T00:00:00+00:00 [queued]>
[2023-09-04T06:02:20.998+0000] {taskinstance.py:1361} INFO - Starting attempt 1 of 6
[2023-09-04T06:02:21.028+0000] {taskinstance.py:1382} INFO - Executing <Task(PostgresOperator): delete_data_from_table> on 2022-03-19 00:00:00+00:00
[2023-09-04T06:02:21.038+0000] {standard_task_runner.py:57} INFO - Started process 5265 to run task
[2023-09-04T06:02:21.042+0000] {standard_task_runner.py:84} INFO - Running: ['***', 'tasks', 'run', 'dag_with_postgres_operator_v04', 'delete_data_from_table', 'scheduled__2022-03-19T00:00:00+00:00', '--job-id', '410', '--raw', '--subdir', 'DAGS_FOLDER/dag_with_postgres_operator.py', '--cfg-path', '/tmp/tmpl8otepgg']
[2023-09-04T06:02:21.047+0000] {standard_task_runner.py:85} INFO - Job 410: Subtask delete_data_from_table
[2023-09-04T06:02:21.186+0000] {task_command.py:415} INFO - Running <TaskInstance: dag_with_postgres_operator_v04.delete_data_from_table scheduled__2022-03-19T00:00:00+00:00 [running]> on host 10bdc2e98230
[2023-09-04T06:02:21.377+0000] {taskinstance.py:1660} INFO - Exporting env vars: AIRFLOW_CTX_DAG_OWNER='coder2j' AIRFLOW_CTX_DAG_ID='dag_with_postgres_operator_v04' AIRFLOW_CTX_TASK_ID='delete_data_from_table' AIRFLOW_CTX_EXECUTION_DATE='2022-03-19T00:00:00+00:00' AIRFLOW_CTX_TRY_NUMBER='1' AIRFLOW_CTX_DAG_RUN_ID='scheduled__2022-03-19T00:00:00+00:00'
[2023-09-04T06:02:21.381+0000] {sql.py:274} INFO - Executing: 
            delete from dag_runs where dt = '2022-03-19' and dag_id = 'dag_with_postgres_operator_v04';
        
[2023-09-04T06:02:21.401+0000] {base.py:73} INFO - Using connection ID 'postgres_localhost' for task execution.
[2023-09-04T06:02:21.419+0000] {base.py:73} INFO - Using connection ID 'postgres_localhost' for task execution.
[2023-09-04T06:02:21.444+0000] {sql.py:418} INFO - Running statement: 
            delete from dag_runs where dt = '2022-03-19' and dag_id = 'dag_with_postgres_operator_v04';
        , parameters: None
[2023-09-04T06:02:21.457+0000] {sql.py:427} INFO - Rows affected: 0
[2023-09-04T06:02:21.480+0000] {taskinstance.py:1400} INFO - Marking task as SUCCESS. dag_id=dag_with_postgres_operator_v04, task_id=delete_data_from_table, execution_date=20220319T000000, start_date=20230904T060220, end_date=20230904T060221
[2023-09-04T06:02:21.540+0000] {local_task_job_runner.py:228} INFO - Task exited with return code 0
[2023-09-04T06:02:21.849+0000] {taskinstance.py:2784} INFO - 0 downstream tasks scheduled from follow-on schedule check
[2023-09-04T06:05:00.349+0000] {taskinstance.py:1159} INFO - Dependencies all met for dep_context=non-requeueable deps ti=<TaskInstance: dag_with_postgres_operator_v04.delete_data_from_table scheduled__2022-03-19T00:00:00+00:00 [queued]>
[2023-09-04T06:05:00.386+0000] {taskinstance.py:1159} INFO - Dependencies all met for dep_context=requeueable deps ti=<TaskInstance: dag_with_postgres_operator_v04.delete_data_from_table scheduled__2022-03-19T00:00:00+00:00 [queued]>
[2023-09-04T06:05:00.387+0000] {taskinstance.py:1361} INFO - Starting attempt 1 of 6
[2023-09-04T06:05:00.444+0000] {taskinstance.py:1382} INFO - Executing <Task(PostgresOperator): delete_data_from_table> on 2022-03-19 00:00:00+00:00
[2023-09-04T06:05:00.457+0000] {standard_task_runner.py:57} INFO - Started process 6542 to run task
[2023-09-04T06:05:00.464+0000] {standard_task_runner.py:84} INFO - Running: ['***', 'tasks', 'run', 'dag_with_postgres_operator_v04', 'delete_data_from_table', 'scheduled__2022-03-19T00:00:00+00:00', '--job-id', '944', '--raw', '--subdir', 'DAGS_FOLDER/dag_with_postgres_operator.py', '--cfg-path', '/tmp/tmp9u4sp0wa']
[2023-09-04T06:05:00.468+0000] {standard_task_runner.py:85} INFO - Job 944: Subtask delete_data_from_table
[2023-09-04T06:05:00.606+0000] {task_command.py:415} INFO - Running <TaskInstance: dag_with_postgres_operator_v04.delete_data_from_table scheduled__2022-03-19T00:00:00+00:00 [running]> on host 10bdc2e98230
[2023-09-04T06:05:00.895+0000] {taskinstance.py:1660} INFO - Exporting env vars: AIRFLOW_CTX_DAG_OWNER='mohghaff' AIRFLOW_CTX_DAG_ID='dag_with_postgres_operator_v04' AIRFLOW_CTX_TASK_ID='delete_data_from_table' AIRFLOW_CTX_EXECUTION_DATE='2022-03-19T00:00:00+00:00' AIRFLOW_CTX_TRY_NUMBER='1' AIRFLOW_CTX_DAG_RUN_ID='scheduled__2022-03-19T00:00:00+00:00'
[2023-09-04T06:05:00.898+0000] {sql.py:274} INFO - Executing: 
            delete from dag_runs where dt = '2022-03-19' and dag_id = 'dag_with_postgres_operator_v04';
        
[2023-09-04T06:05:00.923+0000] {base.py:73} INFO - Using connection ID 'postgres_localhost' for task execution.
[2023-09-04T06:05:00.954+0000] {base.py:73} INFO - Using connection ID 'postgres_localhost' for task execution.
[2023-09-04T06:05:00.993+0000] {sql.py:418} INFO - Running statement: 
            delete from dag_runs where dt = '2022-03-19' and dag_id = 'dag_with_postgres_operator_v04';
        , parameters: None
[2023-09-04T06:05:01.006+0000] {sql.py:427} INFO - Rows affected: 1
[2023-09-04T06:05:01.045+0000] {taskinstance.py:1400} INFO - Marking task as SUCCESS. dag_id=dag_with_postgres_operator_v04, task_id=delete_data_from_table, execution_date=20220319T000000, start_date=20230904T060500, end_date=20230904T060501
[2023-09-04T06:05:01.134+0000] {local_task_job_runner.py:228} INFO - Task exited with return code 0
[2023-09-04T06:05:01.204+0000] {taskinstance.py:2784} INFO - 1 downstream tasks scheduled from follow-on schedule check
