[2023-09-04T06:08:38.844+0000] {taskinstance.py:1159} INFO - Dependencies all met for dep_context=non-requeueable deps ti=<TaskInstance: dag_with_postgres_operator_v04.insert_into_table scheduled__2022-12-16T00:00:00+00:00 [queued]>
[2023-09-04T06:08:38.863+0000] {taskinstance.py:1159} INFO - Dependencies all met for dep_context=requeueable deps ti=<TaskInstance: dag_with_postgres_operator_v04.insert_into_table scheduled__2022-12-16T00:00:00+00:00 [queued]>
[2023-09-04T06:08:38.864+0000] {taskinstance.py:1361} INFO - Starting attempt 1 of 6
[2023-09-04T06:08:38.921+0000] {taskinstance.py:1382} INFO - Executing <Task(PostgresOperator): insert_into_table> on 2022-12-16 00:00:00+00:00
[2023-09-04T06:08:38.931+0000] {standard_task_runner.py:57} INFO - Started process 8469 to run task
[2023-09-04T06:08:38.935+0000] {standard_task_runner.py:84} INFO - Running: ['***', 'tasks', 'run', 'dag_with_postgres_operator_v04', 'insert_into_table', 'scheduled__2022-12-16T00:00:00+00:00', '--job-id', '1779', '--raw', '--subdir', 'DAGS_FOLDER/dag_with_postgres_operator.py', '--cfg-path', '/tmp/tmp75s2aset']
[2023-09-04T06:08:38.938+0000] {standard_task_runner.py:85} INFO - Job 1779: Subtask insert_into_table
[2023-09-04T06:08:39.088+0000] {task_command.py:415} INFO - Running <TaskInstance: dag_with_postgres_operator_v04.insert_into_table scheduled__2022-12-16T00:00:00+00:00 [running]> on host 10bdc2e98230
[2023-09-04T06:08:39.271+0000] {taskinstance.py:1660} INFO - Exporting env vars: AIRFLOW_CTX_DAG_OWNER='mohghaff' AIRFLOW_CTX_DAG_ID='dag_with_postgres_operator_v04' AIRFLOW_CTX_TASK_ID='insert_into_table' AIRFLOW_CTX_EXECUTION_DATE='2022-12-16T00:00:00+00:00' AIRFLOW_CTX_TRY_NUMBER='1' AIRFLOW_CTX_DAG_RUN_ID='scheduled__2022-12-16T00:00:00+00:00'
[2023-09-04T06:08:39.273+0000] {sql.py:274} INFO - Executing: 
            insert into dag_runs (dt, dag_id) values ('2022-12-16', 'dag_with_postgres_operator_v04')
        
[2023-09-04T06:08:39.288+0000] {base.py:73} INFO - Using connection ID 'postgres_localhost' for task execution.
[2023-09-04T06:08:39.300+0000] {base.py:73} INFO - Using connection ID 'postgres_localhost' for task execution.
[2023-09-04T06:08:39.317+0000] {sql.py:418} INFO - Running statement: 
            insert into dag_runs (dt, dag_id) values ('2022-12-16', 'dag_with_postgres_operator_v04')
        , parameters: None
[2023-09-04T06:08:39.322+0000] {sql.py:427} INFO - Rows affected: 1
[2023-09-04T06:08:39.340+0000] {taskinstance.py:1400} INFO - Marking task as SUCCESS. dag_id=dag_with_postgres_operator_v04, task_id=insert_into_table, execution_date=20221216T000000, start_date=20230904T060838, end_date=20230904T060839
[2023-09-04T06:08:39.469+0000] {local_task_job_runner.py:228} INFO - Task exited with return code 0
[2023-09-04T06:08:39.495+0000] {taskinstance.py:2784} INFO - 0 downstream tasks scheduled from follow-on schedule check
