[2023-09-04T06:03:21.016+0000] {taskinstance.py:1159} INFO - Dependencies all met for dep_context=non-requeueable deps ti=<TaskInstance: dag_with_postgres_operator_v04.delete_data_from_table scheduled__2022-06-05T00:00:00+00:00 [queued]>
[2023-09-04T06:03:21.049+0000] {taskinstance.py:1159} INFO - Dependencies all met for dep_context=requeueable deps ti=<TaskInstance: dag_with_postgres_operator_v04.delete_data_from_table scheduled__2022-06-05T00:00:00+00:00 [queued]>
[2023-09-04T06:03:21.050+0000] {taskinstance.py:1361} INFO - Starting attempt 1 of 6
[2023-09-04T06:03:21.107+0000] {taskinstance.py:1382} INFO - Executing <Task(PostgresOperator): delete_data_from_table> on 2022-06-05 00:00:00+00:00
[2023-09-04T06:03:21.124+0000] {standard_task_runner.py:57} INFO - Started process 5816 to run task
[2023-09-04T06:03:21.129+0000] {standard_task_runner.py:84} INFO - Running: ['***', 'tasks', 'run', 'dag_with_postgres_operator_v04', 'delete_data_from_table', 'scheduled__2022-06-05T00:00:00+00:00', '--job-id', '653', '--raw', '--subdir', 'DAGS_FOLDER/dag_with_postgres_operator.py', '--cfg-path', '/tmp/tmpbnkae2xc']
[2023-09-04T06:03:21.135+0000] {standard_task_runner.py:85} INFO - Job 653: Subtask delete_data_from_table
[2023-09-04T06:03:21.348+0000] {task_command.py:415} INFO - Running <TaskInstance: dag_with_postgres_operator_v04.delete_data_from_table scheduled__2022-06-05T00:00:00+00:00 [running]> on host 10bdc2e98230
[2023-09-04T06:03:21.696+0000] {taskinstance.py:1660} INFO - Exporting env vars: AIRFLOW_CTX_DAG_OWNER='coder2j' AIRFLOW_CTX_DAG_ID='dag_with_postgres_operator_v04' AIRFLOW_CTX_TASK_ID='delete_data_from_table' AIRFLOW_CTX_EXECUTION_DATE='2022-06-05T00:00:00+00:00' AIRFLOW_CTX_TRY_NUMBER='1' AIRFLOW_CTX_DAG_RUN_ID='scheduled__2022-06-05T00:00:00+00:00'
[2023-09-04T06:03:21.706+0000] {sql.py:274} INFO - Executing: 
            delete from dag_runs where dt = '2022-06-05' and dag_id = 'dag_with_postgres_operator_v04';
        
[2023-09-04T06:03:21.734+0000] {base.py:73} INFO - Using connection ID 'postgres_localhost' for task execution.
[2023-09-04T06:03:21.767+0000] {base.py:73} INFO - Using connection ID 'postgres_localhost' for task execution.
[2023-09-04T06:03:21.804+0000] {sql.py:418} INFO - Running statement: 
            delete from dag_runs where dt = '2022-06-05' and dag_id = 'dag_with_postgres_operator_v04';
        , parameters: None
[2023-09-04T06:03:21.816+0000] {sql.py:427} INFO - Rows affected: 0
[2023-09-04T06:03:21.847+0000] {taskinstance.py:1400} INFO - Marking task as SUCCESS. dag_id=dag_with_postgres_operator_v04, task_id=delete_data_from_table, execution_date=20220605T000000, start_date=20230904T060321, end_date=20230904T060321
[2023-09-04T06:03:21.912+0000] {local_task_job_runner.py:228} INFO - Task exited with return code 0
[2023-09-04T06:03:21.979+0000] {taskinstance.py:2784} INFO - 1 downstream tasks scheduled from follow-on schedule check
[2023-09-04T06:06:08.669+0000] {taskinstance.py:1159} INFO - Dependencies all met for dep_context=non-requeueable deps ti=<TaskInstance: dag_with_postgres_operator_v04.delete_data_from_table scheduled__2022-06-05T00:00:00+00:00 [queued]>
[2023-09-04T06:06:08.699+0000] {taskinstance.py:1159} INFO - Dependencies all met for dep_context=requeueable deps ti=<TaskInstance: dag_with_postgres_operator_v04.delete_data_from_table scheduled__2022-06-05T00:00:00+00:00 [queued]>
[2023-09-04T06:06:08.700+0000] {taskinstance.py:1361} INFO - Starting attempt 1 of 6
[2023-09-04T06:06:08.741+0000] {taskinstance.py:1382} INFO - Executing <Task(PostgresOperator): delete_data_from_table> on 2022-06-05 00:00:00+00:00
[2023-09-04T06:06:08.752+0000] {standard_task_runner.py:57} INFO - Started process 7085 to run task
[2023-09-04T06:06:08.758+0000] {standard_task_runner.py:84} INFO - Running: ['***', 'tasks', 'run', 'dag_with_postgres_operator_v04', 'delete_data_from_table', 'scheduled__2022-06-05T00:00:00+00:00', '--job-id', '1180', '--raw', '--subdir', 'DAGS_FOLDER/dag_with_postgres_operator.py', '--cfg-path', '/tmp/tmpio7bbr3p']
[2023-09-04T06:06:08.764+0000] {standard_task_runner.py:85} INFO - Job 1180: Subtask delete_data_from_table
[2023-09-04T06:06:08.925+0000] {task_command.py:415} INFO - Running <TaskInstance: dag_with_postgres_operator_v04.delete_data_from_table scheduled__2022-06-05T00:00:00+00:00 [running]> on host 10bdc2e98230
[2023-09-04T06:06:09.200+0000] {taskinstance.py:1660} INFO - Exporting env vars: AIRFLOW_CTX_DAG_OWNER='mohghaff' AIRFLOW_CTX_DAG_ID='dag_with_postgres_operator_v04' AIRFLOW_CTX_TASK_ID='delete_data_from_table' AIRFLOW_CTX_EXECUTION_DATE='2022-06-05T00:00:00+00:00' AIRFLOW_CTX_TRY_NUMBER='1' AIRFLOW_CTX_DAG_RUN_ID='scheduled__2022-06-05T00:00:00+00:00'
[2023-09-04T06:06:09.202+0000] {sql.py:274} INFO - Executing: 
            delete from dag_runs where dt = '2022-06-05' and dag_id = 'dag_with_postgres_operator_v04';
        
[2023-09-04T06:06:09.221+0000] {base.py:73} INFO - Using connection ID 'postgres_localhost' for task execution.
[2023-09-04T06:06:09.242+0000] {base.py:73} INFO - Using connection ID 'postgres_localhost' for task execution.
[2023-09-04T06:06:09.269+0000] {sql.py:418} INFO - Running statement: 
            delete from dag_runs where dt = '2022-06-05' and dag_id = 'dag_with_postgres_operator_v04';
        , parameters: None
[2023-09-04T06:06:09.280+0000] {sql.py:427} INFO - Rows affected: 1
[2023-09-04T06:06:09.311+0000] {taskinstance.py:1400} INFO - Marking task as SUCCESS. dag_id=dag_with_postgres_operator_v04, task_id=delete_data_from_table, execution_date=20220605T000000, start_date=20230904T060608, end_date=20230904T060609
[2023-09-04T06:06:09.374+0000] {local_task_job_runner.py:228} INFO - Task exited with return code 0
[2023-09-04T06:06:09.599+0000] {taskinstance.py:2784} INFO - 0 downstream tasks scheduled from follow-on schedule check
