[2023-09-04T06:03:25.039+0000] {taskinstance.py:1159} INFO - Dependencies all met for dep_context=non-requeueable deps ti=<TaskInstance: dag_with_postgres_operator_v04.delete_data_from_table scheduled__2022-06-10T00:00:00+00:00 [queued]>
[2023-09-04T06:03:25.077+0000] {taskinstance.py:1159} INFO - Dependencies all met for dep_context=requeueable deps ti=<TaskInstance: dag_with_postgres_operator_v04.delete_data_from_table scheduled__2022-06-10T00:00:00+00:00 [queued]>
[2023-09-04T06:03:25.078+0000] {taskinstance.py:1361} INFO - Starting attempt 1 of 6
[2023-09-04T06:03:25.139+0000] {taskinstance.py:1382} INFO - Executing <Task(PostgresOperator): delete_data_from_table> on 2022-06-10 00:00:00+00:00
[2023-09-04T06:03:25.153+0000] {standard_task_runner.py:57} INFO - Started process 5876 to run task
[2023-09-04T06:03:25.181+0000] {standard_task_runner.py:84} INFO - Running: ['***', 'tasks', 'run', 'dag_with_postgres_operator_v04', 'delete_data_from_table', 'scheduled__2022-06-10T00:00:00+00:00', '--job-id', '668', '--raw', '--subdir', 'DAGS_FOLDER/dag_with_postgres_operator.py', '--cfg-path', '/tmp/tmpobzcyjhg']
[2023-09-04T06:03:25.189+0000] {standard_task_runner.py:85} INFO - Job 668: Subtask delete_data_from_table
[2023-09-04T06:03:25.434+0000] {task_command.py:415} INFO - Running <TaskInstance: dag_with_postgres_operator_v04.delete_data_from_table scheduled__2022-06-10T00:00:00+00:00 [running]> on host 10bdc2e98230
[2023-09-04T06:03:25.822+0000] {taskinstance.py:1660} INFO - Exporting env vars: AIRFLOW_CTX_DAG_OWNER='coder2j' AIRFLOW_CTX_DAG_ID='dag_with_postgres_operator_v04' AIRFLOW_CTX_TASK_ID='delete_data_from_table' AIRFLOW_CTX_EXECUTION_DATE='2022-06-10T00:00:00+00:00' AIRFLOW_CTX_TRY_NUMBER='1' AIRFLOW_CTX_DAG_RUN_ID='scheduled__2022-06-10T00:00:00+00:00'
[2023-09-04T06:03:25.826+0000] {sql.py:274} INFO - Executing: 
            delete from dag_runs where dt = '2022-06-10' and dag_id = 'dag_with_postgres_operator_v04';
        
[2023-09-04T06:03:25.862+0000] {base.py:73} INFO - Using connection ID 'postgres_localhost' for task execution.
[2023-09-04T06:03:25.894+0000] {base.py:73} INFO - Using connection ID 'postgres_localhost' for task execution.
[2023-09-04T06:03:25.940+0000] {sql.py:418} INFO - Running statement: 
            delete from dag_runs where dt = '2022-06-10' and dag_id = 'dag_with_postgres_operator_v04';
        , parameters: None
[2023-09-04T06:03:25.956+0000] {sql.py:427} INFO - Rows affected: 0
[2023-09-04T06:03:25.991+0000] {taskinstance.py:1400} INFO - Marking task as SUCCESS. dag_id=dag_with_postgres_operator_v04, task_id=delete_data_from_table, execution_date=20220610T000000, start_date=20230904T060325, end_date=20230904T060325
[2023-09-04T06:03:26.077+0000] {local_task_job_runner.py:228} INFO - Task exited with return code 0
[2023-09-04T06:03:26.128+0000] {taskinstance.py:2784} INFO - 1 downstream tasks scheduled from follow-on schedule check
[2023-09-04T06:06:11.405+0000] {taskinstance.py:1159} INFO - Dependencies all met for dep_context=non-requeueable deps ti=<TaskInstance: dag_with_postgres_operator_v04.delete_data_from_table scheduled__2022-06-10T00:00:00+00:00 [queued]>
[2023-09-04T06:06:11.433+0000] {taskinstance.py:1159} INFO - Dependencies all met for dep_context=requeueable deps ti=<TaskInstance: dag_with_postgres_operator_v04.delete_data_from_table scheduled__2022-06-10T00:00:00+00:00 [queued]>
[2023-09-04T06:06:11.434+0000] {taskinstance.py:1361} INFO - Starting attempt 1 of 6
[2023-09-04T06:06:11.475+0000] {taskinstance.py:1382} INFO - Executing <Task(PostgresOperator): delete_data_from_table> on 2022-06-10 00:00:00+00:00
[2023-09-04T06:06:11.489+0000] {standard_task_runner.py:57} INFO - Started process 7111 to run task
[2023-09-04T06:06:11.496+0000] {standard_task_runner.py:84} INFO - Running: ['***', 'tasks', 'run', 'dag_with_postgres_operator_v04', 'delete_data_from_table', 'scheduled__2022-06-10T00:00:00+00:00', '--job-id', '1185', '--raw', '--subdir', 'DAGS_FOLDER/dag_with_postgres_operator.py', '--cfg-path', '/tmp/tmpayea_510']
[2023-09-04T06:06:11.502+0000] {standard_task_runner.py:85} INFO - Job 1185: Subtask delete_data_from_table
[2023-09-04T06:06:11.679+0000] {task_command.py:415} INFO - Running <TaskInstance: dag_with_postgres_operator_v04.delete_data_from_table scheduled__2022-06-10T00:00:00+00:00 [running]> on host 10bdc2e98230
[2023-09-04T06:06:11.997+0000] {taskinstance.py:1660} INFO - Exporting env vars: AIRFLOW_CTX_DAG_OWNER='mohghaff' AIRFLOW_CTX_DAG_ID='dag_with_postgres_operator_v04' AIRFLOW_CTX_TASK_ID='delete_data_from_table' AIRFLOW_CTX_EXECUTION_DATE='2022-06-10T00:00:00+00:00' AIRFLOW_CTX_TRY_NUMBER='1' AIRFLOW_CTX_DAG_RUN_ID='scheduled__2022-06-10T00:00:00+00:00'
[2023-09-04T06:06:12.000+0000] {sql.py:274} INFO - Executing: 
            delete from dag_runs where dt = '2022-06-10' and dag_id = 'dag_with_postgres_operator_v04';
        
[2023-09-04T06:06:12.029+0000] {base.py:73} INFO - Using connection ID 'postgres_localhost' for task execution.
[2023-09-04T06:06:12.051+0000] {base.py:73} INFO - Using connection ID 'postgres_localhost' for task execution.
[2023-09-04T06:06:12.084+0000] {sql.py:418} INFO - Running statement: 
            delete from dag_runs where dt = '2022-06-10' and dag_id = 'dag_with_postgres_operator_v04';
        , parameters: None
[2023-09-04T06:06:12.097+0000] {sql.py:427} INFO - Rows affected: 0
[2023-09-04T06:06:12.146+0000] {taskinstance.py:1400} INFO - Marking task as SUCCESS. dag_id=dag_with_postgres_operator_v04, task_id=delete_data_from_table, execution_date=20220610T000000, start_date=20230904T060611, end_date=20230904T060612
[2023-09-04T06:06:12.357+0000] {local_task_job_runner.py:228} INFO - Task exited with return code 0
[2023-09-04T06:06:12.412+0000] {taskinstance.py:2784} INFO - 1 downstream tasks scheduled from follow-on schedule check
