[2023-09-04T06:01:26.215+0000] {taskinstance.py:1159} INFO - Dependencies all met for dep_context=non-requeueable deps ti=<TaskInstance: dag_with_postgres_operator_v04.delete_data_from_table scheduled__2022-01-18T00:00:00+00:00 [queued]>
[2023-09-04T06:01:26.239+0000] {taskinstance.py:1159} INFO - Dependencies all met for dep_context=requeueable deps ti=<TaskInstance: dag_with_postgres_operator_v04.delete_data_from_table scheduled__2022-01-18T00:00:00+00:00 [queued]>
[2023-09-04T06:01:26.240+0000] {taskinstance.py:1361} INFO - Starting attempt 1 of 6
[2023-09-04T06:01:26.280+0000] {taskinstance.py:1382} INFO - Executing <Task(PostgresOperator): delete_data_from_table> on 2022-01-18 00:00:00+00:00
[2023-09-04T06:01:26.289+0000] {standard_task_runner.py:57} INFO - Started process 4834 to run task
[2023-09-04T06:01:26.293+0000] {standard_task_runner.py:84} INFO - Running: ['***', 'tasks', 'run', 'dag_with_postgres_operator_v04', 'delete_data_from_table', 'scheduled__2022-01-18T00:00:00+00:00', '--job-id', '220', '--raw', '--subdir', 'DAGS_FOLDER/dag_with_postgres_operator.py', '--cfg-path', '/tmp/tmpyt3zsiqg']
[2023-09-04T06:01:26.295+0000] {standard_task_runner.py:85} INFO - Job 220: Subtask delete_data_from_table
[2023-09-04T06:01:26.359+0000] {task_command.py:415} INFO - Running <TaskInstance: dag_with_postgres_operator_v04.delete_data_from_table scheduled__2022-01-18T00:00:00+00:00 [running]> on host 10bdc2e98230
[2023-09-04T06:01:26.503+0000] {taskinstance.py:1660} INFO - Exporting env vars: AIRFLOW_CTX_DAG_OWNER='coder2j' AIRFLOW_CTX_DAG_ID='dag_with_postgres_operator_v04' AIRFLOW_CTX_TASK_ID='delete_data_from_table' AIRFLOW_CTX_EXECUTION_DATE='2022-01-18T00:00:00+00:00' AIRFLOW_CTX_TRY_NUMBER='1' AIRFLOW_CTX_DAG_RUN_ID='scheduled__2022-01-18T00:00:00+00:00'
[2023-09-04T06:01:26.505+0000] {sql.py:274} INFO - Executing: 
            delete from dag_runs where dt = '2022-01-18' and dag_id = 'dag_with_postgres_operator_v04';
        
[2023-09-04T06:01:26.518+0000] {base.py:73} INFO - Using connection ID 'postgres_localhost' for task execution.
[2023-09-04T06:01:26.530+0000] {base.py:73} INFO - Using connection ID 'postgres_localhost' for task execution.
[2023-09-04T06:01:26.547+0000] {sql.py:418} INFO - Running statement: 
            delete from dag_runs where dt = '2022-01-18' and dag_id = 'dag_with_postgres_operator_v04';
        , parameters: None
[2023-09-04T06:01:26.554+0000] {sql.py:427} INFO - Rows affected: 0
[2023-09-04T06:01:26.579+0000] {taskinstance.py:1400} INFO - Marking task as SUCCESS. dag_id=dag_with_postgres_operator_v04, task_id=delete_data_from_table, execution_date=20220118T000000, start_date=20230904T060126, end_date=20230904T060126
[2023-09-04T06:01:26.626+0000] {local_task_job_runner.py:228} INFO - Task exited with return code 0
[2023-09-04T06:01:26.656+0000] {taskinstance.py:2784} INFO - 1 downstream tasks scheduled from follow-on schedule check
[2023-09-04T06:04:13.754+0000] {taskinstance.py:1159} INFO - Dependencies all met for dep_context=non-requeueable deps ti=<TaskInstance: dag_with_postgres_operator_v04.delete_data_from_table scheduled__2022-01-18T00:00:00+00:00 [queued]>
[2023-09-04T06:04:13.784+0000] {taskinstance.py:1159} INFO - Dependencies all met for dep_context=requeueable deps ti=<TaskInstance: dag_with_postgres_operator_v04.delete_data_from_table scheduled__2022-01-18T00:00:00+00:00 [queued]>
[2023-09-04T06:04:13.785+0000] {taskinstance.py:1361} INFO - Starting attempt 1 of 6
[2023-09-04T06:04:13.815+0000] {taskinstance.py:1382} INFO - Executing <Task(PostgresOperator): delete_data_from_table> on 2022-01-18 00:00:00+00:00
[2023-09-04T06:04:13.825+0000] {standard_task_runner.py:57} INFO - Started process 6114 to run task
[2023-09-04T06:04:13.830+0000] {standard_task_runner.py:84} INFO - Running: ['***', 'tasks', 'run', 'dag_with_postgres_operator_v04', 'delete_data_from_table', 'scheduled__2022-01-18T00:00:00+00:00', '--job-id', '763', '--raw', '--subdir', 'DAGS_FOLDER/dag_with_postgres_operator.py', '--cfg-path', '/tmp/tmprqumx6tq']
[2023-09-04T06:04:13.833+0000] {standard_task_runner.py:85} INFO - Job 763: Subtask delete_data_from_table
[2023-09-04T06:04:13.928+0000] {task_command.py:415} INFO - Running <TaskInstance: dag_with_postgres_operator_v04.delete_data_from_table scheduled__2022-01-18T00:00:00+00:00 [running]> on host 10bdc2e98230
[2023-09-04T06:04:14.112+0000] {taskinstance.py:1660} INFO - Exporting env vars: AIRFLOW_CTX_DAG_OWNER='mohghaff' AIRFLOW_CTX_DAG_ID='dag_with_postgres_operator_v04' AIRFLOW_CTX_TASK_ID='delete_data_from_table' AIRFLOW_CTX_EXECUTION_DATE='2022-01-18T00:00:00+00:00' AIRFLOW_CTX_TRY_NUMBER='1' AIRFLOW_CTX_DAG_RUN_ID='scheduled__2022-01-18T00:00:00+00:00'
[2023-09-04T06:04:14.115+0000] {sql.py:274} INFO - Executing: 
            delete from dag_runs where dt = '2022-01-18' and dag_id = 'dag_with_postgres_operator_v04';
        
[2023-09-04T06:04:14.137+0000] {base.py:73} INFO - Using connection ID 'postgres_localhost' for task execution.
[2023-09-04T06:04:14.155+0000] {base.py:73} INFO - Using connection ID 'postgres_localhost' for task execution.
[2023-09-04T06:04:14.177+0000] {sql.py:418} INFO - Running statement: 
            delete from dag_runs where dt = '2022-01-18' and dag_id = 'dag_with_postgres_operator_v04';
        , parameters: None
[2023-09-04T06:04:14.185+0000] {sql.py:427} INFO - Rows affected: 1
[2023-09-04T06:04:14.207+0000] {taskinstance.py:1400} INFO - Marking task as SUCCESS. dag_id=dag_with_postgres_operator_v04, task_id=delete_data_from_table, execution_date=20220118T000000, start_date=20230904T060413, end_date=20230904T060414
[2023-09-04T06:04:14.243+0000] {local_task_job_runner.py:228} INFO - Task exited with return code 0
[2023-09-04T06:04:14.289+0000] {taskinstance.py:2784} INFO - 1 downstream tasks scheduled from follow-on schedule check
