[2023-09-04T06:02:55.558+0000] {taskinstance.py:1159} INFO - Dependencies all met for dep_context=non-requeueable deps ti=<TaskInstance: dag_with_postgres_operator_v04.create_postgres_table scheduled__2022-05-04T00:00:00+00:00 [queued]>
[2023-09-04T06:02:55.567+0000] {taskinstance.py:1159} INFO - Dependencies all met for dep_context=requeueable deps ti=<TaskInstance: dag_with_postgres_operator_v04.create_postgres_table scheduled__2022-05-04T00:00:00+00:00 [queued]>
[2023-09-04T06:02:55.568+0000] {taskinstance.py:1361} INFO - Starting attempt 1 of 6
[2023-09-04T06:02:55.637+0000] {taskinstance.py:1382} INFO - Executing <Task(PostgresOperator): create_postgres_table> on 2022-05-04 00:00:00+00:00
[2023-09-04T06:02:55.645+0000] {standard_task_runner.py:57} INFO - Started process 5572 to run task
[2023-09-04T06:02:55.648+0000] {standard_task_runner.py:84} INFO - Running: ['***', 'tasks', 'run', 'dag_with_postgres_operator_v04', 'create_postgres_table', 'scheduled__2022-05-04T00:00:00+00:00', '--job-id', '535', '--raw', '--subdir', 'DAGS_FOLDER/dag_with_postgres_operator.py', '--cfg-path', '/tmp/tmpjiw94g5y']
[2023-09-04T06:02:55.650+0000] {standard_task_runner.py:85} INFO - Job 535: Subtask create_postgres_table
[2023-09-04T06:02:55.724+0000] {task_command.py:415} INFO - Running <TaskInstance: dag_with_postgres_operator_v04.create_postgres_table scheduled__2022-05-04T00:00:00+00:00 [running]> on host 10bdc2e98230
[2023-09-04T06:02:55.840+0000] {taskinstance.py:1660} INFO - Exporting env vars: AIRFLOW_CTX_DAG_OWNER='coder2j' AIRFLOW_CTX_DAG_ID='dag_with_postgres_operator_v04' AIRFLOW_CTX_TASK_ID='create_postgres_table' AIRFLOW_CTX_EXECUTION_DATE='2022-05-04T00:00:00+00:00' AIRFLOW_CTX_TRY_NUMBER='1' AIRFLOW_CTX_DAG_RUN_ID='scheduled__2022-05-04T00:00:00+00:00'
[2023-09-04T06:02:55.841+0000] {sql.py:274} INFO - Executing: 
            create table if not exists dag_runs (
                dt date,
                dag_id character varying,
                primary key (dt, dag_id)
            )
        
[2023-09-04T06:02:55.853+0000] {base.py:73} INFO - Using connection ID 'postgres_localhost' for task execution.
[2023-09-04T06:02:55.863+0000] {base.py:73} INFO - Using connection ID 'postgres_localhost' for task execution.
[2023-09-04T06:02:55.877+0000] {sql.py:418} INFO - Running statement: 
            create table if not exists dag_runs (
                dt date,
                dag_id character varying,
                primary key (dt, dag_id)
            )
        , parameters: None
[2023-09-04T06:02:55.893+0000] {taskinstance.py:1400} INFO - Marking task as SUCCESS. dag_id=dag_with_postgres_operator_v04, task_id=create_postgres_table, execution_date=20220504T000000, start_date=20230904T060255, end_date=20230904T060255
[2023-09-04T06:02:55.941+0000] {local_task_job_runner.py:228} INFO - Task exited with return code 0
[2023-09-04T06:02:55.978+0000] {taskinstance.py:2784} INFO - 1 downstream tasks scheduled from follow-on schedule check
[2023-09-04T06:05:36.896+0000] {taskinstance.py:1159} INFO - Dependencies all met for dep_context=non-requeueable deps ti=<TaskInstance: dag_with_postgres_operator_v04.create_postgres_table scheduled__2022-05-04T00:00:00+00:00 [queued]>
[2023-09-04T06:05:36.921+0000] {taskinstance.py:1159} INFO - Dependencies all met for dep_context=requeueable deps ti=<TaskInstance: dag_with_postgres_operator_v04.create_postgres_table scheduled__2022-05-04T00:00:00+00:00 [queued]>
[2023-09-04T06:05:36.921+0000] {taskinstance.py:1361} INFO - Starting attempt 1 of 6
[2023-09-04T06:05:37.173+0000] {taskinstance.py:1382} INFO - Executing <Task(PostgresOperator): create_postgres_table> on 2022-05-04 00:00:00+00:00
[2023-09-04T06:05:37.185+0000] {standard_task_runner.py:57} INFO - Started process 6825 to run task
[2023-09-04T06:05:37.190+0000] {standard_task_runner.py:84} INFO - Running: ['***', 'tasks', 'run', 'dag_with_postgres_operator_v04', 'create_postgres_table', 'scheduled__2022-05-04T00:00:00+00:00', '--job-id', '1066', '--raw', '--subdir', 'DAGS_FOLDER/dag_with_postgres_operator.py', '--cfg-path', '/tmp/tmpki1ivp25']
[2023-09-04T06:05:37.196+0000] {standard_task_runner.py:85} INFO - Job 1066: Subtask create_postgres_table
[2023-09-04T06:05:37.340+0000] {task_command.py:415} INFO - Running <TaskInstance: dag_with_postgres_operator_v04.create_postgres_table scheduled__2022-05-04T00:00:00+00:00 [running]> on host 10bdc2e98230
[2023-09-04T06:05:37.590+0000] {taskinstance.py:1660} INFO - Exporting env vars: AIRFLOW_CTX_DAG_OWNER='mohghaff' AIRFLOW_CTX_DAG_ID='dag_with_postgres_operator_v04' AIRFLOW_CTX_TASK_ID='create_postgres_table' AIRFLOW_CTX_EXECUTION_DATE='2022-05-04T00:00:00+00:00' AIRFLOW_CTX_TRY_NUMBER='1' AIRFLOW_CTX_DAG_RUN_ID='scheduled__2022-05-04T00:00:00+00:00'
[2023-09-04T06:05:37.593+0000] {sql.py:274} INFO - Executing: 
            create table if not exists dag_runs (
                dt date,
                dag_id character varying,
                primary key (dt, dag_id)
            )
        
[2023-09-04T06:05:37.611+0000] {base.py:73} INFO - Using connection ID 'postgres_localhost' for task execution.
[2023-09-04T06:05:37.627+0000] {base.py:73} INFO - Using connection ID 'postgres_localhost' for task execution.
[2023-09-04T06:05:37.650+0000] {sql.py:418} INFO - Running statement: 
            create table if not exists dag_runs (
                dt date,
                dag_id character varying,
                primary key (dt, dag_id)
            )
        , parameters: None
[2023-09-04T06:05:37.682+0000] {taskinstance.py:1400} INFO - Marking task as SUCCESS. dag_id=dag_with_postgres_operator_v04, task_id=create_postgres_table, execution_date=20220504T000000, start_date=20230904T060536, end_date=20230904T060537
[2023-09-04T06:05:37.769+0000] {local_task_job_runner.py:228} INFO - Task exited with return code 0
[2023-09-04T06:05:37.839+0000] {taskinstance.py:2784} INFO - 1 downstream tasks scheduled from follow-on schedule check
