[2023-09-04T06:10:14.184+0000] {taskinstance.py:1159} INFO - Dependencies all met for dep_context=non-requeueable deps ti=<TaskInstance: dag_with_postgres_operator_v04.delete_data_from_table scheduled__2023-04-26T00:00:00+00:00 [queued]>
[2023-09-04T06:10:14.199+0000] {taskinstance.py:1159} INFO - Dependencies all met for dep_context=requeueable deps ti=<TaskInstance: dag_with_postgres_operator_v04.delete_data_from_table scheduled__2023-04-26T00:00:00+00:00 [queued]>
[2023-09-04T06:10:14.200+0000] {taskinstance.py:1361} INFO - Starting attempt 1 of 6
[2023-09-04T06:10:14.237+0000] {taskinstance.py:1382} INFO - Executing <Task(PostgresOperator): delete_data_from_table> on 2023-04-26 00:00:00+00:00
[2023-09-04T06:10:14.248+0000] {standard_task_runner.py:57} INFO - Started process 9335 to run task
[2023-09-04T06:10:14.258+0000] {standard_task_runner.py:84} INFO - Running: ['***', 'tasks', 'run', 'dag_with_postgres_operator_v04', 'delete_data_from_table', 'scheduled__2023-04-26T00:00:00+00:00', '--job-id', '2152', '--raw', '--subdir', 'DAGS_FOLDER/dag_with_postgres_operator.py', '--cfg-path', '/tmp/tmpeegog32f']
[2023-09-04T06:10:14.261+0000] {standard_task_runner.py:85} INFO - Job 2152: Subtask delete_data_from_table
[2023-09-04T06:10:14.454+0000] {task_command.py:415} INFO - Running <TaskInstance: dag_with_postgres_operator_v04.delete_data_from_table scheduled__2023-04-26T00:00:00+00:00 [running]> on host 10bdc2e98230
[2023-09-04T06:10:14.715+0000] {taskinstance.py:1660} INFO - Exporting env vars: AIRFLOW_CTX_DAG_OWNER='mohghaff' AIRFLOW_CTX_DAG_ID='dag_with_postgres_operator_v04' AIRFLOW_CTX_TASK_ID='delete_data_from_table' AIRFLOW_CTX_EXECUTION_DATE='2023-04-26T00:00:00+00:00' AIRFLOW_CTX_TRY_NUMBER='1' AIRFLOW_CTX_DAG_RUN_ID='scheduled__2023-04-26T00:00:00+00:00'
[2023-09-04T06:10:14.718+0000] {sql.py:274} INFO - Executing: 
            delete from dag_runs where dt = '2023-04-26' and dag_id = 'dag_with_postgres_operator_v04';
        
[2023-09-04T06:10:14.738+0000] {base.py:73} INFO - Using connection ID 'postgres_localhost' for task execution.
[2023-09-04T06:10:14.769+0000] {base.py:73} INFO - Using connection ID 'postgres_localhost' for task execution.
[2023-09-04T06:10:14.786+0000] {sql.py:418} INFO - Running statement: 
            delete from dag_runs where dt = '2023-04-26' and dag_id = 'dag_with_postgres_operator_v04';
        , parameters: None
[2023-09-04T06:10:14.797+0000] {sql.py:427} INFO - Rows affected: 0
[2023-09-04T06:10:14.819+0000] {taskinstance.py:1400} INFO - Marking task as SUCCESS. dag_id=dag_with_postgres_operator_v04, task_id=delete_data_from_table, execution_date=20230426T000000, start_date=20230904T061014, end_date=20230904T061014
[2023-09-04T06:10:15.036+0000] {local_task_job_runner.py:228} INFO - Task exited with return code 0
[2023-09-04T06:10:15.087+0000] {taskinstance.py:2784} INFO - 1 downstream tasks scheduled from follow-on schedule check
