[2023-09-04T06:02:58.250+0000] {taskinstance.py:1159} INFO - Dependencies all met for dep_context=non-requeueable deps ti=<TaskInstance: dag_with_postgres_operator_v04.delete_data_from_table scheduled__2022-05-09T00:00:00+00:00 [queued]>
[2023-09-04T06:02:58.267+0000] {taskinstance.py:1159} INFO - Dependencies all met for dep_context=requeueable deps ti=<TaskInstance: dag_with_postgres_operator_v04.delete_data_from_table scheduled__2022-05-09T00:00:00+00:00 [queued]>
[2023-09-04T06:02:58.268+0000] {taskinstance.py:1361} INFO - Starting attempt 1 of 6
[2023-09-04T06:02:58.298+0000] {taskinstance.py:1382} INFO - Executing <Task(PostgresOperator): delete_data_from_table> on 2022-05-09 00:00:00+00:00
[2023-09-04T06:02:58.309+0000] {standard_task_runner.py:57} INFO - Started process 5609 to run task
[2023-09-04T06:02:58.312+0000] {standard_task_runner.py:84} INFO - Running: ['***', 'tasks', 'run', 'dag_with_postgres_operator_v04', 'delete_data_from_table', 'scheduled__2022-05-09T00:00:00+00:00', '--job-id', '553', '--raw', '--subdir', 'DAGS_FOLDER/dag_with_postgres_operator.py', '--cfg-path', '/tmp/tmp3oamb094']
[2023-09-04T06:02:58.314+0000] {standard_task_runner.py:85} INFO - Job 553: Subtask delete_data_from_table
[2023-09-04T06:02:58.381+0000] {task_command.py:415} INFO - Running <TaskInstance: dag_with_postgres_operator_v04.delete_data_from_table scheduled__2022-05-09T00:00:00+00:00 [running]> on host 10bdc2e98230
[2023-09-04T06:02:58.513+0000] {taskinstance.py:1660} INFO - Exporting env vars: AIRFLOW_CTX_DAG_OWNER='coder2j' AIRFLOW_CTX_DAG_ID='dag_with_postgres_operator_v04' AIRFLOW_CTX_TASK_ID='delete_data_from_table' AIRFLOW_CTX_EXECUTION_DATE='2022-05-09T00:00:00+00:00' AIRFLOW_CTX_TRY_NUMBER='1' AIRFLOW_CTX_DAG_RUN_ID='scheduled__2022-05-09T00:00:00+00:00'
[2023-09-04T06:02:58.515+0000] {sql.py:274} INFO - Executing: 
            delete from dag_runs where dt = '2022-05-09' and dag_id = 'dag_with_postgres_operator_v04';
        
[2023-09-04T06:02:58.532+0000] {base.py:73} INFO - Using connection ID 'postgres_localhost' for task execution.
[2023-09-04T06:02:58.547+0000] {base.py:73} INFO - Using connection ID 'postgres_localhost' for task execution.
[2023-09-04T06:02:58.565+0000] {sql.py:418} INFO - Running statement: 
            delete from dag_runs where dt = '2022-05-09' and dag_id = 'dag_with_postgres_operator_v04';
        , parameters: None
[2023-09-04T06:02:58.575+0000] {sql.py:427} INFO - Rows affected: 0
[2023-09-04T06:02:58.594+0000] {taskinstance.py:1400} INFO - Marking task as SUCCESS. dag_id=dag_with_postgres_operator_v04, task_id=delete_data_from_table, execution_date=20220509T000000, start_date=20230904T060258, end_date=20230904T060258
[2023-09-04T06:02:58.806+0000] {local_task_job_runner.py:228} INFO - Task exited with return code 0
[2023-09-04T06:02:58.839+0000] {taskinstance.py:2784} INFO - 1 downstream tasks scheduled from follow-on schedule check
[2023-09-04T06:05:43.811+0000] {taskinstance.py:1159} INFO - Dependencies all met for dep_context=non-requeueable deps ti=<TaskInstance: dag_with_postgres_operator_v04.delete_data_from_table scheduled__2022-05-09T00:00:00+00:00 [queued]>
[2023-09-04T06:05:43.835+0000] {taskinstance.py:1159} INFO - Dependencies all met for dep_context=requeueable deps ti=<TaskInstance: dag_with_postgres_operator_v04.delete_data_from_table scheduled__2022-05-09T00:00:00+00:00 [queued]>
[2023-09-04T06:05:43.836+0000] {taskinstance.py:1361} INFO - Starting attempt 1 of 6
[2023-09-04T06:05:43.910+0000] {taskinstance.py:1382} INFO - Executing <Task(PostgresOperator): delete_data_from_table> on 2022-05-09 00:00:00+00:00
[2023-09-04T06:05:43.925+0000] {standard_task_runner.py:57} INFO - Started process 6893 to run task
[2023-09-04T06:05:43.931+0000] {standard_task_runner.py:84} INFO - Running: ['***', 'tasks', 'run', 'dag_with_postgres_operator_v04', 'delete_data_from_table', 'scheduled__2022-05-09T00:00:00+00:00', '--job-id', '1097', '--raw', '--subdir', 'DAGS_FOLDER/dag_with_postgres_operator.py', '--cfg-path', '/tmp/tmp6ajz64oz']
[2023-09-04T06:05:43.935+0000] {standard_task_runner.py:85} INFO - Job 1097: Subtask delete_data_from_table
[2023-09-04T06:05:44.064+0000] {task_command.py:415} INFO - Running <TaskInstance: dag_with_postgres_operator_v04.delete_data_from_table scheduled__2022-05-09T00:00:00+00:00 [running]> on host 10bdc2e98230
[2023-09-04T06:05:44.257+0000] {taskinstance.py:1660} INFO - Exporting env vars: AIRFLOW_CTX_DAG_OWNER='mohghaff' AIRFLOW_CTX_DAG_ID='dag_with_postgres_operator_v04' AIRFLOW_CTX_TASK_ID='delete_data_from_table' AIRFLOW_CTX_EXECUTION_DATE='2022-05-09T00:00:00+00:00' AIRFLOW_CTX_TRY_NUMBER='1' AIRFLOW_CTX_DAG_RUN_ID='scheduled__2022-05-09T00:00:00+00:00'
[2023-09-04T06:05:44.259+0000] {sql.py:274} INFO - Executing: 
            delete from dag_runs where dt = '2022-05-09' and dag_id = 'dag_with_postgres_operator_v04';
        
[2023-09-04T06:05:44.276+0000] {base.py:73} INFO - Using connection ID 'postgres_localhost' for task execution.
[2023-09-04T06:05:44.290+0000] {base.py:73} INFO - Using connection ID 'postgres_localhost' for task execution.
[2023-09-04T06:05:44.310+0000] {sql.py:418} INFO - Running statement: 
            delete from dag_runs where dt = '2022-05-09' and dag_id = 'dag_with_postgres_operator_v04';
        , parameters: None
[2023-09-04T06:05:44.320+0000] {sql.py:427} INFO - Rows affected: 1
[2023-09-04T06:05:44.346+0000] {taskinstance.py:1400} INFO - Marking task as SUCCESS. dag_id=dag_with_postgres_operator_v04, task_id=delete_data_from_table, execution_date=20220509T000000, start_date=20230904T060543, end_date=20230904T060544
[2023-09-04T06:05:44.385+0000] {local_task_job_runner.py:228} INFO - Task exited with return code 0
[2023-09-04T06:05:44.421+0000] {taskinstance.py:2784} INFO - 1 downstream tasks scheduled from follow-on schedule check
