[2023-09-04T06:02:42.891+0000] {taskinstance.py:1159} INFO - Dependencies all met for dep_context=non-requeueable deps ti=<TaskInstance: dag_with_postgres_operator_v04.insert_into_table scheduled__2022-04-16T00:00:00+00:00 [queued]>
[2023-09-04T06:02:42.905+0000] {taskinstance.py:1159} INFO - Dependencies all met for dep_context=requeueable deps ti=<TaskInstance: dag_with_postgres_operator_v04.insert_into_table scheduled__2022-04-16T00:00:00+00:00 [queued]>
[2023-09-04T06:02:42.906+0000] {taskinstance.py:1361} INFO - Starting attempt 1 of 6
[2023-09-04T06:02:42.926+0000] {taskinstance.py:1382} INFO - Executing <Task(PostgresOperator): insert_into_table> on 2022-04-16 00:00:00+00:00
[2023-09-04T06:02:42.935+0000] {standard_task_runner.py:57} INFO - Started process 5461 to run task
[2023-09-04T06:02:42.938+0000] {standard_task_runner.py:84} INFO - Running: ['***', 'tasks', 'run', 'dag_with_postgres_operator_v04', 'insert_into_table', 'scheduled__2022-04-16T00:00:00+00:00', '--job-id', '493', '--raw', '--subdir', 'DAGS_FOLDER/dag_with_postgres_operator.py', '--cfg-path', '/tmp/tmpc86rdnrj']
[2023-09-04T06:02:42.941+0000] {standard_task_runner.py:85} INFO - Job 493: Subtask insert_into_table
[2023-09-04T06:02:43.007+0000] {task_command.py:415} INFO - Running <TaskInstance: dag_with_postgres_operator_v04.insert_into_table scheduled__2022-04-16T00:00:00+00:00 [running]> on host 10bdc2e98230
[2023-09-04T06:02:43.113+0000] {taskinstance.py:1660} INFO - Exporting env vars: AIRFLOW_CTX_DAG_OWNER='coder2j' AIRFLOW_CTX_DAG_ID='dag_with_postgres_operator_v04' AIRFLOW_CTX_TASK_ID='insert_into_table' AIRFLOW_CTX_EXECUTION_DATE='2022-04-16T00:00:00+00:00' AIRFLOW_CTX_TRY_NUMBER='1' AIRFLOW_CTX_DAG_RUN_ID='scheduled__2022-04-16T00:00:00+00:00'
[2023-09-04T06:02:43.115+0000] {sql.py:274} INFO - Executing: 
            insert into dag_runs (dt, dag_id) values ('2022-04-16', 'dag_with_postgres_operator_v04')
        
[2023-09-04T06:02:43.125+0000] {base.py:73} INFO - Using connection ID 'postgres_localhost' for task execution.
[2023-09-04T06:02:43.135+0000] {base.py:73} INFO - Using connection ID 'postgres_localhost' for task execution.
[2023-09-04T06:02:43.147+0000] {sql.py:418} INFO - Running statement: 
            insert into dag_runs (dt, dag_id) values ('2022-04-16', 'dag_with_postgres_operator_v04')
        , parameters: None
[2023-09-04T06:02:43.151+0000] {sql.py:427} INFO - Rows affected: 1
[2023-09-04T06:02:43.168+0000] {taskinstance.py:1400} INFO - Marking task as SUCCESS. dag_id=dag_with_postgres_operator_v04, task_id=insert_into_table, execution_date=20220416T000000, start_date=20230904T060242, end_date=20230904T060243
[2023-09-04T06:02:43.191+0000] {local_task_job_runner.py:228} INFO - Task exited with return code 0
[2023-09-04T06:02:43.206+0000] {taskinstance.py:2784} INFO - 0 downstream tasks scheduled from follow-on schedule check
[2023-09-04T06:05:28.714+0000] {taskinstance.py:1159} INFO - Dependencies all met for dep_context=non-requeueable deps ti=<TaskInstance: dag_with_postgres_operator_v04.insert_into_table scheduled__2022-04-16T00:00:00+00:00 [queued]>
[2023-09-04T06:05:28.748+0000] {taskinstance.py:1159} INFO - Dependencies all met for dep_context=requeueable deps ti=<TaskInstance: dag_with_postgres_operator_v04.insert_into_table scheduled__2022-04-16T00:00:00+00:00 [queued]>
[2023-09-04T06:05:28.749+0000] {taskinstance.py:1361} INFO - Starting attempt 1 of 6
[2023-09-04T06:05:28.779+0000] {taskinstance.py:1382} INFO - Executing <Task(PostgresOperator): insert_into_table> on 2022-04-16 00:00:00+00:00
[2023-09-04T06:05:28.786+0000] {standard_task_runner.py:57} INFO - Started process 6777 to run task
[2023-09-04T06:05:28.791+0000] {standard_task_runner.py:84} INFO - Running: ['***', 'tasks', 'run', 'dag_with_postgres_operator_v04', 'insert_into_table', 'scheduled__2022-04-16T00:00:00+00:00', '--job-id', '1045', '--raw', '--subdir', 'DAGS_FOLDER/dag_with_postgres_operator.py', '--cfg-path', '/tmp/tmpwifuteqv']
[2023-09-04T06:05:28.794+0000] {standard_task_runner.py:85} INFO - Job 1045: Subtask insert_into_table
[2023-09-04T06:05:28.921+0000] {task_command.py:415} INFO - Running <TaskInstance: dag_with_postgres_operator_v04.insert_into_table scheduled__2022-04-16T00:00:00+00:00 [running]> on host 10bdc2e98230
[2023-09-04T06:05:29.127+0000] {taskinstance.py:1660} INFO - Exporting env vars: AIRFLOW_CTX_DAG_OWNER='mohghaff' AIRFLOW_CTX_DAG_ID='dag_with_postgres_operator_v04' AIRFLOW_CTX_TASK_ID='insert_into_table' AIRFLOW_CTX_EXECUTION_DATE='2022-04-16T00:00:00+00:00' AIRFLOW_CTX_TRY_NUMBER='1' AIRFLOW_CTX_DAG_RUN_ID='scheduled__2022-04-16T00:00:00+00:00'
[2023-09-04T06:05:29.129+0000] {sql.py:274} INFO - Executing: 
            insert into dag_runs (dt, dag_id) values ('2022-04-16', 'dag_with_postgres_operator_v04')
        
[2023-09-04T06:05:29.142+0000] {base.py:73} INFO - Using connection ID 'postgres_localhost' for task execution.
[2023-09-04T06:05:29.154+0000] {base.py:73} INFO - Using connection ID 'postgres_localhost' for task execution.
[2023-09-04T06:05:29.172+0000] {sql.py:418} INFO - Running statement: 
            insert into dag_runs (dt, dag_id) values ('2022-04-16', 'dag_with_postgres_operator_v04')
        , parameters: None
[2023-09-04T06:05:29.179+0000] {sql.py:427} INFO - Rows affected: 1
[2023-09-04T06:05:29.203+0000] {taskinstance.py:1400} INFO - Marking task as SUCCESS. dag_id=dag_with_postgres_operator_v04, task_id=insert_into_table, execution_date=20220416T000000, start_date=20230904T060528, end_date=20230904T060529
[2023-09-04T06:05:29.244+0000] {local_task_job_runner.py:228} INFO - Task exited with return code 0
[2023-09-04T06:05:29.312+0000] {taskinstance.py:2784} INFO - 0 downstream tasks scheduled from follow-on schedule check
