[2023-09-04T12:32:47.754+0000] {taskinstance.py:1159} INFO - Dependencies all met for dep_context=non-requeueable deps ti=<TaskInstance: dags_with_python_dependencies_v03.get_sklearn scheduled__2023-01-10T00:00:00+00:00 [queued]>
[2023-09-04T12:32:47.771+0000] {taskinstance.py:1159} INFO - Dependencies all met for dep_context=requeueable deps ti=<TaskInstance: dags_with_python_dependencies_v03.get_sklearn scheduled__2023-01-10T00:00:00+00:00 [queued]>
[2023-09-04T12:32:47.771+0000] {taskinstance.py:1361} INFO - Starting attempt 1 of 6
[2023-09-04T12:32:47.951+0000] {taskinstance.py:1382} INFO - Executing <Task(PythonOperator): get_sklearn> on 2023-01-10 00:00:00+00:00
[2023-09-04T12:32:47.959+0000] {standard_task_runner.py:57} INFO - Started process 1342 to run task
[2023-09-04T12:32:47.962+0000] {standard_task_runner.py:84} INFO - Running: ['***', 'tasks', 'run', 'dags_with_python_dependencies_v03', 'get_sklearn', 'scheduled__2023-01-10T00:00:00+00:00', '--job-id', '3332', '--raw', '--subdir', 'DAGS_FOLDER/dags_with_python_dependencies.py', '--cfg-path', '/tmp/tmp204ne4vy']
[2023-09-04T12:32:47.965+0000] {standard_task_runner.py:85} INFO - Job 3332: Subtask get_sklearn
[2023-09-04T12:32:48.031+0000] {task_command.py:415} INFO - Running <TaskInstance: dags_with_python_dependencies_v03.get_sklearn scheduled__2023-01-10T00:00:00+00:00 [running]> on host 55ba52c92856
[2023-09-04T12:32:48.143+0000] {taskinstance.py:1660} INFO - Exporting env vars: AIRFLOW_CTX_DAG_OWNER='mohghaff' AIRFLOW_CTX_DAG_ID='dags_with_python_dependencies_v03' AIRFLOW_CTX_TASK_ID='get_sklearn' AIRFLOW_CTX_EXECUTION_DATE='2023-01-10T00:00:00+00:00' AIRFLOW_CTX_TRY_NUMBER='1' AIRFLOW_CTX_DAG_RUN_ID='scheduled__2023-01-10T00:00:00+00:00'
[2023-09-04T12:32:48.145+0000] {taskinstance.py:1943} ERROR - Task failed with exception
Traceback (most recent call last):
  File "/home/airflow/.local/lib/python3.8/site-packages/airflow/operators/python.py", line 192, in execute
    return_value = self.execute_callable()
  File "/home/airflow/.local/lib/python3.8/site-packages/airflow/operators/python.py", line 209, in execute_callable
    return self.python_callable(*self.op_args, **self.op_kwargs)
  File "/opt/airflow/dags/dags_with_python_dependencies.py", line 16, in get_sklearn
    import sklearn
ModuleNotFoundError: No module named 'sklearn'
[2023-09-04T12:32:48.158+0000] {taskinstance.py:1400} INFO - Marking task as UP_FOR_RETRY. dag_id=dags_with_python_dependencies_v03, task_id=get_sklearn, execution_date=20230110T000000, start_date=20230904T123247, end_date=20230904T123248
[2023-09-04T12:32:48.175+0000] {standard_task_runner.py:104} ERROR - Failed to execute job 3332 for task get_sklearn (No module named 'sklearn'; 1342)
[2023-09-04T12:32:48.215+0000] {local_task_job_runner.py:228} INFO - Task exited with return code 1
[2023-09-04T12:32:48.249+0000] {taskinstance.py:2784} INFO - 0 downstream tasks scheduled from follow-on schedule check
[2023-09-04T12:39:43.318+0000] {taskinstance.py:1159} INFO - Dependencies all met for dep_context=non-requeueable deps ti=<TaskInstance: dags_with_python_dependencies_v03.get_sklearn scheduled__2023-01-10T00:00:00+00:00 [queued]>
[2023-09-04T12:39:43.334+0000] {taskinstance.py:1159} INFO - Dependencies all met for dep_context=requeueable deps ti=<TaskInstance: dags_with_python_dependencies_v03.get_sklearn scheduled__2023-01-10T00:00:00+00:00 [queued]>
[2023-09-04T12:39:43.335+0000] {taskinstance.py:1361} INFO - Starting attempt 1 of 6
[2023-09-04T12:39:43.523+0000] {taskinstance.py:1382} INFO - Executing <Task(PythonOperator): get_sklearn> on 2023-01-10 00:00:00+00:00
[2023-09-04T12:39:43.532+0000] {standard_task_runner.py:57} INFO - Started process 1948 to run task
[2023-09-04T12:39:43.536+0000] {standard_task_runner.py:84} INFO - Running: ['***', 'tasks', 'run', 'dags_with_python_dependencies_v03', 'get_sklearn', 'scheduled__2023-01-10T00:00:00+00:00', '--job-id', '3349', '--raw', '--subdir', 'DAGS_FOLDER/dags_with_python_dependencies.py', '--cfg-path', '/tmp/tmpfk9r3p9p']
[2023-09-04T12:39:43.539+0000] {standard_task_runner.py:85} INFO - Job 3349: Subtask get_sklearn
[2023-09-04T12:39:43.604+0000] {task_command.py:415} INFO - Running <TaskInstance: dags_with_python_dependencies_v03.get_sklearn scheduled__2023-01-10T00:00:00+00:00 [running]> on host 55ba52c92856
[2023-09-04T12:39:43.715+0000] {taskinstance.py:1660} INFO - Exporting env vars: AIRFLOW_CTX_DAG_OWNER='mohghaff' AIRFLOW_CTX_DAG_ID='dags_with_python_dependencies_v03' AIRFLOW_CTX_TASK_ID='get_sklearn' AIRFLOW_CTX_EXECUTION_DATE='2023-01-10T00:00:00+00:00' AIRFLOW_CTX_TRY_NUMBER='1' AIRFLOW_CTX_DAG_RUN_ID='scheduled__2023-01-10T00:00:00+00:00'
[2023-09-04T12:39:43.718+0000] {taskinstance.py:1943} ERROR - Task failed with exception
Traceback (most recent call last):
  File "/home/airflow/.local/lib/python3.8/site-packages/airflow/operators/python.py", line 192, in execute
    return_value = self.execute_callable()
  File "/home/airflow/.local/lib/python3.8/site-packages/airflow/operators/python.py", line 209, in execute_callable
    return self.python_callable(*self.op_args, **self.op_kwargs)
  File "/opt/airflow/dags/dags_with_python_dependencies.py", line 16, in get_sklearn
    import sklearn
ModuleNotFoundError: No module named 'sklearn'
[2023-09-04T12:39:43.728+0000] {taskinstance.py:1400} INFO - Marking task as UP_FOR_RETRY. dag_id=dags_with_python_dependencies_v03, task_id=get_sklearn, execution_date=20230110T000000, start_date=20230904T123943, end_date=20230904T123943
[2023-09-04T12:39:43.747+0000] {standard_task_runner.py:104} ERROR - Failed to execute job 3349 for task get_sklearn (No module named 'sklearn'; 1948)
[2023-09-04T12:39:43.788+0000] {local_task_job_runner.py:228} INFO - Task exited with return code 1
[2023-09-04T12:39:43.820+0000] {taskinstance.py:2784} INFO - 0 downstream tasks scheduled from follow-on schedule check
