[2023-09-04T06:03:18.935+0000] {taskinstance.py:1159} INFO - Dependencies all met for dep_context=non-requeueable deps ti=<TaskInstance: dag_with_postgres_operator_v04.create_postgres_table scheduled__2022-06-08T00:00:00+00:00 [queued]>
[2023-09-04T06:03:18.954+0000] {taskinstance.py:1159} INFO - Dependencies all met for dep_context=requeueable deps ti=<TaskInstance: dag_with_postgres_operator_v04.create_postgres_table scheduled__2022-06-08T00:00:00+00:00 [queued]>
[2023-09-04T06:03:18.954+0000] {taskinstance.py:1361} INFO - Starting attempt 1 of 6
[2023-09-04T06:03:19.066+0000] {taskinstance.py:1382} INFO - Executing <Task(PostgresOperator): create_postgres_table> on 2022-06-08 00:00:00+00:00
[2023-09-04T06:03:19.076+0000] {standard_task_runner.py:57} INFO - Started process 5798 to run task
[2023-09-04T06:03:19.080+0000] {standard_task_runner.py:84} INFO - Running: ['***', 'tasks', 'run', 'dag_with_postgres_operator_v04', 'create_postgres_table', 'scheduled__2022-06-08T00:00:00+00:00', '--job-id', '642', '--raw', '--subdir', 'DAGS_FOLDER/dag_with_postgres_operator.py', '--cfg-path', '/tmp/tmpgm_vhu4e']
[2023-09-04T06:03:19.083+0000] {standard_task_runner.py:85} INFO - Job 642: Subtask create_postgres_table
[2023-09-04T06:03:19.194+0000] {task_command.py:415} INFO - Running <TaskInstance: dag_with_postgres_operator_v04.create_postgres_table scheduled__2022-06-08T00:00:00+00:00 [running]> on host 10bdc2e98230
[2023-09-04T06:03:19.439+0000] {taskinstance.py:1660} INFO - Exporting env vars: AIRFLOW_CTX_DAG_OWNER='coder2j' AIRFLOW_CTX_DAG_ID='dag_with_postgres_operator_v04' AIRFLOW_CTX_TASK_ID='create_postgres_table' AIRFLOW_CTX_EXECUTION_DATE='2022-06-08T00:00:00+00:00' AIRFLOW_CTX_TRY_NUMBER='1' AIRFLOW_CTX_DAG_RUN_ID='scheduled__2022-06-08T00:00:00+00:00'
[2023-09-04T06:03:19.441+0000] {sql.py:274} INFO - Executing: 
            create table if not exists dag_runs (
                dt date,
                dag_id character varying,
                primary key (dt, dag_id)
            )
        
[2023-09-04T06:03:19.464+0000] {base.py:73} INFO - Using connection ID 'postgres_localhost' for task execution.
[2023-09-04T06:03:19.488+0000] {base.py:73} INFO - Using connection ID 'postgres_localhost' for task execution.
[2023-09-04T06:03:19.521+0000] {sql.py:418} INFO - Running statement: 
            create table if not exists dag_runs (
                dt date,
                dag_id character varying,
                primary key (dt, dag_id)
            )
        , parameters: None
[2023-09-04T06:03:19.564+0000] {taskinstance.py:1400} INFO - Marking task as SUCCESS. dag_id=dag_with_postgres_operator_v04, task_id=create_postgres_table, execution_date=20220608T000000, start_date=20230904T060318, end_date=20230904T060319
[2023-09-04T06:03:19.657+0000] {local_task_job_runner.py:228} INFO - Task exited with return code 0
[2023-09-04T06:03:19.793+0000] {taskinstance.py:2784} INFO - 1 downstream tasks scheduled from follow-on schedule check
[2023-09-04T06:06:07.029+0000] {taskinstance.py:1159} INFO - Dependencies all met for dep_context=non-requeueable deps ti=<TaskInstance: dag_with_postgres_operator_v04.create_postgres_table scheduled__2022-06-08T00:00:00+00:00 [queued]>
[2023-09-04T06:06:07.063+0000] {taskinstance.py:1159} INFO - Dependencies all met for dep_context=requeueable deps ti=<TaskInstance: dag_with_postgres_operator_v04.create_postgres_table scheduled__2022-06-08T00:00:00+00:00 [queued]>
[2023-09-04T06:06:07.064+0000] {taskinstance.py:1361} INFO - Starting attempt 1 of 6
[2023-09-04T06:06:07.514+0000] {taskinstance.py:1382} INFO - Executing <Task(PostgresOperator): create_postgres_table> on 2022-06-08 00:00:00+00:00
[2023-09-04T06:06:07.532+0000] {standard_task_runner.py:57} INFO - Started process 7072 to run task
[2023-09-04T06:06:07.541+0000] {standard_task_runner.py:84} INFO - Running: ['***', 'tasks', 'run', 'dag_with_postgres_operator_v04', 'create_postgres_table', 'scheduled__2022-06-08T00:00:00+00:00', '--job-id', '1171', '--raw', '--subdir', 'DAGS_FOLDER/dag_with_postgres_operator.py', '--cfg-path', '/tmp/tmpq2cne2jp']
[2023-09-04T06:06:07.546+0000] {standard_task_runner.py:85} INFO - Job 1171: Subtask create_postgres_table
[2023-09-04T06:06:07.740+0000] {task_command.py:415} INFO - Running <TaskInstance: dag_with_postgres_operator_v04.create_postgres_table scheduled__2022-06-08T00:00:00+00:00 [running]> on host 10bdc2e98230
[2023-09-04T06:06:08.007+0000] {taskinstance.py:1660} INFO - Exporting env vars: AIRFLOW_CTX_DAG_OWNER='mohghaff' AIRFLOW_CTX_DAG_ID='dag_with_postgres_operator_v04' AIRFLOW_CTX_TASK_ID='create_postgres_table' AIRFLOW_CTX_EXECUTION_DATE='2022-06-08T00:00:00+00:00' AIRFLOW_CTX_TRY_NUMBER='1' AIRFLOW_CTX_DAG_RUN_ID='scheduled__2022-06-08T00:00:00+00:00'
[2023-09-04T06:06:08.010+0000] {sql.py:274} INFO - Executing: 
            create table if not exists dag_runs (
                dt date,
                dag_id character varying,
                primary key (dt, dag_id)
            )
        
[2023-09-04T06:06:08.044+0000] {base.py:73} INFO - Using connection ID 'postgres_localhost' for task execution.
[2023-09-04T06:06:08.069+0000] {base.py:73} INFO - Using connection ID 'postgres_localhost' for task execution.
[2023-09-04T06:06:08.112+0000] {sql.py:418} INFO - Running statement: 
            create table if not exists dag_runs (
                dt date,
                dag_id character varying,
                primary key (dt, dag_id)
            )
        , parameters: None
[2023-09-04T06:06:08.160+0000] {taskinstance.py:1400} INFO - Marking task as SUCCESS. dag_id=dag_with_postgres_operator_v04, task_id=create_postgres_table, execution_date=20220608T000000, start_date=20230904T060607, end_date=20230904T060608
[2023-09-04T06:06:08.571+0000] {local_task_job_runner.py:228} INFO - Task exited with return code 0
[2023-09-04T06:06:08.654+0000] {taskinstance.py:2784} INFO - 1 downstream tasks scheduled from follow-on schedule check
