[2023-09-04T06:02:41.656+0000] {taskinstance.py:1159} INFO - Dependencies all met for dep_context=non-requeueable deps ti=<TaskInstance: dag_with_postgres_operator_v04.delete_data_from_table scheduled__2022-04-18T00:00:00+00:00 [queued]>
[2023-09-04T06:02:41.667+0000] {taskinstance.py:1159} INFO - Dependencies all met for dep_context=requeueable deps ti=<TaskInstance: dag_with_postgres_operator_v04.delete_data_from_table scheduled__2022-04-18T00:00:00+00:00 [queued]>
[2023-09-04T06:02:41.668+0000] {taskinstance.py:1361} INFO - Starting attempt 1 of 6
[2023-09-04T06:02:41.682+0000] {taskinstance.py:1382} INFO - Executing <Task(PostgresOperator): delete_data_from_table> on 2022-04-18 00:00:00+00:00
[2023-09-04T06:02:41.689+0000] {standard_task_runner.py:57} INFO - Started process 5449 to run task
[2023-09-04T06:02:41.691+0000] {standard_task_runner.py:84} INFO - Running: ['***', 'tasks', 'run', 'dag_with_postgres_operator_v04', 'delete_data_from_table', 'scheduled__2022-04-18T00:00:00+00:00', '--job-id', '490', '--raw', '--subdir', 'DAGS_FOLDER/dag_with_postgres_operator.py', '--cfg-path', '/tmp/tmpeiufg5u0']
[2023-09-04T06:02:41.693+0000] {standard_task_runner.py:85} INFO - Job 490: Subtask delete_data_from_table
[2023-09-04T06:02:41.741+0000] {task_command.py:415} INFO - Running <TaskInstance: dag_with_postgres_operator_v04.delete_data_from_table scheduled__2022-04-18T00:00:00+00:00 [running]> on host 10bdc2e98230
[2023-09-04T06:02:41.824+0000] {taskinstance.py:1660} INFO - Exporting env vars: AIRFLOW_CTX_DAG_OWNER='coder2j' AIRFLOW_CTX_DAG_ID='dag_with_postgres_operator_v04' AIRFLOW_CTX_TASK_ID='delete_data_from_table' AIRFLOW_CTX_EXECUTION_DATE='2022-04-18T00:00:00+00:00' AIRFLOW_CTX_TRY_NUMBER='1' AIRFLOW_CTX_DAG_RUN_ID='scheduled__2022-04-18T00:00:00+00:00'
[2023-09-04T06:02:41.826+0000] {sql.py:274} INFO - Executing: 
            delete from dag_runs where dt = '2022-04-18' and dag_id = 'dag_with_postgres_operator_v04';
        
[2023-09-04T06:02:41.834+0000] {base.py:73} INFO - Using connection ID 'postgres_localhost' for task execution.
[2023-09-04T06:02:41.842+0000] {base.py:73} INFO - Using connection ID 'postgres_localhost' for task execution.
[2023-09-04T06:02:41.851+0000] {sql.py:418} INFO - Running statement: 
            delete from dag_runs where dt = '2022-04-18' and dag_id = 'dag_with_postgres_operator_v04';
        , parameters: None
[2023-09-04T06:02:41.854+0000] {sql.py:427} INFO - Rows affected: 0
[2023-09-04T06:02:41.864+0000] {taskinstance.py:1400} INFO - Marking task as SUCCESS. dag_id=dag_with_postgres_operator_v04, task_id=delete_data_from_table, execution_date=20220418T000000, start_date=20230904T060241, end_date=20230904T060241
[2023-09-04T06:02:41.904+0000] {local_task_job_runner.py:228} INFO - Task exited with return code 0
[2023-09-04T06:02:41.921+0000] {taskinstance.py:2784} INFO - 1 downstream tasks scheduled from follow-on schedule check
[2023-09-04T06:05:26.467+0000] {taskinstance.py:1159} INFO - Dependencies all met for dep_context=non-requeueable deps ti=<TaskInstance: dag_with_postgres_operator_v04.delete_data_from_table scheduled__2022-04-18T00:00:00+00:00 [queued]>
[2023-09-04T06:05:26.496+0000] {taskinstance.py:1159} INFO - Dependencies all met for dep_context=requeueable deps ti=<TaskInstance: dag_with_postgres_operator_v04.delete_data_from_table scheduled__2022-04-18T00:00:00+00:00 [queued]>
[2023-09-04T06:05:26.497+0000] {taskinstance.py:1361} INFO - Starting attempt 1 of 6
[2023-09-04T06:05:26.778+0000] {taskinstance.py:1382} INFO - Executing <Task(PostgresOperator): delete_data_from_table> on 2022-04-18 00:00:00+00:00
[2023-09-04T06:05:26.800+0000] {standard_task_runner.py:57} INFO - Started process 6747 to run task
[2023-09-04T06:05:26.815+0000] {standard_task_runner.py:84} INFO - Running: ['***', 'tasks', 'run', 'dag_with_postgres_operator_v04', 'delete_data_from_table', 'scheduled__2022-04-18T00:00:00+00:00', '--job-id', '1035', '--raw', '--subdir', 'DAGS_FOLDER/dag_with_postgres_operator.py', '--cfg-path', '/tmp/tmpx0vvj418']
[2023-09-04T06:05:26.820+0000] {standard_task_runner.py:85} INFO - Job 1035: Subtask delete_data_from_table
[2023-09-04T06:05:27.012+0000] {task_command.py:415} INFO - Running <TaskInstance: dag_with_postgres_operator_v04.delete_data_from_table scheduled__2022-04-18T00:00:00+00:00 [running]> on host 10bdc2e98230
[2023-09-04T06:05:27.377+0000] {taskinstance.py:1660} INFO - Exporting env vars: AIRFLOW_CTX_DAG_OWNER='mohghaff' AIRFLOW_CTX_DAG_ID='dag_with_postgres_operator_v04' AIRFLOW_CTX_TASK_ID='delete_data_from_table' AIRFLOW_CTX_EXECUTION_DATE='2022-04-18T00:00:00+00:00' AIRFLOW_CTX_TRY_NUMBER='1' AIRFLOW_CTX_DAG_RUN_ID='scheduled__2022-04-18T00:00:00+00:00'
[2023-09-04T06:05:27.380+0000] {sql.py:274} INFO - Executing: 
            delete from dag_runs where dt = '2022-04-18' and dag_id = 'dag_with_postgres_operator_v04';
        
[2023-09-04T06:05:27.411+0000] {base.py:73} INFO - Using connection ID 'postgres_localhost' for task execution.
[2023-09-04T06:05:27.462+0000] {base.py:73} INFO - Using connection ID 'postgres_localhost' for task execution.
[2023-09-04T06:05:27.506+0000] {sql.py:418} INFO - Running statement: 
            delete from dag_runs where dt = '2022-04-18' and dag_id = 'dag_with_postgres_operator_v04';
        , parameters: None
[2023-09-04T06:05:27.523+0000] {sql.py:427} INFO - Rows affected: 1
[2023-09-04T06:05:27.570+0000] {taskinstance.py:1400} INFO - Marking task as SUCCESS. dag_id=dag_with_postgres_operator_v04, task_id=delete_data_from_table, execution_date=20220418T000000, start_date=20230904T060526, end_date=20230904T060527
[2023-09-04T06:05:27.934+0000] {local_task_job_runner.py:228} INFO - Task exited with return code 0
[2023-09-04T06:05:28.009+0000] {taskinstance.py:2784} INFO - 1 downstream tasks scheduled from follow-on schedule check
