[2023-09-04T06:03:06.698+0000] {taskinstance.py:1159} INFO - Dependencies all met for dep_context=non-requeueable deps ti=<TaskInstance: dag_with_postgres_operator_v04.insert_into_table scheduled__2022-05-15T00:00:00+00:00 [queued]>
[2023-09-04T06:03:06.713+0000] {taskinstance.py:1159} INFO - Dependencies all met for dep_context=requeueable deps ti=<TaskInstance: dag_with_postgres_operator_v04.insert_into_table scheduled__2022-05-15T00:00:00+00:00 [queued]>
[2023-09-04T06:03:06.714+0000] {taskinstance.py:1361} INFO - Starting attempt 1 of 6
[2023-09-04T06:03:06.732+0000] {taskinstance.py:1382} INFO - Executing <Task(PostgresOperator): insert_into_table> on 2022-05-15 00:00:00+00:00
[2023-09-04T06:03:06.741+0000] {standard_task_runner.py:57} INFO - Started process 5677 to run task
[2023-09-04T06:03:06.746+0000] {standard_task_runner.py:84} INFO - Running: ['***', 'tasks', 'run', 'dag_with_postgres_operator_v04', 'insert_into_table', 'scheduled__2022-05-15T00:00:00+00:00', '--job-id', '587', '--raw', '--subdir', 'DAGS_FOLDER/dag_with_postgres_operator.py', '--cfg-path', '/tmp/tmp6znwl2bb']
[2023-09-04T06:03:06.749+0000] {standard_task_runner.py:85} INFO - Job 587: Subtask insert_into_table
[2023-09-04T06:03:06.843+0000] {task_command.py:415} INFO - Running <TaskInstance: dag_with_postgres_operator_v04.insert_into_table scheduled__2022-05-15T00:00:00+00:00 [running]> on host 10bdc2e98230
[2023-09-04T06:03:06.989+0000] {taskinstance.py:1660} INFO - Exporting env vars: AIRFLOW_CTX_DAG_OWNER='coder2j' AIRFLOW_CTX_DAG_ID='dag_with_postgres_operator_v04' AIRFLOW_CTX_TASK_ID='insert_into_table' AIRFLOW_CTX_EXECUTION_DATE='2022-05-15T00:00:00+00:00' AIRFLOW_CTX_TRY_NUMBER='1' AIRFLOW_CTX_DAG_RUN_ID='scheduled__2022-05-15T00:00:00+00:00'
[2023-09-04T06:03:06.991+0000] {sql.py:274} INFO - Executing: 
            insert into dag_runs (dt, dag_id) values ('2022-05-15', 'dag_with_postgres_operator_v04')
        
[2023-09-04T06:03:07.006+0000] {base.py:73} INFO - Using connection ID 'postgres_localhost' for task execution.
[2023-09-04T06:03:07.017+0000] {base.py:73} INFO - Using connection ID 'postgres_localhost' for task execution.
[2023-09-04T06:03:07.036+0000] {sql.py:418} INFO - Running statement: 
            insert into dag_runs (dt, dag_id) values ('2022-05-15', 'dag_with_postgres_operator_v04')
        , parameters: None
[2023-09-04T06:03:07.042+0000] {sql.py:427} INFO - Rows affected: 1
[2023-09-04T06:03:07.061+0000] {taskinstance.py:1400} INFO - Marking task as SUCCESS. dag_id=dag_with_postgres_operator_v04, task_id=insert_into_table, execution_date=20220515T000000, start_date=20230904T060306, end_date=20230904T060307
[2023-09-04T06:03:07.122+0000] {local_task_job_runner.py:228} INFO - Task exited with return code 0
[2023-09-04T06:03:07.140+0000] {taskinstance.py:2784} INFO - 0 downstream tasks scheduled from follow-on schedule check
[2023-09-04T06:05:56.030+0000] {taskinstance.py:1159} INFO - Dependencies all met for dep_context=non-requeueable deps ti=<TaskInstance: dag_with_postgres_operator_v04.insert_into_table scheduled__2022-05-15T00:00:00+00:00 [queued]>
[2023-09-04T06:05:56.059+0000] {taskinstance.py:1159} INFO - Dependencies all met for dep_context=requeueable deps ti=<TaskInstance: dag_with_postgres_operator_v04.insert_into_table scheduled__2022-05-15T00:00:00+00:00 [queued]>
[2023-09-04T06:05:56.060+0000] {taskinstance.py:1361} INFO - Starting attempt 1 of 6
[2023-09-04T06:05:56.102+0000] {taskinstance.py:1382} INFO - Executing <Task(PostgresOperator): insert_into_table> on 2022-05-15 00:00:00+00:00
[2023-09-04T06:05:56.114+0000] {standard_task_runner.py:57} INFO - Started process 6989 to run task
[2023-09-04T06:05:56.120+0000] {standard_task_runner.py:84} INFO - Running: ['***', 'tasks', 'run', 'dag_with_postgres_operator_v04', 'insert_into_table', 'scheduled__2022-05-15T00:00:00+00:00', '--job-id', '1139', '--raw', '--subdir', 'DAGS_FOLDER/dag_with_postgres_operator.py', '--cfg-path', '/tmp/tmplqh2aufy']
[2023-09-04T06:05:56.125+0000] {standard_task_runner.py:85} INFO - Job 1139: Subtask insert_into_table
[2023-09-04T06:05:56.279+0000] {task_command.py:415} INFO - Running <TaskInstance: dag_with_postgres_operator_v04.insert_into_table scheduled__2022-05-15T00:00:00+00:00 [running]> on host 10bdc2e98230
[2023-09-04T06:05:56.511+0000] {taskinstance.py:1660} INFO - Exporting env vars: AIRFLOW_CTX_DAG_OWNER='mohghaff' AIRFLOW_CTX_DAG_ID='dag_with_postgres_operator_v04' AIRFLOW_CTX_TASK_ID='insert_into_table' AIRFLOW_CTX_EXECUTION_DATE='2022-05-15T00:00:00+00:00' AIRFLOW_CTX_TRY_NUMBER='1' AIRFLOW_CTX_DAG_RUN_ID='scheduled__2022-05-15T00:00:00+00:00'
[2023-09-04T06:05:56.513+0000] {sql.py:274} INFO - Executing: 
            insert into dag_runs (dt, dag_id) values ('2022-05-15', 'dag_with_postgres_operator_v04')
        
[2023-09-04T06:05:56.530+0000] {base.py:73} INFO - Using connection ID 'postgres_localhost' for task execution.
[2023-09-04T06:05:56.544+0000] {base.py:73} INFO - Using connection ID 'postgres_localhost' for task execution.
[2023-09-04T06:05:56.562+0000] {sql.py:418} INFO - Running statement: 
            insert into dag_runs (dt, dag_id) values ('2022-05-15', 'dag_with_postgres_operator_v04')
        , parameters: None
[2023-09-04T06:05:56.569+0000] {sql.py:427} INFO - Rows affected: 1
[2023-09-04T06:05:56.592+0000] {taskinstance.py:1400} INFO - Marking task as SUCCESS. dag_id=dag_with_postgres_operator_v04, task_id=insert_into_table, execution_date=20220515T000000, start_date=20230904T060556, end_date=20230904T060556
[2023-09-04T06:05:56.654+0000] {local_task_job_runner.py:228} INFO - Task exited with return code 0
[2023-09-04T06:05:56.683+0000] {taskinstance.py:2784} INFO - 0 downstream tasks scheduled from follow-on schedule check
