[2023-09-04T06:03:04.931+0000] {taskinstance.py:1159} INFO - Dependencies all met for dep_context=non-requeueable deps ti=<TaskInstance: dag_with_postgres_operator_v04.delete_data_from_table scheduled__2022-05-16T00:00:00+00:00 [queued]>
[2023-09-04T06:03:04.943+0000] {taskinstance.py:1159} INFO - Dependencies all met for dep_context=requeueable deps ti=<TaskInstance: dag_with_postgres_operator_v04.delete_data_from_table scheduled__2022-05-16T00:00:00+00:00 [queued]>
[2023-09-04T06:03:04.944+0000] {taskinstance.py:1361} INFO - Starting attempt 1 of 6
[2023-09-04T06:03:04.959+0000] {taskinstance.py:1382} INFO - Executing <Task(PostgresOperator): delete_data_from_table> on 2022-05-16 00:00:00+00:00
[2023-09-04T06:03:04.966+0000] {standard_task_runner.py:57} INFO - Started process 5658 to run task
[2023-09-04T06:03:04.969+0000] {standard_task_runner.py:84} INFO - Running: ['***', 'tasks', 'run', 'dag_with_postgres_operator_v04', 'delete_data_from_table', 'scheduled__2022-05-16T00:00:00+00:00', '--job-id', '578', '--raw', '--subdir', 'DAGS_FOLDER/dag_with_postgres_operator.py', '--cfg-path', '/tmp/tmppc8ioh5d']
[2023-09-04T06:03:04.971+0000] {standard_task_runner.py:85} INFO - Job 578: Subtask delete_data_from_table
[2023-09-04T06:03:05.026+0000] {task_command.py:415} INFO - Running <TaskInstance: dag_with_postgres_operator_v04.delete_data_from_table scheduled__2022-05-16T00:00:00+00:00 [running]> on host 10bdc2e98230
[2023-09-04T06:03:05.114+0000] {taskinstance.py:1660} INFO - Exporting env vars: AIRFLOW_CTX_DAG_OWNER='coder2j' AIRFLOW_CTX_DAG_ID='dag_with_postgres_operator_v04' AIRFLOW_CTX_TASK_ID='delete_data_from_table' AIRFLOW_CTX_EXECUTION_DATE='2022-05-16T00:00:00+00:00' AIRFLOW_CTX_TRY_NUMBER='1' AIRFLOW_CTX_DAG_RUN_ID='scheduled__2022-05-16T00:00:00+00:00'
[2023-09-04T06:03:05.115+0000] {sql.py:274} INFO - Executing: 
            delete from dag_runs where dt = '2022-05-16' and dag_id = 'dag_with_postgres_operator_v04';
        
[2023-09-04T06:03:05.123+0000] {base.py:73} INFO - Using connection ID 'postgres_localhost' for task execution.
[2023-09-04T06:03:05.130+0000] {base.py:73} INFO - Using connection ID 'postgres_localhost' for task execution.
[2023-09-04T06:03:05.139+0000] {sql.py:418} INFO - Running statement: 
            delete from dag_runs where dt = '2022-05-16' and dag_id = 'dag_with_postgres_operator_v04';
        , parameters: None
[2023-09-04T06:03:05.143+0000] {sql.py:427} INFO - Rows affected: 0
[2023-09-04T06:03:05.154+0000] {taskinstance.py:1400} INFO - Marking task as SUCCESS. dag_id=dag_with_postgres_operator_v04, task_id=delete_data_from_table, execution_date=20220516T000000, start_date=20230904T060304, end_date=20230904T060305
[2023-09-04T06:03:05.182+0000] {local_task_job_runner.py:228} INFO - Task exited with return code 0
[2023-09-04T06:03:05.201+0000] {taskinstance.py:2784} INFO - 1 downstream tasks scheduled from follow-on schedule check
[2023-09-04T06:05:53.302+0000] {taskinstance.py:1159} INFO - Dependencies all met for dep_context=non-requeueable deps ti=<TaskInstance: dag_with_postgres_operator_v04.delete_data_from_table scheduled__2022-05-16T00:00:00+00:00 [queued]>
[2023-09-04T06:05:53.335+0000] {taskinstance.py:1159} INFO - Dependencies all met for dep_context=requeueable deps ti=<TaskInstance: dag_with_postgres_operator_v04.delete_data_from_table scheduled__2022-05-16T00:00:00+00:00 [queued]>
[2023-09-04T06:05:53.338+0000] {taskinstance.py:1361} INFO - Starting attempt 1 of 6
[2023-09-04T06:05:53.689+0000] {taskinstance.py:1382} INFO - Executing <Task(PostgresOperator): delete_data_from_table> on 2022-05-16 00:00:00+00:00
[2023-09-04T06:05:53.705+0000] {standard_task_runner.py:57} INFO - Started process 6954 to run task
[2023-09-04T06:05:53.721+0000] {standard_task_runner.py:84} INFO - Running: ['***', 'tasks', 'run', 'dag_with_postgres_operator_v04', 'delete_data_from_table', 'scheduled__2022-05-16T00:00:00+00:00', '--job-id', '1125', '--raw', '--subdir', 'DAGS_FOLDER/dag_with_postgres_operator.py', '--cfg-path', '/tmp/tmpr2tex735']
[2023-09-04T06:05:53.727+0000] {standard_task_runner.py:85} INFO - Job 1125: Subtask delete_data_from_table
[2023-09-04T06:05:53.936+0000] {task_command.py:415} INFO - Running <TaskInstance: dag_with_postgres_operator_v04.delete_data_from_table scheduled__2022-05-16T00:00:00+00:00 [running]> on host 10bdc2e98230
[2023-09-04T06:05:54.289+0000] {taskinstance.py:1660} INFO - Exporting env vars: AIRFLOW_CTX_DAG_OWNER='mohghaff' AIRFLOW_CTX_DAG_ID='dag_with_postgres_operator_v04' AIRFLOW_CTX_TASK_ID='delete_data_from_table' AIRFLOW_CTX_EXECUTION_DATE='2022-05-16T00:00:00+00:00' AIRFLOW_CTX_TRY_NUMBER='1' AIRFLOW_CTX_DAG_RUN_ID='scheduled__2022-05-16T00:00:00+00:00'
[2023-09-04T06:05:54.292+0000] {sql.py:274} INFO - Executing: 
            delete from dag_runs where dt = '2022-05-16' and dag_id = 'dag_with_postgres_operator_v04';
        
[2023-09-04T06:05:54.318+0000] {base.py:73} INFO - Using connection ID 'postgres_localhost' for task execution.
[2023-09-04T06:05:54.377+0000] {base.py:73} INFO - Using connection ID 'postgres_localhost' for task execution.
[2023-09-04T06:05:54.418+0000] {sql.py:418} INFO - Running statement: 
            delete from dag_runs where dt = '2022-05-16' and dag_id = 'dag_with_postgres_operator_v04';
        , parameters: None
[2023-09-04T06:05:54.429+0000] {sql.py:427} INFO - Rows affected: 1
[2023-09-04T06:05:54.466+0000] {taskinstance.py:1400} INFO - Marking task as SUCCESS. dag_id=dag_with_postgres_operator_v04, task_id=delete_data_from_table, execution_date=20220516T000000, start_date=20230904T060553, end_date=20230904T060554
[2023-09-04T06:05:54.901+0000] {local_task_job_runner.py:228} INFO - Task exited with return code 0
[2023-09-04T06:05:55.234+0000] {taskinstance.py:2784} INFO - 0 downstream tasks scheduled from follow-on schedule check
