[2023-09-04T11:57:55.395+0000] {taskinstance.py:1159} INFO - Dependencies all met for dep_context=non-requeueable deps ti=<TaskInstance: dag_with_postgres_operator_v05.insert_into_table scheduled__2023-08-25T00:00:00+00:00 [queued]>
[2023-09-04T11:57:55.421+0000] {taskinstance.py:1159} INFO - Dependencies all met for dep_context=requeueable deps ti=<TaskInstance: dag_with_postgres_operator_v05.insert_into_table scheduled__2023-08-25T00:00:00+00:00 [queued]>
[2023-09-04T11:57:55.422+0000] {taskinstance.py:1361} INFO - Starting attempt 1 of 6
[2023-09-04T11:57:55.460+0000] {taskinstance.py:1382} INFO - Executing <Task(PostgresOperator): insert_into_table> on 2023-08-25 00:00:00+00:00
[2023-09-04T11:57:55.473+0000] {standard_task_runner.py:57} INFO - Started process 16058 to run task
[2023-09-04T11:57:55.479+0000] {standard_task_runner.py:84} INFO - Running: ['***', 'tasks', 'run', 'dag_with_postgres_operator_v05', 'insert_into_table', 'scheduled__2023-08-25T00:00:00+00:00', '--job-id', '3277', '--raw', '--subdir', 'DAGS_FOLDER/dag_with_postgres_operator.py', '--cfg-path', '/tmp/tmpndcvq92w']
[2023-09-04T11:57:55.484+0000] {standard_task_runner.py:85} INFO - Job 3277: Subtask insert_into_table
[2023-09-04T11:57:55.646+0000] {task_command.py:415} INFO - Running <TaskInstance: dag_with_postgres_operator_v05.insert_into_table scheduled__2023-08-25T00:00:00+00:00 [running]> on host 10bdc2e98230
[2023-09-04T11:57:55.919+0000] {taskinstance.py:1660} INFO - Exporting env vars: AIRFLOW_CTX_DAG_OWNER='mohghaff' AIRFLOW_CTX_DAG_ID='dag_with_postgres_operator_v05' AIRFLOW_CTX_TASK_ID='insert_into_table' AIRFLOW_CTX_EXECUTION_DATE='2023-08-25T00:00:00+00:00' AIRFLOW_CTX_TRY_NUMBER='1' AIRFLOW_CTX_DAG_RUN_ID='scheduled__2023-08-25T00:00:00+00:00'
[2023-09-04T11:57:55.921+0000] {sql.py:274} INFO - Executing: 
            insert into dag_runs (dt, dag_id) values ('2023-08-25', 'dag_with_postgres_operator_v05')
        
[2023-09-04T11:57:55.941+0000] {base.py:73} INFO - Using connection ID 'postgres_localhost' for task execution.
[2023-09-04T11:57:55.960+0000] {base.py:73} INFO - Using connection ID 'postgres_localhost' for task execution.
[2023-09-04T11:57:55.982+0000] {sql.py:418} INFO - Running statement: 
            insert into dag_runs (dt, dag_id) values ('2023-08-25', 'dag_with_postgres_operator_v05')
        , parameters: None
[2023-09-04T11:57:55.990+0000] {sql.py:427} INFO - Rows affected: 1
[2023-09-04T11:57:56.014+0000] {taskinstance.py:1400} INFO - Marking task as SUCCESS. dag_id=dag_with_postgres_operator_v05, task_id=insert_into_table, execution_date=20230825T000000, start_date=20230904T115755, end_date=20230904T115756
[2023-09-04T11:57:56.094+0000] {local_task_job_runner.py:228} INFO - Task exited with return code 0
[2023-09-04T11:57:56.136+0000] {taskinstance.py:2784} INFO - 0 downstream tasks scheduled from follow-on schedule check
