[2023-09-04T06:03:13.928+0000] {taskinstance.py:1159} INFO - Dependencies all met for dep_context=non-requeueable deps ti=<TaskInstance: dag_with_postgres_operator_v04.insert_into_table scheduled__2022-05-24T00:00:00+00:00 [queued]>
[2023-09-04T06:03:13.945+0000] {taskinstance.py:1159} INFO - Dependencies all met for dep_context=requeueable deps ti=<TaskInstance: dag_with_postgres_operator_v04.insert_into_table scheduled__2022-05-24T00:00:00+00:00 [queued]>
[2023-09-04T06:03:13.946+0000] {taskinstance.py:1361} INFO - Starting attempt 1 of 6
[2023-09-04T06:03:13.966+0000] {taskinstance.py:1382} INFO - Executing <Task(PostgresOperator): insert_into_table> on 2022-05-24 00:00:00+00:00
[2023-09-04T06:03:13.977+0000] {standard_task_runner.py:57} INFO - Started process 5764 to run task
[2023-09-04T06:03:13.981+0000] {standard_task_runner.py:84} INFO - Running: ['***', 'tasks', 'run', 'dag_with_postgres_operator_v04', 'insert_into_table', 'scheduled__2022-05-24T00:00:00+00:00', '--job-id', '628', '--raw', '--subdir', 'DAGS_FOLDER/dag_with_postgres_operator.py', '--cfg-path', '/tmp/tmpa_185qik']
[2023-09-04T06:03:13.984+0000] {standard_task_runner.py:85} INFO - Job 628: Subtask insert_into_table
[2023-09-04T06:03:14.075+0000] {task_command.py:415} INFO - Running <TaskInstance: dag_with_postgres_operator_v04.insert_into_table scheduled__2022-05-24T00:00:00+00:00 [running]> on host 10bdc2e98230
[2023-09-04T06:03:14.216+0000] {taskinstance.py:1660} INFO - Exporting env vars: AIRFLOW_CTX_DAG_OWNER='coder2j' AIRFLOW_CTX_DAG_ID='dag_with_postgres_operator_v04' AIRFLOW_CTX_TASK_ID='insert_into_table' AIRFLOW_CTX_EXECUTION_DATE='2022-05-24T00:00:00+00:00' AIRFLOW_CTX_TRY_NUMBER='1' AIRFLOW_CTX_DAG_RUN_ID='scheduled__2022-05-24T00:00:00+00:00'
[2023-09-04T06:03:14.219+0000] {sql.py:274} INFO - Executing: 
            insert into dag_runs (dt, dag_id) values ('2022-05-24', 'dag_with_postgres_operator_v04')
        
[2023-09-04T06:03:14.232+0000] {base.py:73} INFO - Using connection ID 'postgres_localhost' for task execution.
[2023-09-04T06:03:14.244+0000] {base.py:73} INFO - Using connection ID 'postgres_localhost' for task execution.
[2023-09-04T06:03:14.264+0000] {sql.py:418} INFO - Running statement: 
            insert into dag_runs (dt, dag_id) values ('2022-05-24', 'dag_with_postgres_operator_v04')
        , parameters: None
[2023-09-04T06:03:14.269+0000] {sql.py:427} INFO - Rows affected: 1
[2023-09-04T06:03:14.285+0000] {taskinstance.py:1400} INFO - Marking task as SUCCESS. dag_id=dag_with_postgres_operator_v04, task_id=insert_into_table, execution_date=20220524T000000, start_date=20230904T060313, end_date=20230904T060314
[2023-09-04T06:03:14.314+0000] {local_task_job_runner.py:228} INFO - Task exited with return code 0
[2023-09-04T06:03:14.337+0000] {taskinstance.py:2784} INFO - 0 downstream tasks scheduled from follow-on schedule check
[2023-09-04T06:05:58.341+0000] {taskinstance.py:1159} INFO - Dependencies all met for dep_context=non-requeueable deps ti=<TaskInstance: dag_with_postgres_operator_v04.insert_into_table scheduled__2022-05-24T00:00:00+00:00 [queued]>
[2023-09-04T06:05:58.364+0000] {taskinstance.py:1159} INFO - Dependencies all met for dep_context=requeueable deps ti=<TaskInstance: dag_with_postgres_operator_v04.insert_into_table scheduled__2022-05-24T00:00:00+00:00 [queued]>
[2023-09-04T06:05:58.364+0000] {taskinstance.py:1361} INFO - Starting attempt 1 of 6
[2023-09-04T06:05:58.396+0000] {taskinstance.py:1382} INFO - Executing <Task(PostgresOperator): insert_into_table> on 2022-05-24 00:00:00+00:00
[2023-09-04T06:05:58.405+0000] {standard_task_runner.py:57} INFO - Started process 7010 to run task
[2023-09-04T06:05:58.410+0000] {standard_task_runner.py:84} INFO - Running: ['***', 'tasks', 'run', 'dag_with_postgres_operator_v04', 'insert_into_table', 'scheduled__2022-05-24T00:00:00+00:00', '--job-id', '1152', '--raw', '--subdir', 'DAGS_FOLDER/dag_with_postgres_operator.py', '--cfg-path', '/tmp/tmpjs664255']
[2023-09-04T06:05:58.415+0000] {standard_task_runner.py:85} INFO - Job 1152: Subtask insert_into_table
[2023-09-04T06:05:58.530+0000] {task_command.py:415} INFO - Running <TaskInstance: dag_with_postgres_operator_v04.insert_into_table scheduled__2022-05-24T00:00:00+00:00 [running]> on host 10bdc2e98230
[2023-09-04T06:05:58.758+0000] {taskinstance.py:1660} INFO - Exporting env vars: AIRFLOW_CTX_DAG_OWNER='mohghaff' AIRFLOW_CTX_DAG_ID='dag_with_postgres_operator_v04' AIRFLOW_CTX_TASK_ID='insert_into_table' AIRFLOW_CTX_EXECUTION_DATE='2022-05-24T00:00:00+00:00' AIRFLOW_CTX_TRY_NUMBER='1' AIRFLOW_CTX_DAG_RUN_ID='scheduled__2022-05-24T00:00:00+00:00'
[2023-09-04T06:05:58.762+0000] {sql.py:274} INFO - Executing: 
            insert into dag_runs (dt, dag_id) values ('2022-05-24', 'dag_with_postgres_operator_v04')
        
[2023-09-04T06:05:58.787+0000] {base.py:73} INFO - Using connection ID 'postgres_localhost' for task execution.
[2023-09-04T06:05:58.810+0000] {base.py:73} INFO - Using connection ID 'postgres_localhost' for task execution.
[2023-09-04T06:05:58.838+0000] {sql.py:418} INFO - Running statement: 
            insert into dag_runs (dt, dag_id) values ('2022-05-24', 'dag_with_postgres_operator_v04')
        , parameters: None
[2023-09-04T06:05:58.854+0000] {sql.py:427} INFO - Rows affected: 1
[2023-09-04T06:05:58.881+0000] {taskinstance.py:1400} INFO - Marking task as SUCCESS. dag_id=dag_with_postgres_operator_v04, task_id=insert_into_table, execution_date=20220524T000000, start_date=20230904T060558, end_date=20230904T060558
[2023-09-04T06:05:59.025+0000] {local_task_job_runner.py:228} INFO - Task exited with return code 0
[2023-09-04T06:05:59.053+0000] {taskinstance.py:2784} INFO - 0 downstream tasks scheduled from follow-on schedule check
