[2023-09-04T06:02:05.546+0000] {taskinstance.py:1159} INFO - Dependencies all met for dep_context=non-requeueable deps ti=<TaskInstance: dag_with_postgres_operator_v04.insert_into_table scheduled__2022-03-01T00:00:00+00:00 [queued]>
[2023-09-04T06:02:05.559+0000] {taskinstance.py:1159} INFO - Dependencies all met for dep_context=requeueable deps ti=<TaskInstance: dag_with_postgres_operator_v04.insert_into_table scheduled__2022-03-01T00:00:00+00:00 [queued]>
[2023-09-04T06:02:05.559+0000] {taskinstance.py:1361} INFO - Starting attempt 1 of 6
[2023-09-04T06:02:05.578+0000] {taskinstance.py:1382} INFO - Executing <Task(PostgresOperator): insert_into_table> on 2022-03-01 00:00:00+00:00
[2023-09-04T06:02:05.586+0000] {standard_task_runner.py:57} INFO - Started process 5143 to run task
[2023-09-04T06:02:05.589+0000] {standard_task_runner.py:84} INFO - Running: ['***', 'tasks', 'run', 'dag_with_postgres_operator_v04', 'insert_into_table', 'scheduled__2022-03-01T00:00:00+00:00', '--job-id', '359', '--raw', '--subdir', 'DAGS_FOLDER/dag_with_postgres_operator.py', '--cfg-path', '/tmp/tmpgve0zrzz']
[2023-09-04T06:02:05.592+0000] {standard_task_runner.py:85} INFO - Job 359: Subtask insert_into_table
[2023-09-04T06:02:05.649+0000] {task_command.py:415} INFO - Running <TaskInstance: dag_with_postgres_operator_v04.insert_into_table scheduled__2022-03-01T00:00:00+00:00 [running]> on host 10bdc2e98230
[2023-09-04T06:02:05.748+0000] {taskinstance.py:1660} INFO - Exporting env vars: AIRFLOW_CTX_DAG_OWNER='coder2j' AIRFLOW_CTX_DAG_ID='dag_with_postgres_operator_v04' AIRFLOW_CTX_TASK_ID='insert_into_table' AIRFLOW_CTX_EXECUTION_DATE='2022-03-01T00:00:00+00:00' AIRFLOW_CTX_TRY_NUMBER='1' AIRFLOW_CTX_DAG_RUN_ID='scheduled__2022-03-01T00:00:00+00:00'
[2023-09-04T06:02:05.749+0000] {sql.py:274} INFO - Executing: 
            insert into dag_runs (dt, dag_id) values ('2022-03-01', 'dag_with_postgres_operator_v04')
        
[2023-09-04T06:02:05.759+0000] {base.py:73} INFO - Using connection ID 'postgres_localhost' for task execution.
[2023-09-04T06:02:05.771+0000] {base.py:73} INFO - Using connection ID 'postgres_localhost' for task execution.
[2023-09-04T06:02:05.783+0000] {sql.py:418} INFO - Running statement: 
            insert into dag_runs (dt, dag_id) values ('2022-03-01', 'dag_with_postgres_operator_v04')
        , parameters: None
[2023-09-04T06:02:05.788+0000] {sql.py:427} INFO - Rows affected: 1
[2023-09-04T06:02:05.801+0000] {taskinstance.py:1400} INFO - Marking task as SUCCESS. dag_id=dag_with_postgres_operator_v04, task_id=insert_into_table, execution_date=20220301T000000, start_date=20230904T060205, end_date=20230904T060205
[2023-09-04T06:02:05.842+0000] {local_task_job_runner.py:228} INFO - Task exited with return code 0
[2023-09-04T06:02:05.942+0000] {taskinstance.py:2784} INFO - 0 downstream tasks scheduled from follow-on schedule check
[2023-09-04T06:04:50.047+0000] {taskinstance.py:1159} INFO - Dependencies all met for dep_context=non-requeueable deps ti=<TaskInstance: dag_with_postgres_operator_v04.insert_into_table scheduled__2022-03-01T00:00:00+00:00 [queued]>
[2023-09-04T06:04:50.069+0000] {taskinstance.py:1159} INFO - Dependencies all met for dep_context=requeueable deps ti=<TaskInstance: dag_with_postgres_operator_v04.insert_into_table scheduled__2022-03-01T00:00:00+00:00 [queued]>
[2023-09-04T06:04:50.070+0000] {taskinstance.py:1361} INFO - Starting attempt 1 of 6
[2023-09-04T06:04:50.113+0000] {taskinstance.py:1382} INFO - Executing <Task(PostgresOperator): insert_into_table> on 2022-03-01 00:00:00+00:00
[2023-09-04T06:04:50.129+0000] {standard_task_runner.py:57} INFO - Started process 6436 to run task
[2023-09-04T06:04:50.136+0000] {standard_task_runner.py:84} INFO - Running: ['***', 'tasks', 'run', 'dag_with_postgres_operator_v04', 'insert_into_table', 'scheduled__2022-03-01T00:00:00+00:00', '--job-id', '905', '--raw', '--subdir', 'DAGS_FOLDER/dag_with_postgres_operator.py', '--cfg-path', '/tmp/tmpcilijz20']
[2023-09-04T06:04:50.142+0000] {standard_task_runner.py:85} INFO - Job 905: Subtask insert_into_table
[2023-09-04T06:04:50.288+0000] {task_command.py:415} INFO - Running <TaskInstance: dag_with_postgres_operator_v04.insert_into_table scheduled__2022-03-01T00:00:00+00:00 [running]> on host 10bdc2e98230
[2023-09-04T06:04:50.575+0000] {taskinstance.py:1660} INFO - Exporting env vars: AIRFLOW_CTX_DAG_OWNER='mohghaff' AIRFLOW_CTX_DAG_ID='dag_with_postgres_operator_v04' AIRFLOW_CTX_TASK_ID='insert_into_table' AIRFLOW_CTX_EXECUTION_DATE='2022-03-01T00:00:00+00:00' AIRFLOW_CTX_TRY_NUMBER='1' AIRFLOW_CTX_DAG_RUN_ID='scheduled__2022-03-01T00:00:00+00:00'
[2023-09-04T06:04:50.579+0000] {sql.py:274} INFO - Executing: 
            insert into dag_runs (dt, dag_id) values ('2022-03-01', 'dag_with_postgres_operator_v04')
        
[2023-09-04T06:04:50.610+0000] {base.py:73} INFO - Using connection ID 'postgres_localhost' for task execution.
[2023-09-04T06:04:50.640+0000] {base.py:73} INFO - Using connection ID 'postgres_localhost' for task execution.
[2023-09-04T06:04:50.673+0000] {sql.py:418} INFO - Running statement: 
            insert into dag_runs (dt, dag_id) values ('2022-03-01', 'dag_with_postgres_operator_v04')
        , parameters: None
[2023-09-04T06:04:50.684+0000] {sql.py:427} INFO - Rows affected: 1
[2023-09-04T06:04:50.718+0000] {taskinstance.py:1400} INFO - Marking task as SUCCESS. dag_id=dag_with_postgres_operator_v04, task_id=insert_into_table, execution_date=20220301T000000, start_date=20230904T060450, end_date=20230904T060450
[2023-09-04T06:04:50.791+0000] {local_task_job_runner.py:228} INFO - Task exited with return code 0
[2023-09-04T06:04:50.836+0000] {taskinstance.py:2784} INFO - 0 downstream tasks scheduled from follow-on schedule check
