[2023-09-04T06:10:49.632+0000] {taskinstance.py:1159} INFO - Dependencies all met for dep_context=non-requeueable deps ti=<TaskInstance: dag_with_postgres_operator_v04.create_postgres_table scheduled__2023-06-06T00:00:00+00:00 [queued]>
[2023-09-04T06:10:49.648+0000] {taskinstance.py:1159} INFO - Dependencies all met for dep_context=requeueable deps ti=<TaskInstance: dag_with_postgres_operator_v04.create_postgres_table scheduled__2023-06-06T00:00:00+00:00 [queued]>
[2023-09-04T06:10:49.649+0000] {taskinstance.py:1361} INFO - Starting attempt 1 of 6
[2023-09-04T06:10:49.706+0000] {taskinstance.py:1382} INFO - Executing <Task(PostgresOperator): create_postgres_table> on 2023-06-06 00:00:00+00:00
[2023-09-04T06:10:49.716+0000] {standard_task_runner.py:57} INFO - Started process 9615 to run task
[2023-09-04T06:10:49.719+0000] {standard_task_runner.py:84} INFO - Running: ['***', 'tasks', 'run', 'dag_with_postgres_operator_v04', 'create_postgres_table', 'scheduled__2023-06-06T00:00:00+00:00', '--job-id', '2272', '--raw', '--subdir', 'DAGS_FOLDER/dag_with_postgres_operator.py', '--cfg-path', '/tmp/tmpxcactrr4']
[2023-09-04T06:10:49.722+0000] {standard_task_runner.py:85} INFO - Job 2272: Subtask create_postgres_table
[2023-09-04T06:10:49.882+0000] {task_command.py:415} INFO - Running <TaskInstance: dag_with_postgres_operator_v04.create_postgres_table scheduled__2023-06-06T00:00:00+00:00 [running]> on host 10bdc2e98230
[2023-09-04T06:10:50.122+0000] {taskinstance.py:1660} INFO - Exporting env vars: AIRFLOW_CTX_DAG_OWNER='mohghaff' AIRFLOW_CTX_DAG_ID='dag_with_postgres_operator_v04' AIRFLOW_CTX_TASK_ID='create_postgres_table' AIRFLOW_CTX_EXECUTION_DATE='2023-06-06T00:00:00+00:00' AIRFLOW_CTX_TRY_NUMBER='1' AIRFLOW_CTX_DAG_RUN_ID='scheduled__2023-06-06T00:00:00+00:00'
[2023-09-04T06:10:50.124+0000] {sql.py:274} INFO - Executing: 
            create table if not exists dag_runs (
                dt date,
                dag_id character varying,
                primary key (dt, dag_id)
            )
        
[2023-09-04T06:10:50.136+0000] {base.py:73} INFO - Using connection ID 'postgres_localhost' for task execution.
[2023-09-04T06:10:50.148+0000] {base.py:73} INFO - Using connection ID 'postgres_localhost' for task execution.
[2023-09-04T06:10:50.162+0000] {sql.py:418} INFO - Running statement: 
            create table if not exists dag_runs (
                dt date,
                dag_id character varying,
                primary key (dt, dag_id)
            )
        , parameters: None
[2023-09-04T06:10:50.181+0000] {taskinstance.py:1400} INFO - Marking task as SUCCESS. dag_id=dag_with_postgres_operator_v04, task_id=create_postgres_table, execution_date=20230606T000000, start_date=20230904T061049, end_date=20230904T061050
[2023-09-04T06:10:50.253+0000] {local_task_job_runner.py:228} INFO - Task exited with return code 0
[2023-09-04T06:10:50.305+0000] {taskinstance.py:2784} INFO - 1 downstream tasks scheduled from follow-on schedule check
