[2023-09-04T06:01:17.428+0000] {taskinstance.py:1159} INFO - Dependencies all met for dep_context=non-requeueable deps ti=<TaskInstance: dag_with_postgres_operator_v04.delete_data_from_table scheduled__2022-01-03T00:00:00+00:00 [queued]>
[2023-09-04T06:01:17.441+0000] {taskinstance.py:1159} INFO - Dependencies all met for dep_context=requeueable deps ti=<TaskInstance: dag_with_postgres_operator_v04.delete_data_from_table scheduled__2022-01-03T00:00:00+00:00 [queued]>
[2023-09-04T06:01:17.442+0000] {taskinstance.py:1361} INFO - Starting attempt 1 of 6
[2023-09-04T06:01:17.560+0000] {taskinstance.py:1382} INFO - Executing <Task(PostgresOperator): delete_data_from_table> on 2022-01-03 00:00:00+00:00
[2023-09-04T06:01:17.568+0000] {standard_task_runner.py:57} INFO - Started process 4730 to run task
[2023-09-04T06:01:17.572+0000] {standard_task_runner.py:84} INFO - Running: ['***', 'tasks', 'run', 'dag_with_postgres_operator_v04', 'delete_data_from_table', 'scheduled__2022-01-03T00:00:00+00:00', '--job-id', '184', '--raw', '--subdir', 'DAGS_FOLDER/dag_with_postgres_operator.py', '--cfg-path', '/tmp/tmpx00dvqww']
[2023-09-04T06:01:17.576+0000] {standard_task_runner.py:85} INFO - Job 184: Subtask delete_data_from_table
[2023-09-04T06:01:17.638+0000] {task_command.py:415} INFO - Running <TaskInstance: dag_with_postgres_operator_v04.delete_data_from_table scheduled__2022-01-03T00:00:00+00:00 [running]> on host 10bdc2e98230
[2023-09-04T06:01:17.747+0000] {taskinstance.py:1660} INFO - Exporting env vars: AIRFLOW_CTX_DAG_OWNER='coder2j' AIRFLOW_CTX_DAG_ID='dag_with_postgres_operator_v04' AIRFLOW_CTX_TASK_ID='delete_data_from_table' AIRFLOW_CTX_EXECUTION_DATE='2022-01-03T00:00:00+00:00' AIRFLOW_CTX_TRY_NUMBER='1' AIRFLOW_CTX_DAG_RUN_ID='scheduled__2022-01-03T00:00:00+00:00'
[2023-09-04T06:01:17.748+0000] {sql.py:274} INFO - Executing: 
            delete from dag_runs where dt = '2022-01-03' and dag_id = 'dag_with_postgres_operator_v04';
        
[2023-09-04T06:01:17.760+0000] {base.py:73} INFO - Using connection ID 'postgres_localhost' for task execution.
[2023-09-04T06:01:17.771+0000] {base.py:73} INFO - Using connection ID 'postgres_localhost' for task execution.
[2023-09-04T06:01:17.785+0000] {sql.py:418} INFO - Running statement: 
            delete from dag_runs where dt = '2022-01-03' and dag_id = 'dag_with_postgres_operator_v04';
        , parameters: None
[2023-09-04T06:01:17.790+0000] {sql.py:427} INFO - Rows affected: 0
[2023-09-04T06:01:17.804+0000] {taskinstance.py:1400} INFO - Marking task as SUCCESS. dag_id=dag_with_postgres_operator_v04, task_id=delete_data_from_table, execution_date=20220103T000000, start_date=20230904T060117, end_date=20230904T060117
[2023-09-04T06:01:17.867+0000] {local_task_job_runner.py:228} INFO - Task exited with return code 0
[2023-09-04T06:01:18.029+0000] {taskinstance.py:2784} INFO - 0 downstream tasks scheduled from follow-on schedule check
[2023-09-04T06:04:07.988+0000] {taskinstance.py:1159} INFO - Dependencies all met for dep_context=non-requeueable deps ti=<TaskInstance: dag_with_postgres_operator_v04.delete_data_from_table scheduled__2022-01-03T00:00:00+00:00 [queued]>
[2023-09-04T06:04:08.013+0000] {taskinstance.py:1159} INFO - Dependencies all met for dep_context=requeueable deps ti=<TaskInstance: dag_with_postgres_operator_v04.delete_data_from_table scheduled__2022-01-03T00:00:00+00:00 [queued]>
[2023-09-04T06:04:08.014+0000] {taskinstance.py:1361} INFO - Starting attempt 1 of 6
[2023-09-04T06:04:08.253+0000] {taskinstance.py:1382} INFO - Executing <Task(PostgresOperator): delete_data_from_table> on 2022-01-03 00:00:00+00:00
[2023-09-04T06:04:08.267+0000] {standard_task_runner.py:57} INFO - Started process 6046 to run task
[2023-09-04T06:04:08.273+0000] {standard_task_runner.py:84} INFO - Running: ['***', 'tasks', 'run', 'dag_with_postgres_operator_v04', 'delete_data_from_table', 'scheduled__2022-01-03T00:00:00+00:00', '--job-id', '732', '--raw', '--subdir', 'DAGS_FOLDER/dag_with_postgres_operator.py', '--cfg-path', '/tmp/tmpatbpszj5']
[2023-09-04T06:04:08.277+0000] {standard_task_runner.py:85} INFO - Job 732: Subtask delete_data_from_table
[2023-09-04T06:04:08.443+0000] {task_command.py:415} INFO - Running <TaskInstance: dag_with_postgres_operator_v04.delete_data_from_table scheduled__2022-01-03T00:00:00+00:00 [running]> on host 10bdc2e98230
[2023-09-04T06:04:08.716+0000] {taskinstance.py:1660} INFO - Exporting env vars: AIRFLOW_CTX_DAG_OWNER='mohghaff' AIRFLOW_CTX_DAG_ID='dag_with_postgres_operator_v04' AIRFLOW_CTX_TASK_ID='delete_data_from_table' AIRFLOW_CTX_EXECUTION_DATE='2022-01-03T00:00:00+00:00' AIRFLOW_CTX_TRY_NUMBER='1' AIRFLOW_CTX_DAG_RUN_ID='scheduled__2022-01-03T00:00:00+00:00'
[2023-09-04T06:04:08.719+0000] {sql.py:274} INFO - Executing: 
            delete from dag_runs where dt = '2022-01-03' and dag_id = 'dag_with_postgres_operator_v04';
        
[2023-09-04T06:04:08.739+0000] {base.py:73} INFO - Using connection ID 'postgres_localhost' for task execution.
[2023-09-04T06:04:08.765+0000] {base.py:73} INFO - Using connection ID 'postgres_localhost' for task execution.
[2023-09-04T06:04:08.797+0000] {sql.py:418} INFO - Running statement: 
            delete from dag_runs where dt = '2022-01-03' and dag_id = 'dag_with_postgres_operator_v04';
        , parameters: None
[2023-09-04T06:04:08.807+0000] {sql.py:427} INFO - Rows affected: 1
[2023-09-04T06:04:08.836+0000] {taskinstance.py:1400} INFO - Marking task as SUCCESS. dag_id=dag_with_postgres_operator_v04, task_id=delete_data_from_table, execution_date=20220103T000000, start_date=20230904T060407, end_date=20230904T060408
[2023-09-04T06:04:08.900+0000] {local_task_job_runner.py:228} INFO - Task exited with return code 0
[2023-09-04T06:04:08.952+0000] {taskinstance.py:2784} INFO - 1 downstream tasks scheduled from follow-on schedule check
