[2023-09-04T06:01:18.859+0000] {taskinstance.py:1159} INFO - Dependencies all met for dep_context=non-requeueable deps ti=<TaskInstance: dag_with_postgres_operator_v04.insert_into_table scheduled__2022-01-03T00:00:00+00:00 [queued]>
[2023-09-04T06:01:18.870+0000] {taskinstance.py:1159} INFO - Dependencies all met for dep_context=requeueable deps ti=<TaskInstance: dag_with_postgres_operator_v04.insert_into_table scheduled__2022-01-03T00:00:00+00:00 [queued]>
[2023-09-04T06:01:18.871+0000] {taskinstance.py:1361} INFO - Starting attempt 1 of 6
[2023-09-04T06:01:18.955+0000] {taskinstance.py:1382} INFO - Executing <Task(PostgresOperator): insert_into_table> on 2022-01-03 00:00:00+00:00
[2023-09-04T06:01:18.965+0000] {standard_task_runner.py:57} INFO - Started process 4756 to run task
[2023-09-04T06:01:18.968+0000] {standard_task_runner.py:84} INFO - Running: ['***', 'tasks', 'run', 'dag_with_postgres_operator_v04', 'insert_into_table', 'scheduled__2022-01-03T00:00:00+00:00', '--job-id', '192', '--raw', '--subdir', 'DAGS_FOLDER/dag_with_postgres_operator.py', '--cfg-path', '/tmp/tmp3uo8ljqq']
[2023-09-04T06:01:18.970+0000] {standard_task_runner.py:85} INFO - Job 192: Subtask insert_into_table
[2023-09-04T06:01:19.036+0000] {task_command.py:415} INFO - Running <TaskInstance: dag_with_postgres_operator_v04.insert_into_table scheduled__2022-01-03T00:00:00+00:00 [running]> on host 10bdc2e98230
[2023-09-04T06:01:19.135+0000] {taskinstance.py:1660} INFO - Exporting env vars: AIRFLOW_CTX_DAG_OWNER='coder2j' AIRFLOW_CTX_DAG_ID='dag_with_postgres_operator_v04' AIRFLOW_CTX_TASK_ID='insert_into_table' AIRFLOW_CTX_EXECUTION_DATE='2022-01-03T00:00:00+00:00' AIRFLOW_CTX_TRY_NUMBER='1' AIRFLOW_CTX_DAG_RUN_ID='scheduled__2022-01-03T00:00:00+00:00'
[2023-09-04T06:01:19.136+0000] {sql.py:274} INFO - Executing: 
            insert into dag_runs (dt, dag_id) values ('2022-01-03', 'dag_with_postgres_operator_v04')
        
[2023-09-04T06:01:19.147+0000] {base.py:73} INFO - Using connection ID 'postgres_localhost' for task execution.
[2023-09-04T06:01:19.159+0000] {base.py:73} INFO - Using connection ID 'postgres_localhost' for task execution.
[2023-09-04T06:01:19.174+0000] {sql.py:418} INFO - Running statement: 
            insert into dag_runs (dt, dag_id) values ('2022-01-03', 'dag_with_postgres_operator_v04')
        , parameters: None
[2023-09-04T06:01:19.179+0000] {sql.py:427} INFO - Rows affected: 1
[2023-09-04T06:01:19.198+0000] {taskinstance.py:1400} INFO - Marking task as SUCCESS. dag_id=dag_with_postgres_operator_v04, task_id=insert_into_table, execution_date=20220103T000000, start_date=20230904T060118, end_date=20230904T060119
[2023-09-04T06:01:19.260+0000] {local_task_job_runner.py:228} INFO - Task exited with return code 0
[2023-09-04T06:01:19.360+0000] {taskinstance.py:2784} INFO - 0 downstream tasks scheduled from follow-on schedule check
[2023-09-04T06:04:11.091+0000] {taskinstance.py:1159} INFO - Dependencies all met for dep_context=non-requeueable deps ti=<TaskInstance: dag_with_postgres_operator_v04.insert_into_table scheduled__2022-01-03T00:00:00+00:00 [queued]>
[2023-09-04T06:04:11.113+0000] {taskinstance.py:1159} INFO - Dependencies all met for dep_context=requeueable deps ti=<TaskInstance: dag_with_postgres_operator_v04.insert_into_table scheduled__2022-01-03T00:00:00+00:00 [queued]>
[2023-09-04T06:04:11.113+0000] {taskinstance.py:1361} INFO - Starting attempt 1 of 6
[2023-09-04T06:04:11.351+0000] {taskinstance.py:1382} INFO - Executing <Task(PostgresOperator): insert_into_table> on 2022-01-03 00:00:00+00:00
[2023-09-04T06:04:11.368+0000] {standard_task_runner.py:57} INFO - Started process 6089 to run task
[2023-09-04T06:04:11.379+0000] {standard_task_runner.py:84} INFO - Running: ['***', 'tasks', 'run', 'dag_with_postgres_operator_v04', 'insert_into_table', 'scheduled__2022-01-03T00:00:00+00:00', '--job-id', '748', '--raw', '--subdir', 'DAGS_FOLDER/dag_with_postgres_operator.py', '--cfg-path', '/tmp/tmpl82macso']
[2023-09-04T06:04:11.384+0000] {standard_task_runner.py:85} INFO - Job 748: Subtask insert_into_table
[2023-09-04T06:04:11.531+0000] {task_command.py:415} INFO - Running <TaskInstance: dag_with_postgres_operator_v04.insert_into_table scheduled__2022-01-03T00:00:00+00:00 [running]> on host 10bdc2e98230
[2023-09-04T06:04:11.757+0000] {taskinstance.py:1660} INFO - Exporting env vars: AIRFLOW_CTX_DAG_OWNER='mohghaff' AIRFLOW_CTX_DAG_ID='dag_with_postgres_operator_v04' AIRFLOW_CTX_TASK_ID='insert_into_table' AIRFLOW_CTX_EXECUTION_DATE='2022-01-03T00:00:00+00:00' AIRFLOW_CTX_TRY_NUMBER='1' AIRFLOW_CTX_DAG_RUN_ID='scheduled__2022-01-03T00:00:00+00:00'
[2023-09-04T06:04:11.759+0000] {sql.py:274} INFO - Executing: 
            insert into dag_runs (dt, dag_id) values ('2022-01-03', 'dag_with_postgres_operator_v04')
        
[2023-09-04T06:04:11.779+0000] {base.py:73} INFO - Using connection ID 'postgres_localhost' for task execution.
[2023-09-04T06:04:11.802+0000] {base.py:73} INFO - Using connection ID 'postgres_localhost' for task execution.
[2023-09-04T06:04:11.839+0000] {sql.py:418} INFO - Running statement: 
            insert into dag_runs (dt, dag_id) values ('2022-01-03', 'dag_with_postgres_operator_v04')
        , parameters: None
[2023-09-04T06:04:11.846+0000] {sql.py:427} INFO - Rows affected: 1
[2023-09-04T06:04:11.881+0000] {taskinstance.py:1400} INFO - Marking task as SUCCESS. dag_id=dag_with_postgres_operator_v04, task_id=insert_into_table, execution_date=20220103T000000, start_date=20230904T060411, end_date=20230904T060411
[2023-09-04T06:04:11.964+0000] {local_task_job_runner.py:228} INFO - Task exited with return code 0
[2023-09-04T06:04:12.005+0000] {taskinstance.py:2784} INFO - 0 downstream tasks scheduled from follow-on schedule check
