[2023-09-04T06:02:47.767+0000] {taskinstance.py:1159} INFO - Dependencies all met for dep_context=non-requeueable deps ti=<TaskInstance: dag_with_postgres_operator_v04.create_postgres_table scheduled__2022-04-26T00:00:00+00:00 [queued]>
[2023-09-04T06:02:47.783+0000] {taskinstance.py:1159} INFO - Dependencies all met for dep_context=requeueable deps ti=<TaskInstance: dag_with_postgres_operator_v04.create_postgres_table scheduled__2022-04-26T00:00:00+00:00 [queued]>
[2023-09-04T06:02:47.784+0000] {taskinstance.py:1361} INFO - Starting attempt 1 of 6
[2023-09-04T06:02:47.807+0000] {taskinstance.py:1382} INFO - Executing <Task(PostgresOperator): create_postgres_table> on 2022-04-26 00:00:00+00:00
[2023-09-04T06:02:47.816+0000] {standard_task_runner.py:57} INFO - Started process 5483 to run task
[2023-09-04T06:02:47.819+0000] {standard_task_runner.py:84} INFO - Running: ['***', 'tasks', 'run', 'dag_with_postgres_operator_v04', 'create_postgres_table', 'scheduled__2022-04-26T00:00:00+00:00', '--job-id', '504', '--raw', '--subdir', 'DAGS_FOLDER/dag_with_postgres_operator.py', '--cfg-path', '/tmp/tmp_1ogb5ky']
[2023-09-04T06:02:47.821+0000] {standard_task_runner.py:85} INFO - Job 504: Subtask create_postgres_table
[2023-09-04T06:02:47.893+0000] {task_command.py:415} INFO - Running <TaskInstance: dag_with_postgres_operator_v04.create_postgres_table scheduled__2022-04-26T00:00:00+00:00 [running]> on host 10bdc2e98230
[2023-09-04T06:02:48.025+0000] {taskinstance.py:1660} INFO - Exporting env vars: AIRFLOW_CTX_DAG_OWNER='coder2j' AIRFLOW_CTX_DAG_ID='dag_with_postgres_operator_v04' AIRFLOW_CTX_TASK_ID='create_postgres_table' AIRFLOW_CTX_EXECUTION_DATE='2022-04-26T00:00:00+00:00' AIRFLOW_CTX_TRY_NUMBER='1' AIRFLOW_CTX_DAG_RUN_ID='scheduled__2022-04-26T00:00:00+00:00'
[2023-09-04T06:02:48.027+0000] {sql.py:274} INFO - Executing: 
            create table if not exists dag_runs (
                dt date,
                dag_id character varying,
                primary key (dt, dag_id)
            )
        
[2023-09-04T06:02:48.037+0000] {base.py:73} INFO - Using connection ID 'postgres_localhost' for task execution.
[2023-09-04T06:02:48.047+0000] {base.py:73} INFO - Using connection ID 'postgres_localhost' for task execution.
[2023-09-04T06:02:48.058+0000] {sql.py:418} INFO - Running statement: 
            create table if not exists dag_runs (
                dt date,
                dag_id character varying,
                primary key (dt, dag_id)
            )
        , parameters: None
[2023-09-04T06:02:48.076+0000] {taskinstance.py:1400} INFO - Marking task as SUCCESS. dag_id=dag_with_postgres_operator_v04, task_id=create_postgres_table, execution_date=20220426T000000, start_date=20230904T060247, end_date=20230904T060248
[2023-09-04T06:02:48.112+0000] {local_task_job_runner.py:228} INFO - Task exited with return code 0
[2023-09-04T06:02:48.325+0000] {taskinstance.py:2784} INFO - 0 downstream tasks scheduled from follow-on schedule check
[2023-09-04T06:05:34.898+0000] {taskinstance.py:1159} INFO - Dependencies all met for dep_context=non-requeueable deps ti=<TaskInstance: dag_with_postgres_operator_v04.create_postgres_table scheduled__2022-04-26T00:00:00+00:00 [queued]>
[2023-09-04T06:05:34.917+0000] {taskinstance.py:1159} INFO - Dependencies all met for dep_context=requeueable deps ti=<TaskInstance: dag_with_postgres_operator_v04.create_postgres_table scheduled__2022-04-26T00:00:00+00:00 [queued]>
[2023-09-04T06:05:34.918+0000] {taskinstance.py:1361} INFO - Starting attempt 1 of 6
[2023-09-04T06:05:34.974+0000] {taskinstance.py:1382} INFO - Executing <Task(PostgresOperator): create_postgres_table> on 2022-04-26 00:00:00+00:00
[2023-09-04T06:05:34.984+0000] {standard_task_runner.py:57} INFO - Started process 6805 to run task
[2023-09-04T06:05:34.989+0000] {standard_task_runner.py:84} INFO - Running: ['***', 'tasks', 'run', 'dag_with_postgres_operator_v04', 'create_postgres_table', 'scheduled__2022-04-26T00:00:00+00:00', '--job-id', '1058', '--raw', '--subdir', 'DAGS_FOLDER/dag_with_postgres_operator.py', '--cfg-path', '/tmp/tmpsopjgauk']
[2023-09-04T06:05:34.994+0000] {standard_task_runner.py:85} INFO - Job 1058: Subtask create_postgres_table
[2023-09-04T06:05:35.098+0000] {task_command.py:415} INFO - Running <TaskInstance: dag_with_postgres_operator_v04.create_postgres_table scheduled__2022-04-26T00:00:00+00:00 [running]> on host 10bdc2e98230
[2023-09-04T06:05:35.293+0000] {taskinstance.py:1660} INFO - Exporting env vars: AIRFLOW_CTX_DAG_OWNER='mohghaff' AIRFLOW_CTX_DAG_ID='dag_with_postgres_operator_v04' AIRFLOW_CTX_TASK_ID='create_postgres_table' AIRFLOW_CTX_EXECUTION_DATE='2022-04-26T00:00:00+00:00' AIRFLOW_CTX_TRY_NUMBER='1' AIRFLOW_CTX_DAG_RUN_ID='scheduled__2022-04-26T00:00:00+00:00'
[2023-09-04T06:05:35.294+0000] {sql.py:274} INFO - Executing: 
            create table if not exists dag_runs (
                dt date,
                dag_id character varying,
                primary key (dt, dag_id)
            )
        
[2023-09-04T06:05:35.313+0000] {base.py:73} INFO - Using connection ID 'postgres_localhost' for task execution.
[2023-09-04T06:05:35.330+0000] {base.py:73} INFO - Using connection ID 'postgres_localhost' for task execution.
[2023-09-04T06:05:35.350+0000] {sql.py:418} INFO - Running statement: 
            create table if not exists dag_runs (
                dt date,
                dag_id character varying,
                primary key (dt, dag_id)
            )
        , parameters: None
[2023-09-04T06:05:35.376+0000] {taskinstance.py:1400} INFO - Marking task as SUCCESS. dag_id=dag_with_postgres_operator_v04, task_id=create_postgres_table, execution_date=20220426T000000, start_date=20230904T060534, end_date=20230904T060535
[2023-09-04T06:05:35.563+0000] {local_task_job_runner.py:228} INFO - Task exited with return code 0
[2023-09-04T06:05:35.624+0000] {taskinstance.py:2784} INFO - 1 downstream tasks scheduled from follow-on schedule check
