[2023-09-04T06:01:54.467+0000] {taskinstance.py:1159} INFO - Dependencies all met for dep_context=non-requeueable deps ti=<TaskInstance: dag_with_postgres_operator_v04.insert_into_table scheduled__2022-02-14T00:00:00+00:00 [queued]>
[2023-09-04T06:01:54.483+0000] {taskinstance.py:1159} INFO - Dependencies all met for dep_context=requeueable deps ti=<TaskInstance: dag_with_postgres_operator_v04.insert_into_table scheduled__2022-02-14T00:00:00+00:00 [queued]>
[2023-09-04T06:01:54.484+0000] {taskinstance.py:1361} INFO - Starting attempt 1 of 6
[2023-09-04T06:01:54.514+0000] {taskinstance.py:1382} INFO - Executing <Task(PostgresOperator): insert_into_table> on 2022-02-14 00:00:00+00:00
[2023-09-04T06:01:54.525+0000] {standard_task_runner.py:57} INFO - Started process 5069 to run task
[2023-09-04T06:01:54.529+0000] {standard_task_runner.py:84} INFO - Running: ['***', 'tasks', 'run', 'dag_with_postgres_operator_v04', 'insert_into_table', 'scheduled__2022-02-14T00:00:00+00:00', '--job-id', '321', '--raw', '--subdir', 'DAGS_FOLDER/dag_with_postgres_operator.py', '--cfg-path', '/tmp/tmppv7hhn0t']
[2023-09-04T06:01:54.532+0000] {standard_task_runner.py:85} INFO - Job 321: Subtask insert_into_table
[2023-09-04T06:01:54.635+0000] {task_command.py:415} INFO - Running <TaskInstance: dag_with_postgres_operator_v04.insert_into_table scheduled__2022-02-14T00:00:00+00:00 [running]> on host 10bdc2e98230
[2023-09-04T06:01:54.764+0000] {taskinstance.py:1660} INFO - Exporting env vars: AIRFLOW_CTX_DAG_OWNER='coder2j' AIRFLOW_CTX_DAG_ID='dag_with_postgres_operator_v04' AIRFLOW_CTX_TASK_ID='insert_into_table' AIRFLOW_CTX_EXECUTION_DATE='2022-02-14T00:00:00+00:00' AIRFLOW_CTX_TRY_NUMBER='1' AIRFLOW_CTX_DAG_RUN_ID='scheduled__2022-02-14T00:00:00+00:00'
[2023-09-04T06:01:54.765+0000] {sql.py:274} INFO - Executing: 
            insert into dag_runs (dt, dag_id) values ('2022-02-14', 'dag_with_postgres_operator_v04')
        
[2023-09-04T06:01:54.778+0000] {base.py:73} INFO - Using connection ID 'postgres_localhost' for task execution.
[2023-09-04T06:01:54.787+0000] {base.py:73} INFO - Using connection ID 'postgres_localhost' for task execution.
[2023-09-04T06:01:54.802+0000] {sql.py:418} INFO - Running statement: 
            insert into dag_runs (dt, dag_id) values ('2022-02-14', 'dag_with_postgres_operator_v04')
        , parameters: None
[2023-09-04T06:01:54.807+0000] {sql.py:427} INFO - Rows affected: 1
[2023-09-04T06:01:54.824+0000] {taskinstance.py:1400} INFO - Marking task as SUCCESS. dag_id=dag_with_postgres_operator_v04, task_id=insert_into_table, execution_date=20220214T000000, start_date=20230904T060154, end_date=20230904T060154
[2023-09-04T06:01:54.862+0000] {local_task_job_runner.py:228} INFO - Task exited with return code 0
[2023-09-04T06:01:54.886+0000] {taskinstance.py:2784} INFO - 0 downstream tasks scheduled from follow-on schedule check
[2023-09-04T06:04:38.258+0000] {taskinstance.py:1159} INFO - Dependencies all met for dep_context=non-requeueable deps ti=<TaskInstance: dag_with_postgres_operator_v04.insert_into_table scheduled__2022-02-14T00:00:00+00:00 [queued]>
[2023-09-04T06:04:38.280+0000] {taskinstance.py:1159} INFO - Dependencies all met for dep_context=requeueable deps ti=<TaskInstance: dag_with_postgres_operator_v04.insert_into_table scheduled__2022-02-14T00:00:00+00:00 [queued]>
[2023-09-04T06:04:38.281+0000] {taskinstance.py:1361} INFO - Starting attempt 1 of 6
[2023-09-04T06:04:38.309+0000] {taskinstance.py:1382} INFO - Executing <Task(PostgresOperator): insert_into_table> on 2022-02-14 00:00:00+00:00
[2023-09-04T06:04:38.318+0000] {standard_task_runner.py:57} INFO - Started process 6329 to run task
[2023-09-04T06:04:38.321+0000] {standard_task_runner.py:84} INFO - Running: ['***', 'tasks', 'run', 'dag_with_postgres_operator_v04', 'insert_into_table', 'scheduled__2022-02-14T00:00:00+00:00', '--job-id', '859', '--raw', '--subdir', 'DAGS_FOLDER/dag_with_postgres_operator.py', '--cfg-path', '/tmp/tmpgx_lxjrw']
[2023-09-04T06:04:38.324+0000] {standard_task_runner.py:85} INFO - Job 859: Subtask insert_into_table
[2023-09-04T06:04:38.396+0000] {task_command.py:415} INFO - Running <TaskInstance: dag_with_postgres_operator_v04.insert_into_table scheduled__2022-02-14T00:00:00+00:00 [running]> on host 10bdc2e98230
[2023-09-04T06:04:38.524+0000] {taskinstance.py:1660} INFO - Exporting env vars: AIRFLOW_CTX_DAG_OWNER='mohghaff' AIRFLOW_CTX_DAG_ID='dag_with_postgres_operator_v04' AIRFLOW_CTX_TASK_ID='insert_into_table' AIRFLOW_CTX_EXECUTION_DATE='2022-02-14T00:00:00+00:00' AIRFLOW_CTX_TRY_NUMBER='1' AIRFLOW_CTX_DAG_RUN_ID='scheduled__2022-02-14T00:00:00+00:00'
[2023-09-04T06:04:38.525+0000] {sql.py:274} INFO - Executing: 
            insert into dag_runs (dt, dag_id) values ('2022-02-14', 'dag_with_postgres_operator_v04')
        
[2023-09-04T06:04:38.538+0000] {base.py:73} INFO - Using connection ID 'postgres_localhost' for task execution.
[2023-09-04T06:04:38.550+0000] {base.py:73} INFO - Using connection ID 'postgres_localhost' for task execution.
[2023-09-04T06:04:38.565+0000] {sql.py:418} INFO - Running statement: 
            insert into dag_runs (dt, dag_id) values ('2022-02-14', 'dag_with_postgres_operator_v04')
        , parameters: None
[2023-09-04T06:04:38.570+0000] {sql.py:427} INFO - Rows affected: 1
[2023-09-04T06:04:38.587+0000] {taskinstance.py:1400} INFO - Marking task as SUCCESS. dag_id=dag_with_postgres_operator_v04, task_id=insert_into_table, execution_date=20220214T000000, start_date=20230904T060438, end_date=20230904T060438
[2023-09-04T06:04:38.654+0000] {local_task_job_runner.py:228} INFO - Task exited with return code 0
[2023-09-04T06:04:38.686+0000] {taskinstance.py:2784} INFO - 0 downstream tasks scheduled from follow-on schedule check
