[2023-09-04T06:03:20.638+0000] {taskinstance.py:1159} INFO - Dependencies all met for dep_context=non-requeueable deps ti=<TaskInstance: dag_with_postgres_operator_v04.delete_data_from_table scheduled__2022-06-03T00:00:00+00:00 [queued]>
[2023-09-04T06:03:20.670+0000] {taskinstance.py:1159} INFO - Dependencies all met for dep_context=requeueable deps ti=<TaskInstance: dag_with_postgres_operator_v04.delete_data_from_table scheduled__2022-06-03T00:00:00+00:00 [queued]>
[2023-09-04T06:03:20.671+0000] {taskinstance.py:1361} INFO - Starting attempt 1 of 6
[2023-09-04T06:03:20.981+0000] {taskinstance.py:1382} INFO - Executing <Task(PostgresOperator): delete_data_from_table> on 2022-06-03 00:00:00+00:00
[2023-09-04T06:03:20.997+0000] {standard_task_runner.py:57} INFO - Started process 5811 to run task
[2023-09-04T06:03:21.010+0000] {standard_task_runner.py:84} INFO - Running: ['***', 'tasks', 'run', 'dag_with_postgres_operator_v04', 'delete_data_from_table', 'scheduled__2022-06-03T00:00:00+00:00', '--job-id', '650', '--raw', '--subdir', 'DAGS_FOLDER/dag_with_postgres_operator.py', '--cfg-path', '/tmp/tmpoha9qkb5']
[2023-09-04T06:03:21.015+0000] {standard_task_runner.py:85} INFO - Job 650: Subtask delete_data_from_table
[2023-09-04T06:03:21.228+0000] {task_command.py:415} INFO - Running <TaskInstance: dag_with_postgres_operator_v04.delete_data_from_table scheduled__2022-06-03T00:00:00+00:00 [running]> on host 10bdc2e98230
[2023-09-04T06:03:21.601+0000] {taskinstance.py:1660} INFO - Exporting env vars: AIRFLOW_CTX_DAG_OWNER='coder2j' AIRFLOW_CTX_DAG_ID='dag_with_postgres_operator_v04' AIRFLOW_CTX_TASK_ID='delete_data_from_table' AIRFLOW_CTX_EXECUTION_DATE='2022-06-03T00:00:00+00:00' AIRFLOW_CTX_TRY_NUMBER='1' AIRFLOW_CTX_DAG_RUN_ID='scheduled__2022-06-03T00:00:00+00:00'
[2023-09-04T06:03:21.604+0000] {sql.py:274} INFO - Executing: 
            delete from dag_runs where dt = '2022-06-03' and dag_id = 'dag_with_postgres_operator_v04';
        
[2023-09-04T06:03:21.629+0000] {base.py:73} INFO - Using connection ID 'postgres_localhost' for task execution.
[2023-09-04T06:03:21.651+0000] {base.py:73} INFO - Using connection ID 'postgres_localhost' for task execution.
[2023-09-04T06:03:21.685+0000] {sql.py:418} INFO - Running statement: 
            delete from dag_runs where dt = '2022-06-03' and dag_id = 'dag_with_postgres_operator_v04';
        , parameters: None
[2023-09-04T06:03:21.699+0000] {sql.py:427} INFO - Rows affected: 0
[2023-09-04T06:03:21.740+0000] {taskinstance.py:1400} INFO - Marking task as SUCCESS. dag_id=dag_with_postgres_operator_v04, task_id=delete_data_from_table, execution_date=20220603T000000, start_date=20230904T060320, end_date=20230904T060321
[2023-09-04T06:03:21.839+0000] {local_task_job_runner.py:228} INFO - Task exited with return code 0
[2023-09-04T06:03:21.914+0000] {taskinstance.py:2784} INFO - 1 downstream tasks scheduled from follow-on schedule check
[2023-09-04T06:06:08.143+0000] {taskinstance.py:1159} INFO - Dependencies all met for dep_context=non-requeueable deps ti=<TaskInstance: dag_with_postgres_operator_v04.delete_data_from_table scheduled__2022-06-03T00:00:00+00:00 [queued]>
[2023-09-04T06:06:08.172+0000] {taskinstance.py:1159} INFO - Dependencies all met for dep_context=requeueable deps ti=<TaskInstance: dag_with_postgres_operator_v04.delete_data_from_table scheduled__2022-06-03T00:00:00+00:00 [queued]>
[2023-09-04T06:06:08.173+0000] {taskinstance.py:1361} INFO - Starting attempt 1 of 6
[2023-09-04T06:06:08.540+0000] {taskinstance.py:1382} INFO - Executing <Task(PostgresOperator): delete_data_from_table> on 2022-06-03 00:00:00+00:00
[2023-09-04T06:06:08.553+0000] {standard_task_runner.py:57} INFO - Started process 7083 to run task
[2023-09-04T06:06:08.560+0000] {standard_task_runner.py:84} INFO - Running: ['***', 'tasks', 'run', 'dag_with_postgres_operator_v04', 'delete_data_from_table', 'scheduled__2022-06-03T00:00:00+00:00', '--job-id', '1177', '--raw', '--subdir', 'DAGS_FOLDER/dag_with_postgres_operator.py', '--cfg-path', '/tmp/tmpe23y6v46']
[2023-09-04T06:06:08.566+0000] {standard_task_runner.py:85} INFO - Job 1177: Subtask delete_data_from_table
[2023-09-04T06:06:08.751+0000] {task_command.py:415} INFO - Running <TaskInstance: dag_with_postgres_operator_v04.delete_data_from_table scheduled__2022-06-03T00:00:00+00:00 [running]> on host 10bdc2e98230
[2023-09-04T06:06:09.010+0000] {taskinstance.py:1660} INFO - Exporting env vars: AIRFLOW_CTX_DAG_OWNER='mohghaff' AIRFLOW_CTX_DAG_ID='dag_with_postgres_operator_v04' AIRFLOW_CTX_TASK_ID='delete_data_from_table' AIRFLOW_CTX_EXECUTION_DATE='2022-06-03T00:00:00+00:00' AIRFLOW_CTX_TRY_NUMBER='1' AIRFLOW_CTX_DAG_RUN_ID='scheduled__2022-06-03T00:00:00+00:00'
[2023-09-04T06:06:09.013+0000] {sql.py:274} INFO - Executing: 
            delete from dag_runs where dt = '2022-06-03' and dag_id = 'dag_with_postgres_operator_v04';
        
[2023-09-04T06:06:09.031+0000] {base.py:73} INFO - Using connection ID 'postgres_localhost' for task execution.
[2023-09-04T06:06:09.048+0000] {base.py:73} INFO - Using connection ID 'postgres_localhost' for task execution.
[2023-09-04T06:06:09.073+0000] {sql.py:418} INFO - Running statement: 
            delete from dag_runs where dt = '2022-06-03' and dag_id = 'dag_with_postgres_operator_v04';
        , parameters: None
[2023-09-04T06:06:09.084+0000] {sql.py:427} INFO - Rows affected: 1
[2023-09-04T06:06:09.115+0000] {taskinstance.py:1400} INFO - Marking task as SUCCESS. dag_id=dag_with_postgres_operator_v04, task_id=delete_data_from_table, execution_date=20220603T000000, start_date=20230904T060608, end_date=20230904T060609
[2023-09-04T06:06:09.193+0000] {local_task_job_runner.py:228} INFO - Task exited with return code 0
[2023-09-04T06:06:09.250+0000] {taskinstance.py:2784} INFO - 1 downstream tasks scheduled from follow-on schedule check
