[2023-09-04T06:01:19.486+0000] {taskinstance.py:1159} INFO - Dependencies all met for dep_context=non-requeueable deps ti=<TaskInstance: dag_with_postgres_operator_v04.insert_into_table scheduled__2022-01-07T00:00:00+00:00 [queued]>
[2023-09-04T06:01:19.500+0000] {taskinstance.py:1159} INFO - Dependencies all met for dep_context=requeueable deps ti=<TaskInstance: dag_with_postgres_operator_v04.insert_into_table scheduled__2022-01-07T00:00:00+00:00 [queued]>
[2023-09-04T06:01:19.501+0000] {taskinstance.py:1361} INFO - Starting attempt 1 of 6
[2023-09-04T06:01:19.558+0000] {taskinstance.py:1382} INFO - Executing <Task(PostgresOperator): insert_into_table> on 2022-01-07 00:00:00+00:00
[2023-09-04T06:01:19.568+0000] {standard_task_runner.py:57} INFO - Started process 4764 to run task
[2023-09-04T06:01:19.572+0000] {standard_task_runner.py:84} INFO - Running: ['***', 'tasks', 'run', 'dag_with_postgres_operator_v04', 'insert_into_table', 'scheduled__2022-01-07T00:00:00+00:00', '--job-id', '197', '--raw', '--subdir', 'DAGS_FOLDER/dag_with_postgres_operator.py', '--cfg-path', '/tmp/tmpgrs5hae_']
[2023-09-04T06:01:19.575+0000] {standard_task_runner.py:85} INFO - Job 197: Subtask insert_into_table
[2023-09-04T06:01:19.634+0000] {task_command.py:415} INFO - Running <TaskInstance: dag_with_postgres_operator_v04.insert_into_table scheduled__2022-01-07T00:00:00+00:00 [running]> on host 10bdc2e98230
[2023-09-04T06:01:19.734+0000] {taskinstance.py:1660} INFO - Exporting env vars: AIRFLOW_CTX_DAG_OWNER='coder2j' AIRFLOW_CTX_DAG_ID='dag_with_postgres_operator_v04' AIRFLOW_CTX_TASK_ID='insert_into_table' AIRFLOW_CTX_EXECUTION_DATE='2022-01-07T00:00:00+00:00' AIRFLOW_CTX_TRY_NUMBER='1' AIRFLOW_CTX_DAG_RUN_ID='scheduled__2022-01-07T00:00:00+00:00'
[2023-09-04T06:01:19.735+0000] {sql.py:274} INFO - Executing: 
            insert into dag_runs (dt, dag_id) values ('2022-01-07', 'dag_with_postgres_operator_v04')
        
[2023-09-04T06:01:19.744+0000] {base.py:73} INFO - Using connection ID 'postgres_localhost' for task execution.
[2023-09-04T06:01:19.754+0000] {base.py:73} INFO - Using connection ID 'postgres_localhost' for task execution.
[2023-09-04T06:01:19.770+0000] {sql.py:418} INFO - Running statement: 
            insert into dag_runs (dt, dag_id) values ('2022-01-07', 'dag_with_postgres_operator_v04')
        , parameters: None
[2023-09-04T06:01:19.775+0000] {sql.py:427} INFO - Rows affected: 1
[2023-09-04T06:01:19.789+0000] {taskinstance.py:1400} INFO - Marking task as SUCCESS. dag_id=dag_with_postgres_operator_v04, task_id=insert_into_table, execution_date=20220107T000000, start_date=20230904T060119, end_date=20230904T060119
[2023-09-04T06:01:19.824+0000] {local_task_job_runner.py:228} INFO - Task exited with return code 0
[2023-09-04T06:01:19.845+0000] {taskinstance.py:2784} INFO - 0 downstream tasks scheduled from follow-on schedule check
[2023-09-04T06:04:11.946+0000] {taskinstance.py:1159} INFO - Dependencies all met for dep_context=non-requeueable deps ti=<TaskInstance: dag_with_postgres_operator_v04.insert_into_table scheduled__2022-01-07T00:00:00+00:00 [queued]>
[2023-09-04T06:04:11.973+0000] {taskinstance.py:1159} INFO - Dependencies all met for dep_context=requeueable deps ti=<TaskInstance: dag_with_postgres_operator_v04.insert_into_table scheduled__2022-01-07T00:00:00+00:00 [queued]>
[2023-09-04T06:04:11.974+0000] {taskinstance.py:1361} INFO - Starting attempt 1 of 6
[2023-09-04T06:04:12.017+0000] {taskinstance.py:1382} INFO - Executing <Task(PostgresOperator): insert_into_table> on 2022-01-07 00:00:00+00:00
[2023-09-04T06:04:12.029+0000] {standard_task_runner.py:57} INFO - Started process 6096 to run task
[2023-09-04T06:04:12.036+0000] {standard_task_runner.py:84} INFO - Running: ['***', 'tasks', 'run', 'dag_with_postgres_operator_v04', 'insert_into_table', 'scheduled__2022-01-07T00:00:00+00:00', '--job-id', '753', '--raw', '--subdir', 'DAGS_FOLDER/dag_with_postgres_operator.py', '--cfg-path', '/tmp/tmp11x6a8hg']
[2023-09-04T06:04:12.040+0000] {standard_task_runner.py:85} INFO - Job 753: Subtask insert_into_table
[2023-09-04T06:04:12.166+0000] {task_command.py:415} INFO - Running <TaskInstance: dag_with_postgres_operator_v04.insert_into_table scheduled__2022-01-07T00:00:00+00:00 [running]> on host 10bdc2e98230
[2023-09-04T06:04:12.329+0000] {taskinstance.py:1660} INFO - Exporting env vars: AIRFLOW_CTX_DAG_OWNER='mohghaff' AIRFLOW_CTX_DAG_ID='dag_with_postgres_operator_v04' AIRFLOW_CTX_TASK_ID='insert_into_table' AIRFLOW_CTX_EXECUTION_DATE='2022-01-07T00:00:00+00:00' AIRFLOW_CTX_TRY_NUMBER='1' AIRFLOW_CTX_DAG_RUN_ID='scheduled__2022-01-07T00:00:00+00:00'
[2023-09-04T06:04:12.331+0000] {sql.py:274} INFO - Executing: 
            insert into dag_runs (dt, dag_id) values ('2022-01-07', 'dag_with_postgres_operator_v04')
        
[2023-09-04T06:04:12.343+0000] {base.py:73} INFO - Using connection ID 'postgres_localhost' for task execution.
[2023-09-04T06:04:12.355+0000] {base.py:73} INFO - Using connection ID 'postgres_localhost' for task execution.
[2023-09-04T06:04:12.372+0000] {sql.py:418} INFO - Running statement: 
            insert into dag_runs (dt, dag_id) values ('2022-01-07', 'dag_with_postgres_operator_v04')
        , parameters: None
[2023-09-04T06:04:12.378+0000] {sql.py:427} INFO - Rows affected: 1
[2023-09-04T06:04:12.399+0000] {taskinstance.py:1400} INFO - Marking task as SUCCESS. dag_id=dag_with_postgres_operator_v04, task_id=insert_into_table, execution_date=20220107T000000, start_date=20230904T060411, end_date=20230904T060412
[2023-09-04T06:04:12.450+0000] {local_task_job_runner.py:228} INFO - Task exited with return code 0
[2023-09-04T06:04:12.659+0000] {taskinstance.py:2784} INFO - 0 downstream tasks scheduled from follow-on schedule check
