[2023-09-04T06:02:50.853+0000] {taskinstance.py:1159} INFO - Dependencies all met for dep_context=non-requeueable deps ti=<TaskInstance: dag_with_postgres_operator_v04.delete_data_from_table scheduled__2022-04-30T00:00:00+00:00 [queued]>
[2023-09-04T06:02:50.867+0000] {taskinstance.py:1159} INFO - Dependencies all met for dep_context=requeueable deps ti=<TaskInstance: dag_with_postgres_operator_v04.delete_data_from_table scheduled__2022-04-30T00:00:00+00:00 [queued]>
[2023-09-04T06:02:50.868+0000] {taskinstance.py:1361} INFO - Starting attempt 1 of 6
[2023-09-04T06:02:50.890+0000] {taskinstance.py:1382} INFO - Executing <Task(PostgresOperator): delete_data_from_table> on 2022-04-30 00:00:00+00:00
[2023-09-04T06:02:50.902+0000] {standard_task_runner.py:57} INFO - Started process 5516 to run task
[2023-09-04T06:02:50.909+0000] {standard_task_runner.py:84} INFO - Running: ['***', 'tasks', 'run', 'dag_with_postgres_operator_v04', 'delete_data_from_table', 'scheduled__2022-04-30T00:00:00+00:00', '--job-id', '521', '--raw', '--subdir', 'DAGS_FOLDER/dag_with_postgres_operator.py', '--cfg-path', '/tmp/tmp_otso3sf']
[2023-09-04T06:02:50.914+0000] {standard_task_runner.py:85} INFO - Job 521: Subtask delete_data_from_table
[2023-09-04T06:02:51.033+0000] {task_command.py:415} INFO - Running <TaskInstance: dag_with_postgres_operator_v04.delete_data_from_table scheduled__2022-04-30T00:00:00+00:00 [running]> on host 10bdc2e98230
[2023-09-04T06:02:51.210+0000] {taskinstance.py:1660} INFO - Exporting env vars: AIRFLOW_CTX_DAG_OWNER='coder2j' AIRFLOW_CTX_DAG_ID='dag_with_postgres_operator_v04' AIRFLOW_CTX_TASK_ID='delete_data_from_table' AIRFLOW_CTX_EXECUTION_DATE='2022-04-30T00:00:00+00:00' AIRFLOW_CTX_TRY_NUMBER='1' AIRFLOW_CTX_DAG_RUN_ID='scheduled__2022-04-30T00:00:00+00:00'
[2023-09-04T06:02:51.212+0000] {sql.py:274} INFO - Executing: 
            delete from dag_runs where dt = '2022-04-30' and dag_id = 'dag_with_postgres_operator_v04';
        
[2023-09-04T06:02:51.227+0000] {base.py:73} INFO - Using connection ID 'postgres_localhost' for task execution.
[2023-09-04T06:02:51.242+0000] {base.py:73} INFO - Using connection ID 'postgres_localhost' for task execution.
[2023-09-04T06:02:51.258+0000] {sql.py:418} INFO - Running statement: 
            delete from dag_runs where dt = '2022-04-30' and dag_id = 'dag_with_postgres_operator_v04';
        , parameters: None
[2023-09-04T06:02:51.266+0000] {sql.py:427} INFO - Rows affected: 0
[2023-09-04T06:02:51.289+0000] {taskinstance.py:1400} INFO - Marking task as SUCCESS. dag_id=dag_with_postgres_operator_v04, task_id=delete_data_from_table, execution_date=20220430T000000, start_date=20230904T060250, end_date=20230904T060251
[2023-09-04T06:02:51.363+0000] {local_task_job_runner.py:228} INFO - Task exited with return code 0
[2023-09-04T06:02:51.499+0000] {taskinstance.py:2784} INFO - 0 downstream tasks scheduled from follow-on schedule check
[2023-09-04T06:05:38.240+0000] {taskinstance.py:1159} INFO - Dependencies all met for dep_context=non-requeueable deps ti=<TaskInstance: dag_with_postgres_operator_v04.delete_data_from_table scheduled__2022-04-30T00:00:00+00:00 [queued]>
[2023-09-04T06:05:38.280+0000] {taskinstance.py:1159} INFO - Dependencies all met for dep_context=requeueable deps ti=<TaskInstance: dag_with_postgres_operator_v04.delete_data_from_table scheduled__2022-04-30T00:00:00+00:00 [queued]>
[2023-09-04T06:05:38.281+0000] {taskinstance.py:1361} INFO - Starting attempt 1 of 6
[2023-09-04T06:05:38.340+0000] {taskinstance.py:1382} INFO - Executing <Task(PostgresOperator): delete_data_from_table> on 2022-04-30 00:00:00+00:00
[2023-09-04T06:05:38.358+0000] {standard_task_runner.py:57} INFO - Started process 6842 to run task
[2023-09-04T06:05:38.381+0000] {standard_task_runner.py:84} INFO - Running: ['***', 'tasks', 'run', 'dag_with_postgres_operator_v04', 'delete_data_from_table', 'scheduled__2022-04-30T00:00:00+00:00', '--job-id', '1075', '--raw', '--subdir', 'DAGS_FOLDER/dag_with_postgres_operator.py', '--cfg-path', '/tmp/tmpe4wklj7l']
[2023-09-04T06:05:38.389+0000] {standard_task_runner.py:85} INFO - Job 1075: Subtask delete_data_from_table
[2023-09-04T06:05:38.663+0000] {task_command.py:415} INFO - Running <TaskInstance: dag_with_postgres_operator_v04.delete_data_from_table scheduled__2022-04-30T00:00:00+00:00 [running]> on host 10bdc2e98230
[2023-09-04T06:05:39.075+0000] {taskinstance.py:1660} INFO - Exporting env vars: AIRFLOW_CTX_DAG_OWNER='mohghaff' AIRFLOW_CTX_DAG_ID='dag_with_postgres_operator_v04' AIRFLOW_CTX_TASK_ID='delete_data_from_table' AIRFLOW_CTX_EXECUTION_DATE='2022-04-30T00:00:00+00:00' AIRFLOW_CTX_TRY_NUMBER='1' AIRFLOW_CTX_DAG_RUN_ID='scheduled__2022-04-30T00:00:00+00:00'
[2023-09-04T06:05:39.078+0000] {sql.py:274} INFO - Executing: 
            delete from dag_runs where dt = '2022-04-30' and dag_id = 'dag_with_postgres_operator_v04';
        
[2023-09-04T06:05:39.113+0000] {base.py:73} INFO - Using connection ID 'postgres_localhost' for task execution.
[2023-09-04T06:05:39.138+0000] {base.py:73} INFO - Using connection ID 'postgres_localhost' for task execution.
[2023-09-04T06:05:39.184+0000] {sql.py:418} INFO - Running statement: 
            delete from dag_runs where dt = '2022-04-30' and dag_id = 'dag_with_postgres_operator_v04';
        , parameters: None
[2023-09-04T06:05:39.200+0000] {sql.py:427} INFO - Rows affected: 1
[2023-09-04T06:05:39.238+0000] {taskinstance.py:1400} INFO - Marking task as SUCCESS. dag_id=dag_with_postgres_operator_v04, task_id=delete_data_from_table, execution_date=20220430T000000, start_date=20230904T060538, end_date=20230904T060539
[2023-09-04T06:05:39.300+0000] {local_task_job_runner.py:228} INFO - Task exited with return code 0
[2023-09-04T06:05:39.461+0000] {taskinstance.py:2784} INFO - 1 downstream tasks scheduled from follow-on schedule check
