[2023-09-04T06:01:18.362+0000] {taskinstance.py:1159} INFO - Dependencies all met for dep_context=non-requeueable deps ti=<TaskInstance: dag_with_postgres_operator_v04.delete_data_from_table scheduled__2022-01-08T00:00:00+00:00 [queued]>
[2023-09-04T06:01:18.376+0000] {taskinstance.py:1159} INFO - Dependencies all met for dep_context=requeueable deps ti=<TaskInstance: dag_with_postgres_operator_v04.delete_data_from_table scheduled__2022-01-08T00:00:00+00:00 [queued]>
[2023-09-04T06:01:18.376+0000] {taskinstance.py:1361} INFO - Starting attempt 1 of 6
[2023-09-04T06:01:18.505+0000] {taskinstance.py:1382} INFO - Executing <Task(PostgresOperator): delete_data_from_table> on 2022-01-08 00:00:00+00:00
[2023-09-04T06:01:18.516+0000] {standard_task_runner.py:57} INFO - Started process 4748 to run task
[2023-09-04T06:01:18.519+0000] {standard_task_runner.py:84} INFO - Running: ['***', 'tasks', 'run', 'dag_with_postgres_operator_v04', 'delete_data_from_table', 'scheduled__2022-01-08T00:00:00+00:00', '--job-id', '190', '--raw', '--subdir', 'DAGS_FOLDER/dag_with_postgres_operator.py', '--cfg-path', '/tmp/tmpsnd638ed']
[2023-09-04T06:01:18.523+0000] {standard_task_runner.py:85} INFO - Job 190: Subtask delete_data_from_table
[2023-09-04T06:01:18.587+0000] {task_command.py:415} INFO - Running <TaskInstance: dag_with_postgres_operator_v04.delete_data_from_table scheduled__2022-01-08T00:00:00+00:00 [running]> on host 10bdc2e98230
[2023-09-04T06:01:18.706+0000] {taskinstance.py:1660} INFO - Exporting env vars: AIRFLOW_CTX_DAG_OWNER='coder2j' AIRFLOW_CTX_DAG_ID='dag_with_postgres_operator_v04' AIRFLOW_CTX_TASK_ID='delete_data_from_table' AIRFLOW_CTX_EXECUTION_DATE='2022-01-08T00:00:00+00:00' AIRFLOW_CTX_TRY_NUMBER='1' AIRFLOW_CTX_DAG_RUN_ID='scheduled__2022-01-08T00:00:00+00:00'
[2023-09-04T06:01:18.708+0000] {sql.py:274} INFO - Executing: 
            delete from dag_runs where dt = '2022-01-08' and dag_id = 'dag_with_postgres_operator_v04';
        
[2023-09-04T06:01:18.721+0000] {base.py:73} INFO - Using connection ID 'postgres_localhost' for task execution.
[2023-09-04T06:01:18.732+0000] {base.py:73} INFO - Using connection ID 'postgres_localhost' for task execution.
[2023-09-04T06:01:18.747+0000] {sql.py:418} INFO - Running statement: 
            delete from dag_runs where dt = '2022-01-08' and dag_id = 'dag_with_postgres_operator_v04';
        , parameters: None
[2023-09-04T06:01:18.753+0000] {sql.py:427} INFO - Rows affected: 0
[2023-09-04T06:01:18.768+0000] {taskinstance.py:1400} INFO - Marking task as SUCCESS. dag_id=dag_with_postgres_operator_v04, task_id=delete_data_from_table, execution_date=20220108T000000, start_date=20230904T060118, end_date=20230904T060118
[2023-09-04T06:01:18.813+0000] {local_task_job_runner.py:228} INFO - Task exited with return code 0
[2023-09-04T06:01:18.956+0000] {taskinstance.py:2784} INFO - 0 downstream tasks scheduled from follow-on schedule check
[2023-09-04T06:04:09.381+0000] {taskinstance.py:1159} INFO - Dependencies all met for dep_context=non-requeueable deps ti=<TaskInstance: dag_with_postgres_operator_v04.delete_data_from_table scheduled__2022-01-08T00:00:00+00:00 [queued]>
[2023-09-04T06:04:09.418+0000] {taskinstance.py:1159} INFO - Dependencies all met for dep_context=requeueable deps ti=<TaskInstance: dag_with_postgres_operator_v04.delete_data_from_table scheduled__2022-01-08T00:00:00+00:00 [queued]>
[2023-09-04T06:04:09.420+0000] {taskinstance.py:1361} INFO - Starting attempt 1 of 6
[2023-09-04T06:04:09.471+0000] {taskinstance.py:1382} INFO - Executing <Task(PostgresOperator): delete_data_from_table> on 2022-01-08 00:00:00+00:00
[2023-09-04T06:04:09.485+0000] {standard_task_runner.py:57} INFO - Started process 6071 to run task
[2023-09-04T06:04:09.489+0000] {standard_task_runner.py:84} INFO - Running: ['***', 'tasks', 'run', 'dag_with_postgres_operator_v04', 'delete_data_from_table', 'scheduled__2022-01-08T00:00:00+00:00', '--job-id', '740', '--raw', '--subdir', 'DAGS_FOLDER/dag_with_postgres_operator.py', '--cfg-path', '/tmp/tmpsk_wdvnq']
[2023-09-04T06:04:09.494+0000] {standard_task_runner.py:85} INFO - Job 740: Subtask delete_data_from_table
[2023-09-04T06:04:09.653+0000] {task_command.py:415} INFO - Running <TaskInstance: dag_with_postgres_operator_v04.delete_data_from_table scheduled__2022-01-08T00:00:00+00:00 [running]> on host 10bdc2e98230
[2023-09-04T06:04:09.875+0000] {taskinstance.py:1660} INFO - Exporting env vars: AIRFLOW_CTX_DAG_OWNER='mohghaff' AIRFLOW_CTX_DAG_ID='dag_with_postgres_operator_v04' AIRFLOW_CTX_TASK_ID='delete_data_from_table' AIRFLOW_CTX_EXECUTION_DATE='2022-01-08T00:00:00+00:00' AIRFLOW_CTX_TRY_NUMBER='1' AIRFLOW_CTX_DAG_RUN_ID='scheduled__2022-01-08T00:00:00+00:00'
[2023-09-04T06:04:09.878+0000] {sql.py:274} INFO - Executing: 
            delete from dag_runs where dt = '2022-01-08' and dag_id = 'dag_with_postgres_operator_v04';
        
[2023-09-04T06:04:09.896+0000] {base.py:73} INFO - Using connection ID 'postgres_localhost' for task execution.
[2023-09-04T06:04:09.913+0000] {base.py:73} INFO - Using connection ID 'postgres_localhost' for task execution.
[2023-09-04T06:04:09.941+0000] {sql.py:418} INFO - Running statement: 
            delete from dag_runs where dt = '2022-01-08' and dag_id = 'dag_with_postgres_operator_v04';
        , parameters: None
[2023-09-04T06:04:09.952+0000] {sql.py:427} INFO - Rows affected: 1
[2023-09-04T06:04:09.982+0000] {taskinstance.py:1400} INFO - Marking task as SUCCESS. dag_id=dag_with_postgres_operator_v04, task_id=delete_data_from_table, execution_date=20220108T000000, start_date=20230904T060409, end_date=20230904T060409
[2023-09-04T06:04:10.085+0000] {local_task_job_runner.py:228} INFO - Task exited with return code 0
[2023-09-04T06:04:10.405+0000] {taskinstance.py:2784} INFO - 0 downstream tasks scheduled from follow-on schedule check
