[2023-09-04T06:02:50.849+0000] {taskinstance.py:1159} INFO - Dependencies all met for dep_context=non-requeueable deps ti=<TaskInstance: dag_with_postgres_operator_v04.insert_into_table scheduled__2022-04-22T00:00:00+00:00 [queued]>
[2023-09-04T06:02:50.865+0000] {taskinstance.py:1159} INFO - Dependencies all met for dep_context=requeueable deps ti=<TaskInstance: dag_with_postgres_operator_v04.insert_into_table scheduled__2022-04-22T00:00:00+00:00 [queued]>
[2023-09-04T06:02:50.865+0000] {taskinstance.py:1361} INFO - Starting attempt 1 of 6
[2023-09-04T06:02:50.888+0000] {taskinstance.py:1382} INFO - Executing <Task(PostgresOperator): insert_into_table> on 2022-04-22 00:00:00+00:00
[2023-09-04T06:02:50.900+0000] {standard_task_runner.py:57} INFO - Started process 5515 to run task
[2023-09-04T06:02:50.905+0000] {standard_task_runner.py:84} INFO - Running: ['***', 'tasks', 'run', 'dag_with_postgres_operator_v04', 'insert_into_table', 'scheduled__2022-04-22T00:00:00+00:00', '--job-id', '520', '--raw', '--subdir', 'DAGS_FOLDER/dag_with_postgres_operator.py', '--cfg-path', '/tmp/tmp34_hu855']
[2023-09-04T06:02:50.910+0000] {standard_task_runner.py:85} INFO - Job 520: Subtask insert_into_table
[2023-09-04T06:02:51.037+0000] {task_command.py:415} INFO - Running <TaskInstance: dag_with_postgres_operator_v04.insert_into_table scheduled__2022-04-22T00:00:00+00:00 [running]> on host 10bdc2e98230
[2023-09-04T06:02:51.222+0000] {taskinstance.py:1660} INFO - Exporting env vars: AIRFLOW_CTX_DAG_OWNER='coder2j' AIRFLOW_CTX_DAG_ID='dag_with_postgres_operator_v04' AIRFLOW_CTX_TASK_ID='insert_into_table' AIRFLOW_CTX_EXECUTION_DATE='2022-04-22T00:00:00+00:00' AIRFLOW_CTX_TRY_NUMBER='1' AIRFLOW_CTX_DAG_RUN_ID='scheduled__2022-04-22T00:00:00+00:00'
[2023-09-04T06:02:51.225+0000] {sql.py:274} INFO - Executing: 
            insert into dag_runs (dt, dag_id) values ('2022-04-22', 'dag_with_postgres_operator_v04')
        
[2023-09-04T06:02:51.245+0000] {base.py:73} INFO - Using connection ID 'postgres_localhost' for task execution.
[2023-09-04T06:02:51.260+0000] {base.py:73} INFO - Using connection ID 'postgres_localhost' for task execution.
[2023-09-04T06:02:51.283+0000] {sql.py:418} INFO - Running statement: 
            insert into dag_runs (dt, dag_id) values ('2022-04-22', 'dag_with_postgres_operator_v04')
        , parameters: None
[2023-09-04T06:02:51.288+0000] {sql.py:427} INFO - Rows affected: 1
[2023-09-04T06:02:51.310+0000] {taskinstance.py:1400} INFO - Marking task as SUCCESS. dag_id=dag_with_postgres_operator_v04, task_id=insert_into_table, execution_date=20220422T000000, start_date=20230904T060250, end_date=20230904T060251
[2023-09-04T06:02:51.359+0000] {local_task_job_runner.py:228} INFO - Task exited with return code 0
[2023-09-04T06:02:51.499+0000] {taskinstance.py:2784} INFO - 0 downstream tasks scheduled from follow-on schedule check
[2023-09-04T06:05:30.566+0000] {taskinstance.py:1159} INFO - Dependencies all met for dep_context=non-requeueable deps ti=<TaskInstance: dag_with_postgres_operator_v04.insert_into_table scheduled__2022-04-22T00:00:00+00:00 [queued]>
[2023-09-04T06:05:30.585+0000] {taskinstance.py:1159} INFO - Dependencies all met for dep_context=requeueable deps ti=<TaskInstance: dag_with_postgres_operator_v04.insert_into_table scheduled__2022-04-22T00:00:00+00:00 [queued]>
[2023-09-04T06:05:30.585+0000] {taskinstance.py:1361} INFO - Starting attempt 1 of 6
[2023-09-04T06:05:30.614+0000] {taskinstance.py:1382} INFO - Executing <Task(PostgresOperator): insert_into_table> on 2022-04-22 00:00:00+00:00
[2023-09-04T06:05:30.626+0000] {standard_task_runner.py:57} INFO - Started process 6790 to run task
[2023-09-04T06:05:30.635+0000] {standard_task_runner.py:84} INFO - Running: ['***', 'tasks', 'run', 'dag_with_postgres_operator_v04', 'insert_into_table', 'scheduled__2022-04-22T00:00:00+00:00', '--job-id', '1051', '--raw', '--subdir', 'DAGS_FOLDER/dag_with_postgres_operator.py', '--cfg-path', '/tmp/tmpqqpektth']
[2023-09-04T06:05:30.639+0000] {standard_task_runner.py:85} INFO - Job 1051: Subtask insert_into_table
[2023-09-04T06:05:30.749+0000] {task_command.py:415} INFO - Running <TaskInstance: dag_with_postgres_operator_v04.insert_into_table scheduled__2022-04-22T00:00:00+00:00 [running]> on host 10bdc2e98230
[2023-09-04T06:05:30.985+0000] {taskinstance.py:1660} INFO - Exporting env vars: AIRFLOW_CTX_DAG_OWNER='mohghaff' AIRFLOW_CTX_DAG_ID='dag_with_postgres_operator_v04' AIRFLOW_CTX_TASK_ID='insert_into_table' AIRFLOW_CTX_EXECUTION_DATE='2022-04-22T00:00:00+00:00' AIRFLOW_CTX_TRY_NUMBER='1' AIRFLOW_CTX_DAG_RUN_ID='scheduled__2022-04-22T00:00:00+00:00'
[2023-09-04T06:05:30.987+0000] {sql.py:274} INFO - Executing: 
            insert into dag_runs (dt, dag_id) values ('2022-04-22', 'dag_with_postgres_operator_v04')
        
[2023-09-04T06:05:31.006+0000] {base.py:73} INFO - Using connection ID 'postgres_localhost' for task execution.
[2023-09-04T06:05:31.026+0000] {base.py:73} INFO - Using connection ID 'postgres_localhost' for task execution.
[2023-09-04T06:05:31.050+0000] {sql.py:418} INFO - Running statement: 
            insert into dag_runs (dt, dag_id) values ('2022-04-22', 'dag_with_postgres_operator_v04')
        , parameters: None
[2023-09-04T06:05:31.058+0000] {sql.py:427} INFO - Rows affected: 1
[2023-09-04T06:05:31.083+0000] {taskinstance.py:1400} INFO - Marking task as SUCCESS. dag_id=dag_with_postgres_operator_v04, task_id=insert_into_table, execution_date=20220422T000000, start_date=20230904T060530, end_date=20230904T060531
[2023-09-04T06:05:31.126+0000] {local_task_job_runner.py:228} INFO - Task exited with return code 0
[2023-09-04T06:05:31.234+0000] {taskinstance.py:2784} INFO - 0 downstream tasks scheduled from follow-on schedule check
