[2023-09-04T06:01:06.056+0000] {taskinstance.py:1159} INFO - Dependencies all met for dep_context=non-requeueable deps ti=<TaskInstance: dag_with_postgres_operator_v04.create_postgres_table scheduled__2021-12-22T00:00:00+00:00 [queued]>
[2023-09-04T06:01:06.071+0000] {taskinstance.py:1159} INFO - Dependencies all met for dep_context=requeueable deps ti=<TaskInstance: dag_with_postgres_operator_v04.create_postgres_table scheduled__2021-12-22T00:00:00+00:00 [queued]>
[2023-09-04T06:01:06.071+0000] {taskinstance.py:1361} INFO - Starting attempt 2 of 6
[2023-09-04T06:01:06.326+0000] {taskinstance.py:1382} INFO - Executing <Task(PostgresOperator): create_postgres_table> on 2021-12-22 00:00:00+00:00
[2023-09-04T06:01:06.336+0000] {standard_task_runner.py:57} INFO - Started process 4625 to run task
[2023-09-04T06:01:06.345+0000] {standard_task_runner.py:84} INFO - Running: ['***', 'tasks', 'run', 'dag_with_postgres_operator_v04', 'create_postgres_table', 'scheduled__2021-12-22T00:00:00+00:00', '--job-id', '132', '--raw', '--subdir', 'DAGS_FOLDER/dag_with_postgres_operator.py', '--cfg-path', '/tmp/tmpcrht6ig3']
[2023-09-04T06:01:06.350+0000] {standard_task_runner.py:85} INFO - Job 132: Subtask create_postgres_table
[2023-09-04T06:01:06.446+0000] {task_command.py:415} INFO - Running <TaskInstance: dag_with_postgres_operator_v04.create_postgres_table scheduled__2021-12-22T00:00:00+00:00 [running]> on host 10bdc2e98230
[2023-09-04T06:01:06.596+0000] {taskinstance.py:1660} INFO - Exporting env vars: AIRFLOW_CTX_DAG_OWNER='coder2j' AIRFLOW_CTX_DAG_ID='dag_with_postgres_operator_v04' AIRFLOW_CTX_TASK_ID='create_postgres_table' AIRFLOW_CTX_EXECUTION_DATE='2021-12-22T00:00:00+00:00' AIRFLOW_CTX_TRY_NUMBER='2' AIRFLOW_CTX_DAG_RUN_ID='scheduled__2021-12-22T00:00:00+00:00'
[2023-09-04T06:01:06.598+0000] {sql.py:274} INFO - Executing: 
            create table if not exists dag_runs (
                dt date,
                dag_id character varying,
                primary key (dt, dag_id)
            )
        
[2023-09-04T06:01:06.614+0000] {base.py:73} INFO - Using connection ID 'postgres_localhost' for task execution.
[2023-09-04T06:01:06.630+0000] {base.py:73} INFO - Using connection ID 'postgres_localhost' for task execution.
[2023-09-04T06:01:06.646+0000] {sql.py:418} INFO - Running statement: 
            create table if not exists dag_runs (
                dt date,
                dag_id character varying,
                primary key (dt, dag_id)
            )
        , parameters: None
[2023-09-04T06:01:06.672+0000] {taskinstance.py:1943} ERROR - Task failed with exception
Traceback (most recent call last):
  File "/home/airflow/.local/lib/python3.8/site-packages/airflow/providers/common/sql/operators/sql.py", line 280, in execute
    output = hook.run(
  File "/home/airflow/.local/lib/python3.8/site-packages/airflow/providers/common/sql/hooks/sql.py", line 392, in run
    self._run_command(cur, sql_statement, parameters)
  File "/home/airflow/.local/lib/python3.8/site-packages/airflow/providers/common/sql/hooks/sql.py", line 423, in _run_command
    cur.execute(sql_statement)
psycopg2.errors.UniqueViolation: duplicate key value violates unique constraint "pg_type_typname_nsp_index"
DETAIL:  Key (typname, typnamespace)=(dag_runs, 2200) already exists.

[2023-09-04T06:01:06.691+0000] {taskinstance.py:1400} INFO - Marking task as UP_FOR_RETRY. dag_id=dag_with_postgres_operator_v04, task_id=create_postgres_table, execution_date=20211222T000000, start_date=20230904T060106, end_date=20230904T060106
[2023-09-04T06:01:06.721+0000] {standard_task_runner.py:104} ERROR - Failed to execute job 132 for task create_postgres_table (duplicate key value violates unique constraint "pg_type_typname_nsp_index"
DETAIL:  Key (typname, typnamespace)=(dag_runs, 2200) already exists.
; 4625)
[2023-09-04T06:01:06.758+0000] {local_task_job_runner.py:228} INFO - Task exited with return code 1
[2023-09-04T06:01:06.807+0000] {taskinstance.py:2784} INFO - 0 downstream tasks scheduled from follow-on schedule check
