[2023-09-04T06:02:24.702+0000] {taskinstance.py:1159} INFO - Dependencies all met for dep_context=non-requeueable deps ti=<TaskInstance: dag_with_postgres_operator_v04.insert_into_table scheduled__2022-03-23T00:00:00+00:00 [queued]>
[2023-09-04T06:02:24.715+0000] {taskinstance.py:1159} INFO - Dependencies all met for dep_context=requeueable deps ti=<TaskInstance: dag_with_postgres_operator_v04.insert_into_table scheduled__2022-03-23T00:00:00+00:00 [queued]>
[2023-09-04T06:02:24.715+0000] {taskinstance.py:1361} INFO - Starting attempt 1 of 6
[2023-09-04T06:02:24.735+0000] {taskinstance.py:1382} INFO - Executing <Task(PostgresOperator): insert_into_table> on 2022-03-23 00:00:00+00:00
[2023-09-04T06:02:24.741+0000] {standard_task_runner.py:57} INFO - Started process 5318 to run task
[2023-09-04T06:02:24.746+0000] {standard_task_runner.py:84} INFO - Running: ['***', 'tasks', 'run', 'dag_with_postgres_operator_v04', 'insert_into_table', 'scheduled__2022-03-23T00:00:00+00:00', '--job-id', '428', '--raw', '--subdir', 'DAGS_FOLDER/dag_with_postgres_operator.py', '--cfg-path', '/tmp/tmp6j9v3i8u']
[2023-09-04T06:02:24.749+0000] {standard_task_runner.py:85} INFO - Job 428: Subtask insert_into_table
[2023-09-04T06:02:24.820+0000] {task_command.py:415} INFO - Running <TaskInstance: dag_with_postgres_operator_v04.insert_into_table scheduled__2022-03-23T00:00:00+00:00 [running]> on host 10bdc2e98230
[2023-09-04T06:02:24.932+0000] {taskinstance.py:1660} INFO - Exporting env vars: AIRFLOW_CTX_DAG_OWNER='coder2j' AIRFLOW_CTX_DAG_ID='dag_with_postgres_operator_v04' AIRFLOW_CTX_TASK_ID='insert_into_table' AIRFLOW_CTX_EXECUTION_DATE='2022-03-23T00:00:00+00:00' AIRFLOW_CTX_TRY_NUMBER='1' AIRFLOW_CTX_DAG_RUN_ID='scheduled__2022-03-23T00:00:00+00:00'
[2023-09-04T06:02:24.933+0000] {sql.py:274} INFO - Executing: 
            insert into dag_runs (dt, dag_id) values ('2022-03-23', 'dag_with_postgres_operator_v04')
        
[2023-09-04T06:02:24.945+0000] {base.py:73} INFO - Using connection ID 'postgres_localhost' for task execution.
[2023-09-04T06:02:24.956+0000] {base.py:73} INFO - Using connection ID 'postgres_localhost' for task execution.
[2023-09-04T06:02:24.968+0000] {sql.py:418} INFO - Running statement: 
            insert into dag_runs (dt, dag_id) values ('2022-03-23', 'dag_with_postgres_operator_v04')
        , parameters: None
[2023-09-04T06:02:24.973+0000] {sql.py:427} INFO - Rows affected: 1
[2023-09-04T06:02:24.989+0000] {taskinstance.py:1400} INFO - Marking task as SUCCESS. dag_id=dag_with_postgres_operator_v04, task_id=insert_into_table, execution_date=20220323T000000, start_date=20230904T060224, end_date=20230904T060224
[2023-09-04T06:02:25.041+0000] {local_task_job_runner.py:228} INFO - Task exited with return code 0
[2023-09-04T06:02:25.058+0000] {taskinstance.py:2784} INFO - 0 downstream tasks scheduled from follow-on schedule check
[2023-09-04T06:05:04.459+0000] {taskinstance.py:1159} INFO - Dependencies all met for dep_context=non-requeueable deps ti=<TaskInstance: dag_with_postgres_operator_v04.insert_into_table scheduled__2022-03-23T00:00:00+00:00 [queued]>
[2023-09-04T06:05:04.470+0000] {taskinstance.py:1159} INFO - Dependencies all met for dep_context=requeueable deps ti=<TaskInstance: dag_with_postgres_operator_v04.insert_into_table scheduled__2022-03-23T00:00:00+00:00 [queued]>
[2023-09-04T06:05:04.470+0000] {taskinstance.py:1361} INFO - Starting attempt 1 of 6
[2023-09-04T06:05:04.487+0000] {taskinstance.py:1382} INFO - Executing <Task(PostgresOperator): insert_into_table> on 2022-03-23 00:00:00+00:00
[2023-09-04T06:05:04.493+0000] {standard_task_runner.py:57} INFO - Started process 6566 to run task
[2023-09-04T06:05:04.496+0000] {standard_task_runner.py:84} INFO - Running: ['***', 'tasks', 'run', 'dag_with_postgres_operator_v04', 'insert_into_table', 'scheduled__2022-03-23T00:00:00+00:00', '--job-id', '960', '--raw', '--subdir', 'DAGS_FOLDER/dag_with_postgres_operator.py', '--cfg-path', '/tmp/tmpldbycol1']
[2023-09-04T06:05:04.498+0000] {standard_task_runner.py:85} INFO - Job 960: Subtask insert_into_table
[2023-09-04T06:05:04.556+0000] {task_command.py:415} INFO - Running <TaskInstance: dag_with_postgres_operator_v04.insert_into_table scheduled__2022-03-23T00:00:00+00:00 [running]> on host 10bdc2e98230
[2023-09-04T06:05:04.652+0000] {taskinstance.py:1660} INFO - Exporting env vars: AIRFLOW_CTX_DAG_OWNER='mohghaff' AIRFLOW_CTX_DAG_ID='dag_with_postgres_operator_v04' AIRFLOW_CTX_TASK_ID='insert_into_table' AIRFLOW_CTX_EXECUTION_DATE='2022-03-23T00:00:00+00:00' AIRFLOW_CTX_TRY_NUMBER='1' AIRFLOW_CTX_DAG_RUN_ID='scheduled__2022-03-23T00:00:00+00:00'
[2023-09-04T06:05:04.653+0000] {sql.py:274} INFO - Executing: 
            insert into dag_runs (dt, dag_id) values ('2022-03-23', 'dag_with_postgres_operator_v04')
        
[2023-09-04T06:05:04.661+0000] {base.py:73} INFO - Using connection ID 'postgres_localhost' for task execution.
[2023-09-04T06:05:04.669+0000] {base.py:73} INFO - Using connection ID 'postgres_localhost' for task execution.
[2023-09-04T06:05:04.679+0000] {sql.py:418} INFO - Running statement: 
            insert into dag_runs (dt, dag_id) values ('2022-03-23', 'dag_with_postgres_operator_v04')
        , parameters: None
[2023-09-04T06:05:04.683+0000] {sql.py:427} INFO - Rows affected: 1
[2023-09-04T06:05:04.696+0000] {taskinstance.py:1400} INFO - Marking task as SUCCESS. dag_id=dag_with_postgres_operator_v04, task_id=insert_into_table, execution_date=20220323T000000, start_date=20230904T060504, end_date=20230904T060504
[2023-09-04T06:05:04.749+0000] {local_task_job_runner.py:228} INFO - Task exited with return code 0
[2023-09-04T06:05:04.763+0000] {taskinstance.py:2784} INFO - 0 downstream tasks scheduled from follow-on schedule check
