[2023-09-04T06:02:48.313+0000] {taskinstance.py:1159} INFO - Dependencies all met for dep_context=non-requeueable deps ti=<TaskInstance: dag_with_postgres_operator_v04.delete_data_from_table scheduled__2022-04-21T00:00:00+00:00 [queued]>
[2023-09-04T06:02:48.328+0000] {taskinstance.py:1159} INFO - Dependencies all met for dep_context=requeueable deps ti=<TaskInstance: dag_with_postgres_operator_v04.delete_data_from_table scheduled__2022-04-21T00:00:00+00:00 [queued]>
[2023-09-04T06:02:48.329+0000] {taskinstance.py:1361} INFO - Starting attempt 1 of 6
[2023-09-04T06:02:48.356+0000] {taskinstance.py:1382} INFO - Executing <Task(PostgresOperator): delete_data_from_table> on 2022-04-21 00:00:00+00:00
[2023-09-04T06:02:48.370+0000] {standard_task_runner.py:57} INFO - Started process 5492 to run task
[2023-09-04T06:02:48.374+0000] {standard_task_runner.py:84} INFO - Running: ['***', 'tasks', 'run', 'dag_with_postgres_operator_v04', 'delete_data_from_table', 'scheduled__2022-04-21T00:00:00+00:00', '--job-id', '507', '--raw', '--subdir', 'DAGS_FOLDER/dag_with_postgres_operator.py', '--cfg-path', '/tmp/tmp7h5kbvw_']
[2023-09-04T06:02:48.378+0000] {standard_task_runner.py:85} INFO - Job 507: Subtask delete_data_from_table
[2023-09-04T06:02:48.460+0000] {task_command.py:415} INFO - Running <TaskInstance: dag_with_postgres_operator_v04.delete_data_from_table scheduled__2022-04-21T00:00:00+00:00 [running]> on host 10bdc2e98230
[2023-09-04T06:02:48.598+0000] {taskinstance.py:1660} INFO - Exporting env vars: AIRFLOW_CTX_DAG_OWNER='coder2j' AIRFLOW_CTX_DAG_ID='dag_with_postgres_operator_v04' AIRFLOW_CTX_TASK_ID='delete_data_from_table' AIRFLOW_CTX_EXECUTION_DATE='2022-04-21T00:00:00+00:00' AIRFLOW_CTX_TRY_NUMBER='1' AIRFLOW_CTX_DAG_RUN_ID='scheduled__2022-04-21T00:00:00+00:00'
[2023-09-04T06:02:48.600+0000] {sql.py:274} INFO - Executing: 
            delete from dag_runs where dt = '2022-04-21' and dag_id = 'dag_with_postgres_operator_v04';
        
[2023-09-04T06:02:48.612+0000] {base.py:73} INFO - Using connection ID 'postgres_localhost' for task execution.
[2023-09-04T06:02:48.626+0000] {base.py:73} INFO - Using connection ID 'postgres_localhost' for task execution.
[2023-09-04T06:02:48.640+0000] {sql.py:418} INFO - Running statement: 
            delete from dag_runs where dt = '2022-04-21' and dag_id = 'dag_with_postgres_operator_v04';
        , parameters: None
[2023-09-04T06:02:48.646+0000] {sql.py:427} INFO - Rows affected: 0
[2023-09-04T06:02:48.663+0000] {taskinstance.py:1400} INFO - Marking task as SUCCESS. dag_id=dag_with_postgres_operator_v04, task_id=delete_data_from_table, execution_date=20220421T000000, start_date=20230904T060248, end_date=20230904T060248
[2023-09-04T06:02:48.707+0000] {local_task_job_runner.py:228} INFO - Task exited with return code 0
[2023-09-04T06:02:48.735+0000] {taskinstance.py:2784} INFO - 1 downstream tasks scheduled from follow-on schedule check
[2023-09-04T06:05:27.630+0000] {taskinstance.py:1159} INFO - Dependencies all met for dep_context=non-requeueable deps ti=<TaskInstance: dag_with_postgres_operator_v04.delete_data_from_table scheduled__2022-04-21T00:00:00+00:00 [queued]>
[2023-09-04T06:05:27.667+0000] {taskinstance.py:1159} INFO - Dependencies all met for dep_context=requeueable deps ti=<TaskInstance: dag_with_postgres_operator_v04.delete_data_from_table scheduled__2022-04-21T00:00:00+00:00 [queued]>
[2023-09-04T06:05:27.674+0000] {taskinstance.py:1361} INFO - Starting attempt 1 of 6
[2023-09-04T06:05:27.878+0000] {taskinstance.py:1382} INFO - Executing <Task(PostgresOperator): delete_data_from_table> on 2022-04-21 00:00:00+00:00
[2023-09-04T06:05:27.894+0000] {standard_task_runner.py:57} INFO - Started process 6769 to run task
[2023-09-04T06:05:27.902+0000] {standard_task_runner.py:84} INFO - Running: ['***', 'tasks', 'run', 'dag_with_postgres_operator_v04', 'delete_data_from_table', 'scheduled__2022-04-21T00:00:00+00:00', '--job-id', '1042', '--raw', '--subdir', 'DAGS_FOLDER/dag_with_postgres_operator.py', '--cfg-path', '/tmp/tmp6x72q8rd']
[2023-09-04T06:05:27.910+0000] {standard_task_runner.py:85} INFO - Job 1042: Subtask delete_data_from_table
[2023-09-04T06:05:28.143+0000] {task_command.py:415} INFO - Running <TaskInstance: dag_with_postgres_operator_v04.delete_data_from_table scheduled__2022-04-21T00:00:00+00:00 [running]> on host 10bdc2e98230
[2023-09-04T06:05:28.419+0000] {taskinstance.py:1660} INFO - Exporting env vars: AIRFLOW_CTX_DAG_OWNER='mohghaff' AIRFLOW_CTX_DAG_ID='dag_with_postgres_operator_v04' AIRFLOW_CTX_TASK_ID='delete_data_from_table' AIRFLOW_CTX_EXECUTION_DATE='2022-04-21T00:00:00+00:00' AIRFLOW_CTX_TRY_NUMBER='1' AIRFLOW_CTX_DAG_RUN_ID='scheduled__2022-04-21T00:00:00+00:00'
[2023-09-04T06:05:28.422+0000] {sql.py:274} INFO - Executing: 
            delete from dag_runs where dt = '2022-04-21' and dag_id = 'dag_with_postgres_operator_v04';
        
[2023-09-04T06:05:28.448+0000] {base.py:73} INFO - Using connection ID 'postgres_localhost' for task execution.
[2023-09-04T06:05:28.472+0000] {base.py:73} INFO - Using connection ID 'postgres_localhost' for task execution.
[2023-09-04T06:05:28.503+0000] {sql.py:418} INFO - Running statement: 
            delete from dag_runs where dt = '2022-04-21' and dag_id = 'dag_with_postgres_operator_v04';
        , parameters: None
[2023-09-04T06:05:28.516+0000] {sql.py:427} INFO - Rows affected: 1
[2023-09-04T06:05:28.551+0000] {taskinstance.py:1400} INFO - Marking task as SUCCESS. dag_id=dag_with_postgres_operator_v04, task_id=delete_data_from_table, execution_date=20220421T000000, start_date=20230904T060527, end_date=20230904T060528
[2023-09-04T06:05:28.611+0000] {local_task_job_runner.py:228} INFO - Task exited with return code 0
[2023-09-04T06:05:28.666+0000] {taskinstance.py:2784} INFO - 1 downstream tasks scheduled from follow-on schedule check
