[2023-09-04T06:01:09.265+0000] {taskinstance.py:1159} INFO - Dependencies all met for dep_context=non-requeueable deps ti=<TaskInstance: dag_with_postgres_operator_v04.delete_data_from_table scheduled__2021-12-26T00:00:00+00:00 [queued]>
[2023-09-04T06:01:09.292+0000] {taskinstance.py:1159} INFO - Dependencies all met for dep_context=requeueable deps ti=<TaskInstance: dag_with_postgres_operator_v04.delete_data_from_table scheduled__2021-12-26T00:00:00+00:00 [queued]>
[2023-09-04T06:01:09.293+0000] {taskinstance.py:1361} INFO - Starting attempt 1 of 6
[2023-09-04T06:01:09.333+0000] {taskinstance.py:1382} INFO - Executing <Task(PostgresOperator): delete_data_from_table> on 2021-12-26 00:00:00+00:00
[2023-09-04T06:01:09.346+0000] {standard_task_runner.py:57} INFO - Started process 4663 to run task
[2023-09-04T06:01:09.358+0000] {standard_task_runner.py:84} INFO - Running: ['***', 'tasks', 'run', 'dag_with_postgres_operator_v04', 'delete_data_from_table', 'scheduled__2021-12-26T00:00:00+00:00', '--job-id', '153', '--raw', '--subdir', 'DAGS_FOLDER/dag_with_postgres_operator.py', '--cfg-path', '/tmp/tmpxxu52qf4']
[2023-09-04T06:01:09.366+0000] {standard_task_runner.py:85} INFO - Job 153: Subtask delete_data_from_table
[2023-09-04T06:01:09.500+0000] {task_command.py:415} INFO - Running <TaskInstance: dag_with_postgres_operator_v04.delete_data_from_table scheduled__2021-12-26T00:00:00+00:00 [running]> on host 10bdc2e98230
[2023-09-04T06:01:09.702+0000] {taskinstance.py:1660} INFO - Exporting env vars: AIRFLOW_CTX_DAG_OWNER='coder2j' AIRFLOW_CTX_DAG_ID='dag_with_postgres_operator_v04' AIRFLOW_CTX_TASK_ID='delete_data_from_table' AIRFLOW_CTX_EXECUTION_DATE='2021-12-26T00:00:00+00:00' AIRFLOW_CTX_TRY_NUMBER='1' AIRFLOW_CTX_DAG_RUN_ID='scheduled__2021-12-26T00:00:00+00:00'
[2023-09-04T06:01:09.705+0000] {sql.py:274} INFO - Executing: 
            delete from dag_runs where dt = '2021-12-26' and dag_id = 'dag_with_postgres_operator_v04';
        
[2023-09-04T06:01:09.731+0000] {base.py:73} INFO - Using connection ID 'postgres_localhost' for task execution.
[2023-09-04T06:01:09.752+0000] {base.py:73} INFO - Using connection ID 'postgres_localhost' for task execution.
[2023-09-04T06:01:09.770+0000] {sql.py:418} INFO - Running statement: 
            delete from dag_runs where dt = '2021-12-26' and dag_id = 'dag_with_postgres_operator_v04';
        , parameters: None
[2023-09-04T06:01:09.779+0000] {sql.py:427} INFO - Rows affected: 0
[2023-09-04T06:01:09.799+0000] {taskinstance.py:1400} INFO - Marking task as SUCCESS. dag_id=dag_with_postgres_operator_v04, task_id=delete_data_from_table, execution_date=20211226T000000, start_date=20230904T060109, end_date=20230904T060109
[2023-09-04T06:01:09.852+0000] {local_task_job_runner.py:228} INFO - Task exited with return code 0
[2023-09-04T06:01:09.901+0000] {taskinstance.py:2784} INFO - 1 downstream tasks scheduled from follow-on schedule check
[2023-09-04T06:03:58.453+0000] {taskinstance.py:1159} INFO - Dependencies all met for dep_context=non-requeueable deps ti=<TaskInstance: dag_with_postgres_operator_v04.delete_data_from_table scheduled__2021-12-26T00:00:00+00:00 [queued]>
[2023-09-04T06:03:58.500+0000] {taskinstance.py:1159} INFO - Dependencies all met for dep_context=requeueable deps ti=<TaskInstance: dag_with_postgres_operator_v04.delete_data_from_table scheduled__2021-12-26T00:00:00+00:00 [queued]>
[2023-09-04T06:03:58.501+0000] {taskinstance.py:1361} INFO - Starting attempt 1 of 6
[2023-09-04T06:03:58.880+0000] {taskinstance.py:1382} INFO - Executing <Task(PostgresOperator): delete_data_from_table> on 2021-12-26 00:00:00+00:00
[2023-09-04T06:03:58.899+0000] {standard_task_runner.py:57} INFO - Started process 5973 to run task
[2023-09-04T06:03:58.906+0000] {standard_task_runner.py:84} INFO - Running: ['***', 'tasks', 'run', 'dag_with_postgres_operator_v04', 'delete_data_from_table', 'scheduled__2021-12-26T00:00:00+00:00', '--job-id', '696', '--raw', '--subdir', 'DAGS_FOLDER/dag_with_postgres_operator.py', '--cfg-path', '/tmp/tmp08ii84ju']
[2023-09-04T06:03:58.935+0000] {standard_task_runner.py:85} INFO - Job 696: Subtask delete_data_from_table
[2023-09-04T06:03:59.117+0000] {task_command.py:415} INFO - Running <TaskInstance: dag_with_postgres_operator_v04.delete_data_from_table scheduled__2021-12-26T00:00:00+00:00 [running]> on host 10bdc2e98230
[2023-09-04T06:03:59.387+0000] {taskinstance.py:1660} INFO - Exporting env vars: AIRFLOW_CTX_DAG_OWNER='mohghaff' AIRFLOW_CTX_DAG_ID='dag_with_postgres_operator_v04' AIRFLOW_CTX_TASK_ID='delete_data_from_table' AIRFLOW_CTX_EXECUTION_DATE='2021-12-26T00:00:00+00:00' AIRFLOW_CTX_TRY_NUMBER='1' AIRFLOW_CTX_DAG_RUN_ID='scheduled__2021-12-26T00:00:00+00:00'
[2023-09-04T06:03:59.389+0000] {sql.py:274} INFO - Executing: 
            delete from dag_runs where dt = '2021-12-26' and dag_id = 'dag_with_postgres_operator_v04';
        
[2023-09-04T06:03:59.417+0000] {base.py:73} INFO - Using connection ID 'postgres_localhost' for task execution.
[2023-09-04T06:03:59.442+0000] {base.py:73} INFO - Using connection ID 'postgres_localhost' for task execution.
[2023-09-04T06:03:59.474+0000] {sql.py:418} INFO - Running statement: 
            delete from dag_runs where dt = '2021-12-26' and dag_id = 'dag_with_postgres_operator_v04';
        , parameters: None
[2023-09-04T06:03:59.486+0000] {sql.py:427} INFO - Rows affected: 1
[2023-09-04T06:03:59.518+0000] {taskinstance.py:1400} INFO - Marking task as SUCCESS. dag_id=dag_with_postgres_operator_v04, task_id=delete_data_from_table, execution_date=20211226T000000, start_date=20230904T060358, end_date=20230904T060359
[2023-09-04T06:03:59.596+0000] {local_task_job_runner.py:228} INFO - Task exited with return code 0
[2023-09-04T06:03:59.662+0000] {taskinstance.py:2784} INFO - 1 downstream tasks scheduled from follow-on schedule check
