[2023-09-04T19:38:30.386+0000] {taskinstance.py:1159} INFO - Dependencies all met for dep_context=non-requeueable deps ti=<TaskInstance: postgres_hooks_v02.postgres_to_s3 scheduled__2023-01-14T00:00:00+00:00 [queued]>
[2023-09-04T19:38:30.406+0000] {taskinstance.py:1159} INFO - Dependencies all met for dep_context=requeueable deps ti=<TaskInstance: postgres_hooks_v02.postgres_to_s3 scheduled__2023-01-14T00:00:00+00:00 [queued]>
[2023-09-04T19:38:30.406+0000] {taskinstance.py:1361} INFO - Starting attempt 1 of 6
[2023-09-04T19:38:30.434+0000] {taskinstance.py:1382} INFO - Executing <Task(PythonOperator): postgres_to_s3> on 2023-01-14 00:00:00+00:00
[2023-09-04T19:38:30.445+0000] {standard_task_runner.py:57} INFO - Started process 22324 to run task
[2023-09-04T19:38:30.450+0000] {standard_task_runner.py:84} INFO - Running: ['***', 'tasks', 'run', 'postgres_hooks_v02', 'postgres_to_s3', 'scheduled__2023-01-14T00:00:00+00:00', '--job-id', '3753', '--raw', '--subdir', 'DAGS_FOLDER/dags_with_postgres_hooks.py', '--cfg-path', '/tmp/tmp2_ubioqu']
[2023-09-04T19:38:30.458+0000] {standard_task_runner.py:85} INFO - Job 3753: Subtask postgres_to_s3
[2023-09-04T19:38:30.582+0000] {task_command.py:415} INFO - Running <TaskInstance: postgres_hooks_v02.postgres_to_s3 scheduled__2023-01-14T00:00:00+00:00 [running]> on host 55ba52c92856
[2023-09-04T19:38:30.761+0000] {taskinstance.py:1660} INFO - Exporting env vars: AIRFLOW_CTX_DAG_OWNER='mohghaff' AIRFLOW_CTX_DAG_ID='postgres_hooks_v02' AIRFLOW_CTX_TASK_ID='postgres_to_s3' AIRFLOW_CTX_EXECUTION_DATE='2023-01-14T00:00:00+00:00' AIRFLOW_CTX_TRY_NUMBER='1' AIRFLOW_CTX_DAG_RUN_ID='scheduled__2023-01-14T00:00:00+00:00'
[2023-09-04T19:38:30.782+0000] {base.py:73} INFO - Using connection ID 'postgres_localhost' for task execution.
[2023-09-04T19:38:30.812+0000] {taskinstance.py:1943} ERROR - Task failed with exception
Traceback (most recent call last):
  File "/home/airflow/.local/lib/python3.8/site-packages/airflow/operators/python.py", line 192, in execute
    return_value = self.execute_callable()
  File "/home/airflow/.local/lib/python3.8/site-packages/airflow/operators/python.py", line 209, in execute_callable
    return self.python_callable(*self.op_args, **self.op_kwargs)
  File "/opt/airflow/dags/dags_with_postgres_hooks.py", line 24, in postgres_to_s3
    csv_writer.write_row([i[0] for i in cursor.description])
AttributeError: '_csv.writer' object has no attribute 'write_row'
[2023-09-04T19:38:30.829+0000] {taskinstance.py:1400} INFO - Marking task as UP_FOR_RETRY. dag_id=postgres_hooks_v02, task_id=postgres_to_s3, execution_date=20230114T000000, start_date=20230904T193830, end_date=20230904T193830
[2023-09-04T19:38:30.850+0000] {standard_task_runner.py:104} ERROR - Failed to execute job 3753 for task postgres_to_s3 ('_csv.writer' object has no attribute 'write_row'; 22324)
[2023-09-04T19:38:30.864+0000] {local_task_job_runner.py:228} INFO - Task exited with return code 1
[2023-09-04T19:38:31.066+0000] {taskinstance.py:2784} INFO - 0 downstream tasks scheduled from follow-on schedule check
