[2023-09-04T06:02:48.958+0000] {taskinstance.py:1159} INFO - Dependencies all met for dep_context=non-requeueable deps ti=<TaskInstance: dag_with_postgres_operator_v04.delete_data_from_table scheduled__2022-04-24T00:00:00+00:00 [queued]>
[2023-09-04T06:02:48.972+0000] {taskinstance.py:1159} INFO - Dependencies all met for dep_context=requeueable deps ti=<TaskInstance: dag_with_postgres_operator_v04.delete_data_from_table scheduled__2022-04-24T00:00:00+00:00 [queued]>
[2023-09-04T06:02:48.973+0000] {taskinstance.py:1361} INFO - Starting attempt 1 of 6
[2023-09-04T06:02:48.989+0000] {taskinstance.py:1382} INFO - Executing <Task(PostgresOperator): delete_data_from_table> on 2022-04-24 00:00:00+00:00
[2023-09-04T06:02:48.996+0000] {standard_task_runner.py:57} INFO - Started process 5497 to run task
[2023-09-04T06:02:48.999+0000] {standard_task_runner.py:84} INFO - Running: ['***', 'tasks', 'run', 'dag_with_postgres_operator_v04', 'delete_data_from_table', 'scheduled__2022-04-24T00:00:00+00:00', '--job-id', '513', '--raw', '--subdir', 'DAGS_FOLDER/dag_with_postgres_operator.py', '--cfg-path', '/tmp/tmp2vk073bq']
[2023-09-04T06:02:49.001+0000] {standard_task_runner.py:85} INFO - Job 513: Subtask delete_data_from_table
[2023-09-04T06:02:49.058+0000] {task_command.py:415} INFO - Running <TaskInstance: dag_with_postgres_operator_v04.delete_data_from_table scheduled__2022-04-24T00:00:00+00:00 [running]> on host 10bdc2e98230
[2023-09-04T06:02:49.156+0000] {taskinstance.py:1660} INFO - Exporting env vars: AIRFLOW_CTX_DAG_OWNER='coder2j' AIRFLOW_CTX_DAG_ID='dag_with_postgres_operator_v04' AIRFLOW_CTX_TASK_ID='delete_data_from_table' AIRFLOW_CTX_EXECUTION_DATE='2022-04-24T00:00:00+00:00' AIRFLOW_CTX_TRY_NUMBER='1' AIRFLOW_CTX_DAG_RUN_ID='scheduled__2022-04-24T00:00:00+00:00'
[2023-09-04T06:02:49.158+0000] {sql.py:274} INFO - Executing: 
            delete from dag_runs where dt = '2022-04-24' and dag_id = 'dag_with_postgres_operator_v04';
        
[2023-09-04T06:02:49.166+0000] {base.py:73} INFO - Using connection ID 'postgres_localhost' for task execution.
[2023-09-04T06:02:49.174+0000] {base.py:73} INFO - Using connection ID 'postgres_localhost' for task execution.
[2023-09-04T06:02:49.184+0000] {sql.py:418} INFO - Running statement: 
            delete from dag_runs where dt = '2022-04-24' and dag_id = 'dag_with_postgres_operator_v04';
        , parameters: None
[2023-09-04T06:02:49.188+0000] {sql.py:427} INFO - Rows affected: 0
[2023-09-04T06:02:49.202+0000] {taskinstance.py:1400} INFO - Marking task as SUCCESS. dag_id=dag_with_postgres_operator_v04, task_id=delete_data_from_table, execution_date=20220424T000000, start_date=20230904T060248, end_date=20230904T060249
[2023-09-04T06:02:49.252+0000] {local_task_job_runner.py:228} INFO - Task exited with return code 0
[2023-09-04T06:02:49.271+0000] {taskinstance.py:2784} INFO - 1 downstream tasks scheduled from follow-on schedule check
[2023-09-04T06:05:30.567+0000] {taskinstance.py:1159} INFO - Dependencies all met for dep_context=non-requeueable deps ti=<TaskInstance: dag_with_postgres_operator_v04.delete_data_from_table scheduled__2022-04-24T00:00:00+00:00 [queued]>
[2023-09-04T06:05:30.586+0000] {taskinstance.py:1159} INFO - Dependencies all met for dep_context=requeueable deps ti=<TaskInstance: dag_with_postgres_operator_v04.delete_data_from_table scheduled__2022-04-24T00:00:00+00:00 [queued]>
[2023-09-04T06:05:30.586+0000] {taskinstance.py:1361} INFO - Starting attempt 1 of 6
[2023-09-04T06:05:30.617+0000] {taskinstance.py:1382} INFO - Executing <Task(PostgresOperator): delete_data_from_table> on 2022-04-24 00:00:00+00:00
[2023-09-04T06:05:30.626+0000] {standard_task_runner.py:57} INFO - Started process 6789 to run task
[2023-09-04T06:05:30.632+0000] {standard_task_runner.py:84} INFO - Running: ['***', 'tasks', 'run', 'dag_with_postgres_operator_v04', 'delete_data_from_table', 'scheduled__2022-04-24T00:00:00+00:00', '--job-id', '1053', '--raw', '--subdir', 'DAGS_FOLDER/dag_with_postgres_operator.py', '--cfg-path', '/tmp/tmp5g1dxr0e']
[2023-09-04T06:05:30.636+0000] {standard_task_runner.py:85} INFO - Job 1053: Subtask delete_data_from_table
[2023-09-04T06:05:30.748+0000] {task_command.py:415} INFO - Running <TaskInstance: dag_with_postgres_operator_v04.delete_data_from_table scheduled__2022-04-24T00:00:00+00:00 [running]> on host 10bdc2e98230
[2023-09-04T06:05:30.988+0000] {taskinstance.py:1660} INFO - Exporting env vars: AIRFLOW_CTX_DAG_OWNER='mohghaff' AIRFLOW_CTX_DAG_ID='dag_with_postgres_operator_v04' AIRFLOW_CTX_TASK_ID='delete_data_from_table' AIRFLOW_CTX_EXECUTION_DATE='2022-04-24T00:00:00+00:00' AIRFLOW_CTX_TRY_NUMBER='1' AIRFLOW_CTX_DAG_RUN_ID='scheduled__2022-04-24T00:00:00+00:00'
[2023-09-04T06:05:30.991+0000] {sql.py:274} INFO - Executing: 
            delete from dag_runs where dt = '2022-04-24' and dag_id = 'dag_with_postgres_operator_v04';
        
[2023-09-04T06:05:31.011+0000] {base.py:73} INFO - Using connection ID 'postgres_localhost' for task execution.
[2023-09-04T06:05:31.032+0000] {base.py:73} INFO - Using connection ID 'postgres_localhost' for task execution.
[2023-09-04T06:05:31.054+0000] {sql.py:418} INFO - Running statement: 
            delete from dag_runs where dt = '2022-04-24' and dag_id = 'dag_with_postgres_operator_v04';
        , parameters: None
[2023-09-04T06:05:31.063+0000] {sql.py:427} INFO - Rows affected: 1
[2023-09-04T06:05:31.087+0000] {taskinstance.py:1400} INFO - Marking task as SUCCESS. dag_id=dag_with_postgres_operator_v04, task_id=delete_data_from_table, execution_date=20220424T000000, start_date=20230904T060530, end_date=20230904T060531
[2023-09-04T06:05:31.126+0000] {local_task_job_runner.py:228} INFO - Task exited with return code 0
[2023-09-04T06:05:31.238+0000] {taskinstance.py:2784} INFO - 0 downstream tasks scheduled from follow-on schedule check
