[2023-09-04T06:07:46.737+0000] {taskinstance.py:1159} INFO - Dependencies all met for dep_context=non-requeueable deps ti=<TaskInstance: dag_with_postgres_operator_v04.create_postgres_table scheduled__2022-10-10T00:00:00+00:00 [queued]>
[2023-09-04T06:07:46.750+0000] {taskinstance.py:1159} INFO - Dependencies all met for dep_context=requeueable deps ti=<TaskInstance: dag_with_postgres_operator_v04.create_postgres_table scheduled__2022-10-10T00:00:00+00:00 [queued]>
[2023-09-04T06:07:46.750+0000] {taskinstance.py:1361} INFO - Starting attempt 1 of 6
[2023-09-04T06:07:46.818+0000] {taskinstance.py:1382} INFO - Executing <Task(PostgresOperator): create_postgres_table> on 2022-10-10 00:00:00+00:00
[2023-09-04T06:07:46.827+0000] {standard_task_runner.py:57} INFO - Started process 7949 to run task
[2023-09-04T06:07:46.830+0000] {standard_task_runner.py:84} INFO - Running: ['***', 'tasks', 'run', 'dag_with_postgres_operator_v04', 'create_postgres_table', 'scheduled__2022-10-10T00:00:00+00:00', '--job-id', '1549', '--raw', '--subdir', 'DAGS_FOLDER/dag_with_postgres_operator.py', '--cfg-path', '/tmp/tmpufgpqcxp']
[2023-09-04T06:07:46.833+0000] {standard_task_runner.py:85} INFO - Job 1549: Subtask create_postgres_table
[2023-09-04T06:07:46.963+0000] {task_command.py:415} INFO - Running <TaskInstance: dag_with_postgres_operator_v04.create_postgres_table scheduled__2022-10-10T00:00:00+00:00 [running]> on host 10bdc2e98230
[2023-09-04T06:07:47.159+0000] {taskinstance.py:1660} INFO - Exporting env vars: AIRFLOW_CTX_DAG_OWNER='mohghaff' AIRFLOW_CTX_DAG_ID='dag_with_postgres_operator_v04' AIRFLOW_CTX_TASK_ID='create_postgres_table' AIRFLOW_CTX_EXECUTION_DATE='2022-10-10T00:00:00+00:00' AIRFLOW_CTX_TRY_NUMBER='1' AIRFLOW_CTX_DAG_RUN_ID='scheduled__2022-10-10T00:00:00+00:00'
[2023-09-04T06:07:47.161+0000] {sql.py:274} INFO - Executing: 
            create table if not exists dag_runs (
                dt date,
                dag_id character varying,
                primary key (dt, dag_id)
            )
        
[2023-09-04T06:07:47.175+0000] {base.py:73} INFO - Using connection ID 'postgres_localhost' for task execution.
[2023-09-04T06:07:47.189+0000] {base.py:73} INFO - Using connection ID 'postgres_localhost' for task execution.
[2023-09-04T06:07:47.206+0000] {sql.py:418} INFO - Running statement: 
            create table if not exists dag_runs (
                dt date,
                dag_id character varying,
                primary key (dt, dag_id)
            )
        , parameters: None
[2023-09-04T06:07:47.228+0000] {taskinstance.py:1400} INFO - Marking task as SUCCESS. dag_id=dag_with_postgres_operator_v04, task_id=create_postgres_table, execution_date=20221010T000000, start_date=20230904T060746, end_date=20230904T060747
[2023-09-04T06:07:47.284+0000] {local_task_job_runner.py:228} INFO - Task exited with return code 0
[2023-09-04T06:07:47.334+0000] {taskinstance.py:2784} INFO - 1 downstream tasks scheduled from follow-on schedule check
