[2023-09-04T06:01:11.474+0000] {taskinstance.py:1159} INFO - Dependencies all met for dep_context=non-requeueable deps ti=<TaskInstance: dag_with_postgres_operator_v04.insert_into_table scheduled__2021-12-23T00:00:00+00:00 [queued]>
[2023-09-04T06:01:11.493+0000] {taskinstance.py:1159} INFO - Dependencies all met for dep_context=requeueable deps ti=<TaskInstance: dag_with_postgres_operator_v04.insert_into_table scheduled__2021-12-23T00:00:00+00:00 [queued]>
[2023-09-04T06:01:11.494+0000] {taskinstance.py:1361} INFO - Starting attempt 1 of 6
[2023-09-04T06:01:11.519+0000] {taskinstance.py:1382} INFO - Executing <Task(PostgresOperator): insert_into_table> on 2021-12-23 00:00:00+00:00
[2023-09-04T06:01:11.531+0000] {standard_task_runner.py:57} INFO - Started process 4678 to run task
[2023-09-04T06:01:11.538+0000] {standard_task_runner.py:84} INFO - Running: ['***', 'tasks', 'run', 'dag_with_postgres_operator_v04', 'insert_into_table', 'scheduled__2021-12-23T00:00:00+00:00', '--job-id', '162', '--raw', '--subdir', 'DAGS_FOLDER/dag_with_postgres_operator.py', '--cfg-path', '/tmp/tmpc1i3z9mg']
[2023-09-04T06:01:11.544+0000] {standard_task_runner.py:85} INFO - Job 162: Subtask insert_into_table
[2023-09-04T06:01:11.648+0000] {task_command.py:415} INFO - Running <TaskInstance: dag_with_postgres_operator_v04.insert_into_table scheduled__2021-12-23T00:00:00+00:00 [running]> on host 10bdc2e98230
[2023-09-04T06:01:11.823+0000] {taskinstance.py:1660} INFO - Exporting env vars: AIRFLOW_CTX_DAG_OWNER='coder2j' AIRFLOW_CTX_DAG_ID='dag_with_postgres_operator_v04' AIRFLOW_CTX_TASK_ID='insert_into_table' AIRFLOW_CTX_EXECUTION_DATE='2021-12-23T00:00:00+00:00' AIRFLOW_CTX_TRY_NUMBER='1' AIRFLOW_CTX_DAG_RUN_ID='scheduled__2021-12-23T00:00:00+00:00'
[2023-09-04T06:01:11.826+0000] {sql.py:274} INFO - Executing: 
            insert into dag_runs (dt, dag_id) values ('2021-12-23', 'dag_with_postgres_operator_v04')
        
[2023-09-04T06:01:11.850+0000] {base.py:73} INFO - Using connection ID 'postgres_localhost' for task execution.
[2023-09-04T06:01:11.873+0000] {base.py:73} INFO - Using connection ID 'postgres_localhost' for task execution.
[2023-09-04T06:01:11.899+0000] {sql.py:418} INFO - Running statement: 
            insert into dag_runs (dt, dag_id) values ('2021-12-23', 'dag_with_postgres_operator_v04')
        , parameters: None
[2023-09-04T06:01:11.908+0000] {sql.py:427} INFO - Rows affected: 1
[2023-09-04T06:01:11.934+0000] {taskinstance.py:1400} INFO - Marking task as SUCCESS. dag_id=dag_with_postgres_operator_v04, task_id=insert_into_table, execution_date=20211223T000000, start_date=20230904T060111, end_date=20230904T060111
[2023-09-04T06:01:11.997+0000] {local_task_job_runner.py:228} INFO - Task exited with return code 0
[2023-09-04T06:01:12.152+0000] {taskinstance.py:2784} INFO - 0 downstream tasks scheduled from follow-on schedule check
[2023-09-04T06:04:00.782+0000] {taskinstance.py:1159} INFO - Dependencies all met for dep_context=non-requeueable deps ti=<TaskInstance: dag_with_postgres_operator_v04.insert_into_table scheduled__2021-12-23T00:00:00+00:00 [queued]>
[2023-09-04T06:04:00.815+0000] {taskinstance.py:1159} INFO - Dependencies all met for dep_context=requeueable deps ti=<TaskInstance: dag_with_postgres_operator_v04.insert_into_table scheduled__2021-12-23T00:00:00+00:00 [queued]>
[2023-09-04T06:04:00.816+0000] {taskinstance.py:1361} INFO - Starting attempt 1 of 6
[2023-09-04T06:04:00.929+0000] {taskinstance.py:1382} INFO - Executing <Task(PostgresOperator): insert_into_table> on 2021-12-23 00:00:00+00:00
[2023-09-04T06:04:00.955+0000] {standard_task_runner.py:57} INFO - Started process 5994 to run task
[2023-09-04T06:04:00.965+0000] {standard_task_runner.py:84} INFO - Running: ['***', 'tasks', 'run', 'dag_with_postgres_operator_v04', 'insert_into_table', 'scheduled__2021-12-23T00:00:00+00:00', '--job-id', '707', '--raw', '--subdir', 'DAGS_FOLDER/dag_with_postgres_operator.py', '--cfg-path', '/tmp/tmpzop5em9g']
[2023-09-04T06:04:00.972+0000] {standard_task_runner.py:85} INFO - Job 707: Subtask insert_into_table
[2023-09-04T06:04:01.148+0000] {task_command.py:415} INFO - Running <TaskInstance: dag_with_postgres_operator_v04.insert_into_table scheduled__2021-12-23T00:00:00+00:00 [running]> on host 10bdc2e98230
[2023-09-04T06:04:01.368+0000] {taskinstance.py:1660} INFO - Exporting env vars: AIRFLOW_CTX_DAG_OWNER='mohghaff' AIRFLOW_CTX_DAG_ID='dag_with_postgres_operator_v04' AIRFLOW_CTX_TASK_ID='insert_into_table' AIRFLOW_CTX_EXECUTION_DATE='2021-12-23T00:00:00+00:00' AIRFLOW_CTX_TRY_NUMBER='1' AIRFLOW_CTX_DAG_RUN_ID='scheduled__2021-12-23T00:00:00+00:00'
[2023-09-04T06:04:01.371+0000] {sql.py:274} INFO - Executing: 
            insert into dag_runs (dt, dag_id) values ('2021-12-23', 'dag_with_postgres_operator_v04')
        
[2023-09-04T06:04:01.394+0000] {base.py:73} INFO - Using connection ID 'postgres_localhost' for task execution.
[2023-09-04T06:04:01.418+0000] {base.py:73} INFO - Using connection ID 'postgres_localhost' for task execution.
[2023-09-04T06:04:01.443+0000] {sql.py:418} INFO - Running statement: 
            insert into dag_runs (dt, dag_id) values ('2021-12-23', 'dag_with_postgres_operator_v04')
        , parameters: None
[2023-09-04T06:04:01.454+0000] {sql.py:427} INFO - Rows affected: 1
[2023-09-04T06:04:01.484+0000] {taskinstance.py:1400} INFO - Marking task as SUCCESS. dag_id=dag_with_postgres_operator_v04, task_id=insert_into_table, execution_date=20211223T000000, start_date=20230904T060400, end_date=20230904T060401
[2023-09-04T06:04:01.543+0000] {local_task_job_runner.py:228} INFO - Task exited with return code 0
[2023-09-04T06:04:01.586+0000] {taskinstance.py:2784} INFO - 0 downstream tasks scheduled from follow-on schedule check
