[2023-09-04T06:02:52.196+0000] {taskinstance.py:1159} INFO - Dependencies all met for dep_context=non-requeueable deps ti=<TaskInstance: dag_with_postgres_operator_v04.insert_into_table scheduled__2022-04-30T00:00:00+00:00 [queued]>
[2023-09-04T06:02:52.207+0000] {taskinstance.py:1159} INFO - Dependencies all met for dep_context=requeueable deps ti=<TaskInstance: dag_with_postgres_operator_v04.insert_into_table scheduled__2022-04-30T00:00:00+00:00 [queued]>
[2023-09-04T06:02:52.207+0000] {taskinstance.py:1361} INFO - Starting attempt 1 of 6
[2023-09-04T06:02:52.221+0000] {taskinstance.py:1382} INFO - Executing <Task(PostgresOperator): insert_into_table> on 2022-04-30 00:00:00+00:00
[2023-09-04T06:02:52.227+0000] {standard_task_runner.py:57} INFO - Started process 5542 to run task
[2023-09-04T06:02:52.231+0000] {standard_task_runner.py:84} INFO - Running: ['***', 'tasks', 'run', 'dag_with_postgres_operator_v04', 'insert_into_table', 'scheduled__2022-04-30T00:00:00+00:00', '--job-id', '528', '--raw', '--subdir', 'DAGS_FOLDER/dag_with_postgres_operator.py', '--cfg-path', '/tmp/tmponn1hx4v']
[2023-09-04T06:02:52.233+0000] {standard_task_runner.py:85} INFO - Job 528: Subtask insert_into_table
[2023-09-04T06:02:52.293+0000] {task_command.py:415} INFO - Running <TaskInstance: dag_with_postgres_operator_v04.insert_into_table scheduled__2022-04-30T00:00:00+00:00 [running]> on host 10bdc2e98230
[2023-09-04T06:02:52.408+0000] {taskinstance.py:1660} INFO - Exporting env vars: AIRFLOW_CTX_DAG_OWNER='coder2j' AIRFLOW_CTX_DAG_ID='dag_with_postgres_operator_v04' AIRFLOW_CTX_TASK_ID='insert_into_table' AIRFLOW_CTX_EXECUTION_DATE='2022-04-30T00:00:00+00:00' AIRFLOW_CTX_TRY_NUMBER='1' AIRFLOW_CTX_DAG_RUN_ID='scheduled__2022-04-30T00:00:00+00:00'
[2023-09-04T06:02:52.409+0000] {sql.py:274} INFO - Executing: 
            insert into dag_runs (dt, dag_id) values ('2022-04-30', 'dag_with_postgres_operator_v04')
        
[2023-09-04T06:02:52.419+0000] {base.py:73} INFO - Using connection ID 'postgres_localhost' for task execution.
[2023-09-04T06:02:52.427+0000] {base.py:73} INFO - Using connection ID 'postgres_localhost' for task execution.
[2023-09-04T06:02:52.440+0000] {sql.py:418} INFO - Running statement: 
            insert into dag_runs (dt, dag_id) values ('2022-04-30', 'dag_with_postgres_operator_v04')
        , parameters: None
[2023-09-04T06:02:52.444+0000] {sql.py:427} INFO - Rows affected: 1
[2023-09-04T06:02:52.460+0000] {taskinstance.py:1400} INFO - Marking task as SUCCESS. dag_id=dag_with_postgres_operator_v04, task_id=insert_into_table, execution_date=20220430T000000, start_date=20230904T060252, end_date=20230904T060252
[2023-09-04T06:02:52.484+0000] {local_task_job_runner.py:228} INFO - Task exited with return code 0
[2023-09-04T06:02:52.502+0000] {taskinstance.py:2784} INFO - 0 downstream tasks scheduled from follow-on schedule check
[2023-09-04T06:05:42.202+0000] {taskinstance.py:1159} INFO - Dependencies all met for dep_context=non-requeueable deps ti=<TaskInstance: dag_with_postgres_operator_v04.insert_into_table scheduled__2022-04-30T00:00:00+00:00 [queued]>
[2023-09-04T06:05:42.237+0000] {taskinstance.py:1159} INFO - Dependencies all met for dep_context=requeueable deps ti=<TaskInstance: dag_with_postgres_operator_v04.insert_into_table scheduled__2022-04-30T00:00:00+00:00 [queued]>
[2023-09-04T06:05:42.237+0000] {taskinstance.py:1361} INFO - Starting attempt 1 of 6
[2023-09-04T06:05:42.461+0000] {taskinstance.py:1382} INFO - Executing <Task(PostgresOperator): insert_into_table> on 2022-04-30 00:00:00+00:00
[2023-09-04T06:05:42.480+0000] {standard_task_runner.py:57} INFO - Started process 6881 to run task
[2023-09-04T06:05:42.491+0000] {standard_task_runner.py:84} INFO - Running: ['***', 'tasks', 'run', 'dag_with_postgres_operator_v04', 'insert_into_table', 'scheduled__2022-04-30T00:00:00+00:00', '--job-id', '1089', '--raw', '--subdir', 'DAGS_FOLDER/dag_with_postgres_operator.py', '--cfg-path', '/tmp/tmpcd5ay4v2']
[2023-09-04T06:05:42.508+0000] {standard_task_runner.py:85} INFO - Job 1089: Subtask insert_into_table
[2023-09-04T06:05:42.708+0000] {task_command.py:415} INFO - Running <TaskInstance: dag_with_postgres_operator_v04.insert_into_table scheduled__2022-04-30T00:00:00+00:00 [running]> on host 10bdc2e98230
[2023-09-04T06:05:42.998+0000] {taskinstance.py:1660} INFO - Exporting env vars: AIRFLOW_CTX_DAG_OWNER='mohghaff' AIRFLOW_CTX_DAG_ID='dag_with_postgres_operator_v04' AIRFLOW_CTX_TASK_ID='insert_into_table' AIRFLOW_CTX_EXECUTION_DATE='2022-04-30T00:00:00+00:00' AIRFLOW_CTX_TRY_NUMBER='1' AIRFLOW_CTX_DAG_RUN_ID='scheduled__2022-04-30T00:00:00+00:00'
[2023-09-04T06:05:43.001+0000] {sql.py:274} INFO - Executing: 
            insert into dag_runs (dt, dag_id) values ('2022-04-30', 'dag_with_postgres_operator_v04')
        
[2023-09-04T06:05:43.022+0000] {base.py:73} INFO - Using connection ID 'postgres_localhost' for task execution.
[2023-09-04T06:05:43.043+0000] {base.py:73} INFO - Using connection ID 'postgres_localhost' for task execution.
[2023-09-04T06:05:43.069+0000] {sql.py:418} INFO - Running statement: 
            insert into dag_runs (dt, dag_id) values ('2022-04-30', 'dag_with_postgres_operator_v04')
        , parameters: None
[2023-09-04T06:05:43.079+0000] {sql.py:427} INFO - Rows affected: 1
[2023-09-04T06:05:43.131+0000] {taskinstance.py:1400} INFO - Marking task as SUCCESS. dag_id=dag_with_postgres_operator_v04, task_id=insert_into_table, execution_date=20220430T000000, start_date=20230904T060542, end_date=20230904T060543
[2023-09-04T06:05:43.235+0000] {local_task_job_runner.py:228} INFO - Task exited with return code 0
[2023-09-04T06:05:43.574+0000] {taskinstance.py:2784} INFO - 0 downstream tasks scheduled from follow-on schedule check
