[2023-09-04T06:02:57.055+0000] {taskinstance.py:1159} INFO - Dependencies all met for dep_context=non-requeueable deps ti=<TaskInstance: dag_with_postgres_operator_v04.delete_data_from_table scheduled__2022-05-04T00:00:00+00:00 [queued]>
[2023-09-04T06:02:57.071+0000] {taskinstance.py:1159} INFO - Dependencies all met for dep_context=requeueable deps ti=<TaskInstance: dag_with_postgres_operator_v04.delete_data_from_table scheduled__2022-05-04T00:00:00+00:00 [queued]>
[2023-09-04T06:02:57.072+0000] {taskinstance.py:1361} INFO - Starting attempt 1 of 6
[2023-09-04T06:02:57.096+0000] {taskinstance.py:1382} INFO - Executing <Task(PostgresOperator): delete_data_from_table> on 2022-05-04 00:00:00+00:00
[2023-09-04T06:02:57.107+0000] {standard_task_runner.py:57} INFO - Started process 5592 to run task
[2023-09-04T06:02:57.111+0000] {standard_task_runner.py:84} INFO - Running: ['***', 'tasks', 'run', 'dag_with_postgres_operator_v04', 'delete_data_from_table', 'scheduled__2022-05-04T00:00:00+00:00', '--job-id', '544', '--raw', '--subdir', 'DAGS_FOLDER/dag_with_postgres_operator.py', '--cfg-path', '/tmp/tmp64kipa78']
[2023-09-04T06:02:57.115+0000] {standard_task_runner.py:85} INFO - Job 544: Subtask delete_data_from_table
[2023-09-04T06:02:57.208+0000] {task_command.py:415} INFO - Running <TaskInstance: dag_with_postgres_operator_v04.delete_data_from_table scheduled__2022-05-04T00:00:00+00:00 [running]> on host 10bdc2e98230
[2023-09-04T06:02:57.332+0000] {taskinstance.py:1660} INFO - Exporting env vars: AIRFLOW_CTX_DAG_OWNER='coder2j' AIRFLOW_CTX_DAG_ID='dag_with_postgres_operator_v04' AIRFLOW_CTX_TASK_ID='delete_data_from_table' AIRFLOW_CTX_EXECUTION_DATE='2022-05-04T00:00:00+00:00' AIRFLOW_CTX_TRY_NUMBER='1' AIRFLOW_CTX_DAG_RUN_ID='scheduled__2022-05-04T00:00:00+00:00'
[2023-09-04T06:02:57.334+0000] {sql.py:274} INFO - Executing: 
            delete from dag_runs where dt = '2022-05-04' and dag_id = 'dag_with_postgres_operator_v04';
        
[2023-09-04T06:02:57.344+0000] {base.py:73} INFO - Using connection ID 'postgres_localhost' for task execution.
[2023-09-04T06:02:57.352+0000] {base.py:73} INFO - Using connection ID 'postgres_localhost' for task execution.
[2023-09-04T06:02:57.366+0000] {sql.py:418} INFO - Running statement: 
            delete from dag_runs where dt = '2022-05-04' and dag_id = 'dag_with_postgres_operator_v04';
        , parameters: None
[2023-09-04T06:02:57.372+0000] {sql.py:427} INFO - Rows affected: 0
[2023-09-04T06:02:57.387+0000] {taskinstance.py:1400} INFO - Marking task as SUCCESS. dag_id=dag_with_postgres_operator_v04, task_id=delete_data_from_table, execution_date=20220504T000000, start_date=20230904T060257, end_date=20230904T060257
[2023-09-04T06:02:57.446+0000] {local_task_job_runner.py:228} INFO - Task exited with return code 0
[2023-09-04T06:02:57.470+0000] {taskinstance.py:2784} INFO - 1 downstream tasks scheduled from follow-on schedule check
[2023-09-04T06:05:40.604+0000] {taskinstance.py:1159} INFO - Dependencies all met for dep_context=non-requeueable deps ti=<TaskInstance: dag_with_postgres_operator_v04.delete_data_from_table scheduled__2022-05-04T00:00:00+00:00 [queued]>
[2023-09-04T06:05:40.647+0000] {taskinstance.py:1159} INFO - Dependencies all met for dep_context=requeueable deps ti=<TaskInstance: dag_with_postgres_operator_v04.delete_data_from_table scheduled__2022-05-04T00:00:00+00:00 [queued]>
[2023-09-04T06:05:40.648+0000] {taskinstance.py:1361} INFO - Starting attempt 1 of 6
[2023-09-04T06:05:40.926+0000] {taskinstance.py:1382} INFO - Executing <Task(PostgresOperator): delete_data_from_table> on 2022-05-04 00:00:00+00:00
[2023-09-04T06:05:40.942+0000] {standard_task_runner.py:57} INFO - Started process 6863 to run task
[2023-09-04T06:05:40.948+0000] {standard_task_runner.py:84} INFO - Running: ['***', 'tasks', 'run', 'dag_with_postgres_operator_v04', 'delete_data_from_table', 'scheduled__2022-05-04T00:00:00+00:00', '--job-id', '1081', '--raw', '--subdir', 'DAGS_FOLDER/dag_with_postgres_operator.py', '--cfg-path', '/tmp/tmp9_2bxqc9']
[2023-09-04T06:05:40.956+0000] {standard_task_runner.py:85} INFO - Job 1081: Subtask delete_data_from_table
[2023-09-04T06:05:41.145+0000] {task_command.py:415} INFO - Running <TaskInstance: dag_with_postgres_operator_v04.delete_data_from_table scheduled__2022-05-04T00:00:00+00:00 [running]> on host 10bdc2e98230
[2023-09-04T06:05:41.461+0000] {taskinstance.py:1660} INFO - Exporting env vars: AIRFLOW_CTX_DAG_OWNER='mohghaff' AIRFLOW_CTX_DAG_ID='dag_with_postgres_operator_v04' AIRFLOW_CTX_TASK_ID='delete_data_from_table' AIRFLOW_CTX_EXECUTION_DATE='2022-05-04T00:00:00+00:00' AIRFLOW_CTX_TRY_NUMBER='1' AIRFLOW_CTX_DAG_RUN_ID='scheduled__2022-05-04T00:00:00+00:00'
[2023-09-04T06:05:41.463+0000] {sql.py:274} INFO - Executing: 
            delete from dag_runs where dt = '2022-05-04' and dag_id = 'dag_with_postgres_operator_v04';
        
[2023-09-04T06:05:41.487+0000] {base.py:73} INFO - Using connection ID 'postgres_localhost' for task execution.
[2023-09-04T06:05:41.510+0000] {base.py:73} INFO - Using connection ID 'postgres_localhost' for task execution.
[2023-09-04T06:05:41.543+0000] {sql.py:418} INFO - Running statement: 
            delete from dag_runs where dt = '2022-05-04' and dag_id = 'dag_with_postgres_operator_v04';
        , parameters: None
[2023-09-04T06:05:41.558+0000] {sql.py:427} INFO - Rows affected: 1
[2023-09-04T06:05:41.615+0000] {taskinstance.py:1400} INFO - Marking task as SUCCESS. dag_id=dag_with_postgres_operator_v04, task_id=delete_data_from_table, execution_date=20220504T000000, start_date=20230904T060540, end_date=20230904T060541
[2023-09-04T06:05:41.695+0000] {local_task_job_runner.py:228} INFO - Task exited with return code 0
[2023-09-04T06:05:41.753+0000] {taskinstance.py:2784} INFO - 1 downstream tasks scheduled from follow-on schedule check
