[2023-09-04T06:01:26.848+0000] {taskinstance.py:1159} INFO - Dependencies all met for dep_context=non-requeueable deps ti=<TaskInstance: dag_with_postgres_operator_v04.insert_into_table scheduled__2022-01-13T00:00:00+00:00 [queued]>
[2023-09-04T06:01:26.863+0000] {taskinstance.py:1159} INFO - Dependencies all met for dep_context=requeueable deps ti=<TaskInstance: dag_with_postgres_operator_v04.insert_into_table scheduled__2022-01-13T00:00:00+00:00 [queued]>
[2023-09-04T06:01:26.864+0000] {taskinstance.py:1361} INFO - Starting attempt 1 of 6
[2023-09-04T06:01:26.889+0000] {taskinstance.py:1382} INFO - Executing <Task(PostgresOperator): insert_into_table> on 2022-01-13 00:00:00+00:00
[2023-09-04T06:01:26.897+0000] {standard_task_runner.py:57} INFO - Started process 4839 to run task
[2023-09-04T06:01:26.900+0000] {standard_task_runner.py:84} INFO - Running: ['***', 'tasks', 'run', 'dag_with_postgres_operator_v04', 'insert_into_table', 'scheduled__2022-01-13T00:00:00+00:00', '--job-id', '225', '--raw', '--subdir', 'DAGS_FOLDER/dag_with_postgres_operator.py', '--cfg-path', '/tmp/tmppfvfqr53']
[2023-09-04T06:01:26.903+0000] {standard_task_runner.py:85} INFO - Job 225: Subtask insert_into_table
[2023-09-04T06:01:26.970+0000] {task_command.py:415} INFO - Running <TaskInstance: dag_with_postgres_operator_v04.insert_into_table scheduled__2022-01-13T00:00:00+00:00 [running]> on host 10bdc2e98230
[2023-09-04T06:01:27.090+0000] {taskinstance.py:1660} INFO - Exporting env vars: AIRFLOW_CTX_DAG_OWNER='coder2j' AIRFLOW_CTX_DAG_ID='dag_with_postgres_operator_v04' AIRFLOW_CTX_TASK_ID='insert_into_table' AIRFLOW_CTX_EXECUTION_DATE='2022-01-13T00:00:00+00:00' AIRFLOW_CTX_TRY_NUMBER='1' AIRFLOW_CTX_DAG_RUN_ID='scheduled__2022-01-13T00:00:00+00:00'
[2023-09-04T06:01:27.092+0000] {sql.py:274} INFO - Executing: 
            insert into dag_runs (dt, dag_id) values ('2022-01-13', 'dag_with_postgres_operator_v04')
        
[2023-09-04T06:01:27.104+0000] {base.py:73} INFO - Using connection ID 'postgres_localhost' for task execution.
[2023-09-04T06:01:27.116+0000] {base.py:73} INFO - Using connection ID 'postgres_localhost' for task execution.
[2023-09-04T06:01:27.131+0000] {sql.py:418} INFO - Running statement: 
            insert into dag_runs (dt, dag_id) values ('2022-01-13', 'dag_with_postgres_operator_v04')
        , parameters: None
[2023-09-04T06:01:27.137+0000] {sql.py:427} INFO - Rows affected: 1
[2023-09-04T06:01:27.155+0000] {taskinstance.py:1400} INFO - Marking task as SUCCESS. dag_id=dag_with_postgres_operator_v04, task_id=insert_into_table, execution_date=20220113T000000, start_date=20230904T060126, end_date=20230904T060127
[2023-09-04T06:01:27.193+0000] {local_task_job_runner.py:228} INFO - Task exited with return code 0
[2023-09-04T06:01:27.223+0000] {taskinstance.py:2784} INFO - 0 downstream tasks scheduled from follow-on schedule check
[2023-09-04T06:04:13.854+0000] {taskinstance.py:1159} INFO - Dependencies all met for dep_context=non-requeueable deps ti=<TaskInstance: dag_with_postgres_operator_v04.insert_into_table scheduled__2022-01-13T00:00:00+00:00 [queued]>
[2023-09-04T06:04:13.881+0000] {taskinstance.py:1159} INFO - Dependencies all met for dep_context=requeueable deps ti=<TaskInstance: dag_with_postgres_operator_v04.insert_into_table scheduled__2022-01-13T00:00:00+00:00 [queued]>
[2023-09-04T06:04:13.882+0000] {taskinstance.py:1361} INFO - Starting attempt 1 of 6
[2023-09-04T06:04:13.916+0000] {taskinstance.py:1382} INFO - Executing <Task(PostgresOperator): insert_into_table> on 2022-01-13 00:00:00+00:00
[2023-09-04T06:04:13.926+0000] {standard_task_runner.py:57} INFO - Started process 6116 to run task
[2023-09-04T06:04:13.931+0000] {standard_task_runner.py:84} INFO - Running: ['***', 'tasks', 'run', 'dag_with_postgres_operator_v04', 'insert_into_table', 'scheduled__2022-01-13T00:00:00+00:00', '--job-id', '765', '--raw', '--subdir', 'DAGS_FOLDER/dag_with_postgres_operator.py', '--cfg-path', '/tmp/tmpyf06z_fi']
[2023-09-04T06:04:13.936+0000] {standard_task_runner.py:85} INFO - Job 765: Subtask insert_into_table
[2023-09-04T06:04:14.019+0000] {task_command.py:415} INFO - Running <TaskInstance: dag_with_postgres_operator_v04.insert_into_table scheduled__2022-01-13T00:00:00+00:00 [running]> on host 10bdc2e98230
[2023-09-04T06:04:14.220+0000] {taskinstance.py:1660} INFO - Exporting env vars: AIRFLOW_CTX_DAG_OWNER='mohghaff' AIRFLOW_CTX_DAG_ID='dag_with_postgres_operator_v04' AIRFLOW_CTX_TASK_ID='insert_into_table' AIRFLOW_CTX_EXECUTION_DATE='2022-01-13T00:00:00+00:00' AIRFLOW_CTX_TRY_NUMBER='1' AIRFLOW_CTX_DAG_RUN_ID='scheduled__2022-01-13T00:00:00+00:00'
[2023-09-04T06:04:14.222+0000] {sql.py:274} INFO - Executing: 
            insert into dag_runs (dt, dag_id) values ('2022-01-13', 'dag_with_postgres_operator_v04')
        
[2023-09-04T06:04:14.235+0000] {base.py:73} INFO - Using connection ID 'postgres_localhost' for task execution.
[2023-09-04T06:04:14.246+0000] {base.py:73} INFO - Using connection ID 'postgres_localhost' for task execution.
[2023-09-04T06:04:14.265+0000] {sql.py:418} INFO - Running statement: 
            insert into dag_runs (dt, dag_id) values ('2022-01-13', 'dag_with_postgres_operator_v04')
        , parameters: None
[2023-09-04T06:04:14.271+0000] {sql.py:427} INFO - Rows affected: 1
[2023-09-04T06:04:14.295+0000] {taskinstance.py:1400} INFO - Marking task as SUCCESS. dag_id=dag_with_postgres_operator_v04, task_id=insert_into_table, execution_date=20220113T000000, start_date=20230904T060413, end_date=20230904T060414
[2023-09-04T06:04:14.345+0000] {local_task_job_runner.py:228} INFO - Task exited with return code 0
[2023-09-04T06:04:14.362+0000] {taskinstance.py:2784} INFO - 0 downstream tasks scheduled from follow-on schedule check
