[2023-09-04T06:01:28.234+0000] {taskinstance.py:1159} INFO - Dependencies all met for dep_context=non-requeueable deps ti=<TaskInstance: dag_with_postgres_operator_v04.insert_into_table scheduled__2022-01-20T00:00:00+00:00 [queued]>
[2023-09-04T06:01:28.246+0000] {taskinstance.py:1159} INFO - Dependencies all met for dep_context=requeueable deps ti=<TaskInstance: dag_with_postgres_operator_v04.insert_into_table scheduled__2022-01-20T00:00:00+00:00 [queued]>
[2023-09-04T06:01:28.246+0000] {taskinstance.py:1361} INFO - Starting attempt 1 of 6
[2023-09-04T06:01:28.262+0000] {taskinstance.py:1382} INFO - Executing <Task(PostgresOperator): insert_into_table> on 2022-01-20 00:00:00+00:00
[2023-09-04T06:01:28.269+0000] {standard_task_runner.py:57} INFO - Started process 4852 to run task
[2023-09-04T06:01:28.272+0000] {standard_task_runner.py:84} INFO - Running: ['***', 'tasks', 'run', 'dag_with_postgres_operator_v04', 'insert_into_table', 'scheduled__2022-01-20T00:00:00+00:00', '--job-id', '232', '--raw', '--subdir', 'DAGS_FOLDER/dag_with_postgres_operator.py', '--cfg-path', '/tmp/tmpremfgw0x']
[2023-09-04T06:01:28.274+0000] {standard_task_runner.py:85} INFO - Job 232: Subtask insert_into_table
[2023-09-04T06:01:28.325+0000] {task_command.py:415} INFO - Running <TaskInstance: dag_with_postgres_operator_v04.insert_into_table scheduled__2022-01-20T00:00:00+00:00 [running]> on host 10bdc2e98230
[2023-09-04T06:01:28.414+0000] {taskinstance.py:1660} INFO - Exporting env vars: AIRFLOW_CTX_DAG_OWNER='coder2j' AIRFLOW_CTX_DAG_ID='dag_with_postgres_operator_v04' AIRFLOW_CTX_TASK_ID='insert_into_table' AIRFLOW_CTX_EXECUTION_DATE='2022-01-20T00:00:00+00:00' AIRFLOW_CTX_TRY_NUMBER='1' AIRFLOW_CTX_DAG_RUN_ID='scheduled__2022-01-20T00:00:00+00:00'
[2023-09-04T06:01:28.415+0000] {sql.py:274} INFO - Executing: 
            insert into dag_runs (dt, dag_id) values ('2022-01-20', 'dag_with_postgres_operator_v04')
        
[2023-09-04T06:01:28.424+0000] {base.py:73} INFO - Using connection ID 'postgres_localhost' for task execution.
[2023-09-04T06:01:28.431+0000] {base.py:73} INFO - Using connection ID 'postgres_localhost' for task execution.
[2023-09-04T06:01:28.442+0000] {sql.py:418} INFO - Running statement: 
            insert into dag_runs (dt, dag_id) values ('2022-01-20', 'dag_with_postgres_operator_v04')
        , parameters: None
[2023-09-04T06:01:28.447+0000] {sql.py:427} INFO - Rows affected: 1
[2023-09-04T06:01:28.460+0000] {taskinstance.py:1400} INFO - Marking task as SUCCESS. dag_id=dag_with_postgres_operator_v04, task_id=insert_into_table, execution_date=20220120T000000, start_date=20230904T060128, end_date=20230904T060128
[2023-09-04T06:01:28.485+0000] {local_task_job_runner.py:228} INFO - Task exited with return code 0
[2023-09-04T06:01:28.502+0000] {taskinstance.py:2784} INFO - 0 downstream tasks scheduled from follow-on schedule check
[2023-09-04T06:04:23.050+0000] {taskinstance.py:1159} INFO - Dependencies all met for dep_context=non-requeueable deps ti=<TaskInstance: dag_with_postgres_operator_v04.insert_into_table scheduled__2022-01-20T00:00:00+00:00 [queued]>
[2023-09-04T06:04:23.077+0000] {taskinstance.py:1159} INFO - Dependencies all met for dep_context=requeueable deps ti=<TaskInstance: dag_with_postgres_operator_v04.insert_into_table scheduled__2022-01-20T00:00:00+00:00 [queued]>
[2023-09-04T06:04:23.077+0000] {taskinstance.py:1361} INFO - Starting attempt 1 of 6
[2023-09-04T06:04:23.198+0000] {taskinstance.py:1382} INFO - Executing <Task(PostgresOperator): insert_into_table> on 2022-01-20 00:00:00+00:00
[2023-09-04T06:04:23.210+0000] {standard_task_runner.py:57} INFO - Started process 6191 to run task
[2023-09-04T06:04:23.218+0000] {standard_task_runner.py:84} INFO - Running: ['***', 'tasks', 'run', 'dag_with_postgres_operator_v04', 'insert_into_table', 'scheduled__2022-01-20T00:00:00+00:00', '--job-id', '796', '--raw', '--subdir', 'DAGS_FOLDER/dag_with_postgres_operator.py', '--cfg-path', '/tmp/tmpob4q73ga']
[2023-09-04T06:04:23.222+0000] {standard_task_runner.py:85} INFO - Job 796: Subtask insert_into_table
[2023-09-04T06:04:23.358+0000] {task_command.py:415} INFO - Running <TaskInstance: dag_with_postgres_operator_v04.insert_into_table scheduled__2022-01-20T00:00:00+00:00 [running]> on host 10bdc2e98230
[2023-09-04T06:04:23.600+0000] {taskinstance.py:1660} INFO - Exporting env vars: AIRFLOW_CTX_DAG_OWNER='mohghaff' AIRFLOW_CTX_DAG_ID='dag_with_postgres_operator_v04' AIRFLOW_CTX_TASK_ID='insert_into_table' AIRFLOW_CTX_EXECUTION_DATE='2022-01-20T00:00:00+00:00' AIRFLOW_CTX_TRY_NUMBER='1' AIRFLOW_CTX_DAG_RUN_ID='scheduled__2022-01-20T00:00:00+00:00'
[2023-09-04T06:04:23.602+0000] {sql.py:274} INFO - Executing: 
            insert into dag_runs (dt, dag_id) values ('2022-01-20', 'dag_with_postgres_operator_v04')
        
[2023-09-04T06:04:23.622+0000] {base.py:73} INFO - Using connection ID 'postgres_localhost' for task execution.
[2023-09-04T06:04:23.641+0000] {base.py:73} INFO - Using connection ID 'postgres_localhost' for task execution.
[2023-09-04T06:04:23.664+0000] {sql.py:418} INFO - Running statement: 
            insert into dag_runs (dt, dag_id) values ('2022-01-20', 'dag_with_postgres_operator_v04')
        , parameters: None
[2023-09-04T06:04:23.672+0000] {sql.py:427} INFO - Rows affected: 1
[2023-09-04T06:04:23.709+0000] {taskinstance.py:1400} INFO - Marking task as SUCCESS. dag_id=dag_with_postgres_operator_v04, task_id=insert_into_table, execution_date=20220120T000000, start_date=20230904T060423, end_date=20230904T060423
[2023-09-04T06:04:23.803+0000] {local_task_job_runner.py:228} INFO - Task exited with return code 0
[2023-09-04T06:04:23.843+0000] {taskinstance.py:2784} INFO - 0 downstream tasks scheduled from follow-on schedule check
