[2023-09-04T06:02:50.861+0000] {taskinstance.py:1159} INFO - Dependencies all met for dep_context=non-requeueable deps ti=<TaskInstance: dag_with_postgres_operator_v04.insert_into_table scheduled__2022-04-23T00:00:00+00:00 [queued]>
[2023-09-04T06:02:50.877+0000] {taskinstance.py:1159} INFO - Dependencies all met for dep_context=requeueable deps ti=<TaskInstance: dag_with_postgres_operator_v04.insert_into_table scheduled__2022-04-23T00:00:00+00:00 [queued]>
[2023-09-04T06:02:50.877+0000] {taskinstance.py:1361} INFO - Starting attempt 1 of 6
[2023-09-04T06:02:50.905+0000] {taskinstance.py:1382} INFO - Executing <Task(PostgresOperator): insert_into_table> on 2022-04-23 00:00:00+00:00
[2023-09-04T06:02:50.917+0000] {standard_task_runner.py:57} INFO - Started process 5521 to run task
[2023-09-04T06:02:50.923+0000] {standard_task_runner.py:84} INFO - Running: ['***', 'tasks', 'run', 'dag_with_postgres_operator_v04', 'insert_into_table', 'scheduled__2022-04-23T00:00:00+00:00', '--job-id', '523', '--raw', '--subdir', 'DAGS_FOLDER/dag_with_postgres_operator.py', '--cfg-path', '/tmp/tmpzyc35vx0']
[2023-09-04T06:02:50.930+0000] {standard_task_runner.py:85} INFO - Job 523: Subtask insert_into_table
[2023-09-04T06:02:51.045+0000] {task_command.py:415} INFO - Running <TaskInstance: dag_with_postgres_operator_v04.insert_into_table scheduled__2022-04-23T00:00:00+00:00 [running]> on host 10bdc2e98230
[2023-09-04T06:02:51.227+0000] {taskinstance.py:1660} INFO - Exporting env vars: AIRFLOW_CTX_DAG_OWNER='coder2j' AIRFLOW_CTX_DAG_ID='dag_with_postgres_operator_v04' AIRFLOW_CTX_TASK_ID='insert_into_table' AIRFLOW_CTX_EXECUTION_DATE='2022-04-23T00:00:00+00:00' AIRFLOW_CTX_TRY_NUMBER='1' AIRFLOW_CTX_DAG_RUN_ID='scheduled__2022-04-23T00:00:00+00:00'
[2023-09-04T06:02:51.230+0000] {sql.py:274} INFO - Executing: 
            insert into dag_runs (dt, dag_id) values ('2022-04-23', 'dag_with_postgres_operator_v04')
        
[2023-09-04T06:02:51.251+0000] {base.py:73} INFO - Using connection ID 'postgres_localhost' for task execution.
[2023-09-04T06:02:51.268+0000] {base.py:73} INFO - Using connection ID 'postgres_localhost' for task execution.
[2023-09-04T06:02:51.285+0000] {sql.py:418} INFO - Running statement: 
            insert into dag_runs (dt, dag_id) values ('2022-04-23', 'dag_with_postgres_operator_v04')
        , parameters: None
[2023-09-04T06:02:51.290+0000] {sql.py:427} INFO - Rows affected: 1
[2023-09-04T06:02:51.313+0000] {taskinstance.py:1400} INFO - Marking task as SUCCESS. dag_id=dag_with_postgres_operator_v04, task_id=insert_into_table, execution_date=20220423T000000, start_date=20230904T060250, end_date=20230904T060251
[2023-09-04T06:02:51.377+0000] {local_task_job_runner.py:228} INFO - Task exited with return code 0
[2023-09-04T06:02:51.499+0000] {taskinstance.py:2784} INFO - 0 downstream tasks scheduled from follow-on schedule check
[2023-09-04T06:05:31.654+0000] {taskinstance.py:1159} INFO - Dependencies all met for dep_context=non-requeueable deps ti=<TaskInstance: dag_with_postgres_operator_v04.insert_into_table scheduled__2022-04-23T00:00:00+00:00 [queued]>
[2023-09-04T06:05:31.669+0000] {taskinstance.py:1159} INFO - Dependencies all met for dep_context=requeueable deps ti=<TaskInstance: dag_with_postgres_operator_v04.insert_into_table scheduled__2022-04-23T00:00:00+00:00 [queued]>
[2023-09-04T06:05:31.669+0000] {taskinstance.py:1361} INFO - Starting attempt 1 of 6
[2023-09-04T06:05:31.689+0000] {taskinstance.py:1382} INFO - Executing <Task(PostgresOperator): insert_into_table> on 2022-04-23 00:00:00+00:00
[2023-09-04T06:05:31.696+0000] {standard_task_runner.py:57} INFO - Started process 6795 to run task
[2023-09-04T06:05:31.699+0000] {standard_task_runner.py:84} INFO - Running: ['***', 'tasks', 'run', 'dag_with_postgres_operator_v04', 'insert_into_table', 'scheduled__2022-04-23T00:00:00+00:00', '--job-id', '1055', '--raw', '--subdir', 'DAGS_FOLDER/dag_with_postgres_operator.py', '--cfg-path', '/tmp/tmp31pxsogp']
[2023-09-04T06:05:31.701+0000] {standard_task_runner.py:85} INFO - Job 1055: Subtask insert_into_table
[2023-09-04T06:05:31.769+0000] {task_command.py:415} INFO - Running <TaskInstance: dag_with_postgres_operator_v04.insert_into_table scheduled__2022-04-23T00:00:00+00:00 [running]> on host 10bdc2e98230
[2023-09-04T06:05:31.901+0000] {taskinstance.py:1660} INFO - Exporting env vars: AIRFLOW_CTX_DAG_OWNER='mohghaff' AIRFLOW_CTX_DAG_ID='dag_with_postgres_operator_v04' AIRFLOW_CTX_TASK_ID='insert_into_table' AIRFLOW_CTX_EXECUTION_DATE='2022-04-23T00:00:00+00:00' AIRFLOW_CTX_TRY_NUMBER='1' AIRFLOW_CTX_DAG_RUN_ID='scheduled__2022-04-23T00:00:00+00:00'
[2023-09-04T06:05:31.902+0000] {sql.py:274} INFO - Executing: 
            insert into dag_runs (dt, dag_id) values ('2022-04-23', 'dag_with_postgres_operator_v04')
        
[2023-09-04T06:05:31.911+0000] {base.py:73} INFO - Using connection ID 'postgres_localhost' for task execution.
[2023-09-04T06:05:31.920+0000] {base.py:73} INFO - Using connection ID 'postgres_localhost' for task execution.
[2023-09-04T06:05:31.932+0000] {sql.py:418} INFO - Running statement: 
            insert into dag_runs (dt, dag_id) values ('2022-04-23', 'dag_with_postgres_operator_v04')
        , parameters: None
[2023-09-04T06:05:31.936+0000] {sql.py:427} INFO - Rows affected: 1
[2023-09-04T06:05:31.951+0000] {taskinstance.py:1400} INFO - Marking task as SUCCESS. dag_id=dag_with_postgres_operator_v04, task_id=insert_into_table, execution_date=20220423T000000, start_date=20230904T060531, end_date=20230904T060531
[2023-09-04T06:05:31.992+0000] {local_task_job_runner.py:228} INFO - Task exited with return code 0
[2023-09-04T06:05:32.010+0000] {taskinstance.py:2784} INFO - 0 downstream tasks scheduled from follow-on schedule check
