[2023-09-04T06:03:02.929+0000] {taskinstance.py:1159} INFO - Dependencies all met for dep_context=non-requeueable deps ti=<TaskInstance: dag_with_postgres_operator_v04.create_postgres_table scheduled__2022-05-13T00:00:00+00:00 [queued]>
[2023-09-04T06:03:02.938+0000] {taskinstance.py:1159} INFO - Dependencies all met for dep_context=requeueable deps ti=<TaskInstance: dag_with_postgres_operator_v04.create_postgres_table scheduled__2022-05-13T00:00:00+00:00 [queued]>
[2023-09-04T06:03:02.939+0000] {taskinstance.py:1361} INFO - Starting attempt 1 of 6
[2023-09-04T06:03:02.955+0000] {taskinstance.py:1382} INFO - Executing <Task(PostgresOperator): create_postgres_table> on 2022-05-13 00:00:00+00:00
[2023-09-04T06:03:02.962+0000] {standard_task_runner.py:57} INFO - Started process 5633 to run task
[2023-09-04T06:03:02.964+0000] {standard_task_runner.py:84} INFO - Running: ['***', 'tasks', 'run', 'dag_with_postgres_operator_v04', 'create_postgres_table', 'scheduled__2022-05-13T00:00:00+00:00', '--job-id', '565', '--raw', '--subdir', 'DAGS_FOLDER/dag_with_postgres_operator.py', '--cfg-path', '/tmp/tmpv03_xwoj']
[2023-09-04T06:03:02.966+0000] {standard_task_runner.py:85} INFO - Job 565: Subtask create_postgres_table
[2023-09-04T06:03:03.019+0000] {task_command.py:415} INFO - Running <TaskInstance: dag_with_postgres_operator_v04.create_postgres_table scheduled__2022-05-13T00:00:00+00:00 [running]> on host 10bdc2e98230
[2023-09-04T06:03:03.124+0000] {taskinstance.py:1660} INFO - Exporting env vars: AIRFLOW_CTX_DAG_OWNER='coder2j' AIRFLOW_CTX_DAG_ID='dag_with_postgres_operator_v04' AIRFLOW_CTX_TASK_ID='create_postgres_table' AIRFLOW_CTX_EXECUTION_DATE='2022-05-13T00:00:00+00:00' AIRFLOW_CTX_TRY_NUMBER='1' AIRFLOW_CTX_DAG_RUN_ID='scheduled__2022-05-13T00:00:00+00:00'
[2023-09-04T06:03:03.125+0000] {sql.py:274} INFO - Executing: 
            create table if not exists dag_runs (
                dt date,
                dag_id character varying,
                primary key (dt, dag_id)
            )
        
[2023-09-04T06:03:03.134+0000] {base.py:73} INFO - Using connection ID 'postgres_localhost' for task execution.
[2023-09-04T06:03:03.143+0000] {base.py:73} INFO - Using connection ID 'postgres_localhost' for task execution.
[2023-09-04T06:03:03.153+0000] {sql.py:418} INFO - Running statement: 
            create table if not exists dag_runs (
                dt date,
                dag_id character varying,
                primary key (dt, dag_id)
            )
        , parameters: None
[2023-09-04T06:03:03.167+0000] {taskinstance.py:1400} INFO - Marking task as SUCCESS. dag_id=dag_with_postgres_operator_v04, task_id=create_postgres_table, execution_date=20220513T000000, start_date=20230904T060302, end_date=20230904T060303
[2023-09-04T06:03:03.297+0000] {local_task_job_runner.py:228} INFO - Task exited with return code 0
[2023-09-04T06:03:03.329+0000] {taskinstance.py:2784} INFO - 1 downstream tasks scheduled from follow-on schedule check
[2023-09-04T06:05:49.807+0000] {taskinstance.py:1159} INFO - Dependencies all met for dep_context=non-requeueable deps ti=<TaskInstance: dag_with_postgres_operator_v04.create_postgres_table scheduled__2022-05-13T00:00:00+00:00 [queued]>
[2023-09-04T06:05:49.825+0000] {taskinstance.py:1159} INFO - Dependencies all met for dep_context=requeueable deps ti=<TaskInstance: dag_with_postgres_operator_v04.create_postgres_table scheduled__2022-05-13T00:00:00+00:00 [queued]>
[2023-09-04T06:05:49.826+0000] {taskinstance.py:1361} INFO - Starting attempt 1 of 6
[2023-09-04T06:05:49.870+0000] {taskinstance.py:1382} INFO - Executing <Task(PostgresOperator): create_postgres_table> on 2022-05-13 00:00:00+00:00
[2023-09-04T06:05:49.880+0000] {standard_task_runner.py:57} INFO - Started process 6920 to run task
[2023-09-04T06:05:49.885+0000] {standard_task_runner.py:84} INFO - Running: ['***', 'tasks', 'run', 'dag_with_postgres_operator_v04', 'create_postgres_table', 'scheduled__2022-05-13T00:00:00+00:00', '--job-id', '1109', '--raw', '--subdir', 'DAGS_FOLDER/dag_with_postgres_operator.py', '--cfg-path', '/tmp/tmpzerrwjv2']
[2023-09-04T06:05:49.889+0000] {standard_task_runner.py:85} INFO - Job 1109: Subtask create_postgres_table
[2023-09-04T06:05:50.009+0000] {task_command.py:415} INFO - Running <TaskInstance: dag_with_postgres_operator_v04.create_postgres_table scheduled__2022-05-13T00:00:00+00:00 [running]> on host 10bdc2e98230
[2023-09-04T06:05:50.209+0000] {taskinstance.py:1660} INFO - Exporting env vars: AIRFLOW_CTX_DAG_OWNER='mohghaff' AIRFLOW_CTX_DAG_ID='dag_with_postgres_operator_v04' AIRFLOW_CTX_TASK_ID='create_postgres_table' AIRFLOW_CTX_EXECUTION_DATE='2022-05-13T00:00:00+00:00' AIRFLOW_CTX_TRY_NUMBER='1' AIRFLOW_CTX_DAG_RUN_ID='scheduled__2022-05-13T00:00:00+00:00'
[2023-09-04T06:05:50.211+0000] {sql.py:274} INFO - Executing: 
            create table if not exists dag_runs (
                dt date,
                dag_id character varying,
                primary key (dt, dag_id)
            )
        
[2023-09-04T06:05:50.230+0000] {base.py:73} INFO - Using connection ID 'postgres_localhost' for task execution.
[2023-09-04T06:05:50.246+0000] {base.py:73} INFO - Using connection ID 'postgres_localhost' for task execution.
[2023-09-04T06:05:50.268+0000] {sql.py:418} INFO - Running statement: 
            create table if not exists dag_runs (
                dt date,
                dag_id character varying,
                primary key (dt, dag_id)
            )
        , parameters: None
[2023-09-04T06:05:50.298+0000] {taskinstance.py:1400} INFO - Marking task as SUCCESS. dag_id=dag_with_postgres_operator_v04, task_id=create_postgres_table, execution_date=20220513T000000, start_date=20230904T060549, end_date=20230904T060550
[2023-09-04T06:05:50.499+0000] {local_task_job_runner.py:228} INFO - Task exited with return code 0
[2023-09-04T06:05:50.569+0000] {taskinstance.py:2784} INFO - 1 downstream tasks scheduled from follow-on schedule check
