[2023-09-04T06:01:16.878+0000] {taskinstance.py:1159} INFO - Dependencies all met for dep_context=non-requeueable deps ti=<TaskInstance: dag_with_postgres_operator_v04.create_postgres_table scheduled__2022-01-08T00:00:00+00:00 [queued]>
[2023-09-04T06:01:16.897+0000] {taskinstance.py:1159} INFO - Dependencies all met for dep_context=requeueable deps ti=<TaskInstance: dag_with_postgres_operator_v04.create_postgres_table scheduled__2022-01-08T00:00:00+00:00 [queued]>
[2023-09-04T06:01:16.897+0000] {taskinstance.py:1361} INFO - Starting attempt 1 of 6
[2023-09-04T06:01:16.929+0000] {taskinstance.py:1382} INFO - Executing <Task(PostgresOperator): create_postgres_table> on 2022-01-08 00:00:00+00:00
[2023-09-04T06:01:16.937+0000] {standard_task_runner.py:57} INFO - Started process 4726 to run task
[2023-09-04T06:01:16.941+0000] {standard_task_runner.py:84} INFO - Running: ['***', 'tasks', 'run', 'dag_with_postgres_operator_v04', 'create_postgres_table', 'scheduled__2022-01-08T00:00:00+00:00', '--job-id', '182', '--raw', '--subdir', 'DAGS_FOLDER/dag_with_postgres_operator.py', '--cfg-path', '/tmp/tmp47vrmk39']
[2023-09-04T06:01:16.943+0000] {standard_task_runner.py:85} INFO - Job 182: Subtask create_postgres_table
[2023-09-04T06:01:16.995+0000] {task_command.py:415} INFO - Running <TaskInstance: dag_with_postgres_operator_v04.create_postgres_table scheduled__2022-01-08T00:00:00+00:00 [running]> on host 10bdc2e98230
[2023-09-04T06:01:17.101+0000] {taskinstance.py:1660} INFO - Exporting env vars: AIRFLOW_CTX_DAG_OWNER='coder2j' AIRFLOW_CTX_DAG_ID='dag_with_postgres_operator_v04' AIRFLOW_CTX_TASK_ID='create_postgres_table' AIRFLOW_CTX_EXECUTION_DATE='2022-01-08T00:00:00+00:00' AIRFLOW_CTX_TRY_NUMBER='1' AIRFLOW_CTX_DAG_RUN_ID='scheduled__2022-01-08T00:00:00+00:00'
[2023-09-04T06:01:17.103+0000] {sql.py:274} INFO - Executing: 
            create table if not exists dag_runs (
                dt date,
                dag_id character varying,
                primary key (dt, dag_id)
            )
        
[2023-09-04T06:01:17.115+0000] {base.py:73} INFO - Using connection ID 'postgres_localhost' for task execution.
[2023-09-04T06:01:17.126+0000] {base.py:73} INFO - Using connection ID 'postgres_localhost' for task execution.
[2023-09-04T06:01:17.140+0000] {sql.py:418} INFO - Running statement: 
            create table if not exists dag_runs (
                dt date,
                dag_id character varying,
                primary key (dt, dag_id)
            )
        , parameters: None
[2023-09-04T06:01:17.158+0000] {taskinstance.py:1400} INFO - Marking task as SUCCESS. dag_id=dag_with_postgres_operator_v04, task_id=create_postgres_table, execution_date=20220108T000000, start_date=20230904T060116, end_date=20230904T060117
[2023-09-04T06:01:17.394+0000] {local_task_job_runner.py:228} INFO - Task exited with return code 0
[2023-09-04T06:01:17.430+0000] {taskinstance.py:2784} INFO - 1 downstream tasks scheduled from follow-on schedule check
[2023-09-04T06:04:06.758+0000] {taskinstance.py:1159} INFO - Dependencies all met for dep_context=non-requeueable deps ti=<TaskInstance: dag_with_postgres_operator_v04.create_postgres_table scheduled__2022-01-08T00:00:00+00:00 [queued]>
[2023-09-04T06:04:06.781+0000] {taskinstance.py:1159} INFO - Dependencies all met for dep_context=requeueable deps ti=<TaskInstance: dag_with_postgres_operator_v04.create_postgres_table scheduled__2022-01-08T00:00:00+00:00 [queued]>
[2023-09-04T06:04:06.781+0000] {taskinstance.py:1361} INFO - Starting attempt 1 of 6
[2023-09-04T06:04:06.988+0000] {taskinstance.py:1382} INFO - Executing <Task(PostgresOperator): create_postgres_table> on 2022-01-08 00:00:00+00:00
[2023-09-04T06:04:06.997+0000] {standard_task_runner.py:57} INFO - Started process 6032 to run task
[2023-09-04T06:04:07.001+0000] {standard_task_runner.py:84} INFO - Running: ['***', 'tasks', 'run', 'dag_with_postgres_operator_v04', 'create_postgres_table', 'scheduled__2022-01-08T00:00:00+00:00', '--job-id', '726', '--raw', '--subdir', 'DAGS_FOLDER/dag_with_postgres_operator.py', '--cfg-path', '/tmp/tmpq6tpm3ih']
[2023-09-04T06:04:07.005+0000] {standard_task_runner.py:85} INFO - Job 726: Subtask create_postgres_table
[2023-09-04T06:04:07.117+0000] {task_command.py:415} INFO - Running <TaskInstance: dag_with_postgres_operator_v04.create_postgres_table scheduled__2022-01-08T00:00:00+00:00 [running]> on host 10bdc2e98230
[2023-09-04T06:04:07.305+0000] {taskinstance.py:1660} INFO - Exporting env vars: AIRFLOW_CTX_DAG_OWNER='mohghaff' AIRFLOW_CTX_DAG_ID='dag_with_postgres_operator_v04' AIRFLOW_CTX_TASK_ID='create_postgres_table' AIRFLOW_CTX_EXECUTION_DATE='2022-01-08T00:00:00+00:00' AIRFLOW_CTX_TRY_NUMBER='1' AIRFLOW_CTX_DAG_RUN_ID='scheduled__2022-01-08T00:00:00+00:00'
[2023-09-04T06:04:07.308+0000] {sql.py:274} INFO - Executing: 
            create table if not exists dag_runs (
                dt date,
                dag_id character varying,
                primary key (dt, dag_id)
            )
        
[2023-09-04T06:04:07.327+0000] {base.py:73} INFO - Using connection ID 'postgres_localhost' for task execution.
[2023-09-04T06:04:07.345+0000] {base.py:73} INFO - Using connection ID 'postgres_localhost' for task execution.
[2023-09-04T06:04:07.368+0000] {sql.py:418} INFO - Running statement: 
            create table if not exists dag_runs (
                dt date,
                dag_id character varying,
                primary key (dt, dag_id)
            )
        , parameters: None
[2023-09-04T06:04:07.400+0000] {taskinstance.py:1400} INFO - Marking task as SUCCESS. dag_id=dag_with_postgres_operator_v04, task_id=create_postgres_table, execution_date=20220108T000000, start_date=20230904T060406, end_date=20230904T060407
[2023-09-04T06:04:07.456+0000] {local_task_job_runner.py:228} INFO - Task exited with return code 0
[2023-09-04T06:04:07.512+0000] {taskinstance.py:2784} INFO - 1 downstream tasks scheduled from follow-on schedule check
