[2023-09-04T06:02:50.832+0000] {taskinstance.py:1159} INFO - Dependencies all met for dep_context=non-requeueable deps ti=<TaskInstance: dag_with_postgres_operator_v04.delete_data_from_table scheduled__2022-04-27T00:00:00+00:00 [queued]>
[2023-09-04T06:02:50.850+0000] {taskinstance.py:1159} INFO - Dependencies all met for dep_context=requeueable deps ti=<TaskInstance: dag_with_postgres_operator_v04.delete_data_from_table scheduled__2022-04-27T00:00:00+00:00 [queued]>
[2023-09-04T06:02:50.851+0000] {taskinstance.py:1361} INFO - Starting attempt 1 of 6
[2023-09-04T06:02:50.871+0000] {taskinstance.py:1382} INFO - Executing <Task(PostgresOperator): delete_data_from_table> on 2022-04-27 00:00:00+00:00
[2023-09-04T06:02:50.881+0000] {standard_task_runner.py:57} INFO - Started process 5511 to run task
[2023-09-04T06:02:50.884+0000] {standard_task_runner.py:84} INFO - Running: ['***', 'tasks', 'run', 'dag_with_postgres_operator_v04', 'delete_data_from_table', 'scheduled__2022-04-27T00:00:00+00:00', '--job-id', '517', '--raw', '--subdir', 'DAGS_FOLDER/dag_with_postgres_operator.py', '--cfg-path', '/tmp/tmpe1ugdh8c']
[2023-09-04T06:02:50.888+0000] {standard_task_runner.py:85} INFO - Job 517: Subtask delete_data_from_table
[2023-09-04T06:02:51.007+0000] {task_command.py:415} INFO - Running <TaskInstance: dag_with_postgres_operator_v04.delete_data_from_table scheduled__2022-04-27T00:00:00+00:00 [running]> on host 10bdc2e98230
[2023-09-04T06:02:51.210+0000] {taskinstance.py:1660} INFO - Exporting env vars: AIRFLOW_CTX_DAG_OWNER='coder2j' AIRFLOW_CTX_DAG_ID='dag_with_postgres_operator_v04' AIRFLOW_CTX_TASK_ID='delete_data_from_table' AIRFLOW_CTX_EXECUTION_DATE='2022-04-27T00:00:00+00:00' AIRFLOW_CTX_TRY_NUMBER='1' AIRFLOW_CTX_DAG_RUN_ID='scheduled__2022-04-27T00:00:00+00:00'
[2023-09-04T06:02:51.213+0000] {sql.py:274} INFO - Executing: 
            delete from dag_runs where dt = '2022-04-27' and dag_id = 'dag_with_postgres_operator_v04';
        
[2023-09-04T06:02:51.227+0000] {base.py:73} INFO - Using connection ID 'postgres_localhost' for task execution.
[2023-09-04T06:02:51.242+0000] {base.py:73} INFO - Using connection ID 'postgres_localhost' for task execution.
[2023-09-04T06:02:51.257+0000] {sql.py:418} INFO - Running statement: 
            delete from dag_runs where dt = '2022-04-27' and dag_id = 'dag_with_postgres_operator_v04';
        , parameters: None
[2023-09-04T06:02:51.272+0000] {sql.py:427} INFO - Rows affected: 0
[2023-09-04T06:02:51.295+0000] {taskinstance.py:1400} INFO - Marking task as SUCCESS. dag_id=dag_with_postgres_operator_v04, task_id=delete_data_from_table, execution_date=20220427T000000, start_date=20230904T060250, end_date=20230904T060251
[2023-09-04T06:02:51.338+0000] {local_task_job_runner.py:228} INFO - Task exited with return code 0
[2023-09-04T06:02:51.500+0000] {taskinstance.py:2784} INFO - 0 downstream tasks scheduled from follow-on schedule check
[2023-09-04T06:05:37.816+0000] {taskinstance.py:1159} INFO - Dependencies all met for dep_context=non-requeueable deps ti=<TaskInstance: dag_with_postgres_operator_v04.delete_data_from_table scheduled__2022-04-27T00:00:00+00:00 [queued]>
[2023-09-04T06:05:37.842+0000] {taskinstance.py:1159} INFO - Dependencies all met for dep_context=requeueable deps ti=<TaskInstance: dag_with_postgres_operator_v04.delete_data_from_table scheduled__2022-04-27T00:00:00+00:00 [queued]>
[2023-09-04T06:05:37.843+0000] {taskinstance.py:1361} INFO - Starting attempt 1 of 6
[2023-09-04T06:05:38.138+0000] {taskinstance.py:1382} INFO - Executing <Task(PostgresOperator): delete_data_from_table> on 2022-04-27 00:00:00+00:00
[2023-09-04T06:05:38.154+0000] {standard_task_runner.py:57} INFO - Started process 6837 to run task
[2023-09-04T06:05:38.159+0000] {standard_task_runner.py:84} INFO - Running: ['***', 'tasks', 'run', 'dag_with_postgres_operator_v04', 'delete_data_from_table', 'scheduled__2022-04-27T00:00:00+00:00', '--job-id', '1073', '--raw', '--subdir', 'DAGS_FOLDER/dag_with_postgres_operator.py', '--cfg-path', '/tmp/tmp3gfh15hd']
[2023-09-04T06:05:38.164+0000] {standard_task_runner.py:85} INFO - Job 1073: Subtask delete_data_from_table
[2023-09-04T06:05:38.363+0000] {task_command.py:415} INFO - Running <TaskInstance: dag_with_postgres_operator_v04.delete_data_from_table scheduled__2022-04-27T00:00:00+00:00 [running]> on host 10bdc2e98230
[2023-09-04T06:05:38.764+0000] {taskinstance.py:1660} INFO - Exporting env vars: AIRFLOW_CTX_DAG_OWNER='mohghaff' AIRFLOW_CTX_DAG_ID='dag_with_postgres_operator_v04' AIRFLOW_CTX_TASK_ID='delete_data_from_table' AIRFLOW_CTX_EXECUTION_DATE='2022-04-27T00:00:00+00:00' AIRFLOW_CTX_TRY_NUMBER='1' AIRFLOW_CTX_DAG_RUN_ID='scheduled__2022-04-27T00:00:00+00:00'
[2023-09-04T06:05:38.767+0000] {sql.py:274} INFO - Executing: 
            delete from dag_runs where dt = '2022-04-27' and dag_id = 'dag_with_postgres_operator_v04';
        
[2023-09-04T06:05:38.808+0000] {base.py:73} INFO - Using connection ID 'postgres_localhost' for task execution.
[2023-09-04T06:05:38.849+0000] {base.py:73} INFO - Using connection ID 'postgres_localhost' for task execution.
[2023-09-04T06:05:38.906+0000] {sql.py:418} INFO - Running statement: 
            delete from dag_runs where dt = '2022-04-27' and dag_id = 'dag_with_postgres_operator_v04';
        , parameters: None
[2023-09-04T06:05:38.919+0000] {sql.py:427} INFO - Rows affected: 1
[2023-09-04T06:05:38.975+0000] {taskinstance.py:1400} INFO - Marking task as SUCCESS. dag_id=dag_with_postgres_operator_v04, task_id=delete_data_from_table, execution_date=20220427T000000, start_date=20230904T060537, end_date=20230904T060538
[2023-09-04T06:05:39.075+0000] {local_task_job_runner.py:228} INFO - Task exited with return code 0
[2023-09-04T06:05:39.156+0000] {taskinstance.py:2784} INFO - 1 downstream tasks scheduled from follow-on schedule check
