[2023-09-04T06:01:24.709+0000] {taskinstance.py:1159} INFO - Dependencies all met for dep_context=non-requeueable deps ti=<TaskInstance: dag_with_postgres_operator_v04.delete_data_from_table scheduled__2022-01-12T00:00:00+00:00 [queued]>
[2023-09-04T06:01:24.730+0000] {taskinstance.py:1159} INFO - Dependencies all met for dep_context=requeueable deps ti=<TaskInstance: dag_with_postgres_operator_v04.delete_data_from_table scheduled__2022-01-12T00:00:00+00:00 [queued]>
[2023-09-04T06:01:24.731+0000] {taskinstance.py:1361} INFO - Starting attempt 1 of 6
[2023-09-04T06:01:24.761+0000] {taskinstance.py:1382} INFO - Executing <Task(PostgresOperator): delete_data_from_table> on 2022-01-12 00:00:00+00:00
[2023-09-04T06:01:24.772+0000] {standard_task_runner.py:57} INFO - Started process 4815 to run task
[2023-09-04T06:01:24.776+0000] {standard_task_runner.py:84} INFO - Running: ['***', 'tasks', 'run', 'dag_with_postgres_operator_v04', 'delete_data_from_table', 'scheduled__2022-01-12T00:00:00+00:00', '--job-id', '212', '--raw', '--subdir', 'DAGS_FOLDER/dag_with_postgres_operator.py', '--cfg-path', '/tmp/tmpxcr4trsw']
[2023-09-04T06:01:24.779+0000] {standard_task_runner.py:85} INFO - Job 212: Subtask delete_data_from_table
[2023-09-04T06:01:24.858+0000] {task_command.py:415} INFO - Running <TaskInstance: dag_with_postgres_operator_v04.delete_data_from_table scheduled__2022-01-12T00:00:00+00:00 [running]> on host 10bdc2e98230
[2023-09-04T06:01:25.018+0000] {taskinstance.py:1660} INFO - Exporting env vars: AIRFLOW_CTX_DAG_OWNER='coder2j' AIRFLOW_CTX_DAG_ID='dag_with_postgres_operator_v04' AIRFLOW_CTX_TASK_ID='delete_data_from_table' AIRFLOW_CTX_EXECUTION_DATE='2022-01-12T00:00:00+00:00' AIRFLOW_CTX_TRY_NUMBER='1' AIRFLOW_CTX_DAG_RUN_ID='scheduled__2022-01-12T00:00:00+00:00'
[2023-09-04T06:01:25.021+0000] {sql.py:274} INFO - Executing: 
            delete from dag_runs where dt = '2022-01-12' and dag_id = 'dag_with_postgres_operator_v04';
        
[2023-09-04T06:01:25.035+0000] {base.py:73} INFO - Using connection ID 'postgres_localhost' for task execution.
[2023-09-04T06:01:25.049+0000] {base.py:73} INFO - Using connection ID 'postgres_localhost' for task execution.
[2023-09-04T06:01:25.065+0000] {sql.py:418} INFO - Running statement: 
            delete from dag_runs where dt = '2022-01-12' and dag_id = 'dag_with_postgres_operator_v04';
        , parameters: None
[2023-09-04T06:01:25.072+0000] {sql.py:427} INFO - Rows affected: 0
[2023-09-04T06:01:25.090+0000] {taskinstance.py:1400} INFO - Marking task as SUCCESS. dag_id=dag_with_postgres_operator_v04, task_id=delete_data_from_table, execution_date=20220112T000000, start_date=20230904T060124, end_date=20230904T060125
[2023-09-04T06:01:25.150+0000] {local_task_job_runner.py:228} INFO - Task exited with return code 0
[2023-09-04T06:01:25.186+0000] {taskinstance.py:2784} INFO - 1 downstream tasks scheduled from follow-on schedule check
[2023-09-04T06:04:11.025+0000] {taskinstance.py:1159} INFO - Dependencies all met for dep_context=non-requeueable deps ti=<TaskInstance: dag_with_postgres_operator_v04.delete_data_from_table scheduled__2022-01-12T00:00:00+00:00 [queued]>
[2023-09-04T06:04:11.056+0000] {taskinstance.py:1159} INFO - Dependencies all met for dep_context=requeueable deps ti=<TaskInstance: dag_with_postgres_operator_v04.delete_data_from_table scheduled__2022-01-12T00:00:00+00:00 [queued]>
[2023-09-04T06:04:11.057+0000] {taskinstance.py:1361} INFO - Starting attempt 1 of 6
[2023-09-04T06:04:11.352+0000] {taskinstance.py:1382} INFO - Executing <Task(PostgresOperator): delete_data_from_table> on 2022-01-12 00:00:00+00:00
[2023-09-04T06:04:11.368+0000] {standard_task_runner.py:57} INFO - Started process 6088 to run task
[2023-09-04T06:04:11.379+0000] {standard_task_runner.py:84} INFO - Running: ['***', 'tasks', 'run', 'dag_with_postgres_operator_v04', 'delete_data_from_table', 'scheduled__2022-01-12T00:00:00+00:00', '--job-id', '745', '--raw', '--subdir', 'DAGS_FOLDER/dag_with_postgres_operator.py', '--cfg-path', '/tmp/tmpk80kcqw7']
[2023-09-04T06:04:11.386+0000] {standard_task_runner.py:85} INFO - Job 745: Subtask delete_data_from_table
[2023-09-04T06:04:11.565+0000] {task_command.py:415} INFO - Running <TaskInstance: dag_with_postgres_operator_v04.delete_data_from_table scheduled__2022-01-12T00:00:00+00:00 [running]> on host 10bdc2e98230
[2023-09-04T06:04:11.811+0000] {taskinstance.py:1660} INFO - Exporting env vars: AIRFLOW_CTX_DAG_OWNER='mohghaff' AIRFLOW_CTX_DAG_ID='dag_with_postgres_operator_v04' AIRFLOW_CTX_TASK_ID='delete_data_from_table' AIRFLOW_CTX_EXECUTION_DATE='2022-01-12T00:00:00+00:00' AIRFLOW_CTX_TRY_NUMBER='1' AIRFLOW_CTX_DAG_RUN_ID='scheduled__2022-01-12T00:00:00+00:00'
[2023-09-04T06:04:11.817+0000] {sql.py:274} INFO - Executing: 
            delete from dag_runs where dt = '2022-01-12' and dag_id = 'dag_with_postgres_operator_v04';
        
[2023-09-04T06:04:11.836+0000] {base.py:73} INFO - Using connection ID 'postgres_localhost' for task execution.
[2023-09-04T06:04:11.866+0000] {base.py:73} INFO - Using connection ID 'postgres_localhost' for task execution.
[2023-09-04T06:04:11.896+0000] {sql.py:418} INFO - Running statement: 
            delete from dag_runs where dt = '2022-01-12' and dag_id = 'dag_with_postgres_operator_v04';
        , parameters: None
[2023-09-04T06:04:11.908+0000] {sql.py:427} INFO - Rows affected: 1
[2023-09-04T06:04:11.938+0000] {taskinstance.py:1400} INFO - Marking task as SUCCESS. dag_id=dag_with_postgres_operator_v04, task_id=delete_data_from_table, execution_date=20220112T000000, start_date=20230904T060411, end_date=20230904T060411
[2023-09-04T06:04:12.013+0000] {local_task_job_runner.py:228} INFO - Task exited with return code 0
[2023-09-04T06:04:12.078+0000] {taskinstance.py:2784} INFO - 1 downstream tasks scheduled from follow-on schedule check
