[2023-09-04T06:01:34.668+0000] {taskinstance.py:1159} INFO - Dependencies all met for dep_context=non-requeueable deps ti=<TaskInstance: dag_with_postgres_operator_v04.delete_data_from_table scheduled__2022-01-26T00:00:00+00:00 [queued]>
[2023-09-04T06:01:34.686+0000] {taskinstance.py:1159} INFO - Dependencies all met for dep_context=requeueable deps ti=<TaskInstance: dag_with_postgres_operator_v04.delete_data_from_table scheduled__2022-01-26T00:00:00+00:00 [queued]>
[2023-09-04T06:01:34.687+0000] {taskinstance.py:1361} INFO - Starting attempt 1 of 6
[2023-09-04T06:01:34.712+0000] {taskinstance.py:1382} INFO - Executing <Task(PostgresOperator): delete_data_from_table> on 2022-01-26 00:00:00+00:00
[2023-09-04T06:01:34.723+0000] {standard_task_runner.py:57} INFO - Started process 4888 to run task
[2023-09-04T06:01:34.727+0000] {standard_task_runner.py:84} INFO - Running: ['***', 'tasks', 'run', 'dag_with_postgres_operator_v04', 'delete_data_from_table', 'scheduled__2022-01-26T00:00:00+00:00', '--job-id', '248', '--raw', '--subdir', 'DAGS_FOLDER/dag_with_postgres_operator.py', '--cfg-path', '/tmp/tmplkmdvtoz']
[2023-09-04T06:01:34.731+0000] {standard_task_runner.py:85} INFO - Job 248: Subtask delete_data_from_table
[2023-09-04T06:01:34.816+0000] {task_command.py:415} INFO - Running <TaskInstance: dag_with_postgres_operator_v04.delete_data_from_table scheduled__2022-01-26T00:00:00+00:00 [running]> on host 10bdc2e98230
[2023-09-04T06:01:34.984+0000] {taskinstance.py:1660} INFO - Exporting env vars: AIRFLOW_CTX_DAG_OWNER='coder2j' AIRFLOW_CTX_DAG_ID='dag_with_postgres_operator_v04' AIRFLOW_CTX_TASK_ID='delete_data_from_table' AIRFLOW_CTX_EXECUTION_DATE='2022-01-26T00:00:00+00:00' AIRFLOW_CTX_TRY_NUMBER='1' AIRFLOW_CTX_DAG_RUN_ID='scheduled__2022-01-26T00:00:00+00:00'
[2023-09-04T06:01:34.987+0000] {sql.py:274} INFO - Executing: 
            delete from dag_runs where dt = '2022-01-26' and dag_id = 'dag_with_postgres_operator_v04';
        
[2023-09-04T06:01:35.003+0000] {base.py:73} INFO - Using connection ID 'postgres_localhost' for task execution.
[2023-09-04T06:01:35.018+0000] {base.py:73} INFO - Using connection ID 'postgres_localhost' for task execution.
[2023-09-04T06:01:35.037+0000] {sql.py:418} INFO - Running statement: 
            delete from dag_runs where dt = '2022-01-26' and dag_id = 'dag_with_postgres_operator_v04';
        , parameters: None
[2023-09-04T06:01:35.044+0000] {sql.py:427} INFO - Rows affected: 0
[2023-09-04T06:01:35.063+0000] {taskinstance.py:1400} INFO - Marking task as SUCCESS. dag_id=dag_with_postgres_operator_v04, task_id=delete_data_from_table, execution_date=20220126T000000, start_date=20230904T060134, end_date=20230904T060135
[2023-09-04T06:01:35.140+0000] {local_task_job_runner.py:228} INFO - Task exited with return code 0
[2023-09-04T06:01:35.187+0000] {taskinstance.py:2784} INFO - 1 downstream tasks scheduled from follow-on schedule check
[2023-09-04T06:04:21.882+0000] {taskinstance.py:1159} INFO - Dependencies all met for dep_context=non-requeueable deps ti=<TaskInstance: dag_with_postgres_operator_v04.delete_data_from_table scheduled__2022-01-26T00:00:00+00:00 [queued]>
[2023-09-04T06:04:21.909+0000] {taskinstance.py:1159} INFO - Dependencies all met for dep_context=requeueable deps ti=<TaskInstance: dag_with_postgres_operator_v04.delete_data_from_table scheduled__2022-01-26T00:00:00+00:00 [queued]>
[2023-09-04T06:04:21.910+0000] {taskinstance.py:1361} INFO - Starting attempt 1 of 6
[2023-09-04T06:04:21.981+0000] {taskinstance.py:1382} INFO - Executing <Task(PostgresOperator): delete_data_from_table> on 2022-01-26 00:00:00+00:00
[2023-09-04T06:04:21.995+0000] {standard_task_runner.py:57} INFO - Started process 6174 to run task
[2023-09-04T06:04:22.008+0000] {standard_task_runner.py:84} INFO - Running: ['***', 'tasks', 'run', 'dag_with_postgres_operator_v04', 'delete_data_from_table', 'scheduled__2022-01-26T00:00:00+00:00', '--job-id', '788', '--raw', '--subdir', 'DAGS_FOLDER/dag_with_postgres_operator.py', '--cfg-path', '/tmp/tmp41ly0ni2']
[2023-09-04T06:04:22.013+0000] {standard_task_runner.py:85} INFO - Job 788: Subtask delete_data_from_table
[2023-09-04T06:04:22.140+0000] {task_command.py:415} INFO - Running <TaskInstance: dag_with_postgres_operator_v04.delete_data_from_table scheduled__2022-01-26T00:00:00+00:00 [running]> on host 10bdc2e98230
[2023-09-04T06:04:22.385+0000] {taskinstance.py:1660} INFO - Exporting env vars: AIRFLOW_CTX_DAG_OWNER='mohghaff' AIRFLOW_CTX_DAG_ID='dag_with_postgres_operator_v04' AIRFLOW_CTX_TASK_ID='delete_data_from_table' AIRFLOW_CTX_EXECUTION_DATE='2022-01-26T00:00:00+00:00' AIRFLOW_CTX_TRY_NUMBER='1' AIRFLOW_CTX_DAG_RUN_ID='scheduled__2022-01-26T00:00:00+00:00'
[2023-09-04T06:04:22.392+0000] {sql.py:274} INFO - Executing: 
            delete from dag_runs where dt = '2022-01-26' and dag_id = 'dag_with_postgres_operator_v04';
        
[2023-09-04T06:04:22.453+0000] {base.py:73} INFO - Using connection ID 'postgres_localhost' for task execution.
[2023-09-04T06:04:22.481+0000] {base.py:73} INFO - Using connection ID 'postgres_localhost' for task execution.
[2023-09-04T06:04:22.510+0000] {sql.py:418} INFO - Running statement: 
            delete from dag_runs where dt = '2022-01-26' and dag_id = 'dag_with_postgres_operator_v04';
        , parameters: None
[2023-09-04T06:04:22.519+0000] {sql.py:427} INFO - Rows affected: 1
[2023-09-04T06:04:22.549+0000] {taskinstance.py:1400} INFO - Marking task as SUCCESS. dag_id=dag_with_postgres_operator_v04, task_id=delete_data_from_table, execution_date=20220126T000000, start_date=20230904T060421, end_date=20230904T060422
[2023-09-04T06:04:22.873+0000] {local_task_job_runner.py:228} INFO - Task exited with return code 0
[2023-09-04T06:04:22.938+0000] {taskinstance.py:2784} INFO - 1 downstream tasks scheduled from follow-on schedule check
