[2023-09-04T06:02:23.054+0000] {taskinstance.py:1159} INFO - Dependencies all met for dep_context=non-requeueable deps ti=<TaskInstance: dag_with_postgres_operator_v04.delete_data_from_table scheduled__2022-03-27T00:00:00+00:00 [queued]>
[2023-09-04T06:02:23.069+0000] {taskinstance.py:1159} INFO - Dependencies all met for dep_context=requeueable deps ti=<TaskInstance: dag_with_postgres_operator_v04.delete_data_from_table scheduled__2022-03-27T00:00:00+00:00 [queued]>
[2023-09-04T06:02:23.069+0000] {taskinstance.py:1361} INFO - Starting attempt 1 of 6
[2023-09-04T06:02:23.091+0000] {taskinstance.py:1382} INFO - Executing <Task(PostgresOperator): delete_data_from_table> on 2022-03-27 00:00:00+00:00
[2023-09-04T06:02:23.102+0000] {standard_task_runner.py:57} INFO - Started process 5309 to run task
[2023-09-04T06:02:23.105+0000] {standard_task_runner.py:84} INFO - Running: ['***', 'tasks', 'run', 'dag_with_postgres_operator_v04', 'delete_data_from_table', 'scheduled__2022-03-27T00:00:00+00:00', '--job-id', '423', '--raw', '--subdir', 'DAGS_FOLDER/dag_with_postgres_operator.py', '--cfg-path', '/tmp/tmpy0cu263i']
[2023-09-04T06:02:23.108+0000] {standard_task_runner.py:85} INFO - Job 423: Subtask delete_data_from_table
[2023-09-04T06:02:23.174+0000] {task_command.py:415} INFO - Running <TaskInstance: dag_with_postgres_operator_v04.delete_data_from_table scheduled__2022-03-27T00:00:00+00:00 [running]> on host 10bdc2e98230
[2023-09-04T06:02:23.281+0000] {taskinstance.py:1660} INFO - Exporting env vars: AIRFLOW_CTX_DAG_OWNER='coder2j' AIRFLOW_CTX_DAG_ID='dag_with_postgres_operator_v04' AIRFLOW_CTX_TASK_ID='delete_data_from_table' AIRFLOW_CTX_EXECUTION_DATE='2022-03-27T00:00:00+00:00' AIRFLOW_CTX_TRY_NUMBER='1' AIRFLOW_CTX_DAG_RUN_ID='scheduled__2022-03-27T00:00:00+00:00'
[2023-09-04T06:02:23.282+0000] {sql.py:274} INFO - Executing: 
            delete from dag_runs where dt = '2022-03-27' and dag_id = 'dag_with_postgres_operator_v04';
        
[2023-09-04T06:02:23.292+0000] {base.py:73} INFO - Using connection ID 'postgres_localhost' for task execution.
[2023-09-04T06:02:23.302+0000] {base.py:73} INFO - Using connection ID 'postgres_localhost' for task execution.
[2023-09-04T06:02:23.314+0000] {sql.py:418} INFO - Running statement: 
            delete from dag_runs where dt = '2022-03-27' and dag_id = 'dag_with_postgres_operator_v04';
        , parameters: None
[2023-09-04T06:02:23.319+0000] {sql.py:427} INFO - Rows affected: 0
[2023-09-04T06:02:23.333+0000] {taskinstance.py:1400} INFO - Marking task as SUCCESS. dag_id=dag_with_postgres_operator_v04, task_id=delete_data_from_table, execution_date=20220327T000000, start_date=20230904T060223, end_date=20230904T060223
[2023-09-04T06:02:23.360+0000] {local_task_job_runner.py:228} INFO - Task exited with return code 0
[2023-09-04T06:02:23.386+0000] {taskinstance.py:2784} INFO - 1 downstream tasks scheduled from follow-on schedule check
[2023-09-04T06:05:10.236+0000] {taskinstance.py:1159} INFO - Dependencies all met for dep_context=non-requeueable deps ti=<TaskInstance: dag_with_postgres_operator_v04.delete_data_from_table scheduled__2022-03-27T00:00:00+00:00 [queued]>
[2023-09-04T06:05:10.268+0000] {taskinstance.py:1159} INFO - Dependencies all met for dep_context=requeueable deps ti=<TaskInstance: dag_with_postgres_operator_v04.delete_data_from_table scheduled__2022-03-27T00:00:00+00:00 [queued]>
[2023-09-04T06:05:10.269+0000] {taskinstance.py:1361} INFO - Starting attempt 1 of 6
[2023-09-04T06:05:10.676+0000] {taskinstance.py:1382} INFO - Executing <Task(PostgresOperator): delete_data_from_table> on 2022-03-27 00:00:00+00:00
[2023-09-04T06:05:10.691+0000] {standard_task_runner.py:57} INFO - Started process 6611 to run task
[2023-09-04T06:05:10.698+0000] {standard_task_runner.py:84} INFO - Running: ['***', 'tasks', 'run', 'dag_with_postgres_operator_v04', 'delete_data_from_table', 'scheduled__2022-03-27T00:00:00+00:00', '--job-id', '976', '--raw', '--subdir', 'DAGS_FOLDER/dag_with_postgres_operator.py', '--cfg-path', '/tmp/tmpzsxm8tmk']
[2023-09-04T06:05:10.704+0000] {standard_task_runner.py:85} INFO - Job 976: Subtask delete_data_from_table
[2023-09-04T06:05:10.968+0000] {task_command.py:415} INFO - Running <TaskInstance: dag_with_postgres_operator_v04.delete_data_from_table scheduled__2022-03-27T00:00:00+00:00 [running]> on host 10bdc2e98230
[2023-09-04T06:05:11.361+0000] {taskinstance.py:1660} INFO - Exporting env vars: AIRFLOW_CTX_DAG_OWNER='mohghaff' AIRFLOW_CTX_DAG_ID='dag_with_postgres_operator_v04' AIRFLOW_CTX_TASK_ID='delete_data_from_table' AIRFLOW_CTX_EXECUTION_DATE='2022-03-27T00:00:00+00:00' AIRFLOW_CTX_TRY_NUMBER='1' AIRFLOW_CTX_DAG_RUN_ID='scheduled__2022-03-27T00:00:00+00:00'
[2023-09-04T06:05:11.365+0000] {sql.py:274} INFO - Executing: 
            delete from dag_runs where dt = '2022-03-27' and dag_id = 'dag_with_postgres_operator_v04';
        
[2023-09-04T06:05:11.402+0000] {base.py:73} INFO - Using connection ID 'postgres_localhost' for task execution.
[2023-09-04T06:05:11.437+0000] {base.py:73} INFO - Using connection ID 'postgres_localhost' for task execution.
[2023-09-04T06:05:11.490+0000] {sql.py:418} INFO - Running statement: 
            delete from dag_runs where dt = '2022-03-27' and dag_id = 'dag_with_postgres_operator_v04';
        , parameters: None
[2023-09-04T06:05:11.525+0000] {sql.py:427} INFO - Rows affected: 1
[2023-09-04T06:05:11.576+0000] {taskinstance.py:1400} INFO - Marking task as SUCCESS. dag_id=dag_with_postgres_operator_v04, task_id=delete_data_from_table, execution_date=20220327T000000, start_date=20230904T060510, end_date=20230904T060511
[2023-09-04T06:05:12.109+0000] {local_task_job_runner.py:228} INFO - Task exited with return code 0
[2023-09-04T06:05:12.189+0000] {taskinstance.py:2784} INFO - 1 downstream tasks scheduled from follow-on schedule check
