[2023-09-04T06:02:40.795+0000] {taskinstance.py:1159} INFO - Dependencies all met for dep_context=non-requeueable deps ti=<TaskInstance: dag_with_postgres_operator_v04.delete_data_from_table scheduled__2022-04-16T00:00:00+00:00 [queued]>
[2023-09-04T06:02:40.819+0000] {taskinstance.py:1159} INFO - Dependencies all met for dep_context=requeueable deps ti=<TaskInstance: dag_with_postgres_operator_v04.delete_data_from_table scheduled__2022-04-16T00:00:00+00:00 [queued]>
[2023-09-04T06:02:40.819+0000] {taskinstance.py:1361} INFO - Starting attempt 1 of 6
[2023-09-04T06:02:40.858+0000] {taskinstance.py:1382} INFO - Executing <Task(PostgresOperator): delete_data_from_table> on 2022-04-16 00:00:00+00:00
[2023-09-04T06:02:40.871+0000] {standard_task_runner.py:57} INFO - Started process 5441 to run task
[2023-09-04T06:02:40.877+0000] {standard_task_runner.py:84} INFO - Running: ['***', 'tasks', 'run', 'dag_with_postgres_operator_v04', 'delete_data_from_table', 'scheduled__2022-04-16T00:00:00+00:00', '--job-id', '482', '--raw', '--subdir', 'DAGS_FOLDER/dag_with_postgres_operator.py', '--cfg-path', '/tmp/tmpz33lynam']
[2023-09-04T06:02:40.883+0000] {standard_task_runner.py:85} INFO - Job 482: Subtask delete_data_from_table
[2023-09-04T06:02:40.979+0000] {task_command.py:415} INFO - Running <TaskInstance: dag_with_postgres_operator_v04.delete_data_from_table scheduled__2022-04-16T00:00:00+00:00 [running]> on host 10bdc2e98230
[2023-09-04T06:02:41.149+0000] {taskinstance.py:1660} INFO - Exporting env vars: AIRFLOW_CTX_DAG_OWNER='coder2j' AIRFLOW_CTX_DAG_ID='dag_with_postgres_operator_v04' AIRFLOW_CTX_TASK_ID='delete_data_from_table' AIRFLOW_CTX_EXECUTION_DATE='2022-04-16T00:00:00+00:00' AIRFLOW_CTX_TRY_NUMBER='1' AIRFLOW_CTX_DAG_RUN_ID='scheduled__2022-04-16T00:00:00+00:00'
[2023-09-04T06:02:41.151+0000] {sql.py:274} INFO - Executing: 
            delete from dag_runs where dt = '2022-04-16' and dag_id = 'dag_with_postgres_operator_v04';
        
[2023-09-04T06:02:41.168+0000] {base.py:73} INFO - Using connection ID 'postgres_localhost' for task execution.
[2023-09-04T06:02:41.180+0000] {base.py:73} INFO - Using connection ID 'postgres_localhost' for task execution.
[2023-09-04T06:02:41.194+0000] {sql.py:418} INFO - Running statement: 
            delete from dag_runs where dt = '2022-04-16' and dag_id = 'dag_with_postgres_operator_v04';
        , parameters: None
[2023-09-04T06:02:41.199+0000] {sql.py:427} INFO - Rows affected: 0
[2023-09-04T06:02:41.216+0000] {taskinstance.py:1400} INFO - Marking task as SUCCESS. dag_id=dag_with_postgres_operator_v04, task_id=delete_data_from_table, execution_date=20220416T000000, start_date=20230904T060240, end_date=20230904T060241
[2023-09-04T06:02:41.254+0000] {local_task_job_runner.py:228} INFO - Task exited with return code 0
[2023-09-04T06:02:41.280+0000] {taskinstance.py:2784} INFO - 1 downstream tasks scheduled from follow-on schedule check
[2023-09-04T06:05:24.974+0000] {taskinstance.py:1159} INFO - Dependencies all met for dep_context=non-requeueable deps ti=<TaskInstance: dag_with_postgres_operator_v04.delete_data_from_table scheduled__2022-04-16T00:00:00+00:00 [queued]>
[2023-09-04T06:05:25.011+0000] {taskinstance.py:1159} INFO - Dependencies all met for dep_context=requeueable deps ti=<TaskInstance: dag_with_postgres_operator_v04.delete_data_from_table scheduled__2022-04-16T00:00:00+00:00 [queued]>
[2023-09-04T06:05:25.012+0000] {taskinstance.py:1361} INFO - Starting attempt 1 of 6
[2023-09-04T06:05:25.471+0000] {taskinstance.py:1382} INFO - Executing <Task(PostgresOperator): delete_data_from_table> on 2022-04-16 00:00:00+00:00
[2023-09-04T06:05:25.485+0000] {standard_task_runner.py:57} INFO - Started process 6735 to run task
[2023-09-04T06:05:25.496+0000] {standard_task_runner.py:84} INFO - Running: ['***', 'tasks', 'run', 'dag_with_postgres_operator_v04', 'delete_data_from_table', 'scheduled__2022-04-16T00:00:00+00:00', '--job-id', '1029', '--raw', '--subdir', 'DAGS_FOLDER/dag_with_postgres_operator.py', '--cfg-path', '/tmp/tmpo1wjb8to']
[2023-09-04T06:05:25.501+0000] {standard_task_runner.py:85} INFO - Job 1029: Subtask delete_data_from_table
[2023-09-04T06:05:25.760+0000] {task_command.py:415} INFO - Running <TaskInstance: dag_with_postgres_operator_v04.delete_data_from_table scheduled__2022-04-16T00:00:00+00:00 [running]> on host 10bdc2e98230
[2023-09-04T06:05:26.113+0000] {taskinstance.py:1660} INFO - Exporting env vars: AIRFLOW_CTX_DAG_OWNER='mohghaff' AIRFLOW_CTX_DAG_ID='dag_with_postgres_operator_v04' AIRFLOW_CTX_TASK_ID='delete_data_from_table' AIRFLOW_CTX_EXECUTION_DATE='2022-04-16T00:00:00+00:00' AIRFLOW_CTX_TRY_NUMBER='1' AIRFLOW_CTX_DAG_RUN_ID='scheduled__2022-04-16T00:00:00+00:00'
[2023-09-04T06:05:26.118+0000] {sql.py:274} INFO - Executing: 
            delete from dag_runs where dt = '2022-04-16' and dag_id = 'dag_with_postgres_operator_v04';
        
[2023-09-04T06:05:26.147+0000] {base.py:73} INFO - Using connection ID 'postgres_localhost' for task execution.
[2023-09-04T06:05:26.178+0000] {base.py:73} INFO - Using connection ID 'postgres_localhost' for task execution.
[2023-09-04T06:05:26.230+0000] {sql.py:418} INFO - Running statement: 
            delete from dag_runs where dt = '2022-04-16' and dag_id = 'dag_with_postgres_operator_v04';
        , parameters: None
[2023-09-04T06:05:26.248+0000] {sql.py:427} INFO - Rows affected: 1
[2023-09-04T06:05:26.316+0000] {taskinstance.py:1400} INFO - Marking task as SUCCESS. dag_id=dag_with_postgres_operator_v04, task_id=delete_data_from_table, execution_date=20220416T000000, start_date=20230904T060524, end_date=20230904T060526
[2023-09-04T06:05:26.406+0000] {local_task_job_runner.py:228} INFO - Task exited with return code 0
[2023-09-04T06:05:26.770+0000] {taskinstance.py:2784} INFO - 0 downstream tasks scheduled from follow-on schedule check
