[2023-09-04T06:02:02.394+0000] {taskinstance.py:1159} INFO - Dependencies all met for dep_context=non-requeueable deps ti=<TaskInstance: dag_with_postgres_operator_v04.create_postgres_table scheduled__2022-03-02T00:00:00+00:00 [queued]>
[2023-09-04T06:02:02.418+0000] {taskinstance.py:1159} INFO - Dependencies all met for dep_context=requeueable deps ti=<TaskInstance: dag_with_postgres_operator_v04.create_postgres_table scheduled__2022-03-02T00:00:00+00:00 [queued]>
[2023-09-04T06:02:02.418+0000] {taskinstance.py:1361} INFO - Starting attempt 1 of 6
[2023-09-04T06:02:02.461+0000] {taskinstance.py:1382} INFO - Executing <Task(PostgresOperator): create_postgres_table> on 2022-03-02 00:00:00+00:00
[2023-09-04T06:02:02.470+0000] {standard_task_runner.py:57} INFO - Started process 5111 to run task
[2023-09-04T06:02:02.475+0000] {standard_task_runner.py:84} INFO - Running: ['***', 'tasks', 'run', 'dag_with_postgres_operator_v04', 'create_postgres_table', 'scheduled__2022-03-02T00:00:00+00:00', '--job-id', '340', '--raw', '--subdir', 'DAGS_FOLDER/dag_with_postgres_operator.py', '--cfg-path', '/tmp/tmpmaesihev']
[2023-09-04T06:02:02.479+0000] {standard_task_runner.py:85} INFO - Job 340: Subtask create_postgres_table
[2023-09-04T06:02:02.574+0000] {task_command.py:415} INFO - Running <TaskInstance: dag_with_postgres_operator_v04.create_postgres_table scheduled__2022-03-02T00:00:00+00:00 [running]> on host 10bdc2e98230
[2023-09-04T06:02:02.773+0000] {taskinstance.py:1660} INFO - Exporting env vars: AIRFLOW_CTX_DAG_OWNER='coder2j' AIRFLOW_CTX_DAG_ID='dag_with_postgres_operator_v04' AIRFLOW_CTX_TASK_ID='create_postgres_table' AIRFLOW_CTX_EXECUTION_DATE='2022-03-02T00:00:00+00:00' AIRFLOW_CTX_TRY_NUMBER='1' AIRFLOW_CTX_DAG_RUN_ID='scheduled__2022-03-02T00:00:00+00:00'
[2023-09-04T06:02:02.775+0000] {sql.py:274} INFO - Executing: 
            create table if not exists dag_runs (
                dt date,
                dag_id character varying,
                primary key (dt, dag_id)
            )
        
[2023-09-04T06:02:02.794+0000] {base.py:73} INFO - Using connection ID 'postgres_localhost' for task execution.
[2023-09-04T06:02:02.810+0000] {base.py:73} INFO - Using connection ID 'postgres_localhost' for task execution.
[2023-09-04T06:02:02.830+0000] {sql.py:418} INFO - Running statement: 
            create table if not exists dag_runs (
                dt date,
                dag_id character varying,
                primary key (dt, dag_id)
            )
        , parameters: None
[2023-09-04T06:02:02.854+0000] {taskinstance.py:1400} INFO - Marking task as SUCCESS. dag_id=dag_with_postgres_operator_v04, task_id=create_postgres_table, execution_date=20220302T000000, start_date=20230904T060202, end_date=20230904T060202
[2023-09-04T06:02:02.929+0000] {local_task_job_runner.py:228} INFO - Task exited with return code 0
[2023-09-04T06:02:03.124+0000] {taskinstance.py:2784} INFO - 1 downstream tasks scheduled from follow-on schedule check
[2023-09-04T06:04:44.022+0000] {taskinstance.py:1159} INFO - Dependencies all met for dep_context=non-requeueable deps ti=<TaskInstance: dag_with_postgres_operator_v04.create_postgres_table scheduled__2022-03-02T00:00:00+00:00 [queued]>
[2023-09-04T06:04:44.048+0000] {taskinstance.py:1159} INFO - Dependencies all met for dep_context=requeueable deps ti=<TaskInstance: dag_with_postgres_operator_v04.create_postgres_table scheduled__2022-03-02T00:00:00+00:00 [queued]>
[2023-09-04T06:04:44.049+0000] {taskinstance.py:1361} INFO - Starting attempt 1 of 6
[2023-09-04T06:04:44.338+0000] {taskinstance.py:1382} INFO - Executing <Task(PostgresOperator): create_postgres_table> on 2022-03-02 00:00:00+00:00
[2023-09-04T06:04:44.353+0000] {standard_task_runner.py:57} INFO - Started process 6388 to run task
[2023-09-04T06:04:44.358+0000] {standard_task_runner.py:84} INFO - Running: ['***', 'tasks', 'run', 'dag_with_postgres_operator_v04', 'create_postgres_table', 'scheduled__2022-03-02T00:00:00+00:00', '--job-id', '877', '--raw', '--subdir', 'DAGS_FOLDER/dag_with_postgres_operator.py', '--cfg-path', '/tmp/tmpdevb0blc']
[2023-09-04T06:04:44.362+0000] {standard_task_runner.py:85} INFO - Job 877: Subtask create_postgres_table
[2023-09-04T06:04:44.510+0000] {task_command.py:415} INFO - Running <TaskInstance: dag_with_postgres_operator_v04.create_postgres_table scheduled__2022-03-02T00:00:00+00:00 [running]> on host 10bdc2e98230
[2023-09-04T06:04:44.754+0000] {taskinstance.py:1660} INFO - Exporting env vars: AIRFLOW_CTX_DAG_OWNER='mohghaff' AIRFLOW_CTX_DAG_ID='dag_with_postgres_operator_v04' AIRFLOW_CTX_TASK_ID='create_postgres_table' AIRFLOW_CTX_EXECUTION_DATE='2022-03-02T00:00:00+00:00' AIRFLOW_CTX_TRY_NUMBER='1' AIRFLOW_CTX_DAG_RUN_ID='scheduled__2022-03-02T00:00:00+00:00'
[2023-09-04T06:04:44.756+0000] {sql.py:274} INFO - Executing: 
            create table if not exists dag_runs (
                dt date,
                dag_id character varying,
                primary key (dt, dag_id)
            )
        
[2023-09-04T06:04:44.780+0000] {base.py:73} INFO - Using connection ID 'postgres_localhost' for task execution.
[2023-09-04T06:04:44.801+0000] {base.py:73} INFO - Using connection ID 'postgres_localhost' for task execution.
[2023-09-04T06:04:44.827+0000] {sql.py:418} INFO - Running statement: 
            create table if not exists dag_runs (
                dt date,
                dag_id character varying,
                primary key (dt, dag_id)
            )
        , parameters: None
[2023-09-04T06:04:44.860+0000] {taskinstance.py:1400} INFO - Marking task as SUCCESS. dag_id=dag_with_postgres_operator_v04, task_id=create_postgres_table, execution_date=20220302T000000, start_date=20230904T060444, end_date=20230904T060444
[2023-09-04T06:04:44.933+0000] {local_task_job_runner.py:228} INFO - Task exited with return code 0
[2023-09-04T06:04:45.003+0000] {taskinstance.py:2784} INFO - 1 downstream tasks scheduled from follow-on schedule check
