[2023-09-04T06:02:41.622+0000] {taskinstance.py:1159} INFO - Dependencies all met for dep_context=non-requeueable deps ti=<TaskInstance: dag_with_postgres_operator_v04.insert_into_table scheduled__2022-04-11T00:00:00+00:00 [queued]>
[2023-09-04T06:02:41.631+0000] {taskinstance.py:1159} INFO - Dependencies all met for dep_context=requeueable deps ti=<TaskInstance: dag_with_postgres_operator_v04.insert_into_table scheduled__2022-04-11T00:00:00+00:00 [queued]>
[2023-09-04T06:02:41.632+0000] {taskinstance.py:1361} INFO - Starting attempt 1 of 6
[2023-09-04T06:02:41.645+0000] {taskinstance.py:1382} INFO - Executing <Task(PostgresOperator): insert_into_table> on 2022-04-11 00:00:00+00:00
[2023-09-04T06:02:41.652+0000] {standard_task_runner.py:57} INFO - Started process 5447 to run task
[2023-09-04T06:02:41.654+0000] {standard_task_runner.py:84} INFO - Running: ['***', 'tasks', 'run', 'dag_with_postgres_operator_v04', 'insert_into_table', 'scheduled__2022-04-11T00:00:00+00:00', '--job-id', '488', '--raw', '--subdir', 'DAGS_FOLDER/dag_with_postgres_operator.py', '--cfg-path', '/tmp/tmp1ct2aoqb']
[2023-09-04T06:02:41.656+0000] {standard_task_runner.py:85} INFO - Job 488: Subtask insert_into_table
[2023-09-04T06:02:41.707+0000] {task_command.py:415} INFO - Running <TaskInstance: dag_with_postgres_operator_v04.insert_into_table scheduled__2022-04-11T00:00:00+00:00 [running]> on host 10bdc2e98230
[2023-09-04T06:02:41.793+0000] {taskinstance.py:1660} INFO - Exporting env vars: AIRFLOW_CTX_DAG_OWNER='coder2j' AIRFLOW_CTX_DAG_ID='dag_with_postgres_operator_v04' AIRFLOW_CTX_TASK_ID='insert_into_table' AIRFLOW_CTX_EXECUTION_DATE='2022-04-11T00:00:00+00:00' AIRFLOW_CTX_TRY_NUMBER='1' AIRFLOW_CTX_DAG_RUN_ID='scheduled__2022-04-11T00:00:00+00:00'
[2023-09-04T06:02:41.794+0000] {sql.py:274} INFO - Executing: 
            insert into dag_runs (dt, dag_id) values ('2022-04-11', 'dag_with_postgres_operator_v04')
        
[2023-09-04T06:02:41.802+0000] {base.py:73} INFO - Using connection ID 'postgres_localhost' for task execution.
[2023-09-04T06:02:41.808+0000] {base.py:73} INFO - Using connection ID 'postgres_localhost' for task execution.
[2023-09-04T06:02:41.816+0000] {sql.py:418} INFO - Running statement: 
            insert into dag_runs (dt, dag_id) values ('2022-04-11', 'dag_with_postgres_operator_v04')
        , parameters: None
[2023-09-04T06:02:41.819+0000] {sql.py:427} INFO - Rows affected: 1
[2023-09-04T06:02:41.829+0000] {taskinstance.py:1400} INFO - Marking task as SUCCESS. dag_id=dag_with_postgres_operator_v04, task_id=insert_into_table, execution_date=20220411T000000, start_date=20230904T060241, end_date=20230904T060241
[2023-09-04T06:02:41.866+0000] {local_task_job_runner.py:228} INFO - Task exited with return code 0
[2023-09-04T06:02:41.882+0000] {taskinstance.py:2784} INFO - 0 downstream tasks scheduled from follow-on schedule check
[2023-09-04T06:05:27.600+0000] {taskinstance.py:1159} INFO - Dependencies all met for dep_context=non-requeueable deps ti=<TaskInstance: dag_with_postgres_operator_v04.insert_into_table scheduled__2022-04-11T00:00:00+00:00 [queued]>
[2023-09-04T06:05:27.633+0000] {taskinstance.py:1159} INFO - Dependencies all met for dep_context=requeueable deps ti=<TaskInstance: dag_with_postgres_operator_v04.insert_into_table scheduled__2022-04-11T00:00:00+00:00 [queued]>
[2023-09-04T06:05:27.634+0000] {taskinstance.py:1361} INFO - Starting attempt 1 of 6
[2023-09-04T06:05:27.902+0000] {taskinstance.py:1382} INFO - Executing <Task(PostgresOperator): insert_into_table> on 2022-04-11 00:00:00+00:00
[2023-09-04T06:05:27.918+0000] {standard_task_runner.py:57} INFO - Started process 6772 to run task
[2023-09-04T06:05:27.928+0000] {standard_task_runner.py:84} INFO - Running: ['***', 'tasks', 'run', 'dag_with_postgres_operator_v04', 'insert_into_table', 'scheduled__2022-04-11T00:00:00+00:00', '--job-id', '1040', '--raw', '--subdir', 'DAGS_FOLDER/dag_with_postgres_operator.py', '--cfg-path', '/tmp/tmpugy6wbp7']
[2023-09-04T06:05:27.935+0000] {standard_task_runner.py:85} INFO - Job 1040: Subtask insert_into_table
[2023-09-04T06:05:28.143+0000] {task_command.py:415} INFO - Running <TaskInstance: dag_with_postgres_operator_v04.insert_into_table scheduled__2022-04-11T00:00:00+00:00 [running]> on host 10bdc2e98230
[2023-09-04T06:05:28.426+0000] {taskinstance.py:1660} INFO - Exporting env vars: AIRFLOW_CTX_DAG_OWNER='mohghaff' AIRFLOW_CTX_DAG_ID='dag_with_postgres_operator_v04' AIRFLOW_CTX_TASK_ID='insert_into_table' AIRFLOW_CTX_EXECUTION_DATE='2022-04-11T00:00:00+00:00' AIRFLOW_CTX_TRY_NUMBER='1' AIRFLOW_CTX_DAG_RUN_ID='scheduled__2022-04-11T00:00:00+00:00'
[2023-09-04T06:05:28.430+0000] {sql.py:274} INFO - Executing: 
            insert into dag_runs (dt, dag_id) values ('2022-04-11', 'dag_with_postgres_operator_v04')
        
[2023-09-04T06:05:28.453+0000] {base.py:73} INFO - Using connection ID 'postgres_localhost' for task execution.
[2023-09-04T06:05:28.477+0000] {base.py:73} INFO - Using connection ID 'postgres_localhost' for task execution.
[2023-09-04T06:05:28.508+0000] {sql.py:418} INFO - Running statement: 
            insert into dag_runs (dt, dag_id) values ('2022-04-11', 'dag_with_postgres_operator_v04')
        , parameters: None
[2023-09-04T06:05:28.518+0000] {sql.py:427} INFO - Rows affected: 1
[2023-09-04T06:05:28.553+0000] {taskinstance.py:1400} INFO - Marking task as SUCCESS. dag_id=dag_with_postgres_operator_v04, task_id=insert_into_table, execution_date=20220411T000000, start_date=20230904T060527, end_date=20230904T060528
[2023-09-04T06:05:28.626+0000] {local_task_job_runner.py:228} INFO - Task exited with return code 0
[2023-09-04T06:05:28.670+0000] {taskinstance.py:2784} INFO - 0 downstream tasks scheduled from follow-on schedule check
