[2023-09-04T06:02:29.906+0000] {taskinstance.py:1159} INFO - Dependencies all met for dep_context=non-requeueable deps ti=<TaskInstance: dag_with_postgres_operator_v04.create_postgres_table scheduled__2022-04-04T00:00:00+00:00 [queued]>
[2023-09-04T06:02:29.925+0000] {taskinstance.py:1159} INFO - Dependencies all met for dep_context=requeueable deps ti=<TaskInstance: dag_with_postgres_operator_v04.create_postgres_table scheduled__2022-04-04T00:00:00+00:00 [queued]>
[2023-09-04T06:02:29.926+0000] {taskinstance.py:1361} INFO - Starting attempt 1 of 6
[2023-09-04T06:02:29.950+0000] {taskinstance.py:1382} INFO - Executing <Task(PostgresOperator): create_postgres_table> on 2022-04-04 00:00:00+00:00
[2023-09-04T06:02:29.958+0000] {standard_task_runner.py:57} INFO - Started process 5344 to run task
[2023-09-04T06:02:29.962+0000] {standard_task_runner.py:84} INFO - Running: ['***', 'tasks', 'run', 'dag_with_postgres_operator_v04', 'create_postgres_table', 'scheduled__2022-04-04T00:00:00+00:00', '--job-id', '438', '--raw', '--subdir', 'DAGS_FOLDER/dag_with_postgres_operator.py', '--cfg-path', '/tmp/tmped7igyw5']
[2023-09-04T06:02:29.965+0000] {standard_task_runner.py:85} INFO - Job 438: Subtask create_postgres_table
[2023-09-04T06:02:30.049+0000] {task_command.py:415} INFO - Running <TaskInstance: dag_with_postgres_operator_v04.create_postgres_table scheduled__2022-04-04T00:00:00+00:00 [running]> on host 10bdc2e98230
[2023-09-04T06:02:30.238+0000] {taskinstance.py:1660} INFO - Exporting env vars: AIRFLOW_CTX_DAG_OWNER='coder2j' AIRFLOW_CTX_DAG_ID='dag_with_postgres_operator_v04' AIRFLOW_CTX_TASK_ID='create_postgres_table' AIRFLOW_CTX_EXECUTION_DATE='2022-04-04T00:00:00+00:00' AIRFLOW_CTX_TRY_NUMBER='1' AIRFLOW_CTX_DAG_RUN_ID='scheduled__2022-04-04T00:00:00+00:00'
[2023-09-04T06:02:30.241+0000] {sql.py:274} INFO - Executing: 
            create table if not exists dag_runs (
                dt date,
                dag_id character varying,
                primary key (dt, dag_id)
            )
        
[2023-09-04T06:02:30.256+0000] {base.py:73} INFO - Using connection ID 'postgres_localhost' for task execution.
[2023-09-04T06:02:30.269+0000] {base.py:73} INFO - Using connection ID 'postgres_localhost' for task execution.
[2023-09-04T06:02:30.288+0000] {sql.py:418} INFO - Running statement: 
            create table if not exists dag_runs (
                dt date,
                dag_id character varying,
                primary key (dt, dag_id)
            )
        , parameters: None
[2023-09-04T06:02:30.313+0000] {taskinstance.py:1400} INFO - Marking task as SUCCESS. dag_id=dag_with_postgres_operator_v04, task_id=create_postgres_table, execution_date=20220404T000000, start_date=20230904T060229, end_date=20230904T060230
[2023-09-04T06:02:30.376+0000] {local_task_job_runner.py:228} INFO - Task exited with return code 0
[2023-09-04T06:02:30.418+0000] {taskinstance.py:2784} INFO - 1 downstream tasks scheduled from follow-on schedule check
[2023-09-04T06:05:10.167+0000] {taskinstance.py:1159} INFO - Dependencies all met for dep_context=non-requeueable deps ti=<TaskInstance: dag_with_postgres_operator_v04.create_postgres_table scheduled__2022-04-04T00:00:00+00:00 [queued]>
[2023-09-04T06:05:10.204+0000] {taskinstance.py:1159} INFO - Dependencies all met for dep_context=requeueable deps ti=<TaskInstance: dag_with_postgres_operator_v04.create_postgres_table scheduled__2022-04-04T00:00:00+00:00 [queued]>
[2023-09-04T06:05:10.205+0000] {taskinstance.py:1361} INFO - Starting attempt 1 of 6
[2023-09-04T06:05:10.678+0000] {taskinstance.py:1382} INFO - Executing <Task(PostgresOperator): create_postgres_table> on 2022-04-04 00:00:00+00:00
[2023-09-04T06:05:10.694+0000] {standard_task_runner.py:57} INFO - Started process 6612 to run task
[2023-09-04T06:05:10.710+0000] {standard_task_runner.py:84} INFO - Running: ['***', 'tasks', 'run', 'dag_with_postgres_operator_v04', 'create_postgres_table', 'scheduled__2022-04-04T00:00:00+00:00', '--job-id', '974', '--raw', '--subdir', 'DAGS_FOLDER/dag_with_postgres_operator.py', '--cfg-path', '/tmp/tmp4kms1jn0']
[2023-09-04T06:05:10.716+0000] {standard_task_runner.py:85} INFO - Job 974: Subtask create_postgres_table
[2023-09-04T06:05:10.963+0000] {task_command.py:415} INFO - Running <TaskInstance: dag_with_postgres_operator_v04.create_postgres_table scheduled__2022-04-04T00:00:00+00:00 [running]> on host 10bdc2e98230
[2023-09-04T06:05:11.338+0000] {taskinstance.py:1660} INFO - Exporting env vars: AIRFLOW_CTX_DAG_OWNER='mohghaff' AIRFLOW_CTX_DAG_ID='dag_with_postgres_operator_v04' AIRFLOW_CTX_TASK_ID='create_postgres_table' AIRFLOW_CTX_EXECUTION_DATE='2022-04-04T00:00:00+00:00' AIRFLOW_CTX_TRY_NUMBER='1' AIRFLOW_CTX_DAG_RUN_ID='scheduled__2022-04-04T00:00:00+00:00'
[2023-09-04T06:05:11.342+0000] {sql.py:274} INFO - Executing: 
            create table if not exists dag_runs (
                dt date,
                dag_id character varying,
                primary key (dt, dag_id)
            )
        
[2023-09-04T06:05:11.380+0000] {base.py:73} INFO - Using connection ID 'postgres_localhost' for task execution.
[2023-09-04T06:05:11.414+0000] {base.py:73} INFO - Using connection ID 'postgres_localhost' for task execution.
[2023-09-04T06:05:11.460+0000] {sql.py:418} INFO - Running statement: 
            create table if not exists dag_runs (
                dt date,
                dag_id character varying,
                primary key (dt, dag_id)
            )
        , parameters: None
[2023-09-04T06:05:11.560+0000] {taskinstance.py:1400} INFO - Marking task as SUCCESS. dag_id=dag_with_postgres_operator_v04, task_id=create_postgres_table, execution_date=20220404T000000, start_date=20230904T060510, end_date=20230904T060511
[2023-09-04T06:05:11.658+0000] {local_task_job_runner.py:228} INFO - Task exited with return code 0
[2023-09-04T06:05:11.772+0000] {taskinstance.py:2784} INFO - 1 downstream tasks scheduled from follow-on schedule check
