[2023-09-04T11:57:23.726+0000] {taskinstance.py:1159} INFO - Dependencies all met for dep_context=non-requeueable deps ti=<TaskInstance: dag_with_postgres_operator_v05.create_postgres_table scheduled__2023-07-27T00:00:00+00:00 [queued]>
[2023-09-04T11:57:23.736+0000] {taskinstance.py:1159} INFO - Dependencies all met for dep_context=requeueable deps ti=<TaskInstance: dag_with_postgres_operator_v05.create_postgres_table scheduled__2023-07-27T00:00:00+00:00 [queued]>
[2023-09-04T11:57:23.737+0000] {taskinstance.py:1361} INFO - Starting attempt 1 of 6
[2023-09-04T11:57:23.754+0000] {taskinstance.py:1382} INFO - Executing <Task(PostgresOperator): create_postgres_table> on 2023-07-27 00:00:00+00:00
[2023-09-04T11:57:23.761+0000] {standard_task_runner.py:57} INFO - Started process 15803 to run task
[2023-09-04T11:57:23.764+0000] {standard_task_runner.py:84} INFO - Running: ['***', 'tasks', 'run', 'dag_with_postgres_operator_v05', 'create_postgres_table', 'scheduled__2023-07-27T00:00:00+00:00', '--job-id', '3172', '--raw', '--subdir', 'DAGS_FOLDER/dag_with_postgres_operator.py', '--cfg-path', '/tmp/tmplh5piq7l']
[2023-09-04T11:57:23.766+0000] {standard_task_runner.py:85} INFO - Job 3172: Subtask create_postgres_table
[2023-09-04T11:57:23.844+0000] {task_command.py:415} INFO - Running <TaskInstance: dag_with_postgres_operator_v05.create_postgres_table scheduled__2023-07-27T00:00:00+00:00 [running]> on host 10bdc2e98230
[2023-09-04T11:57:23.981+0000] {taskinstance.py:1660} INFO - Exporting env vars: AIRFLOW_CTX_DAG_OWNER='mohghaff' AIRFLOW_CTX_DAG_ID='dag_with_postgres_operator_v05' AIRFLOW_CTX_TASK_ID='create_postgres_table' AIRFLOW_CTX_EXECUTION_DATE='2023-07-27T00:00:00+00:00' AIRFLOW_CTX_TRY_NUMBER='1' AIRFLOW_CTX_DAG_RUN_ID='scheduled__2023-07-27T00:00:00+00:00'
[2023-09-04T11:57:23.983+0000] {sql.py:274} INFO - Executing: 
            create table if not exists dag_runs (
                dt date,
                dag_id character varying,
                primary key (dt, dag_id)
            )
        
[2023-09-04T11:57:23.993+0000] {base.py:73} INFO - Using connection ID 'postgres_localhost' for task execution.
[2023-09-04T11:57:24.004+0000] {base.py:73} INFO - Using connection ID 'postgres_localhost' for task execution.
[2023-09-04T11:57:24.021+0000] {sql.py:418} INFO - Running statement: 
            create table if not exists dag_runs (
                dt date,
                dag_id character varying,
                primary key (dt, dag_id)
            )
        , parameters: None
[2023-09-04T11:57:24.040+0000] {taskinstance.py:1400} INFO - Marking task as SUCCESS. dag_id=dag_with_postgres_operator_v05, task_id=create_postgres_table, execution_date=20230727T000000, start_date=20230904T115723, end_date=20230904T115724
[2023-09-04T11:57:24.098+0000] {local_task_job_runner.py:228} INFO - Task exited with return code 0
[2023-09-04T11:57:24.138+0000] {taskinstance.py:2784} INFO - 1 downstream tasks scheduled from follow-on schedule check
