[2023-09-04T06:02:06.670+0000] {taskinstance.py:1159} INFO - Dependencies all met for dep_context=non-requeueable deps ti=<TaskInstance: dag_with_postgres_operator_v04.insert_into_table scheduled__2022-03-03T00:00:00+00:00 [queued]>
[2023-09-04T06:02:06.681+0000] {taskinstance.py:1159} INFO - Dependencies all met for dep_context=requeueable deps ti=<TaskInstance: dag_with_postgres_operator_v04.insert_into_table scheduled__2022-03-03T00:00:00+00:00 [queued]>
[2023-09-04T06:02:06.682+0000] {taskinstance.py:1361} INFO - Starting attempt 1 of 6
[2023-09-04T06:02:06.706+0000] {taskinstance.py:1382} INFO - Executing <Task(PostgresOperator): insert_into_table> on 2022-03-03 00:00:00+00:00
[2023-09-04T06:02:06.716+0000] {standard_task_runner.py:57} INFO - Started process 5152 to run task
[2023-09-04T06:02:06.721+0000] {standard_task_runner.py:84} INFO - Running: ['***', 'tasks', 'run', 'dag_with_postgres_operator_v04', 'insert_into_table', 'scheduled__2022-03-03T00:00:00+00:00', '--job-id', '362', '--raw', '--subdir', 'DAGS_FOLDER/dag_with_postgres_operator.py', '--cfg-path', '/tmp/tmp1vxtipqu']
[2023-09-04T06:02:06.724+0000] {standard_task_runner.py:85} INFO - Job 362: Subtask insert_into_table
[2023-09-04T06:02:06.787+0000] {task_command.py:415} INFO - Running <TaskInstance: dag_with_postgres_operator_v04.insert_into_table scheduled__2022-03-03T00:00:00+00:00 [running]> on host 10bdc2e98230
[2023-09-04T06:02:06.972+0000] {taskinstance.py:1660} INFO - Exporting env vars: AIRFLOW_CTX_DAG_OWNER='coder2j' AIRFLOW_CTX_DAG_ID='dag_with_postgres_operator_v04' AIRFLOW_CTX_TASK_ID='insert_into_table' AIRFLOW_CTX_EXECUTION_DATE='2022-03-03T00:00:00+00:00' AIRFLOW_CTX_TRY_NUMBER='1' AIRFLOW_CTX_DAG_RUN_ID='scheduled__2022-03-03T00:00:00+00:00'
[2023-09-04T06:02:06.974+0000] {sql.py:274} INFO - Executing: 
            insert into dag_runs (dt, dag_id) values ('2022-03-03', 'dag_with_postgres_operator_v04')
        
[2023-09-04T06:02:06.987+0000] {base.py:73} INFO - Using connection ID 'postgres_localhost' for task execution.
[2023-09-04T06:02:06.998+0000] {base.py:73} INFO - Using connection ID 'postgres_localhost' for task execution.
[2023-09-04T06:02:07.011+0000] {sql.py:418} INFO - Running statement: 
            insert into dag_runs (dt, dag_id) values ('2022-03-03', 'dag_with_postgres_operator_v04')
        , parameters: None
[2023-09-04T06:02:07.015+0000] {sql.py:427} INFO - Rows affected: 1
[2023-09-04T06:02:07.036+0000] {taskinstance.py:1400} INFO - Marking task as SUCCESS. dag_id=dag_with_postgres_operator_v04, task_id=insert_into_table, execution_date=20220303T000000, start_date=20230904T060206, end_date=20230904T060207
[2023-09-04T06:02:07.095+0000] {local_task_job_runner.py:228} INFO - Task exited with return code 0
[2023-09-04T06:02:07.115+0000] {taskinstance.py:2784} INFO - 0 downstream tasks scheduled from follow-on schedule check
[2023-09-04T06:04:50.519+0000] {taskinstance.py:1159} INFO - Dependencies all met for dep_context=non-requeueable deps ti=<TaskInstance: dag_with_postgres_operator_v04.insert_into_table scheduled__2022-03-03T00:00:00+00:00 [queued]>
[2023-09-04T06:04:50.552+0000] {taskinstance.py:1159} INFO - Dependencies all met for dep_context=requeueable deps ti=<TaskInstance: dag_with_postgres_operator_v04.insert_into_table scheduled__2022-03-03T00:00:00+00:00 [queued]>
[2023-09-04T06:04:50.553+0000] {taskinstance.py:1361} INFO - Starting attempt 1 of 6
[2023-09-04T06:04:50.615+0000] {taskinstance.py:1382} INFO - Executing <Task(PostgresOperator): insert_into_table> on 2022-03-03 00:00:00+00:00
[2023-09-04T06:04:50.632+0000] {standard_task_runner.py:57} INFO - Started process 6439 to run task
[2023-09-04T06:04:50.640+0000] {standard_task_runner.py:84} INFO - Running: ['***', 'tasks', 'run', 'dag_with_postgres_operator_v04', 'insert_into_table', 'scheduled__2022-03-03T00:00:00+00:00', '--job-id', '908', '--raw', '--subdir', 'DAGS_FOLDER/dag_with_postgres_operator.py', '--cfg-path', '/tmp/tmp1rib2q9h']
[2023-09-04T06:04:50.648+0000] {standard_task_runner.py:85} INFO - Job 908: Subtask insert_into_table
[2023-09-04T06:04:50.785+0000] {task_command.py:415} INFO - Running <TaskInstance: dag_with_postgres_operator_v04.insert_into_table scheduled__2022-03-03T00:00:00+00:00 [running]> on host 10bdc2e98230
[2023-09-04T06:04:50.977+0000] {taskinstance.py:1660} INFO - Exporting env vars: AIRFLOW_CTX_DAG_OWNER='mohghaff' AIRFLOW_CTX_DAG_ID='dag_with_postgres_operator_v04' AIRFLOW_CTX_TASK_ID='insert_into_table' AIRFLOW_CTX_EXECUTION_DATE='2022-03-03T00:00:00+00:00' AIRFLOW_CTX_TRY_NUMBER='1' AIRFLOW_CTX_DAG_RUN_ID='scheduled__2022-03-03T00:00:00+00:00'
[2023-09-04T06:04:50.979+0000] {sql.py:274} INFO - Executing: 
            insert into dag_runs (dt, dag_id) values ('2022-03-03', 'dag_with_postgres_operator_v04')
        
[2023-09-04T06:04:50.989+0000] {base.py:73} INFO - Using connection ID 'postgres_localhost' for task execution.
[2023-09-04T06:04:51.001+0000] {base.py:73} INFO - Using connection ID 'postgres_localhost' for task execution.
[2023-09-04T06:04:51.014+0000] {sql.py:418} INFO - Running statement: 
            insert into dag_runs (dt, dag_id) values ('2022-03-03', 'dag_with_postgres_operator_v04')
        , parameters: None
[2023-09-04T06:04:51.019+0000] {sql.py:427} INFO - Rows affected: 1
[2023-09-04T06:04:51.037+0000] {taskinstance.py:1400} INFO - Marking task as SUCCESS. dag_id=dag_with_postgres_operator_v04, task_id=insert_into_table, execution_date=20220303T000000, start_date=20230904T060450, end_date=20230904T060451
[2023-09-04T06:04:51.094+0000] {local_task_job_runner.py:228} INFO - Task exited with return code 0
[2023-09-04T06:04:51.113+0000] {taskinstance.py:2784} INFO - 0 downstream tasks scheduled from follow-on schedule check
