[2023-09-04T06:01:57.486+0000] {taskinstance.py:1159} INFO - Dependencies all met for dep_context=non-requeueable deps ti=<TaskInstance: dag_with_postgres_operator_v04.insert_into_table scheduled__2022-02-23T00:00:00+00:00 [queued]>
[2023-09-04T06:01:57.495+0000] {taskinstance.py:1159} INFO - Dependencies all met for dep_context=requeueable deps ti=<TaskInstance: dag_with_postgres_operator_v04.insert_into_table scheduled__2022-02-23T00:00:00+00:00 [queued]>
[2023-09-04T06:01:57.495+0000] {taskinstance.py:1361} INFO - Starting attempt 1 of 6
[2023-09-04T06:01:57.511+0000] {taskinstance.py:1382} INFO - Executing <Task(PostgresOperator): insert_into_table> on 2022-02-23 00:00:00+00:00
[2023-09-04T06:01:57.516+0000] {standard_task_runner.py:57} INFO - Started process 5088 to run task
[2023-09-04T06:01:57.519+0000] {standard_task_runner.py:84} INFO - Running: ['***', 'tasks', 'run', 'dag_with_postgres_operator_v04', 'insert_into_table', 'scheduled__2022-02-23T00:00:00+00:00', '--job-id', '332', '--raw', '--subdir', 'DAGS_FOLDER/dag_with_postgres_operator.py', '--cfg-path', '/tmp/tmplzya8i2x']
[2023-09-04T06:01:57.521+0000] {standard_task_runner.py:85} INFO - Job 332: Subtask insert_into_table
[2023-09-04T06:01:57.575+0000] {task_command.py:415} INFO - Running <TaskInstance: dag_with_postgres_operator_v04.insert_into_table scheduled__2022-02-23T00:00:00+00:00 [running]> on host 10bdc2e98230
[2023-09-04T06:01:57.673+0000] {taskinstance.py:1660} INFO - Exporting env vars: AIRFLOW_CTX_DAG_OWNER='coder2j' AIRFLOW_CTX_DAG_ID='dag_with_postgres_operator_v04' AIRFLOW_CTX_TASK_ID='insert_into_table' AIRFLOW_CTX_EXECUTION_DATE='2022-02-23T00:00:00+00:00' AIRFLOW_CTX_TRY_NUMBER='1' AIRFLOW_CTX_DAG_RUN_ID='scheduled__2022-02-23T00:00:00+00:00'
[2023-09-04T06:01:57.674+0000] {sql.py:274} INFO - Executing: 
            insert into dag_runs (dt, dag_id) values ('2022-02-23', 'dag_with_postgres_operator_v04')
        
[2023-09-04T06:01:57.682+0000] {base.py:73} INFO - Using connection ID 'postgres_localhost' for task execution.
[2023-09-04T06:01:57.689+0000] {base.py:73} INFO - Using connection ID 'postgres_localhost' for task execution.
[2023-09-04T06:01:57.699+0000] {sql.py:418} INFO - Running statement: 
            insert into dag_runs (dt, dag_id) values ('2022-02-23', 'dag_with_postgres_operator_v04')
        , parameters: None
[2023-09-04T06:01:57.702+0000] {sql.py:427} INFO - Rows affected: 1
[2023-09-04T06:01:57.714+0000] {taskinstance.py:1400} INFO - Marking task as SUCCESS. dag_id=dag_with_postgres_operator_v04, task_id=insert_into_table, execution_date=20220223T000000, start_date=20230904T060157, end_date=20230904T060157
[2023-09-04T06:01:57.732+0000] {local_task_job_runner.py:228} INFO - Task exited with return code 0
[2023-09-04T06:01:57.748+0000] {taskinstance.py:2784} INFO - 0 downstream tasks scheduled from follow-on schedule check
[2023-09-04T06:04:47.340+0000] {taskinstance.py:1159} INFO - Dependencies all met for dep_context=non-requeueable deps ti=<TaskInstance: dag_with_postgres_operator_v04.insert_into_table scheduled__2022-02-23T00:00:00+00:00 [queued]>
[2023-09-04T06:04:47.388+0000] {taskinstance.py:1159} INFO - Dependencies all met for dep_context=requeueable deps ti=<TaskInstance: dag_with_postgres_operator_v04.insert_into_table scheduled__2022-02-23T00:00:00+00:00 [queued]>
[2023-09-04T06:04:47.389+0000] {taskinstance.py:1361} INFO - Starting attempt 1 of 6
[2023-09-04T06:04:47.473+0000] {taskinstance.py:1382} INFO - Executing <Task(PostgresOperator): insert_into_table> on 2022-02-23 00:00:00+00:00
[2023-09-04T06:04:47.488+0000] {standard_task_runner.py:57} INFO - Started process 6418 to run task
[2023-09-04T06:04:47.497+0000] {standard_task_runner.py:84} INFO - Running: ['***', 'tasks', 'run', 'dag_with_postgres_operator_v04', 'insert_into_table', 'scheduled__2022-02-23T00:00:00+00:00', '--job-id', '896', '--raw', '--subdir', 'DAGS_FOLDER/dag_with_postgres_operator.py', '--cfg-path', '/tmp/tmp5kd0mpvi']
[2023-09-04T06:04:47.508+0000] {standard_task_runner.py:85} INFO - Job 896: Subtask insert_into_table
[2023-09-04T06:04:47.685+0000] {task_command.py:415} INFO - Running <TaskInstance: dag_with_postgres_operator_v04.insert_into_table scheduled__2022-02-23T00:00:00+00:00 [running]> on host 10bdc2e98230
[2023-09-04T06:04:48.007+0000] {taskinstance.py:1660} INFO - Exporting env vars: AIRFLOW_CTX_DAG_OWNER='mohghaff' AIRFLOW_CTX_DAG_ID='dag_with_postgres_operator_v04' AIRFLOW_CTX_TASK_ID='insert_into_table' AIRFLOW_CTX_EXECUTION_DATE='2022-02-23T00:00:00+00:00' AIRFLOW_CTX_TRY_NUMBER='1' AIRFLOW_CTX_DAG_RUN_ID='scheduled__2022-02-23T00:00:00+00:00'
[2023-09-04T06:04:48.010+0000] {sql.py:274} INFO - Executing: 
            insert into dag_runs (dt, dag_id) values ('2022-02-23', 'dag_with_postgres_operator_v04')
        
[2023-09-04T06:04:48.039+0000] {base.py:73} INFO - Using connection ID 'postgres_localhost' for task execution.
[2023-09-04T06:04:48.067+0000] {base.py:73} INFO - Using connection ID 'postgres_localhost' for task execution.
[2023-09-04T06:04:48.107+0000] {sql.py:418} INFO - Running statement: 
            insert into dag_runs (dt, dag_id) values ('2022-02-23', 'dag_with_postgres_operator_v04')
        , parameters: None
[2023-09-04T06:04:48.118+0000] {sql.py:427} INFO - Rows affected: 1
[2023-09-04T06:04:48.151+0000] {taskinstance.py:1400} INFO - Marking task as SUCCESS. dag_id=dag_with_postgres_operator_v04, task_id=insert_into_table, execution_date=20220223T000000, start_date=20230904T060447, end_date=20230904T060448
[2023-09-04T06:04:48.238+0000] {local_task_job_runner.py:228} INFO - Task exited with return code 0
[2023-09-04T06:04:48.275+0000] {taskinstance.py:2784} INFO - 0 downstream tasks scheduled from follow-on schedule check
