[2023-09-04T06:01:43.246+0000] {taskinstance.py:1159} INFO - Dependencies all met for dep_context=non-requeueable deps ti=<TaskInstance: dag_with_postgres_operator_v04.delete_data_from_table scheduled__2022-02-04T00:00:00+00:00 [queued]>
[2023-09-04T06:01:43.269+0000] {taskinstance.py:1159} INFO - Dependencies all met for dep_context=requeueable deps ti=<TaskInstance: dag_with_postgres_operator_v04.delete_data_from_table scheduled__2022-02-04T00:00:00+00:00 [queued]>
[2023-09-04T06:01:43.269+0000] {taskinstance.py:1361} INFO - Starting attempt 1 of 6
[2023-09-04T06:01:43.304+0000] {taskinstance.py:1382} INFO - Executing <Task(PostgresOperator): delete_data_from_table> on 2022-02-04 00:00:00+00:00
[2023-09-04T06:01:43.317+0000] {standard_task_runner.py:57} INFO - Started process 4955 to run task
[2023-09-04T06:01:43.322+0000] {standard_task_runner.py:84} INFO - Running: ['***', 'tasks', 'run', 'dag_with_postgres_operator_v04', 'delete_data_from_table', 'scheduled__2022-02-04T00:00:00+00:00', '--job-id', '278', '--raw', '--subdir', 'DAGS_FOLDER/dag_with_postgres_operator.py', '--cfg-path', '/tmp/tmp1z3qr6h_']
[2023-09-04T06:01:43.326+0000] {standard_task_runner.py:85} INFO - Job 278: Subtask delete_data_from_table
[2023-09-04T06:01:43.408+0000] {task_command.py:415} INFO - Running <TaskInstance: dag_with_postgres_operator_v04.delete_data_from_table scheduled__2022-02-04T00:00:00+00:00 [running]> on host 10bdc2e98230
[2023-09-04T06:01:43.564+0000] {taskinstance.py:1660} INFO - Exporting env vars: AIRFLOW_CTX_DAG_OWNER='coder2j' AIRFLOW_CTX_DAG_ID='dag_with_postgres_operator_v04' AIRFLOW_CTX_TASK_ID='delete_data_from_table' AIRFLOW_CTX_EXECUTION_DATE='2022-02-04T00:00:00+00:00' AIRFLOW_CTX_TRY_NUMBER='1' AIRFLOW_CTX_DAG_RUN_ID='scheduled__2022-02-04T00:00:00+00:00'
[2023-09-04T06:01:43.566+0000] {sql.py:274} INFO - Executing: 
            delete from dag_runs where dt = '2022-02-04' and dag_id = 'dag_with_postgres_operator_v04';
        
[2023-09-04T06:01:43.585+0000] {base.py:73} INFO - Using connection ID 'postgres_localhost' for task execution.
[2023-09-04T06:01:43.599+0000] {base.py:73} INFO - Using connection ID 'postgres_localhost' for task execution.
[2023-09-04T06:01:43.616+0000] {sql.py:418} INFO - Running statement: 
            delete from dag_runs where dt = '2022-02-04' and dag_id = 'dag_with_postgres_operator_v04';
        , parameters: None
[2023-09-04T06:01:43.622+0000] {sql.py:427} INFO - Rows affected: 0
[2023-09-04T06:01:43.640+0000] {taskinstance.py:1400} INFO - Marking task as SUCCESS. dag_id=dag_with_postgres_operator_v04, task_id=delete_data_from_table, execution_date=20220204T000000, start_date=20230904T060143, end_date=20230904T060143
[2023-09-04T06:01:43.695+0000] {local_task_job_runner.py:228} INFO - Task exited with return code 0
[2023-09-04T06:01:43.735+0000] {taskinstance.py:2784} INFO - 1 downstream tasks scheduled from follow-on schedule check
[2023-09-04T06:04:32.175+0000] {taskinstance.py:1159} INFO - Dependencies all met for dep_context=non-requeueable deps ti=<TaskInstance: dag_with_postgres_operator_v04.delete_data_from_table scheduled__2022-02-04T00:00:00+00:00 [queued]>
[2023-09-04T06:04:32.204+0000] {taskinstance.py:1159} INFO - Dependencies all met for dep_context=requeueable deps ti=<TaskInstance: dag_with_postgres_operator_v04.delete_data_from_table scheduled__2022-02-04T00:00:00+00:00 [queued]>
[2023-09-04T06:04:32.204+0000] {taskinstance.py:1361} INFO - Starting attempt 1 of 6
[2023-09-04T06:04:32.464+0000] {taskinstance.py:1382} INFO - Executing <Task(PostgresOperator): delete_data_from_table> on 2022-02-04 00:00:00+00:00
[2023-09-04T06:04:32.477+0000] {standard_task_runner.py:57} INFO - Started process 6273 to run task
[2023-09-04T06:04:32.482+0000] {standard_task_runner.py:84} INFO - Running: ['***', 'tasks', 'run', 'dag_with_postgres_operator_v04', 'delete_data_from_table', 'scheduled__2022-02-04T00:00:00+00:00', '--job-id', '827', '--raw', '--subdir', 'DAGS_FOLDER/dag_with_postgres_operator.py', '--cfg-path', '/tmp/tmpgrom1w98']
[2023-09-04T06:04:32.487+0000] {standard_task_runner.py:85} INFO - Job 827: Subtask delete_data_from_table
[2023-09-04T06:04:32.603+0000] {task_command.py:415} INFO - Running <TaskInstance: dag_with_postgres_operator_v04.delete_data_from_table scheduled__2022-02-04T00:00:00+00:00 [running]> on host 10bdc2e98230
[2023-09-04T06:04:32.807+0000] {taskinstance.py:1660} INFO - Exporting env vars: AIRFLOW_CTX_DAG_OWNER='mohghaff' AIRFLOW_CTX_DAG_ID='dag_with_postgres_operator_v04' AIRFLOW_CTX_TASK_ID='delete_data_from_table' AIRFLOW_CTX_EXECUTION_DATE='2022-02-04T00:00:00+00:00' AIRFLOW_CTX_TRY_NUMBER='1' AIRFLOW_CTX_DAG_RUN_ID='scheduled__2022-02-04T00:00:00+00:00'
[2023-09-04T06:04:32.809+0000] {sql.py:274} INFO - Executing: 
            delete from dag_runs where dt = '2022-02-04' and dag_id = 'dag_with_postgres_operator_v04';
        
[2023-09-04T06:04:32.824+0000] {base.py:73} INFO - Using connection ID 'postgres_localhost' for task execution.
[2023-09-04T06:04:32.838+0000] {base.py:73} INFO - Using connection ID 'postgres_localhost' for task execution.
[2023-09-04T06:04:32.859+0000] {sql.py:418} INFO - Running statement: 
            delete from dag_runs where dt = '2022-02-04' and dag_id = 'dag_with_postgres_operator_v04';
        , parameters: None
[2023-09-04T06:04:32.867+0000] {sql.py:427} INFO - Rows affected: 1
[2023-09-04T06:04:32.891+0000] {taskinstance.py:1400} INFO - Marking task as SUCCESS. dag_id=dag_with_postgres_operator_v04, task_id=delete_data_from_table, execution_date=20220204T000000, start_date=20230904T060432, end_date=20230904T060432
[2023-09-04T06:04:32.942+0000] {local_task_job_runner.py:228} INFO - Task exited with return code 0
[2023-09-04T06:04:32.999+0000] {taskinstance.py:2784} INFO - 1 downstream tasks scheduled from follow-on schedule check
