[2023-09-04T06:02:40.819+0000] {taskinstance.py:1159} INFO - Dependencies all met for dep_context=non-requeueable deps ti=<TaskInstance: dag_with_postgres_operator_v04.insert_into_table scheduled__2022-04-09T00:00:00+00:00 [queued]>
[2023-09-04T06:02:40.843+0000] {taskinstance.py:1159} INFO - Dependencies all met for dep_context=requeueable deps ti=<TaskInstance: dag_with_postgres_operator_v04.insert_into_table scheduled__2022-04-09T00:00:00+00:00 [queued]>
[2023-09-04T06:02:40.844+0000] {taskinstance.py:1361} INFO - Starting attempt 1 of 6
[2023-09-04T06:02:40.882+0000] {taskinstance.py:1382} INFO - Executing <Task(PostgresOperator): insert_into_table> on 2022-04-09 00:00:00+00:00
[2023-09-04T06:02:40.894+0000] {standard_task_runner.py:57} INFO - Started process 5442 to run task
[2023-09-04T06:02:40.897+0000] {standard_task_runner.py:84} INFO - Running: ['***', 'tasks', 'run', 'dag_with_postgres_operator_v04', 'insert_into_table', 'scheduled__2022-04-09T00:00:00+00:00', '--job-id', '484', '--raw', '--subdir', 'DAGS_FOLDER/dag_with_postgres_operator.py', '--cfg-path', '/tmp/tmplvj5z5cd']
[2023-09-04T06:02:40.902+0000] {standard_task_runner.py:85} INFO - Job 484: Subtask insert_into_table
[2023-09-04T06:02:40.990+0000] {task_command.py:415} INFO - Running <TaskInstance: dag_with_postgres_operator_v04.insert_into_table scheduled__2022-04-09T00:00:00+00:00 [running]> on host 10bdc2e98230
[2023-09-04T06:02:41.160+0000] {taskinstance.py:1660} INFO - Exporting env vars: AIRFLOW_CTX_DAG_OWNER='coder2j' AIRFLOW_CTX_DAG_ID='dag_with_postgres_operator_v04' AIRFLOW_CTX_TASK_ID='insert_into_table' AIRFLOW_CTX_EXECUTION_DATE='2022-04-09T00:00:00+00:00' AIRFLOW_CTX_TRY_NUMBER='1' AIRFLOW_CTX_DAG_RUN_ID='scheduled__2022-04-09T00:00:00+00:00'
[2023-09-04T06:02:41.162+0000] {sql.py:274} INFO - Executing: 
            insert into dag_runs (dt, dag_id) values ('2022-04-09', 'dag_with_postgres_operator_v04')
        
[2023-09-04T06:02:41.175+0000] {base.py:73} INFO - Using connection ID 'postgres_localhost' for task execution.
[2023-09-04T06:02:41.187+0000] {base.py:73} INFO - Using connection ID 'postgres_localhost' for task execution.
[2023-09-04T06:02:41.200+0000] {sql.py:418} INFO - Running statement: 
            insert into dag_runs (dt, dag_id) values ('2022-04-09', 'dag_with_postgres_operator_v04')
        , parameters: None
[2023-09-04T06:02:41.208+0000] {sql.py:427} INFO - Rows affected: 1
[2023-09-04T06:02:41.225+0000] {taskinstance.py:1400} INFO - Marking task as SUCCESS. dag_id=dag_with_postgres_operator_v04, task_id=insert_into_table, execution_date=20220409T000000, start_date=20230904T060240, end_date=20230904T060241
[2023-09-04T06:02:41.272+0000] {local_task_job_runner.py:228} INFO - Task exited with return code 0
[2023-09-04T06:02:41.294+0000] {taskinstance.py:2784} INFO - 0 downstream tasks scheduled from follow-on schedule check
[2023-09-04T06:05:26.496+0000] {taskinstance.py:1159} INFO - Dependencies all met for dep_context=non-requeueable deps ti=<TaskInstance: dag_with_postgres_operator_v04.insert_into_table scheduled__2022-04-09T00:00:00+00:00 [queued]>
[2023-09-04T06:05:26.523+0000] {taskinstance.py:1159} INFO - Dependencies all met for dep_context=requeueable deps ti=<TaskInstance: dag_with_postgres_operator_v04.insert_into_table scheduled__2022-04-09T00:00:00+00:00 [queued]>
[2023-09-04T06:05:26.524+0000] {taskinstance.py:1361} INFO - Starting attempt 1 of 6
[2023-09-04T06:05:26.761+0000] {taskinstance.py:1382} INFO - Executing <Task(PostgresOperator): insert_into_table> on 2022-04-09 00:00:00+00:00
[2023-09-04T06:05:26.781+0000] {standard_task_runner.py:57} INFO - Started process 6746 to run task
[2023-09-04T06:05:26.794+0000] {standard_task_runner.py:84} INFO - Running: ['***', 'tasks', 'run', 'dag_with_postgres_operator_v04', 'insert_into_table', 'scheduled__2022-04-09T00:00:00+00:00', '--job-id', '1034', '--raw', '--subdir', 'DAGS_FOLDER/dag_with_postgres_operator.py', '--cfg-path', '/tmp/tmp88y_7157']
[2023-09-04T06:05:26.802+0000] {standard_task_runner.py:85} INFO - Job 1034: Subtask insert_into_table
[2023-09-04T06:05:26.991+0000] {task_command.py:415} INFO - Running <TaskInstance: dag_with_postgres_operator_v04.insert_into_table scheduled__2022-04-09T00:00:00+00:00 [running]> on host 10bdc2e98230
[2023-09-04T06:05:27.310+0000] {taskinstance.py:1660} INFO - Exporting env vars: AIRFLOW_CTX_DAG_OWNER='mohghaff' AIRFLOW_CTX_DAG_ID='dag_with_postgres_operator_v04' AIRFLOW_CTX_TASK_ID='insert_into_table' AIRFLOW_CTX_EXECUTION_DATE='2022-04-09T00:00:00+00:00' AIRFLOW_CTX_TRY_NUMBER='1' AIRFLOW_CTX_DAG_RUN_ID='scheduled__2022-04-09T00:00:00+00:00'
[2023-09-04T06:05:27.321+0000] {sql.py:274} INFO - Executing: 
            insert into dag_runs (dt, dag_id) values ('2022-04-09', 'dag_with_postgres_operator_v04')
        
[2023-09-04T06:05:27.351+0000] {base.py:73} INFO - Using connection ID 'postgres_localhost' for task execution.
[2023-09-04T06:05:27.410+0000] {base.py:73} INFO - Using connection ID 'postgres_localhost' for task execution.
[2023-09-04T06:05:27.453+0000] {sql.py:418} INFO - Running statement: 
            insert into dag_runs (dt, dag_id) values ('2022-04-09', 'dag_with_postgres_operator_v04')
        , parameters: None
[2023-09-04T06:05:27.469+0000] {sql.py:427} INFO - Rows affected: 1
[2023-09-04T06:05:27.545+0000] {taskinstance.py:1400} INFO - Marking task as SUCCESS. dag_id=dag_with_postgres_operator_v04, task_id=insert_into_table, execution_date=20220409T000000, start_date=20230904T060526, end_date=20230904T060527
[2023-09-04T06:05:27.952+0000] {local_task_job_runner.py:228} INFO - Task exited with return code 0
[2023-09-04T06:05:28.009+0000] {taskinstance.py:2784} INFO - 0 downstream tasks scheduled from follow-on schedule check
