[2023-09-04T06:02:04.788+0000] {taskinstance.py:1159} INFO - Dependencies all met for dep_context=non-requeueable deps ti=<TaskInstance: dag_with_postgres_operator_v04.delete_data_from_table scheduled__2022-03-03T00:00:00+00:00 [queued]>
[2023-09-04T06:02:04.805+0000] {taskinstance.py:1159} INFO - Dependencies all met for dep_context=requeueable deps ti=<TaskInstance: dag_with_postgres_operator_v04.delete_data_from_table scheduled__2022-03-03T00:00:00+00:00 [queued]>
[2023-09-04T06:02:04.805+0000] {taskinstance.py:1361} INFO - Starting attempt 1 of 6
[2023-09-04T06:02:04.980+0000] {taskinstance.py:1382} INFO - Executing <Task(PostgresOperator): delete_data_from_table> on 2022-03-03 00:00:00+00:00
[2023-09-04T06:02:04.991+0000] {standard_task_runner.py:57} INFO - Started process 5137 to run task
[2023-09-04T06:02:04.995+0000] {standard_task_runner.py:84} INFO - Running: ['***', 'tasks', 'run', 'dag_with_postgres_operator_v04', 'delete_data_from_table', 'scheduled__2022-03-03T00:00:00+00:00', '--job-id', '353', '--raw', '--subdir', 'DAGS_FOLDER/dag_with_postgres_operator.py', '--cfg-path', '/tmp/tmpwry45bwc']
[2023-09-04T06:02:04.998+0000] {standard_task_runner.py:85} INFO - Job 353: Subtask delete_data_from_table
[2023-09-04T06:02:05.067+0000] {task_command.py:415} INFO - Running <TaskInstance: dag_with_postgres_operator_v04.delete_data_from_table scheduled__2022-03-03T00:00:00+00:00 [running]> on host 10bdc2e98230
[2023-09-04T06:02:05.195+0000] {taskinstance.py:1660} INFO - Exporting env vars: AIRFLOW_CTX_DAG_OWNER='coder2j' AIRFLOW_CTX_DAG_ID='dag_with_postgres_operator_v04' AIRFLOW_CTX_TASK_ID='delete_data_from_table' AIRFLOW_CTX_EXECUTION_DATE='2022-03-03T00:00:00+00:00' AIRFLOW_CTX_TRY_NUMBER='1' AIRFLOW_CTX_DAG_RUN_ID='scheduled__2022-03-03T00:00:00+00:00'
[2023-09-04T06:02:05.196+0000] {sql.py:274} INFO - Executing: 
            delete from dag_runs where dt = '2022-03-03' and dag_id = 'dag_with_postgres_operator_v04';
        
[2023-09-04T06:02:05.211+0000] {base.py:73} INFO - Using connection ID 'postgres_localhost' for task execution.
[2023-09-04T06:02:05.221+0000] {base.py:73} INFO - Using connection ID 'postgres_localhost' for task execution.
[2023-09-04T06:02:05.234+0000] {sql.py:418} INFO - Running statement: 
            delete from dag_runs where dt = '2022-03-03' and dag_id = 'dag_with_postgres_operator_v04';
        , parameters: None
[2023-09-04T06:02:05.238+0000] {sql.py:427} INFO - Rows affected: 0
[2023-09-04T06:02:05.252+0000] {taskinstance.py:1400} INFO - Marking task as SUCCESS. dag_id=dag_with_postgres_operator_v04, task_id=delete_data_from_table, execution_date=20220303T000000, start_date=20230904T060204, end_date=20230904T060205
[2023-09-04T06:02:05.288+0000] {local_task_job_runner.py:228} INFO - Task exited with return code 0
[2023-09-04T06:02:05.316+0000] {taskinstance.py:2784} INFO - 1 downstream tasks scheduled from follow-on schedule check
[2023-09-04T06:04:47.288+0000] {taskinstance.py:1159} INFO - Dependencies all met for dep_context=non-requeueable deps ti=<TaskInstance: dag_with_postgres_operator_v04.delete_data_from_table scheduled__2022-03-03T00:00:00+00:00 [queued]>
[2023-09-04T06:04:47.320+0000] {taskinstance.py:1159} INFO - Dependencies all met for dep_context=requeueable deps ti=<TaskInstance: dag_with_postgres_operator_v04.delete_data_from_table scheduled__2022-03-03T00:00:00+00:00 [queued]>
[2023-09-04T06:04:47.321+0000] {taskinstance.py:1361} INFO - Starting attempt 1 of 6
[2023-09-04T06:04:47.378+0000] {taskinstance.py:1382} INFO - Executing <Task(PostgresOperator): delete_data_from_table> on 2022-03-03 00:00:00+00:00
[2023-09-04T06:04:47.392+0000] {standard_task_runner.py:57} INFO - Started process 6415 to run task
[2023-09-04T06:04:47.400+0000] {standard_task_runner.py:84} INFO - Running: ['***', 'tasks', 'run', 'dag_with_postgres_operator_v04', 'delete_data_from_table', 'scheduled__2022-03-03T00:00:00+00:00', '--job-id', '893', '--raw', '--subdir', 'DAGS_FOLDER/dag_with_postgres_operator.py', '--cfg-path', '/tmp/tmpb5l0vuyl']
[2023-09-04T06:04:47.415+0000] {standard_task_runner.py:85} INFO - Job 893: Subtask delete_data_from_table
[2023-09-04T06:04:47.601+0000] {task_command.py:415} INFO - Running <TaskInstance: dag_with_postgres_operator_v04.delete_data_from_table scheduled__2022-03-03T00:00:00+00:00 [running]> on host 10bdc2e98230
[2023-09-04T06:04:47.951+0000] {taskinstance.py:1660} INFO - Exporting env vars: AIRFLOW_CTX_DAG_OWNER='mohghaff' AIRFLOW_CTX_DAG_ID='dag_with_postgres_operator_v04' AIRFLOW_CTX_TASK_ID='delete_data_from_table' AIRFLOW_CTX_EXECUTION_DATE='2022-03-03T00:00:00+00:00' AIRFLOW_CTX_TRY_NUMBER='1' AIRFLOW_CTX_DAG_RUN_ID='scheduled__2022-03-03T00:00:00+00:00'
[2023-09-04T06:04:47.954+0000] {sql.py:274} INFO - Executing: 
            delete from dag_runs where dt = '2022-03-03' and dag_id = 'dag_with_postgres_operator_v04';
        
[2023-09-04T06:04:47.985+0000] {base.py:73} INFO - Using connection ID 'postgres_localhost' for task execution.
[2023-09-04T06:04:48.008+0000] {base.py:73} INFO - Using connection ID 'postgres_localhost' for task execution.
[2023-09-04T06:04:48.049+0000] {sql.py:418} INFO - Running statement: 
            delete from dag_runs where dt = '2022-03-03' and dag_id = 'dag_with_postgres_operator_v04';
        , parameters: None
[2023-09-04T06:04:48.063+0000] {sql.py:427} INFO - Rows affected: 1
[2023-09-04T06:04:48.111+0000] {taskinstance.py:1400} INFO - Marking task as SUCCESS. dag_id=dag_with_postgres_operator_v04, task_id=delete_data_from_table, execution_date=20220303T000000, start_date=20230904T060447, end_date=20230904T060448
[2023-09-04T06:04:48.182+0000] {local_task_job_runner.py:228} INFO - Task exited with return code 0
[2023-09-04T06:04:48.286+0000] {taskinstance.py:2784} INFO - 1 downstream tasks scheduled from follow-on schedule check
