[2023-09-04T06:03:00.456+0000] {taskinstance.py:1159} INFO - Dependencies all met for dep_context=non-requeueable deps ti=<TaskInstance: dag_with_postgres_operator_v04.insert_into_table scheduled__2022-05-11T00:00:00+00:00 [queued]>
[2023-09-04T06:03:00.464+0000] {taskinstance.py:1159} INFO - Dependencies all met for dep_context=requeueable deps ti=<TaskInstance: dag_with_postgres_operator_v04.insert_into_table scheduled__2022-05-11T00:00:00+00:00 [queued]>
[2023-09-04T06:03:00.464+0000] {taskinstance.py:1361} INFO - Starting attempt 1 of 6
[2023-09-04T06:03:00.476+0000] {taskinstance.py:1382} INFO - Executing <Task(PostgresOperator): insert_into_table> on 2022-05-11 00:00:00+00:00
[2023-09-04T06:03:00.482+0000] {standard_task_runner.py:57} INFO - Started process 5625 to run task
[2023-09-04T06:03:00.485+0000] {standard_task_runner.py:84} INFO - Running: ['***', 'tasks', 'run', 'dag_with_postgres_operator_v04', 'insert_into_table', 'scheduled__2022-05-11T00:00:00+00:00', '--job-id', '563', '--raw', '--subdir', 'DAGS_FOLDER/dag_with_postgres_operator.py', '--cfg-path', '/tmp/tmpw60ndaea']
[2023-09-04T06:03:00.487+0000] {standard_task_runner.py:85} INFO - Job 563: Subtask insert_into_table
[2023-09-04T06:03:00.534+0000] {task_command.py:415} INFO - Running <TaskInstance: dag_with_postgres_operator_v04.insert_into_table scheduled__2022-05-11T00:00:00+00:00 [running]> on host 10bdc2e98230
[2023-09-04T06:03:00.617+0000] {taskinstance.py:1660} INFO - Exporting env vars: AIRFLOW_CTX_DAG_OWNER='coder2j' AIRFLOW_CTX_DAG_ID='dag_with_postgres_operator_v04' AIRFLOW_CTX_TASK_ID='insert_into_table' AIRFLOW_CTX_EXECUTION_DATE='2022-05-11T00:00:00+00:00' AIRFLOW_CTX_TRY_NUMBER='1' AIRFLOW_CTX_DAG_RUN_ID='scheduled__2022-05-11T00:00:00+00:00'
[2023-09-04T06:03:00.618+0000] {sql.py:274} INFO - Executing: 
            insert into dag_runs (dt, dag_id) values ('2022-05-11', 'dag_with_postgres_operator_v04')
        
[2023-09-04T06:03:00.624+0000] {base.py:73} INFO - Using connection ID 'postgres_localhost' for task execution.
[2023-09-04T06:03:00.631+0000] {base.py:73} INFO - Using connection ID 'postgres_localhost' for task execution.
[2023-09-04T06:03:00.640+0000] {sql.py:418} INFO - Running statement: 
            insert into dag_runs (dt, dag_id) values ('2022-05-11', 'dag_with_postgres_operator_v04')
        , parameters: None
[2023-09-04T06:03:00.643+0000] {sql.py:427} INFO - Rows affected: 1
[2023-09-04T06:03:00.654+0000] {taskinstance.py:1400} INFO - Marking task as SUCCESS. dag_id=dag_with_postgres_operator_v04, task_id=insert_into_table, execution_date=20220511T000000, start_date=20230904T060300, end_date=20230904T060300
[2023-09-04T06:03:00.698+0000] {local_task_job_runner.py:228} INFO - Task exited with return code 0
[2023-09-04T06:03:00.712+0000] {taskinstance.py:2784} INFO - 0 downstream tasks scheduled from follow-on schedule check
[2023-09-04T06:05:47.749+0000] {taskinstance.py:1159} INFO - Dependencies all met for dep_context=non-requeueable deps ti=<TaskInstance: dag_with_postgres_operator_v04.insert_into_table scheduled__2022-05-11T00:00:00+00:00 [queued]>
[2023-09-04T06:05:47.760+0000] {taskinstance.py:1159} INFO - Dependencies all met for dep_context=requeueable deps ti=<TaskInstance: dag_with_postgres_operator_v04.insert_into_table scheduled__2022-05-11T00:00:00+00:00 [queued]>
[2023-09-04T06:05:47.761+0000] {taskinstance.py:1361} INFO - Starting attempt 1 of 6
[2023-09-04T06:05:47.777+0000] {taskinstance.py:1382} INFO - Executing <Task(PostgresOperator): insert_into_table> on 2022-05-11 00:00:00+00:00
[2023-09-04T06:05:47.784+0000] {standard_task_runner.py:57} INFO - Started process 6910 to run task
[2023-09-04T06:05:47.787+0000] {standard_task_runner.py:84} INFO - Running: ['***', 'tasks', 'run', 'dag_with_postgres_operator_v04', 'insert_into_table', 'scheduled__2022-05-11T00:00:00+00:00', '--job-id', '1107', '--raw', '--subdir', 'DAGS_FOLDER/dag_with_postgres_operator.py', '--cfg-path', '/tmp/tmpld_nvapu']
[2023-09-04T06:05:47.790+0000] {standard_task_runner.py:85} INFO - Job 1107: Subtask insert_into_table
[2023-09-04T06:05:47.856+0000] {task_command.py:415} INFO - Running <TaskInstance: dag_with_postgres_operator_v04.insert_into_table scheduled__2022-05-11T00:00:00+00:00 [running]> on host 10bdc2e98230
[2023-09-04T06:05:47.965+0000] {taskinstance.py:1660} INFO - Exporting env vars: AIRFLOW_CTX_DAG_OWNER='mohghaff' AIRFLOW_CTX_DAG_ID='dag_with_postgres_operator_v04' AIRFLOW_CTX_TASK_ID='insert_into_table' AIRFLOW_CTX_EXECUTION_DATE='2022-05-11T00:00:00+00:00' AIRFLOW_CTX_TRY_NUMBER='1' AIRFLOW_CTX_DAG_RUN_ID='scheduled__2022-05-11T00:00:00+00:00'
[2023-09-04T06:05:47.966+0000] {sql.py:274} INFO - Executing: 
            insert into dag_runs (dt, dag_id) values ('2022-05-11', 'dag_with_postgres_operator_v04')
        
[2023-09-04T06:05:47.975+0000] {base.py:73} INFO - Using connection ID 'postgres_localhost' for task execution.
[2023-09-04T06:05:47.984+0000] {base.py:73} INFO - Using connection ID 'postgres_localhost' for task execution.
[2023-09-04T06:05:47.995+0000] {sql.py:418} INFO - Running statement: 
            insert into dag_runs (dt, dag_id) values ('2022-05-11', 'dag_with_postgres_operator_v04')
        , parameters: None
[2023-09-04T06:05:47.999+0000] {sql.py:427} INFO - Rows affected: 1
[2023-09-04T06:05:48.013+0000] {taskinstance.py:1400} INFO - Marking task as SUCCESS. dag_id=dag_with_postgres_operator_v04, task_id=insert_into_table, execution_date=20220511T000000, start_date=20230904T060547, end_date=20230904T060548
[2023-09-04T06:05:48.040+0000] {local_task_job_runner.py:228} INFO - Task exited with return code 0
[2023-09-04T06:05:48.059+0000] {taskinstance.py:2784} INFO - 0 downstream tasks scheduled from follow-on schedule check
