[2023-09-04T06:03:04.327+0000] {taskinstance.py:1159} INFO - Dependencies all met for dep_context=non-requeueable deps ti=<TaskInstance: dag_with_postgres_operator_v04.delete_data_from_table scheduled__2022-05-14T00:00:00+00:00 [queued]>
[2023-09-04T06:03:04.344+0000] {taskinstance.py:1159} INFO - Dependencies all met for dep_context=requeueable deps ti=<TaskInstance: dag_with_postgres_operator_v04.delete_data_from_table scheduled__2022-05-14T00:00:00+00:00 [queued]>
[2023-09-04T06:03:04.345+0000] {taskinstance.py:1361} INFO - Starting attempt 1 of 6
[2023-09-04T06:03:04.371+0000] {taskinstance.py:1382} INFO - Executing <Task(PostgresOperator): delete_data_from_table> on 2022-05-14 00:00:00+00:00
[2023-09-04T06:03:04.384+0000] {standard_task_runner.py:57} INFO - Started process 5653 to run task
[2023-09-04T06:03:04.387+0000] {standard_task_runner.py:84} INFO - Running: ['***', 'tasks', 'run', 'dag_with_postgres_operator_v04', 'delete_data_from_table', 'scheduled__2022-05-14T00:00:00+00:00', '--job-id', '573', '--raw', '--subdir', 'DAGS_FOLDER/dag_with_postgres_operator.py', '--cfg-path', '/tmp/tmp1jjdi6cd']
[2023-09-04T06:03:04.392+0000] {standard_task_runner.py:85} INFO - Job 573: Subtask delete_data_from_table
[2023-09-04T06:03:04.471+0000] {task_command.py:415} INFO - Running <TaskInstance: dag_with_postgres_operator_v04.delete_data_from_table scheduled__2022-05-14T00:00:00+00:00 [running]> on host 10bdc2e98230
[2023-09-04T06:03:04.617+0000] {taskinstance.py:1660} INFO - Exporting env vars: AIRFLOW_CTX_DAG_OWNER='coder2j' AIRFLOW_CTX_DAG_ID='dag_with_postgres_operator_v04' AIRFLOW_CTX_TASK_ID='delete_data_from_table' AIRFLOW_CTX_EXECUTION_DATE='2022-05-14T00:00:00+00:00' AIRFLOW_CTX_TRY_NUMBER='1' AIRFLOW_CTX_DAG_RUN_ID='scheduled__2022-05-14T00:00:00+00:00'
[2023-09-04T06:03:04.618+0000] {sql.py:274} INFO - Executing: 
            delete from dag_runs where dt = '2022-05-14' and dag_id = 'dag_with_postgres_operator_v04';
        
[2023-09-04T06:03:04.632+0000] {base.py:73} INFO - Using connection ID 'postgres_localhost' for task execution.
[2023-09-04T06:03:04.647+0000] {base.py:73} INFO - Using connection ID 'postgres_localhost' for task execution.
[2023-09-04T06:03:04.664+0000] {sql.py:418} INFO - Running statement: 
            delete from dag_runs where dt = '2022-05-14' and dag_id = 'dag_with_postgres_operator_v04';
        , parameters: None
[2023-09-04T06:03:04.670+0000] {sql.py:427} INFO - Rows affected: 0
[2023-09-04T06:03:04.687+0000] {taskinstance.py:1400} INFO - Marking task as SUCCESS. dag_id=dag_with_postgres_operator_v04, task_id=delete_data_from_table, execution_date=20220514T000000, start_date=20230904T060304, end_date=20230904T060304
[2023-09-04T06:03:04.721+0000] {local_task_job_runner.py:228} INFO - Task exited with return code 0
[2023-09-04T06:03:04.751+0000] {taskinstance.py:2784} INFO - 1 downstream tasks scheduled from follow-on schedule check
[2023-09-04T06:05:52.669+0000] {taskinstance.py:1159} INFO - Dependencies all met for dep_context=non-requeueable deps ti=<TaskInstance: dag_with_postgres_operator_v04.delete_data_from_table scheduled__2022-05-14T00:00:00+00:00 [queued]>
[2023-09-04T06:05:52.699+0000] {taskinstance.py:1159} INFO - Dependencies all met for dep_context=requeueable deps ti=<TaskInstance: dag_with_postgres_operator_v04.delete_data_from_table scheduled__2022-05-14T00:00:00+00:00 [queued]>
[2023-09-04T06:05:52.699+0000] {taskinstance.py:1361} INFO - Starting attempt 1 of 6
[2023-09-04T06:05:52.747+0000] {taskinstance.py:1382} INFO - Executing <Task(PostgresOperator): delete_data_from_table> on 2022-05-14 00:00:00+00:00
[2023-09-04T06:05:52.759+0000] {standard_task_runner.py:57} INFO - Started process 6949 to run task
[2023-09-04T06:05:52.767+0000] {standard_task_runner.py:84} INFO - Running: ['***', 'tasks', 'run', 'dag_with_postgres_operator_v04', 'delete_data_from_table', 'scheduled__2022-05-14T00:00:00+00:00', '--job-id', '1121', '--raw', '--subdir', 'DAGS_FOLDER/dag_with_postgres_operator.py', '--cfg-path', '/tmp/tmpzbdhftfl']
[2023-09-04T06:05:52.773+0000] {standard_task_runner.py:85} INFO - Job 1121: Subtask delete_data_from_table
[2023-09-04T06:05:52.938+0000] {task_command.py:415} INFO - Running <TaskInstance: dag_with_postgres_operator_v04.delete_data_from_table scheduled__2022-05-14T00:00:00+00:00 [running]> on host 10bdc2e98230
[2023-09-04T06:05:53.256+0000] {taskinstance.py:1660} INFO - Exporting env vars: AIRFLOW_CTX_DAG_OWNER='mohghaff' AIRFLOW_CTX_DAG_ID='dag_with_postgres_operator_v04' AIRFLOW_CTX_TASK_ID='delete_data_from_table' AIRFLOW_CTX_EXECUTION_DATE='2022-05-14T00:00:00+00:00' AIRFLOW_CTX_TRY_NUMBER='1' AIRFLOW_CTX_DAG_RUN_ID='scheduled__2022-05-14T00:00:00+00:00'
[2023-09-04T06:05:53.259+0000] {sql.py:274} INFO - Executing: 
            delete from dag_runs where dt = '2022-05-14' and dag_id = 'dag_with_postgres_operator_v04';
        
[2023-09-04T06:05:53.283+0000] {base.py:73} INFO - Using connection ID 'postgres_localhost' for task execution.
[2023-09-04T06:05:53.317+0000] {base.py:73} INFO - Using connection ID 'postgres_localhost' for task execution.
[2023-09-04T06:05:53.358+0000] {sql.py:418} INFO - Running statement: 
            delete from dag_runs where dt = '2022-05-14' and dag_id = 'dag_with_postgres_operator_v04';
        , parameters: None
[2023-09-04T06:05:53.373+0000] {sql.py:427} INFO - Rows affected: 1
[2023-09-04T06:05:53.410+0000] {taskinstance.py:1400} INFO - Marking task as SUCCESS. dag_id=dag_with_postgres_operator_v04, task_id=delete_data_from_table, execution_date=20220514T000000, start_date=20230904T060552, end_date=20230904T060553
[2023-09-04T06:05:53.466+0000] {local_task_job_runner.py:228} INFO - Task exited with return code 0
[2023-09-04T06:05:53.713+0000] {taskinstance.py:2784} INFO - 1 downstream tasks scheduled from follow-on schedule check
