[2023-09-04T06:03:19.639+0000] {taskinstance.py:1159} INFO - Dependencies all met for dep_context=non-requeueable deps ti=<TaskInstance: dag_with_postgres_operator_v04.delete_data_from_table scheduled__2022-06-02T00:00:00+00:00 [queued]>
[2023-09-04T06:03:19.679+0000] {taskinstance.py:1159} INFO - Dependencies all met for dep_context=requeueable deps ti=<TaskInstance: dag_with_postgres_operator_v04.delete_data_from_table scheduled__2022-06-02T00:00:00+00:00 [queued]>
[2023-09-04T06:03:19.681+0000] {taskinstance.py:1361} INFO - Starting attempt 1 of 6
[2023-09-04T06:03:19.738+0000] {taskinstance.py:1382} INFO - Executing <Task(PostgresOperator): delete_data_from_table> on 2022-06-02 00:00:00+00:00
[2023-09-04T06:03:19.751+0000] {standard_task_runner.py:57} INFO - Started process 5806 to run task
[2023-09-04T06:03:19.765+0000] {standard_task_runner.py:84} INFO - Running: ['***', 'tasks', 'run', 'dag_with_postgres_operator_v04', 'delete_data_from_table', 'scheduled__2022-06-02T00:00:00+00:00', '--job-id', '645', '--raw', '--subdir', 'DAGS_FOLDER/dag_with_postgres_operator.py', '--cfg-path', '/tmp/tmpdcz0gtmx']
[2023-09-04T06:03:19.770+0000] {standard_task_runner.py:85} INFO - Job 645: Subtask delete_data_from_table
[2023-09-04T06:03:19.979+0000] {task_command.py:415} INFO - Running <TaskInstance: dag_with_postgres_operator_v04.delete_data_from_table scheduled__2022-06-02T00:00:00+00:00 [running]> on host 10bdc2e98230
[2023-09-04T06:03:20.421+0000] {taskinstance.py:1660} INFO - Exporting env vars: AIRFLOW_CTX_DAG_OWNER='coder2j' AIRFLOW_CTX_DAG_ID='dag_with_postgres_operator_v04' AIRFLOW_CTX_TASK_ID='delete_data_from_table' AIRFLOW_CTX_EXECUTION_DATE='2022-06-02T00:00:00+00:00' AIRFLOW_CTX_TRY_NUMBER='1' AIRFLOW_CTX_DAG_RUN_ID='scheduled__2022-06-02T00:00:00+00:00'
[2023-09-04T06:03:20.424+0000] {sql.py:274} INFO - Executing: 
            delete from dag_runs where dt = '2022-06-02' and dag_id = 'dag_with_postgres_operator_v04';
        
[2023-09-04T06:03:20.469+0000] {base.py:73} INFO - Using connection ID 'postgres_localhost' for task execution.
[2023-09-04T06:03:20.524+0000] {base.py:73} INFO - Using connection ID 'postgres_localhost' for task execution.
[2023-09-04T06:03:20.556+0000] {sql.py:418} INFO - Running statement: 
            delete from dag_runs where dt = '2022-06-02' and dag_id = 'dag_with_postgres_operator_v04';
        , parameters: None
[2023-09-04T06:03:20.567+0000] {sql.py:427} INFO - Rows affected: 0
[2023-09-04T06:03:20.602+0000] {taskinstance.py:1400} INFO - Marking task as SUCCESS. dag_id=dag_with_postgres_operator_v04, task_id=delete_data_from_table, execution_date=20220602T000000, start_date=20230904T060319, end_date=20230904T060320
[2023-09-04T06:03:21.043+0000] {local_task_job_runner.py:228} INFO - Task exited with return code 0
[2023-09-04T06:03:21.141+0000] {taskinstance.py:2784} INFO - 1 downstream tasks scheduled from follow-on schedule check
[2023-09-04T06:06:07.583+0000] {taskinstance.py:1159} INFO - Dependencies all met for dep_context=non-requeueable deps ti=<TaskInstance: dag_with_postgres_operator_v04.delete_data_from_table scheduled__2022-06-02T00:00:00+00:00 [queued]>
[2023-09-04T06:06:07.617+0000] {taskinstance.py:1159} INFO - Dependencies all met for dep_context=requeueable deps ti=<TaskInstance: dag_with_postgres_operator_v04.delete_data_from_table scheduled__2022-06-02T00:00:00+00:00 [queued]>
[2023-09-04T06:06:07.618+0000] {taskinstance.py:1361} INFO - Starting attempt 1 of 6
[2023-09-04T06:06:07.948+0000] {taskinstance.py:1382} INFO - Executing <Task(PostgresOperator): delete_data_from_table> on 2022-06-02 00:00:00+00:00
[2023-09-04T06:06:07.962+0000] {standard_task_runner.py:57} INFO - Started process 7077 to run task
[2023-09-04T06:06:07.973+0000] {standard_task_runner.py:84} INFO - Running: ['***', 'tasks', 'run', 'dag_with_postgres_operator_v04', 'delete_data_from_table', 'scheduled__2022-06-02T00:00:00+00:00', '--job-id', '1175', '--raw', '--subdir', 'DAGS_FOLDER/dag_with_postgres_operator.py', '--cfg-path', '/tmp/tmpsvjjnxxt']
[2023-09-04T06:06:07.978+0000] {standard_task_runner.py:85} INFO - Job 1175: Subtask delete_data_from_table
[2023-09-04T06:06:08.199+0000] {task_command.py:415} INFO - Running <TaskInstance: dag_with_postgres_operator_v04.delete_data_from_table scheduled__2022-06-02T00:00:00+00:00 [running]> on host 10bdc2e98230
[2023-09-04T06:06:08.485+0000] {taskinstance.py:1660} INFO - Exporting env vars: AIRFLOW_CTX_DAG_OWNER='mohghaff' AIRFLOW_CTX_DAG_ID='dag_with_postgres_operator_v04' AIRFLOW_CTX_TASK_ID='delete_data_from_table' AIRFLOW_CTX_EXECUTION_DATE='2022-06-02T00:00:00+00:00' AIRFLOW_CTX_TRY_NUMBER='1' AIRFLOW_CTX_DAG_RUN_ID='scheduled__2022-06-02T00:00:00+00:00'
[2023-09-04T06:06:08.487+0000] {sql.py:274} INFO - Executing: 
            delete from dag_runs where dt = '2022-06-02' and dag_id = 'dag_with_postgres_operator_v04';
        
[2023-09-04T06:06:08.509+0000] {base.py:73} INFO - Using connection ID 'postgres_localhost' for task execution.
[2023-09-04T06:06:08.539+0000] {base.py:73} INFO - Using connection ID 'postgres_localhost' for task execution.
[2023-09-04T06:06:08.578+0000] {sql.py:418} INFO - Running statement: 
            delete from dag_runs where dt = '2022-06-02' and dag_id = 'dag_with_postgres_operator_v04';
        , parameters: None
[2023-09-04T06:06:08.588+0000] {sql.py:427} INFO - Rows affected: 1
[2023-09-04T06:06:08.623+0000] {taskinstance.py:1400} INFO - Marking task as SUCCESS. dag_id=dag_with_postgres_operator_v04, task_id=delete_data_from_table, execution_date=20220602T000000, start_date=20230904T060607, end_date=20230904T060608
[2023-09-04T06:06:08.711+0000] {local_task_job_runner.py:228} INFO - Task exited with return code 0
[2023-09-04T06:06:08.773+0000] {taskinstance.py:2784} INFO - 1 downstream tasks scheduled from follow-on schedule check
