[2023-09-04T06:01:17.430+0000] {taskinstance.py:1159} INFO - Dependencies all met for dep_context=non-requeueable deps ti=<TaskInstance: dag_with_postgres_operator_v04.delete_data_from_table scheduled__2022-01-04T00:00:00+00:00 [queued]>
[2023-09-04T06:01:17.443+0000] {taskinstance.py:1159} INFO - Dependencies all met for dep_context=requeueable deps ti=<TaskInstance: dag_with_postgres_operator_v04.delete_data_from_table scheduled__2022-01-04T00:00:00+00:00 [queued]>
[2023-09-04T06:01:17.444+0000] {taskinstance.py:1361} INFO - Starting attempt 1 of 6
[2023-09-04T06:01:17.560+0000] {taskinstance.py:1382} INFO - Executing <Task(PostgresOperator): delete_data_from_table> on 2022-01-04 00:00:00+00:00
[2023-09-04T06:01:17.568+0000] {standard_task_runner.py:57} INFO - Started process 4732 to run task
[2023-09-04T06:01:17.572+0000] {standard_task_runner.py:84} INFO - Running: ['***', 'tasks', 'run', 'dag_with_postgres_operator_v04', 'delete_data_from_table', 'scheduled__2022-01-04T00:00:00+00:00', '--job-id', '186', '--raw', '--subdir', 'DAGS_FOLDER/dag_with_postgres_operator.py', '--cfg-path', '/tmp/tmphvin6aoa']
[2023-09-04T06:01:17.576+0000] {standard_task_runner.py:85} INFO - Job 186: Subtask delete_data_from_table
[2023-09-04T06:01:17.638+0000] {task_command.py:415} INFO - Running <TaskInstance: dag_with_postgres_operator_v04.delete_data_from_table scheduled__2022-01-04T00:00:00+00:00 [running]> on host 10bdc2e98230
[2023-09-04T06:01:17.752+0000] {taskinstance.py:1660} INFO - Exporting env vars: AIRFLOW_CTX_DAG_OWNER='coder2j' AIRFLOW_CTX_DAG_ID='dag_with_postgres_operator_v04' AIRFLOW_CTX_TASK_ID='delete_data_from_table' AIRFLOW_CTX_EXECUTION_DATE='2022-01-04T00:00:00+00:00' AIRFLOW_CTX_TRY_NUMBER='1' AIRFLOW_CTX_DAG_RUN_ID='scheduled__2022-01-04T00:00:00+00:00'
[2023-09-04T06:01:17.754+0000] {sql.py:274} INFO - Executing: 
            delete from dag_runs where dt = '2022-01-04' and dag_id = 'dag_with_postgres_operator_v04';
        
[2023-09-04T06:01:17.766+0000] {base.py:73} INFO - Using connection ID 'postgres_localhost' for task execution.
[2023-09-04T06:01:17.777+0000] {base.py:73} INFO - Using connection ID 'postgres_localhost' for task execution.
[2023-09-04T06:01:17.790+0000] {sql.py:418} INFO - Running statement: 
            delete from dag_runs where dt = '2022-01-04' and dag_id = 'dag_with_postgres_operator_v04';
        , parameters: None
[2023-09-04T06:01:17.795+0000] {sql.py:427} INFO - Rows affected: 0
[2023-09-04T06:01:17.808+0000] {taskinstance.py:1400} INFO - Marking task as SUCCESS. dag_id=dag_with_postgres_operator_v04, task_id=delete_data_from_table, execution_date=20220104T000000, start_date=20230904T060117, end_date=20230904T060117
[2023-09-04T06:01:17.866+0000] {local_task_job_runner.py:228} INFO - Task exited with return code 0
[2023-09-04T06:01:18.029+0000] {taskinstance.py:2784} INFO - 0 downstream tasks scheduled from follow-on schedule check
[2023-09-04T06:04:07.940+0000] {taskinstance.py:1159} INFO - Dependencies all met for dep_context=non-requeueable deps ti=<TaskInstance: dag_with_postgres_operator_v04.delete_data_from_table scheduled__2022-01-04T00:00:00+00:00 [queued]>
[2023-09-04T06:04:07.963+0000] {taskinstance.py:1159} INFO - Dependencies all met for dep_context=requeueable deps ti=<TaskInstance: dag_with_postgres_operator_v04.delete_data_from_table scheduled__2022-01-04T00:00:00+00:00 [queued]>
[2023-09-04T06:04:07.964+0000] {taskinstance.py:1361} INFO - Starting attempt 1 of 6
[2023-09-04T06:04:08.244+0000] {taskinstance.py:1382} INFO - Executing <Task(PostgresOperator): delete_data_from_table> on 2022-01-04 00:00:00+00:00
[2023-09-04T06:04:08.257+0000] {standard_task_runner.py:57} INFO - Started process 6044 to run task
[2023-09-04T06:04:08.267+0000] {standard_task_runner.py:84} INFO - Running: ['***', 'tasks', 'run', 'dag_with_postgres_operator_v04', 'delete_data_from_table', 'scheduled__2022-01-04T00:00:00+00:00', '--job-id', '730', '--raw', '--subdir', 'DAGS_FOLDER/dag_with_postgres_operator.py', '--cfg-path', '/tmp/tmpbc_f065a']
[2023-09-04T06:04:08.272+0000] {standard_task_runner.py:85} INFO - Job 730: Subtask delete_data_from_table
[2023-09-04T06:04:08.421+0000] {task_command.py:415} INFO - Running <TaskInstance: dag_with_postgres_operator_v04.delete_data_from_table scheduled__2022-01-04T00:00:00+00:00 [running]> on host 10bdc2e98230
[2023-09-04T06:04:08.719+0000] {taskinstance.py:1660} INFO - Exporting env vars: AIRFLOW_CTX_DAG_OWNER='mohghaff' AIRFLOW_CTX_DAG_ID='dag_with_postgres_operator_v04' AIRFLOW_CTX_TASK_ID='delete_data_from_table' AIRFLOW_CTX_EXECUTION_DATE='2022-01-04T00:00:00+00:00' AIRFLOW_CTX_TRY_NUMBER='1' AIRFLOW_CTX_DAG_RUN_ID='scheduled__2022-01-04T00:00:00+00:00'
[2023-09-04T06:04:08.721+0000] {sql.py:274} INFO - Executing: 
            delete from dag_runs where dt = '2022-01-04' and dag_id = 'dag_with_postgres_operator_v04';
        
[2023-09-04T06:04:08.740+0000] {base.py:73} INFO - Using connection ID 'postgres_localhost' for task execution.
[2023-09-04T06:04:08.760+0000] {base.py:73} INFO - Using connection ID 'postgres_localhost' for task execution.
[2023-09-04T06:04:08.798+0000] {sql.py:418} INFO - Running statement: 
            delete from dag_runs where dt = '2022-01-04' and dag_id = 'dag_with_postgres_operator_v04';
        , parameters: None
[2023-09-04T06:04:08.807+0000] {sql.py:427} INFO - Rows affected: 1
[2023-09-04T06:04:08.834+0000] {taskinstance.py:1400} INFO - Marking task as SUCCESS. dag_id=dag_with_postgres_operator_v04, task_id=delete_data_from_table, execution_date=20220104T000000, start_date=20230904T060407, end_date=20230904T060408
[2023-09-04T06:04:08.883+0000] {local_task_job_runner.py:228} INFO - Task exited with return code 0
[2023-09-04T06:04:08.941+0000] {taskinstance.py:2784} INFO - 1 downstream tasks scheduled from follow-on schedule check
