[2023-09-04T06:03:19.162+0000] {taskinstance.py:1159} INFO - Dependencies all met for dep_context=non-requeueable deps ti=<TaskInstance: dag_with_postgres_operator_v04.delete_data_from_table scheduled__2022-05-31T00:00:00+00:00 [queued]>
[2023-09-04T06:03:19.180+0000] {taskinstance.py:1159} INFO - Dependencies all met for dep_context=requeueable deps ti=<TaskInstance: dag_with_postgres_operator_v04.delete_data_from_table scheduled__2022-05-31T00:00:00+00:00 [queued]>
[2023-09-04T06:03:19.181+0000] {taskinstance.py:1361} INFO - Starting attempt 1 of 6
[2023-09-04T06:03:19.577+0000] {taskinstance.py:1382} INFO - Executing <Task(PostgresOperator): delete_data_from_table> on 2022-05-31 00:00:00+00:00
[2023-09-04T06:03:19.597+0000] {standard_task_runner.py:57} INFO - Started process 5802 to run task
[2023-09-04T06:03:19.608+0000] {standard_task_runner.py:84} INFO - Running: ['***', 'tasks', 'run', 'dag_with_postgres_operator_v04', 'delete_data_from_table', 'scheduled__2022-05-31T00:00:00+00:00', '--job-id', '643', '--raw', '--subdir', 'DAGS_FOLDER/dag_with_postgres_operator.py', '--cfg-path', '/tmp/tmps8dp6e4g']
[2023-09-04T06:03:19.614+0000] {standard_task_runner.py:85} INFO - Job 643: Subtask delete_data_from_table
[2023-09-04T06:03:19.886+0000] {task_command.py:415} INFO - Running <TaskInstance: dag_with_postgres_operator_v04.delete_data_from_table scheduled__2022-05-31T00:00:00+00:00 [running]> on host 10bdc2e98230
[2023-09-04T06:03:20.319+0000] {taskinstance.py:1660} INFO - Exporting env vars: AIRFLOW_CTX_DAG_OWNER='coder2j' AIRFLOW_CTX_DAG_ID='dag_with_postgres_operator_v04' AIRFLOW_CTX_TASK_ID='delete_data_from_table' AIRFLOW_CTX_EXECUTION_DATE='2022-05-31T00:00:00+00:00' AIRFLOW_CTX_TRY_NUMBER='1' AIRFLOW_CTX_DAG_RUN_ID='scheduled__2022-05-31T00:00:00+00:00'
[2023-09-04T06:03:20.331+0000] {sql.py:274} INFO - Executing: 
            delete from dag_runs where dt = '2022-05-31' and dag_id = 'dag_with_postgres_operator_v04';
        
[2023-09-04T06:03:20.371+0000] {base.py:73} INFO - Using connection ID 'postgres_localhost' for task execution.
[2023-09-04T06:03:20.440+0000] {base.py:73} INFO - Using connection ID 'postgres_localhost' for task execution.
[2023-09-04T06:03:20.487+0000] {sql.py:418} INFO - Running statement: 
            delete from dag_runs where dt = '2022-05-31' and dag_id = 'dag_with_postgres_operator_v04';
        , parameters: None
[2023-09-04T06:03:20.506+0000] {sql.py:427} INFO - Rows affected: 0
[2023-09-04T06:03:20.555+0000] {taskinstance.py:1400} INFO - Marking task as SUCCESS. dag_id=dag_with_postgres_operator_v04, task_id=delete_data_from_table, execution_date=20220531T000000, start_date=20230904T060319, end_date=20230904T060320
[2023-09-04T06:03:21.023+0000] {local_task_job_runner.py:228} INFO - Task exited with return code 0
[2023-09-04T06:03:21.114+0000] {taskinstance.py:2784} INFO - 1 downstream tasks scheduled from follow-on schedule check
[2023-09-04T06:06:07.569+0000] {taskinstance.py:1159} INFO - Dependencies all met for dep_context=non-requeueable deps ti=<TaskInstance: dag_with_postgres_operator_v04.delete_data_from_table scheduled__2022-05-31T00:00:00+00:00 [queued]>
[2023-09-04T06:06:07.611+0000] {taskinstance.py:1159} INFO - Dependencies all met for dep_context=requeueable deps ti=<TaskInstance: dag_with_postgres_operator_v04.delete_data_from_table scheduled__2022-05-31T00:00:00+00:00 [queued]>
[2023-09-04T06:06:07.612+0000] {taskinstance.py:1361} INFO - Starting attempt 1 of 6
[2023-09-04T06:06:07.948+0000] {taskinstance.py:1382} INFO - Executing <Task(PostgresOperator): delete_data_from_table> on 2022-05-31 00:00:00+00:00
[2023-09-04T06:06:07.962+0000] {standard_task_runner.py:57} INFO - Started process 7076 to run task
[2023-09-04T06:06:07.973+0000] {standard_task_runner.py:84} INFO - Running: ['***', 'tasks', 'run', 'dag_with_postgres_operator_v04', 'delete_data_from_table', 'scheduled__2022-05-31T00:00:00+00:00', '--job-id', '1172', '--raw', '--subdir', 'DAGS_FOLDER/dag_with_postgres_operator.py', '--cfg-path', '/tmp/tmpzxwqj60c']
[2023-09-04T06:06:07.978+0000] {standard_task_runner.py:85} INFO - Job 1172: Subtask delete_data_from_table
[2023-09-04T06:06:08.222+0000] {task_command.py:415} INFO - Running <TaskInstance: dag_with_postgres_operator_v04.delete_data_from_table scheduled__2022-05-31T00:00:00+00:00 [running]> on host 10bdc2e98230
[2023-09-04T06:06:08.502+0000] {taskinstance.py:1660} INFO - Exporting env vars: AIRFLOW_CTX_DAG_OWNER='mohghaff' AIRFLOW_CTX_DAG_ID='dag_with_postgres_operator_v04' AIRFLOW_CTX_TASK_ID='delete_data_from_table' AIRFLOW_CTX_EXECUTION_DATE='2022-05-31T00:00:00+00:00' AIRFLOW_CTX_TRY_NUMBER='1' AIRFLOW_CTX_DAG_RUN_ID='scheduled__2022-05-31T00:00:00+00:00'
[2023-09-04T06:06:08.505+0000] {sql.py:274} INFO - Executing: 
            delete from dag_runs where dt = '2022-05-31' and dag_id = 'dag_with_postgres_operator_v04';
        
[2023-09-04T06:06:08.535+0000] {base.py:73} INFO - Using connection ID 'postgres_localhost' for task execution.
[2023-09-04T06:06:08.564+0000] {base.py:73} INFO - Using connection ID 'postgres_localhost' for task execution.
[2023-09-04T06:06:08.589+0000] {sql.py:418} INFO - Running statement: 
            delete from dag_runs where dt = '2022-05-31' and dag_id = 'dag_with_postgres_operator_v04';
        , parameters: None
[2023-09-04T06:06:08.599+0000] {sql.py:427} INFO - Rows affected: 1
[2023-09-04T06:06:08.638+0000] {taskinstance.py:1400} INFO - Marking task as SUCCESS. dag_id=dag_with_postgres_operator_v04, task_id=delete_data_from_table, execution_date=20220531T000000, start_date=20230904T060607, end_date=20230904T060608
[2023-09-04T06:06:08.717+0000] {local_task_job_runner.py:228} INFO - Task exited with return code 0
[2023-09-04T06:06:08.781+0000] {taskinstance.py:2784} INFO - 1 downstream tasks scheduled from follow-on schedule check
