[2023-09-04T00:00:00.947+0000] {taskinstance.py:1159} INFO - Dependencies all met for dep_context=non-requeueable deps ti=<TaskInstance: python_dag_v002.greeting scheduled__2023-09-03T00:00:00+00:00 [queued]>
[2023-09-04T00:00:00.958+0000] {taskinstance.py:1159} INFO - Dependencies all met for dep_context=requeueable deps ti=<TaskInstance: python_dag_v002.greeting scheduled__2023-09-03T00:00:00+00:00 [queued]>
[2023-09-04T00:00:00.959+0000] {taskinstance.py:1361} INFO - Starting attempt 1 of 6
[2023-09-04T00:00:00.974+0000] {taskinstance.py:1382} INFO - Executing <Task(PythonOperator): greeting> on 2023-09-03 00:00:00+00:00
[2023-09-04T00:00:00.979+0000] {standard_task_runner.py:57} INFO - Started process 2926 to run task
[2023-09-04T00:00:00.982+0000] {standard_task_runner.py:84} INFO - Running: ['***', 'tasks', 'run', 'python_dag_v002', 'greeting', 'scheduled__2023-09-03T00:00:00+00:00', '--job-id', '22', '--raw', '--subdir', 'DAGS_FOLDER/python_dag.py', '--cfg-path', '/tmp/tmpwd9sommz']
[2023-09-04T00:00:00.984+0000] {standard_task_runner.py:85} INFO - Job 22: Subtask greeting
[2023-09-04T00:00:01.036+0000] {task_command.py:415} INFO - Running <TaskInstance: python_dag_v002.greeting scheduled__2023-09-03T00:00:00+00:00 [running]> on host 01961fb83b4d
[2023-09-04T00:00:01.147+0000] {taskinstance.py:1660} INFO - Exporting env vars: AIRFLOW_CTX_DAG_OWNER='mohghaff' AIRFLOW_CTX_DAG_ID='python_dag_v002' AIRFLOW_CTX_TASK_ID='greeting' AIRFLOW_CTX_EXECUTION_DATE='2023-09-03T00:00:00+00:00' AIRFLOW_CTX_TRY_NUMBER='1' AIRFLOW_CTX_DAG_RUN_ID='scheduled__2023-09-03T00:00:00+00:00'
[2023-09-04T00:00:01.149+0000] {logging_mixin.py:151} INFO - Hello World! My name is Mohsen. I am from Toronto, and I have 3 years of experience. 
[2023-09-04T00:00:01.149+0000] {python.py:194} INFO - Done. Returned value was: None
[2023-09-04T00:00:01.161+0000] {taskinstance.py:1400} INFO - Marking task as SUCCESS. dag_id=python_dag_v002, task_id=greeting, execution_date=20230903T000000, start_date=20230904T000000, end_date=20230904T000001
[2023-09-04T00:00:01.195+0000] {local_task_job_runner.py:228} INFO - Task exited with return code 0
[2023-09-04T00:00:01.217+0000] {taskinstance.py:2784} INFO - 0 downstream tasks scheduled from follow-on schedule check
[2023-09-04T00:19:38.174+0000] {taskinstance.py:1159} INFO - Dependencies all met for dep_context=non-requeueable deps ti=<TaskInstance: python_dag_v002.greeting scheduled__2023-09-03T00:00:00+00:00 [queued]>
[2023-09-04T00:19:38.185+0000] {taskinstance.py:1159} INFO - Dependencies all met for dep_context=requeueable deps ti=<TaskInstance: python_dag_v002.greeting scheduled__2023-09-03T00:00:00+00:00 [queued]>
[2023-09-04T00:19:38.186+0000] {taskinstance.py:1361} INFO - Starting attempt 1 of 6
[2023-09-04T00:19:38.202+0000] {taskinstance.py:1382} INFO - Executing <Task(PythonOperator): greeting> on 2023-09-03 00:00:00+00:00
[2023-09-04T00:19:38.208+0000] {standard_task_runner.py:57} INFO - Started process 260 to run task
[2023-09-04T00:19:38.211+0000] {standard_task_runner.py:84} INFO - Running: ['***', 'tasks', 'run', 'python_dag_v002', 'greeting', 'scheduled__2023-09-03T00:00:00+00:00', '--job-id', '4', '--raw', '--subdir', 'DAGS_FOLDER/python_dag.py', '--cfg-path', '/tmp/tmpymdk_n9w']
[2023-09-04T00:19:38.215+0000] {standard_task_runner.py:85} INFO - Job 4: Subtask greeting
[2023-09-04T00:19:38.266+0000] {task_command.py:415} INFO - Running <TaskInstance: python_dag_v002.greeting scheduled__2023-09-03T00:00:00+00:00 [running]> on host 76ca4e092fc1
[2023-09-04T00:19:38.364+0000] {taskinstance.py:1660} INFO - Exporting env vars: AIRFLOW_CTX_DAG_OWNER='mohghaff' AIRFLOW_CTX_DAG_ID='python_dag_v002' AIRFLOW_CTX_TASK_ID='greeting' AIRFLOW_CTX_EXECUTION_DATE='2023-09-03T00:00:00+00:00' AIRFLOW_CTX_TRY_NUMBER='1' AIRFLOW_CTX_DAG_RUN_ID='scheduled__2023-09-03T00:00:00+00:00'
[2023-09-04T00:19:38.366+0000] {logging_mixin.py:151} INFO - Hello World! My name is Mohsen. I am from Toronto, and I have 3 years of experience. 
[2023-09-04T00:19:38.366+0000] {python.py:194} INFO - Done. Returned value was: None
[2023-09-04T00:19:38.377+0000] {taskinstance.py:1400} INFO - Marking task as SUCCESS. dag_id=python_dag_v002, task_id=greeting, execution_date=20230903T000000, start_date=20230904T001938, end_date=20230904T001938
[2023-09-04T00:19:38.425+0000] {local_task_job_runner.py:228} INFO - Task exited with return code 0
[2023-09-04T00:19:38.440+0000] {taskinstance.py:2784} INFO - 0 downstream tasks scheduled from follow-on schedule check
