[2023-09-04T06:09:21.740+0000] {taskinstance.py:1159} INFO - Dependencies all met for dep_context=non-requeueable deps ti=<TaskInstance: dag_with_postgres_operator_v04.delete_data_from_table scheduled__2023-02-14T00:00:00+00:00 [queued]>
[2023-09-04T06:09:21.761+0000] {taskinstance.py:1159} INFO - Dependencies all met for dep_context=requeueable deps ti=<TaskInstance: dag_with_postgres_operator_v04.delete_data_from_table scheduled__2023-02-14T00:00:00+00:00 [queued]>
[2023-09-04T06:09:21.763+0000] {taskinstance.py:1361} INFO - Starting attempt 1 of 6
[2023-09-04T06:09:22.081+0000] {taskinstance.py:1382} INFO - Executing <Task(PostgresOperator): delete_data_from_table> on 2023-02-14 00:00:00+00:00
[2023-09-04T06:09:22.098+0000] {standard_task_runner.py:57} INFO - Started process 8859 to run task
[2023-09-04T06:09:22.104+0000] {standard_task_runner.py:84} INFO - Running: ['***', 'tasks', 'run', 'dag_with_postgres_operator_v04', 'delete_data_from_table', 'scheduled__2023-02-14T00:00:00+00:00', '--job-id', '1949', '--raw', '--subdir', 'DAGS_FOLDER/dag_with_postgres_operator.py', '--cfg-path', '/tmp/tmp14z6v23y']
[2023-09-04T06:09:22.108+0000] {standard_task_runner.py:85} INFO - Job 1949: Subtask delete_data_from_table
[2023-09-04T06:09:22.310+0000] {task_command.py:415} INFO - Running <TaskInstance: dag_with_postgres_operator_v04.delete_data_from_table scheduled__2023-02-14T00:00:00+00:00 [running]> on host 10bdc2e98230
[2023-09-04T06:09:22.635+0000] {taskinstance.py:1660} INFO - Exporting env vars: AIRFLOW_CTX_DAG_OWNER='mohghaff' AIRFLOW_CTX_DAG_ID='dag_with_postgres_operator_v04' AIRFLOW_CTX_TASK_ID='delete_data_from_table' AIRFLOW_CTX_EXECUTION_DATE='2023-02-14T00:00:00+00:00' AIRFLOW_CTX_TRY_NUMBER='1' AIRFLOW_CTX_DAG_RUN_ID='scheduled__2023-02-14T00:00:00+00:00'
[2023-09-04T06:09:22.639+0000] {sql.py:274} INFO - Executing: 
            delete from dag_runs where dt = '2023-02-14' and dag_id = 'dag_with_postgres_operator_v04';
        
[2023-09-04T06:09:22.660+0000] {base.py:73} INFO - Using connection ID 'postgres_localhost' for task execution.
[2023-09-04T06:09:22.680+0000] {base.py:73} INFO - Using connection ID 'postgres_localhost' for task execution.
[2023-09-04T06:09:22.710+0000] {sql.py:418} INFO - Running statement: 
            delete from dag_runs where dt = '2023-02-14' and dag_id = 'dag_with_postgres_operator_v04';
        , parameters: None
[2023-09-04T06:09:22.717+0000] {sql.py:427} INFO - Rows affected: 0
[2023-09-04T06:09:22.745+0000] {taskinstance.py:1400} INFO - Marking task as SUCCESS. dag_id=dag_with_postgres_operator_v04, task_id=delete_data_from_table, execution_date=20230214T000000, start_date=20230904T060921, end_date=20230904T060922
[2023-09-04T06:09:22.971+0000] {local_task_job_runner.py:228} INFO - Task exited with return code 0
[2023-09-04T06:09:23.019+0000] {taskinstance.py:2784} INFO - 1 downstream tasks scheduled from follow-on schedule check
