[2023-09-04T06:01:43.224+0000] {taskinstance.py:1159} INFO - Dependencies all met for dep_context=non-requeueable deps ti=<TaskInstance: dag_with_postgres_operator_v04.delete_data_from_table scheduled__2022-02-03T00:00:00+00:00 [queued]>
[2023-09-04T06:01:43.247+0000] {taskinstance.py:1159} INFO - Dependencies all met for dep_context=requeueable deps ti=<TaskInstance: dag_with_postgres_operator_v04.delete_data_from_table scheduled__2022-02-03T00:00:00+00:00 [queued]>
[2023-09-04T06:01:43.248+0000] {taskinstance.py:1361} INFO - Starting attempt 1 of 6
[2023-09-04T06:01:43.284+0000] {taskinstance.py:1382} INFO - Executing <Task(PostgresOperator): delete_data_from_table> on 2022-02-03 00:00:00+00:00
[2023-09-04T06:01:43.296+0000] {standard_task_runner.py:57} INFO - Started process 4954 to run task
[2023-09-04T06:01:43.300+0000] {standard_task_runner.py:84} INFO - Running: ['***', 'tasks', 'run', 'dag_with_postgres_operator_v04', 'delete_data_from_table', 'scheduled__2022-02-03T00:00:00+00:00', '--job-id', '276', '--raw', '--subdir', 'DAGS_FOLDER/dag_with_postgres_operator.py', '--cfg-path', '/tmp/tmp2lg_jjca']
[2023-09-04T06:01:43.304+0000] {standard_task_runner.py:85} INFO - Job 276: Subtask delete_data_from_table
[2023-09-04T06:01:43.392+0000] {task_command.py:415} INFO - Running <TaskInstance: dag_with_postgres_operator_v04.delete_data_from_table scheduled__2022-02-03T00:00:00+00:00 [running]> on host 10bdc2e98230
[2023-09-04T06:01:43.541+0000] {taskinstance.py:1660} INFO - Exporting env vars: AIRFLOW_CTX_DAG_OWNER='coder2j' AIRFLOW_CTX_DAG_ID='dag_with_postgres_operator_v04' AIRFLOW_CTX_TASK_ID='delete_data_from_table' AIRFLOW_CTX_EXECUTION_DATE='2022-02-03T00:00:00+00:00' AIRFLOW_CTX_TRY_NUMBER='1' AIRFLOW_CTX_DAG_RUN_ID='scheduled__2022-02-03T00:00:00+00:00'
[2023-09-04T06:01:43.542+0000] {sql.py:274} INFO - Executing: 
            delete from dag_runs where dt = '2022-02-03' and dag_id = 'dag_with_postgres_operator_v04';
        
[2023-09-04T06:01:43.558+0000] {base.py:73} INFO - Using connection ID 'postgres_localhost' for task execution.
[2023-09-04T06:01:43.572+0000] {base.py:73} INFO - Using connection ID 'postgres_localhost' for task execution.
[2023-09-04T06:01:43.591+0000] {sql.py:418} INFO - Running statement: 
            delete from dag_runs where dt = '2022-02-03' and dag_id = 'dag_with_postgres_operator_v04';
        , parameters: None
[2023-09-04T06:01:43.598+0000] {sql.py:427} INFO - Rows affected: 0
[2023-09-04T06:01:43.618+0000] {taskinstance.py:1400} INFO - Marking task as SUCCESS. dag_id=dag_with_postgres_operator_v04, task_id=delete_data_from_table, execution_date=20220203T000000, start_date=20230904T060143, end_date=20230904T060143
[2023-09-04T06:01:43.675+0000] {local_task_job_runner.py:228} INFO - Task exited with return code 0
[2023-09-04T06:01:43.713+0000] {taskinstance.py:2784} INFO - 1 downstream tasks scheduled from follow-on schedule check
[2023-09-04T06:04:26.098+0000] {taskinstance.py:1159} INFO - Dependencies all met for dep_context=non-requeueable deps ti=<TaskInstance: dag_with_postgres_operator_v04.delete_data_from_table scheduled__2022-02-03T00:00:00+00:00 [queued]>
[2023-09-04T06:04:26.125+0000] {taskinstance.py:1159} INFO - Dependencies all met for dep_context=requeueable deps ti=<TaskInstance: dag_with_postgres_operator_v04.delete_data_from_table scheduled__2022-02-03T00:00:00+00:00 [queued]>
[2023-09-04T06:04:26.126+0000] {taskinstance.py:1361} INFO - Starting attempt 1 of 6
[2023-09-04T06:04:26.166+0000] {taskinstance.py:1382} INFO - Executing <Task(PostgresOperator): delete_data_from_table> on 2022-02-03 00:00:00+00:00
[2023-09-04T06:04:26.176+0000] {standard_task_runner.py:57} INFO - Started process 6235 to run task
[2023-09-04T06:04:26.186+0000] {standard_task_runner.py:84} INFO - Running: ['***', 'tasks', 'run', 'dag_with_postgres_operator_v04', 'delete_data_from_table', 'scheduled__2022-02-03T00:00:00+00:00', '--job-id', '813', '--raw', '--subdir', 'DAGS_FOLDER/dag_with_postgres_operator.py', '--cfg-path', '/tmp/tmp_xteu8k4']
[2023-09-04T06:04:26.190+0000] {standard_task_runner.py:85} INFO - Job 813: Subtask delete_data_from_table
[2023-09-04T06:04:26.287+0000] {task_command.py:415} INFO - Running <TaskInstance: dag_with_postgres_operator_v04.delete_data_from_table scheduled__2022-02-03T00:00:00+00:00 [running]> on host 10bdc2e98230
[2023-09-04T06:04:26.485+0000] {taskinstance.py:1660} INFO - Exporting env vars: AIRFLOW_CTX_DAG_OWNER='mohghaff' AIRFLOW_CTX_DAG_ID='dag_with_postgres_operator_v04' AIRFLOW_CTX_TASK_ID='delete_data_from_table' AIRFLOW_CTX_EXECUTION_DATE='2022-02-03T00:00:00+00:00' AIRFLOW_CTX_TRY_NUMBER='1' AIRFLOW_CTX_DAG_RUN_ID='scheduled__2022-02-03T00:00:00+00:00'
[2023-09-04T06:04:26.487+0000] {sql.py:274} INFO - Executing: 
            delete from dag_runs where dt = '2022-02-03' and dag_id = 'dag_with_postgres_operator_v04';
        
[2023-09-04T06:04:26.500+0000] {base.py:73} INFO - Using connection ID 'postgres_localhost' for task execution.
[2023-09-04T06:04:26.514+0000] {base.py:73} INFO - Using connection ID 'postgres_localhost' for task execution.
[2023-09-04T06:04:26.531+0000] {sql.py:418} INFO - Running statement: 
            delete from dag_runs where dt = '2022-02-03' and dag_id = 'dag_with_postgres_operator_v04';
        , parameters: None
[2023-09-04T06:04:26.537+0000] {sql.py:427} INFO - Rows affected: 1
[2023-09-04T06:04:26.556+0000] {taskinstance.py:1400} INFO - Marking task as SUCCESS. dag_id=dag_with_postgres_operator_v04, task_id=delete_data_from_table, execution_date=20220203T000000, start_date=20230904T060426, end_date=20230904T060426
[2023-09-04T06:04:26.594+0000] {local_task_job_runner.py:228} INFO - Task exited with return code 0
[2023-09-04T06:04:26.621+0000] {taskinstance.py:2784} INFO - 1 downstream tasks scheduled from follow-on schedule check
