[2023-09-04T06:01:33.538+0000] {taskinstance.py:1159} INFO - Dependencies all met for dep_context=non-requeueable deps ti=<TaskInstance: dag_with_postgres_operator_v04.create_postgres_table scheduled__2022-01-29T00:00:00+00:00 [queued]>
[2023-09-04T06:01:33.557+0000] {taskinstance.py:1159} INFO - Dependencies all met for dep_context=requeueable deps ti=<TaskInstance: dag_with_postgres_operator_v04.create_postgres_table scheduled__2022-01-29T00:00:00+00:00 [queued]>
[2023-09-04T06:01:33.557+0000] {taskinstance.py:1361} INFO - Starting attempt 1 of 6
[2023-09-04T06:01:33.588+0000] {taskinstance.py:1382} INFO - Executing <Task(PostgresOperator): create_postgres_table> on 2022-01-29 00:00:00+00:00
[2023-09-04T06:01:33.596+0000] {standard_task_runner.py:57} INFO - Started process 4875 to run task
[2023-09-04T06:01:33.601+0000] {standard_task_runner.py:84} INFO - Running: ['***', 'tasks', 'run', 'dag_with_postgres_operator_v04', 'create_postgres_table', 'scheduled__2022-01-29T00:00:00+00:00', '--job-id', '241', '--raw', '--subdir', 'DAGS_FOLDER/dag_with_postgres_operator.py', '--cfg-path', '/tmp/tmp_m6joqvt']
[2023-09-04T06:01:33.606+0000] {standard_task_runner.py:85} INFO - Job 241: Subtask create_postgres_table
[2023-09-04T06:01:33.688+0000] {task_command.py:415} INFO - Running <TaskInstance: dag_with_postgres_operator_v04.create_postgres_table scheduled__2022-01-29T00:00:00+00:00 [running]> on host 10bdc2e98230
[2023-09-04T06:01:33.842+0000] {taskinstance.py:1660} INFO - Exporting env vars: AIRFLOW_CTX_DAG_OWNER='coder2j' AIRFLOW_CTX_DAG_ID='dag_with_postgres_operator_v04' AIRFLOW_CTX_TASK_ID='create_postgres_table' AIRFLOW_CTX_EXECUTION_DATE='2022-01-29T00:00:00+00:00' AIRFLOW_CTX_TRY_NUMBER='1' AIRFLOW_CTX_DAG_RUN_ID='scheduled__2022-01-29T00:00:00+00:00'
[2023-09-04T06:01:33.844+0000] {sql.py:274} INFO - Executing: 
            create table if not exists dag_runs (
                dt date,
                dag_id character varying,
                primary key (dt, dag_id)
            )
        
[2023-09-04T06:01:33.861+0000] {base.py:73} INFO - Using connection ID 'postgres_localhost' for task execution.
[2023-09-04T06:01:33.876+0000] {base.py:73} INFO - Using connection ID 'postgres_localhost' for task execution.
[2023-09-04T06:01:33.893+0000] {sql.py:418} INFO - Running statement: 
            create table if not exists dag_runs (
                dt date,
                dag_id character varying,
                primary key (dt, dag_id)
            )
        , parameters: None
[2023-09-04T06:01:33.919+0000] {taskinstance.py:1400} INFO - Marking task as SUCCESS. dag_id=dag_with_postgres_operator_v04, task_id=create_postgres_table, execution_date=20220129T000000, start_date=20230904T060133, end_date=20230904T060133
[2023-09-04T06:01:33.975+0000] {local_task_job_runner.py:228} INFO - Task exited with return code 0
[2023-09-04T06:01:34.029+0000] {taskinstance.py:2784} INFO - 1 downstream tasks scheduled from follow-on schedule check
[2023-09-04T06:04:20.364+0000] {taskinstance.py:1159} INFO - Dependencies all met for dep_context=non-requeueable deps ti=<TaskInstance: dag_with_postgres_operator_v04.create_postgres_table scheduled__2022-01-29T00:00:00+00:00 [queued]>
[2023-09-04T06:04:20.391+0000] {taskinstance.py:1159} INFO - Dependencies all met for dep_context=requeueable deps ti=<TaskInstance: dag_with_postgres_operator_v04.create_postgres_table scheduled__2022-01-29T00:00:00+00:00 [queued]>
[2023-09-04T06:04:20.392+0000] {taskinstance.py:1361} INFO - Starting attempt 1 of 6
[2023-09-04T06:04:20.817+0000] {taskinstance.py:1382} INFO - Executing <Task(PostgresOperator): create_postgres_table> on 2022-01-29 00:00:00+00:00
[2023-09-04T06:04:20.829+0000] {standard_task_runner.py:57} INFO - Started process 6157 to run task
[2023-09-04T06:04:20.835+0000] {standard_task_runner.py:84} INFO - Running: ['***', 'tasks', 'run', 'dag_with_postgres_operator_v04', 'create_postgres_table', 'scheduled__2022-01-29T00:00:00+00:00', '--job-id', '781', '--raw', '--subdir', 'DAGS_FOLDER/dag_with_postgres_operator.py', '--cfg-path', '/tmp/tmp9i6hlmp6']
[2023-09-04T06:04:20.840+0000] {standard_task_runner.py:85} INFO - Job 781: Subtask create_postgres_table
[2023-09-04T06:04:20.969+0000] {task_command.py:415} INFO - Running <TaskInstance: dag_with_postgres_operator_v04.create_postgres_table scheduled__2022-01-29T00:00:00+00:00 [running]> on host 10bdc2e98230
[2023-09-04T06:04:21.205+0000] {taskinstance.py:1660} INFO - Exporting env vars: AIRFLOW_CTX_DAG_OWNER='mohghaff' AIRFLOW_CTX_DAG_ID='dag_with_postgres_operator_v04' AIRFLOW_CTX_TASK_ID='create_postgres_table' AIRFLOW_CTX_EXECUTION_DATE='2022-01-29T00:00:00+00:00' AIRFLOW_CTX_TRY_NUMBER='1' AIRFLOW_CTX_DAG_RUN_ID='scheduled__2022-01-29T00:00:00+00:00'
[2023-09-04T06:04:21.207+0000] {sql.py:274} INFO - Executing: 
            create table if not exists dag_runs (
                dt date,
                dag_id character varying,
                primary key (dt, dag_id)
            )
        
[2023-09-04T06:04:21.230+0000] {base.py:73} INFO - Using connection ID 'postgres_localhost' for task execution.
[2023-09-04T06:04:21.250+0000] {base.py:73} INFO - Using connection ID 'postgres_localhost' for task execution.
[2023-09-04T06:04:21.278+0000] {sql.py:418} INFO - Running statement: 
            create table if not exists dag_runs (
                dt date,
                dag_id character varying,
                primary key (dt, dag_id)
            )
        , parameters: None
[2023-09-04T06:04:21.316+0000] {taskinstance.py:1400} INFO - Marking task as SUCCESS. dag_id=dag_with_postgres_operator_v04, task_id=create_postgres_table, execution_date=20220129T000000, start_date=20230904T060420, end_date=20230904T060421
[2023-09-04T06:04:21.384+0000] {local_task_job_runner.py:228} INFO - Task exited with return code 0
[2023-09-04T06:04:21.464+0000] {taskinstance.py:2784} INFO - 1 downstream tasks scheduled from follow-on schedule check
