[2023-09-04T06:01:38.145+0000] {taskinstance.py:1159} INFO - Dependencies all met for dep_context=non-requeueable deps ti=<TaskInstance: dag_with_postgres_operator_v04.insert_into_table scheduled__2022-02-01T00:00:00+00:00 [queued]>
[2023-09-04T06:01:38.156+0000] {taskinstance.py:1159} INFO - Dependencies all met for dep_context=requeueable deps ti=<TaskInstance: dag_with_postgres_operator_v04.insert_into_table scheduled__2022-02-01T00:00:00+00:00 [queued]>
[2023-09-04T06:01:38.156+0000] {taskinstance.py:1361} INFO - Starting attempt 1 of 6
[2023-09-04T06:01:38.175+0000] {taskinstance.py:1382} INFO - Executing <Task(PostgresOperator): insert_into_table> on 2022-02-01 00:00:00+00:00
[2023-09-04T06:01:38.182+0000] {standard_task_runner.py:57} INFO - Started process 4917 to run task
[2023-09-04T06:01:38.186+0000] {standard_task_runner.py:84} INFO - Running: ['***', 'tasks', 'run', 'dag_with_postgres_operator_v04', 'insert_into_table', 'scheduled__2022-02-01T00:00:00+00:00', '--job-id', '263', '--raw', '--subdir', 'DAGS_FOLDER/dag_with_postgres_operator.py', '--cfg-path', '/tmp/tmppi6j4k7e']
[2023-09-04T06:01:38.188+0000] {standard_task_runner.py:85} INFO - Job 263: Subtask insert_into_table
[2023-09-04T06:01:38.241+0000] {task_command.py:415} INFO - Running <TaskInstance: dag_with_postgres_operator_v04.insert_into_table scheduled__2022-02-01T00:00:00+00:00 [running]> on host 10bdc2e98230
[2023-09-04T06:01:38.337+0000] {taskinstance.py:1660} INFO - Exporting env vars: AIRFLOW_CTX_DAG_OWNER='coder2j' AIRFLOW_CTX_DAG_ID='dag_with_postgres_operator_v04' AIRFLOW_CTX_TASK_ID='insert_into_table' AIRFLOW_CTX_EXECUTION_DATE='2022-02-01T00:00:00+00:00' AIRFLOW_CTX_TRY_NUMBER='1' AIRFLOW_CTX_DAG_RUN_ID='scheduled__2022-02-01T00:00:00+00:00'
[2023-09-04T06:01:38.339+0000] {sql.py:274} INFO - Executing: 
            insert into dag_runs (dt, dag_id) values ('2022-02-01', 'dag_with_postgres_operator_v04')
        
[2023-09-04T06:01:38.348+0000] {base.py:73} INFO - Using connection ID 'postgres_localhost' for task execution.
[2023-09-04T06:01:38.357+0000] {base.py:73} INFO - Using connection ID 'postgres_localhost' for task execution.
[2023-09-04T06:01:38.370+0000] {sql.py:418} INFO - Running statement: 
            insert into dag_runs (dt, dag_id) values ('2022-02-01', 'dag_with_postgres_operator_v04')
        , parameters: None
[2023-09-04T06:01:38.374+0000] {sql.py:427} INFO - Rows affected: 1
[2023-09-04T06:01:38.390+0000] {taskinstance.py:1400} INFO - Marking task as SUCCESS. dag_id=dag_with_postgres_operator_v04, task_id=insert_into_table, execution_date=20220201T000000, start_date=20230904T060138, end_date=20230904T060138
[2023-09-04T06:01:38.439+0000] {local_task_job_runner.py:228} INFO - Task exited with return code 0
[2023-09-04T06:01:38.456+0000] {taskinstance.py:2784} INFO - 0 downstream tasks scheduled from follow-on schedule check
[2023-09-04T06:04:26.016+0000] {taskinstance.py:1159} INFO - Dependencies all met for dep_context=non-requeueable deps ti=<TaskInstance: dag_with_postgres_operator_v04.insert_into_table scheduled__2022-02-01T00:00:00+00:00 [queued]>
[2023-09-04T06:04:26.041+0000] {taskinstance.py:1159} INFO - Dependencies all met for dep_context=requeueable deps ti=<TaskInstance: dag_with_postgres_operator_v04.insert_into_table scheduled__2022-02-01T00:00:00+00:00 [queued]>
[2023-09-04T06:04:26.042+0000] {taskinstance.py:1361} INFO - Starting attempt 1 of 6
[2023-09-04T06:04:26.080+0000] {taskinstance.py:1382} INFO - Executing <Task(PostgresOperator): insert_into_table> on 2022-02-01 00:00:00+00:00
[2023-09-04T06:04:26.092+0000] {standard_task_runner.py:57} INFO - Started process 6232 to run task
[2023-09-04T06:04:26.098+0000] {standard_task_runner.py:84} INFO - Running: ['***', 'tasks', 'run', 'dag_with_postgres_operator_v04', 'insert_into_table', 'scheduled__2022-02-01T00:00:00+00:00', '--job-id', '810', '--raw', '--subdir', 'DAGS_FOLDER/dag_with_postgres_operator.py', '--cfg-path', '/tmp/tmpfgaqu21d']
[2023-09-04T06:04:26.102+0000] {standard_task_runner.py:85} INFO - Job 810: Subtask insert_into_table
[2023-09-04T06:04:26.209+0000] {task_command.py:415} INFO - Running <TaskInstance: dag_with_postgres_operator_v04.insert_into_table scheduled__2022-02-01T00:00:00+00:00 [running]> on host 10bdc2e98230
[2023-09-04T06:04:26.394+0000] {taskinstance.py:1660} INFO - Exporting env vars: AIRFLOW_CTX_DAG_OWNER='mohghaff' AIRFLOW_CTX_DAG_ID='dag_with_postgres_operator_v04' AIRFLOW_CTX_TASK_ID='insert_into_table' AIRFLOW_CTX_EXECUTION_DATE='2022-02-01T00:00:00+00:00' AIRFLOW_CTX_TRY_NUMBER='1' AIRFLOW_CTX_DAG_RUN_ID='scheduled__2022-02-01T00:00:00+00:00'
[2023-09-04T06:04:26.396+0000] {sql.py:274} INFO - Executing: 
            insert into dag_runs (dt, dag_id) values ('2022-02-01', 'dag_with_postgres_operator_v04')
        
[2023-09-04T06:04:26.414+0000] {base.py:73} INFO - Using connection ID 'postgres_localhost' for task execution.
[2023-09-04T06:04:26.431+0000] {base.py:73} INFO - Using connection ID 'postgres_localhost' for task execution.
[2023-09-04T06:04:26.450+0000] {sql.py:418} INFO - Running statement: 
            insert into dag_runs (dt, dag_id) values ('2022-02-01', 'dag_with_postgres_operator_v04')
        , parameters: None
[2023-09-04T06:04:26.456+0000] {sql.py:427} INFO - Rows affected: 1
[2023-09-04T06:04:26.477+0000] {taskinstance.py:1400} INFO - Marking task as SUCCESS. dag_id=dag_with_postgres_operator_v04, task_id=insert_into_table, execution_date=20220201T000000, start_date=20230904T060426, end_date=20230904T060426
[2023-09-04T06:04:26.512+0000] {local_task_job_runner.py:228} INFO - Task exited with return code 0
[2023-09-04T06:04:26.543+0000] {taskinstance.py:2784} INFO - 0 downstream tasks scheduled from follow-on schedule check
