[2023-09-04T06:02:32.845+0000] {taskinstance.py:1159} INFO - Dependencies all met for dep_context=non-requeueable deps ti=<TaskInstance: dag_with_postgres_operator_v04.insert_into_table scheduled__2022-03-30T00:00:00+00:00 [queued]>
[2023-09-04T06:02:32.860+0000] {taskinstance.py:1159} INFO - Dependencies all met for dep_context=requeueable deps ti=<TaskInstance: dag_with_postgres_operator_v04.insert_into_table scheduled__2022-03-30T00:00:00+00:00 [queued]>
[2023-09-04T06:02:32.861+0000] {taskinstance.py:1361} INFO - Starting attempt 1 of 6
[2023-09-04T06:02:32.884+0000] {taskinstance.py:1382} INFO - Executing <Task(PostgresOperator): insert_into_table> on 2022-03-30 00:00:00+00:00
[2023-09-04T06:02:32.893+0000] {standard_task_runner.py:57} INFO - Started process 5371 to run task
[2023-09-04T06:02:32.898+0000] {standard_task_runner.py:84} INFO - Running: ['***', 'tasks', 'run', 'dag_with_postgres_operator_v04', 'insert_into_table', 'scheduled__2022-03-30T00:00:00+00:00', '--job-id', '453', '--raw', '--subdir', 'DAGS_FOLDER/dag_with_postgres_operator.py', '--cfg-path', '/tmp/tmppxe5hrt2']
[2023-09-04T06:02:32.901+0000] {standard_task_runner.py:85} INFO - Job 453: Subtask insert_into_table
[2023-09-04T06:02:32.994+0000] {task_command.py:415} INFO - Running <TaskInstance: dag_with_postgres_operator_v04.insert_into_table scheduled__2022-03-30T00:00:00+00:00 [running]> on host 10bdc2e98230
[2023-09-04T06:02:33.148+0000] {taskinstance.py:1660} INFO - Exporting env vars: AIRFLOW_CTX_DAG_OWNER='coder2j' AIRFLOW_CTX_DAG_ID='dag_with_postgres_operator_v04' AIRFLOW_CTX_TASK_ID='insert_into_table' AIRFLOW_CTX_EXECUTION_DATE='2022-03-30T00:00:00+00:00' AIRFLOW_CTX_TRY_NUMBER='1' AIRFLOW_CTX_DAG_RUN_ID='scheduled__2022-03-30T00:00:00+00:00'
[2023-09-04T06:02:33.151+0000] {sql.py:274} INFO - Executing: 
            insert into dag_runs (dt, dag_id) values ('2022-03-30', 'dag_with_postgres_operator_v04')
        
[2023-09-04T06:02:33.166+0000] {base.py:73} INFO - Using connection ID 'postgres_localhost' for task execution.
[2023-09-04T06:02:33.179+0000] {base.py:73} INFO - Using connection ID 'postgres_localhost' for task execution.
[2023-09-04T06:02:33.198+0000] {sql.py:418} INFO - Running statement: 
            insert into dag_runs (dt, dag_id) values ('2022-03-30', 'dag_with_postgres_operator_v04')
        , parameters: None
[2023-09-04T06:02:33.204+0000] {sql.py:427} INFO - Rows affected: 1
[2023-09-04T06:02:33.229+0000] {taskinstance.py:1400} INFO - Marking task as SUCCESS. dag_id=dag_with_postgres_operator_v04, task_id=insert_into_table, execution_date=20220330T000000, start_date=20230904T060232, end_date=20230904T060233
[2023-09-04T06:02:33.276+0000] {local_task_job_runner.py:228} INFO - Task exited with return code 0
[2023-09-04T06:02:33.306+0000] {taskinstance.py:2784} INFO - 0 downstream tasks scheduled from follow-on schedule check
[2023-09-04T06:05:15.511+0000] {taskinstance.py:1159} INFO - Dependencies all met for dep_context=non-requeueable deps ti=<TaskInstance: dag_with_postgres_operator_v04.insert_into_table scheduled__2022-03-30T00:00:00+00:00 [queued]>
[2023-09-04T06:05:15.555+0000] {taskinstance.py:1159} INFO - Dependencies all met for dep_context=requeueable deps ti=<TaskInstance: dag_with_postgres_operator_v04.insert_into_table scheduled__2022-03-30T00:00:00+00:00 [queued]>
[2023-09-04T06:05:15.556+0000] {taskinstance.py:1361} INFO - Starting attempt 1 of 6
[2023-09-04T06:05:15.603+0000] {taskinstance.py:1382} INFO - Executing <Task(PostgresOperator): insert_into_table> on 2022-03-30 00:00:00+00:00
[2023-09-04T06:05:15.615+0000] {standard_task_runner.py:57} INFO - Started process 6659 to run task
[2023-09-04T06:05:15.622+0000] {standard_task_runner.py:84} INFO - Running: ['***', 'tasks', 'run', 'dag_with_postgres_operator_v04', 'insert_into_table', 'scheduled__2022-03-30T00:00:00+00:00', '--job-id', '997', '--raw', '--subdir', 'DAGS_FOLDER/dag_with_postgres_operator.py', '--cfg-path', '/tmp/tmp4v6s0cna']
[2023-09-04T06:05:15.627+0000] {standard_task_runner.py:85} INFO - Job 997: Subtask insert_into_table
[2023-09-04T06:05:15.774+0000] {task_command.py:415} INFO - Running <TaskInstance: dag_with_postgres_operator_v04.insert_into_table scheduled__2022-03-30T00:00:00+00:00 [running]> on host 10bdc2e98230
[2023-09-04T06:05:16.052+0000] {taskinstance.py:1660} INFO - Exporting env vars: AIRFLOW_CTX_DAG_OWNER='mohghaff' AIRFLOW_CTX_DAG_ID='dag_with_postgres_operator_v04' AIRFLOW_CTX_TASK_ID='insert_into_table' AIRFLOW_CTX_EXECUTION_DATE='2022-03-30T00:00:00+00:00' AIRFLOW_CTX_TRY_NUMBER='1' AIRFLOW_CTX_DAG_RUN_ID='scheduled__2022-03-30T00:00:00+00:00'
[2023-09-04T06:05:16.055+0000] {sql.py:274} INFO - Executing: 
            insert into dag_runs (dt, dag_id) values ('2022-03-30', 'dag_with_postgres_operator_v04')
        
[2023-09-04T06:05:16.075+0000] {base.py:73} INFO - Using connection ID 'postgres_localhost' for task execution.
[2023-09-04T06:05:16.097+0000] {base.py:73} INFO - Using connection ID 'postgres_localhost' for task execution.
[2023-09-04T06:05:16.118+0000] {sql.py:418} INFO - Running statement: 
            insert into dag_runs (dt, dag_id) values ('2022-03-30', 'dag_with_postgres_operator_v04')
        , parameters: None
[2023-09-04T06:05:16.125+0000] {sql.py:427} INFO - Rows affected: 1
[2023-09-04T06:05:16.151+0000] {taskinstance.py:1400} INFO - Marking task as SUCCESS. dag_id=dag_with_postgres_operator_v04, task_id=insert_into_table, execution_date=20220330T000000, start_date=20230904T060515, end_date=20230904T060516
[2023-09-04T06:05:16.198+0000] {local_task_job_runner.py:228} INFO - Task exited with return code 0
[2023-09-04T06:05:16.298+0000] {taskinstance.py:2784} INFO - 0 downstream tasks scheduled from follow-on schedule check
