[2023-09-04T06:01:34.698+0000] {taskinstance.py:1159} INFO - Dependencies all met for dep_context=non-requeueable deps ti=<TaskInstance: dag_with_postgres_operator_v04.create_postgres_table scheduled__2022-02-01T00:00:00+00:00 [queued]>
[2023-09-04T06:01:34.716+0000] {taskinstance.py:1159} INFO - Dependencies all met for dep_context=requeueable deps ti=<TaskInstance: dag_with_postgres_operator_v04.create_postgres_table scheduled__2022-02-01T00:00:00+00:00 [queued]>
[2023-09-04T06:01:34.717+0000] {taskinstance.py:1361} INFO - Starting attempt 1 of 6
[2023-09-04T06:01:34.748+0000] {taskinstance.py:1382} INFO - Executing <Task(PostgresOperator): create_postgres_table> on 2022-02-01 00:00:00+00:00
[2023-09-04T06:01:34.760+0000] {standard_task_runner.py:57} INFO - Started process 4892 to run task
[2023-09-04T06:01:34.765+0000] {standard_task_runner.py:84} INFO - Running: ['***', 'tasks', 'run', 'dag_with_postgres_operator_v04', 'create_postgres_table', 'scheduled__2022-02-01T00:00:00+00:00', '--job-id', '249', '--raw', '--subdir', 'DAGS_FOLDER/dag_with_postgres_operator.py', '--cfg-path', '/tmp/tmpmncxltfl']
[2023-09-04T06:01:34.769+0000] {standard_task_runner.py:85} INFO - Job 249: Subtask create_postgres_table
[2023-09-04T06:01:34.849+0000] {task_command.py:415} INFO - Running <TaskInstance: dag_with_postgres_operator_v04.create_postgres_table scheduled__2022-02-01T00:00:00+00:00 [running]> on host 10bdc2e98230
[2023-09-04T06:01:35.029+0000] {taskinstance.py:1660} INFO - Exporting env vars: AIRFLOW_CTX_DAG_OWNER='coder2j' AIRFLOW_CTX_DAG_ID='dag_with_postgres_operator_v04' AIRFLOW_CTX_TASK_ID='create_postgres_table' AIRFLOW_CTX_EXECUTION_DATE='2022-02-01T00:00:00+00:00' AIRFLOW_CTX_TRY_NUMBER='1' AIRFLOW_CTX_DAG_RUN_ID='scheduled__2022-02-01T00:00:00+00:00'
[2023-09-04T06:01:35.032+0000] {sql.py:274} INFO - Executing: 
            create table if not exists dag_runs (
                dt date,
                dag_id character varying,
                primary key (dt, dag_id)
            )
        
[2023-09-04T06:01:35.049+0000] {base.py:73} INFO - Using connection ID 'postgres_localhost' for task execution.
[2023-09-04T06:01:35.064+0000] {base.py:73} INFO - Using connection ID 'postgres_localhost' for task execution.
[2023-09-04T06:01:35.082+0000] {sql.py:418} INFO - Running statement: 
            create table if not exists dag_runs (
                dt date,
                dag_id character varying,
                primary key (dt, dag_id)
            )
        , parameters: None
[2023-09-04T06:01:35.107+0000] {taskinstance.py:1400} INFO - Marking task as SUCCESS. dag_id=dag_with_postgres_operator_v04, task_id=create_postgres_table, execution_date=20220201T000000, start_date=20230904T060134, end_date=20230904T060135
[2023-09-04T06:01:35.181+0000] {local_task_job_runner.py:228} INFO - Task exited with return code 0
[2023-09-04T06:01:35.227+0000] {taskinstance.py:2784} INFO - 1 downstream tasks scheduled from follow-on schedule check
[2023-09-04T06:04:21.893+0000] {taskinstance.py:1159} INFO - Dependencies all met for dep_context=non-requeueable deps ti=<TaskInstance: dag_with_postgres_operator_v04.create_postgres_table scheduled__2022-02-01T00:00:00+00:00 [queued]>
[2023-09-04T06:04:21.918+0000] {taskinstance.py:1159} INFO - Dependencies all met for dep_context=requeueable deps ti=<TaskInstance: dag_with_postgres_operator_v04.create_postgres_table scheduled__2022-02-01T00:00:00+00:00 [queued]>
[2023-09-04T06:04:21.918+0000] {taskinstance.py:1361} INFO - Starting attempt 1 of 6
[2023-09-04T06:04:21.973+0000] {taskinstance.py:1382} INFO - Executing <Task(PostgresOperator): create_postgres_table> on 2022-02-01 00:00:00+00:00
[2023-09-04T06:04:21.987+0000] {standard_task_runner.py:57} INFO - Started process 6173 to run task
[2023-09-04T06:04:21.992+0000] {standard_task_runner.py:84} INFO - Running: ['***', 'tasks', 'run', 'dag_with_postgres_operator_v04', 'create_postgres_table', 'scheduled__2022-02-01T00:00:00+00:00', '--job-id', '789', '--raw', '--subdir', 'DAGS_FOLDER/dag_with_postgres_operator.py', '--cfg-path', '/tmp/tmp9brz9_tv']
[2023-09-04T06:04:21.998+0000] {standard_task_runner.py:85} INFO - Job 789: Subtask create_postgres_table
[2023-09-04T06:04:22.128+0000] {task_command.py:415} INFO - Running <TaskInstance: dag_with_postgres_operator_v04.create_postgres_table scheduled__2022-02-01T00:00:00+00:00 [running]> on host 10bdc2e98230
[2023-09-04T06:04:22.370+0000] {taskinstance.py:1660} INFO - Exporting env vars: AIRFLOW_CTX_DAG_OWNER='mohghaff' AIRFLOW_CTX_DAG_ID='dag_with_postgres_operator_v04' AIRFLOW_CTX_TASK_ID='create_postgres_table' AIRFLOW_CTX_EXECUTION_DATE='2022-02-01T00:00:00+00:00' AIRFLOW_CTX_TRY_NUMBER='1' AIRFLOW_CTX_DAG_RUN_ID='scheduled__2022-02-01T00:00:00+00:00'
[2023-09-04T06:04:22.376+0000] {sql.py:274} INFO - Executing: 
            create table if not exists dag_runs (
                dt date,
                dag_id character varying,
                primary key (dt, dag_id)
            )
        
[2023-09-04T06:04:22.398+0000] {base.py:73} INFO - Using connection ID 'postgres_localhost' for task execution.
[2023-09-04T06:04:22.420+0000] {base.py:73} INFO - Using connection ID 'postgres_localhost' for task execution.
[2023-09-04T06:04:22.445+0000] {sql.py:418} INFO - Running statement: 
            create table if not exists dag_runs (
                dt date,
                dag_id character varying,
                primary key (dt, dag_id)
            )
        , parameters: None
[2023-09-04T06:04:22.483+0000] {taskinstance.py:1400} INFO - Marking task as SUCCESS. dag_id=dag_with_postgres_operator_v04, task_id=create_postgres_table, execution_date=20220201T000000, start_date=20230904T060421, end_date=20230904T060422
[2023-09-04T06:04:22.861+0000] {local_task_job_runner.py:228} INFO - Task exited with return code 0
[2023-09-04T06:04:22.938+0000] {taskinstance.py:2784} INFO - 1 downstream tasks scheduled from follow-on schedule check
