[2023-09-04T11:56:09.839+0000] {taskinstance.py:1159} INFO - Dependencies all met for dep_context=non-requeueable deps ti=<TaskInstance: dag_with_postgres_operator_v05.delete_data_from_table scheduled__2023-04-10T00:00:00+00:00 [queued]>
[2023-09-04T11:56:09.860+0000] {taskinstance.py:1159} INFO - Dependencies all met for dep_context=requeueable deps ti=<TaskInstance: dag_with_postgres_operator_v05.delete_data_from_table scheduled__2023-04-10T00:00:00+00:00 [queued]>
[2023-09-04T11:56:09.861+0000] {taskinstance.py:1361} INFO - Starting attempt 1 of 6
[2023-09-04T11:56:09.893+0000] {taskinstance.py:1382} INFO - Executing <Task(PostgresOperator): delete_data_from_table> on 2023-04-10 00:00:00+00:00
[2023-09-04T11:56:09.906+0000] {standard_task_runner.py:57} INFO - Started process 15072 to run task
[2023-09-04T11:56:09.910+0000] {standard_task_runner.py:84} INFO - Running: ['***', 'tasks', 'run', 'dag_with_postgres_operator_v05', 'delete_data_from_table', 'scheduled__2023-04-10T00:00:00+00:00', '--job-id', '2852', '--raw', '--subdir', 'DAGS_FOLDER/dag_with_postgres_operator.py', '--cfg-path', '/tmp/tmpow3si4l0']
[2023-09-04T11:56:09.913+0000] {standard_task_runner.py:85} INFO - Job 2852: Subtask delete_data_from_table
[2023-09-04T11:56:10.018+0000] {task_command.py:415} INFO - Running <TaskInstance: dag_with_postgres_operator_v05.delete_data_from_table scheduled__2023-04-10T00:00:00+00:00 [running]> on host 10bdc2e98230
[2023-09-04T11:56:10.171+0000] {taskinstance.py:1660} INFO - Exporting env vars: AIRFLOW_CTX_DAG_OWNER='mohghaff' AIRFLOW_CTX_DAG_ID='dag_with_postgres_operator_v05' AIRFLOW_CTX_TASK_ID='delete_data_from_table' AIRFLOW_CTX_EXECUTION_DATE='2023-04-10T00:00:00+00:00' AIRFLOW_CTX_TRY_NUMBER='1' AIRFLOW_CTX_DAG_RUN_ID='scheduled__2023-04-10T00:00:00+00:00'
[2023-09-04T11:56:10.173+0000] {sql.py:274} INFO - Executing: 
            delete from dag_runs where dt = '2023-04-10' and dag_id = 'dag_with_postgres_operator_v05';
        
[2023-09-04T11:56:10.184+0000] {base.py:73} INFO - Using connection ID 'postgres_localhost' for task execution.
[2023-09-04T11:56:10.197+0000] {base.py:73} INFO - Using connection ID 'postgres_localhost' for task execution.
[2023-09-04T11:56:10.211+0000] {sql.py:418} INFO - Running statement: 
            delete from dag_runs where dt = '2023-04-10' and dag_id = 'dag_with_postgres_operator_v05';
        , parameters: None
[2023-09-04T11:56:10.217+0000] {sql.py:427} INFO - Rows affected: 0
[2023-09-04T11:56:10.237+0000] {taskinstance.py:1400} INFO - Marking task as SUCCESS. dag_id=dag_with_postgres_operator_v05, task_id=delete_data_from_table, execution_date=20230410T000000, start_date=20230904T115609, end_date=20230904T115610
[2023-09-04T11:56:10.288+0000] {local_task_job_runner.py:228} INFO - Task exited with return code 0
[2023-09-04T11:56:10.330+0000] {taskinstance.py:2784} INFO - 1 downstream tasks scheduled from follow-on schedule check
