[2023-09-04T06:01:34.297+0000] {taskinstance.py:1159} INFO - Dependencies all met for dep_context=non-requeueable deps ti=<TaskInstance: dag_with_postgres_operator_v04.delete_data_from_table scheduled__2022-01-25T00:00:00+00:00 [queued]>
[2023-09-04T06:01:34.318+0000] {taskinstance.py:1159} INFO - Dependencies all met for dep_context=requeueable deps ti=<TaskInstance: dag_with_postgres_operator_v04.delete_data_from_table scheduled__2022-01-25T00:00:00+00:00 [queued]>
[2023-09-04T06:01:34.319+0000] {taskinstance.py:1361} INFO - Starting attempt 1 of 6
[2023-09-04T06:01:34.353+0000] {taskinstance.py:1382} INFO - Executing <Task(PostgresOperator): delete_data_from_table> on 2022-01-25 00:00:00+00:00
[2023-09-04T06:01:34.364+0000] {standard_task_runner.py:57} INFO - Started process 4885 to run task
[2023-09-04T06:01:34.369+0000] {standard_task_runner.py:84} INFO - Running: ['***', 'tasks', 'run', 'dag_with_postgres_operator_v04', 'delete_data_from_table', 'scheduled__2022-01-25T00:00:00+00:00', '--job-id', '247', '--raw', '--subdir', 'DAGS_FOLDER/dag_with_postgres_operator.py', '--cfg-path', '/tmp/tmp_0_037tj']
[2023-09-04T06:01:34.373+0000] {standard_task_runner.py:85} INFO - Job 247: Subtask delete_data_from_table
[2023-09-04T06:01:34.457+0000] {task_command.py:415} INFO - Running <TaskInstance: dag_with_postgres_operator_v04.delete_data_from_table scheduled__2022-01-25T00:00:00+00:00 [running]> on host 10bdc2e98230
[2023-09-04T06:01:34.584+0000] {taskinstance.py:1660} INFO - Exporting env vars: AIRFLOW_CTX_DAG_OWNER='coder2j' AIRFLOW_CTX_DAG_ID='dag_with_postgres_operator_v04' AIRFLOW_CTX_TASK_ID='delete_data_from_table' AIRFLOW_CTX_EXECUTION_DATE='2022-01-25T00:00:00+00:00' AIRFLOW_CTX_TRY_NUMBER='1' AIRFLOW_CTX_DAG_RUN_ID='scheduled__2022-01-25T00:00:00+00:00'
[2023-09-04T06:01:34.586+0000] {sql.py:274} INFO - Executing: 
            delete from dag_runs where dt = '2022-01-25' and dag_id = 'dag_with_postgres_operator_v04';
        
[2023-09-04T06:01:34.601+0000] {base.py:73} INFO - Using connection ID 'postgres_localhost' for task execution.
[2023-09-04T06:01:34.613+0000] {base.py:73} INFO - Using connection ID 'postgres_localhost' for task execution.
[2023-09-04T06:01:34.631+0000] {sql.py:418} INFO - Running statement: 
            delete from dag_runs where dt = '2022-01-25' and dag_id = 'dag_with_postgres_operator_v04';
        , parameters: None
[2023-09-04T06:01:34.638+0000] {sql.py:427} INFO - Rows affected: 0
[2023-09-04T06:01:34.656+0000] {taskinstance.py:1400} INFO - Marking task as SUCCESS. dag_id=dag_with_postgres_operator_v04, task_id=delete_data_from_table, execution_date=20220125T000000, start_date=20230904T060134, end_date=20230904T060134
[2023-09-04T06:01:34.702+0000] {local_task_job_runner.py:228} INFO - Task exited with return code 0
[2023-09-04T06:01:34.737+0000] {taskinstance.py:2784} INFO - 1 downstream tasks scheduled from follow-on schedule check
[2023-09-04T06:04:21.938+0000] {taskinstance.py:1159} INFO - Dependencies all met for dep_context=non-requeueable deps ti=<TaskInstance: dag_with_postgres_operator_v04.delete_data_from_table scheduled__2022-01-25T00:00:00+00:00 [queued]>
[2023-09-04T06:04:21.967+0000] {taskinstance.py:1159} INFO - Dependencies all met for dep_context=requeueable deps ti=<TaskInstance: dag_with_postgres_operator_v04.delete_data_from_table scheduled__2022-01-25T00:00:00+00:00 [queued]>
[2023-09-04T06:04:21.968+0000] {taskinstance.py:1361} INFO - Starting attempt 1 of 6
[2023-09-04T06:04:22.020+0000] {taskinstance.py:1382} INFO - Executing <Task(PostgresOperator): delete_data_from_table> on 2022-01-25 00:00:00+00:00
[2023-09-04T06:04:22.032+0000] {standard_task_runner.py:57} INFO - Started process 6175 to run task
[2023-09-04T06:04:22.042+0000] {standard_task_runner.py:84} INFO - Running: ['***', 'tasks', 'run', 'dag_with_postgres_operator_v04', 'delete_data_from_table', 'scheduled__2022-01-25T00:00:00+00:00', '--job-id', '790', '--raw', '--subdir', 'DAGS_FOLDER/dag_with_postgres_operator.py', '--cfg-path', '/tmp/tmp4lh6zzw1']
[2023-09-04T06:04:22.046+0000] {standard_task_runner.py:85} INFO - Job 790: Subtask delete_data_from_table
[2023-09-04T06:04:22.169+0000] {task_command.py:415} INFO - Running <TaskInstance: dag_with_postgres_operator_v04.delete_data_from_table scheduled__2022-01-25T00:00:00+00:00 [running]> on host 10bdc2e98230
[2023-09-04T06:04:22.450+0000] {taskinstance.py:1660} INFO - Exporting env vars: AIRFLOW_CTX_DAG_OWNER='mohghaff' AIRFLOW_CTX_DAG_ID='dag_with_postgres_operator_v04' AIRFLOW_CTX_TASK_ID='delete_data_from_table' AIRFLOW_CTX_EXECUTION_DATE='2022-01-25T00:00:00+00:00' AIRFLOW_CTX_TRY_NUMBER='1' AIRFLOW_CTX_DAG_RUN_ID='scheduled__2022-01-25T00:00:00+00:00'
[2023-09-04T06:04:22.453+0000] {sql.py:274} INFO - Executing: 
            delete from dag_runs where dt = '2022-01-25' and dag_id = 'dag_with_postgres_operator_v04';
        
[2023-09-04T06:04:22.475+0000] {base.py:73} INFO - Using connection ID 'postgres_localhost' for task execution.
[2023-09-04T06:04:22.501+0000] {base.py:73} INFO - Using connection ID 'postgres_localhost' for task execution.
[2023-09-04T06:04:22.527+0000] {sql.py:418} INFO - Running statement: 
            delete from dag_runs where dt = '2022-01-25' and dag_id = 'dag_with_postgres_operator_v04';
        , parameters: None
[2023-09-04T06:04:22.536+0000] {sql.py:427} INFO - Rows affected: 1
[2023-09-04T06:04:22.567+0000] {taskinstance.py:1400} INFO - Marking task as SUCCESS. dag_id=dag_with_postgres_operator_v04, task_id=delete_data_from_table, execution_date=20220125T000000, start_date=20230904T060421, end_date=20230904T060422
[2023-09-04T06:04:22.613+0000] {local_task_job_runner.py:228} INFO - Task exited with return code 0
[2023-09-04T06:04:22.836+0000] {taskinstance.py:2784} INFO - 1 downstream tasks scheduled from follow-on schedule check
