[2023-09-04T06:03:26.101+0000] {taskinstance.py:1159} INFO - Dependencies all met for dep_context=non-requeueable deps ti=<TaskInstance: dag_with_postgres_operator_v04.delete_data_from_table scheduled__2022-06-14T00:00:00+00:00 [queued]>
[2023-09-04T06:03:26.122+0000] {taskinstance.py:1159} INFO - Dependencies all met for dep_context=requeueable deps ti=<TaskInstance: dag_with_postgres_operator_v04.delete_data_from_table scheduled__2022-06-14T00:00:00+00:00 [queued]>
[2023-09-04T06:03:26.123+0000] {taskinstance.py:1361} INFO - Starting attempt 1 of 6
[2023-09-04T06:03:26.152+0000] {taskinstance.py:1382} INFO - Executing <Task(PostgresOperator): delete_data_from_table> on 2022-06-14 00:00:00+00:00
[2023-09-04T06:03:26.161+0000] {standard_task_runner.py:57} INFO - Started process 5879 to run task
[2023-09-04T06:03:26.166+0000] {standard_task_runner.py:84} INFO - Running: ['***', 'tasks', 'run', 'dag_with_postgres_operator_v04', 'delete_data_from_table', 'scheduled__2022-06-14T00:00:00+00:00', '--job-id', '671', '--raw', '--subdir', 'DAGS_FOLDER/dag_with_postgres_operator.py', '--cfg-path', '/tmp/tmpapmk148v']
[2023-09-04T06:03:26.171+0000] {standard_task_runner.py:85} INFO - Job 671: Subtask delete_data_from_table
[2023-09-04T06:03:26.275+0000] {task_command.py:415} INFO - Running <TaskInstance: dag_with_postgres_operator_v04.delete_data_from_table scheduled__2022-06-14T00:00:00+00:00 [running]> on host 10bdc2e98230
[2023-09-04T06:03:26.416+0000] {taskinstance.py:1660} INFO - Exporting env vars: AIRFLOW_CTX_DAG_OWNER='coder2j' AIRFLOW_CTX_DAG_ID='dag_with_postgres_operator_v04' AIRFLOW_CTX_TASK_ID='delete_data_from_table' AIRFLOW_CTX_EXECUTION_DATE='2022-06-14T00:00:00+00:00' AIRFLOW_CTX_TRY_NUMBER='1' AIRFLOW_CTX_DAG_RUN_ID='scheduled__2022-06-14T00:00:00+00:00'
[2023-09-04T06:03:26.418+0000] {sql.py:274} INFO - Executing: 
            delete from dag_runs where dt = '2022-06-14' and dag_id = 'dag_with_postgres_operator_v04';
        
[2023-09-04T06:03:26.428+0000] {base.py:73} INFO - Using connection ID 'postgres_localhost' for task execution.
[2023-09-04T06:03:26.438+0000] {base.py:73} INFO - Using connection ID 'postgres_localhost' for task execution.
[2023-09-04T06:03:26.450+0000] {sql.py:418} INFO - Running statement: 
            delete from dag_runs where dt = '2022-06-14' and dag_id = 'dag_with_postgres_operator_v04';
        , parameters: None
[2023-09-04T06:03:26.456+0000] {sql.py:427} INFO - Rows affected: 0
[2023-09-04T06:03:26.468+0000] {taskinstance.py:1400} INFO - Marking task as SUCCESS. dag_id=dag_with_postgres_operator_v04, task_id=delete_data_from_table, execution_date=20220614T000000, start_date=20230904T060326, end_date=20230904T060326
[2023-09-04T06:03:26.509+0000] {local_task_job_runner.py:228} INFO - Task exited with return code 0
[2023-09-04T06:03:26.536+0000] {taskinstance.py:2784} INFO - 1 downstream tasks scheduled from follow-on schedule check
[2023-09-04T06:06:18.021+0000] {taskinstance.py:1159} INFO - Dependencies all met for dep_context=non-requeueable deps ti=<TaskInstance: dag_with_postgres_operator_v04.delete_data_from_table scheduled__2022-06-14T00:00:00+00:00 [queued]>
[2023-09-04T06:06:18.044+0000] {taskinstance.py:1159} INFO - Dependencies all met for dep_context=requeueable deps ti=<TaskInstance: dag_with_postgres_operator_v04.delete_data_from_table scheduled__2022-06-14T00:00:00+00:00 [queued]>
[2023-09-04T06:06:18.045+0000] {taskinstance.py:1361} INFO - Starting attempt 1 of 6
[2023-09-04T06:06:18.109+0000] {taskinstance.py:1382} INFO - Executing <Task(PostgresOperator): delete_data_from_table> on 2022-06-14 00:00:00+00:00
[2023-09-04T06:06:18.118+0000] {standard_task_runner.py:57} INFO - Started process 7163 to run task
[2023-09-04T06:06:18.121+0000] {standard_task_runner.py:84} INFO - Running: ['***', 'tasks', 'run', 'dag_with_postgres_operator_v04', 'delete_data_from_table', 'scheduled__2022-06-14T00:00:00+00:00', '--job-id', '1212', '--raw', '--subdir', 'DAGS_FOLDER/dag_with_postgres_operator.py', '--cfg-path', '/tmp/tmpffgofe8b']
[2023-09-04T06:06:18.125+0000] {standard_task_runner.py:85} INFO - Job 1212: Subtask delete_data_from_table
[2023-09-04T06:06:18.258+0000] {task_command.py:415} INFO - Running <TaskInstance: dag_with_postgres_operator_v04.delete_data_from_table scheduled__2022-06-14T00:00:00+00:00 [running]> on host 10bdc2e98230
[2023-09-04T06:06:18.459+0000] {taskinstance.py:1660} INFO - Exporting env vars: AIRFLOW_CTX_DAG_OWNER='mohghaff' AIRFLOW_CTX_DAG_ID='dag_with_postgres_operator_v04' AIRFLOW_CTX_TASK_ID='delete_data_from_table' AIRFLOW_CTX_EXECUTION_DATE='2022-06-14T00:00:00+00:00' AIRFLOW_CTX_TRY_NUMBER='1' AIRFLOW_CTX_DAG_RUN_ID='scheduled__2022-06-14T00:00:00+00:00'
[2023-09-04T06:06:18.461+0000] {sql.py:274} INFO - Executing: 
            delete from dag_runs where dt = '2022-06-14' and dag_id = 'dag_with_postgres_operator_v04';
        
[2023-09-04T06:06:18.477+0000] {base.py:73} INFO - Using connection ID 'postgres_localhost' for task execution.
[2023-09-04T06:06:18.493+0000] {base.py:73} INFO - Using connection ID 'postgres_localhost' for task execution.
[2023-09-04T06:06:18.512+0000] {sql.py:418} INFO - Running statement: 
            delete from dag_runs where dt = '2022-06-14' and dag_id = 'dag_with_postgres_operator_v04';
        , parameters: None
[2023-09-04T06:06:18.521+0000] {sql.py:427} INFO - Rows affected: 0
[2023-09-04T06:06:18.543+0000] {taskinstance.py:1400} INFO - Marking task as SUCCESS. dag_id=dag_with_postgres_operator_v04, task_id=delete_data_from_table, execution_date=20220614T000000, start_date=20230904T060618, end_date=20230904T060618
[2023-09-04T06:06:18.576+0000] {local_task_job_runner.py:228} INFO - Task exited with return code 0
[2023-09-04T06:06:18.611+0000] {taskinstance.py:2784} INFO - 1 downstream tasks scheduled from follow-on schedule check
