[2023-09-04T12:32:48.512+0000] {taskinstance.py:1159} INFO - Dependencies all met for dep_context=non-requeueable deps ti=<TaskInstance: dags_with_python_dependencies_v03.get_sklearn scheduled__2023-01-13T00:00:00+00:00 [queued]>
[2023-09-04T12:32:48.525+0000] {taskinstance.py:1159} INFO - Dependencies all met for dep_context=requeueable deps ti=<TaskInstance: dags_with_python_dependencies_v03.get_sklearn scheduled__2023-01-13T00:00:00+00:00 [queued]>
[2023-09-04T12:32:48.526+0000] {taskinstance.py:1361} INFO - Starting attempt 1 of 6
[2023-09-04T12:32:48.548+0000] {taskinstance.py:1382} INFO - Executing <Task(PythonOperator): get_sklearn> on 2023-01-13 00:00:00+00:00
[2023-09-04T12:32:48.555+0000] {standard_task_runner.py:57} INFO - Started process 1347 to run task
[2023-09-04T12:32:48.558+0000] {standard_task_runner.py:84} INFO - Running: ['***', 'tasks', 'run', 'dags_with_python_dependencies_v03', 'get_sklearn', 'scheduled__2023-01-13T00:00:00+00:00', '--job-id', '3335', '--raw', '--subdir', 'DAGS_FOLDER/dags_with_python_dependencies.py', '--cfg-path', '/tmp/tmp2n3eai_d']
[2023-09-04T12:32:48.561+0000] {standard_task_runner.py:85} INFO - Job 3335: Subtask get_sklearn
[2023-09-04T12:32:48.616+0000] {task_command.py:415} INFO - Running <TaskInstance: dags_with_python_dependencies_v03.get_sklearn scheduled__2023-01-13T00:00:00+00:00 [running]> on host 55ba52c92856
[2023-09-04T12:32:48.723+0000] {taskinstance.py:1660} INFO - Exporting env vars: AIRFLOW_CTX_DAG_OWNER='mohghaff' AIRFLOW_CTX_DAG_ID='dags_with_python_dependencies_v03' AIRFLOW_CTX_TASK_ID='get_sklearn' AIRFLOW_CTX_EXECUTION_DATE='2023-01-13T00:00:00+00:00' AIRFLOW_CTX_TRY_NUMBER='1' AIRFLOW_CTX_DAG_RUN_ID='scheduled__2023-01-13T00:00:00+00:00'
[2023-09-04T12:32:48.726+0000] {taskinstance.py:1943} ERROR - Task failed with exception
Traceback (most recent call last):
  File "/home/airflow/.local/lib/python3.8/site-packages/airflow/operators/python.py", line 192, in execute
    return_value = self.execute_callable()
  File "/home/airflow/.local/lib/python3.8/site-packages/airflow/operators/python.py", line 209, in execute_callable
    return self.python_callable(*self.op_args, **self.op_kwargs)
  File "/opt/airflow/dags/dags_with_python_dependencies.py", line 16, in get_sklearn
    import sklearn
ModuleNotFoundError: No module named 'sklearn'
[2023-09-04T12:32:48.737+0000] {taskinstance.py:1400} INFO - Marking task as UP_FOR_RETRY. dag_id=dags_with_python_dependencies_v03, task_id=get_sklearn, execution_date=20230113T000000, start_date=20230904T123248, end_date=20230904T123248
[2023-09-04T12:32:48.753+0000] {standard_task_runner.py:104} ERROR - Failed to execute job 3335 for task get_sklearn (No module named 'sklearn'; 1347)
[2023-09-04T12:32:48.771+0000] {local_task_job_runner.py:228} INFO - Task exited with return code 1
[2023-09-04T12:32:48.803+0000] {taskinstance.py:2784} INFO - 0 downstream tasks scheduled from follow-on schedule check
[2023-09-04T12:39:43.780+0000] {taskinstance.py:1159} INFO - Dependencies all met for dep_context=non-requeueable deps ti=<TaskInstance: dags_with_python_dependencies_v03.get_sklearn scheduled__2023-01-13T00:00:00+00:00 [queued]>
[2023-09-04T12:39:43.792+0000] {taskinstance.py:1159} INFO - Dependencies all met for dep_context=requeueable deps ti=<TaskInstance: dags_with_python_dependencies_v03.get_sklearn scheduled__2023-01-13T00:00:00+00:00 [queued]>
[2023-09-04T12:39:43.793+0000] {taskinstance.py:1361} INFO - Starting attempt 1 of 6
[2023-09-04T12:39:43.813+0000] {taskinstance.py:1382} INFO - Executing <Task(PythonOperator): get_sklearn> on 2023-01-13 00:00:00+00:00
[2023-09-04T12:39:43.821+0000] {standard_task_runner.py:57} INFO - Started process 1951 to run task
[2023-09-04T12:39:43.824+0000] {standard_task_runner.py:84} INFO - Running: ['***', 'tasks', 'run', 'dags_with_python_dependencies_v03', 'get_sklearn', 'scheduled__2023-01-13T00:00:00+00:00', '--job-id', '3352', '--raw', '--subdir', 'DAGS_FOLDER/dags_with_python_dependencies.py', '--cfg-path', '/tmp/tmplht3crao']
[2023-09-04T12:39:43.827+0000] {standard_task_runner.py:85} INFO - Job 3352: Subtask get_sklearn
[2023-09-04T12:39:43.876+0000] {task_command.py:415} INFO - Running <TaskInstance: dags_with_python_dependencies_v03.get_sklearn scheduled__2023-01-13T00:00:00+00:00 [running]> on host 55ba52c92856
[2023-09-04T12:39:43.958+0000] {taskinstance.py:1660} INFO - Exporting env vars: AIRFLOW_CTX_DAG_OWNER='mohghaff' AIRFLOW_CTX_DAG_ID='dags_with_python_dependencies_v03' AIRFLOW_CTX_TASK_ID='get_sklearn' AIRFLOW_CTX_EXECUTION_DATE='2023-01-13T00:00:00+00:00' AIRFLOW_CTX_TRY_NUMBER='1' AIRFLOW_CTX_DAG_RUN_ID='scheduled__2023-01-13T00:00:00+00:00'
[2023-09-04T12:39:43.960+0000] {taskinstance.py:1943} ERROR - Task failed with exception
Traceback (most recent call last):
  File "/home/airflow/.local/lib/python3.8/site-packages/airflow/operators/python.py", line 192, in execute
    return_value = self.execute_callable()
  File "/home/airflow/.local/lib/python3.8/site-packages/airflow/operators/python.py", line 209, in execute_callable
    return self.python_callable(*self.op_args, **self.op_kwargs)
  File "/opt/airflow/dags/dags_with_python_dependencies.py", line 16, in get_sklearn
    import sklearn
ModuleNotFoundError: No module named 'sklearn'
[2023-09-04T12:39:43.969+0000] {taskinstance.py:1400} INFO - Marking task as UP_FOR_RETRY. dag_id=dags_with_python_dependencies_v03, task_id=get_sklearn, execution_date=20230113T000000, start_date=20230904T123943, end_date=20230904T123943
[2023-09-04T12:39:43.983+0000] {standard_task_runner.py:104} ERROR - Failed to execute job 3352 for task get_sklearn (No module named 'sklearn'; 1951)
[2023-09-04T12:39:43.996+0000] {local_task_job_runner.py:228} INFO - Task exited with return code 1
[2023-09-04T12:39:44.023+0000] {taskinstance.py:2784} INFO - 0 downstream tasks scheduled from follow-on schedule check
