[2023-09-04T06:02:19.039+0000] {taskinstance.py:1159} INFO - Dependencies all met for dep_context=non-requeueable deps ti=<TaskInstance: dag_with_postgres_operator_v04.create_postgres_table scheduled__2022-03-19T00:00:00+00:00 [queued]>
[2023-09-04T06:02:19.057+0000] {taskinstance.py:1159} INFO - Dependencies all met for dep_context=requeueable deps ti=<TaskInstance: dag_with_postgres_operator_v04.create_postgres_table scheduled__2022-03-19T00:00:00+00:00 [queued]>
[2023-09-04T06:02:19.057+0000] {taskinstance.py:1361} INFO - Starting attempt 1 of 6
[2023-09-04T06:02:19.250+0000] {taskinstance.py:1382} INFO - Executing <Task(PostgresOperator): create_postgres_table> on 2022-03-19 00:00:00+00:00
[2023-09-04T06:02:19.259+0000] {standard_task_runner.py:57} INFO - Started process 5236 to run task
[2023-09-04T06:02:19.264+0000] {standard_task_runner.py:84} INFO - Running: ['***', 'tasks', 'run', 'dag_with_postgres_operator_v04', 'create_postgres_table', 'scheduled__2022-03-19T00:00:00+00:00', '--job-id', '400', '--raw', '--subdir', 'DAGS_FOLDER/dag_with_postgres_operator.py', '--cfg-path', '/tmp/tmp81iz2hzo']
[2023-09-04T06:02:19.267+0000] {standard_task_runner.py:85} INFO - Job 400: Subtask create_postgres_table
[2023-09-04T06:02:19.350+0000] {task_command.py:415} INFO - Running <TaskInstance: dag_with_postgres_operator_v04.create_postgres_table scheduled__2022-03-19T00:00:00+00:00 [running]> on host 10bdc2e98230
[2023-09-04T06:02:19.497+0000] {taskinstance.py:1660} INFO - Exporting env vars: AIRFLOW_CTX_DAG_OWNER='coder2j' AIRFLOW_CTX_DAG_ID='dag_with_postgres_operator_v04' AIRFLOW_CTX_TASK_ID='create_postgres_table' AIRFLOW_CTX_EXECUTION_DATE='2022-03-19T00:00:00+00:00' AIRFLOW_CTX_TRY_NUMBER='1' AIRFLOW_CTX_DAG_RUN_ID='scheduled__2022-03-19T00:00:00+00:00'
[2023-09-04T06:02:19.498+0000] {sql.py:274} INFO - Executing: 
            create table if not exists dag_runs (
                dt date,
                dag_id character varying,
                primary key (dt, dag_id)
            )
        
[2023-09-04T06:02:19.510+0000] {base.py:73} INFO - Using connection ID 'postgres_localhost' for task execution.
[2023-09-04T06:02:19.521+0000] {base.py:73} INFO - Using connection ID 'postgres_localhost' for task execution.
[2023-09-04T06:02:19.540+0000] {sql.py:418} INFO - Running statement: 
            create table if not exists dag_runs (
                dt date,
                dag_id character varying,
                primary key (dt, dag_id)
            )
        , parameters: None
[2023-09-04T06:02:19.565+0000] {taskinstance.py:1400} INFO - Marking task as SUCCESS. dag_id=dag_with_postgres_operator_v04, task_id=create_postgres_table, execution_date=20220319T000000, start_date=20230904T060219, end_date=20230904T060219
[2023-09-04T06:02:19.637+0000] {local_task_job_runner.py:228} INFO - Task exited with return code 0
[2023-09-04T06:02:19.866+0000] {taskinstance.py:2784} INFO - 0 downstream tasks scheduled from follow-on schedule check
[2023-09-04T06:04:57.662+0000] {taskinstance.py:1159} INFO - Dependencies all met for dep_context=non-requeueable deps ti=<TaskInstance: dag_with_postgres_operator_v04.create_postgres_table scheduled__2022-03-19T00:00:00+00:00 [queued]>
[2023-09-04T06:04:57.690+0000] {taskinstance.py:1159} INFO - Dependencies all met for dep_context=requeueable deps ti=<TaskInstance: dag_with_postgres_operator_v04.create_postgres_table scheduled__2022-03-19T00:00:00+00:00 [queued]>
[2023-09-04T06:04:57.691+0000] {taskinstance.py:1361} INFO - Starting attempt 1 of 6
[2023-09-04T06:04:57.729+0000] {taskinstance.py:1382} INFO - Executing <Task(PostgresOperator): create_postgres_table> on 2022-03-19 00:00:00+00:00
[2023-09-04T06:04:57.742+0000] {standard_task_runner.py:57} INFO - Started process 6511 to run task
[2023-09-04T06:04:57.748+0000] {standard_task_runner.py:84} INFO - Running: ['***', 'tasks', 'run', 'dag_with_postgres_operator_v04', 'create_postgres_table', 'scheduled__2022-03-19T00:00:00+00:00', '--job-id', '929', '--raw', '--subdir', 'DAGS_FOLDER/dag_with_postgres_operator.py', '--cfg-path', '/tmp/tmplkf6gp4k']
[2023-09-04T06:04:57.754+0000] {standard_task_runner.py:85} INFO - Job 929: Subtask create_postgres_table
[2023-09-04T06:04:57.899+0000] {task_command.py:415} INFO - Running <TaskInstance: dag_with_postgres_operator_v04.create_postgres_table scheduled__2022-03-19T00:00:00+00:00 [running]> on host 10bdc2e98230
[2023-09-04T06:04:58.174+0000] {taskinstance.py:1660} INFO - Exporting env vars: AIRFLOW_CTX_DAG_OWNER='mohghaff' AIRFLOW_CTX_DAG_ID='dag_with_postgres_operator_v04' AIRFLOW_CTX_TASK_ID='create_postgres_table' AIRFLOW_CTX_EXECUTION_DATE='2022-03-19T00:00:00+00:00' AIRFLOW_CTX_TRY_NUMBER='1' AIRFLOW_CTX_DAG_RUN_ID='scheduled__2022-03-19T00:00:00+00:00'
[2023-09-04T06:04:58.176+0000] {sql.py:274} INFO - Executing: 
            create table if not exists dag_runs (
                dt date,
                dag_id character varying,
                primary key (dt, dag_id)
            )
        
[2023-09-04T06:04:58.196+0000] {base.py:73} INFO - Using connection ID 'postgres_localhost' for task execution.
[2023-09-04T06:04:58.219+0000] {base.py:73} INFO - Using connection ID 'postgres_localhost' for task execution.
[2023-09-04T06:04:58.245+0000] {sql.py:418} INFO - Running statement: 
            create table if not exists dag_runs (
                dt date,
                dag_id character varying,
                primary key (dt, dag_id)
            )
        , parameters: None
[2023-09-04T06:04:58.291+0000] {taskinstance.py:1400} INFO - Marking task as SUCCESS. dag_id=dag_with_postgres_operator_v04, task_id=create_postgres_table, execution_date=20220319T000000, start_date=20230904T060457, end_date=20230904T060458
[2023-09-04T06:04:58.370+0000] {local_task_job_runner.py:228} INFO - Task exited with return code 0
[2023-09-04T06:04:58.435+0000] {taskinstance.py:2784} INFO - 1 downstream tasks scheduled from follow-on schedule check
