[2023-09-04T06:02:39.799+0000] {taskinstance.py:1159} INFO - Dependencies all met for dep_context=non-requeueable deps ti=<TaskInstance: dag_with_postgres_operator_v04.delete_data_from_table scheduled__2022-04-12T00:00:00+00:00 [queued]>
[2023-09-04T06:02:39.813+0000] {taskinstance.py:1159} INFO - Dependencies all met for dep_context=requeueable deps ti=<TaskInstance: dag_with_postgres_operator_v04.delete_data_from_table scheduled__2022-04-12T00:00:00+00:00 [queued]>
[2023-09-04T06:02:39.814+0000] {taskinstance.py:1361} INFO - Starting attempt 1 of 6
[2023-09-04T06:02:39.840+0000] {taskinstance.py:1382} INFO - Executing <Task(PostgresOperator): delete_data_from_table> on 2022-04-12 00:00:00+00:00
[2023-09-04T06:02:39.851+0000] {standard_task_runner.py:57} INFO - Started process 5429 to run task
[2023-09-04T06:02:39.855+0000] {standard_task_runner.py:84} INFO - Running: ['***', 'tasks', 'run', 'dag_with_postgres_operator_v04', 'delete_data_from_table', 'scheduled__2022-04-12T00:00:00+00:00', '--job-id', '476', '--raw', '--subdir', 'DAGS_FOLDER/dag_with_postgres_operator.py', '--cfg-path', '/tmp/tmp1wgsuar9']
[2023-09-04T06:02:39.858+0000] {standard_task_runner.py:85} INFO - Job 476: Subtask delete_data_from_table
[2023-09-04T06:02:39.929+0000] {task_command.py:415} INFO - Running <TaskInstance: dag_with_postgres_operator_v04.delete_data_from_table scheduled__2022-04-12T00:00:00+00:00 [running]> on host 10bdc2e98230
[2023-09-04T06:02:40.119+0000] {taskinstance.py:1660} INFO - Exporting env vars: AIRFLOW_CTX_DAG_OWNER='coder2j' AIRFLOW_CTX_DAG_ID='dag_with_postgres_operator_v04' AIRFLOW_CTX_TASK_ID='delete_data_from_table' AIRFLOW_CTX_EXECUTION_DATE='2022-04-12T00:00:00+00:00' AIRFLOW_CTX_TRY_NUMBER='1' AIRFLOW_CTX_DAG_RUN_ID='scheduled__2022-04-12T00:00:00+00:00'
[2023-09-04T06:02:40.121+0000] {sql.py:274} INFO - Executing: 
            delete from dag_runs where dt = '2022-04-12' and dag_id = 'dag_with_postgres_operator_v04';
        
[2023-09-04T06:02:40.136+0000] {base.py:73} INFO - Using connection ID 'postgres_localhost' for task execution.
[2023-09-04T06:02:40.151+0000] {base.py:73} INFO - Using connection ID 'postgres_localhost' for task execution.
[2023-09-04T06:02:40.169+0000] {sql.py:418} INFO - Running statement: 
            delete from dag_runs where dt = '2022-04-12' and dag_id = 'dag_with_postgres_operator_v04';
        , parameters: None
[2023-09-04T06:02:40.176+0000] {sql.py:427} INFO - Rows affected: 0
[2023-09-04T06:02:40.196+0000] {taskinstance.py:1400} INFO - Marking task as SUCCESS. dag_id=dag_with_postgres_operator_v04, task_id=delete_data_from_table, execution_date=20220412T000000, start_date=20230904T060239, end_date=20230904T060240
[2023-09-04T06:02:40.269+0000] {local_task_job_runner.py:228} INFO - Task exited with return code 0
[2023-09-04T06:02:40.303+0000] {taskinstance.py:2784} INFO - 1 downstream tasks scheduled from follow-on schedule check
[2023-09-04T06:05:23.829+0000] {taskinstance.py:1159} INFO - Dependencies all met for dep_context=non-requeueable deps ti=<TaskInstance: dag_with_postgres_operator_v04.delete_data_from_table scheduled__2022-04-12T00:00:00+00:00 [queued]>
[2023-09-04T06:05:23.864+0000] {taskinstance.py:1159} INFO - Dependencies all met for dep_context=requeueable deps ti=<TaskInstance: dag_with_postgres_operator_v04.delete_data_from_table scheduled__2022-04-12T00:00:00+00:00 [queued]>
[2023-09-04T06:05:23.865+0000] {taskinstance.py:1361} INFO - Starting attempt 1 of 6
[2023-09-04T06:05:24.255+0000] {taskinstance.py:1382} INFO - Executing <Task(PostgresOperator): delete_data_from_table> on 2022-04-12 00:00:00+00:00
[2023-09-04T06:05:24.278+0000] {standard_task_runner.py:57} INFO - Started process 6726 to run task
[2023-09-04T06:05:24.285+0000] {standard_task_runner.py:84} INFO - Running: ['***', 'tasks', 'run', 'dag_with_postgres_operator_v04', 'delete_data_from_table', 'scheduled__2022-04-12T00:00:00+00:00', '--job-id', '1022', '--raw', '--subdir', 'DAGS_FOLDER/dag_with_postgres_operator.py', '--cfg-path', '/tmp/tmpcbak560a']
[2023-09-04T06:05:24.290+0000] {standard_task_runner.py:85} INFO - Job 1022: Subtask delete_data_from_table
[2023-09-04T06:05:24.446+0000] {task_command.py:415} INFO - Running <TaskInstance: dag_with_postgres_operator_v04.delete_data_from_table scheduled__2022-04-12T00:00:00+00:00 [running]> on host 10bdc2e98230
[2023-09-04T06:05:24.779+0000] {taskinstance.py:1660} INFO - Exporting env vars: AIRFLOW_CTX_DAG_OWNER='mohghaff' AIRFLOW_CTX_DAG_ID='dag_with_postgres_operator_v04' AIRFLOW_CTX_TASK_ID='delete_data_from_table' AIRFLOW_CTX_EXECUTION_DATE='2022-04-12T00:00:00+00:00' AIRFLOW_CTX_TRY_NUMBER='1' AIRFLOW_CTX_DAG_RUN_ID='scheduled__2022-04-12T00:00:00+00:00'
[2023-09-04T06:05:24.788+0000] {sql.py:274} INFO - Executing: 
            delete from dag_runs where dt = '2022-04-12' and dag_id = 'dag_with_postgres_operator_v04';
        
[2023-09-04T06:05:24.810+0000] {base.py:73} INFO - Using connection ID 'postgres_localhost' for task execution.
[2023-09-04T06:05:24.839+0000] {base.py:73} INFO - Using connection ID 'postgres_localhost' for task execution.
[2023-09-04T06:05:24.878+0000] {sql.py:418} INFO - Running statement: 
            delete from dag_runs where dt = '2022-04-12' and dag_id = 'dag_with_postgres_operator_v04';
        , parameters: None
[2023-09-04T06:05:24.891+0000] {sql.py:427} INFO - Rows affected: 1
[2023-09-04T06:05:24.943+0000] {taskinstance.py:1400} INFO - Marking task as SUCCESS. dag_id=dag_with_postgres_operator_v04, task_id=delete_data_from_table, execution_date=20220412T000000, start_date=20230904T060523, end_date=20230904T060524
[2023-09-04T06:05:25.036+0000] {local_task_job_runner.py:228} INFO - Task exited with return code 0
[2023-09-04T06:05:25.492+0000] {taskinstance.py:2784} INFO - 0 downstream tasks scheduled from follow-on schedule check
