[2023-09-04T06:01:33.896+0000] {taskinstance.py:1159} INFO - Dependencies all met for dep_context=non-requeueable deps ti=<TaskInstance: dag_with_postgres_operator_v04.delete_data_from_table scheduled__2022-01-24T00:00:00+00:00 [queued]>
[2023-09-04T06:01:33.919+0000] {taskinstance.py:1159} INFO - Dependencies all met for dep_context=requeueable deps ti=<TaskInstance: dag_with_postgres_operator_v04.delete_data_from_table scheduled__2022-01-24T00:00:00+00:00 [queued]>
[2023-09-04T06:01:33.920+0000] {taskinstance.py:1361} INFO - Starting attempt 1 of 6
[2023-09-04T06:01:33.953+0000] {taskinstance.py:1382} INFO - Executing <Task(PostgresOperator): delete_data_from_table> on 2022-01-24 00:00:00+00:00
[2023-09-04T06:01:33.963+0000] {standard_task_runner.py:57} INFO - Started process 4881 to run task
[2023-09-04T06:01:33.969+0000] {standard_task_runner.py:84} INFO - Running: ['***', 'tasks', 'run', 'dag_with_postgres_operator_v04', 'delete_data_from_table', 'scheduled__2022-01-24T00:00:00+00:00', '--job-id', '244', '--raw', '--subdir', 'DAGS_FOLDER/dag_with_postgres_operator.py', '--cfg-path', '/tmp/tmppf4uyp6v']
[2023-09-04T06:01:33.973+0000] {standard_task_runner.py:85} INFO - Job 244: Subtask delete_data_from_table
[2023-09-04T06:01:34.063+0000] {task_command.py:415} INFO - Running <TaskInstance: dag_with_postgres_operator_v04.delete_data_from_table scheduled__2022-01-24T00:00:00+00:00 [running]> on host 10bdc2e98230
[2023-09-04T06:01:34.218+0000] {taskinstance.py:1660} INFO - Exporting env vars: AIRFLOW_CTX_DAG_OWNER='coder2j' AIRFLOW_CTX_DAG_ID='dag_with_postgres_operator_v04' AIRFLOW_CTX_TASK_ID='delete_data_from_table' AIRFLOW_CTX_EXECUTION_DATE='2022-01-24T00:00:00+00:00' AIRFLOW_CTX_TRY_NUMBER='1' AIRFLOW_CTX_DAG_RUN_ID='scheduled__2022-01-24T00:00:00+00:00'
[2023-09-04T06:01:34.221+0000] {sql.py:274} INFO - Executing: 
            delete from dag_runs where dt = '2022-01-24' and dag_id = 'dag_with_postgres_operator_v04';
        
[2023-09-04T06:01:34.238+0000] {base.py:73} INFO - Using connection ID 'postgres_localhost' for task execution.
[2023-09-04T06:01:34.257+0000] {base.py:73} INFO - Using connection ID 'postgres_localhost' for task execution.
[2023-09-04T06:01:34.276+0000] {sql.py:418} INFO - Running statement: 
            delete from dag_runs where dt = '2022-01-24' and dag_id = 'dag_with_postgres_operator_v04';
        , parameters: None
[2023-09-04T06:01:34.284+0000] {sql.py:427} INFO - Rows affected: 0
[2023-09-04T06:01:34.303+0000] {taskinstance.py:1400} INFO - Marking task as SUCCESS. dag_id=dag_with_postgres_operator_v04, task_id=delete_data_from_table, execution_date=20220124T000000, start_date=20230904T060133, end_date=20230904T060134
[2023-09-04T06:01:34.383+0000] {local_task_job_runner.py:228} INFO - Task exited with return code 0
[2023-09-04T06:01:34.423+0000] {taskinstance.py:2784} INFO - 1 downstream tasks scheduled from follow-on schedule check
[2023-09-04T06:04:21.308+0000] {taskinstance.py:1159} INFO - Dependencies all met for dep_context=non-requeueable deps ti=<TaskInstance: dag_with_postgres_operator_v04.delete_data_from_table scheduled__2022-01-24T00:00:00+00:00 [queued]>
[2023-09-04T06:04:21.337+0000] {taskinstance.py:1159} INFO - Dependencies all met for dep_context=requeueable deps ti=<TaskInstance: dag_with_postgres_operator_v04.delete_data_from_table scheduled__2022-01-24T00:00:00+00:00 [queued]>
[2023-09-04T06:04:21.337+0000] {taskinstance.py:1361} INFO - Starting attempt 1 of 6
[2023-09-04T06:04:21.387+0000] {taskinstance.py:1382} INFO - Executing <Task(PostgresOperator): delete_data_from_table> on 2022-01-24 00:00:00+00:00
[2023-09-04T06:04:21.401+0000] {standard_task_runner.py:57} INFO - Started process 6163 to run task
[2023-09-04T06:04:21.409+0000] {standard_task_runner.py:84} INFO - Running: ['***', 'tasks', 'run', 'dag_with_postgres_operator_v04', 'delete_data_from_table', 'scheduled__2022-01-24T00:00:00+00:00', '--job-id', '786', '--raw', '--subdir', 'DAGS_FOLDER/dag_with_postgres_operator.py', '--cfg-path', '/tmp/tmpjvpa4psn']
[2023-09-04T06:04:21.413+0000] {standard_task_runner.py:85} INFO - Job 786: Subtask delete_data_from_table
[2023-09-04T06:04:21.562+0000] {task_command.py:415} INFO - Running <TaskInstance: dag_with_postgres_operator_v04.delete_data_from_table scheduled__2022-01-24T00:00:00+00:00 [running]> on host 10bdc2e98230
[2023-09-04T06:04:21.800+0000] {taskinstance.py:1660} INFO - Exporting env vars: AIRFLOW_CTX_DAG_OWNER='mohghaff' AIRFLOW_CTX_DAG_ID='dag_with_postgres_operator_v04' AIRFLOW_CTX_TASK_ID='delete_data_from_table' AIRFLOW_CTX_EXECUTION_DATE='2022-01-24T00:00:00+00:00' AIRFLOW_CTX_TRY_NUMBER='1' AIRFLOW_CTX_DAG_RUN_ID='scheduled__2022-01-24T00:00:00+00:00'
[2023-09-04T06:04:21.803+0000] {sql.py:274} INFO - Executing: 
            delete from dag_runs where dt = '2022-01-24' and dag_id = 'dag_with_postgres_operator_v04';
        
[2023-09-04T06:04:21.825+0000] {base.py:73} INFO - Using connection ID 'postgres_localhost' for task execution.
[2023-09-04T06:04:21.847+0000] {base.py:73} INFO - Using connection ID 'postgres_localhost' for task execution.
[2023-09-04T06:04:21.875+0000] {sql.py:418} INFO - Running statement: 
            delete from dag_runs where dt = '2022-01-24' and dag_id = 'dag_with_postgres_operator_v04';
        , parameters: None
[2023-09-04T06:04:21.885+0000] {sql.py:427} INFO - Rows affected: 1
[2023-09-04T06:04:21.924+0000] {taskinstance.py:1400} INFO - Marking task as SUCCESS. dag_id=dag_with_postgres_operator_v04, task_id=delete_data_from_table, execution_date=20220124T000000, start_date=20230904T060421, end_date=20230904T060421
[2023-09-04T06:04:21.985+0000] {local_task_job_runner.py:228} INFO - Task exited with return code 0
[2023-09-04T06:04:22.050+0000] {taskinstance.py:2784} INFO - 1 downstream tasks scheduled from follow-on schedule check
