[2023-09-04T06:02:57.419+0000] {taskinstance.py:1159} INFO - Dependencies all met for dep_context=non-requeueable deps ti=<TaskInstance: dag_with_postgres_operator_v04.delete_data_from_table scheduled__2022-05-05T00:00:00+00:00 [queued]>
[2023-09-04T06:02:57.437+0000] {taskinstance.py:1159} INFO - Dependencies all met for dep_context=requeueable deps ti=<TaskInstance: dag_with_postgres_operator_v04.delete_data_from_table scheduled__2022-05-05T00:00:00+00:00 [queued]>
[2023-09-04T06:02:57.438+0000] {taskinstance.py:1361} INFO - Starting attempt 1 of 6
[2023-09-04T06:02:57.460+0000] {taskinstance.py:1382} INFO - Executing <Task(PostgresOperator): delete_data_from_table> on 2022-05-05 00:00:00+00:00
[2023-09-04T06:02:57.512+0000] {standard_task_runner.py:57} INFO - Started process 5599 to run task
[2023-09-04T06:02:57.516+0000] {standard_task_runner.py:84} INFO - Running: ['***', 'tasks', 'run', 'dag_with_postgres_operator_v04', 'delete_data_from_table', 'scheduled__2022-05-05T00:00:00+00:00', '--job-id', '547', '--raw', '--subdir', 'DAGS_FOLDER/dag_with_postgres_operator.py', '--cfg-path', '/tmp/tmpz3qhpaxo']
[2023-09-04T06:02:57.519+0000] {standard_task_runner.py:85} INFO - Job 547: Subtask delete_data_from_table
[2023-09-04T06:02:57.620+0000] {task_command.py:415} INFO - Running <TaskInstance: dag_with_postgres_operator_v04.delete_data_from_table scheduled__2022-05-05T00:00:00+00:00 [running]> on host 10bdc2e98230
[2023-09-04T06:02:57.766+0000] {taskinstance.py:1660} INFO - Exporting env vars: AIRFLOW_CTX_DAG_OWNER='coder2j' AIRFLOW_CTX_DAG_ID='dag_with_postgres_operator_v04' AIRFLOW_CTX_TASK_ID='delete_data_from_table' AIRFLOW_CTX_EXECUTION_DATE='2022-05-05T00:00:00+00:00' AIRFLOW_CTX_TRY_NUMBER='1' AIRFLOW_CTX_DAG_RUN_ID='scheduled__2022-05-05T00:00:00+00:00'
[2023-09-04T06:02:57.768+0000] {sql.py:274} INFO - Executing: 
            delete from dag_runs where dt = '2022-05-05' and dag_id = 'dag_with_postgres_operator_v04';
        
[2023-09-04T06:02:57.781+0000] {base.py:73} INFO - Using connection ID 'postgres_localhost' for task execution.
[2023-09-04T06:02:57.791+0000] {base.py:73} INFO - Using connection ID 'postgres_localhost' for task execution.
[2023-09-04T06:02:57.803+0000] {sql.py:418} INFO - Running statement: 
            delete from dag_runs where dt = '2022-05-05' and dag_id = 'dag_with_postgres_operator_v04';
        , parameters: None
[2023-09-04T06:02:57.809+0000] {sql.py:427} INFO - Rows affected: 0
[2023-09-04T06:02:57.820+0000] {taskinstance.py:1400} INFO - Marking task as SUCCESS. dag_id=dag_with_postgres_operator_v04, task_id=delete_data_from_table, execution_date=20220505T000000, start_date=20230904T060257, end_date=20230904T060257
[2023-09-04T06:02:57.850+0000] {local_task_job_runner.py:228} INFO - Task exited with return code 0
[2023-09-04T06:02:57.946+0000] {taskinstance.py:2784} INFO - 1 downstream tasks scheduled from follow-on schedule check
[2023-09-04T06:05:41.292+0000] {taskinstance.py:1159} INFO - Dependencies all met for dep_context=non-requeueable deps ti=<TaskInstance: dag_with_postgres_operator_v04.delete_data_from_table scheduled__2022-05-05T00:00:00+00:00 [queued]>
[2023-09-04T06:05:41.349+0000] {taskinstance.py:1159} INFO - Dependencies all met for dep_context=requeueable deps ti=<TaskInstance: dag_with_postgres_operator_v04.delete_data_from_table scheduled__2022-05-05T00:00:00+00:00 [queued]>
[2023-09-04T06:05:41.351+0000] {taskinstance.py:1361} INFO - Starting attempt 1 of 6
[2023-09-04T06:05:41.494+0000] {taskinstance.py:1382} INFO - Executing <Task(PostgresOperator): delete_data_from_table> on 2022-05-05 00:00:00+00:00
[2023-09-04T06:05:41.525+0000] {standard_task_runner.py:57} INFO - Started process 6868 to run task
[2023-09-04T06:05:41.538+0000] {standard_task_runner.py:84} INFO - Running: ['***', 'tasks', 'run', 'dag_with_postgres_operator_v04', 'delete_data_from_table', 'scheduled__2022-05-05T00:00:00+00:00', '--job-id', '1085', '--raw', '--subdir', 'DAGS_FOLDER/dag_with_postgres_operator.py', '--cfg-path', '/tmp/tmp6vhia453']
[2023-09-04T06:05:41.544+0000] {standard_task_runner.py:85} INFO - Job 1085: Subtask delete_data_from_table
[2023-09-04T06:05:41.742+0000] {task_command.py:415} INFO - Running <TaskInstance: dag_with_postgres_operator_v04.delete_data_from_table scheduled__2022-05-05T00:00:00+00:00 [running]> on host 10bdc2e98230
[2023-09-04T06:05:42.038+0000] {taskinstance.py:1660} INFO - Exporting env vars: AIRFLOW_CTX_DAG_OWNER='mohghaff' AIRFLOW_CTX_DAG_ID='dag_with_postgres_operator_v04' AIRFLOW_CTX_TASK_ID='delete_data_from_table' AIRFLOW_CTX_EXECUTION_DATE='2022-05-05T00:00:00+00:00' AIRFLOW_CTX_TRY_NUMBER='1' AIRFLOW_CTX_DAG_RUN_ID='scheduled__2022-05-05T00:00:00+00:00'
[2023-09-04T06:05:42.041+0000] {sql.py:274} INFO - Executing: 
            delete from dag_runs where dt = '2022-05-05' and dag_id = 'dag_with_postgres_operator_v04';
        
[2023-09-04T06:05:42.070+0000] {base.py:73} INFO - Using connection ID 'postgres_localhost' for task execution.
[2023-09-04T06:05:42.135+0000] {base.py:73} INFO - Using connection ID 'postgres_localhost' for task execution.
[2023-09-04T06:05:42.169+0000] {sql.py:418} INFO - Running statement: 
            delete from dag_runs where dt = '2022-05-05' and dag_id = 'dag_with_postgres_operator_v04';
        , parameters: None
[2023-09-04T06:05:42.192+0000] {sql.py:427} INFO - Rows affected: 1
[2023-09-04T06:05:42.228+0000] {taskinstance.py:1400} INFO - Marking task as SUCCESS. dag_id=dag_with_postgres_operator_v04, task_id=delete_data_from_table, execution_date=20220505T000000, start_date=20230904T060541, end_date=20230904T060542
[2023-09-04T06:05:42.523+0000] {local_task_job_runner.py:228} INFO - Task exited with return code 0
[2023-09-04T06:05:42.607+0000] {taskinstance.py:2784} INFO - 1 downstream tasks scheduled from follow-on schedule check
