[2023-09-04T06:03:24.954+0000] {taskinstance.py:1159} INFO - Dependencies all met for dep_context=non-requeueable deps ti=<TaskInstance: dag_with_postgres_operator_v04.delete_data_from_table scheduled__2022-06-12T00:00:00+00:00 [queued]>
[2023-09-04T06:03:24.991+0000] {taskinstance.py:1159} INFO - Dependencies all met for dep_context=requeueable deps ti=<TaskInstance: dag_with_postgres_operator_v04.delete_data_from_table scheduled__2022-06-12T00:00:00+00:00 [queued]>
[2023-09-04T06:03:24.992+0000] {taskinstance.py:1361} INFO - Starting attempt 1 of 6
[2023-09-04T06:03:25.065+0000] {taskinstance.py:1382} INFO - Executing <Task(PostgresOperator): delete_data_from_table> on 2022-06-12 00:00:00+00:00
[2023-09-04T06:03:25.078+0000] {standard_task_runner.py:57} INFO - Started process 5874 to run task
[2023-09-04T06:03:25.086+0000] {standard_task_runner.py:84} INFO - Running: ['***', 'tasks', 'run', 'dag_with_postgres_operator_v04', 'delete_data_from_table', 'scheduled__2022-06-12T00:00:00+00:00', '--job-id', '666', '--raw', '--subdir', 'DAGS_FOLDER/dag_with_postgres_operator.py', '--cfg-path', '/tmp/tmpv9lvwel0']
[2023-09-04T06:03:25.091+0000] {standard_task_runner.py:85} INFO - Job 666: Subtask delete_data_from_table
[2023-09-04T06:03:25.348+0000] {task_command.py:415} INFO - Running <TaskInstance: dag_with_postgres_operator_v04.delete_data_from_table scheduled__2022-06-12T00:00:00+00:00 [running]> on host 10bdc2e98230
[2023-09-04T06:03:25.724+0000] {taskinstance.py:1660} INFO - Exporting env vars: AIRFLOW_CTX_DAG_OWNER='coder2j' AIRFLOW_CTX_DAG_ID='dag_with_postgres_operator_v04' AIRFLOW_CTX_TASK_ID='delete_data_from_table' AIRFLOW_CTX_EXECUTION_DATE='2022-06-12T00:00:00+00:00' AIRFLOW_CTX_TRY_NUMBER='1' AIRFLOW_CTX_DAG_RUN_ID='scheduled__2022-06-12T00:00:00+00:00'
[2023-09-04T06:03:25.729+0000] {sql.py:274} INFO - Executing: 
            delete from dag_runs where dt = '2022-06-12' and dag_id = 'dag_with_postgres_operator_v04';
        
[2023-09-04T06:03:25.759+0000] {base.py:73} INFO - Using connection ID 'postgres_localhost' for task execution.
[2023-09-04T06:03:25.789+0000] {base.py:73} INFO - Using connection ID 'postgres_localhost' for task execution.
[2023-09-04T06:03:25.831+0000] {sql.py:418} INFO - Running statement: 
            delete from dag_runs where dt = '2022-06-12' and dag_id = 'dag_with_postgres_operator_v04';
        , parameters: None
[2023-09-04T06:03:25.852+0000] {sql.py:427} INFO - Rows affected: 0
[2023-09-04T06:03:25.892+0000] {taskinstance.py:1400} INFO - Marking task as SUCCESS. dag_id=dag_with_postgres_operator_v04, task_id=delete_data_from_table, execution_date=20220612T000000, start_date=20230904T060324, end_date=20230904T060325
[2023-09-04T06:03:25.956+0000] {local_task_job_runner.py:228} INFO - Task exited with return code 0
[2023-09-04T06:03:26.024+0000] {taskinstance.py:2784} INFO - 1 downstream tasks scheduled from follow-on schedule check
[2023-09-04T06:06:12.970+0000] {taskinstance.py:1159} INFO - Dependencies all met for dep_context=non-requeueable deps ti=<TaskInstance: dag_with_postgres_operator_v04.delete_data_from_table scheduled__2022-06-12T00:00:00+00:00 [queued]>
[2023-09-04T06:06:12.984+0000] {taskinstance.py:1159} INFO - Dependencies all met for dep_context=requeueable deps ti=<TaskInstance: dag_with_postgres_operator_v04.delete_data_from_table scheduled__2022-06-12T00:00:00+00:00 [queued]>
[2023-09-04T06:06:12.985+0000] {taskinstance.py:1361} INFO - Starting attempt 1 of 6
[2023-09-04T06:06:13.003+0000] {taskinstance.py:1382} INFO - Executing <Task(PostgresOperator): delete_data_from_table> on 2022-06-12 00:00:00+00:00
[2023-09-04T06:06:13.010+0000] {standard_task_runner.py:57} INFO - Started process 7123 to run task
[2023-09-04T06:06:13.013+0000] {standard_task_runner.py:84} INFO - Running: ['***', 'tasks', 'run', 'dag_with_postgres_operator_v04', 'delete_data_from_table', 'scheduled__2022-06-12T00:00:00+00:00', '--job-id', '1196', '--raw', '--subdir', 'DAGS_FOLDER/dag_with_postgres_operator.py', '--cfg-path', '/tmp/tmpatogwh5y']
[2023-09-04T06:06:13.015+0000] {standard_task_runner.py:85} INFO - Job 1196: Subtask delete_data_from_table
[2023-09-04T06:06:13.096+0000] {task_command.py:415} INFO - Running <TaskInstance: dag_with_postgres_operator_v04.delete_data_from_table scheduled__2022-06-12T00:00:00+00:00 [running]> on host 10bdc2e98230
[2023-09-04T06:06:13.237+0000] {taskinstance.py:1660} INFO - Exporting env vars: AIRFLOW_CTX_DAG_OWNER='mohghaff' AIRFLOW_CTX_DAG_ID='dag_with_postgres_operator_v04' AIRFLOW_CTX_TASK_ID='delete_data_from_table' AIRFLOW_CTX_EXECUTION_DATE='2022-06-12T00:00:00+00:00' AIRFLOW_CTX_TRY_NUMBER='1' AIRFLOW_CTX_DAG_RUN_ID='scheduled__2022-06-12T00:00:00+00:00'
[2023-09-04T06:06:13.239+0000] {sql.py:274} INFO - Executing: 
            delete from dag_runs where dt = '2022-06-12' and dag_id = 'dag_with_postgres_operator_v04';
        
[2023-09-04T06:06:13.251+0000] {base.py:73} INFO - Using connection ID 'postgres_localhost' for task execution.
[2023-09-04T06:06:13.262+0000] {base.py:73} INFO - Using connection ID 'postgres_localhost' for task execution.
[2023-09-04T06:06:13.277+0000] {sql.py:418} INFO - Running statement: 
            delete from dag_runs where dt = '2022-06-12' and dag_id = 'dag_with_postgres_operator_v04';
        , parameters: None
[2023-09-04T06:06:13.284+0000] {sql.py:427} INFO - Rows affected: 0
[2023-09-04T06:06:13.304+0000] {taskinstance.py:1400} INFO - Marking task as SUCCESS. dag_id=dag_with_postgres_operator_v04, task_id=delete_data_from_table, execution_date=20220612T000000, start_date=20230904T060612, end_date=20230904T060613
[2023-09-04T06:06:13.346+0000] {local_task_job_runner.py:228} INFO - Task exited with return code 0
[2023-09-04T06:06:13.378+0000] {taskinstance.py:2784} INFO - 1 downstream tasks scheduled from follow-on schedule check
