[2023-09-04T06:03:24.810+0000] {taskinstance.py:1159} INFO - Dependencies all met for dep_context=non-requeueable deps ti=<TaskInstance: dag_with_postgres_operator_v04.insert_into_table scheduled__2022-06-01T00:00:00+00:00 [queued]>
[2023-09-04T06:03:24.853+0000] {taskinstance.py:1159} INFO - Dependencies all met for dep_context=requeueable deps ti=<TaskInstance: dag_with_postgres_operator_v04.insert_into_table scheduled__2022-06-01T00:00:00+00:00 [queued]>
[2023-09-04T06:03:24.854+0000] {taskinstance.py:1361} INFO - Starting attempt 1 of 6
[2023-09-04T06:03:24.993+0000] {taskinstance.py:1382} INFO - Executing <Task(PostgresOperator): insert_into_table> on 2022-06-01 00:00:00+00:00
[2023-09-04T06:03:25.010+0000] {standard_task_runner.py:57} INFO - Started process 5871 to run task
[2023-09-04T06:03:25.021+0000] {standard_task_runner.py:84} INFO - Running: ['***', 'tasks', 'run', 'dag_with_postgres_operator_v04', 'insert_into_table', 'scheduled__2022-06-01T00:00:00+00:00', '--job-id', '661', '--raw', '--subdir', 'DAGS_FOLDER/dag_with_postgres_operator.py', '--cfg-path', '/tmp/tmpzwkl_pw2']
[2023-09-04T06:03:25.028+0000] {standard_task_runner.py:85} INFO - Job 661: Subtask insert_into_table
[2023-09-04T06:03:25.280+0000] {task_command.py:415} INFO - Running <TaskInstance: dag_with_postgres_operator_v04.insert_into_table scheduled__2022-06-01T00:00:00+00:00 [running]> on host 10bdc2e98230
[2023-09-04T06:03:25.647+0000] {taskinstance.py:1660} INFO - Exporting env vars: AIRFLOW_CTX_DAG_OWNER='coder2j' AIRFLOW_CTX_DAG_ID='dag_with_postgres_operator_v04' AIRFLOW_CTX_TASK_ID='insert_into_table' AIRFLOW_CTX_EXECUTION_DATE='2022-06-01T00:00:00+00:00' AIRFLOW_CTX_TRY_NUMBER='1' AIRFLOW_CTX_DAG_RUN_ID='scheduled__2022-06-01T00:00:00+00:00'
[2023-09-04T06:03:25.650+0000] {sql.py:274} INFO - Executing: 
            insert into dag_runs (dt, dag_id) values ('2022-06-01', 'dag_with_postgres_operator_v04')
        
[2023-09-04T06:03:25.702+0000] {base.py:73} INFO - Using connection ID 'postgres_localhost' for task execution.
[2023-09-04T06:03:25.737+0000] {base.py:73} INFO - Using connection ID 'postgres_localhost' for task execution.
[2023-09-04T06:03:25.773+0000] {sql.py:418} INFO - Running statement: 
            insert into dag_runs (dt, dag_id) values ('2022-06-01', 'dag_with_postgres_operator_v04')
        , parameters: None
[2023-09-04T06:03:25.797+0000] {sql.py:427} INFO - Rows affected: 1
[2023-09-04T06:03:25.838+0000] {taskinstance.py:1400} INFO - Marking task as SUCCESS. dag_id=dag_with_postgres_operator_v04, task_id=insert_into_table, execution_date=20220601T000000, start_date=20230904T060324, end_date=20230904T060325
[2023-09-04T06:03:25.935+0000] {local_task_job_runner.py:228} INFO - Task exited with return code 0
[2023-09-04T06:03:26.002+0000] {taskinstance.py:2784} INFO - 0 downstream tasks scheduled from follow-on schedule check
[2023-09-04T06:06:11.543+0000] {taskinstance.py:1159} INFO - Dependencies all met for dep_context=non-requeueable deps ti=<TaskInstance: dag_with_postgres_operator_v04.insert_into_table scheduled__2022-06-01T00:00:00+00:00 [queued]>
[2023-09-04T06:06:11.573+0000] {taskinstance.py:1159} INFO - Dependencies all met for dep_context=requeueable deps ti=<TaskInstance: dag_with_postgres_operator_v04.insert_into_table scheduled__2022-06-01T00:00:00+00:00 [queued]>
[2023-09-04T06:06:11.575+0000] {taskinstance.py:1361} INFO - Starting attempt 1 of 6
[2023-09-04T06:06:11.617+0000] {taskinstance.py:1382} INFO - Executing <Task(PostgresOperator): insert_into_table> on 2022-06-01 00:00:00+00:00
[2023-09-04T06:06:11.628+0000] {standard_task_runner.py:57} INFO - Started process 7117 to run task
[2023-09-04T06:06:11.634+0000] {standard_task_runner.py:84} INFO - Running: ['***', 'tasks', 'run', 'dag_with_postgres_operator_v04', 'insert_into_table', 'scheduled__2022-06-01T00:00:00+00:00', '--job-id', '1193', '--raw', '--subdir', 'DAGS_FOLDER/dag_with_postgres_operator.py', '--cfg-path', '/tmp/tmpv2zzfpig']
[2023-09-04T06:06:11.639+0000] {standard_task_runner.py:85} INFO - Job 1193: Subtask insert_into_table
[2023-09-04T06:06:11.813+0000] {task_command.py:415} INFO - Running <TaskInstance: dag_with_postgres_operator_v04.insert_into_table scheduled__2022-06-01T00:00:00+00:00 [running]> on host 10bdc2e98230
[2023-09-04T06:06:12.176+0000] {taskinstance.py:1660} INFO - Exporting env vars: AIRFLOW_CTX_DAG_OWNER='mohghaff' AIRFLOW_CTX_DAG_ID='dag_with_postgres_operator_v04' AIRFLOW_CTX_TASK_ID='insert_into_table' AIRFLOW_CTX_EXECUTION_DATE='2022-06-01T00:00:00+00:00' AIRFLOW_CTX_TRY_NUMBER='1' AIRFLOW_CTX_DAG_RUN_ID='scheduled__2022-06-01T00:00:00+00:00'
[2023-09-04T06:06:12.178+0000] {sql.py:274} INFO - Executing: 
            insert into dag_runs (dt, dag_id) values ('2022-06-01', 'dag_with_postgres_operator_v04')
        
[2023-09-04T06:06:12.201+0000] {base.py:73} INFO - Using connection ID 'postgres_localhost' for task execution.
[2023-09-04T06:06:12.220+0000] {base.py:73} INFO - Using connection ID 'postgres_localhost' for task execution.
[2023-09-04T06:06:12.241+0000] {sql.py:418} INFO - Running statement: 
            insert into dag_runs (dt, dag_id) values ('2022-06-01', 'dag_with_postgres_operator_v04')
        , parameters: None
[2023-09-04T06:06:12.248+0000] {sql.py:427} INFO - Rows affected: 1
[2023-09-04T06:06:12.273+0000] {taskinstance.py:1400} INFO - Marking task as SUCCESS. dag_id=dag_with_postgres_operator_v04, task_id=insert_into_table, execution_date=20220601T000000, start_date=20230904T060611, end_date=20230904T060612
[2023-09-04T06:06:12.339+0000] {local_task_job_runner.py:228} INFO - Task exited with return code 0
[2023-09-04T06:06:12.384+0000] {taskinstance.py:2784} INFO - 0 downstream tasks scheduled from follow-on schedule check
