[2023-09-04T06:03:10.690+0000] {taskinstance.py:1159} INFO - Dependencies all met for dep_context=non-requeueable deps ti=<TaskInstance: dag_with_postgres_operator_v04.create_postgres_table scheduled__2022-05-23T00:00:00+00:00 [queued]>
[2023-09-04T06:03:10.705+0000] {taskinstance.py:1159} INFO - Dependencies all met for dep_context=requeueable deps ti=<TaskInstance: dag_with_postgres_operator_v04.create_postgres_table scheduled__2022-05-23T00:00:00+00:00 [queued]>
[2023-09-04T06:03:10.706+0000] {taskinstance.py:1361} INFO - Starting attempt 1 of 6
[2023-09-04T06:03:10.734+0000] {taskinstance.py:1382} INFO - Executing <Task(PostgresOperator): create_postgres_table> on 2022-05-23 00:00:00+00:00
[2023-09-04T06:03:10.745+0000] {standard_task_runner.py:57} INFO - Started process 5729 to run task
[2023-09-04T06:03:10.749+0000] {standard_task_runner.py:84} INFO - Running: ['***', 'tasks', 'run', 'dag_with_postgres_operator_v04', 'create_postgres_table', 'scheduled__2022-05-23T00:00:00+00:00', '--job-id', '609', '--raw', '--subdir', 'DAGS_FOLDER/dag_with_postgres_operator.py', '--cfg-path', '/tmp/tmp0yeui1yk']
[2023-09-04T06:03:10.752+0000] {standard_task_runner.py:85} INFO - Job 609: Subtask create_postgres_table
[2023-09-04T06:03:10.850+0000] {task_command.py:415} INFO - Running <TaskInstance: dag_with_postgres_operator_v04.create_postgres_table scheduled__2022-05-23T00:00:00+00:00 [running]> on host 10bdc2e98230
[2023-09-04T06:03:11.000+0000] {taskinstance.py:1660} INFO - Exporting env vars: AIRFLOW_CTX_DAG_OWNER='coder2j' AIRFLOW_CTX_DAG_ID='dag_with_postgres_operator_v04' AIRFLOW_CTX_TASK_ID='create_postgres_table' AIRFLOW_CTX_EXECUTION_DATE='2022-05-23T00:00:00+00:00' AIRFLOW_CTX_TRY_NUMBER='1' AIRFLOW_CTX_DAG_RUN_ID='scheduled__2022-05-23T00:00:00+00:00'
[2023-09-04T06:03:11.001+0000] {sql.py:274} INFO - Executing: 
            create table if not exists dag_runs (
                dt date,
                dag_id character varying,
                primary key (dt, dag_id)
            )
        
[2023-09-04T06:03:11.017+0000] {base.py:73} INFO - Using connection ID 'postgres_localhost' for task execution.
[2023-09-04T06:03:11.028+0000] {base.py:73} INFO - Using connection ID 'postgres_localhost' for task execution.
[2023-09-04T06:03:11.046+0000] {sql.py:418} INFO - Running statement: 
            create table if not exists dag_runs (
                dt date,
                dag_id character varying,
                primary key (dt, dag_id)
            )
        , parameters: None
[2023-09-04T06:03:11.069+0000] {taskinstance.py:1400} INFO - Marking task as SUCCESS. dag_id=dag_with_postgres_operator_v04, task_id=create_postgres_table, execution_date=20220523T000000, start_date=20230904T060310, end_date=20230904T060311
[2023-09-04T06:03:11.242+0000] {local_task_job_runner.py:228} INFO - Task exited with return code 0
[2023-09-04T06:03:11.278+0000] {taskinstance.py:2784} INFO - 1 downstream tasks scheduled from follow-on schedule check
[2023-09-04T06:05:52.687+0000] {taskinstance.py:1159} INFO - Dependencies all met for dep_context=non-requeueable deps ti=<TaskInstance: dag_with_postgres_operator_v04.create_postgres_table scheduled__2022-05-23T00:00:00+00:00 [queued]>
[2023-09-04T06:05:52.716+0000] {taskinstance.py:1159} INFO - Dependencies all met for dep_context=requeueable deps ti=<TaskInstance: dag_with_postgres_operator_v04.create_postgres_table scheduled__2022-05-23T00:00:00+00:00 [queued]>
[2023-09-04T06:05:52.717+0000] {taskinstance.py:1361} INFO - Starting attempt 1 of 6
[2023-09-04T06:05:53.131+0000] {taskinstance.py:1382} INFO - Executing <Task(PostgresOperator): create_postgres_table> on 2022-05-23 00:00:00+00:00
[2023-09-04T06:05:53.153+0000] {standard_task_runner.py:57} INFO - Started process 6951 to run task
[2023-09-04T06:05:53.165+0000] {standard_task_runner.py:84} INFO - Running: ['***', 'tasks', 'run', 'dag_with_postgres_operator_v04', 'create_postgres_table', 'scheduled__2022-05-23T00:00:00+00:00', '--job-id', '1122', '--raw', '--subdir', 'DAGS_FOLDER/dag_with_postgres_operator.py', '--cfg-path', '/tmp/tmpcelhx_4j']
[2023-09-04T06:05:53.170+0000] {standard_task_runner.py:85} INFO - Job 1122: Subtask create_postgres_table
[2023-09-04T06:05:53.346+0000] {task_command.py:415} INFO - Running <TaskInstance: dag_with_postgres_operator_v04.create_postgres_table scheduled__2022-05-23T00:00:00+00:00 [running]> on host 10bdc2e98230
[2023-09-04T06:05:53.626+0000] {taskinstance.py:1660} INFO - Exporting env vars: AIRFLOW_CTX_DAG_OWNER='mohghaff' AIRFLOW_CTX_DAG_ID='dag_with_postgres_operator_v04' AIRFLOW_CTX_TASK_ID='create_postgres_table' AIRFLOW_CTX_EXECUTION_DATE='2022-05-23T00:00:00+00:00' AIRFLOW_CTX_TRY_NUMBER='1' AIRFLOW_CTX_DAG_RUN_ID='scheduled__2022-05-23T00:00:00+00:00'
[2023-09-04T06:05:53.628+0000] {sql.py:274} INFO - Executing: 
            create table if not exists dag_runs (
                dt date,
                dag_id character varying,
                primary key (dt, dag_id)
            )
        
[2023-09-04T06:05:53.648+0000] {base.py:73} INFO - Using connection ID 'postgres_localhost' for task execution.
[2023-09-04T06:05:53.667+0000] {base.py:73} INFO - Using connection ID 'postgres_localhost' for task execution.
[2023-09-04T06:05:53.700+0000] {sql.py:418} INFO - Running statement: 
            create table if not exists dag_runs (
                dt date,
                dag_id character varying,
                primary key (dt, dag_id)
            )
        , parameters: None
[2023-09-04T06:05:53.760+0000] {taskinstance.py:1400} INFO - Marking task as SUCCESS. dag_id=dag_with_postgres_operator_v04, task_id=create_postgres_table, execution_date=20220523T000000, start_date=20230904T060552, end_date=20230904T060553
[2023-09-04T06:05:53.828+0000] {local_task_job_runner.py:228} INFO - Task exited with return code 0
[2023-09-04T06:05:53.917+0000] {taskinstance.py:2784} INFO - 1 downstream tasks scheduled from follow-on schedule check
