[2023-09-04T06:03:04.361+0000] {taskinstance.py:1159} INFO - Dependencies all met for dep_context=non-requeueable deps ti=<TaskInstance: dag_with_postgres_operator_v04.delete_data_from_table scheduled__2022-05-13T00:00:00+00:00 [queued]>
[2023-09-04T06:03:04.383+0000] {taskinstance.py:1159} INFO - Dependencies all met for dep_context=requeueable deps ti=<TaskInstance: dag_with_postgres_operator_v04.delete_data_from_table scheduled__2022-05-13T00:00:00+00:00 [queued]>
[2023-09-04T06:03:04.384+0000] {taskinstance.py:1361} INFO - Starting attempt 1 of 6
[2023-09-04T06:03:04.631+0000] {taskinstance.py:1382} INFO - Executing <Task(PostgresOperator): delete_data_from_table> on 2022-05-13 00:00:00+00:00
[2023-09-04T06:03:04.641+0000] {standard_task_runner.py:57} INFO - Started process 5655 to run task
[2023-09-04T06:03:04.646+0000] {standard_task_runner.py:84} INFO - Running: ['***', 'tasks', 'run', 'dag_with_postgres_operator_v04', 'delete_data_from_table', 'scheduled__2022-05-13T00:00:00+00:00', '--job-id', '575', '--raw', '--subdir', 'DAGS_FOLDER/dag_with_postgres_operator.py', '--cfg-path', '/tmp/tmpebq9hpwt']
[2023-09-04T06:03:04.649+0000] {standard_task_runner.py:85} INFO - Job 575: Subtask delete_data_from_table
[2023-09-04T06:03:04.739+0000] {task_command.py:415} INFO - Running <TaskInstance: dag_with_postgres_operator_v04.delete_data_from_table scheduled__2022-05-13T00:00:00+00:00 [running]> on host 10bdc2e98230
[2023-09-04T06:03:04.859+0000] {taskinstance.py:1660} INFO - Exporting env vars: AIRFLOW_CTX_DAG_OWNER='coder2j' AIRFLOW_CTX_DAG_ID='dag_with_postgres_operator_v04' AIRFLOW_CTX_TASK_ID='delete_data_from_table' AIRFLOW_CTX_EXECUTION_DATE='2022-05-13T00:00:00+00:00' AIRFLOW_CTX_TRY_NUMBER='1' AIRFLOW_CTX_DAG_RUN_ID='scheduled__2022-05-13T00:00:00+00:00'
[2023-09-04T06:03:04.860+0000] {sql.py:274} INFO - Executing: 
            delete from dag_runs where dt = '2022-05-13' and dag_id = 'dag_with_postgres_operator_v04';
        
[2023-09-04T06:03:04.868+0000] {base.py:73} INFO - Using connection ID 'postgres_localhost' for task execution.
[2023-09-04T06:03:04.877+0000] {base.py:73} INFO - Using connection ID 'postgres_localhost' for task execution.
[2023-09-04T06:03:04.889+0000] {sql.py:418} INFO - Running statement: 
            delete from dag_runs where dt = '2022-05-13' and dag_id = 'dag_with_postgres_operator_v04';
        , parameters: None
[2023-09-04T06:03:04.894+0000] {sql.py:427} INFO - Rows affected: 0
[2023-09-04T06:03:04.906+0000] {taskinstance.py:1400} INFO - Marking task as SUCCESS. dag_id=dag_with_postgres_operator_v04, task_id=delete_data_from_table, execution_date=20220513T000000, start_date=20230904T060304, end_date=20230904T060304
[2023-09-04T06:03:04.938+0000] {local_task_job_runner.py:228} INFO - Task exited with return code 0
[2023-09-04T06:03:04.961+0000] {taskinstance.py:2784} INFO - 1 downstream tasks scheduled from follow-on schedule check
[2023-09-04T06:05:52.261+0000] {taskinstance.py:1159} INFO - Dependencies all met for dep_context=non-requeueable deps ti=<TaskInstance: dag_with_postgres_operator_v04.delete_data_from_table scheduled__2022-05-13T00:00:00+00:00 [queued]>
[2023-09-04T06:05:52.291+0000] {taskinstance.py:1159} INFO - Dependencies all met for dep_context=requeueable deps ti=<TaskInstance: dag_with_postgres_operator_v04.delete_data_from_table scheduled__2022-05-13T00:00:00+00:00 [queued]>
[2023-09-04T06:05:52.292+0000] {taskinstance.py:1361} INFO - Starting attempt 1 of 6
[2023-09-04T06:05:52.594+0000] {taskinstance.py:1382} INFO - Executing <Task(PostgresOperator): delete_data_from_table> on 2022-05-13 00:00:00+00:00
[2023-09-04T06:05:52.606+0000] {standard_task_runner.py:57} INFO - Started process 6945 to run task
[2023-09-04T06:05:52.612+0000] {standard_task_runner.py:84} INFO - Running: ['***', 'tasks', 'run', 'dag_with_postgres_operator_v04', 'delete_data_from_table', 'scheduled__2022-05-13T00:00:00+00:00', '--job-id', '1119', '--raw', '--subdir', 'DAGS_FOLDER/dag_with_postgres_operator.py', '--cfg-path', '/tmp/tmpc3u3959z']
[2023-09-04T06:05:52.617+0000] {standard_task_runner.py:85} INFO - Job 1119: Subtask delete_data_from_table
[2023-09-04T06:05:52.799+0000] {task_command.py:415} INFO - Running <TaskInstance: dag_with_postgres_operator_v04.delete_data_from_table scheduled__2022-05-13T00:00:00+00:00 [running]> on host 10bdc2e98230
[2023-09-04T06:05:53.089+0000] {taskinstance.py:1660} INFO - Exporting env vars: AIRFLOW_CTX_DAG_OWNER='mohghaff' AIRFLOW_CTX_DAG_ID='dag_with_postgres_operator_v04' AIRFLOW_CTX_TASK_ID='delete_data_from_table' AIRFLOW_CTX_EXECUTION_DATE='2022-05-13T00:00:00+00:00' AIRFLOW_CTX_TRY_NUMBER='1' AIRFLOW_CTX_DAG_RUN_ID='scheduled__2022-05-13T00:00:00+00:00'
[2023-09-04T06:05:53.092+0000] {sql.py:274} INFO - Executing: 
            delete from dag_runs where dt = '2022-05-13' and dag_id = 'dag_with_postgres_operator_v04';
        
[2023-09-04T06:05:53.112+0000] {base.py:73} INFO - Using connection ID 'postgres_localhost' for task execution.
[2023-09-04T06:05:53.134+0000] {base.py:73} INFO - Using connection ID 'postgres_localhost' for task execution.
[2023-09-04T06:05:53.159+0000] {sql.py:418} INFO - Running statement: 
            delete from dag_runs where dt = '2022-05-13' and dag_id = 'dag_with_postgres_operator_v04';
        , parameters: None
[2023-09-04T06:05:53.173+0000] {sql.py:427} INFO - Rows affected: 1
[2023-09-04T06:05:53.220+0000] {taskinstance.py:1400} INFO - Marking task as SUCCESS. dag_id=dag_with_postgres_operator_v04, task_id=delete_data_from_table, execution_date=20220513T000000, start_date=20230904T060552, end_date=20230904T060553
[2023-09-04T06:05:53.314+0000] {local_task_job_runner.py:228} INFO - Task exited with return code 0
[2023-09-04T06:05:53.698+0000] {taskinstance.py:2784} INFO - 0 downstream tasks scheduled from follow-on schedule check
