[2023-09-04T06:01:56.216+0000] {taskinstance.py:1159} INFO - Dependencies all met for dep_context=non-requeueable deps ti=<TaskInstance: dag_with_postgres_operator_v04.delete_data_from_table scheduled__2022-02-23T00:00:00+00:00 [queued]>
[2023-09-04T06:01:56.228+0000] {taskinstance.py:1159} INFO - Dependencies all met for dep_context=requeueable deps ti=<TaskInstance: dag_with_postgres_operator_v04.delete_data_from_table scheduled__2022-02-23T00:00:00+00:00 [queued]>
[2023-09-04T06:01:56.228+0000] {taskinstance.py:1361} INFO - Starting attempt 1 of 6
[2023-09-04T06:01:56.248+0000] {taskinstance.py:1382} INFO - Executing <Task(PostgresOperator): delete_data_from_table> on 2022-02-23 00:00:00+00:00
[2023-09-04T06:01:56.259+0000] {standard_task_runner.py:57} INFO - Started process 5084 to run task
[2023-09-04T06:01:56.262+0000] {standard_task_runner.py:84} INFO - Running: ['***', 'tasks', 'run', 'dag_with_postgres_operator_v04', 'delete_data_from_table', 'scheduled__2022-02-23T00:00:00+00:00', '--job-id', '326', '--raw', '--subdir', 'DAGS_FOLDER/dag_with_postgres_operator.py', '--cfg-path', '/tmp/tmpn4bf4j8k']
[2023-09-04T06:01:56.265+0000] {standard_task_runner.py:85} INFO - Job 326: Subtask delete_data_from_table
[2023-09-04T06:01:56.326+0000] {task_command.py:415} INFO - Running <TaskInstance: dag_with_postgres_operator_v04.delete_data_from_table scheduled__2022-02-23T00:00:00+00:00 [running]> on host 10bdc2e98230
[2023-09-04T06:01:56.431+0000] {taskinstance.py:1660} INFO - Exporting env vars: AIRFLOW_CTX_DAG_OWNER='coder2j' AIRFLOW_CTX_DAG_ID='dag_with_postgres_operator_v04' AIRFLOW_CTX_TASK_ID='delete_data_from_table' AIRFLOW_CTX_EXECUTION_DATE='2022-02-23T00:00:00+00:00' AIRFLOW_CTX_TRY_NUMBER='1' AIRFLOW_CTX_DAG_RUN_ID='scheduled__2022-02-23T00:00:00+00:00'
[2023-09-04T06:01:56.432+0000] {sql.py:274} INFO - Executing: 
            delete from dag_runs where dt = '2022-02-23' and dag_id = 'dag_with_postgres_operator_v04';
        
[2023-09-04T06:01:56.443+0000] {base.py:73} INFO - Using connection ID 'postgres_localhost' for task execution.
[2023-09-04T06:01:56.452+0000] {base.py:73} INFO - Using connection ID 'postgres_localhost' for task execution.
[2023-09-04T06:01:56.465+0000] {sql.py:418} INFO - Running statement: 
            delete from dag_runs where dt = '2022-02-23' and dag_id = 'dag_with_postgres_operator_v04';
        , parameters: None
[2023-09-04T06:01:56.470+0000] {sql.py:427} INFO - Rows affected: 0
[2023-09-04T06:01:56.485+0000] {taskinstance.py:1400} INFO - Marking task as SUCCESS. dag_id=dag_with_postgres_operator_v04, task_id=delete_data_from_table, execution_date=20220223T000000, start_date=20230904T060156, end_date=20230904T060156
[2023-09-04T06:01:56.515+0000] {local_task_job_runner.py:228} INFO - Task exited with return code 0
[2023-09-04T06:01:56.536+0000] {taskinstance.py:2784} INFO - 1 downstream tasks scheduled from follow-on schedule check
[2023-09-04T06:04:44.070+0000] {taskinstance.py:1159} INFO - Dependencies all met for dep_context=non-requeueable deps ti=<TaskInstance: dag_with_postgres_operator_v04.delete_data_from_table scheduled__2022-02-23T00:00:00+00:00 [queued]>
[2023-09-04T06:04:44.098+0000] {taskinstance.py:1159} INFO - Dependencies all met for dep_context=requeueable deps ti=<TaskInstance: dag_with_postgres_operator_v04.delete_data_from_table scheduled__2022-02-23T00:00:00+00:00 [queued]>
[2023-09-04T06:04:44.098+0000] {taskinstance.py:1361} INFO - Starting attempt 1 of 6
[2023-09-04T06:04:44.336+0000] {taskinstance.py:1382} INFO - Executing <Task(PostgresOperator): delete_data_from_table> on 2022-02-23 00:00:00+00:00
[2023-09-04T06:04:44.349+0000] {standard_task_runner.py:57} INFO - Started process 6385 to run task
[2023-09-04T06:04:44.354+0000] {standard_task_runner.py:84} INFO - Running: ['***', 'tasks', 'run', 'dag_with_postgres_operator_v04', 'delete_data_from_table', 'scheduled__2022-02-23T00:00:00+00:00', '--job-id', '880', '--raw', '--subdir', 'DAGS_FOLDER/dag_with_postgres_operator.py', '--cfg-path', '/tmp/tmpfh1j2b55']
[2023-09-04T06:04:44.359+0000] {standard_task_runner.py:85} INFO - Job 880: Subtask delete_data_from_table
[2023-09-04T06:04:44.486+0000] {task_command.py:415} INFO - Running <TaskInstance: dag_with_postgres_operator_v04.delete_data_from_table scheduled__2022-02-23T00:00:00+00:00 [running]> on host 10bdc2e98230
[2023-09-04T06:04:44.727+0000] {taskinstance.py:1660} INFO - Exporting env vars: AIRFLOW_CTX_DAG_OWNER='mohghaff' AIRFLOW_CTX_DAG_ID='dag_with_postgres_operator_v04' AIRFLOW_CTX_TASK_ID='delete_data_from_table' AIRFLOW_CTX_EXECUTION_DATE='2022-02-23T00:00:00+00:00' AIRFLOW_CTX_TRY_NUMBER='1' AIRFLOW_CTX_DAG_RUN_ID='scheduled__2022-02-23T00:00:00+00:00'
[2023-09-04T06:04:44.730+0000] {sql.py:274} INFO - Executing: 
            delete from dag_runs where dt = '2022-02-23' and dag_id = 'dag_with_postgres_operator_v04';
        
[2023-09-04T06:04:44.751+0000] {base.py:73} INFO - Using connection ID 'postgres_localhost' for task execution.
[2023-09-04T06:04:44.768+0000] {base.py:73} INFO - Using connection ID 'postgres_localhost' for task execution.
[2023-09-04T06:04:44.794+0000] {sql.py:418} INFO - Running statement: 
            delete from dag_runs where dt = '2022-02-23' and dag_id = 'dag_with_postgres_operator_v04';
        , parameters: None
[2023-09-04T06:04:44.805+0000] {sql.py:427} INFO - Rows affected: 1
[2023-09-04T06:04:44.841+0000] {taskinstance.py:1400} INFO - Marking task as SUCCESS. dag_id=dag_with_postgres_operator_v04, task_id=delete_data_from_table, execution_date=20220223T000000, start_date=20230904T060444, end_date=20230904T060444
[2023-09-04T06:04:44.904+0000] {local_task_job_runner.py:228} INFO - Task exited with return code 0
[2023-09-04T06:04:44.958+0000] {taskinstance.py:2784} INFO - 1 downstream tasks scheduled from follow-on schedule check
