[2023-09-04T00:00:02.146+0000] {taskinstance.py:1159} INFO - Dependencies all met for dep_context=non-requeueable deps ti=<TaskInstance: myFirstDag_v5.third_task scheduled__2023-09-03T00:00:00+00:00 [queued]>
[2023-09-04T00:00:02.156+0000] {taskinstance.py:1159} INFO - Dependencies all met for dep_context=requeueable deps ti=<TaskInstance: myFirstDag_v5.third_task scheduled__2023-09-03T00:00:00+00:00 [queued]>
[2023-09-04T00:00:02.156+0000] {taskinstance.py:1361} INFO - Starting attempt 1 of 6
[2023-09-04T00:00:02.170+0000] {taskinstance.py:1382} INFO - Executing <Task(BashOperator): third_task> on 2023-09-03 00:00:00+00:00
[2023-09-04T00:00:02.177+0000] {standard_task_runner.py:57} INFO - Started process 2932 to run task
[2023-09-04T00:00:02.179+0000] {standard_task_runner.py:84} INFO - Running: ['***', 'tasks', 'run', 'myFirstDag_v5', 'third_task', 'scheduled__2023-09-03T00:00:00+00:00', '--job-id', '24', '--raw', '--subdir', 'DAGS_FOLDER/my_first_dag.py', '--cfg-path', '/tmp/tmpshbnajd7']
[2023-09-04T00:00:02.181+0000] {standard_task_runner.py:85} INFO - Job 24: Subtask third_task
[2023-09-04T00:00:02.224+0000] {task_command.py:415} INFO - Running <TaskInstance: myFirstDag_v5.third_task scheduled__2023-09-03T00:00:00+00:00 [running]> on host 01961fb83b4d
[2023-09-04T00:00:02.301+0000] {taskinstance.py:1660} INFO - Exporting env vars: AIRFLOW_CTX_DAG_OWNER='Mohghaff' AIRFLOW_CTX_DAG_ID='myFirstDag_v5' AIRFLOW_CTX_TASK_ID='third_task' AIRFLOW_CTX_EXECUTION_DATE='2023-09-03T00:00:00+00:00' AIRFLOW_CTX_TRY_NUMBER='1' AIRFLOW_CTX_DAG_RUN_ID='scheduled__2023-09-03T00:00:00+00:00'
[2023-09-04T00:00:02.303+0000] {subprocess.py:63} INFO - Tmp dir root location: /tmp
[2023-09-04T00:00:02.303+0000] {subprocess.py:75} INFO - Running command: ['/bin/bash', '-c', 'echo This is the third task which will run simultaneoudly as task 2 after task 1.']
[2023-09-04T00:00:02.313+0000] {subprocess.py:86} INFO - Output:
[2023-09-04T00:00:02.315+0000] {subprocess.py:93} INFO - This is the third task which will run simultaneoudly as task 2 after task 1.
[2023-09-04T00:00:02.315+0000] {subprocess.py:97} INFO - Command exited with return code 0
[2023-09-04T00:00:02.339+0000] {taskinstance.py:1400} INFO - Marking task as SUCCESS. dag_id=myFirstDag_v5, task_id=third_task, execution_date=20230903T000000, start_date=20230904T000002, end_date=20230904T000002
[2023-09-04T00:00:02.393+0000] {local_task_job_runner.py:228} INFO - Task exited with return code 0
[2023-09-04T00:00:02.407+0000] {taskinstance.py:2784} INFO - 0 downstream tasks scheduled from follow-on schedule check
[2023-09-04T01:18:11.984+0000] {taskinstance.py:1159} INFO - Dependencies all met for dep_context=non-requeueable deps ti=<TaskInstance: myFirstDag_v5.third_task scheduled__2023-09-03T00:00:00+00:00 [queued]>
[2023-09-04T01:18:11.997+0000] {taskinstance.py:1159} INFO - Dependencies all met for dep_context=requeueable deps ti=<TaskInstance: myFirstDag_v5.third_task scheduled__2023-09-03T00:00:00+00:00 [queued]>
[2023-09-04T01:18:11.997+0000] {taskinstance.py:1361} INFO - Starting attempt 1 of 6
[2023-09-04T01:18:12.024+0000] {taskinstance.py:1382} INFO - Executing <Task(BashOperator): third_task> on 2023-09-03 00:00:00+00:00
[2023-09-04T01:18:12.034+0000] {standard_task_runner.py:57} INFO - Started process 2175 to run task
[2023-09-04T01:18:12.038+0000] {standard_task_runner.py:84} INFO - Running: ['***', 'tasks', 'run', 'myFirstDag_v5', 'third_task', 'scheduled__2023-09-03T00:00:00+00:00', '--job-id', '20', '--raw', '--subdir', 'DAGS_FOLDER/my_first_dag.py', '--cfg-path', '/tmp/tmpc0ffvhjg']
[2023-09-04T01:18:12.044+0000] {standard_task_runner.py:85} INFO - Job 20: Subtask third_task
[2023-09-04T01:18:12.120+0000] {task_command.py:415} INFO - Running <TaskInstance: myFirstDag_v5.third_task scheduled__2023-09-03T00:00:00+00:00 [running]> on host 76ca4e092fc1
[2023-09-04T01:18:12.270+0000] {taskinstance.py:1660} INFO - Exporting env vars: AIRFLOW_CTX_DAG_OWNER='Mohghaff' AIRFLOW_CTX_DAG_ID='myFirstDag_v5' AIRFLOW_CTX_TASK_ID='third_task' AIRFLOW_CTX_EXECUTION_DATE='2023-09-03T00:00:00+00:00' AIRFLOW_CTX_TRY_NUMBER='1' AIRFLOW_CTX_DAG_RUN_ID='scheduled__2023-09-03T00:00:00+00:00'
[2023-09-04T01:18:12.273+0000] {subprocess.py:63} INFO - Tmp dir root location: /tmp
[2023-09-04T01:18:12.274+0000] {subprocess.py:75} INFO - Running command: ['/bin/bash', '-c', 'echo This is the third task which will run simultaneoudly as task 2 after task 1.']
[2023-09-04T01:18:12.294+0000] {subprocess.py:86} INFO - Output:
[2023-09-04T01:18:12.297+0000] {subprocess.py:93} INFO - This is the third task which will run simultaneoudly as task 2 after task 1.
[2023-09-04T01:18:12.297+0000] {subprocess.py:97} INFO - Command exited with return code 0
[2023-09-04T01:18:12.335+0000] {taskinstance.py:1400} INFO - Marking task as SUCCESS. dag_id=myFirstDag_v5, task_id=third_task, execution_date=20230903T000000, start_date=20230904T011811, end_date=20230904T011812
[2023-09-04T01:18:12.372+0000] {local_task_job_runner.py:228} INFO - Task exited with return code 0
[2023-09-04T01:18:12.392+0000] {taskinstance.py:2784} INFO - 0 downstream tasks scheduled from follow-on schedule check
