[2023-09-04T06:02:34.283+0000] {taskinstance.py:1159} INFO - Dependencies all met for dep_context=non-requeueable deps ti=<TaskInstance: dag_with_postgres_operator_v04.insert_into_table scheduled__2022-04-06T00:00:00+00:00 [queued]>
[2023-09-04T06:02:34.296+0000] {taskinstance.py:1159} INFO - Dependencies all met for dep_context=requeueable deps ti=<TaskInstance: dag_with_postgres_operator_v04.insert_into_table scheduled__2022-04-06T00:00:00+00:00 [queued]>
[2023-09-04T06:02:34.296+0000] {taskinstance.py:1361} INFO - Starting attempt 1 of 6
[2023-09-04T06:02:34.315+0000] {taskinstance.py:1382} INFO - Executing <Task(PostgresOperator): insert_into_table> on 2022-04-06 00:00:00+00:00
[2023-09-04T06:02:34.324+0000] {standard_task_runner.py:57} INFO - Started process 5389 to run task
[2023-09-04T06:02:34.328+0000] {standard_task_runner.py:84} INFO - Running: ['***', 'tasks', 'run', 'dag_with_postgres_operator_v04', 'insert_into_table', 'scheduled__2022-04-06T00:00:00+00:00', '--job-id', '463', '--raw', '--subdir', 'DAGS_FOLDER/dag_with_postgres_operator.py', '--cfg-path', '/tmp/tmpartobnz1']
[2023-09-04T06:02:34.331+0000] {standard_task_runner.py:85} INFO - Job 463: Subtask insert_into_table
[2023-09-04T06:02:34.396+0000] {task_command.py:415} INFO - Running <TaskInstance: dag_with_postgres_operator_v04.insert_into_table scheduled__2022-04-06T00:00:00+00:00 [running]> on host 10bdc2e98230
[2023-09-04T06:02:34.507+0000] {taskinstance.py:1660} INFO - Exporting env vars: AIRFLOW_CTX_DAG_OWNER='coder2j' AIRFLOW_CTX_DAG_ID='dag_with_postgres_operator_v04' AIRFLOW_CTX_TASK_ID='insert_into_table' AIRFLOW_CTX_EXECUTION_DATE='2022-04-06T00:00:00+00:00' AIRFLOW_CTX_TRY_NUMBER='1' AIRFLOW_CTX_DAG_RUN_ID='scheduled__2022-04-06T00:00:00+00:00'
[2023-09-04T06:02:34.509+0000] {sql.py:274} INFO - Executing: 
            insert into dag_runs (dt, dag_id) values ('2022-04-06', 'dag_with_postgres_operator_v04')
        
[2023-09-04T06:02:34.518+0000] {base.py:73} INFO - Using connection ID 'postgres_localhost' for task execution.
[2023-09-04T06:02:34.530+0000] {base.py:73} INFO - Using connection ID 'postgres_localhost' for task execution.
[2023-09-04T06:02:34.545+0000] {sql.py:418} INFO - Running statement: 
            insert into dag_runs (dt, dag_id) values ('2022-04-06', 'dag_with_postgres_operator_v04')
        , parameters: None
[2023-09-04T06:02:34.548+0000] {sql.py:427} INFO - Rows affected: 1
[2023-09-04T06:02:34.568+0000] {taskinstance.py:1400} INFO - Marking task as SUCCESS. dag_id=dag_with_postgres_operator_v04, task_id=insert_into_table, execution_date=20220406T000000, start_date=20230904T060234, end_date=20230904T060234
[2023-09-04T06:02:34.621+0000] {local_task_job_runner.py:228} INFO - Task exited with return code 0
[2023-09-04T06:02:34.642+0000] {taskinstance.py:2784} INFO - 0 downstream tasks scheduled from follow-on schedule check
[2023-09-04T06:05:18.215+0000] {taskinstance.py:1159} INFO - Dependencies all met for dep_context=non-requeueable deps ti=<TaskInstance: dag_with_postgres_operator_v04.insert_into_table scheduled__2022-04-06T00:00:00+00:00 [queued]>
[2023-09-04T06:05:18.226+0000] {taskinstance.py:1159} INFO - Dependencies all met for dep_context=requeueable deps ti=<TaskInstance: dag_with_postgres_operator_v04.insert_into_table scheduled__2022-04-06T00:00:00+00:00 [queued]>
[2023-09-04T06:05:18.227+0000] {taskinstance.py:1361} INFO - Starting attempt 1 of 6
[2023-09-04T06:05:18.244+0000] {taskinstance.py:1382} INFO - Executing <Task(PostgresOperator): insert_into_table> on 2022-04-06 00:00:00+00:00
[2023-09-04T06:05:18.253+0000] {standard_task_runner.py:57} INFO - Started process 6674 to run task
[2023-09-04T06:05:18.257+0000] {standard_task_runner.py:84} INFO - Running: ['***', 'tasks', 'run', 'dag_with_postgres_operator_v04', 'insert_into_table', 'scheduled__2022-04-06T00:00:00+00:00', '--job-id', '1006', '--raw', '--subdir', 'DAGS_FOLDER/dag_with_postgres_operator.py', '--cfg-path', '/tmp/tmpp1z9mbsr']
[2023-09-04T06:05:18.260+0000] {standard_task_runner.py:85} INFO - Job 1006: Subtask insert_into_table
[2023-09-04T06:05:18.335+0000] {task_command.py:415} INFO - Running <TaskInstance: dag_with_postgres_operator_v04.insert_into_table scheduled__2022-04-06T00:00:00+00:00 [running]> on host 10bdc2e98230
[2023-09-04T06:05:18.453+0000] {taskinstance.py:1660} INFO - Exporting env vars: AIRFLOW_CTX_DAG_OWNER='mohghaff' AIRFLOW_CTX_DAG_ID='dag_with_postgres_operator_v04' AIRFLOW_CTX_TASK_ID='insert_into_table' AIRFLOW_CTX_EXECUTION_DATE='2022-04-06T00:00:00+00:00' AIRFLOW_CTX_TRY_NUMBER='1' AIRFLOW_CTX_DAG_RUN_ID='scheduled__2022-04-06T00:00:00+00:00'
[2023-09-04T06:05:18.454+0000] {sql.py:274} INFO - Executing: 
            insert into dag_runs (dt, dag_id) values ('2022-04-06', 'dag_with_postgres_operator_v04')
        
[2023-09-04T06:05:18.464+0000] {base.py:73} INFO - Using connection ID 'postgres_localhost' for task execution.
[2023-09-04T06:05:18.473+0000] {base.py:73} INFO - Using connection ID 'postgres_localhost' for task execution.
[2023-09-04T06:05:18.485+0000] {sql.py:418} INFO - Running statement: 
            insert into dag_runs (dt, dag_id) values ('2022-04-06', 'dag_with_postgres_operator_v04')
        , parameters: None
[2023-09-04T06:05:18.489+0000] {sql.py:427} INFO - Rows affected: 1
[2023-09-04T06:05:18.505+0000] {taskinstance.py:1400} INFO - Marking task as SUCCESS. dag_id=dag_with_postgres_operator_v04, task_id=insert_into_table, execution_date=20220406T000000, start_date=20230904T060518, end_date=20230904T060518
[2023-09-04T06:05:18.550+0000] {local_task_job_runner.py:228} INFO - Task exited with return code 0
[2023-09-04T06:05:18.568+0000] {taskinstance.py:2784} INFO - 0 downstream tasks scheduled from follow-on schedule check
