[2023-09-04T06:01:54.180+0000] {taskinstance.py:1159} INFO - Dependencies all met for dep_context=non-requeueable deps ti=<TaskInstance: dag_with_postgres_operator_v04.delete_data_from_table scheduled__2022-02-20T00:00:00+00:00 [queued]>
[2023-09-04T06:01:54.198+0000] {taskinstance.py:1159} INFO - Dependencies all met for dep_context=requeueable deps ti=<TaskInstance: dag_with_postgres_operator_v04.delete_data_from_table scheduled__2022-02-20T00:00:00+00:00 [queued]>
[2023-09-04T06:01:54.199+0000] {taskinstance.py:1361} INFO - Starting attempt 1 of 6
[2023-09-04T06:01:54.230+0000] {taskinstance.py:1382} INFO - Executing <Task(PostgresOperator): delete_data_from_table> on 2022-02-20 00:00:00+00:00
[2023-09-04T06:01:54.239+0000] {standard_task_runner.py:57} INFO - Started process 5066 to run task
[2023-09-04T06:01:54.243+0000] {standard_task_runner.py:84} INFO - Running: ['***', 'tasks', 'run', 'dag_with_postgres_operator_v04', 'delete_data_from_table', 'scheduled__2022-02-20T00:00:00+00:00', '--job-id', '318', '--raw', '--subdir', 'DAGS_FOLDER/dag_with_postgres_operator.py', '--cfg-path', '/tmp/tmp7o2_yb35']
[2023-09-04T06:01:54.246+0000] {standard_task_runner.py:85} INFO - Job 318: Subtask delete_data_from_table
[2023-09-04T06:01:54.321+0000] {task_command.py:415} INFO - Running <TaskInstance: dag_with_postgres_operator_v04.delete_data_from_table scheduled__2022-02-20T00:00:00+00:00 [running]> on host 10bdc2e98230
[2023-09-04T06:01:54.464+0000] {taskinstance.py:1660} INFO - Exporting env vars: AIRFLOW_CTX_DAG_OWNER='coder2j' AIRFLOW_CTX_DAG_ID='dag_with_postgres_operator_v04' AIRFLOW_CTX_TASK_ID='delete_data_from_table' AIRFLOW_CTX_EXECUTION_DATE='2022-02-20T00:00:00+00:00' AIRFLOW_CTX_TRY_NUMBER='1' AIRFLOW_CTX_DAG_RUN_ID='scheduled__2022-02-20T00:00:00+00:00'
[2023-09-04T06:01:54.466+0000] {sql.py:274} INFO - Executing: 
            delete from dag_runs where dt = '2022-02-20' and dag_id = 'dag_with_postgres_operator_v04';
        
[2023-09-04T06:01:54.478+0000] {base.py:73} INFO - Using connection ID 'postgres_localhost' for task execution.
[2023-09-04T06:01:54.491+0000] {base.py:73} INFO - Using connection ID 'postgres_localhost' for task execution.
[2023-09-04T06:01:54.508+0000] {sql.py:418} INFO - Running statement: 
            delete from dag_runs where dt = '2022-02-20' and dag_id = 'dag_with_postgres_operator_v04';
        , parameters: None
[2023-09-04T06:01:54.515+0000] {sql.py:427} INFO - Rows affected: 0
[2023-09-04T06:01:54.534+0000] {taskinstance.py:1400} INFO - Marking task as SUCCESS. dag_id=dag_with_postgres_operator_v04, task_id=delete_data_from_table, execution_date=20220220T000000, start_date=20230904T060154, end_date=20230904T060154
[2023-09-04T06:01:54.576+0000] {local_task_job_runner.py:228} INFO - Task exited with return code 0
[2023-09-04T06:01:54.630+0000] {taskinstance.py:2784} INFO - 1 downstream tasks scheduled from follow-on schedule check
[2023-09-04T06:04:43.222+0000] {taskinstance.py:1159} INFO - Dependencies all met for dep_context=non-requeueable deps ti=<TaskInstance: dag_with_postgres_operator_v04.delete_data_from_table scheduled__2022-02-20T00:00:00+00:00 [queued]>
[2023-09-04T06:04:43.248+0000] {taskinstance.py:1159} INFO - Dependencies all met for dep_context=requeueable deps ti=<TaskInstance: dag_with_postgres_operator_v04.delete_data_from_table scheduled__2022-02-20T00:00:00+00:00 [queued]>
[2023-09-04T06:04:43.249+0000] {taskinstance.py:1361} INFO - Starting attempt 1 of 6
[2023-09-04T06:04:43.424+0000] {taskinstance.py:1382} INFO - Executing <Task(PostgresOperator): delete_data_from_table> on 2022-02-20 00:00:00+00:00
[2023-09-04T06:04:43.435+0000] {standard_task_runner.py:57} INFO - Started process 6378 to run task
[2023-09-04T06:04:43.441+0000] {standard_task_runner.py:84} INFO - Running: ['***', 'tasks', 'run', 'dag_with_postgres_operator_v04', 'delete_data_from_table', 'scheduled__2022-02-20T00:00:00+00:00', '--job-id', '873', '--raw', '--subdir', 'DAGS_FOLDER/dag_with_postgres_operator.py', '--cfg-path', '/tmp/tmp86wi5oyh']
[2023-09-04T06:04:43.446+0000] {standard_task_runner.py:85} INFO - Job 873: Subtask delete_data_from_table
[2023-09-04T06:04:43.575+0000] {task_command.py:415} INFO - Running <TaskInstance: dag_with_postgres_operator_v04.delete_data_from_table scheduled__2022-02-20T00:00:00+00:00 [running]> on host 10bdc2e98230
[2023-09-04T06:04:43.778+0000] {taskinstance.py:1660} INFO - Exporting env vars: AIRFLOW_CTX_DAG_OWNER='mohghaff' AIRFLOW_CTX_DAG_ID='dag_with_postgres_operator_v04' AIRFLOW_CTX_TASK_ID='delete_data_from_table' AIRFLOW_CTX_EXECUTION_DATE='2022-02-20T00:00:00+00:00' AIRFLOW_CTX_TRY_NUMBER='1' AIRFLOW_CTX_DAG_RUN_ID='scheduled__2022-02-20T00:00:00+00:00'
[2023-09-04T06:04:43.780+0000] {sql.py:274} INFO - Executing: 
            delete from dag_runs where dt = '2022-02-20' and dag_id = 'dag_with_postgres_operator_v04';
        
[2023-09-04T06:04:43.800+0000] {base.py:73} INFO - Using connection ID 'postgres_localhost' for task execution.
[2023-09-04T06:04:43.817+0000] {base.py:73} INFO - Using connection ID 'postgres_localhost' for task execution.
[2023-09-04T06:04:43.837+0000] {sql.py:418} INFO - Running statement: 
            delete from dag_runs where dt = '2022-02-20' and dag_id = 'dag_with_postgres_operator_v04';
        , parameters: None
[2023-09-04T06:04:43.847+0000] {sql.py:427} INFO - Rows affected: 1
[2023-09-04T06:04:43.872+0000] {taskinstance.py:1400} INFO - Marking task as SUCCESS. dag_id=dag_with_postgres_operator_v04, task_id=delete_data_from_table, execution_date=20220220T000000, start_date=20230904T060443, end_date=20230904T060443
[2023-09-04T06:04:43.938+0000] {local_task_job_runner.py:228} INFO - Task exited with return code 0
[2023-09-04T06:04:43.994+0000] {taskinstance.py:2784} INFO - 1 downstream tasks scheduled from follow-on schedule check
