[2023-09-04T19:35:42.634+0000] {taskinstance.py:1159} INFO - Dependencies all met for dep_context=non-requeueable deps ti=<TaskInstance: postgres_hooks_v01.postgres_to_s3 scheduled__2023-01-09T00:00:00+00:00 [queued]>
[2023-09-04T19:35:42.652+0000] {taskinstance.py:1159} INFO - Dependencies all met for dep_context=requeueable deps ti=<TaskInstance: postgres_hooks_v01.postgres_to_s3 scheduled__2023-01-09T00:00:00+00:00 [queued]>
[2023-09-04T19:35:42.653+0000] {taskinstance.py:1361} INFO - Starting attempt 1 of 6
[2023-09-04T19:35:42.675+0000] {taskinstance.py:1382} INFO - Executing <Task(PythonOperator): postgres_to_s3> on 2023-01-09 00:00:00+00:00
[2023-09-04T19:35:42.696+0000] {standard_task_runner.py:57} INFO - Started process 21985 to run task
[2023-09-04T19:35:42.706+0000] {standard_task_runner.py:84} INFO - Running: ['***', 'tasks', 'run', 'postgres_hooks_v01', 'postgres_to_s3', 'scheduled__2023-01-09T00:00:00+00:00', '--job-id', '3732', '--raw', '--subdir', 'DAGS_FOLDER/dags_with_postgres_hooks.py', '--cfg-path', '/tmp/tmpus018309']
[2023-09-04T19:35:42.717+0000] {standard_task_runner.py:85} INFO - Job 3732: Subtask postgres_to_s3
[2023-09-04T19:35:42.832+0000] {task_command.py:415} INFO - Running <TaskInstance: postgres_hooks_v01.postgres_to_s3 scheduled__2023-01-09T00:00:00+00:00 [running]> on host 55ba52c92856
[2023-09-04T19:35:42.986+0000] {taskinstance.py:1660} INFO - Exporting env vars: AIRFLOW_CTX_DAG_OWNER='mohghaff' AIRFLOW_CTX_DAG_ID='postgres_hooks_v01' AIRFLOW_CTX_TASK_ID='postgres_to_s3' AIRFLOW_CTX_EXECUTION_DATE='2023-01-09T00:00:00+00:00' AIRFLOW_CTX_TRY_NUMBER='1' AIRFLOW_CTX_DAG_RUN_ID='scheduled__2023-01-09T00:00:00+00:00'
[2023-09-04T19:35:43.007+0000] {base.py:73} INFO - Using connection ID 'postgres_localhost' for task execution.
[2023-09-04T19:35:43.052+0000] {taskinstance.py:1943} ERROR - Task failed with exception
Traceback (most recent call last):
  File "/home/airflow/.local/lib/python3.8/site-packages/airflow/operators/python.py", line 192, in execute
    return_value = self.execute_callable()
  File "/home/airflow/.local/lib/python3.8/site-packages/airflow/operators/python.py", line 209, in execute_callable
    return self.python_callable(*self.op_args, **self.op_kwargs)
  File "/opt/airflow/dags/dags_with_postgres_hooks.py", line 23, in postgres_to_s3
    csv_writer = csv_writer(f)
UnboundLocalError: local variable 'csv_writer' referenced before assignment
[2023-09-04T19:35:43.072+0000] {taskinstance.py:1400} INFO - Marking task as UP_FOR_RETRY. dag_id=postgres_hooks_v01, task_id=postgres_to_s3, execution_date=20230109T000000, start_date=20230904T193542, end_date=20230904T193543
[2023-09-04T19:35:43.098+0000] {standard_task_runner.py:104} ERROR - Failed to execute job 3732 for task postgres_to_s3 (local variable 'csv_writer' referenced before assignment; 21985)
[2023-09-04T19:35:43.124+0000] {local_task_job_runner.py:228} INFO - Task exited with return code 1
[2023-09-04T19:35:43.192+0000] {taskinstance.py:2784} INFO - 0 downstream tasks scheduled from follow-on schedule check
