[2023-09-04T06:02:32.860+0000] {taskinstance.py:1159} INFO - Dependencies all met for dep_context=non-requeueable deps ti=<TaskInstance: dag_with_postgres_operator_v04.insert_into_table scheduled__2022-03-29T00:00:00+00:00 [queued]>
[2023-09-04T06:02:32.876+0000] {taskinstance.py:1159} INFO - Dependencies all met for dep_context=requeueable deps ti=<TaskInstance: dag_with_postgres_operator_v04.insert_into_table scheduled__2022-03-29T00:00:00+00:00 [queued]>
[2023-09-04T06:02:32.877+0000] {taskinstance.py:1361} INFO - Starting attempt 1 of 6
[2023-09-04T06:02:32.902+0000] {taskinstance.py:1382} INFO - Executing <Task(PostgresOperator): insert_into_table> on 2022-03-29 00:00:00+00:00
[2023-09-04T06:02:32.914+0000] {standard_task_runner.py:57} INFO - Started process 5374 to run task
[2023-09-04T06:02:32.917+0000] {standard_task_runner.py:84} INFO - Running: ['***', 'tasks', 'run', 'dag_with_postgres_operator_v04', 'insert_into_table', 'scheduled__2022-03-29T00:00:00+00:00', '--job-id', '455', '--raw', '--subdir', 'DAGS_FOLDER/dag_with_postgres_operator.py', '--cfg-path', '/tmp/tmpr0eb2gw4']
[2023-09-04T06:02:32.921+0000] {standard_task_runner.py:85} INFO - Job 455: Subtask insert_into_table
[2023-09-04T06:02:33.006+0000] {task_command.py:415} INFO - Running <TaskInstance: dag_with_postgres_operator_v04.insert_into_table scheduled__2022-03-29T00:00:00+00:00 [running]> on host 10bdc2e98230
[2023-09-04T06:02:33.167+0000] {taskinstance.py:1660} INFO - Exporting env vars: AIRFLOW_CTX_DAG_OWNER='coder2j' AIRFLOW_CTX_DAG_ID='dag_with_postgres_operator_v04' AIRFLOW_CTX_TASK_ID='insert_into_table' AIRFLOW_CTX_EXECUTION_DATE='2022-03-29T00:00:00+00:00' AIRFLOW_CTX_TRY_NUMBER='1' AIRFLOW_CTX_DAG_RUN_ID='scheduled__2022-03-29T00:00:00+00:00'
[2023-09-04T06:02:33.169+0000] {sql.py:274} INFO - Executing: 
            insert into dag_runs (dt, dag_id) values ('2022-03-29', 'dag_with_postgres_operator_v04')
        
[2023-09-04T06:02:33.185+0000] {base.py:73} INFO - Using connection ID 'postgres_localhost' for task execution.
[2023-09-04T06:02:33.202+0000] {base.py:73} INFO - Using connection ID 'postgres_localhost' for task execution.
[2023-09-04T06:02:33.223+0000] {sql.py:418} INFO - Running statement: 
            insert into dag_runs (dt, dag_id) values ('2022-03-29', 'dag_with_postgres_operator_v04')
        , parameters: None
[2023-09-04T06:02:33.229+0000] {sql.py:427} INFO - Rows affected: 1
[2023-09-04T06:02:33.251+0000] {taskinstance.py:1400} INFO - Marking task as SUCCESS. dag_id=dag_with_postgres_operator_v04, task_id=insert_into_table, execution_date=20220329T000000, start_date=20230904T060232, end_date=20230904T060233
[2023-09-04T06:02:33.291+0000] {local_task_job_runner.py:228} INFO - Task exited with return code 0
[2023-09-04T06:02:33.463+0000] {taskinstance.py:2784} INFO - 0 downstream tasks scheduled from follow-on schedule check
[2023-09-04T06:05:14.935+0000] {taskinstance.py:1159} INFO - Dependencies all met for dep_context=non-requeueable deps ti=<TaskInstance: dag_with_postgres_operator_v04.insert_into_table scheduled__2022-03-29T00:00:00+00:00 [queued]>
[2023-09-04T06:05:14.964+0000] {taskinstance.py:1159} INFO - Dependencies all met for dep_context=requeueable deps ti=<TaskInstance: dag_with_postgres_operator_v04.insert_into_table scheduled__2022-03-29T00:00:00+00:00 [queued]>
[2023-09-04T06:05:14.965+0000] {taskinstance.py:1361} INFO - Starting attempt 1 of 6
[2023-09-04T06:05:15.379+0000] {taskinstance.py:1382} INFO - Executing <Task(PostgresOperator): insert_into_table> on 2022-03-29 00:00:00+00:00
[2023-09-04T06:05:15.393+0000] {standard_task_runner.py:57} INFO - Started process 6653 to run task
[2023-09-04T06:05:15.400+0000] {standard_task_runner.py:84} INFO - Running: ['***', 'tasks', 'run', 'dag_with_postgres_operator_v04', 'insert_into_table', 'scheduled__2022-03-29T00:00:00+00:00', '--job-id', '995', '--raw', '--subdir', 'DAGS_FOLDER/dag_with_postgres_operator.py', '--cfg-path', '/tmp/tmpj60lcg96']
[2023-09-04T06:05:15.406+0000] {standard_task_runner.py:85} INFO - Job 995: Subtask insert_into_table
[2023-09-04T06:05:15.594+0000] {task_command.py:415} INFO - Running <TaskInstance: dag_with_postgres_operator_v04.insert_into_table scheduled__2022-03-29T00:00:00+00:00 [running]> on host 10bdc2e98230
[2023-09-04T06:05:15.873+0000] {taskinstance.py:1660} INFO - Exporting env vars: AIRFLOW_CTX_DAG_OWNER='mohghaff' AIRFLOW_CTX_DAG_ID='dag_with_postgres_operator_v04' AIRFLOW_CTX_TASK_ID='insert_into_table' AIRFLOW_CTX_EXECUTION_DATE='2022-03-29T00:00:00+00:00' AIRFLOW_CTX_TRY_NUMBER='1' AIRFLOW_CTX_DAG_RUN_ID='scheduled__2022-03-29T00:00:00+00:00'
[2023-09-04T06:05:15.876+0000] {sql.py:274} INFO - Executing: 
            insert into dag_runs (dt, dag_id) values ('2022-03-29', 'dag_with_postgres_operator_v04')
        
[2023-09-04T06:05:15.902+0000] {base.py:73} INFO - Using connection ID 'postgres_localhost' for task execution.
[2023-09-04T06:05:15.925+0000] {base.py:73} INFO - Using connection ID 'postgres_localhost' for task execution.
[2023-09-04T06:05:15.954+0000] {sql.py:418} INFO - Running statement: 
            insert into dag_runs (dt, dag_id) values ('2022-03-29', 'dag_with_postgres_operator_v04')
        , parameters: None
[2023-09-04T06:05:15.964+0000] {sql.py:427} INFO - Rows affected: 1
[2023-09-04T06:05:16.002+0000] {taskinstance.py:1400} INFO - Marking task as SUCCESS. dag_id=dag_with_postgres_operator_v04, task_id=insert_into_table, execution_date=20220329T000000, start_date=20230904T060514, end_date=20230904T060516
[2023-09-04T06:05:16.341+0000] {local_task_job_runner.py:228} INFO - Task exited with return code 0
[2023-09-04T06:05:16.385+0000] {taskinstance.py:2784} INFO - 0 downstream tasks scheduled from follow-on schedule check
