[2023-09-04T06:02:56.760+0000] {taskinstance.py:1159} INFO - Dependencies all met for dep_context=non-requeueable deps ti=<TaskInstance: dag_with_postgres_operator_v04.delete_data_from_table scheduled__2022-05-03T00:00:00+00:00 [queued]>
[2023-09-04T06:02:56.775+0000] {taskinstance.py:1159} INFO - Dependencies all met for dep_context=requeueable deps ti=<TaskInstance: dag_with_postgres_operator_v04.delete_data_from_table scheduled__2022-05-03T00:00:00+00:00 [queued]>
[2023-09-04T06:02:56.775+0000] {taskinstance.py:1361} INFO - Starting attempt 1 of 6
[2023-09-04T06:02:56.800+0000] {taskinstance.py:1382} INFO - Executing <Task(PostgresOperator): delete_data_from_table> on 2022-05-03 00:00:00+00:00
[2023-09-04T06:02:56.810+0000] {standard_task_runner.py:57} INFO - Started process 5586 to run task
[2023-09-04T06:02:56.814+0000] {standard_task_runner.py:84} INFO - Running: ['***', 'tasks', 'run', 'dag_with_postgres_operator_v04', 'delete_data_from_table', 'scheduled__2022-05-03T00:00:00+00:00', '--job-id', '540', '--raw', '--subdir', 'DAGS_FOLDER/dag_with_postgres_operator.py', '--cfg-path', '/tmp/tmprzhz03hc']
[2023-09-04T06:02:56.818+0000] {standard_task_runner.py:85} INFO - Job 540: Subtask delete_data_from_table
[2023-09-04T06:02:56.901+0000] {task_command.py:415} INFO - Running <TaskInstance: dag_with_postgres_operator_v04.delete_data_from_table scheduled__2022-05-03T00:00:00+00:00 [running]> on host 10bdc2e98230
[2023-09-04T06:02:57.047+0000] {taskinstance.py:1660} INFO - Exporting env vars: AIRFLOW_CTX_DAG_OWNER='coder2j' AIRFLOW_CTX_DAG_ID='dag_with_postgres_operator_v04' AIRFLOW_CTX_TASK_ID='delete_data_from_table' AIRFLOW_CTX_EXECUTION_DATE='2022-05-03T00:00:00+00:00' AIRFLOW_CTX_TRY_NUMBER='1' AIRFLOW_CTX_DAG_RUN_ID='scheduled__2022-05-03T00:00:00+00:00'
[2023-09-04T06:02:57.049+0000] {sql.py:274} INFO - Executing: 
            delete from dag_runs where dt = '2022-05-03' and dag_id = 'dag_with_postgres_operator_v04';
        
[2023-09-04T06:02:57.061+0000] {base.py:73} INFO - Using connection ID 'postgres_localhost' for task execution.
[2023-09-04T06:02:57.072+0000] {base.py:73} INFO - Using connection ID 'postgres_localhost' for task execution.
[2023-09-04T06:02:57.086+0000] {sql.py:418} INFO - Running statement: 
            delete from dag_runs where dt = '2022-05-03' and dag_id = 'dag_with_postgres_operator_v04';
        , parameters: None
[2023-09-04T06:02:57.091+0000] {sql.py:427} INFO - Rows affected: 0
[2023-09-04T06:02:57.107+0000] {taskinstance.py:1400} INFO - Marking task as SUCCESS. dag_id=dag_with_postgres_operator_v04, task_id=delete_data_from_table, execution_date=20220503T000000, start_date=20230904T060256, end_date=20230904T060257
[2023-09-04T06:02:57.148+0000] {local_task_job_runner.py:228} INFO - Task exited with return code 0
[2023-09-04T06:02:57.183+0000] {taskinstance.py:2784} INFO - 1 downstream tasks scheduled from follow-on schedule check
[2023-09-04T06:05:39.799+0000] {taskinstance.py:1159} INFO - Dependencies all met for dep_context=non-requeueable deps ti=<TaskInstance: dag_with_postgres_operator_v04.delete_data_from_table scheduled__2022-05-03T00:00:00+00:00 [queued]>
[2023-09-04T06:05:39.845+0000] {taskinstance.py:1159} INFO - Dependencies all met for dep_context=requeueable deps ti=<TaskInstance: dag_with_postgres_operator_v04.delete_data_from_table scheduled__2022-05-03T00:00:00+00:00 [queued]>
[2023-09-04T06:05:39.846+0000] {taskinstance.py:1361} INFO - Starting attempt 1 of 6
[2023-09-04T06:05:40.153+0000] {taskinstance.py:1382} INFO - Executing <Task(PostgresOperator): delete_data_from_table> on 2022-05-03 00:00:00+00:00
[2023-09-04T06:05:40.169+0000] {standard_task_runner.py:57} INFO - Started process 6858 to run task
[2023-09-04T06:05:40.176+0000] {standard_task_runner.py:84} INFO - Running: ['***', 'tasks', 'run', 'dag_with_postgres_operator_v04', 'delete_data_from_table', 'scheduled__2022-05-03T00:00:00+00:00', '--job-id', '1080', '--raw', '--subdir', 'DAGS_FOLDER/dag_with_postgres_operator.py', '--cfg-path', '/tmp/tmp5g3sx6fn']
[2023-09-04T06:05:40.186+0000] {standard_task_runner.py:85} INFO - Job 1080: Subtask delete_data_from_table
[2023-09-04T06:05:40.505+0000] {task_command.py:415} INFO - Running <TaskInstance: dag_with_postgres_operator_v04.delete_data_from_table scheduled__2022-05-03T00:00:00+00:00 [running]> on host 10bdc2e98230
[2023-09-04T06:05:40.898+0000] {taskinstance.py:1660} INFO - Exporting env vars: AIRFLOW_CTX_DAG_OWNER='mohghaff' AIRFLOW_CTX_DAG_ID='dag_with_postgres_operator_v04' AIRFLOW_CTX_TASK_ID='delete_data_from_table' AIRFLOW_CTX_EXECUTION_DATE='2022-05-03T00:00:00+00:00' AIRFLOW_CTX_TRY_NUMBER='1' AIRFLOW_CTX_DAG_RUN_ID='scheduled__2022-05-03T00:00:00+00:00'
[2023-09-04T06:05:40.901+0000] {sql.py:274} INFO - Executing: 
            delete from dag_runs where dt = '2022-05-03' and dag_id = 'dag_with_postgres_operator_v04';
        
[2023-09-04T06:05:40.932+0000] {base.py:73} INFO - Using connection ID 'postgres_localhost' for task execution.
[2023-09-04T06:05:40.957+0000] {base.py:73} INFO - Using connection ID 'postgres_localhost' for task execution.
[2023-09-04T06:05:41.028+0000] {sql.py:418} INFO - Running statement: 
            delete from dag_runs where dt = '2022-05-03' and dag_id = 'dag_with_postgres_operator_v04';
        , parameters: None
[2023-09-04T06:05:41.046+0000] {sql.py:427} INFO - Rows affected: 1
[2023-09-04T06:05:41.094+0000] {taskinstance.py:1400} INFO - Marking task as SUCCESS. dag_id=dag_with_postgres_operator_v04, task_id=delete_data_from_table, execution_date=20220503T000000, start_date=20230904T060539, end_date=20230904T060541
[2023-09-04T06:05:41.529+0000] {local_task_job_runner.py:228} INFO - Task exited with return code 0
[2023-09-04T06:05:41.611+0000] {taskinstance.py:2784} INFO - 1 downstream tasks scheduled from follow-on schedule check
