[2023-09-04T06:02:50.864+0000] {taskinstance.py:1159} INFO - Dependencies all met for dep_context=non-requeueable deps ti=<TaskInstance: dag_with_postgres_operator_v04.delete_data_from_table scheduled__2022-04-28T00:00:00+00:00 [queued]>
[2023-09-04T06:02:50.880+0000] {taskinstance.py:1159} INFO - Dependencies all met for dep_context=requeueable deps ti=<TaskInstance: dag_with_postgres_operator_v04.delete_data_from_table scheduled__2022-04-28T00:00:00+00:00 [queued]>
[2023-09-04T06:02:50.881+0000] {taskinstance.py:1361} INFO - Starting attempt 1 of 6
[2023-09-04T06:02:50.907+0000] {taskinstance.py:1382} INFO - Executing <Task(PostgresOperator): delete_data_from_table> on 2022-04-28 00:00:00+00:00
[2023-09-04T06:02:50.919+0000] {standard_task_runner.py:57} INFO - Started process 5522 to run task
[2023-09-04T06:02:50.926+0000] {standard_task_runner.py:84} INFO - Running: ['***', 'tasks', 'run', 'dag_with_postgres_operator_v04', 'delete_data_from_table', 'scheduled__2022-04-28T00:00:00+00:00', '--job-id', '526', '--raw', '--subdir', 'DAGS_FOLDER/dag_with_postgres_operator.py', '--cfg-path', '/tmp/tmpzh0ymkhk']
[2023-09-04T06:02:50.931+0000] {standard_task_runner.py:85} INFO - Job 526: Subtask delete_data_from_table
[2023-09-04T06:02:51.051+0000] {task_command.py:415} INFO - Running <TaskInstance: dag_with_postgres_operator_v04.delete_data_from_table scheduled__2022-04-28T00:00:00+00:00 [running]> on host 10bdc2e98230
[2023-09-04T06:02:51.233+0000] {taskinstance.py:1660} INFO - Exporting env vars: AIRFLOW_CTX_DAG_OWNER='coder2j' AIRFLOW_CTX_DAG_ID='dag_with_postgres_operator_v04' AIRFLOW_CTX_TASK_ID='delete_data_from_table' AIRFLOW_CTX_EXECUTION_DATE='2022-04-28T00:00:00+00:00' AIRFLOW_CTX_TRY_NUMBER='1' AIRFLOW_CTX_DAG_RUN_ID='scheduled__2022-04-28T00:00:00+00:00'
[2023-09-04T06:02:51.235+0000] {sql.py:274} INFO - Executing: 
            delete from dag_runs where dt = '2022-04-28' and dag_id = 'dag_with_postgres_operator_v04';
        
[2023-09-04T06:02:51.253+0000] {base.py:73} INFO - Using connection ID 'postgres_localhost' for task execution.
[2023-09-04T06:02:51.268+0000] {base.py:73} INFO - Using connection ID 'postgres_localhost' for task execution.
[2023-09-04T06:02:51.285+0000] {sql.py:418} INFO - Running statement: 
            delete from dag_runs where dt = '2022-04-28' and dag_id = 'dag_with_postgres_operator_v04';
        , parameters: None
[2023-09-04T06:02:51.291+0000] {sql.py:427} INFO - Rows affected: 0
[2023-09-04T06:02:51.312+0000] {taskinstance.py:1400} INFO - Marking task as SUCCESS. dag_id=dag_with_postgres_operator_v04, task_id=delete_data_from_table, execution_date=20220428T000000, start_date=20230904T060250, end_date=20230904T060251
[2023-09-04T06:02:51.379+0000] {local_task_job_runner.py:228} INFO - Task exited with return code 0
[2023-09-04T06:02:51.500+0000] {taskinstance.py:2784} INFO - 0 downstream tasks scheduled from follow-on schedule check
[2023-09-04T06:05:37.776+0000] {taskinstance.py:1159} INFO - Dependencies all met for dep_context=non-requeueable deps ti=<TaskInstance: dag_with_postgres_operator_v04.delete_data_from_table scheduled__2022-04-28T00:00:00+00:00 [queued]>
[2023-09-04T06:05:37.806+0000] {taskinstance.py:1159} INFO - Dependencies all met for dep_context=requeueable deps ti=<TaskInstance: dag_with_postgres_operator_v04.delete_data_from_table scheduled__2022-04-28T00:00:00+00:00 [queued]>
[2023-09-04T06:05:37.807+0000] {taskinstance.py:1361} INFO - Starting attempt 1 of 6
[2023-09-04T06:05:38.135+0000] {taskinstance.py:1382} INFO - Executing <Task(PostgresOperator): delete_data_from_table> on 2022-04-28 00:00:00+00:00
[2023-09-04T06:05:38.147+0000] {standard_task_runner.py:57} INFO - Started process 6836 to run task
[2023-09-04T06:05:38.159+0000] {standard_task_runner.py:84} INFO - Running: ['***', 'tasks', 'run', 'dag_with_postgres_operator_v04', 'delete_data_from_table', 'scheduled__2022-04-28T00:00:00+00:00', '--job-id', '1070', '--raw', '--subdir', 'DAGS_FOLDER/dag_with_postgres_operator.py', '--cfg-path', '/tmp/tmpfsfsuwlz']
[2023-09-04T06:05:38.164+0000] {standard_task_runner.py:85} INFO - Job 1070: Subtask delete_data_from_table
[2023-09-04T06:05:38.394+0000] {task_command.py:415} INFO - Running <TaskInstance: dag_with_postgres_operator_v04.delete_data_from_table scheduled__2022-04-28T00:00:00+00:00 [running]> on host 10bdc2e98230
[2023-09-04T06:05:38.832+0000] {taskinstance.py:1660} INFO - Exporting env vars: AIRFLOW_CTX_DAG_OWNER='mohghaff' AIRFLOW_CTX_DAG_ID='dag_with_postgres_operator_v04' AIRFLOW_CTX_TASK_ID='delete_data_from_table' AIRFLOW_CTX_EXECUTION_DATE='2022-04-28T00:00:00+00:00' AIRFLOW_CTX_TRY_NUMBER='1' AIRFLOW_CTX_DAG_RUN_ID='scheduled__2022-04-28T00:00:00+00:00'
[2023-09-04T06:05:38.835+0000] {sql.py:274} INFO - Executing: 
            delete from dag_runs where dt = '2022-04-28' and dag_id = 'dag_with_postgres_operator_v04';
        
[2023-09-04T06:05:38.862+0000] {base.py:73} INFO - Using connection ID 'postgres_localhost' for task execution.
[2023-09-04T06:05:38.899+0000] {base.py:73} INFO - Using connection ID 'postgres_localhost' for task execution.
[2023-09-04T06:05:38.946+0000] {sql.py:418} INFO - Running statement: 
            delete from dag_runs where dt = '2022-04-28' and dag_id = 'dag_with_postgres_operator_v04';
        , parameters: None
[2023-09-04T06:05:38.974+0000] {sql.py:427} INFO - Rows affected: 1
[2023-09-04T06:05:39.041+0000] {taskinstance.py:1400} INFO - Marking task as SUCCESS. dag_id=dag_with_postgres_operator_v04, task_id=delete_data_from_table, execution_date=20220428T000000, start_date=20230904T060537, end_date=20230904T060539
[2023-09-04T06:05:39.487+0000] {local_task_job_runner.py:228} INFO - Task exited with return code 0
[2023-09-04T06:05:39.590+0000] {taskinstance.py:2784} INFO - 1 downstream tasks scheduled from follow-on schedule check
