[2023-09-04T06:03:08.177+0000] {taskinstance.py:1159} INFO - Dependencies all met for dep_context=non-requeueable deps ti=<TaskInstance: dag_with_postgres_operator_v04.insert_into_table scheduled__2022-05-20T00:00:00+00:00 [queued]>
[2023-09-04T06:03:08.190+0000] {taskinstance.py:1159} INFO - Dependencies all met for dep_context=requeueable deps ti=<TaskInstance: dag_with_postgres_operator_v04.insert_into_table scheduled__2022-05-20T00:00:00+00:00 [queued]>
[2023-09-04T06:03:08.191+0000] {taskinstance.py:1361} INFO - Starting attempt 1 of 6
[2023-09-04T06:03:08.213+0000] {taskinstance.py:1382} INFO - Executing <Task(PostgresOperator): insert_into_table> on 2022-05-20 00:00:00+00:00
[2023-09-04T06:03:08.223+0000] {standard_task_runner.py:57} INFO - Started process 5698 to run task
[2023-09-04T06:03:08.227+0000] {standard_task_runner.py:84} INFO - Running: ['***', 'tasks', 'run', 'dag_with_postgres_operator_v04', 'insert_into_table', 'scheduled__2022-05-20T00:00:00+00:00', '--job-id', '598', '--raw', '--subdir', 'DAGS_FOLDER/dag_with_postgres_operator.py', '--cfg-path', '/tmp/tmpoqp26h5g']
[2023-09-04T06:03:08.230+0000] {standard_task_runner.py:85} INFO - Job 598: Subtask insert_into_table
[2023-09-04T06:03:08.308+0000] {task_command.py:415} INFO - Running <TaskInstance: dag_with_postgres_operator_v04.insert_into_table scheduled__2022-05-20T00:00:00+00:00 [running]> on host 10bdc2e98230
[2023-09-04T06:03:08.445+0000] {taskinstance.py:1660} INFO - Exporting env vars: AIRFLOW_CTX_DAG_OWNER='coder2j' AIRFLOW_CTX_DAG_ID='dag_with_postgres_operator_v04' AIRFLOW_CTX_TASK_ID='insert_into_table' AIRFLOW_CTX_EXECUTION_DATE='2022-05-20T00:00:00+00:00' AIRFLOW_CTX_TRY_NUMBER='1' AIRFLOW_CTX_DAG_RUN_ID='scheduled__2022-05-20T00:00:00+00:00'
[2023-09-04T06:03:08.447+0000] {sql.py:274} INFO - Executing: 
            insert into dag_runs (dt, dag_id) values ('2022-05-20', 'dag_with_postgres_operator_v04')
        
[2023-09-04T06:03:08.457+0000] {base.py:73} INFO - Using connection ID 'postgres_localhost' for task execution.
[2023-09-04T06:03:08.468+0000] {base.py:73} INFO - Using connection ID 'postgres_localhost' for task execution.
[2023-09-04T06:03:08.482+0000] {sql.py:418} INFO - Running statement: 
            insert into dag_runs (dt, dag_id) values ('2022-05-20', 'dag_with_postgres_operator_v04')
        , parameters: None
[2023-09-04T06:03:08.486+0000] {sql.py:427} INFO - Rows affected: 1
[2023-09-04T06:03:08.512+0000] {taskinstance.py:1400} INFO - Marking task as SUCCESS. dag_id=dag_with_postgres_operator_v04, task_id=insert_into_table, execution_date=20220520T000000, start_date=20230904T060308, end_date=20230904T060308
[2023-09-04T06:03:08.562+0000] {local_task_job_runner.py:228} INFO - Task exited with return code 0
[2023-09-04T06:03:08.579+0000] {taskinstance.py:2784} INFO - 0 downstream tasks scheduled from follow-on schedule check
[2023-09-04T06:05:58.337+0000] {taskinstance.py:1159} INFO - Dependencies all met for dep_context=non-requeueable deps ti=<TaskInstance: dag_with_postgres_operator_v04.insert_into_table scheduled__2022-05-20T00:00:00+00:00 [queued]>
[2023-09-04T06:05:58.362+0000] {taskinstance.py:1159} INFO - Dependencies all met for dep_context=requeueable deps ti=<TaskInstance: dag_with_postgres_operator_v04.insert_into_table scheduled__2022-05-20T00:00:00+00:00 [queued]>
[2023-09-04T06:05:58.363+0000] {taskinstance.py:1361} INFO - Starting attempt 1 of 6
[2023-09-04T06:05:58.393+0000] {taskinstance.py:1382} INFO - Executing <Task(PostgresOperator): insert_into_table> on 2022-05-20 00:00:00+00:00
[2023-09-04T06:05:58.404+0000] {standard_task_runner.py:57} INFO - Started process 7009 to run task
[2023-09-04T06:05:58.410+0000] {standard_task_runner.py:84} INFO - Running: ['***', 'tasks', 'run', 'dag_with_postgres_operator_v04', 'insert_into_table', 'scheduled__2022-05-20T00:00:00+00:00', '--job-id', '1151', '--raw', '--subdir', 'DAGS_FOLDER/dag_with_postgres_operator.py', '--cfg-path', '/tmp/tmphf2l24xk']
[2023-09-04T06:05:58.415+0000] {standard_task_runner.py:85} INFO - Job 1151: Subtask insert_into_table
[2023-09-04T06:05:58.544+0000] {task_command.py:415} INFO - Running <TaskInstance: dag_with_postgres_operator_v04.insert_into_table scheduled__2022-05-20T00:00:00+00:00 [running]> on host 10bdc2e98230
[2023-09-04T06:05:58.791+0000] {taskinstance.py:1660} INFO - Exporting env vars: AIRFLOW_CTX_DAG_OWNER='mohghaff' AIRFLOW_CTX_DAG_ID='dag_with_postgres_operator_v04' AIRFLOW_CTX_TASK_ID='insert_into_table' AIRFLOW_CTX_EXECUTION_DATE='2022-05-20T00:00:00+00:00' AIRFLOW_CTX_TRY_NUMBER='1' AIRFLOW_CTX_DAG_RUN_ID='scheduled__2022-05-20T00:00:00+00:00'
[2023-09-04T06:05:58.796+0000] {sql.py:274} INFO - Executing: 
            insert into dag_runs (dt, dag_id) values ('2022-05-20', 'dag_with_postgres_operator_v04')
        
[2023-09-04T06:05:58.820+0000] {base.py:73} INFO - Using connection ID 'postgres_localhost' for task execution.
[2023-09-04T06:05:58.844+0000] {base.py:73} INFO - Using connection ID 'postgres_localhost' for task execution.
[2023-09-04T06:05:58.872+0000] {sql.py:418} INFO - Running statement: 
            insert into dag_runs (dt, dag_id) values ('2022-05-20', 'dag_with_postgres_operator_v04')
        , parameters: None
[2023-09-04T06:05:58.881+0000] {sql.py:427} INFO - Rows affected: 1
[2023-09-04T06:05:58.904+0000] {taskinstance.py:1400} INFO - Marking task as SUCCESS. dag_id=dag_with_postgres_operator_v04, task_id=insert_into_table, execution_date=20220520T000000, start_date=20230904T060558, end_date=20230904T060558
[2023-09-04T06:05:59.024+0000] {local_task_job_runner.py:228} INFO - Task exited with return code 0
[2023-09-04T06:05:59.053+0000] {taskinstance.py:2784} INFO - 0 downstream tasks scheduled from follow-on schedule check
