[2023-09-04T06:06:25.422+0000] {taskinstance.py:1159} INFO - Dependencies all met for dep_context=non-requeueable deps ti=<TaskInstance: dag_with_postgres_operator_v04.create_postgres_table scheduled__2022-06-22T00:00:00+00:00 [queued]>
[2023-09-04T06:06:25.441+0000] {taskinstance.py:1159} INFO - Dependencies all met for dep_context=requeueable deps ti=<TaskInstance: dag_with_postgres_operator_v04.create_postgres_table scheduled__2022-06-22T00:00:00+00:00 [queued]>
[2023-09-04T06:06:25.442+0000] {taskinstance.py:1361} INFO - Starting attempt 1 of 6
[2023-09-04T06:06:25.588+0000] {taskinstance.py:1382} INFO - Executing <Task(PostgresOperator): create_postgres_table> on 2022-06-22 00:00:00+00:00
[2023-09-04T06:06:25.601+0000] {standard_task_runner.py:57} INFO - Started process 7207 to run task
[2023-09-04T06:06:25.609+0000] {standard_task_runner.py:84} INFO - Running: ['***', 'tasks', 'run', 'dag_with_postgres_operator_v04', 'create_postgres_table', 'scheduled__2022-06-22T00:00:00+00:00', '--job-id', '1231', '--raw', '--subdir', 'DAGS_FOLDER/dag_with_postgres_operator.py', '--cfg-path', '/tmp/tmpof1mv2kw']
[2023-09-04T06:06:25.613+0000] {standard_task_runner.py:85} INFO - Job 1231: Subtask create_postgres_table
[2023-09-04T06:06:25.833+0000] {task_command.py:415} INFO - Running <TaskInstance: dag_with_postgres_operator_v04.create_postgres_table scheduled__2022-06-22T00:00:00+00:00 [running]> on host 10bdc2e98230
[2023-09-04T06:06:26.167+0000] {taskinstance.py:1660} INFO - Exporting env vars: AIRFLOW_CTX_DAG_OWNER='mohghaff' AIRFLOW_CTX_DAG_ID='dag_with_postgres_operator_v04' AIRFLOW_CTX_TASK_ID='create_postgres_table' AIRFLOW_CTX_EXECUTION_DATE='2022-06-22T00:00:00+00:00' AIRFLOW_CTX_TRY_NUMBER='1' AIRFLOW_CTX_DAG_RUN_ID='scheduled__2022-06-22T00:00:00+00:00'
[2023-09-04T06:06:26.171+0000] {sql.py:274} INFO - Executing: 
            create table if not exists dag_runs (
                dt date,
                dag_id character varying,
                primary key (dt, dag_id)
            )
        
[2023-09-04T06:06:26.196+0000] {base.py:73} INFO - Using connection ID 'postgres_localhost' for task execution.
[2023-09-04T06:06:26.220+0000] {base.py:73} INFO - Using connection ID 'postgres_localhost' for task execution.
[2023-09-04T06:06:26.252+0000] {sql.py:418} INFO - Running statement: 
            create table if not exists dag_runs (
                dt date,
                dag_id character varying,
                primary key (dt, dag_id)
            )
        , parameters: None
[2023-09-04T06:06:26.290+0000] {taskinstance.py:1400} INFO - Marking task as SUCCESS. dag_id=dag_with_postgres_operator_v04, task_id=create_postgres_table, execution_date=20220622T000000, start_date=20230904T060625, end_date=20230904T060626
[2023-09-04T06:06:26.505+0000] {local_task_job_runner.py:228} INFO - Task exited with return code 0
[2023-09-04T06:06:26.580+0000] {taskinstance.py:2784} INFO - 1 downstream tasks scheduled from follow-on schedule check
