[2023-09-04T06:02:13.835+0000] {taskinstance.py:1159} INFO - Dependencies all met for dep_context=non-requeueable deps ti=<TaskInstance: dag_with_postgres_operator_v04.insert_into_table scheduled__2022-03-09T00:00:00+00:00 [queued]>
[2023-09-04T06:02:13.854+0000] {taskinstance.py:1159} INFO - Dependencies all met for dep_context=requeueable deps ti=<TaskInstance: dag_with_postgres_operator_v04.insert_into_table scheduled__2022-03-09T00:00:00+00:00 [queued]>
[2023-09-04T06:02:13.854+0000] {taskinstance.py:1361} INFO - Starting attempt 1 of 6
[2023-09-04T06:02:13.880+0000] {taskinstance.py:1382} INFO - Executing <Task(PostgresOperator): insert_into_table> on 2022-03-09 00:00:00+00:00
[2023-09-04T06:02:13.888+0000] {standard_task_runner.py:57} INFO - Started process 5209 to run task
[2023-09-04T06:02:13.893+0000] {standard_task_runner.py:84} INFO - Running: ['***', 'tasks', 'run', 'dag_with_postgres_operator_v04', 'insert_into_table', 'scheduled__2022-03-09T00:00:00+00:00', '--job-id', '388', '--raw', '--subdir', 'DAGS_FOLDER/dag_with_postgres_operator.py', '--cfg-path', '/tmp/tmp3a3qe8a5']
[2023-09-04T06:02:13.896+0000] {standard_task_runner.py:85} INFO - Job 388: Subtask insert_into_table
[2023-09-04T06:02:13.965+0000] {task_command.py:415} INFO - Running <TaskInstance: dag_with_postgres_operator_v04.insert_into_table scheduled__2022-03-09T00:00:00+00:00 [running]> on host 10bdc2e98230
[2023-09-04T06:02:14.095+0000] {taskinstance.py:1660} INFO - Exporting env vars: AIRFLOW_CTX_DAG_OWNER='coder2j' AIRFLOW_CTX_DAG_ID='dag_with_postgres_operator_v04' AIRFLOW_CTX_TASK_ID='insert_into_table' AIRFLOW_CTX_EXECUTION_DATE='2022-03-09T00:00:00+00:00' AIRFLOW_CTX_TRY_NUMBER='1' AIRFLOW_CTX_DAG_RUN_ID='scheduled__2022-03-09T00:00:00+00:00'
[2023-09-04T06:02:14.097+0000] {sql.py:274} INFO - Executing: 
            insert into dag_runs (dt, dag_id) values ('2022-03-09', 'dag_with_postgres_operator_v04')
        
[2023-09-04T06:02:14.110+0000] {base.py:73} INFO - Using connection ID 'postgres_localhost' for task execution.
[2023-09-04T06:02:14.121+0000] {base.py:73} INFO - Using connection ID 'postgres_localhost' for task execution.
[2023-09-04T06:02:14.136+0000] {sql.py:418} INFO - Running statement: 
            insert into dag_runs (dt, dag_id) values ('2022-03-09', 'dag_with_postgres_operator_v04')
        , parameters: None
[2023-09-04T06:02:14.141+0000] {sql.py:427} INFO - Rows affected: 1
[2023-09-04T06:02:14.158+0000] {taskinstance.py:1400} INFO - Marking task as SUCCESS. dag_id=dag_with_postgres_operator_v04, task_id=insert_into_table, execution_date=20220309T000000, start_date=20230904T060213, end_date=20230904T060214
[2023-09-04T06:02:14.185+0000] {local_task_job_runner.py:228} INFO - Task exited with return code 0
[2023-09-04T06:02:14.204+0000] {taskinstance.py:2784} INFO - 0 downstream tasks scheduled from follow-on schedule check
[2023-09-04T06:05:00.379+0000] {taskinstance.py:1159} INFO - Dependencies all met for dep_context=non-requeueable deps ti=<TaskInstance: dag_with_postgres_operator_v04.insert_into_table scheduled__2022-03-09T00:00:00+00:00 [queued]>
[2023-09-04T06:05:00.412+0000] {taskinstance.py:1159} INFO - Dependencies all met for dep_context=requeueable deps ti=<TaskInstance: dag_with_postgres_operator_v04.insert_into_table scheduled__2022-03-09T00:00:00+00:00 [queued]>
[2023-09-04T06:05:00.413+0000] {taskinstance.py:1361} INFO - Starting attempt 1 of 6
[2023-09-04T06:05:00.455+0000] {taskinstance.py:1382} INFO - Executing <Task(PostgresOperator): insert_into_table> on 2022-03-09 00:00:00+00:00
[2023-09-04T06:05:00.468+0000] {standard_task_runner.py:57} INFO - Started process 6544 to run task
[2023-09-04T06:05:00.479+0000] {standard_task_runner.py:84} INFO - Running: ['***', 'tasks', 'run', 'dag_with_postgres_operator_v04', 'insert_into_table', 'scheduled__2022-03-09T00:00:00+00:00', '--job-id', '945', '--raw', '--subdir', 'DAGS_FOLDER/dag_with_postgres_operator.py', '--cfg-path', '/tmp/tmp1p1y2gdq']
[2023-09-04T06:05:00.484+0000] {standard_task_runner.py:85} INFO - Job 945: Subtask insert_into_table
[2023-09-04T06:05:00.662+0000] {task_command.py:415} INFO - Running <TaskInstance: dag_with_postgres_operator_v04.insert_into_table scheduled__2022-03-09T00:00:00+00:00 [running]> on host 10bdc2e98230
[2023-09-04T06:05:00.980+0000] {taskinstance.py:1660} INFO - Exporting env vars: AIRFLOW_CTX_DAG_OWNER='mohghaff' AIRFLOW_CTX_DAG_ID='dag_with_postgres_operator_v04' AIRFLOW_CTX_TASK_ID='insert_into_table' AIRFLOW_CTX_EXECUTION_DATE='2022-03-09T00:00:00+00:00' AIRFLOW_CTX_TRY_NUMBER='1' AIRFLOW_CTX_DAG_RUN_ID='scheduled__2022-03-09T00:00:00+00:00'
[2023-09-04T06:05:00.983+0000] {sql.py:274} INFO - Executing: 
            insert into dag_runs (dt, dag_id) values ('2022-03-09', 'dag_with_postgres_operator_v04')
        
[2023-09-04T06:05:01.023+0000] {base.py:73} INFO - Using connection ID 'postgres_localhost' for task execution.
[2023-09-04T06:05:01.063+0000] {base.py:73} INFO - Using connection ID 'postgres_localhost' for task execution.
[2023-09-04T06:05:01.113+0000] {sql.py:418} INFO - Running statement: 
            insert into dag_runs (dt, dag_id) values ('2022-03-09', 'dag_with_postgres_operator_v04')
        , parameters: None
[2023-09-04T06:05:01.123+0000] {sql.py:427} INFO - Rows affected: 1
[2023-09-04T06:05:01.167+0000] {taskinstance.py:1400} INFO - Marking task as SUCCESS. dag_id=dag_with_postgres_operator_v04, task_id=insert_into_table, execution_date=20220309T000000, start_date=20230904T060500, end_date=20230904T060501
[2023-09-04T06:05:01.257+0000] {local_task_job_runner.py:228} INFO - Task exited with return code 0
[2023-09-04T06:05:01.303+0000] {taskinstance.py:2784} INFO - 0 downstream tasks scheduled from follow-on schedule check
