[2023-09-04T06:02:04.768+0000] {taskinstance.py:1159} INFO - Dependencies all met for dep_context=non-requeueable deps ti=<TaskInstance: dag_with_postgres_operator_v04.insert_into_table scheduled__2022-02-25T00:00:00+00:00 [queued]>
[2023-09-04T06:02:04.785+0000] {taskinstance.py:1159} INFO - Dependencies all met for dep_context=requeueable deps ti=<TaskInstance: dag_with_postgres_operator_v04.insert_into_table scheduled__2022-02-25T00:00:00+00:00 [queued]>
[2023-09-04T06:02:04.786+0000] {taskinstance.py:1361} INFO - Starting attempt 1 of 6
[2023-09-04T06:02:04.981+0000] {taskinstance.py:1382} INFO - Executing <Task(PostgresOperator): insert_into_table> on 2022-02-25 00:00:00+00:00
[2023-09-04T06:02:04.991+0000] {standard_task_runner.py:57} INFO - Started process 5136 to run task
[2023-09-04T06:02:04.995+0000] {standard_task_runner.py:84} INFO - Running: ['***', 'tasks', 'run', 'dag_with_postgres_operator_v04', 'insert_into_table', 'scheduled__2022-02-25T00:00:00+00:00', '--job-id', '352', '--raw', '--subdir', 'DAGS_FOLDER/dag_with_postgres_operator.py', '--cfg-path', '/tmp/tmpk6j1ug32']
[2023-09-04T06:02:04.999+0000] {standard_task_runner.py:85} INFO - Job 352: Subtask insert_into_table
[2023-09-04T06:02:05.067+0000] {task_command.py:415} INFO - Running <TaskInstance: dag_with_postgres_operator_v04.insert_into_table scheduled__2022-02-25T00:00:00+00:00 [running]> on host 10bdc2e98230
[2023-09-04T06:02:05.202+0000] {taskinstance.py:1660} INFO - Exporting env vars: AIRFLOW_CTX_DAG_OWNER='coder2j' AIRFLOW_CTX_DAG_ID='dag_with_postgres_operator_v04' AIRFLOW_CTX_TASK_ID='insert_into_table' AIRFLOW_CTX_EXECUTION_DATE='2022-02-25T00:00:00+00:00' AIRFLOW_CTX_TRY_NUMBER='1' AIRFLOW_CTX_DAG_RUN_ID='scheduled__2022-02-25T00:00:00+00:00'
[2023-09-04T06:02:05.204+0000] {sql.py:274} INFO - Executing: 
            insert into dag_runs (dt, dag_id) values ('2022-02-25', 'dag_with_postgres_operator_v04')
        
[2023-09-04T06:02:05.215+0000] {base.py:73} INFO - Using connection ID 'postgres_localhost' for task execution.
[2023-09-04T06:02:05.225+0000] {base.py:73} INFO - Using connection ID 'postgres_localhost' for task execution.
[2023-09-04T06:02:05.237+0000] {sql.py:418} INFO - Running statement: 
            insert into dag_runs (dt, dag_id) values ('2022-02-25', 'dag_with_postgres_operator_v04')
        , parameters: None
[2023-09-04T06:02:05.241+0000] {sql.py:427} INFO - Rows affected: 1
[2023-09-04T06:02:05.257+0000] {taskinstance.py:1400} INFO - Marking task as SUCCESS. dag_id=dag_with_postgres_operator_v04, task_id=insert_into_table, execution_date=20220225T000000, start_date=20230904T060204, end_date=20230904T060205
[2023-09-04T06:02:05.288+0000] {local_task_job_runner.py:228} INFO - Task exited with return code 0
[2023-09-04T06:02:05.308+0000] {taskinstance.py:2784} INFO - 0 downstream tasks scheduled from follow-on schedule check
[2023-09-04T06:04:48.053+0000] {taskinstance.py:1159} INFO - Dependencies all met for dep_context=non-requeueable deps ti=<TaskInstance: dag_with_postgres_operator_v04.insert_into_table scheduled__2022-02-25T00:00:00+00:00 [queued]>
[2023-09-04T06:04:48.106+0000] {taskinstance.py:1159} INFO - Dependencies all met for dep_context=requeueable deps ti=<TaskInstance: dag_with_postgres_operator_v04.insert_into_table scheduled__2022-02-25T00:00:00+00:00 [queued]>
[2023-09-04T06:04:48.107+0000] {taskinstance.py:1361} INFO - Starting attempt 1 of 6
[2023-09-04T06:04:48.161+0000] {taskinstance.py:1382} INFO - Executing <Task(PostgresOperator): insert_into_table> on 2022-02-25 00:00:00+00:00
[2023-09-04T06:04:48.174+0000] {standard_task_runner.py:57} INFO - Started process 6420 to run task
[2023-09-04T06:04:48.180+0000] {standard_task_runner.py:84} INFO - Running: ['***', 'tasks', 'run', 'dag_with_postgres_operator_v04', 'insert_into_table', 'scheduled__2022-02-25T00:00:00+00:00', '--job-id', '898', '--raw', '--subdir', 'DAGS_FOLDER/dag_with_postgres_operator.py', '--cfg-path', '/tmp/tmpo1r1shaz']
[2023-09-04T06:04:48.186+0000] {standard_task_runner.py:85} INFO - Job 898: Subtask insert_into_table
[2023-09-04T06:04:48.302+0000] {task_command.py:415} INFO - Running <TaskInstance: dag_with_postgres_operator_v04.insert_into_table scheduled__2022-02-25T00:00:00+00:00 [running]> on host 10bdc2e98230
[2023-09-04T06:04:48.554+0000] {taskinstance.py:1660} INFO - Exporting env vars: AIRFLOW_CTX_DAG_OWNER='mohghaff' AIRFLOW_CTX_DAG_ID='dag_with_postgres_operator_v04' AIRFLOW_CTX_TASK_ID='insert_into_table' AIRFLOW_CTX_EXECUTION_DATE='2022-02-25T00:00:00+00:00' AIRFLOW_CTX_TRY_NUMBER='1' AIRFLOW_CTX_DAG_RUN_ID='scheduled__2022-02-25T00:00:00+00:00'
[2023-09-04T06:04:48.556+0000] {sql.py:274} INFO - Executing: 
            insert into dag_runs (dt, dag_id) values ('2022-02-25', 'dag_with_postgres_operator_v04')
        
[2023-09-04T06:04:48.578+0000] {base.py:73} INFO - Using connection ID 'postgres_localhost' for task execution.
[2023-09-04T06:04:48.596+0000] {base.py:73} INFO - Using connection ID 'postgres_localhost' for task execution.
[2023-09-04T06:04:48.620+0000] {sql.py:418} INFO - Running statement: 
            insert into dag_runs (dt, dag_id) values ('2022-02-25', 'dag_with_postgres_operator_v04')
        , parameters: None
[2023-09-04T06:04:48.631+0000] {sql.py:427} INFO - Rows affected: 1
[2023-09-04T06:04:48.669+0000] {taskinstance.py:1400} INFO - Marking task as SUCCESS. dag_id=dag_with_postgres_operator_v04, task_id=insert_into_table, execution_date=20220225T000000, start_date=20230904T060448, end_date=20230904T060448
[2023-09-04T06:04:48.756+0000] {local_task_job_runner.py:228} INFO - Task exited with return code 0
[2023-09-04T06:04:48.803+0000] {taskinstance.py:2784} INFO - 0 downstream tasks scheduled from follow-on schedule check
