[2023-09-04T06:01:18.162+0000] {taskinstance.py:1159} INFO - Dependencies all met for dep_context=non-requeueable deps ti=<TaskInstance: dag_with_postgres_operator_v04.delete_data_from_table scheduled__2022-01-07T00:00:00+00:00 [queued]>
[2023-09-04T06:01:18.173+0000] {taskinstance.py:1159} INFO - Dependencies all met for dep_context=requeueable deps ti=<TaskInstance: dag_with_postgres_operator_v04.delete_data_from_table scheduled__2022-01-07T00:00:00+00:00 [queued]>
[2023-09-04T06:01:18.173+0000] {taskinstance.py:1361} INFO - Starting attempt 1 of 6
[2023-09-04T06:01:18.259+0000] {taskinstance.py:1382} INFO - Executing <Task(PostgresOperator): delete_data_from_table> on 2022-01-07 00:00:00+00:00
[2023-09-04T06:01:18.269+0000] {standard_task_runner.py:57} INFO - Started process 4740 to run task
[2023-09-04T06:01:18.272+0000] {standard_task_runner.py:84} INFO - Running: ['***', 'tasks', 'run', 'dag_with_postgres_operator_v04', 'delete_data_from_table', 'scheduled__2022-01-07T00:00:00+00:00', '--job-id', '189', '--raw', '--subdir', 'DAGS_FOLDER/dag_with_postgres_operator.py', '--cfg-path', '/tmp/tmp19p32nh7']
[2023-09-04T06:01:18.275+0000] {standard_task_runner.py:85} INFO - Job 189: Subtask delete_data_from_table
[2023-09-04T06:01:18.336+0000] {task_command.py:415} INFO - Running <TaskInstance: dag_with_postgres_operator_v04.delete_data_from_table scheduled__2022-01-07T00:00:00+00:00 [running]> on host 10bdc2e98230
[2023-09-04T06:01:18.448+0000] {taskinstance.py:1660} INFO - Exporting env vars: AIRFLOW_CTX_DAG_OWNER='coder2j' AIRFLOW_CTX_DAG_ID='dag_with_postgres_operator_v04' AIRFLOW_CTX_TASK_ID='delete_data_from_table' AIRFLOW_CTX_EXECUTION_DATE='2022-01-07T00:00:00+00:00' AIRFLOW_CTX_TRY_NUMBER='1' AIRFLOW_CTX_DAG_RUN_ID='scheduled__2022-01-07T00:00:00+00:00'
[2023-09-04T06:01:18.449+0000] {sql.py:274} INFO - Executing: 
            delete from dag_runs where dt = '2022-01-07' and dag_id = 'dag_with_postgres_operator_v04';
        
[2023-09-04T06:01:18.462+0000] {base.py:73} INFO - Using connection ID 'postgres_localhost' for task execution.
[2023-09-04T06:01:18.477+0000] {base.py:73} INFO - Using connection ID 'postgres_localhost' for task execution.
[2023-09-04T06:01:18.494+0000] {sql.py:418} INFO - Running statement: 
            delete from dag_runs where dt = '2022-01-07' and dag_id = 'dag_with_postgres_operator_v04';
        , parameters: None
[2023-09-04T06:01:18.517+0000] {sql.py:427} INFO - Rows affected: 0
[2023-09-04T06:01:18.538+0000] {taskinstance.py:1400} INFO - Marking task as SUCCESS. dag_id=dag_with_postgres_operator_v04, task_id=delete_data_from_table, execution_date=20220107T000000, start_date=20230904T060118, end_date=20230904T060118
[2023-09-04T06:01:18.607+0000] {local_task_job_runner.py:228} INFO - Task exited with return code 0
[2023-09-04T06:01:18.761+0000] {taskinstance.py:2784} INFO - 0 downstream tasks scheduled from follow-on schedule check
[2023-09-04T06:04:08.887+0000] {taskinstance.py:1159} INFO - Dependencies all met for dep_context=non-requeueable deps ti=<TaskInstance: dag_with_postgres_operator_v04.delete_data_from_table scheduled__2022-01-07T00:00:00+00:00 [queued]>
[2023-09-04T06:04:08.914+0000] {taskinstance.py:1159} INFO - Dependencies all met for dep_context=requeueable deps ti=<TaskInstance: dag_with_postgres_operator_v04.delete_data_from_table scheduled__2022-01-07T00:00:00+00:00 [queued]>
[2023-09-04T06:04:08.915+0000] {taskinstance.py:1361} INFO - Starting attempt 1 of 6
[2023-09-04T06:04:08.964+0000] {taskinstance.py:1382} INFO - Executing <Task(PostgresOperator): delete_data_from_table> on 2022-01-07 00:00:00+00:00
[2023-09-04T06:04:08.975+0000] {standard_task_runner.py:57} INFO - Started process 6054 to run task
[2023-09-04T06:04:08.980+0000] {standard_task_runner.py:84} INFO - Running: ['***', 'tasks', 'run', 'dag_with_postgres_operator_v04', 'delete_data_from_table', 'scheduled__2022-01-07T00:00:00+00:00', '--job-id', '736', '--raw', '--subdir', 'DAGS_FOLDER/dag_with_postgres_operator.py', '--cfg-path', '/tmp/tmp70azu1zj']
[2023-09-04T06:04:08.986+0000] {standard_task_runner.py:85} INFO - Job 736: Subtask delete_data_from_table
[2023-09-04T06:04:09.108+0000] {task_command.py:415} INFO - Running <TaskInstance: dag_with_postgres_operator_v04.delete_data_from_table scheduled__2022-01-07T00:00:00+00:00 [running]> on host 10bdc2e98230
[2023-09-04T06:04:09.458+0000] {taskinstance.py:1660} INFO - Exporting env vars: AIRFLOW_CTX_DAG_OWNER='mohghaff' AIRFLOW_CTX_DAG_ID='dag_with_postgres_operator_v04' AIRFLOW_CTX_TASK_ID='delete_data_from_table' AIRFLOW_CTX_EXECUTION_DATE='2022-01-07T00:00:00+00:00' AIRFLOW_CTX_TRY_NUMBER='1' AIRFLOW_CTX_DAG_RUN_ID='scheduled__2022-01-07T00:00:00+00:00'
[2023-09-04T06:04:09.460+0000] {sql.py:274} INFO - Executing: 
            delete from dag_runs where dt = '2022-01-07' and dag_id = 'dag_with_postgres_operator_v04';
        
[2023-09-04T06:04:09.497+0000] {base.py:73} INFO - Using connection ID 'postgres_localhost' for task execution.
[2023-09-04T06:04:09.521+0000] {base.py:73} INFO - Using connection ID 'postgres_localhost' for task execution.
[2023-09-04T06:04:09.564+0000] {sql.py:418} INFO - Running statement: 
            delete from dag_runs where dt = '2022-01-07' and dag_id = 'dag_with_postgres_operator_v04';
        , parameters: None
[2023-09-04T06:04:09.581+0000] {sql.py:427} INFO - Rows affected: 1
[2023-09-04T06:04:09.618+0000] {taskinstance.py:1400} INFO - Marking task as SUCCESS. dag_id=dag_with_postgres_operator_v04, task_id=delete_data_from_table, execution_date=20220107T000000, start_date=20230904T060408, end_date=20230904T060409
[2023-09-04T06:04:10.008+0000] {local_task_job_runner.py:228} INFO - Task exited with return code 0
[2023-09-04T06:04:10.066+0000] {taskinstance.py:2784} INFO - 1 downstream tasks scheduled from follow-on schedule check
