[2023-09-04T06:01:45.561+0000] {taskinstance.py:1159} INFO - Dependencies all met for dep_context=non-requeueable deps ti=<TaskInstance: dag_with_postgres_operator_v04.delete_data_from_table scheduled__2022-02-11T00:00:00+00:00 [queued]>
[2023-09-04T06:01:45.582+0000] {taskinstance.py:1159} INFO - Dependencies all met for dep_context=requeueable deps ti=<TaskInstance: dag_with_postgres_operator_v04.delete_data_from_table scheduled__2022-02-11T00:00:00+00:00 [queued]>
[2023-09-04T06:01:45.583+0000] {taskinstance.py:1361} INFO - Starting attempt 1 of 6
[2023-09-04T06:01:45.612+0000] {taskinstance.py:1382} INFO - Executing <Task(PostgresOperator): delete_data_from_table> on 2022-02-11 00:00:00+00:00
[2023-09-04T06:01:45.622+0000] {standard_task_runner.py:57} INFO - Started process 4979 to run task
[2023-09-04T06:01:45.627+0000] {standard_task_runner.py:84} INFO - Running: ['***', 'tasks', 'run', 'dag_with_postgres_operator_v04', 'delete_data_from_table', 'scheduled__2022-02-11T00:00:00+00:00', '--job-id', '291', '--raw', '--subdir', 'DAGS_FOLDER/dag_with_postgres_operator.py', '--cfg-path', '/tmp/tmpi9tuyb_u']
[2023-09-04T06:01:45.631+0000] {standard_task_runner.py:85} INFO - Job 291: Subtask delete_data_from_table
[2023-09-04T06:01:45.711+0000] {task_command.py:415} INFO - Running <TaskInstance: dag_with_postgres_operator_v04.delete_data_from_table scheduled__2022-02-11T00:00:00+00:00 [running]> on host 10bdc2e98230
[2023-09-04T06:01:45.852+0000] {taskinstance.py:1660} INFO - Exporting env vars: AIRFLOW_CTX_DAG_OWNER='coder2j' AIRFLOW_CTX_DAG_ID='dag_with_postgres_operator_v04' AIRFLOW_CTX_TASK_ID='delete_data_from_table' AIRFLOW_CTX_EXECUTION_DATE='2022-02-11T00:00:00+00:00' AIRFLOW_CTX_TRY_NUMBER='1' AIRFLOW_CTX_DAG_RUN_ID='scheduled__2022-02-11T00:00:00+00:00'
[2023-09-04T06:01:45.854+0000] {sql.py:274} INFO - Executing: 
            delete from dag_runs where dt = '2022-02-11' and dag_id = 'dag_with_postgres_operator_v04';
        
[2023-09-04T06:01:45.867+0000] {base.py:73} INFO - Using connection ID 'postgres_localhost' for task execution.
[2023-09-04T06:01:45.880+0000] {base.py:73} INFO - Using connection ID 'postgres_localhost' for task execution.
[2023-09-04T06:01:45.896+0000] {sql.py:418} INFO - Running statement: 
            delete from dag_runs where dt = '2022-02-11' and dag_id = 'dag_with_postgres_operator_v04';
        , parameters: None
[2023-09-04T06:01:45.902+0000] {sql.py:427} INFO - Rows affected: 0
[2023-09-04T06:01:45.919+0000] {taskinstance.py:1400} INFO - Marking task as SUCCESS. dag_id=dag_with_postgres_operator_v04, task_id=delete_data_from_table, execution_date=20220211T000000, start_date=20230904T060145, end_date=20230904T060145
[2023-09-04T06:01:45.963+0000] {local_task_job_runner.py:228} INFO - Task exited with return code 0
[2023-09-04T06:01:45.992+0000] {taskinstance.py:2784} INFO - 1 downstream tasks scheduled from follow-on schedule check
[2023-09-04T06:04:34.037+0000] {taskinstance.py:1159} INFO - Dependencies all met for dep_context=non-requeueable deps ti=<TaskInstance: dag_with_postgres_operator_v04.delete_data_from_table scheduled__2022-02-11T00:00:00+00:00 [queued]>
[2023-09-04T06:04:34.070+0000] {taskinstance.py:1159} INFO - Dependencies all met for dep_context=requeueable deps ti=<TaskInstance: dag_with_postgres_operator_v04.delete_data_from_table scheduled__2022-02-11T00:00:00+00:00 [queued]>
[2023-09-04T06:04:34.074+0000] {taskinstance.py:1361} INFO - Starting attempt 1 of 6
[2023-09-04T06:04:34.126+0000] {taskinstance.py:1382} INFO - Executing <Task(PostgresOperator): delete_data_from_table> on 2022-02-11 00:00:00+00:00
[2023-09-04T06:04:34.144+0000] {standard_task_runner.py:57} INFO - Started process 6297 to run task
[2023-09-04T06:04:34.151+0000] {standard_task_runner.py:84} INFO - Running: ['***', 'tasks', 'run', 'dag_with_postgres_operator_v04', 'delete_data_from_table', 'scheduled__2022-02-11T00:00:00+00:00', '--job-id', '837', '--raw', '--subdir', 'DAGS_FOLDER/dag_with_postgres_operator.py', '--cfg-path', '/tmp/tmprmffaf_e']
[2023-09-04T06:04:34.156+0000] {standard_task_runner.py:85} INFO - Job 837: Subtask delete_data_from_table
[2023-09-04T06:04:34.484+0000] {task_command.py:415} INFO - Running <TaskInstance: dag_with_postgres_operator_v04.delete_data_from_table scheduled__2022-02-11T00:00:00+00:00 [running]> on host 10bdc2e98230
[2023-09-04T06:04:34.777+0000] {taskinstance.py:1660} INFO - Exporting env vars: AIRFLOW_CTX_DAG_OWNER='mohghaff' AIRFLOW_CTX_DAG_ID='dag_with_postgres_operator_v04' AIRFLOW_CTX_TASK_ID='delete_data_from_table' AIRFLOW_CTX_EXECUTION_DATE='2022-02-11T00:00:00+00:00' AIRFLOW_CTX_TRY_NUMBER='1' AIRFLOW_CTX_DAG_RUN_ID='scheduled__2022-02-11T00:00:00+00:00'
[2023-09-04T06:04:34.780+0000] {sql.py:274} INFO - Executing: 
            delete from dag_runs where dt = '2022-02-11' and dag_id = 'dag_with_postgres_operator_v04';
        
[2023-09-04T06:04:34.800+0000] {base.py:73} INFO - Using connection ID 'postgres_localhost' for task execution.
[2023-09-04T06:04:34.828+0000] {base.py:73} INFO - Using connection ID 'postgres_localhost' for task execution.
[2023-09-04T06:04:34.853+0000] {sql.py:418} INFO - Running statement: 
            delete from dag_runs where dt = '2022-02-11' and dag_id = 'dag_with_postgres_operator_v04';
        , parameters: None
[2023-09-04T06:04:34.863+0000] {sql.py:427} INFO - Rows affected: 1
[2023-09-04T06:04:34.892+0000] {taskinstance.py:1400} INFO - Marking task as SUCCESS. dag_id=dag_with_postgres_operator_v04, task_id=delete_data_from_table, execution_date=20220211T000000, start_date=20230904T060434, end_date=20230904T060434
[2023-09-04T06:04:34.944+0000] {local_task_job_runner.py:228} INFO - Task exited with return code 0
[2023-09-04T06:04:34.996+0000] {taskinstance.py:2784} INFO - 1 downstream tasks scheduled from follow-on schedule check
