[2023-09-04T06:08:08.196+0000] {taskinstance.py:1159} INFO - Dependencies all met for dep_context=non-requeueable deps ti=<TaskInstance: dag_with_postgres_operator_v04.create_postgres_table scheduled__2022-11-10T00:00:00+00:00 [queued]>
[2023-09-04T06:08:08.210+0000] {taskinstance.py:1159} INFO - Dependencies all met for dep_context=requeueable deps ti=<TaskInstance: dag_with_postgres_operator_v04.create_postgres_table scheduled__2022-11-10T00:00:00+00:00 [queued]>
[2023-09-04T06:08:08.211+0000] {taskinstance.py:1361} INFO - Starting attempt 1 of 6
[2023-09-04T06:08:08.278+0000] {taskinstance.py:1382} INFO - Executing <Task(PostgresOperator): create_postgres_table> on 2022-11-10 00:00:00+00:00
[2023-09-04T06:08:08.287+0000] {standard_task_runner.py:57} INFO - Started process 8162 to run task
[2023-09-04T06:08:08.291+0000] {standard_task_runner.py:84} INFO - Running: ['***', 'tasks', 'run', 'dag_with_postgres_operator_v04', 'create_postgres_table', 'scheduled__2022-11-10T00:00:00+00:00', '--job-id', '1644', '--raw', '--subdir', 'DAGS_FOLDER/dag_with_postgres_operator.py', '--cfg-path', '/tmp/tmpkxzbfrnx']
[2023-09-04T06:08:08.294+0000] {standard_task_runner.py:85} INFO - Job 1644: Subtask create_postgres_table
[2023-09-04T06:08:08.432+0000] {task_command.py:415} INFO - Running <TaskInstance: dag_with_postgres_operator_v04.create_postgres_table scheduled__2022-11-10T00:00:00+00:00 [running]> on host 10bdc2e98230
[2023-09-04T06:08:08.618+0000] {taskinstance.py:1660} INFO - Exporting env vars: AIRFLOW_CTX_DAG_OWNER='mohghaff' AIRFLOW_CTX_DAG_ID='dag_with_postgres_operator_v04' AIRFLOW_CTX_TASK_ID='create_postgres_table' AIRFLOW_CTX_EXECUTION_DATE='2022-11-10T00:00:00+00:00' AIRFLOW_CTX_TRY_NUMBER='1' AIRFLOW_CTX_DAG_RUN_ID='scheduled__2022-11-10T00:00:00+00:00'
[2023-09-04T06:08:08.619+0000] {sql.py:274} INFO - Executing: 
            create table if not exists dag_runs (
                dt date,
                dag_id character varying,
                primary key (dt, dag_id)
            )
        
[2023-09-04T06:08:08.637+0000] {base.py:73} INFO - Using connection ID 'postgres_localhost' for task execution.
[2023-09-04T06:08:08.655+0000] {base.py:73} INFO - Using connection ID 'postgres_localhost' for task execution.
[2023-09-04T06:08:08.676+0000] {sql.py:418} INFO - Running statement: 
            create table if not exists dag_runs (
                dt date,
                dag_id character varying,
                primary key (dt, dag_id)
            )
        , parameters: None
[2023-09-04T06:08:08.723+0000] {taskinstance.py:1400} INFO - Marking task as SUCCESS. dag_id=dag_with_postgres_operator_v04, task_id=create_postgres_table, execution_date=20221110T000000, start_date=20230904T060808, end_date=20230904T060808
[2023-09-04T06:08:08.946+0000] {local_task_job_runner.py:228} INFO - Task exited with return code 0
[2023-09-04T06:08:08.995+0000] {taskinstance.py:2784} INFO - 1 downstream tasks scheduled from follow-on schedule check
