[2023-09-04T06:02:09.898+0000] {taskinstance.py:1159} INFO - Dependencies all met for dep_context=non-requeueable deps ti=<TaskInstance: dag_with_postgres_operator_v04.create_postgres_table scheduled__2022-03-08T00:00:00+00:00 [queued]>
[2023-09-04T06:02:09.913+0000] {taskinstance.py:1159} INFO - Dependencies all met for dep_context=requeueable deps ti=<TaskInstance: dag_with_postgres_operator_v04.create_postgres_table scheduled__2022-03-08T00:00:00+00:00 [queued]>
[2023-09-04T06:02:09.913+0000] {taskinstance.py:1361} INFO - Starting attempt 1 of 6
[2023-09-04T06:02:09.941+0000] {taskinstance.py:1382} INFO - Executing <Task(PostgresOperator): create_postgres_table> on 2022-03-08 00:00:00+00:00
[2023-09-04T06:02:09.949+0000] {standard_task_runner.py:57} INFO - Started process 5169 to run task
[2023-09-04T06:02:09.952+0000] {standard_task_runner.py:84} INFO - Running: ['***', 'tasks', 'run', 'dag_with_postgres_operator_v04', 'create_postgres_table', 'scheduled__2022-03-08T00:00:00+00:00', '--job-id', '367', '--raw', '--subdir', 'DAGS_FOLDER/dag_with_postgres_operator.py', '--cfg-path', '/tmp/tmpcazx09o8']
[2023-09-04T06:02:09.955+0000] {standard_task_runner.py:85} INFO - Job 367: Subtask create_postgres_table
[2023-09-04T06:02:10.042+0000] {task_command.py:415} INFO - Running <TaskInstance: dag_with_postgres_operator_v04.create_postgres_table scheduled__2022-03-08T00:00:00+00:00 [running]> on host 10bdc2e98230
[2023-09-04T06:02:10.188+0000] {taskinstance.py:1660} INFO - Exporting env vars: AIRFLOW_CTX_DAG_OWNER='coder2j' AIRFLOW_CTX_DAG_ID='dag_with_postgres_operator_v04' AIRFLOW_CTX_TASK_ID='create_postgres_table' AIRFLOW_CTX_EXECUTION_DATE='2022-03-08T00:00:00+00:00' AIRFLOW_CTX_TRY_NUMBER='1' AIRFLOW_CTX_DAG_RUN_ID='scheduled__2022-03-08T00:00:00+00:00'
[2023-09-04T06:02:10.190+0000] {sql.py:274} INFO - Executing: 
            create table if not exists dag_runs (
                dt date,
                dag_id character varying,
                primary key (dt, dag_id)
            )
        
[2023-09-04T06:02:10.204+0000] {base.py:73} INFO - Using connection ID 'postgres_localhost' for task execution.
[2023-09-04T06:02:10.218+0000] {base.py:73} INFO - Using connection ID 'postgres_localhost' for task execution.
[2023-09-04T06:02:10.236+0000] {sql.py:418} INFO - Running statement: 
            create table if not exists dag_runs (
                dt date,
                dag_id character varying,
                primary key (dt, dag_id)
            )
        , parameters: None
[2023-09-04T06:02:10.258+0000] {taskinstance.py:1400} INFO - Marking task as SUCCESS. dag_id=dag_with_postgres_operator_v04, task_id=create_postgres_table, execution_date=20220308T000000, start_date=20230904T060209, end_date=20230904T060210
[2023-09-04T06:02:10.447+0000] {local_task_job_runner.py:228} INFO - Task exited with return code 0
[2023-09-04T06:02:10.497+0000] {taskinstance.py:2784} INFO - 1 downstream tasks scheduled from follow-on schedule check
[2023-09-04T06:04:54.536+0000] {taskinstance.py:1159} INFO - Dependencies all met for dep_context=non-requeueable deps ti=<TaskInstance: dag_with_postgres_operator_v04.create_postgres_table scheduled__2022-03-08T00:00:00+00:00 [queued]>
[2023-09-04T06:04:54.562+0000] {taskinstance.py:1159} INFO - Dependencies all met for dep_context=requeueable deps ti=<TaskInstance: dag_with_postgres_operator_v04.create_postgres_table scheduled__2022-03-08T00:00:00+00:00 [queued]>
[2023-09-04T06:04:54.563+0000] {taskinstance.py:1361} INFO - Starting attempt 1 of 6
[2023-09-04T06:04:54.605+0000] {taskinstance.py:1382} INFO - Executing <Task(PostgresOperator): create_postgres_table> on 2022-03-08 00:00:00+00:00
[2023-09-04T06:04:54.617+0000] {standard_task_runner.py:57} INFO - Started process 6464 to run task
[2023-09-04T06:04:54.621+0000] {standard_task_runner.py:84} INFO - Running: ['***', 'tasks', 'run', 'dag_with_postgres_operator_v04', 'create_postgres_table', 'scheduled__2022-03-08T00:00:00+00:00', '--job-id', '913', '--raw', '--subdir', 'DAGS_FOLDER/dag_with_postgres_operator.py', '--cfg-path', '/tmp/tmpvwmfdv_m']
[2023-09-04T06:04:54.625+0000] {standard_task_runner.py:85} INFO - Job 913: Subtask create_postgres_table
[2023-09-04T06:04:54.729+0000] {task_command.py:415} INFO - Running <TaskInstance: dag_with_postgres_operator_v04.create_postgres_table scheduled__2022-03-08T00:00:00+00:00 [running]> on host 10bdc2e98230
[2023-09-04T06:04:54.923+0000] {taskinstance.py:1660} INFO - Exporting env vars: AIRFLOW_CTX_DAG_OWNER='mohghaff' AIRFLOW_CTX_DAG_ID='dag_with_postgres_operator_v04' AIRFLOW_CTX_TASK_ID='create_postgres_table' AIRFLOW_CTX_EXECUTION_DATE='2022-03-08T00:00:00+00:00' AIRFLOW_CTX_TRY_NUMBER='1' AIRFLOW_CTX_DAG_RUN_ID='scheduled__2022-03-08T00:00:00+00:00'
[2023-09-04T06:04:54.925+0000] {sql.py:274} INFO - Executing: 
            create table if not exists dag_runs (
                dt date,
                dag_id character varying,
                primary key (dt, dag_id)
            )
        
[2023-09-04T06:04:54.943+0000] {base.py:73} INFO - Using connection ID 'postgres_localhost' for task execution.
[2023-09-04T06:04:54.964+0000] {base.py:73} INFO - Using connection ID 'postgres_localhost' for task execution.
[2023-09-04T06:04:54.987+0000] {sql.py:418} INFO - Running statement: 
            create table if not exists dag_runs (
                dt date,
                dag_id character varying,
                primary key (dt, dag_id)
            )
        , parameters: None
[2023-09-04T06:04:55.014+0000] {taskinstance.py:1400} INFO - Marking task as SUCCESS. dag_id=dag_with_postgres_operator_v04, task_id=create_postgres_table, execution_date=20220308T000000, start_date=20230904T060454, end_date=20230904T060455
[2023-09-04T06:04:55.116+0000] {local_task_job_runner.py:228} INFO - Task exited with return code 0
[2023-09-04T06:04:55.196+0000] {taskinstance.py:2784} INFO - 1 downstream tasks scheduled from follow-on schedule check
