[2023-09-04T06:03:24.847+0000] {taskinstance.py:1159} INFO - Dependencies all met for dep_context=non-requeueable deps ti=<TaskInstance: dag_with_postgres_operator_v04.insert_into_table scheduled__2022-06-04T00:00:00+00:00 [queued]>
[2023-09-04T06:03:24.897+0000] {taskinstance.py:1159} INFO - Dependencies all met for dep_context=requeueable deps ti=<TaskInstance: dag_with_postgres_operator_v04.insert_into_table scheduled__2022-06-04T00:00:00+00:00 [queued]>
[2023-09-04T06:03:24.898+0000] {taskinstance.py:1361} INFO - Starting attempt 1 of 6
[2023-09-04T06:03:24.994+0000] {taskinstance.py:1382} INFO - Executing <Task(PostgresOperator): insert_into_table> on 2022-06-04 00:00:00+00:00
[2023-09-04T06:03:25.014+0000] {standard_task_runner.py:57} INFO - Started process 5872 to run task
[2023-09-04T06:03:25.024+0000] {standard_task_runner.py:84} INFO - Running: ['***', 'tasks', 'run', 'dag_with_postgres_operator_v04', 'insert_into_table', 'scheduled__2022-06-04T00:00:00+00:00', '--job-id', '663', '--raw', '--subdir', 'DAGS_FOLDER/dag_with_postgres_operator.py', '--cfg-path', '/tmp/tmptinhfxu1']
[2023-09-04T06:03:25.030+0000] {standard_task_runner.py:85} INFO - Job 663: Subtask insert_into_table
[2023-09-04T06:03:25.286+0000] {task_command.py:415} INFO - Running <TaskInstance: dag_with_postgres_operator_v04.insert_into_table scheduled__2022-06-04T00:00:00+00:00 [running]> on host 10bdc2e98230
[2023-09-04T06:03:25.652+0000] {taskinstance.py:1660} INFO - Exporting env vars: AIRFLOW_CTX_DAG_OWNER='coder2j' AIRFLOW_CTX_DAG_ID='dag_with_postgres_operator_v04' AIRFLOW_CTX_TASK_ID='insert_into_table' AIRFLOW_CTX_EXECUTION_DATE='2022-06-04T00:00:00+00:00' AIRFLOW_CTX_TRY_NUMBER='1' AIRFLOW_CTX_DAG_RUN_ID='scheduled__2022-06-04T00:00:00+00:00'
[2023-09-04T06:03:25.662+0000] {sql.py:274} INFO - Executing: 
            insert into dag_runs (dt, dag_id) values ('2022-06-04', 'dag_with_postgres_operator_v04')
        
[2023-09-04T06:03:25.688+0000] {base.py:73} INFO - Using connection ID 'postgres_localhost' for task execution.
[2023-09-04T06:03:25.718+0000] {base.py:73} INFO - Using connection ID 'postgres_localhost' for task execution.
[2023-09-04T06:03:25.752+0000] {sql.py:418} INFO - Running statement: 
            insert into dag_runs (dt, dag_id) values ('2022-06-04', 'dag_with_postgres_operator_v04')
        , parameters: None
[2023-09-04T06:03:25.768+0000] {sql.py:427} INFO - Rows affected: 1
[2023-09-04T06:03:25.808+0000] {taskinstance.py:1400} INFO - Marking task as SUCCESS. dag_id=dag_with_postgres_operator_v04, task_id=insert_into_table, execution_date=20220604T000000, start_date=20230904T060324, end_date=20230904T060325
[2023-09-04T06:03:25.893+0000] {local_task_job_runner.py:228} INFO - Task exited with return code 0
[2023-09-04T06:03:25.958+0000] {taskinstance.py:2784} INFO - 0 downstream tasks scheduled from follow-on schedule check
[2023-09-04T06:06:11.430+0000] {taskinstance.py:1159} INFO - Dependencies all met for dep_context=non-requeueable deps ti=<TaskInstance: dag_with_postgres_operator_v04.insert_into_table scheduled__2022-06-04T00:00:00+00:00 [queued]>
[2023-09-04T06:06:11.459+0000] {taskinstance.py:1159} INFO - Dependencies all met for dep_context=requeueable deps ti=<TaskInstance: dag_with_postgres_operator_v04.insert_into_table scheduled__2022-06-04T00:00:00+00:00 [queued]>
[2023-09-04T06:06:11.460+0000] {taskinstance.py:1361} INFO - Starting attempt 1 of 6
[2023-09-04T06:06:11.506+0000] {taskinstance.py:1382} INFO - Executing <Task(PostgresOperator): insert_into_table> on 2022-06-04 00:00:00+00:00
[2023-09-04T06:06:11.519+0000] {standard_task_runner.py:57} INFO - Started process 7116 to run task
[2023-09-04T06:06:11.525+0000] {standard_task_runner.py:84} INFO - Running: ['***', 'tasks', 'run', 'dag_with_postgres_operator_v04', 'insert_into_table', 'scheduled__2022-06-04T00:00:00+00:00', '--job-id', '1192', '--raw', '--subdir', 'DAGS_FOLDER/dag_with_postgres_operator.py', '--cfg-path', '/tmp/tmph8vr_ood']
[2023-09-04T06:06:11.530+0000] {standard_task_runner.py:85} INFO - Job 1192: Subtask insert_into_table
[2023-09-04T06:06:11.702+0000] {task_command.py:415} INFO - Running <TaskInstance: dag_with_postgres_operator_v04.insert_into_table scheduled__2022-06-04T00:00:00+00:00 [running]> on host 10bdc2e98230
[2023-09-04T06:06:12.016+0000] {taskinstance.py:1660} INFO - Exporting env vars: AIRFLOW_CTX_DAG_OWNER='mohghaff' AIRFLOW_CTX_DAG_ID='dag_with_postgres_operator_v04' AIRFLOW_CTX_TASK_ID='insert_into_table' AIRFLOW_CTX_EXECUTION_DATE='2022-06-04T00:00:00+00:00' AIRFLOW_CTX_TRY_NUMBER='1' AIRFLOW_CTX_DAG_RUN_ID='scheduled__2022-06-04T00:00:00+00:00'
[2023-09-04T06:06:12.019+0000] {sql.py:274} INFO - Executing: 
            insert into dag_runs (dt, dag_id) values ('2022-06-04', 'dag_with_postgres_operator_v04')
        
[2023-09-04T06:06:12.049+0000] {base.py:73} INFO - Using connection ID 'postgres_localhost' for task execution.
[2023-09-04T06:06:12.077+0000] {base.py:73} INFO - Using connection ID 'postgres_localhost' for task execution.
[2023-09-04T06:06:12.117+0000] {sql.py:418} INFO - Running statement: 
            insert into dag_runs (dt, dag_id) values ('2022-06-04', 'dag_with_postgres_operator_v04')
        , parameters: None
[2023-09-04T06:06:12.128+0000] {sql.py:427} INFO - Rows affected: 1
[2023-09-04T06:06:12.172+0000] {taskinstance.py:1400} INFO - Marking task as SUCCESS. dag_id=dag_with_postgres_operator_v04, task_id=insert_into_table, execution_date=20220604T000000, start_date=20230904T060611, end_date=20230904T060612
[2023-09-04T06:06:12.229+0000] {local_task_job_runner.py:228} INFO - Task exited with return code 0
[2023-09-04T06:06:12.316+0000] {taskinstance.py:2784} INFO - 0 downstream tasks scheduled from follow-on schedule check
