[2023-09-04T06:03:12.815+0000] {taskinstance.py:1159} INFO - Dependencies all met for dep_context=non-requeueable deps ti=<TaskInstance: dag_with_postgres_operator_v04.delete_data_from_table scheduled__2022-05-28T00:00:00+00:00 [queued]>
[2023-09-04T06:03:12.822+0000] {taskinstance.py:1159} INFO - Dependencies all met for dep_context=requeueable deps ti=<TaskInstance: dag_with_postgres_operator_v04.delete_data_from_table scheduled__2022-05-28T00:00:00+00:00 [queued]>
[2023-09-04T06:03:12.822+0000] {taskinstance.py:1361} INFO - Starting attempt 1 of 6
[2023-09-04T06:03:12.834+0000] {taskinstance.py:1382} INFO - Executing <Task(PostgresOperator): delete_data_from_table> on 2022-05-28 00:00:00+00:00
[2023-09-04T06:03:12.839+0000] {standard_task_runner.py:57} INFO - Started process 5750 to run task
[2023-09-04T06:03:12.841+0000] {standard_task_runner.py:84} INFO - Running: ['***', 'tasks', 'run', 'dag_with_postgres_operator_v04', 'delete_data_from_table', 'scheduled__2022-05-28T00:00:00+00:00', '--job-id', '622', '--raw', '--subdir', 'DAGS_FOLDER/dag_with_postgres_operator.py', '--cfg-path', '/tmp/tmptgn947_8']
[2023-09-04T06:03:12.843+0000] {standard_task_runner.py:85} INFO - Job 622: Subtask delete_data_from_table
[2023-09-04T06:03:12.896+0000] {task_command.py:415} INFO - Running <TaskInstance: dag_with_postgres_operator_v04.delete_data_from_table scheduled__2022-05-28T00:00:00+00:00 [running]> on host 10bdc2e98230
[2023-09-04T06:03:12.974+0000] {taskinstance.py:1660} INFO - Exporting env vars: AIRFLOW_CTX_DAG_OWNER='coder2j' AIRFLOW_CTX_DAG_ID='dag_with_postgres_operator_v04' AIRFLOW_CTX_TASK_ID='delete_data_from_table' AIRFLOW_CTX_EXECUTION_DATE='2022-05-28T00:00:00+00:00' AIRFLOW_CTX_TRY_NUMBER='1' AIRFLOW_CTX_DAG_RUN_ID='scheduled__2022-05-28T00:00:00+00:00'
[2023-09-04T06:03:12.975+0000] {sql.py:274} INFO - Executing: 
            delete from dag_runs where dt = '2022-05-28' and dag_id = 'dag_with_postgres_operator_v04';
        
[2023-09-04T06:03:12.980+0000] {base.py:73} INFO - Using connection ID 'postgres_localhost' for task execution.
[2023-09-04T06:03:12.985+0000] {base.py:73} INFO - Using connection ID 'postgres_localhost' for task execution.
[2023-09-04T06:03:12.993+0000] {sql.py:418} INFO - Running statement: 
            delete from dag_runs where dt = '2022-05-28' and dag_id = 'dag_with_postgres_operator_v04';
        , parameters: None
[2023-09-04T06:03:12.996+0000] {sql.py:427} INFO - Rows affected: 0
[2023-09-04T06:03:13.004+0000] {taskinstance.py:1400} INFO - Marking task as SUCCESS. dag_id=dag_with_postgres_operator_v04, task_id=delete_data_from_table, execution_date=20220528T000000, start_date=20230904T060312, end_date=20230904T060313
[2023-09-04T06:03:13.054+0000] {local_task_job_runner.py:228} INFO - Task exited with return code 0
[2023-09-04T06:03:13.068+0000] {taskinstance.py:2784} INFO - 0 downstream tasks scheduled from follow-on schedule check
[2023-09-04T06:06:03.886+0000] {taskinstance.py:1159} INFO - Dependencies all met for dep_context=non-requeueable deps ti=<TaskInstance: dag_with_postgres_operator_v04.delete_data_from_table scheduled__2022-05-28T00:00:00+00:00 [queued]>
[2023-09-04T06:06:03.904+0000] {taskinstance.py:1159} INFO - Dependencies all met for dep_context=requeueable deps ti=<TaskInstance: dag_with_postgres_operator_v04.delete_data_from_table scheduled__2022-05-28T00:00:00+00:00 [queued]>
[2023-09-04T06:06:03.904+0000] {taskinstance.py:1361} INFO - Starting attempt 1 of 6
[2023-09-04T06:06:03.938+0000] {taskinstance.py:1382} INFO - Executing <Task(PostgresOperator): delete_data_from_table> on 2022-05-28 00:00:00+00:00
[2023-09-04T06:06:03.948+0000] {standard_task_runner.py:57} INFO - Started process 7042 to run task
[2023-09-04T06:06:03.953+0000] {standard_task_runner.py:84} INFO - Running: ['***', 'tasks', 'run', 'dag_with_postgres_operator_v04', 'delete_data_from_table', 'scheduled__2022-05-28T00:00:00+00:00', '--job-id', '1158', '--raw', '--subdir', 'DAGS_FOLDER/dag_with_postgres_operator.py', '--cfg-path', '/tmp/tmpx3mxtq7r']
[2023-09-04T06:06:03.958+0000] {standard_task_runner.py:85} INFO - Job 1158: Subtask delete_data_from_table
[2023-09-04T06:06:04.093+0000] {task_command.py:415} INFO - Running <TaskInstance: dag_with_postgres_operator_v04.delete_data_from_table scheduled__2022-05-28T00:00:00+00:00 [running]> on host 10bdc2e98230
[2023-09-04T06:06:04.318+0000] {taskinstance.py:1660} INFO - Exporting env vars: AIRFLOW_CTX_DAG_OWNER='mohghaff' AIRFLOW_CTX_DAG_ID='dag_with_postgres_operator_v04' AIRFLOW_CTX_TASK_ID='delete_data_from_table' AIRFLOW_CTX_EXECUTION_DATE='2022-05-28T00:00:00+00:00' AIRFLOW_CTX_TRY_NUMBER='1' AIRFLOW_CTX_DAG_RUN_ID='scheduled__2022-05-28T00:00:00+00:00'
[2023-09-04T06:06:04.321+0000] {sql.py:274} INFO - Executing: 
            delete from dag_runs where dt = '2022-05-28' and dag_id = 'dag_with_postgres_operator_v04';
        
[2023-09-04T06:06:04.344+0000] {base.py:73} INFO - Using connection ID 'postgres_localhost' for task execution.
[2023-09-04T06:06:04.364+0000] {base.py:73} INFO - Using connection ID 'postgres_localhost' for task execution.
[2023-09-04T06:06:04.390+0000] {sql.py:418} INFO - Running statement: 
            delete from dag_runs where dt = '2022-05-28' and dag_id = 'dag_with_postgres_operator_v04';
        , parameters: None
[2023-09-04T06:06:04.400+0000] {sql.py:427} INFO - Rows affected: 1
[2023-09-04T06:06:04.426+0000] {taskinstance.py:1400} INFO - Marking task as SUCCESS. dag_id=dag_with_postgres_operator_v04, task_id=delete_data_from_table, execution_date=20220528T000000, start_date=20230904T060603, end_date=20230904T060604
[2023-09-04T06:06:04.609+0000] {local_task_job_runner.py:228} INFO - Task exited with return code 0
[2023-09-04T06:06:04.666+0000] {taskinstance.py:2784} INFO - 1 downstream tasks scheduled from follow-on schedule check
