[2023-09-04T06:08:56.110+0000] {taskinstance.py:1159} INFO - Dependencies all met for dep_context=non-requeueable deps ti=<TaskInstance: dag_with_postgres_operator_v04.create_postgres_table scheduled__2023-01-17T00:00:00+00:00 [queued]>
[2023-09-04T06:08:56.124+0000] {taskinstance.py:1159} INFO - Dependencies all met for dep_context=requeueable deps ti=<TaskInstance: dag_with_postgres_operator_v04.create_postgres_table scheduled__2023-01-17T00:00:00+00:00 [queued]>
[2023-09-04T06:08:56.125+0000] {taskinstance.py:1361} INFO - Starting attempt 1 of 6
[2023-09-04T06:08:56.288+0000] {taskinstance.py:1382} INFO - Executing <Task(PostgresOperator): create_postgres_table> on 2023-01-17 00:00:00+00:00
[2023-09-04T06:08:56.296+0000] {standard_task_runner.py:57} INFO - Started process 8614 to run task
[2023-09-04T06:08:56.300+0000] {standard_task_runner.py:84} INFO - Running: ['***', 'tasks', 'run', 'dag_with_postgres_operator_v04', 'create_postgres_table', 'scheduled__2023-01-17T00:00:00+00:00', '--job-id', '1844', '--raw', '--subdir', 'DAGS_FOLDER/dag_with_postgres_operator.py', '--cfg-path', '/tmp/tmp5v1cc7rh']
[2023-09-04T06:08:56.302+0000] {standard_task_runner.py:85} INFO - Job 1844: Subtask create_postgres_table
[2023-09-04T06:08:56.451+0000] {task_command.py:415} INFO - Running <TaskInstance: dag_with_postgres_operator_v04.create_postgres_table scheduled__2023-01-17T00:00:00+00:00 [running]> on host 10bdc2e98230
[2023-09-04T06:08:56.646+0000] {taskinstance.py:1660} INFO - Exporting env vars: AIRFLOW_CTX_DAG_OWNER='mohghaff' AIRFLOW_CTX_DAG_ID='dag_with_postgres_operator_v04' AIRFLOW_CTX_TASK_ID='create_postgres_table' AIRFLOW_CTX_EXECUTION_DATE='2023-01-17T00:00:00+00:00' AIRFLOW_CTX_TRY_NUMBER='1' AIRFLOW_CTX_DAG_RUN_ID='scheduled__2023-01-17T00:00:00+00:00'
[2023-09-04T06:08:56.648+0000] {sql.py:274} INFO - Executing: 
            create table if not exists dag_runs (
                dt date,
                dag_id character varying,
                primary key (dt, dag_id)
            )
        
[2023-09-04T06:08:56.663+0000] {base.py:73} INFO - Using connection ID 'postgres_localhost' for task execution.
[2023-09-04T06:08:56.678+0000] {base.py:73} INFO - Using connection ID 'postgres_localhost' for task execution.
[2023-09-04T06:08:56.697+0000] {sql.py:418} INFO - Running statement: 
            create table if not exists dag_runs (
                dt date,
                dag_id character varying,
                primary key (dt, dag_id)
            )
        , parameters: None
[2023-09-04T06:08:56.720+0000] {taskinstance.py:1400} INFO - Marking task as SUCCESS. dag_id=dag_with_postgres_operator_v04, task_id=create_postgres_table, execution_date=20230117T000000, start_date=20230904T060856, end_date=20230904T060856
[2023-09-04T06:08:57.034+0000] {local_task_job_runner.py:228} INFO - Task exited with return code 0
[2023-09-04T06:08:57.104+0000] {taskinstance.py:2784} INFO - 1 downstream tasks scheduled from follow-on schedule check
