[2023-09-04T06:01:19.071+0000] {taskinstance.py:1159} INFO - Dependencies all met for dep_context=non-requeueable deps ti=<TaskInstance: dag_with_postgres_operator_v04.insert_into_table scheduled__2022-01-05T00:00:00+00:00 [queued]>
[2023-09-04T06:01:19.083+0000] {taskinstance.py:1159} INFO - Dependencies all met for dep_context=requeueable deps ti=<TaskInstance: dag_with_postgres_operator_v04.insert_into_table scheduled__2022-01-05T00:00:00+00:00 [queued]>
[2023-09-04T06:01:19.084+0000] {taskinstance.py:1361} INFO - Starting attempt 1 of 6
[2023-09-04T06:01:19.163+0000] {taskinstance.py:1382} INFO - Executing <Task(PostgresOperator): insert_into_table> on 2022-01-05 00:00:00+00:00
[2023-09-04T06:01:19.174+0000] {standard_task_runner.py:57} INFO - Started process 4760 to run task
[2023-09-04T06:01:19.177+0000] {standard_task_runner.py:84} INFO - Running: ['***', 'tasks', 'run', 'dag_with_postgres_operator_v04', 'insert_into_table', 'scheduled__2022-01-05T00:00:00+00:00', '--job-id', '195', '--raw', '--subdir', 'DAGS_FOLDER/dag_with_postgres_operator.py', '--cfg-path', '/tmp/tmpcsbq1hhe']
[2023-09-04T06:01:19.180+0000] {standard_task_runner.py:85} INFO - Job 195: Subtask insert_into_table
[2023-09-04T06:01:19.245+0000] {task_command.py:415} INFO - Running <TaskInstance: dag_with_postgres_operator_v04.insert_into_table scheduled__2022-01-05T00:00:00+00:00 [running]> on host 10bdc2e98230
[2023-09-04T06:01:19.342+0000] {taskinstance.py:1660} INFO - Exporting env vars: AIRFLOW_CTX_DAG_OWNER='coder2j' AIRFLOW_CTX_DAG_ID='dag_with_postgres_operator_v04' AIRFLOW_CTX_TASK_ID='insert_into_table' AIRFLOW_CTX_EXECUTION_DATE='2022-01-05T00:00:00+00:00' AIRFLOW_CTX_TRY_NUMBER='1' AIRFLOW_CTX_DAG_RUN_ID='scheduled__2022-01-05T00:00:00+00:00'
[2023-09-04T06:01:19.343+0000] {sql.py:274} INFO - Executing: 
            insert into dag_runs (dt, dag_id) values ('2022-01-05', 'dag_with_postgres_operator_v04')
        
[2023-09-04T06:01:19.352+0000] {base.py:73} INFO - Using connection ID 'postgres_localhost' for task execution.
[2023-09-04T06:01:19.362+0000] {base.py:73} INFO - Using connection ID 'postgres_localhost' for task execution.
[2023-09-04T06:01:19.377+0000] {sql.py:418} INFO - Running statement: 
            insert into dag_runs (dt, dag_id) values ('2022-01-05', 'dag_with_postgres_operator_v04')
        , parameters: None
[2023-09-04T06:01:19.382+0000] {sql.py:427} INFO - Rows affected: 1
[2023-09-04T06:01:19.399+0000] {taskinstance.py:1400} INFO - Marking task as SUCCESS. dag_id=dag_with_postgres_operator_v04, task_id=insert_into_table, execution_date=20220105T000000, start_date=20230904T060119, end_date=20230904T060119
[2023-09-04T06:01:19.432+0000] {local_task_job_runner.py:228} INFO - Task exited with return code 0
[2023-09-04T06:01:19.559+0000] {taskinstance.py:2784} INFO - 0 downstream tasks scheduled from follow-on schedule check
[2023-09-04T06:04:11.498+0000] {taskinstance.py:1159} INFO - Dependencies all met for dep_context=non-requeueable deps ti=<TaskInstance: dag_with_postgres_operator_v04.insert_into_table scheduled__2022-01-05T00:00:00+00:00 [queued]>
[2023-09-04T06:04:11.531+0000] {taskinstance.py:1159} INFO - Dependencies all met for dep_context=requeueable deps ti=<TaskInstance: dag_with_postgres_operator_v04.insert_into_table scheduled__2022-01-05T00:00:00+00:00 [queued]>
[2023-09-04T06:04:11.532+0000] {taskinstance.py:1361} INFO - Starting attempt 1 of 6
[2023-09-04T06:04:11.577+0000] {taskinstance.py:1382} INFO - Executing <Task(PostgresOperator): insert_into_table> on 2022-01-05 00:00:00+00:00
[2023-09-04T06:04:11.589+0000] {standard_task_runner.py:57} INFO - Started process 6092 to run task
[2023-09-04T06:04:11.594+0000] {standard_task_runner.py:84} INFO - Running: ['***', 'tasks', 'run', 'dag_with_postgres_operator_v04', 'insert_into_table', 'scheduled__2022-01-05T00:00:00+00:00', '--job-id', '749', '--raw', '--subdir', 'DAGS_FOLDER/dag_with_postgres_operator.py', '--cfg-path', '/tmp/tmps7a2_h2a']
[2023-09-04T06:04:11.599+0000] {standard_task_runner.py:85} INFO - Job 749: Subtask insert_into_table
[2023-09-04T06:04:11.724+0000] {task_command.py:415} INFO - Running <TaskInstance: dag_with_postgres_operator_v04.insert_into_table scheduled__2022-01-05T00:00:00+00:00 [running]> on host 10bdc2e98230
[2023-09-04T06:04:11.967+0000] {taskinstance.py:1660} INFO - Exporting env vars: AIRFLOW_CTX_DAG_OWNER='mohghaff' AIRFLOW_CTX_DAG_ID='dag_with_postgres_operator_v04' AIRFLOW_CTX_TASK_ID='insert_into_table' AIRFLOW_CTX_EXECUTION_DATE='2022-01-05T00:00:00+00:00' AIRFLOW_CTX_TRY_NUMBER='1' AIRFLOW_CTX_DAG_RUN_ID='scheduled__2022-01-05T00:00:00+00:00'
[2023-09-04T06:04:11.970+0000] {sql.py:274} INFO - Executing: 
            insert into dag_runs (dt, dag_id) values ('2022-01-05', 'dag_with_postgres_operator_v04')
        
[2023-09-04T06:04:11.988+0000] {base.py:73} INFO - Using connection ID 'postgres_localhost' for task execution.
[2023-09-04T06:04:12.005+0000] {base.py:73} INFO - Using connection ID 'postgres_localhost' for task execution.
[2023-09-04T06:04:12.031+0000] {sql.py:418} INFO - Running statement: 
            insert into dag_runs (dt, dag_id) values ('2022-01-05', 'dag_with_postgres_operator_v04')
        , parameters: None
[2023-09-04T06:04:12.048+0000] {sql.py:427} INFO - Rows affected: 1
[2023-09-04T06:04:12.090+0000] {taskinstance.py:1400} INFO - Marking task as SUCCESS. dag_id=dag_with_postgres_operator_v04, task_id=insert_into_table, execution_date=20220105T000000, start_date=20230904T060411, end_date=20230904T060412
[2023-09-04T06:04:12.136+0000] {local_task_job_runner.py:228} INFO - Task exited with return code 0
[2023-09-04T06:04:12.174+0000] {taskinstance.py:2784} INFO - 0 downstream tasks scheduled from follow-on schedule check
