[2023-09-04T06:02:31.310+0000] {taskinstance.py:1159} INFO - Dependencies all met for dep_context=non-requeueable deps ti=<TaskInstance: dag_with_postgres_operator_v04.delete_data_from_table scheduled__2022-04-02T00:00:00+00:00 [queued]>
[2023-09-04T06:02:31.327+0000] {taskinstance.py:1159} INFO - Dependencies all met for dep_context=requeueable deps ti=<TaskInstance: dag_with_postgres_operator_v04.delete_data_from_table scheduled__2022-04-02T00:00:00+00:00 [queued]>
[2023-09-04T06:02:31.327+0000] {taskinstance.py:1361} INFO - Starting attempt 1 of 6
[2023-09-04T06:02:31.347+0000] {taskinstance.py:1382} INFO - Executing <Task(PostgresOperator): delete_data_from_table> on 2022-04-02 00:00:00+00:00
[2023-09-04T06:02:31.354+0000] {standard_task_runner.py:57} INFO - Started process 5357 to run task
[2023-09-04T06:02:31.357+0000] {standard_task_runner.py:84} INFO - Running: ['***', 'tasks', 'run', 'dag_with_postgres_operator_v04', 'delete_data_from_table', 'scheduled__2022-04-02T00:00:00+00:00', '--job-id', '447', '--raw', '--subdir', 'DAGS_FOLDER/dag_with_postgres_operator.py', '--cfg-path', '/tmp/tmpva4e22xl']
[2023-09-04T06:02:31.360+0000] {standard_task_runner.py:85} INFO - Job 447: Subtask delete_data_from_table
[2023-09-04T06:02:31.436+0000] {task_command.py:415} INFO - Running <TaskInstance: dag_with_postgres_operator_v04.delete_data_from_table scheduled__2022-04-02T00:00:00+00:00 [running]> on host 10bdc2e98230
[2023-09-04T06:02:31.574+0000] {taskinstance.py:1660} INFO - Exporting env vars: AIRFLOW_CTX_DAG_OWNER='coder2j' AIRFLOW_CTX_DAG_ID='dag_with_postgres_operator_v04' AIRFLOW_CTX_TASK_ID='delete_data_from_table' AIRFLOW_CTX_EXECUTION_DATE='2022-04-02T00:00:00+00:00' AIRFLOW_CTX_TRY_NUMBER='1' AIRFLOW_CTX_DAG_RUN_ID='scheduled__2022-04-02T00:00:00+00:00'
[2023-09-04T06:02:31.576+0000] {sql.py:274} INFO - Executing: 
            delete from dag_runs where dt = '2022-04-02' and dag_id = 'dag_with_postgres_operator_v04';
        
[2023-09-04T06:02:31.585+0000] {base.py:73} INFO - Using connection ID 'postgres_localhost' for task execution.
[2023-09-04T06:02:31.598+0000] {base.py:73} INFO - Using connection ID 'postgres_localhost' for task execution.
[2023-09-04T06:02:31.613+0000] {sql.py:418} INFO - Running statement: 
            delete from dag_runs where dt = '2022-04-02' and dag_id = 'dag_with_postgres_operator_v04';
        , parameters: None
[2023-09-04T06:02:31.619+0000] {sql.py:427} INFO - Rows affected: 0
[2023-09-04T06:02:31.635+0000] {taskinstance.py:1400} INFO - Marking task as SUCCESS. dag_id=dag_with_postgres_operator_v04, task_id=delete_data_from_table, execution_date=20220402T000000, start_date=20230904T060231, end_date=20230904T060231
[2023-09-04T06:02:31.691+0000] {local_task_job_runner.py:228} INFO - Task exited with return code 0
[2023-09-04T06:02:31.778+0000] {taskinstance.py:2784} INFO - 0 downstream tasks scheduled from follow-on schedule check
[2023-09-04T06:05:13.523+0000] {taskinstance.py:1159} INFO - Dependencies all met for dep_context=non-requeueable deps ti=<TaskInstance: dag_with_postgres_operator_v04.delete_data_from_table scheduled__2022-04-02T00:00:00+00:00 [queued]>
[2023-09-04T06:05:13.562+0000] {taskinstance.py:1159} INFO - Dependencies all met for dep_context=requeueable deps ti=<TaskInstance: dag_with_postgres_operator_v04.delete_data_from_table scheduled__2022-04-02T00:00:00+00:00 [queued]>
[2023-09-04T06:05:13.564+0000] {taskinstance.py:1361} INFO - Starting attempt 1 of 6
[2023-09-04T06:05:13.621+0000] {taskinstance.py:1382} INFO - Executing <Task(PostgresOperator): delete_data_from_table> on 2022-04-02 00:00:00+00:00
[2023-09-04T06:05:13.634+0000] {standard_task_runner.py:57} INFO - Started process 6642 to run task
[2023-09-04T06:05:13.658+0000] {standard_task_runner.py:84} INFO - Running: ['***', 'tasks', 'run', 'dag_with_postgres_operator_v04', 'delete_data_from_table', 'scheduled__2022-04-02T00:00:00+00:00', '--job-id', '986', '--raw', '--subdir', 'DAGS_FOLDER/dag_with_postgres_operator.py', '--cfg-path', '/tmp/tmpx3jblkqz']
[2023-09-04T06:05:13.686+0000] {standard_task_runner.py:85} INFO - Job 986: Subtask delete_data_from_table
[2023-09-04T06:05:13.895+0000] {task_command.py:415} INFO - Running <TaskInstance: dag_with_postgres_operator_v04.delete_data_from_table scheduled__2022-04-02T00:00:00+00:00 [running]> on host 10bdc2e98230
[2023-09-04T06:05:14.344+0000] {taskinstance.py:1660} INFO - Exporting env vars: AIRFLOW_CTX_DAG_OWNER='mohghaff' AIRFLOW_CTX_DAG_ID='dag_with_postgres_operator_v04' AIRFLOW_CTX_TASK_ID='delete_data_from_table' AIRFLOW_CTX_EXECUTION_DATE='2022-04-02T00:00:00+00:00' AIRFLOW_CTX_TRY_NUMBER='1' AIRFLOW_CTX_DAG_RUN_ID='scheduled__2022-04-02T00:00:00+00:00'
[2023-09-04T06:05:14.349+0000] {sql.py:274} INFO - Executing: 
            delete from dag_runs where dt = '2022-04-02' and dag_id = 'dag_with_postgres_operator_v04';
        
[2023-09-04T06:05:14.373+0000] {base.py:73} INFO - Using connection ID 'postgres_localhost' for task execution.
[2023-09-04T06:05:14.405+0000] {base.py:73} INFO - Using connection ID 'postgres_localhost' for task execution.
[2023-09-04T06:05:14.453+0000] {sql.py:418} INFO - Running statement: 
            delete from dag_runs where dt = '2022-04-02' and dag_id = 'dag_with_postgres_operator_v04';
        , parameters: None
[2023-09-04T06:05:14.466+0000] {sql.py:427} INFO - Rows affected: 1
[2023-09-04T06:05:14.502+0000] {taskinstance.py:1400} INFO - Marking task as SUCCESS. dag_id=dag_with_postgres_operator_v04, task_id=delete_data_from_table, execution_date=20220402T000000, start_date=20230904T060513, end_date=20230904T060514
[2023-09-04T06:05:14.773+0000] {local_task_job_runner.py:228} INFO - Task exited with return code 0
[2023-09-04T06:05:14.867+0000] {taskinstance.py:2784} INFO - 1 downstream tasks scheduled from follow-on schedule check
