[2023-09-04T06:01:35.087+0000] {taskinstance.py:1159} INFO - Dependencies all met for dep_context=non-requeueable deps ti=<TaskInstance: dag_with_postgres_operator_v04.delete_data_from_table scheduled__2022-01-27T00:00:00+00:00 [queued]>
[2023-09-04T06:01:35.108+0000] {taskinstance.py:1159} INFO - Dependencies all met for dep_context=requeueable deps ti=<TaskInstance: dag_with_postgres_operator_v04.delete_data_from_table scheduled__2022-01-27T00:00:00+00:00 [queued]>
[2023-09-04T06:01:35.108+0000] {taskinstance.py:1361} INFO - Starting attempt 1 of 6
[2023-09-04T06:01:35.137+0000] {taskinstance.py:1382} INFO - Executing <Task(PostgresOperator): delete_data_from_table> on 2022-01-27 00:00:00+00:00
[2023-09-04T06:01:35.149+0000] {standard_task_runner.py:57} INFO - Started process 4894 to run task
[2023-09-04T06:01:35.154+0000] {standard_task_runner.py:84} INFO - Running: ['***', 'tasks', 'run', 'dag_with_postgres_operator_v04', 'delete_data_from_table', 'scheduled__2022-01-27T00:00:00+00:00', '--job-id', '251', '--raw', '--subdir', 'DAGS_FOLDER/dag_with_postgres_operator.py', '--cfg-path', '/tmp/tmpkvzwh3s1']
[2023-09-04T06:01:35.159+0000] {standard_task_runner.py:85} INFO - Job 251: Subtask delete_data_from_table
[2023-09-04T06:01:35.241+0000] {task_command.py:415} INFO - Running <TaskInstance: dag_with_postgres_operator_v04.delete_data_from_table scheduled__2022-01-27T00:00:00+00:00 [running]> on host 10bdc2e98230
[2023-09-04T06:01:35.386+0000] {taskinstance.py:1660} INFO - Exporting env vars: AIRFLOW_CTX_DAG_OWNER='coder2j' AIRFLOW_CTX_DAG_ID='dag_with_postgres_operator_v04' AIRFLOW_CTX_TASK_ID='delete_data_from_table' AIRFLOW_CTX_EXECUTION_DATE='2022-01-27T00:00:00+00:00' AIRFLOW_CTX_TRY_NUMBER='1' AIRFLOW_CTX_DAG_RUN_ID='scheduled__2022-01-27T00:00:00+00:00'
[2023-09-04T06:01:35.387+0000] {sql.py:274} INFO - Executing: 
            delete from dag_runs where dt = '2022-01-27' and dag_id = 'dag_with_postgres_operator_v04';
        
[2023-09-04T06:01:35.402+0000] {base.py:73} INFO - Using connection ID 'postgres_localhost' for task execution.
[2023-09-04T06:01:35.415+0000] {base.py:73} INFO - Using connection ID 'postgres_localhost' for task execution.
[2023-09-04T06:01:35.430+0000] {sql.py:418} INFO - Running statement: 
            delete from dag_runs where dt = '2022-01-27' and dag_id = 'dag_with_postgres_operator_v04';
        , parameters: None
[2023-09-04T06:01:35.439+0000] {sql.py:427} INFO - Rows affected: 0
[2023-09-04T06:01:35.457+0000] {taskinstance.py:1400} INFO - Marking task as SUCCESS. dag_id=dag_with_postgres_operator_v04, task_id=delete_data_from_table, execution_date=20220127T000000, start_date=20230904T060135, end_date=20230904T060135
[2023-09-04T06:01:35.528+0000] {local_task_job_runner.py:228} INFO - Task exited with return code 0
[2023-09-04T06:01:35.796+0000] {taskinstance.py:2784} INFO - 0 downstream tasks scheduled from follow-on schedule check
[2023-09-04T06:04:22.432+0000] {taskinstance.py:1159} INFO - Dependencies all met for dep_context=non-requeueable deps ti=<TaskInstance: dag_with_postgres_operator_v04.delete_data_from_table scheduled__2022-01-27T00:00:00+00:00 [queued]>
[2023-09-04T06:04:22.466+0000] {taskinstance.py:1159} INFO - Dependencies all met for dep_context=requeueable deps ti=<TaskInstance: dag_with_postgres_operator_v04.delete_data_from_table scheduled__2022-01-27T00:00:00+00:00 [queued]>
[2023-09-04T06:04:22.467+0000] {taskinstance.py:1361} INFO - Starting attempt 1 of 6
[2023-09-04T06:04:22.823+0000] {taskinstance.py:1382} INFO - Executing <Task(PostgresOperator): delete_data_from_table> on 2022-01-27 00:00:00+00:00
[2023-09-04T06:04:22.844+0000] {standard_task_runner.py:57} INFO - Started process 6189 to run task
[2023-09-04T06:04:22.856+0000] {standard_task_runner.py:84} INFO - Running: ['***', 'tasks', 'run', 'dag_with_postgres_operator_v04', 'delete_data_from_table', 'scheduled__2022-01-27T00:00:00+00:00', '--job-id', '791', '--raw', '--subdir', 'DAGS_FOLDER/dag_with_postgres_operator.py', '--cfg-path', '/tmp/tmpe1j9_c3g']
[2023-09-04T06:04:22.861+0000] {standard_task_runner.py:85} INFO - Job 791: Subtask delete_data_from_table
[2023-09-04T06:04:23.039+0000] {task_command.py:415} INFO - Running <TaskInstance: dag_with_postgres_operator_v04.delete_data_from_table scheduled__2022-01-27T00:00:00+00:00 [running]> on host 10bdc2e98230
[2023-09-04T06:04:23.265+0000] {taskinstance.py:1660} INFO - Exporting env vars: AIRFLOW_CTX_DAG_OWNER='mohghaff' AIRFLOW_CTX_DAG_ID='dag_with_postgres_operator_v04' AIRFLOW_CTX_TASK_ID='delete_data_from_table' AIRFLOW_CTX_EXECUTION_DATE='2022-01-27T00:00:00+00:00' AIRFLOW_CTX_TRY_NUMBER='1' AIRFLOW_CTX_DAG_RUN_ID='scheduled__2022-01-27T00:00:00+00:00'
[2023-09-04T06:04:23.268+0000] {sql.py:274} INFO - Executing: 
            delete from dag_runs where dt = '2022-01-27' and dag_id = 'dag_with_postgres_operator_v04';
        
[2023-09-04T06:04:23.298+0000] {base.py:73} INFO - Using connection ID 'postgres_localhost' for task execution.
[2023-09-04T06:04:23.335+0000] {base.py:73} INFO - Using connection ID 'postgres_localhost' for task execution.
[2023-09-04T06:04:23.363+0000] {sql.py:418} INFO - Running statement: 
            delete from dag_runs where dt = '2022-01-27' and dag_id = 'dag_with_postgres_operator_v04';
        , parameters: None
[2023-09-04T06:04:23.373+0000] {sql.py:427} INFO - Rows affected: 1
[2023-09-04T06:04:23.410+0000] {taskinstance.py:1400} INFO - Marking task as SUCCESS. dag_id=dag_with_postgres_operator_v04, task_id=delete_data_from_table, execution_date=20220127T000000, start_date=20230904T060422, end_date=20230904T060423
[2023-09-04T06:04:23.753+0000] {local_task_job_runner.py:228} INFO - Task exited with return code 0
[2023-09-04T06:04:23.807+0000] {taskinstance.py:2784} INFO - 1 downstream tasks scheduled from follow-on schedule check
