[2023-09-04T06:01:26.824+0000] {taskinstance.py:1159} INFO - Dependencies all met for dep_context=non-requeueable deps ti=<TaskInstance: dag_with_postgres_operator_v04.delete_data_from_table scheduled__2022-01-20T00:00:00+00:00 [queued]>
[2023-09-04T06:01:26.842+0000] {taskinstance.py:1159} INFO - Dependencies all met for dep_context=requeueable deps ti=<TaskInstance: dag_with_postgres_operator_v04.delete_data_from_table scheduled__2022-01-20T00:00:00+00:00 [queued]>
[2023-09-04T06:01:26.843+0000] {taskinstance.py:1361} INFO - Starting attempt 1 of 6
[2023-09-04T06:01:26.867+0000] {taskinstance.py:1382} INFO - Executing <Task(PostgresOperator): delete_data_from_table> on 2022-01-20 00:00:00+00:00
[2023-09-04T06:01:26.875+0000] {standard_task_runner.py:57} INFO - Started process 4837 to run task
[2023-09-04T06:01:26.878+0000] {standard_task_runner.py:84} INFO - Running: ['***', 'tasks', 'run', 'dag_with_postgres_operator_v04', 'delete_data_from_table', 'scheduled__2022-01-20T00:00:00+00:00', '--job-id', '223', '--raw', '--subdir', 'DAGS_FOLDER/dag_with_postgres_operator.py', '--cfg-path', '/tmp/tmp977_e7dh']
[2023-09-04T06:01:26.881+0000] {standard_task_runner.py:85} INFO - Job 223: Subtask delete_data_from_table
[2023-09-04T06:01:26.950+0000] {task_command.py:415} INFO - Running <TaskInstance: dag_with_postgres_operator_v04.delete_data_from_table scheduled__2022-01-20T00:00:00+00:00 [running]> on host 10bdc2e98230
[2023-09-04T06:01:27.077+0000] {taskinstance.py:1660} INFO - Exporting env vars: AIRFLOW_CTX_DAG_OWNER='coder2j' AIRFLOW_CTX_DAG_ID='dag_with_postgres_operator_v04' AIRFLOW_CTX_TASK_ID='delete_data_from_table' AIRFLOW_CTX_EXECUTION_DATE='2022-01-20T00:00:00+00:00' AIRFLOW_CTX_TRY_NUMBER='1' AIRFLOW_CTX_DAG_RUN_ID='scheduled__2022-01-20T00:00:00+00:00'
[2023-09-04T06:01:27.078+0000] {sql.py:274} INFO - Executing: 
            delete from dag_runs where dt = '2022-01-20' and dag_id = 'dag_with_postgres_operator_v04';
        
[2023-09-04T06:01:27.091+0000] {base.py:73} INFO - Using connection ID 'postgres_localhost' for task execution.
[2023-09-04T06:01:27.103+0000] {base.py:73} INFO - Using connection ID 'postgres_localhost' for task execution.
[2023-09-04T06:01:27.119+0000] {sql.py:418} INFO - Running statement: 
            delete from dag_runs where dt = '2022-01-20' and dag_id = 'dag_with_postgres_operator_v04';
        , parameters: None
[2023-09-04T06:01:27.125+0000] {sql.py:427} INFO - Rows affected: 0
[2023-09-04T06:01:27.143+0000] {taskinstance.py:1400} INFO - Marking task as SUCCESS. dag_id=dag_with_postgres_operator_v04, task_id=delete_data_from_table, execution_date=20220120T000000, start_date=20230904T060126, end_date=20230904T060127
[2023-09-04T06:01:27.172+0000] {local_task_job_runner.py:228} INFO - Task exited with return code 0
[2023-09-04T06:01:27.209+0000] {taskinstance.py:2784} INFO - 1 downstream tasks scheduled from follow-on schedule check
[2023-09-04T06:04:20.346+0000] {taskinstance.py:1159} INFO - Dependencies all met for dep_context=non-requeueable deps ti=<TaskInstance: dag_with_postgres_operator_v04.delete_data_from_table scheduled__2022-01-20T00:00:00+00:00 [queued]>
[2023-09-04T06:04:20.369+0000] {taskinstance.py:1159} INFO - Dependencies all met for dep_context=requeueable deps ti=<TaskInstance: dag_with_postgres_operator_v04.delete_data_from_table scheduled__2022-01-20T00:00:00+00:00 [queued]>
[2023-09-04T06:04:20.370+0000] {taskinstance.py:1361} INFO - Starting attempt 1 of 6
[2023-09-04T06:04:20.412+0000] {taskinstance.py:1382} INFO - Executing <Task(PostgresOperator): delete_data_from_table> on 2022-01-20 00:00:00+00:00
[2023-09-04T06:04:20.423+0000] {standard_task_runner.py:57} INFO - Started process 6155 to run task
[2023-09-04T06:04:20.429+0000] {standard_task_runner.py:84} INFO - Running: ['***', 'tasks', 'run', 'dag_with_postgres_operator_v04', 'delete_data_from_table', 'scheduled__2022-01-20T00:00:00+00:00', '--job-id', '780', '--raw', '--subdir', 'DAGS_FOLDER/dag_with_postgres_operator.py', '--cfg-path', '/tmp/tmpndxi64ue']
[2023-09-04T06:04:20.433+0000] {standard_task_runner.py:85} INFO - Job 780: Subtask delete_data_from_table
[2023-09-04T06:04:20.543+0000] {task_command.py:415} INFO - Running <TaskInstance: dag_with_postgres_operator_v04.delete_data_from_table scheduled__2022-01-20T00:00:00+00:00 [running]> on host 10bdc2e98230
[2023-09-04T06:04:20.782+0000] {taskinstance.py:1660} INFO - Exporting env vars: AIRFLOW_CTX_DAG_OWNER='mohghaff' AIRFLOW_CTX_DAG_ID='dag_with_postgres_operator_v04' AIRFLOW_CTX_TASK_ID='delete_data_from_table' AIRFLOW_CTX_EXECUTION_DATE='2022-01-20T00:00:00+00:00' AIRFLOW_CTX_TRY_NUMBER='1' AIRFLOW_CTX_DAG_RUN_ID='scheduled__2022-01-20T00:00:00+00:00'
[2023-09-04T06:04:20.784+0000] {sql.py:274} INFO - Executing: 
            delete from dag_runs where dt = '2022-01-20' and dag_id = 'dag_with_postgres_operator_v04';
        
[2023-09-04T06:04:20.803+0000] {base.py:73} INFO - Using connection ID 'postgres_localhost' for task execution.
[2023-09-04T06:04:20.822+0000] {base.py:73} INFO - Using connection ID 'postgres_localhost' for task execution.
[2023-09-04T06:04:20.850+0000] {sql.py:418} INFO - Running statement: 
            delete from dag_runs where dt = '2022-01-20' and dag_id = 'dag_with_postgres_operator_v04';
        , parameters: None
[2023-09-04T06:04:20.872+0000] {sql.py:427} INFO - Rows affected: 1
[2023-09-04T06:04:20.913+0000] {taskinstance.py:1400} INFO - Marking task as SUCCESS. dag_id=dag_with_postgres_operator_v04, task_id=delete_data_from_table, execution_date=20220120T000000, start_date=20230904T060420, end_date=20230904T060420
[2023-09-04T06:04:21.005+0000] {local_task_job_runner.py:228} INFO - Task exited with return code 0
[2023-09-04T06:04:21.417+0000] {taskinstance.py:2784} INFO - 0 downstream tasks scheduled from follow-on schedule check
