[2023-09-04T06:10:53.181+0000] {taskinstance.py:1159} INFO - Dependencies all met for dep_context=non-requeueable deps ti=<TaskInstance: dag_with_postgres_operator_v04.create_postgres_table scheduled__2023-06-17T00:00:00+00:00 [queued]>
[2023-09-04T06:10:53.200+0000] {taskinstance.py:1159} INFO - Dependencies all met for dep_context=requeueable deps ti=<TaskInstance: dag_with_postgres_operator_v04.create_postgres_table scheduled__2023-06-17T00:00:00+00:00 [queued]>
[2023-09-04T06:10:53.201+0000] {taskinstance.py:1361} INFO - Starting attempt 1 of 6
[2023-09-04T06:10:53.423+0000] {taskinstance.py:1382} INFO - Executing <Task(PostgresOperator): create_postgres_table> on 2023-06-17 00:00:00+00:00
[2023-09-04T06:10:53.435+0000] {standard_task_runner.py:57} INFO - Started process 9649 to run task
[2023-09-04T06:10:53.443+0000] {standard_task_runner.py:84} INFO - Running: ['***', 'tasks', 'run', 'dag_with_postgres_operator_v04', 'create_postgres_table', 'scheduled__2023-06-17T00:00:00+00:00', '--job-id', '2290', '--raw', '--subdir', 'DAGS_FOLDER/dag_with_postgres_operator.py', '--cfg-path', '/tmp/tmpt2a7zkrl']
[2023-09-04T06:10:53.449+0000] {standard_task_runner.py:85} INFO - Job 2290: Subtask create_postgres_table
[2023-09-04T06:10:53.704+0000] {task_command.py:415} INFO - Running <TaskInstance: dag_with_postgres_operator_v04.create_postgres_table scheduled__2023-06-17T00:00:00+00:00 [running]> on host 10bdc2e98230
[2023-09-04T06:10:54.022+0000] {taskinstance.py:1660} INFO - Exporting env vars: AIRFLOW_CTX_DAG_OWNER='mohghaff' AIRFLOW_CTX_DAG_ID='dag_with_postgres_operator_v04' AIRFLOW_CTX_TASK_ID='create_postgres_table' AIRFLOW_CTX_EXECUTION_DATE='2023-06-17T00:00:00+00:00' AIRFLOW_CTX_TRY_NUMBER='1' AIRFLOW_CTX_DAG_RUN_ID='scheduled__2023-06-17T00:00:00+00:00'
[2023-09-04T06:10:54.025+0000] {sql.py:274} INFO - Executing: 
            create table if not exists dag_runs (
                dt date,
                dag_id character varying,
                primary key (dt, dag_id)
            )
        
[2023-09-04T06:10:54.041+0000] {base.py:73} INFO - Using connection ID 'postgres_localhost' for task execution.
[2023-09-04T06:10:54.060+0000] {base.py:73} INFO - Using connection ID 'postgres_localhost' for task execution.
[2023-09-04T06:10:54.078+0000] {sql.py:418} INFO - Running statement: 
            create table if not exists dag_runs (
                dt date,
                dag_id character varying,
                primary key (dt, dag_id)
            )
        , parameters: None
[2023-09-04T06:10:54.110+0000] {taskinstance.py:1400} INFO - Marking task as SUCCESS. dag_id=dag_with_postgres_operator_v04, task_id=create_postgres_table, execution_date=20230617T000000, start_date=20230904T061053, end_date=20230904T061054
[2023-09-04T06:10:54.306+0000] {local_task_job_runner.py:228} INFO - Task exited with return code 0
[2023-09-04T06:10:54.373+0000] {taskinstance.py:2784} INFO - 1 downstream tasks scheduled from follow-on schedule check
