[2023-09-04T06:02:55.273+0000] {taskinstance.py:1159} INFO - Dependencies all met for dep_context=non-requeueable deps ti=<TaskInstance: dag_with_postgres_operator_v04.delete_data_from_table scheduled__2022-05-01T00:00:00+00:00 [queued]>
[2023-09-04T06:02:55.285+0000] {taskinstance.py:1159} INFO - Dependencies all met for dep_context=requeueable deps ti=<TaskInstance: dag_with_postgres_operator_v04.delete_data_from_table scheduled__2022-05-01T00:00:00+00:00 [queued]>
[2023-09-04T06:02:55.285+0000] {taskinstance.py:1361} INFO - Starting attempt 1 of 6
[2023-09-04T06:02:55.302+0000] {taskinstance.py:1382} INFO - Executing <Task(PostgresOperator): delete_data_from_table> on 2022-05-01 00:00:00+00:00
[2023-09-04T06:02:55.310+0000] {standard_task_runner.py:57} INFO - Started process 5569 to run task
[2023-09-04T06:02:55.314+0000] {standard_task_runner.py:84} INFO - Running: ['***', 'tasks', 'run', 'dag_with_postgres_operator_v04', 'delete_data_from_table', 'scheduled__2022-05-01T00:00:00+00:00', '--job-id', '533', '--raw', '--subdir', 'DAGS_FOLDER/dag_with_postgres_operator.py', '--cfg-path', '/tmp/tmpp4p8aq_i']
[2023-09-04T06:02:55.317+0000] {standard_task_runner.py:85} INFO - Job 533: Subtask delete_data_from_table
[2023-09-04T06:02:55.375+0000] {task_command.py:415} INFO - Running <TaskInstance: dag_with_postgres_operator_v04.delete_data_from_table scheduled__2022-05-01T00:00:00+00:00 [running]> on host 10bdc2e98230
[2023-09-04T06:02:55.474+0000] {taskinstance.py:1660} INFO - Exporting env vars: AIRFLOW_CTX_DAG_OWNER='coder2j' AIRFLOW_CTX_DAG_ID='dag_with_postgres_operator_v04' AIRFLOW_CTX_TASK_ID='delete_data_from_table' AIRFLOW_CTX_EXECUTION_DATE='2022-05-01T00:00:00+00:00' AIRFLOW_CTX_TRY_NUMBER='1' AIRFLOW_CTX_DAG_RUN_ID='scheduled__2022-05-01T00:00:00+00:00'
[2023-09-04T06:02:55.475+0000] {sql.py:274} INFO - Executing: 
            delete from dag_runs where dt = '2022-05-01' and dag_id = 'dag_with_postgres_operator_v04';
        
[2023-09-04T06:02:55.486+0000] {base.py:73} INFO - Using connection ID 'postgres_localhost' for task execution.
[2023-09-04T06:02:55.496+0000] {base.py:73} INFO - Using connection ID 'postgres_localhost' for task execution.
[2023-09-04T06:02:55.507+0000] {sql.py:418} INFO - Running statement: 
            delete from dag_runs where dt = '2022-05-01' and dag_id = 'dag_with_postgres_operator_v04';
        , parameters: None
[2023-09-04T06:02:55.512+0000] {sql.py:427} INFO - Rows affected: 0
[2023-09-04T06:02:55.523+0000] {taskinstance.py:1400} INFO - Marking task as SUCCESS. dag_id=dag_with_postgres_operator_v04, task_id=delete_data_from_table, execution_date=20220501T000000, start_date=20230904T060255, end_date=20230904T060255
[2023-09-04T06:02:55.686+0000] {local_task_job_runner.py:228} INFO - Task exited with return code 0
[2023-09-04T06:02:55.711+0000] {taskinstance.py:2784} INFO - 1 downstream tasks scheduled from follow-on schedule check
[2023-09-04T06:05:38.903+0000] {taskinstance.py:1159} INFO - Dependencies all met for dep_context=non-requeueable deps ti=<TaskInstance: dag_with_postgres_operator_v04.delete_data_from_table scheduled__2022-05-01T00:00:00+00:00 [queued]>
[2023-09-04T06:05:38.957+0000] {taskinstance.py:1159} INFO - Dependencies all met for dep_context=requeueable deps ti=<TaskInstance: dag_with_postgres_operator_v04.delete_data_from_table scheduled__2022-05-01T00:00:00+00:00 [queued]>
[2023-09-04T06:05:38.958+0000] {taskinstance.py:1361} INFO - Starting attempt 1 of 6
[2023-09-04T06:05:39.014+0000] {taskinstance.py:1382} INFO - Executing <Task(PostgresOperator): delete_data_from_table> on 2022-05-01 00:00:00+00:00
[2023-09-04T06:05:39.032+0000] {standard_task_runner.py:57} INFO - Started process 6845 to run task
[2023-09-04T06:05:39.039+0000] {standard_task_runner.py:84} INFO - Running: ['***', 'tasks', 'run', 'dag_with_postgres_operator_v04', 'delete_data_from_table', 'scheduled__2022-05-01T00:00:00+00:00', '--job-id', '1076', '--raw', '--subdir', 'DAGS_FOLDER/dag_with_postgres_operator.py', '--cfg-path', '/tmp/tmpytw12rss']
[2023-09-04T06:05:39.044+0000] {standard_task_runner.py:85} INFO - Job 1076: Subtask delete_data_from_table
[2023-09-04T06:05:39.270+0000] {task_command.py:415} INFO - Running <TaskInstance: dag_with_postgres_operator_v04.delete_data_from_table scheduled__2022-05-01T00:00:00+00:00 [running]> on host 10bdc2e98230
[2023-09-04T06:05:39.752+0000] {taskinstance.py:1660} INFO - Exporting env vars: AIRFLOW_CTX_DAG_OWNER='mohghaff' AIRFLOW_CTX_DAG_ID='dag_with_postgres_operator_v04' AIRFLOW_CTX_TASK_ID='delete_data_from_table' AIRFLOW_CTX_EXECUTION_DATE='2022-05-01T00:00:00+00:00' AIRFLOW_CTX_TRY_NUMBER='1' AIRFLOW_CTX_DAG_RUN_ID='scheduled__2022-05-01T00:00:00+00:00'
[2023-09-04T06:05:39.760+0000] {sql.py:274} INFO - Executing: 
            delete from dag_runs where dt = '2022-05-01' and dag_id = 'dag_with_postgres_operator_v04';
        
[2023-09-04T06:05:39.795+0000] {base.py:73} INFO - Using connection ID 'postgres_localhost' for task execution.
[2023-09-04T06:05:39.821+0000] {base.py:73} INFO - Using connection ID 'postgres_localhost' for task execution.
[2023-09-04T06:05:39.866+0000] {sql.py:418} INFO - Running statement: 
            delete from dag_runs where dt = '2022-05-01' and dag_id = 'dag_with_postgres_operator_v04';
        , parameters: None
[2023-09-04T06:05:39.884+0000] {sql.py:427} INFO - Rows affected: 1
[2023-09-04T06:05:40.035+0000] {taskinstance.py:1400} INFO - Marking task as SUCCESS. dag_id=dag_with_postgres_operator_v04, task_id=delete_data_from_table, execution_date=20220501T000000, start_date=20230904T060538, end_date=20230904T060540
[2023-09-04T06:05:40.130+0000] {local_task_job_runner.py:228} INFO - Task exited with return code 0
[2023-09-04T06:05:40.216+0000] {taskinstance.py:2784} INFO - 1 downstream tasks scheduled from follow-on schedule check
