[2023-09-04T06:02:47.565+0000] {taskinstance.py:1159} INFO - Dependencies all met for dep_context=non-requeueable deps ti=<TaskInstance: dag_with_postgres_operator_v04.create_postgres_table scheduled__2022-04-25T00:00:00+00:00 [queued]>
[2023-09-04T06:02:47.578+0000] {taskinstance.py:1159} INFO - Dependencies all met for dep_context=requeueable deps ti=<TaskInstance: dag_with_postgres_operator_v04.create_postgres_table scheduled__2022-04-25T00:00:00+00:00 [queued]>
[2023-09-04T06:02:47.578+0000] {taskinstance.py:1361} INFO - Starting attempt 1 of 6
[2023-09-04T06:02:47.739+0000] {taskinstance.py:1382} INFO - Executing <Task(PostgresOperator): create_postgres_table> on 2022-04-25 00:00:00+00:00
[2023-09-04T06:02:47.748+0000] {standard_task_runner.py:57} INFO - Started process 5480 to run task
[2023-09-04T06:02:47.752+0000] {standard_task_runner.py:84} INFO - Running: ['***', 'tasks', 'run', 'dag_with_postgres_operator_v04', 'create_postgres_table', 'scheduled__2022-04-25T00:00:00+00:00', '--job-id', '503', '--raw', '--subdir', 'DAGS_FOLDER/dag_with_postgres_operator.py', '--cfg-path', '/tmp/tmpqsu1pnjz']
[2023-09-04T06:02:47.754+0000] {standard_task_runner.py:85} INFO - Job 503: Subtask create_postgres_table
[2023-09-04T06:02:47.828+0000] {task_command.py:415} INFO - Running <TaskInstance: dag_with_postgres_operator_v04.create_postgres_table scheduled__2022-04-25T00:00:00+00:00 [running]> on host 10bdc2e98230
[2023-09-04T06:02:47.955+0000] {taskinstance.py:1660} INFO - Exporting env vars: AIRFLOW_CTX_DAG_OWNER='coder2j' AIRFLOW_CTX_DAG_ID='dag_with_postgres_operator_v04' AIRFLOW_CTX_TASK_ID='create_postgres_table' AIRFLOW_CTX_EXECUTION_DATE='2022-04-25T00:00:00+00:00' AIRFLOW_CTX_TRY_NUMBER='1' AIRFLOW_CTX_DAG_RUN_ID='scheduled__2022-04-25T00:00:00+00:00'
[2023-09-04T06:02:47.957+0000] {sql.py:274} INFO - Executing: 
            create table if not exists dag_runs (
                dt date,
                dag_id character varying,
                primary key (dt, dag_id)
            )
        
[2023-09-04T06:02:47.969+0000] {base.py:73} INFO - Using connection ID 'postgres_localhost' for task execution.
[2023-09-04T06:02:47.978+0000] {base.py:73} INFO - Using connection ID 'postgres_localhost' for task execution.
[2023-09-04T06:02:47.990+0000] {sql.py:418} INFO - Running statement: 
            create table if not exists dag_runs (
                dt date,
                dag_id character varying,
                primary key (dt, dag_id)
            )
        , parameters: None
[2023-09-04T06:02:48.006+0000] {taskinstance.py:1400} INFO - Marking task as SUCCESS. dag_id=dag_with_postgres_operator_v04, task_id=create_postgres_table, execution_date=20220425T000000, start_date=20230904T060247, end_date=20230904T060248
[2023-09-04T06:02:48.044+0000] {local_task_job_runner.py:228} INFO - Task exited with return code 0
[2023-09-04T06:02:48.082+0000] {taskinstance.py:2784} INFO - 1 downstream tasks scheduled from follow-on schedule check
[2023-09-04T06:05:34.795+0000] {taskinstance.py:1159} INFO - Dependencies all met for dep_context=non-requeueable deps ti=<TaskInstance: dag_with_postgres_operator_v04.create_postgres_table scheduled__2022-04-25T00:00:00+00:00 [queued]>
[2023-09-04T06:05:34.814+0000] {taskinstance.py:1159} INFO - Dependencies all met for dep_context=requeueable deps ti=<TaskInstance: dag_with_postgres_operator_v04.create_postgres_table scheduled__2022-04-25T00:00:00+00:00 [queued]>
[2023-09-04T06:05:34.814+0000] {taskinstance.py:1361} INFO - Starting attempt 1 of 6
[2023-09-04T06:05:34.839+0000] {taskinstance.py:1382} INFO - Executing <Task(PostgresOperator): create_postgres_table> on 2022-04-25 00:00:00+00:00
[2023-09-04T06:05:34.849+0000] {standard_task_runner.py:57} INFO - Started process 6804 to run task
[2023-09-04T06:05:34.853+0000] {standard_task_runner.py:84} INFO - Running: ['***', 'tasks', 'run', 'dag_with_postgres_operator_v04', 'create_postgres_table', 'scheduled__2022-04-25T00:00:00+00:00', '--job-id', '1057', '--raw', '--subdir', 'DAGS_FOLDER/dag_with_postgres_operator.py', '--cfg-path', '/tmp/tmp0n7l5p2y']
[2023-09-04T06:05:34.856+0000] {standard_task_runner.py:85} INFO - Job 1057: Subtask create_postgres_table
[2023-09-04T06:05:34.953+0000] {task_command.py:415} INFO - Running <TaskInstance: dag_with_postgres_operator_v04.create_postgres_table scheduled__2022-04-25T00:00:00+00:00 [running]> on host 10bdc2e98230
[2023-09-04T06:05:35.137+0000] {taskinstance.py:1660} INFO - Exporting env vars: AIRFLOW_CTX_DAG_OWNER='mohghaff' AIRFLOW_CTX_DAG_ID='dag_with_postgres_operator_v04' AIRFLOW_CTX_TASK_ID='create_postgres_table' AIRFLOW_CTX_EXECUTION_DATE='2022-04-25T00:00:00+00:00' AIRFLOW_CTX_TRY_NUMBER='1' AIRFLOW_CTX_DAG_RUN_ID='scheduled__2022-04-25T00:00:00+00:00'
[2023-09-04T06:05:35.139+0000] {sql.py:274} INFO - Executing: 
            create table if not exists dag_runs (
                dt date,
                dag_id character varying,
                primary key (dt, dag_id)
            )
        
[2023-09-04T06:05:35.156+0000] {base.py:73} INFO - Using connection ID 'postgres_localhost' for task execution.
[2023-09-04T06:05:35.170+0000] {base.py:73} INFO - Using connection ID 'postgres_localhost' for task execution.
[2023-09-04T06:05:35.187+0000] {sql.py:418} INFO - Running statement: 
            create table if not exists dag_runs (
                dt date,
                dag_id character varying,
                primary key (dt, dag_id)
            )
        , parameters: None
[2023-09-04T06:05:35.211+0000] {taskinstance.py:1400} INFO - Marking task as SUCCESS. dag_id=dag_with_postgres_operator_v04, task_id=create_postgres_table, execution_date=20220425T000000, start_date=20230904T060534, end_date=20230904T060535
[2023-09-04T06:05:35.267+0000] {local_task_job_runner.py:228} INFO - Task exited with return code 0
[2023-09-04T06:05:35.333+0000] {taskinstance.py:2784} INFO - 1 downstream tasks scheduled from follow-on schedule check
