[2023-09-04T06:02:30.579+0000] {taskinstance.py:1159} INFO - Dependencies all met for dep_context=non-requeueable deps ti=<TaskInstance: dag_with_postgres_operator_v04.create_postgres_table scheduled__2022-04-06T00:00:00+00:00 [queued]>
[2023-09-04T06:02:30.599+0000] {taskinstance.py:1159} INFO - Dependencies all met for dep_context=requeueable deps ti=<TaskInstance: dag_with_postgres_operator_v04.create_postgres_table scheduled__2022-04-06T00:00:00+00:00 [queued]>
[2023-09-04T06:02:30.599+0000] {taskinstance.py:1361} INFO - Starting attempt 1 of 6
[2023-09-04T06:02:30.634+0000] {taskinstance.py:1382} INFO - Executing <Task(PostgresOperator): create_postgres_table> on 2022-04-06 00:00:00+00:00
[2023-09-04T06:02:30.645+0000] {standard_task_runner.py:57} INFO - Started process 5352 to run task
[2023-09-04T06:02:30.649+0000] {standard_task_runner.py:84} INFO - Running: ['***', 'tasks', 'run', 'dag_with_postgres_operator_v04', 'create_postgres_table', 'scheduled__2022-04-06T00:00:00+00:00', '--job-id', '441', '--raw', '--subdir', 'DAGS_FOLDER/dag_with_postgres_operator.py', '--cfg-path', '/tmp/tmp_d6rs3yw']
[2023-09-04T06:02:30.653+0000] {standard_task_runner.py:85} INFO - Job 441: Subtask create_postgres_table
[2023-09-04T06:02:30.742+0000] {task_command.py:415} INFO - Running <TaskInstance: dag_with_postgres_operator_v04.create_postgres_table scheduled__2022-04-06T00:00:00+00:00 [running]> on host 10bdc2e98230
[2023-09-04T06:02:30.904+0000] {taskinstance.py:1660} INFO - Exporting env vars: AIRFLOW_CTX_DAG_OWNER='coder2j' AIRFLOW_CTX_DAG_ID='dag_with_postgres_operator_v04' AIRFLOW_CTX_TASK_ID='create_postgres_table' AIRFLOW_CTX_EXECUTION_DATE='2022-04-06T00:00:00+00:00' AIRFLOW_CTX_TRY_NUMBER='1' AIRFLOW_CTX_DAG_RUN_ID='scheduled__2022-04-06T00:00:00+00:00'
[2023-09-04T06:02:30.907+0000] {sql.py:274} INFO - Executing: 
            create table if not exists dag_runs (
                dt date,
                dag_id character varying,
                primary key (dt, dag_id)
            )
        
[2023-09-04T06:02:30.925+0000] {base.py:73} INFO - Using connection ID 'postgres_localhost' for task execution.
[2023-09-04T06:02:30.939+0000] {base.py:73} INFO - Using connection ID 'postgres_localhost' for task execution.
[2023-09-04T06:02:30.962+0000] {sql.py:418} INFO - Running statement: 
            create table if not exists dag_runs (
                dt date,
                dag_id character varying,
                primary key (dt, dag_id)
            )
        , parameters: None
[2023-09-04T06:02:30.988+0000] {taskinstance.py:1400} INFO - Marking task as SUCCESS. dag_id=dag_with_postgres_operator_v04, task_id=create_postgres_table, execution_date=20220406T000000, start_date=20230904T060230, end_date=20230904T060230
[2023-09-04T06:02:31.024+0000] {local_task_job_runner.py:228} INFO - Task exited with return code 0
[2023-09-04T06:02:31.069+0000] {taskinstance.py:2784} INFO - 1 downstream tasks scheduled from follow-on schedule check
[2023-09-04T06:05:11.503+0000] {taskinstance.py:1159} INFO - Dependencies all met for dep_context=non-requeueable deps ti=<TaskInstance: dag_with_postgres_operator_v04.create_postgres_table scheduled__2022-04-06T00:00:00+00:00 [queued]>
[2023-09-04T06:05:11.564+0000] {taskinstance.py:1159} INFO - Dependencies all met for dep_context=requeueable deps ti=<TaskInstance: dag_with_postgres_operator_v04.create_postgres_table scheduled__2022-04-06T00:00:00+00:00 [queued]>
[2023-09-04T06:05:11.566+0000] {taskinstance.py:1361} INFO - Starting attempt 1 of 6
[2023-09-04T06:05:12.084+0000] {taskinstance.py:1382} INFO - Executing <Task(PostgresOperator): create_postgres_table> on 2022-04-06 00:00:00+00:00
[2023-09-04T06:05:12.102+0000] {standard_task_runner.py:57} INFO - Started process 6629 to run task
[2023-09-04T06:05:12.107+0000] {standard_task_runner.py:84} INFO - Running: ['***', 'tasks', 'run', 'dag_with_postgres_operator_v04', 'create_postgres_table', 'scheduled__2022-04-06T00:00:00+00:00', '--job-id', '980', '--raw', '--subdir', 'DAGS_FOLDER/dag_with_postgres_operator.py', '--cfg-path', '/tmp/tmptivd794z']
[2023-09-04T06:05:12.112+0000] {standard_task_runner.py:85} INFO - Job 980: Subtask create_postgres_table
[2023-09-04T06:05:12.299+0000] {task_command.py:415} INFO - Running <TaskInstance: dag_with_postgres_operator_v04.create_postgres_table scheduled__2022-04-06T00:00:00+00:00 [running]> on host 10bdc2e98230
[2023-09-04T06:05:12.639+0000] {taskinstance.py:1660} INFO - Exporting env vars: AIRFLOW_CTX_DAG_OWNER='mohghaff' AIRFLOW_CTX_DAG_ID='dag_with_postgres_operator_v04' AIRFLOW_CTX_TASK_ID='create_postgres_table' AIRFLOW_CTX_EXECUTION_DATE='2022-04-06T00:00:00+00:00' AIRFLOW_CTX_TRY_NUMBER='1' AIRFLOW_CTX_DAG_RUN_ID='scheduled__2022-04-06T00:00:00+00:00'
[2023-09-04T06:05:12.642+0000] {sql.py:274} INFO - Executing: 
            create table if not exists dag_runs (
                dt date,
                dag_id character varying,
                primary key (dt, dag_id)
            )
        
[2023-09-04T06:05:12.676+0000] {base.py:73} INFO - Using connection ID 'postgres_localhost' for task execution.
[2023-09-04T06:05:12.703+0000] {base.py:73} INFO - Using connection ID 'postgres_localhost' for task execution.
[2023-09-04T06:05:12.737+0000] {sql.py:418} INFO - Running statement: 
            create table if not exists dag_runs (
                dt date,
                dag_id character varying,
                primary key (dt, dag_id)
            )
        , parameters: None
[2023-09-04T06:05:12.791+0000] {taskinstance.py:1400} INFO - Marking task as SUCCESS. dag_id=dag_with_postgres_operator_v04, task_id=create_postgres_table, execution_date=20220406T000000, start_date=20230904T060511, end_date=20230904T060512
[2023-09-04T06:05:12.858+0000] {local_task_job_runner.py:228} INFO - Task exited with return code 0
[2023-09-04T06:05:12.980+0000] {taskinstance.py:2784} INFO - 1 downstream tasks scheduled from follow-on schedule check
