[2023-09-04T06:02:56.802+0000] {taskinstance.py:1159} INFO - Dependencies all met for dep_context=non-requeueable deps ti=<TaskInstance: dag_with_postgres_operator_v04.create_postgres_table scheduled__2022-05-09T00:00:00+00:00 [queued]>
[2023-09-04T06:02:56.822+0000] {taskinstance.py:1159} INFO - Dependencies all met for dep_context=requeueable deps ti=<TaskInstance: dag_with_postgres_operator_v04.create_postgres_table scheduled__2022-05-09T00:00:00+00:00 [queued]>
[2023-09-04T06:02:56.823+0000] {taskinstance.py:1361} INFO - Starting attempt 1 of 6
[2023-09-04T06:02:56.849+0000] {taskinstance.py:1382} INFO - Executing <Task(PostgresOperator): create_postgres_table> on 2022-05-09 00:00:00+00:00
[2023-09-04T06:02:56.859+0000] {standard_task_runner.py:57} INFO - Started process 5591 to run task
[2023-09-04T06:02:56.863+0000] {standard_task_runner.py:84} INFO - Running: ['***', 'tasks', 'run', 'dag_with_postgres_operator_v04', 'create_postgres_table', 'scheduled__2022-05-09T00:00:00+00:00', '--job-id', '543', '--raw', '--subdir', 'DAGS_FOLDER/dag_with_postgres_operator.py', '--cfg-path', '/tmp/tmpakp1ayhn']
[2023-09-04T06:02:56.866+0000] {standard_task_runner.py:85} INFO - Job 543: Subtask create_postgres_table
[2023-09-04T06:02:56.948+0000] {task_command.py:415} INFO - Running <TaskInstance: dag_with_postgres_operator_v04.create_postgres_table scheduled__2022-05-09T00:00:00+00:00 [running]> on host 10bdc2e98230
[2023-09-04T06:02:57.097+0000] {taskinstance.py:1660} INFO - Exporting env vars: AIRFLOW_CTX_DAG_OWNER='coder2j' AIRFLOW_CTX_DAG_ID='dag_with_postgres_operator_v04' AIRFLOW_CTX_TASK_ID='create_postgres_table' AIRFLOW_CTX_EXECUTION_DATE='2022-05-09T00:00:00+00:00' AIRFLOW_CTX_TRY_NUMBER='1' AIRFLOW_CTX_DAG_RUN_ID='scheduled__2022-05-09T00:00:00+00:00'
[2023-09-04T06:02:57.099+0000] {sql.py:274} INFO - Executing: 
            create table if not exists dag_runs (
                dt date,
                dag_id character varying,
                primary key (dt, dag_id)
            )
        
[2023-09-04T06:02:57.113+0000] {base.py:73} INFO - Using connection ID 'postgres_localhost' for task execution.
[2023-09-04T06:02:57.129+0000] {base.py:73} INFO - Using connection ID 'postgres_localhost' for task execution.
[2023-09-04T06:02:57.146+0000] {sql.py:418} INFO - Running statement: 
            create table if not exists dag_runs (
                dt date,
                dag_id character varying,
                primary key (dt, dag_id)
            )
        , parameters: None
[2023-09-04T06:02:57.177+0000] {taskinstance.py:1400} INFO - Marking task as SUCCESS. dag_id=dag_with_postgres_operator_v04, task_id=create_postgres_table, execution_date=20220509T000000, start_date=20230904T060256, end_date=20230904T060257
[2023-09-04T06:02:57.237+0000] {local_task_job_runner.py:228} INFO - Task exited with return code 0
[2023-09-04T06:02:57.269+0000] {taskinstance.py:2784} INFO - 1 downstream tasks scheduled from follow-on schedule check
[2023-09-04T06:05:39.754+0000] {taskinstance.py:1159} INFO - Dependencies all met for dep_context=non-requeueable deps ti=<TaskInstance: dag_with_postgres_operator_v04.create_postgres_table scheduled__2022-05-09T00:00:00+00:00 [queued]>
[2023-09-04T06:05:39.801+0000] {taskinstance.py:1159} INFO - Dependencies all met for dep_context=requeueable deps ti=<TaskInstance: dag_with_postgres_operator_v04.create_postgres_table scheduled__2022-05-09T00:00:00+00:00 [queued]>
[2023-09-04T06:05:39.806+0000] {taskinstance.py:1361} INFO - Starting attempt 1 of 6
[2023-09-04T06:05:40.149+0000] {taskinstance.py:1382} INFO - Executing <Task(PostgresOperator): create_postgres_table> on 2022-05-09 00:00:00+00:00
[2023-09-04T06:05:40.164+0000] {standard_task_runner.py:57} INFO - Started process 6857 to run task
[2023-09-04T06:05:40.173+0000] {standard_task_runner.py:84} INFO - Running: ['***', 'tasks', 'run', 'dag_with_postgres_operator_v04', 'create_postgres_table', 'scheduled__2022-05-09T00:00:00+00:00', '--job-id', '1079', '--raw', '--subdir', 'DAGS_FOLDER/dag_with_postgres_operator.py', '--cfg-path', '/tmp/tmppp6u79qh']
[2023-09-04T06:05:40.183+0000] {standard_task_runner.py:85} INFO - Job 1079: Subtask create_postgres_table
[2023-09-04T06:05:40.493+0000] {task_command.py:415} INFO - Running <TaskInstance: dag_with_postgres_operator_v04.create_postgres_table scheduled__2022-05-09T00:00:00+00:00 [running]> on host 10bdc2e98230
[2023-09-04T06:05:40.919+0000] {taskinstance.py:1660} INFO - Exporting env vars: AIRFLOW_CTX_DAG_OWNER='mohghaff' AIRFLOW_CTX_DAG_ID='dag_with_postgres_operator_v04' AIRFLOW_CTX_TASK_ID='create_postgres_table' AIRFLOW_CTX_EXECUTION_DATE='2022-05-09T00:00:00+00:00' AIRFLOW_CTX_TRY_NUMBER='1' AIRFLOW_CTX_DAG_RUN_ID='scheduled__2022-05-09T00:00:00+00:00'
[2023-09-04T06:05:40.923+0000] {sql.py:274} INFO - Executing: 
            create table if not exists dag_runs (
                dt date,
                dag_id character varying,
                primary key (dt, dag_id)
            )
        
[2023-09-04T06:05:40.958+0000] {base.py:73} INFO - Using connection ID 'postgres_localhost' for task execution.
[2023-09-04T06:05:41.009+0000] {base.py:73} INFO - Using connection ID 'postgres_localhost' for task execution.
[2023-09-04T06:05:41.042+0000] {sql.py:418} INFO - Running statement: 
            create table if not exists dag_runs (
                dt date,
                dag_id character varying,
                primary key (dt, dag_id)
            )
        , parameters: None
[2023-09-04T06:05:41.109+0000] {taskinstance.py:1400} INFO - Marking task as SUCCESS. dag_id=dag_with_postgres_operator_v04, task_id=create_postgres_table, execution_date=20220509T000000, start_date=20230904T060539, end_date=20230904T060541
[2023-09-04T06:05:41.550+0000] {local_task_job_runner.py:228} INFO - Task exited with return code 0
[2023-09-04T06:05:41.670+0000] {taskinstance.py:2784} INFO - 1 downstream tasks scheduled from follow-on schedule check
