[2023-09-04T06:08:34.532+0000] {taskinstance.py:1159} INFO - Dependencies all met for dep_context=non-requeueable deps ti=<TaskInstance: dag_with_postgres_operator_v04.create_postgres_table scheduled__2022-12-18T00:00:00+00:00 [queued]>
[2023-09-04T06:08:34.554+0000] {taskinstance.py:1159} INFO - Dependencies all met for dep_context=requeueable deps ti=<TaskInstance: dag_with_postgres_operator_v04.create_postgres_table scheduled__2022-12-18T00:00:00+00:00 [queued]>
[2023-09-04T06:08:34.554+0000] {taskinstance.py:1361} INFO - Starting attempt 1 of 6
[2023-09-04T06:08:34.582+0000] {taskinstance.py:1382} INFO - Executing <Task(PostgresOperator): create_postgres_table> on 2022-12-18 00:00:00+00:00
[2023-09-04T06:08:34.593+0000] {standard_task_runner.py:57} INFO - Started process 8420 to run task
[2023-09-04T06:08:34.597+0000] {standard_task_runner.py:84} INFO - Running: ['***', 'tasks', 'run', 'dag_with_postgres_operator_v04', 'create_postgres_table', 'scheduled__2022-12-18T00:00:00+00:00', '--job-id', '1751', '--raw', '--subdir', 'DAGS_FOLDER/dag_with_postgres_operator.py', '--cfg-path', '/tmp/tmppdcj5h9u']
[2023-09-04T06:08:34.601+0000] {standard_task_runner.py:85} INFO - Job 1751: Subtask create_postgres_table
[2023-09-04T06:08:34.766+0000] {task_command.py:415} INFO - Running <TaskInstance: dag_with_postgres_operator_v04.create_postgres_table scheduled__2022-12-18T00:00:00+00:00 [running]> on host 10bdc2e98230
[2023-09-04T06:08:35.036+0000] {taskinstance.py:1660} INFO - Exporting env vars: AIRFLOW_CTX_DAG_OWNER='mohghaff' AIRFLOW_CTX_DAG_ID='dag_with_postgres_operator_v04' AIRFLOW_CTX_TASK_ID='create_postgres_table' AIRFLOW_CTX_EXECUTION_DATE='2022-12-18T00:00:00+00:00' AIRFLOW_CTX_TRY_NUMBER='1' AIRFLOW_CTX_DAG_RUN_ID='scheduled__2022-12-18T00:00:00+00:00'
[2023-09-04T06:08:35.038+0000] {sql.py:274} INFO - Executing: 
            create table if not exists dag_runs (
                dt date,
                dag_id character varying,
                primary key (dt, dag_id)
            )
        
[2023-09-04T06:08:35.053+0000] {base.py:73} INFO - Using connection ID 'postgres_localhost' for task execution.
[2023-09-04T06:08:35.075+0000] {base.py:73} INFO - Using connection ID 'postgres_localhost' for task execution.
[2023-09-04T06:08:35.100+0000] {sql.py:418} INFO - Running statement: 
            create table if not exists dag_runs (
                dt date,
                dag_id character varying,
                primary key (dt, dag_id)
            )
        , parameters: None
[2023-09-04T06:08:35.141+0000] {taskinstance.py:1400} INFO - Marking task as SUCCESS. dag_id=dag_with_postgres_operator_v04, task_id=create_postgres_table, execution_date=20221218T000000, start_date=20230904T060834, end_date=20230904T060835
[2023-09-04T06:08:35.375+0000] {local_task_job_runner.py:228} INFO - Task exited with return code 0
[2023-09-04T06:08:35.432+0000] {taskinstance.py:2784} INFO - 1 downstream tasks scheduled from follow-on schedule check
