[2023-09-04T06:03:06.716+0000] {taskinstance.py:1159} INFO - Dependencies all met for dep_context=non-requeueable deps ti=<TaskInstance: dag_with_postgres_operator_v04.insert_into_table scheduled__2022-05-14T00:00:00+00:00 [queued]>
[2023-09-04T06:03:06.729+0000] {taskinstance.py:1159} INFO - Dependencies all met for dep_context=requeueable deps ti=<TaskInstance: dag_with_postgres_operator_v04.insert_into_table scheduled__2022-05-14T00:00:00+00:00 [queued]>
[2023-09-04T06:03:06.730+0000] {taskinstance.py:1361} INFO - Starting attempt 1 of 6
[2023-09-04T06:03:06.754+0000] {taskinstance.py:1382} INFO - Executing <Task(PostgresOperator): insert_into_table> on 2022-05-14 00:00:00+00:00
[2023-09-04T06:03:06.766+0000] {standard_task_runner.py:57} INFO - Started process 5681 to run task
[2023-09-04T06:03:06.772+0000] {standard_task_runner.py:84} INFO - Running: ['***', 'tasks', 'run', 'dag_with_postgres_operator_v04', 'insert_into_table', 'scheduled__2022-05-14T00:00:00+00:00', '--job-id', '589', '--raw', '--subdir', 'DAGS_FOLDER/dag_with_postgres_operator.py', '--cfg-path', '/tmp/tmpajjgy4ji']
[2023-09-04T06:03:06.776+0000] {standard_task_runner.py:85} INFO - Job 589: Subtask insert_into_table
[2023-09-04T06:03:06.857+0000] {task_command.py:415} INFO - Running <TaskInstance: dag_with_postgres_operator_v04.insert_into_table scheduled__2022-05-14T00:00:00+00:00 [running]> on host 10bdc2e98230
[2023-09-04T06:03:07.006+0000] {taskinstance.py:1660} INFO - Exporting env vars: AIRFLOW_CTX_DAG_OWNER='coder2j' AIRFLOW_CTX_DAG_ID='dag_with_postgres_operator_v04' AIRFLOW_CTX_TASK_ID='insert_into_table' AIRFLOW_CTX_EXECUTION_DATE='2022-05-14T00:00:00+00:00' AIRFLOW_CTX_TRY_NUMBER='1' AIRFLOW_CTX_DAG_RUN_ID='scheduled__2022-05-14T00:00:00+00:00'
[2023-09-04T06:03:07.008+0000] {sql.py:274} INFO - Executing: 
            insert into dag_runs (dt, dag_id) values ('2022-05-14', 'dag_with_postgres_operator_v04')
        
[2023-09-04T06:03:07.023+0000] {base.py:73} INFO - Using connection ID 'postgres_localhost' for task execution.
[2023-09-04T06:03:07.035+0000] {base.py:73} INFO - Using connection ID 'postgres_localhost' for task execution.
[2023-09-04T06:03:07.050+0000] {sql.py:418} INFO - Running statement: 
            insert into dag_runs (dt, dag_id) values ('2022-05-14', 'dag_with_postgres_operator_v04')
        , parameters: None
[2023-09-04T06:03:07.055+0000] {sql.py:427} INFO - Rows affected: 1
[2023-09-04T06:03:07.080+0000] {taskinstance.py:1400} INFO - Marking task as SUCCESS. dag_id=dag_with_postgres_operator_v04, task_id=insert_into_table, execution_date=20220514T000000, start_date=20230904T060306, end_date=20230904T060307
[2023-09-04T06:03:07.104+0000] {local_task_job_runner.py:228} INFO - Task exited with return code 0
[2023-09-04T06:03:07.119+0000] {taskinstance.py:2784} INFO - 0 downstream tasks scheduled from follow-on schedule check
[2023-09-04T06:05:55.522+0000] {taskinstance.py:1159} INFO - Dependencies all met for dep_context=non-requeueable deps ti=<TaskInstance: dag_with_postgres_operator_v04.insert_into_table scheduled__2022-05-14T00:00:00+00:00 [queued]>
[2023-09-04T06:05:55.549+0000] {taskinstance.py:1159} INFO - Dependencies all met for dep_context=requeueable deps ti=<TaskInstance: dag_with_postgres_operator_v04.insert_into_table scheduled__2022-05-14T00:00:00+00:00 [queued]>
[2023-09-04T06:05:55.550+0000] {taskinstance.py:1361} INFO - Starting attempt 1 of 6
[2023-09-04T06:05:55.747+0000] {taskinstance.py:1382} INFO - Executing <Task(PostgresOperator): insert_into_table> on 2022-05-14 00:00:00+00:00
[2023-09-04T06:05:55.767+0000] {standard_task_runner.py:57} INFO - Started process 6986 to run task
[2023-09-04T06:05:55.774+0000] {standard_task_runner.py:84} INFO - Running: ['***', 'tasks', 'run', 'dag_with_postgres_operator_v04', 'insert_into_table', 'scheduled__2022-05-14T00:00:00+00:00', '--job-id', '1135', '--raw', '--subdir', 'DAGS_FOLDER/dag_with_postgres_operator.py', '--cfg-path', '/tmp/tmp_rfp1dxc']
[2023-09-04T06:05:55.781+0000] {standard_task_runner.py:85} INFO - Job 1135: Subtask insert_into_table
[2023-09-04T06:05:55.969+0000] {task_command.py:415} INFO - Running <TaskInstance: dag_with_postgres_operator_v04.insert_into_table scheduled__2022-05-14T00:00:00+00:00 [running]> on host 10bdc2e98230
[2023-09-04T06:05:56.247+0000] {taskinstance.py:1660} INFO - Exporting env vars: AIRFLOW_CTX_DAG_OWNER='mohghaff' AIRFLOW_CTX_DAG_ID='dag_with_postgres_operator_v04' AIRFLOW_CTX_TASK_ID='insert_into_table' AIRFLOW_CTX_EXECUTION_DATE='2022-05-14T00:00:00+00:00' AIRFLOW_CTX_TRY_NUMBER='1' AIRFLOW_CTX_DAG_RUN_ID='scheduled__2022-05-14T00:00:00+00:00'
[2023-09-04T06:05:56.250+0000] {sql.py:274} INFO - Executing: 
            insert into dag_runs (dt, dag_id) values ('2022-05-14', 'dag_with_postgres_operator_v04')
        
[2023-09-04T06:05:56.271+0000] {base.py:73} INFO - Using connection ID 'postgres_localhost' for task execution.
[2023-09-04T06:05:56.293+0000] {base.py:73} INFO - Using connection ID 'postgres_localhost' for task execution.
[2023-09-04T06:05:56.317+0000] {sql.py:418} INFO - Running statement: 
            insert into dag_runs (dt, dag_id) values ('2022-05-14', 'dag_with_postgres_operator_v04')
        , parameters: None
[2023-09-04T06:05:56.325+0000] {sql.py:427} INFO - Rows affected: 1
[2023-09-04T06:05:56.351+0000] {taskinstance.py:1400} INFO - Marking task as SUCCESS. dag_id=dag_with_postgres_operator_v04, task_id=insert_into_table, execution_date=20220514T000000, start_date=20230904T060555, end_date=20230904T060556
[2023-09-04T06:05:56.391+0000] {local_task_job_runner.py:228} INFO - Task exited with return code 0
[2023-09-04T06:05:56.425+0000] {taskinstance.py:2784} INFO - 0 downstream tasks scheduled from follow-on schedule check
