[2023-09-04T06:03:09.167+0000] {taskinstance.py:1159} INFO - Dependencies all met for dep_context=non-requeueable deps ti=<TaskInstance: dag_with_postgres_operator_v04.delete_data_from_table scheduled__2021-12-19T00:00:00+00:00 [queued]>
[2023-09-04T06:03:09.176+0000] {taskinstance.py:1159} INFO - Dependencies all met for dep_context=requeueable deps ti=<TaskInstance: dag_with_postgres_operator_v04.delete_data_from_table scheduled__2021-12-19T00:00:00+00:00 [queued]>
[2023-09-04T06:03:09.176+0000] {taskinstance.py:1361} INFO - Starting attempt 1 of 6
[2023-09-04T06:03:09.188+0000] {taskinstance.py:1382} INFO - Executing <Task(PostgresOperator): delete_data_from_table> on 2021-12-19 00:00:00+00:00
[2023-09-04T06:03:09.194+0000] {standard_task_runner.py:57} INFO - Started process 5711 to run task
[2023-09-04T06:03:09.200+0000] {standard_task_runner.py:84} INFO - Running: ['***', 'tasks', 'run', 'dag_with_postgres_operator_v04', 'delete_data_from_table', 'scheduled__2021-12-19T00:00:00+00:00', '--job-id', '603', '--raw', '--subdir', 'DAGS_FOLDER/dag_with_postgres_operator.py', '--cfg-path', '/tmp/tmpaotv2d1o']
[2023-09-04T06:03:09.203+0000] {standard_task_runner.py:85} INFO - Job 603: Subtask delete_data_from_table
[2023-09-04T06:03:09.244+0000] {task_command.py:415} INFO - Running <TaskInstance: dag_with_postgres_operator_v04.delete_data_from_table scheduled__2021-12-19T00:00:00+00:00 [running]> on host 10bdc2e98230
[2023-09-04T06:03:09.316+0000] {taskinstance.py:1660} INFO - Exporting env vars: AIRFLOW_CTX_DAG_OWNER='coder2j' AIRFLOW_CTX_DAG_ID='dag_with_postgres_operator_v04' AIRFLOW_CTX_TASK_ID='delete_data_from_table' AIRFLOW_CTX_EXECUTION_DATE='2021-12-19T00:00:00+00:00' AIRFLOW_CTX_TRY_NUMBER='1' AIRFLOW_CTX_DAG_RUN_ID='scheduled__2021-12-19T00:00:00+00:00'
[2023-09-04T06:03:09.317+0000] {sql.py:274} INFO - Executing: 
            delete from dag_runs where dt = '2021-12-19' and dag_id = 'dag_with_postgres_operator_v04';
        
[2023-09-04T06:03:09.325+0000] {base.py:73} INFO - Using connection ID 'postgres_localhost' for task execution.
[2023-09-04T06:03:09.332+0000] {base.py:73} INFO - Using connection ID 'postgres_localhost' for task execution.
[2023-09-04T06:03:09.342+0000] {sql.py:418} INFO - Running statement: 
            delete from dag_runs where dt = '2021-12-19' and dag_id = 'dag_with_postgres_operator_v04';
        , parameters: None
[2023-09-04T06:03:09.346+0000] {sql.py:427} INFO - Rows affected: 0
[2023-09-04T06:03:09.357+0000] {taskinstance.py:1400} INFO - Marking task as SUCCESS. dag_id=dag_with_postgres_operator_v04, task_id=delete_data_from_table, execution_date=20211219T000000, start_date=20230904T060309, end_date=20230904T060309
[2023-09-04T06:03:09.409+0000] {local_task_job_runner.py:228} INFO - Task exited with return code 0
[2023-09-04T06:03:09.429+0000] {taskinstance.py:2784} INFO - 1 downstream tasks scheduled from follow-on schedule check
[2023-09-04T06:03:56.514+0000] {taskinstance.py:1159} INFO - Dependencies all met for dep_context=non-requeueable deps ti=<TaskInstance: dag_with_postgres_operator_v04.delete_data_from_table scheduled__2021-12-19T00:00:00+00:00 [queued]>
[2023-09-04T06:03:56.544+0000] {taskinstance.py:1159} INFO - Dependencies all met for dep_context=requeueable deps ti=<TaskInstance: dag_with_postgres_operator_v04.delete_data_from_table scheduled__2021-12-19T00:00:00+00:00 [queued]>
[2023-09-04T06:03:56.545+0000] {taskinstance.py:1361} INFO - Starting attempt 1 of 6
[2023-09-04T06:03:56.796+0000] {taskinstance.py:1382} INFO - Executing <Task(PostgresOperator): delete_data_from_table> on 2021-12-19 00:00:00+00:00
[2023-09-04T06:03:56.809+0000] {standard_task_runner.py:57} INFO - Started process 5951 to run task
[2023-09-04T06:03:56.815+0000] {standard_task_runner.py:84} INFO - Running: ['***', 'tasks', 'run', 'dag_with_postgres_operator_v04', 'delete_data_from_table', 'scheduled__2021-12-19T00:00:00+00:00', '--job-id', '684', '--raw', '--subdir', 'DAGS_FOLDER/dag_with_postgres_operator.py', '--cfg-path', '/tmp/tmpe9_oh1cq']
[2023-09-04T06:03:56.821+0000] {standard_task_runner.py:85} INFO - Job 684: Subtask delete_data_from_table
[2023-09-04T06:03:56.985+0000] {task_command.py:415} INFO - Running <TaskInstance: dag_with_postgres_operator_v04.delete_data_from_table scheduled__2021-12-19T00:00:00+00:00 [running]> on host 10bdc2e98230
[2023-09-04T06:03:57.221+0000] {taskinstance.py:1660} INFO - Exporting env vars: AIRFLOW_CTX_DAG_OWNER='mohghaff' AIRFLOW_CTX_DAG_ID='dag_with_postgres_operator_v04' AIRFLOW_CTX_TASK_ID='delete_data_from_table' AIRFLOW_CTX_EXECUTION_DATE='2021-12-19T00:00:00+00:00' AIRFLOW_CTX_TRY_NUMBER='1' AIRFLOW_CTX_DAG_RUN_ID='scheduled__2021-12-19T00:00:00+00:00'
[2023-09-04T06:03:57.225+0000] {sql.py:274} INFO - Executing: 
            delete from dag_runs where dt = '2021-12-19' and dag_id = 'dag_with_postgres_operator_v04';
        
[2023-09-04T06:03:57.248+0000] {base.py:73} INFO - Using connection ID 'postgres_localhost' for task execution.
[2023-09-04T06:03:57.279+0000] {base.py:73} INFO - Using connection ID 'postgres_localhost' for task execution.
[2023-09-04T06:03:57.307+0000] {sql.py:418} INFO - Running statement: 
            delete from dag_runs where dt = '2021-12-19' and dag_id = 'dag_with_postgres_operator_v04';
        , parameters: None
[2023-09-04T06:03:57.321+0000] {sql.py:427} INFO - Rows affected: 1
[2023-09-04T06:03:57.365+0000] {taskinstance.py:1400} INFO - Marking task as SUCCESS. dag_id=dag_with_postgres_operator_v04, task_id=delete_data_from_table, execution_date=20211219T000000, start_date=20230904T060356, end_date=20230904T060357
[2023-09-04T06:03:57.437+0000] {local_task_job_runner.py:228} INFO - Task exited with return code 0
[2023-09-04T06:03:57.517+0000] {taskinstance.py:2784} INFO - 1 downstream tasks scheduled from follow-on schedule check
