[2023-09-04T06:01:25.848+0000] {taskinstance.py:1159} INFO - Dependencies all met for dep_context=non-requeueable deps ti=<TaskInstance: dag_with_postgres_operator_v04.delete_data_from_table scheduled__2022-01-17T00:00:00+00:00 [queued]>
[2023-09-04T06:01:25.866+0000] {taskinstance.py:1159} INFO - Dependencies all met for dep_context=requeueable deps ti=<TaskInstance: dag_with_postgres_operator_v04.delete_data_from_table scheduled__2022-01-17T00:00:00+00:00 [queued]>
[2023-09-04T06:01:25.866+0000] {taskinstance.py:1361} INFO - Starting attempt 1 of 6
[2023-09-04T06:01:25.900+0000] {taskinstance.py:1382} INFO - Executing <Task(PostgresOperator): delete_data_from_table> on 2022-01-17 00:00:00+00:00
[2023-09-04T06:01:25.913+0000] {standard_task_runner.py:57} INFO - Started process 4830 to run task
[2023-09-04T06:01:25.917+0000] {standard_task_runner.py:84} INFO - Running: ['***', 'tasks', 'run', 'dag_with_postgres_operator_v04', 'delete_data_from_table', 'scheduled__2022-01-17T00:00:00+00:00', '--job-id', '218', '--raw', '--subdir', 'DAGS_FOLDER/dag_with_postgres_operator.py', '--cfg-path', '/tmp/tmphkkrdohz']
[2023-09-04T06:01:25.921+0000] {standard_task_runner.py:85} INFO - Job 218: Subtask delete_data_from_table
[2023-09-04T06:01:25.998+0000] {task_command.py:415} INFO - Running <TaskInstance: dag_with_postgres_operator_v04.delete_data_from_table scheduled__2022-01-17T00:00:00+00:00 [running]> on host 10bdc2e98230
[2023-09-04T06:01:26.197+0000] {taskinstance.py:1660} INFO - Exporting env vars: AIRFLOW_CTX_DAG_OWNER='coder2j' AIRFLOW_CTX_DAG_ID='dag_with_postgres_operator_v04' AIRFLOW_CTX_TASK_ID='delete_data_from_table' AIRFLOW_CTX_EXECUTION_DATE='2022-01-17T00:00:00+00:00' AIRFLOW_CTX_TRY_NUMBER='1' AIRFLOW_CTX_DAG_RUN_ID='scheduled__2022-01-17T00:00:00+00:00'
[2023-09-04T06:01:26.200+0000] {sql.py:274} INFO - Executing: 
            delete from dag_runs where dt = '2022-01-17' and dag_id = 'dag_with_postgres_operator_v04';
        
[2023-09-04T06:01:26.223+0000] {base.py:73} INFO - Using connection ID 'postgres_localhost' for task execution.
[2023-09-04T06:01:26.237+0000] {base.py:73} INFO - Using connection ID 'postgres_localhost' for task execution.
[2023-09-04T06:01:26.257+0000] {sql.py:418} INFO - Running statement: 
            delete from dag_runs where dt = '2022-01-17' and dag_id = 'dag_with_postgres_operator_v04';
        , parameters: None
[2023-09-04T06:01:26.266+0000] {sql.py:427} INFO - Rows affected: 0
[2023-09-04T06:01:26.290+0000] {taskinstance.py:1400} INFO - Marking task as SUCCESS. dag_id=dag_with_postgres_operator_v04, task_id=delete_data_from_table, execution_date=20220117T000000, start_date=20230904T060125, end_date=20230904T060126
[2023-09-04T06:01:26.532+0000] {local_task_job_runner.py:228} INFO - Task exited with return code 0
[2023-09-04T06:01:26.573+0000] {taskinstance.py:2784} INFO - 1 downstream tasks scheduled from follow-on schedule check
[2023-09-04T06:04:13.702+0000] {taskinstance.py:1159} INFO - Dependencies all met for dep_context=non-requeueable deps ti=<TaskInstance: dag_with_postgres_operator_v04.delete_data_from_table scheduled__2022-01-17T00:00:00+00:00 [queued]>
[2023-09-04T06:04:13.722+0000] {taskinstance.py:1159} INFO - Dependencies all met for dep_context=requeueable deps ti=<TaskInstance: dag_with_postgres_operator_v04.delete_data_from_table scheduled__2022-01-17T00:00:00+00:00 [queued]>
[2023-09-04T06:04:13.723+0000] {taskinstance.py:1361} INFO - Starting attempt 1 of 6
[2023-09-04T06:04:13.762+0000] {taskinstance.py:1382} INFO - Executing <Task(PostgresOperator): delete_data_from_table> on 2022-01-17 00:00:00+00:00
[2023-09-04T06:04:13.774+0000] {standard_task_runner.py:57} INFO - Started process 6112 to run task
[2023-09-04T06:04:13.779+0000] {standard_task_runner.py:84} INFO - Running: ['***', 'tasks', 'run', 'dag_with_postgres_operator_v04', 'delete_data_from_table', 'scheduled__2022-01-17T00:00:00+00:00', '--job-id', '761', '--raw', '--subdir', 'DAGS_FOLDER/dag_with_postgres_operator.py', '--cfg-path', '/tmp/tmpjgswkdg8']
[2023-09-04T06:04:13.784+0000] {standard_task_runner.py:85} INFO - Job 761: Subtask delete_data_from_table
[2023-09-04T06:04:13.879+0000] {task_command.py:415} INFO - Running <TaskInstance: dag_with_postgres_operator_v04.delete_data_from_table scheduled__2022-01-17T00:00:00+00:00 [running]> on host 10bdc2e98230
[2023-09-04T06:04:14.051+0000] {taskinstance.py:1660} INFO - Exporting env vars: AIRFLOW_CTX_DAG_OWNER='mohghaff' AIRFLOW_CTX_DAG_ID='dag_with_postgres_operator_v04' AIRFLOW_CTX_TASK_ID='delete_data_from_table' AIRFLOW_CTX_EXECUTION_DATE='2022-01-17T00:00:00+00:00' AIRFLOW_CTX_TRY_NUMBER='1' AIRFLOW_CTX_DAG_RUN_ID='scheduled__2022-01-17T00:00:00+00:00'
[2023-09-04T06:04:14.053+0000] {sql.py:274} INFO - Executing: 
            delete from dag_runs where dt = '2022-01-17' and dag_id = 'dag_with_postgres_operator_v04';
        
[2023-09-04T06:04:14.069+0000] {base.py:73} INFO - Using connection ID 'postgres_localhost' for task execution.
[2023-09-04T06:04:14.086+0000] {base.py:73} INFO - Using connection ID 'postgres_localhost' for task execution.
[2023-09-04T06:04:14.107+0000] {sql.py:418} INFO - Running statement: 
            delete from dag_runs where dt = '2022-01-17' and dag_id = 'dag_with_postgres_operator_v04';
        , parameters: None
[2023-09-04T06:04:14.117+0000] {sql.py:427} INFO - Rows affected: 1
[2023-09-04T06:04:14.143+0000] {taskinstance.py:1400} INFO - Marking task as SUCCESS. dag_id=dag_with_postgres_operator_v04, task_id=delete_data_from_table, execution_date=20220117T000000, start_date=20230904T060413, end_date=20230904T060414
[2023-09-04T06:04:14.194+0000] {local_task_job_runner.py:228} INFO - Task exited with return code 0
[2023-09-04T06:04:14.270+0000] {taskinstance.py:2784} INFO - 1 downstream tasks scheduled from follow-on schedule check
