[2023-09-04T14:31:27.513+0000] {taskinstance.py:1159} INFO - Dependencies all met for dep_context=non-requeueable deps ti=<TaskInstance: dags_with_python_dependencies_v03.get_sklearn scheduled__2023-02-25T00:00:00+00:00 [queued]>
[2023-09-04T14:31:27.532+0000] {taskinstance.py:1159} INFO - Dependencies all met for dep_context=requeueable deps ti=<TaskInstance: dags_with_python_dependencies_v03.get_sklearn scheduled__2023-02-25T00:00:00+00:00 [queued]>
[2023-09-04T14:31:27.533+0000] {taskinstance.py:1361} INFO - Starting attempt 5 of 6
[2023-09-04T14:31:27.564+0000] {taskinstance.py:1382} INFO - Executing <Task(PythonOperator): get_sklearn> on 2023-02-25 00:00:00+00:00
[2023-09-04T14:31:27.575+0000] {standard_task_runner.py:57} INFO - Started process 10097 to run task
[2023-09-04T14:31:27.584+0000] {standard_task_runner.py:84} INFO - Running: ['***', 'tasks', 'run', 'dags_with_python_dependencies_v03', 'get_sklearn', 'scheduled__2023-02-25T00:00:00+00:00', '--job-id', '3691', '--raw', '--subdir', 'DAGS_FOLDER/dags_with_python_dependencies.py', '--cfg-path', '/tmp/tmpxa3wkxqe']
[2023-09-04T14:31:27.592+0000] {standard_task_runner.py:85} INFO - Job 3691: Subtask get_sklearn
[2023-09-04T14:31:27.753+0000] {task_command.py:415} INFO - Running <TaskInstance: dags_with_python_dependencies_v03.get_sklearn scheduled__2023-02-25T00:00:00+00:00 [running]> on host 55ba52c92856
[2023-09-04T14:31:28.007+0000] {taskinstance.py:1660} INFO - Exporting env vars: AIRFLOW_CTX_DAG_OWNER='mohghaff' AIRFLOW_CTX_DAG_ID='dags_with_python_dependencies_v03' AIRFLOW_CTX_TASK_ID='get_sklearn' AIRFLOW_CTX_EXECUTION_DATE='2023-02-25T00:00:00+00:00' AIRFLOW_CTX_TRY_NUMBER='5' AIRFLOW_CTX_DAG_RUN_ID='scheduled__2023-02-25T00:00:00+00:00'
[2023-09-04T14:31:28.014+0000] {taskinstance.py:1943} ERROR - Task failed with exception
Traceback (most recent call last):
  File "/home/airflow/.local/lib/python3.8/site-packages/airflow/operators/python.py", line 192, in execute
    return_value = self.execute_callable()
  File "/home/airflow/.local/lib/python3.8/site-packages/airflow/operators/python.py", line 209, in execute_callable
    return self.python_callable(*self.op_args, **self.op_kwargs)
  File "/opt/airflow/dags/dags_with_python_dependencies.py", line 16, in get_sklearn
    import sklearn
ModuleNotFoundError: No module named 'sklearn'
[2023-09-04T14:31:28.050+0000] {taskinstance.py:1400} INFO - Marking task as UP_FOR_RETRY. dag_id=dags_with_python_dependencies_v03, task_id=get_sklearn, execution_date=20230225T000000, start_date=20230904T143127, end_date=20230904T143128
[2023-09-04T14:31:28.367+0000] {standard_task_runner.py:104} ERROR - Failed to execute job 3691 for task get_sklearn (No module named 'sklearn'; 10097)
[2023-09-04T14:31:28.407+0000] {local_task_job_runner.py:228} INFO - Task exited with return code 1
[2023-09-04T14:31:28.491+0000] {taskinstance.py:2784} INFO - 0 downstream tasks scheduled from follow-on schedule check
