[2023-09-04T05:53:11.335+0000] {taskinstance.py:1159} INFO - Dependencies all met for dep_context=non-requeueable deps ti=<TaskInstance: dag_with_postgres_operator_v04.create_postgres_table scheduled__2022-01-02T00:00:00+00:00 [queued]>
[2023-09-04T05:53:11.346+0000] {taskinstance.py:1159} INFO - Dependencies all met for dep_context=requeueable deps ti=<TaskInstance: dag_with_postgres_operator_v04.create_postgres_table scheduled__2022-01-02T00:00:00+00:00 [queued]>
[2023-09-04T05:53:11.346+0000] {taskinstance.py:1361} INFO - Starting attempt 1 of 6
[2023-09-04T05:53:11.366+0000] {taskinstance.py:1382} INFO - Executing <Task(PostgresOperator): create_postgres_table> on 2022-01-02 00:00:00+00:00
[2023-09-04T05:53:11.373+0000] {standard_task_runner.py:57} INFO - Started process 4023 to run task
[2023-09-04T05:53:11.375+0000] {standard_task_runner.py:84} INFO - Running: ['***', 'tasks', 'run', 'dag_with_postgres_operator_v04', 'create_postgres_table', 'scheduled__2022-01-02T00:00:00+00:00', '--job-id', '114', '--raw', '--subdir', 'DAGS_FOLDER/dag_with_postgres_operator.py', '--cfg-path', '/tmp/tmp8q9q03c4']
[2023-09-04T05:53:11.378+0000] {standard_task_runner.py:85} INFO - Job 114: Subtask create_postgres_table
[2023-09-04T05:53:11.438+0000] {task_command.py:415} INFO - Running <TaskInstance: dag_with_postgres_operator_v04.create_postgres_table scheduled__2022-01-02T00:00:00+00:00 [running]> on host 10bdc2e98230
[2023-09-04T05:53:11.541+0000] {taskinstance.py:1660} INFO - Exporting env vars: AIRFLOW_CTX_DAG_OWNER='coder2j' AIRFLOW_CTX_DAG_ID='dag_with_postgres_operator_v04' AIRFLOW_CTX_TASK_ID='create_postgres_table' AIRFLOW_CTX_EXECUTION_DATE='2022-01-02T00:00:00+00:00' AIRFLOW_CTX_TRY_NUMBER='1' AIRFLOW_CTX_DAG_RUN_ID='scheduled__2022-01-02T00:00:00+00:00'
[2023-09-04T05:53:11.543+0000] {sql.py:274} INFO - Executing: 
            create table if not exists dag_runs (
                dt date,
                dag_id character varying,
                primary key (dt, dag_id)
            )
        
[2023-09-04T05:53:11.564+0000] {taskinstance.py:1943} ERROR - Task failed with exception
Traceback (most recent call last):
  File "/home/airflow/.local/lib/python3.8/site-packages/airflow/providers/common/sql/operators/sql.py", line 275, in execute
    hook = self.get_db_hook()
  File "/home/airflow/.local/lib/python3.8/site-packages/airflow/providers/common/sql/operators/sql.py", line 186, in get_db_hook
    return self._hook
  File "/usr/local/lib/python3.8/functools.py", line 967, in __get__
    val = self.func(instance)
  File "/home/airflow/.local/lib/python3.8/site-packages/airflow/providers/common/sql/operators/sql.py", line 148, in _hook
    conn = BaseHook.get_connection(conn_id)
  File "/home/airflow/.local/lib/python3.8/site-packages/airflow/hooks/base.py", line 72, in get_connection
    conn = Connection.get_connection_from_secrets(conn_id)
  File "/home/airflow/.local/lib/python3.8/site-packages/airflow/models/connection.py", line 477, in get_connection_from_secrets
    raise AirflowNotFoundException(f"The conn_id `{conn_id}` isn't defined")
airflow.exceptions.AirflowNotFoundException: The conn_id `postgres_localhost` isn't defined
[2023-09-04T05:53:11.569+0000] {taskinstance.py:1400} INFO - Marking task as UP_FOR_RETRY. dag_id=dag_with_postgres_operator_v04, task_id=create_postgres_table, execution_date=20220102T000000, start_date=20230904T055311, end_date=20230904T055311
[2023-09-04T05:53:11.586+0000] {standard_task_runner.py:104} ERROR - Failed to execute job 114 for task create_postgres_table (The conn_id `postgres_localhost` isn't defined; 4023)
[2023-09-04T05:53:11.630+0000] {local_task_job_runner.py:228} INFO - Task exited with return code 1
[2023-09-04T05:53:11.662+0000] {taskinstance.py:2784} INFO - 0 downstream tasks scheduled from follow-on schedule check
[2023-09-04T05:59:07.018+0000] {taskinstance.py:1159} INFO - Dependencies all met for dep_context=non-requeueable deps ti=<TaskInstance: dag_with_postgres_operator_v04.create_postgres_table scheduled__2022-01-02T00:00:00+00:00 [queued]>
[2023-09-04T05:59:07.031+0000] {taskinstance.py:1159} INFO - Dependencies all met for dep_context=requeueable deps ti=<TaskInstance: dag_with_postgres_operator_v04.create_postgres_table scheduled__2022-01-02T00:00:00+00:00 [queued]>
[2023-09-04T05:59:07.031+0000] {taskinstance.py:1361} INFO - Starting attempt 1 of 6
[2023-09-04T05:59:07.049+0000] {taskinstance.py:1382} INFO - Executing <Task(PostgresOperator): create_postgres_table> on 2022-01-02 00:00:00+00:00
[2023-09-04T05:59:07.056+0000] {standard_task_runner.py:57} INFO - Started process 4462 to run task
[2023-09-04T05:59:07.059+0000] {standard_task_runner.py:84} INFO - Running: ['***', 'tasks', 'run', 'dag_with_postgres_operator_v04', 'create_postgres_table', 'scheduled__2022-01-02T00:00:00+00:00', '--job-id', '130', '--raw', '--subdir', 'DAGS_FOLDER/dag_with_postgres_operator.py', '--cfg-path', '/tmp/tmprui_p2nq']
[2023-09-04T05:59:07.061+0000] {standard_task_runner.py:85} INFO - Job 130: Subtask create_postgres_table
[2023-09-04T05:59:07.117+0000] {task_command.py:415} INFO - Running <TaskInstance: dag_with_postgres_operator_v04.create_postgres_table scheduled__2022-01-02T00:00:00+00:00 [running]> on host 10bdc2e98230
[2023-09-04T05:59:07.211+0000] {taskinstance.py:1660} INFO - Exporting env vars: AIRFLOW_CTX_DAG_OWNER='coder2j' AIRFLOW_CTX_DAG_ID='dag_with_postgres_operator_v04' AIRFLOW_CTX_TASK_ID='create_postgres_table' AIRFLOW_CTX_EXECUTION_DATE='2022-01-02T00:00:00+00:00' AIRFLOW_CTX_TRY_NUMBER='1' AIRFLOW_CTX_DAG_RUN_ID='scheduled__2022-01-02T00:00:00+00:00'
[2023-09-04T05:59:07.212+0000] {sql.py:274} INFO - Executing: 
            create table if not exists dag_runs (
                dt date,
                dag_id character varying,
                primary key (dt, dag_id)
            )
        
[2023-09-04T05:59:07.221+0000] {base.py:73} INFO - Using connection ID 'postgres_localhost' for task execution.
[2023-09-04T05:59:07.230+0000] {base.py:73} INFO - Using connection ID 'postgres_localhost' for task execution.
[2023-09-04T05:59:07.235+0000] {taskinstance.py:1943} ERROR - Task failed with exception
Traceback (most recent call last):
  File "/home/airflow/.local/lib/python3.8/site-packages/airflow/providers/common/sql/operators/sql.py", line 280, in execute
    output = hook.run(
  File "/home/airflow/.local/lib/python3.8/site-packages/airflow/providers/common/sql/hooks/sql.py", line 385, in run
    with closing(self.get_conn()) as conn:
  File "/home/airflow/.local/lib/python3.8/site-packages/airflow/providers/postgres/hooks/postgres.py", line 154, in get_conn
    self.conn = psycopg2.connect(**conn_args)
  File "/home/airflow/.local/lib/python3.8/site-packages/psycopg2/__init__.py", line 122, in connect
    conn = _connect(dsn, connection_factory=connection_factory, **kwasync)
psycopg2.OperationalError: could not translate host name "host.docker.local" to address: Name or service not known

[2023-09-04T05:59:07.246+0000] {taskinstance.py:1400} INFO - Marking task as UP_FOR_RETRY. dag_id=dag_with_postgres_operator_v04, task_id=create_postgres_table, execution_date=20220102T000000, start_date=20230904T055907, end_date=20230904T055907
[2023-09-04T05:59:07.263+0000] {standard_task_runner.py:104} ERROR - Failed to execute job 130 for task create_postgres_table (could not translate host name "host.docker.local" to address: Name or service not known
; 4462)
[2023-09-04T05:59:07.273+0000] {local_task_job_runner.py:228} INFO - Task exited with return code 1
[2023-09-04T05:59:07.303+0000] {taskinstance.py:2784} INFO - 0 downstream tasks scheduled from follow-on schedule check
[2023-09-04T06:03:59.029+0000] {taskinstance.py:1159} INFO - Dependencies all met for dep_context=non-requeueable deps ti=<TaskInstance: dag_with_postgres_operator_v04.create_postgres_table scheduled__2022-01-02T00:00:00+00:00 [queued]>
[2023-09-04T06:03:59.076+0000] {taskinstance.py:1159} INFO - Dependencies all met for dep_context=requeueable deps ti=<TaskInstance: dag_with_postgres_operator_v04.create_postgres_table scheduled__2022-01-02T00:00:00+00:00 [queued]>
[2023-09-04T06:03:59.078+0000] {taskinstance.py:1361} INFO - Starting attempt 1 of 6
[2023-09-04T06:03:59.145+0000] {taskinstance.py:1382} INFO - Executing <Task(PostgresOperator): create_postgres_table> on 2022-01-02 00:00:00+00:00
[2023-09-04T06:03:59.162+0000] {standard_task_runner.py:57} INFO - Started process 5979 to run task
[2023-09-04T06:03:59.171+0000] {standard_task_runner.py:84} INFO - Running: ['***', 'tasks', 'run', 'dag_with_postgres_operator_v04', 'create_postgres_table', 'scheduled__2022-01-02T00:00:00+00:00', '--job-id', '697', '--raw', '--subdir', 'DAGS_FOLDER/dag_with_postgres_operator.py', '--cfg-path', '/tmp/tmp8d_jf95z']
[2023-09-04T06:03:59.176+0000] {standard_task_runner.py:85} INFO - Job 697: Subtask create_postgres_table
[2023-09-04T06:03:59.335+0000] {task_command.py:415} INFO - Running <TaskInstance: dag_with_postgres_operator_v04.create_postgres_table scheduled__2022-01-02T00:00:00+00:00 [running]> on host 10bdc2e98230
[2023-09-04T06:03:59.668+0000] {taskinstance.py:1660} INFO - Exporting env vars: AIRFLOW_CTX_DAG_OWNER='mohghaff' AIRFLOW_CTX_DAG_ID='dag_with_postgres_operator_v04' AIRFLOW_CTX_TASK_ID='create_postgres_table' AIRFLOW_CTX_EXECUTION_DATE='2022-01-02T00:00:00+00:00' AIRFLOW_CTX_TRY_NUMBER='1' AIRFLOW_CTX_DAG_RUN_ID='scheduled__2022-01-02T00:00:00+00:00'
[2023-09-04T06:03:59.670+0000] {sql.py:274} INFO - Executing: 
            create table if not exists dag_runs (
                dt date,
                dag_id character varying,
                primary key (dt, dag_id)
            )
        
[2023-09-04T06:03:59.702+0000] {base.py:73} INFO - Using connection ID 'postgres_localhost' for task execution.
[2023-09-04T06:03:59.723+0000] {base.py:73} INFO - Using connection ID 'postgres_localhost' for task execution.
[2023-09-04T06:03:59.749+0000] {sql.py:418} INFO - Running statement: 
            create table if not exists dag_runs (
                dt date,
                dag_id character varying,
                primary key (dt, dag_id)
            )
        , parameters: None
[2023-09-04T06:03:59.786+0000] {taskinstance.py:1400} INFO - Marking task as SUCCESS. dag_id=dag_with_postgres_operator_v04, task_id=create_postgres_table, execution_date=20220102T000000, start_date=20230904T060359, end_date=20230904T060359
[2023-09-04T06:03:59.866+0000] {local_task_job_runner.py:228} INFO - Task exited with return code 0
[2023-09-04T06:04:00.023+0000] {taskinstance.py:2784} INFO - 1 downstream tasks scheduled from follow-on schedule check
