[2023-09-04T06:01:09.247+0000] {taskinstance.py:1159} INFO - Dependencies all met for dep_context=non-requeueable deps ti=<TaskInstance: dag_with_postgres_operator_v04.delete_data_from_table scheduled__2021-12-24T00:00:00+00:00 [queued]>
[2023-09-04T06:01:09.267+0000] {taskinstance.py:1159} INFO - Dependencies all met for dep_context=requeueable deps ti=<TaskInstance: dag_with_postgres_operator_v04.delete_data_from_table scheduled__2021-12-24T00:00:00+00:00 [queued]>
[2023-09-04T06:01:09.268+0000] {taskinstance.py:1361} INFO - Starting attempt 1 of 6
[2023-09-04T06:01:09.307+0000] {taskinstance.py:1382} INFO - Executing <Task(PostgresOperator): delete_data_from_table> on 2021-12-24 00:00:00+00:00
[2023-09-04T06:01:09.319+0000] {standard_task_runner.py:57} INFO - Started process 4661 to run task
[2023-09-04T06:01:09.331+0000] {standard_task_runner.py:84} INFO - Running: ['***', 'tasks', 'run', 'dag_with_postgres_operator_v04', 'delete_data_from_table', 'scheduled__2021-12-24T00:00:00+00:00', '--job-id', '151', '--raw', '--subdir', 'DAGS_FOLDER/dag_with_postgres_operator.py', '--cfg-path', '/tmp/tmpdlpl43ri']
[2023-09-04T06:01:09.337+0000] {standard_task_runner.py:85} INFO - Job 151: Subtask delete_data_from_table
[2023-09-04T06:01:09.462+0000] {task_command.py:415} INFO - Running <TaskInstance: dag_with_postgres_operator_v04.delete_data_from_table scheduled__2021-12-24T00:00:00+00:00 [running]> on host 10bdc2e98230
[2023-09-04T06:01:09.660+0000] {taskinstance.py:1660} INFO - Exporting env vars: AIRFLOW_CTX_DAG_OWNER='coder2j' AIRFLOW_CTX_DAG_ID='dag_with_postgres_operator_v04' AIRFLOW_CTX_TASK_ID='delete_data_from_table' AIRFLOW_CTX_EXECUTION_DATE='2021-12-24T00:00:00+00:00' AIRFLOW_CTX_TRY_NUMBER='1' AIRFLOW_CTX_DAG_RUN_ID='scheduled__2021-12-24T00:00:00+00:00'
[2023-09-04T06:01:09.662+0000] {sql.py:274} INFO - Executing: 
            delete from dag_runs where dt = '2021-12-24' and dag_id = 'dag_with_postgres_operator_v04';
        
[2023-09-04T06:01:09.684+0000] {base.py:73} INFO - Using connection ID 'postgres_localhost' for task execution.
[2023-09-04T06:01:09.705+0000] {base.py:73} INFO - Using connection ID 'postgres_localhost' for task execution.
[2023-09-04T06:01:09.728+0000] {sql.py:418} INFO - Running statement: 
            delete from dag_runs where dt = '2021-12-24' and dag_id = 'dag_with_postgres_operator_v04';
        , parameters: None
[2023-09-04T06:01:09.736+0000] {sql.py:427} INFO - Rows affected: 0
[2023-09-04T06:01:09.776+0000] {taskinstance.py:1400} INFO - Marking task as SUCCESS. dag_id=dag_with_postgres_operator_v04, task_id=delete_data_from_table, execution_date=20211224T000000, start_date=20230904T060109, end_date=20230904T060109
[2023-09-04T06:01:09.838+0000] {local_task_job_runner.py:228} INFO - Task exited with return code 0
[2023-09-04T06:01:09.884+0000] {taskinstance.py:2784} INFO - 1 downstream tasks scheduled from follow-on schedule check
[2023-09-04T06:03:57.975+0000] {taskinstance.py:1159} INFO - Dependencies all met for dep_context=non-requeueable deps ti=<TaskInstance: dag_with_postgres_operator_v04.delete_data_from_table scheduled__2021-12-24T00:00:00+00:00 [queued]>
[2023-09-04T06:03:58.016+0000] {taskinstance.py:1159} INFO - Dependencies all met for dep_context=requeueable deps ti=<TaskInstance: dag_with_postgres_operator_v04.delete_data_from_table scheduled__2021-12-24T00:00:00+00:00 [queued]>
[2023-09-04T06:03:58.017+0000] {taskinstance.py:1361} INFO - Starting attempt 1 of 6
[2023-09-04T06:03:58.326+0000] {taskinstance.py:1382} INFO - Executing <Task(PostgresOperator): delete_data_from_table> on 2021-12-24 00:00:00+00:00
[2023-09-04T06:03:58.412+0000] {standard_task_runner.py:57} INFO - Started process 5969 to run task
[2023-09-04T06:03:58.423+0000] {standard_task_runner.py:84} INFO - Running: ['***', 'tasks', 'run', 'dag_with_postgres_operator_v04', 'delete_data_from_table', 'scheduled__2021-12-24T00:00:00+00:00', '--job-id', '693', '--raw', '--subdir', 'DAGS_FOLDER/dag_with_postgres_operator.py', '--cfg-path', '/tmp/tmp82je6t5k']
[2023-09-04T06:03:58.429+0000] {standard_task_runner.py:85} INFO - Job 693: Subtask delete_data_from_table
[2023-09-04T06:03:58.554+0000] {task_command.py:415} INFO - Running <TaskInstance: dag_with_postgres_operator_v04.delete_data_from_table scheduled__2021-12-24T00:00:00+00:00 [running]> on host 10bdc2e98230
[2023-09-04T06:03:58.798+0000] {taskinstance.py:1660} INFO - Exporting env vars: AIRFLOW_CTX_DAG_OWNER='mohghaff' AIRFLOW_CTX_DAG_ID='dag_with_postgres_operator_v04' AIRFLOW_CTX_TASK_ID='delete_data_from_table' AIRFLOW_CTX_EXECUTION_DATE='2021-12-24T00:00:00+00:00' AIRFLOW_CTX_TRY_NUMBER='1' AIRFLOW_CTX_DAG_RUN_ID='scheduled__2021-12-24T00:00:00+00:00'
[2023-09-04T06:03:58.804+0000] {sql.py:274} INFO - Executing: 
            delete from dag_runs where dt = '2021-12-24' and dag_id = 'dag_with_postgres_operator_v04';
        
[2023-09-04T06:03:58.836+0000] {base.py:73} INFO - Using connection ID 'postgres_localhost' for task execution.
[2023-09-04T06:03:58.901+0000] {base.py:73} INFO - Using connection ID 'postgres_localhost' for task execution.
[2023-09-04T06:03:58.955+0000] {sql.py:418} INFO - Running statement: 
            delete from dag_runs where dt = '2021-12-24' and dag_id = 'dag_with_postgres_operator_v04';
        , parameters: None
[2023-09-04T06:03:58.981+0000] {sql.py:427} INFO - Rows affected: 1
[2023-09-04T06:03:59.039+0000] {taskinstance.py:1400} INFO - Marking task as SUCCESS. dag_id=dag_with_postgres_operator_v04, task_id=delete_data_from_table, execution_date=20211224T000000, start_date=20230904T060357, end_date=20230904T060359
[2023-09-04T06:03:59.121+0000] {local_task_job_runner.py:228} INFO - Task exited with return code 0
[2023-09-04T06:03:59.471+0000] {taskinstance.py:2784} INFO - 0 downstream tasks scheduled from follow-on schedule check
