[2023-09-04T06:02:13.513+0000] {taskinstance.py:1159} INFO - Dependencies all met for dep_context=non-requeueable deps ti=<TaskInstance: dag_with_postgres_operator_v04.insert_into_table scheduled__2022-03-07T00:00:00+00:00 [queued]>
[2023-09-04T06:02:13.537+0000] {taskinstance.py:1159} INFO - Dependencies all met for dep_context=requeueable deps ti=<TaskInstance: dag_with_postgres_operator_v04.insert_into_table scheduled__2022-03-07T00:00:00+00:00 [queued]>
[2023-09-04T06:02:13.538+0000] {taskinstance.py:1361} INFO - Starting attempt 1 of 6
[2023-09-04T06:02:13.569+0000] {taskinstance.py:1382} INFO - Executing <Task(PostgresOperator): insert_into_table> on 2022-03-07 00:00:00+00:00
[2023-09-04T06:02:13.580+0000] {standard_task_runner.py:57} INFO - Started process 5205 to run task
[2023-09-04T06:02:13.588+0000] {standard_task_runner.py:84} INFO - Running: ['***', 'tasks', 'run', 'dag_with_postgres_operator_v04', 'insert_into_table', 'scheduled__2022-03-07T00:00:00+00:00', '--job-id', '384', '--raw', '--subdir', 'DAGS_FOLDER/dag_with_postgres_operator.py', '--cfg-path', '/tmp/tmpz6vrqk0o']
[2023-09-04T06:02:13.593+0000] {standard_task_runner.py:85} INFO - Job 384: Subtask insert_into_table
[2023-09-04T06:02:13.675+0000] {task_command.py:415} INFO - Running <TaskInstance: dag_with_postgres_operator_v04.insert_into_table scheduled__2022-03-07T00:00:00+00:00 [running]> on host 10bdc2e98230
[2023-09-04T06:02:13.813+0000] {taskinstance.py:1660} INFO - Exporting env vars: AIRFLOW_CTX_DAG_OWNER='coder2j' AIRFLOW_CTX_DAG_ID='dag_with_postgres_operator_v04' AIRFLOW_CTX_TASK_ID='insert_into_table' AIRFLOW_CTX_EXECUTION_DATE='2022-03-07T00:00:00+00:00' AIRFLOW_CTX_TRY_NUMBER='1' AIRFLOW_CTX_DAG_RUN_ID='scheduled__2022-03-07T00:00:00+00:00'
[2023-09-04T06:02:13.815+0000] {sql.py:274} INFO - Executing: 
            insert into dag_runs (dt, dag_id) values ('2022-03-07', 'dag_with_postgres_operator_v04')
        
[2023-09-04T06:02:13.827+0000] {base.py:73} INFO - Using connection ID 'postgres_localhost' for task execution.
[2023-09-04T06:02:13.840+0000] {base.py:73} INFO - Using connection ID 'postgres_localhost' for task execution.
[2023-09-04T06:02:13.857+0000] {sql.py:418} INFO - Running statement: 
            insert into dag_runs (dt, dag_id) values ('2022-03-07', 'dag_with_postgres_operator_v04')
        , parameters: None
[2023-09-04T06:02:13.861+0000] {sql.py:427} INFO - Rows affected: 1
[2023-09-04T06:02:13.881+0000] {taskinstance.py:1400} INFO - Marking task as SUCCESS. dag_id=dag_with_postgres_operator_v04, task_id=insert_into_table, execution_date=20220307T000000, start_date=20230904T060213, end_date=20230904T060213
[2023-09-04T06:02:13.921+0000] {local_task_job_runner.py:228} INFO - Task exited with return code 0
[2023-09-04T06:02:13.944+0000] {taskinstance.py:2784} INFO - 0 downstream tasks scheduled from follow-on schedule check
[2023-09-04T06:04:52.107+0000] {taskinstance.py:1159} INFO - Dependencies all met for dep_context=non-requeueable deps ti=<TaskInstance: dag_with_postgres_operator_v04.insert_into_table scheduled__2022-03-07T00:00:00+00:00 [queued]>
[2023-09-04T06:04:52.120+0000] {taskinstance.py:1159} INFO - Dependencies all met for dep_context=requeueable deps ti=<TaskInstance: dag_with_postgres_operator_v04.insert_into_table scheduled__2022-03-07T00:00:00+00:00 [queued]>
[2023-09-04T06:04:52.120+0000] {taskinstance.py:1361} INFO - Starting attempt 1 of 6
[2023-09-04T06:04:52.140+0000] {taskinstance.py:1382} INFO - Executing <Task(PostgresOperator): insert_into_table> on 2022-03-07 00:00:00+00:00
[2023-09-04T06:04:52.146+0000] {standard_task_runner.py:57} INFO - Started process 6445 to run task
[2023-09-04T06:04:52.149+0000] {standard_task_runner.py:84} INFO - Running: ['***', 'tasks', 'run', 'dag_with_postgres_operator_v04', 'insert_into_table', 'scheduled__2022-03-07T00:00:00+00:00', '--job-id', '911', '--raw', '--subdir', 'DAGS_FOLDER/dag_with_postgres_operator.py', '--cfg-path', '/tmp/tmpgtlh6i66']
[2023-09-04T06:04:52.151+0000] {standard_task_runner.py:85} INFO - Job 911: Subtask insert_into_table
[2023-09-04T06:04:52.218+0000] {task_command.py:415} INFO - Running <TaskInstance: dag_with_postgres_operator_v04.insert_into_table scheduled__2022-03-07T00:00:00+00:00 [running]> on host 10bdc2e98230
[2023-09-04T06:04:52.328+0000] {taskinstance.py:1660} INFO - Exporting env vars: AIRFLOW_CTX_DAG_OWNER='mohghaff' AIRFLOW_CTX_DAG_ID='dag_with_postgres_operator_v04' AIRFLOW_CTX_TASK_ID='insert_into_table' AIRFLOW_CTX_EXECUTION_DATE='2022-03-07T00:00:00+00:00' AIRFLOW_CTX_TRY_NUMBER='1' AIRFLOW_CTX_DAG_RUN_ID='scheduled__2022-03-07T00:00:00+00:00'
[2023-09-04T06:04:52.330+0000] {sql.py:274} INFO - Executing: 
            insert into dag_runs (dt, dag_id) values ('2022-03-07', 'dag_with_postgres_operator_v04')
        
[2023-09-04T06:04:52.339+0000] {base.py:73} INFO - Using connection ID 'postgres_localhost' for task execution.
[2023-09-04T06:04:52.347+0000] {base.py:73} INFO - Using connection ID 'postgres_localhost' for task execution.
[2023-09-04T06:04:52.360+0000] {sql.py:418} INFO - Running statement: 
            insert into dag_runs (dt, dag_id) values ('2022-03-07', 'dag_with_postgres_operator_v04')
        , parameters: None
[2023-09-04T06:04:52.364+0000] {sql.py:427} INFO - Rows affected: 1
[2023-09-04T06:04:52.378+0000] {taskinstance.py:1400} INFO - Marking task as SUCCESS. dag_id=dag_with_postgres_operator_v04, task_id=insert_into_table, execution_date=20220307T000000, start_date=20230904T060452, end_date=20230904T060452
[2023-09-04T06:04:52.403+0000] {local_task_job_runner.py:228} INFO - Task exited with return code 0
[2023-09-04T06:04:52.421+0000] {taskinstance.py:2784} INFO - 0 downstream tasks scheduled from follow-on schedule check
