[2023-09-04T06:03:06.718+0000] {taskinstance.py:1159} INFO - Dependencies all met for dep_context=non-requeueable deps ti=<TaskInstance: dag_with_postgres_operator_v04.insert_into_table scheduled__2022-05-13T00:00:00+00:00 [queued]>
[2023-09-04T06:03:06.731+0000] {taskinstance.py:1159} INFO - Dependencies all met for dep_context=requeueable deps ti=<TaskInstance: dag_with_postgres_operator_v04.insert_into_table scheduled__2022-05-13T00:00:00+00:00 [queued]>
[2023-09-04T06:03:06.731+0000] {taskinstance.py:1361} INFO - Starting attempt 1 of 6
[2023-09-04T06:03:06.757+0000] {taskinstance.py:1382} INFO - Executing <Task(PostgresOperator): insert_into_table> on 2022-05-13 00:00:00+00:00
[2023-09-04T06:03:06.768+0000] {standard_task_runner.py:57} INFO - Started process 5682 to run task
[2023-09-04T06:03:06.779+0000] {standard_task_runner.py:84} INFO - Running: ['***', 'tasks', 'run', 'dag_with_postgres_operator_v04', 'insert_into_table', 'scheduled__2022-05-13T00:00:00+00:00', '--job-id', '592', '--raw', '--subdir', 'DAGS_FOLDER/dag_with_postgres_operator.py', '--cfg-path', '/tmp/tmpo0ny7tm0']
[2023-09-04T06:03:06.783+0000] {standard_task_runner.py:85} INFO - Job 592: Subtask insert_into_table
[2023-09-04T06:03:06.870+0000] {task_command.py:415} INFO - Running <TaskInstance: dag_with_postgres_operator_v04.insert_into_table scheduled__2022-05-13T00:00:00+00:00 [running]> on host 10bdc2e98230
[2023-09-04T06:03:07.028+0000] {taskinstance.py:1660} INFO - Exporting env vars: AIRFLOW_CTX_DAG_OWNER='coder2j' AIRFLOW_CTX_DAG_ID='dag_with_postgres_operator_v04' AIRFLOW_CTX_TASK_ID='insert_into_table' AIRFLOW_CTX_EXECUTION_DATE='2022-05-13T00:00:00+00:00' AIRFLOW_CTX_TRY_NUMBER='1' AIRFLOW_CTX_DAG_RUN_ID='scheduled__2022-05-13T00:00:00+00:00'
[2023-09-04T06:03:07.030+0000] {sql.py:274} INFO - Executing: 
            insert into dag_runs (dt, dag_id) values ('2022-05-13', 'dag_with_postgres_operator_v04')
        
[2023-09-04T06:03:07.048+0000] {base.py:73} INFO - Using connection ID 'postgres_localhost' for task execution.
[2023-09-04T06:03:07.064+0000] {base.py:73} INFO - Using connection ID 'postgres_localhost' for task execution.
[2023-09-04T06:03:07.077+0000] {sql.py:418} INFO - Running statement: 
            insert into dag_runs (dt, dag_id) values ('2022-05-13', 'dag_with_postgres_operator_v04')
        , parameters: None
[2023-09-04T06:03:07.082+0000] {sql.py:427} INFO - Rows affected: 1
[2023-09-04T06:03:07.098+0000] {taskinstance.py:1400} INFO - Marking task as SUCCESS. dag_id=dag_with_postgres_operator_v04, task_id=insert_into_table, execution_date=20220513T000000, start_date=20230904T060306, end_date=20230904T060307
[2023-09-04T06:03:07.147+0000] {local_task_job_runner.py:228} INFO - Task exited with return code 0
[2023-09-04T06:03:07.169+0000] {taskinstance.py:2784} INFO - 0 downstream tasks scheduled from follow-on schedule check
[2023-09-04T06:05:55.562+0000] {taskinstance.py:1159} INFO - Dependencies all met for dep_context=non-requeueable deps ti=<TaskInstance: dag_with_postgres_operator_v04.insert_into_table scheduled__2022-05-13T00:00:00+00:00 [queued]>
[2023-09-04T06:05:55.590+0000] {taskinstance.py:1159} INFO - Dependencies all met for dep_context=requeueable deps ti=<TaskInstance: dag_with_postgres_operator_v04.insert_into_table scheduled__2022-05-13T00:00:00+00:00 [queued]>
[2023-09-04T06:05:55.591+0000] {taskinstance.py:1361} INFO - Starting attempt 1 of 6
[2023-09-04T06:05:55.740+0000] {taskinstance.py:1382} INFO - Executing <Task(PostgresOperator): insert_into_table> on 2022-05-13 00:00:00+00:00
[2023-09-04T06:05:55.754+0000] {standard_task_runner.py:57} INFO - Started process 6985 to run task
[2023-09-04T06:05:55.771+0000] {standard_task_runner.py:84} INFO - Running: ['***', 'tasks', 'run', 'dag_with_postgres_operator_v04', 'insert_into_table', 'scheduled__2022-05-13T00:00:00+00:00', '--job-id', '1137', '--raw', '--subdir', 'DAGS_FOLDER/dag_with_postgres_operator.py', '--cfg-path', '/tmp/tmpcct1oss_']
[2023-09-04T06:05:55.776+0000] {standard_task_runner.py:85} INFO - Job 1137: Subtask insert_into_table
[2023-09-04T06:05:55.947+0000] {task_command.py:415} INFO - Running <TaskInstance: dag_with_postgres_operator_v04.insert_into_table scheduled__2022-05-13T00:00:00+00:00 [running]> on host 10bdc2e98230
[2023-09-04T06:05:56.225+0000] {taskinstance.py:1660} INFO - Exporting env vars: AIRFLOW_CTX_DAG_OWNER='mohghaff' AIRFLOW_CTX_DAG_ID='dag_with_postgres_operator_v04' AIRFLOW_CTX_TASK_ID='insert_into_table' AIRFLOW_CTX_EXECUTION_DATE='2022-05-13T00:00:00+00:00' AIRFLOW_CTX_TRY_NUMBER='1' AIRFLOW_CTX_DAG_RUN_ID='scheduled__2022-05-13T00:00:00+00:00'
[2023-09-04T06:05:56.228+0000] {sql.py:274} INFO - Executing: 
            insert into dag_runs (dt, dag_id) values ('2022-05-13', 'dag_with_postgres_operator_v04')
        
[2023-09-04T06:05:56.252+0000] {base.py:73} INFO - Using connection ID 'postgres_localhost' for task execution.
[2023-09-04T06:05:56.271+0000] {base.py:73} INFO - Using connection ID 'postgres_localhost' for task execution.
[2023-09-04T06:05:56.296+0000] {sql.py:418} INFO - Running statement: 
            insert into dag_runs (dt, dag_id) values ('2022-05-13', 'dag_with_postgres_operator_v04')
        , parameters: None
[2023-09-04T06:05:56.304+0000] {sql.py:427} INFO - Rows affected: 1
[2023-09-04T06:05:56.336+0000] {taskinstance.py:1400} INFO - Marking task as SUCCESS. dag_id=dag_with_postgres_operator_v04, task_id=insert_into_table, execution_date=20220513T000000, start_date=20230904T060555, end_date=20230904T060556
[2023-09-04T06:05:56.388+0000] {local_task_job_runner.py:228} INFO - Task exited with return code 0
[2023-09-04T06:05:56.422+0000] {taskinstance.py:2784} INFO - 0 downstream tasks scheduled from follow-on schedule check
