[2023-09-04T06:03:22.331+0000] {taskinstance.py:1159} INFO - Dependencies all met for dep_context=non-requeueable deps ti=<TaskInstance: dag_with_postgres_operator_v04.delete_data_from_table scheduled__2022-06-08T00:00:00+00:00 [queued]>
[2023-09-04T06:03:22.359+0000] {taskinstance.py:1159} INFO - Dependencies all met for dep_context=requeueable deps ti=<TaskInstance: dag_with_postgres_operator_v04.delete_data_from_table scheduled__2022-06-08T00:00:00+00:00 [queued]>
[2023-09-04T06:03:22.359+0000] {taskinstance.py:1361} INFO - Starting attempt 1 of 6
[2023-09-04T06:03:22.402+0000] {taskinstance.py:1382} INFO - Executing <Task(PostgresOperator): delete_data_from_table> on 2022-06-08 00:00:00+00:00
[2023-09-04T06:03:22.413+0000] {standard_task_runner.py:57} INFO - Started process 5830 to run task
[2023-09-04T06:03:22.420+0000] {standard_task_runner.py:84} INFO - Running: ['***', 'tasks', 'run', 'dag_with_postgres_operator_v04', 'delete_data_from_table', 'scheduled__2022-06-08T00:00:00+00:00', '--job-id', '657', '--raw', '--subdir', 'DAGS_FOLDER/dag_with_postgres_operator.py', '--cfg-path', '/tmp/tmpr_n98okm']
[2023-09-04T06:03:22.426+0000] {standard_task_runner.py:85} INFO - Job 657: Subtask delete_data_from_table
[2023-09-04T06:03:22.633+0000] {task_command.py:415} INFO - Running <TaskInstance: dag_with_postgres_operator_v04.delete_data_from_table scheduled__2022-06-08T00:00:00+00:00 [running]> on host 10bdc2e98230
[2023-09-04T06:03:23.139+0000] {taskinstance.py:1660} INFO - Exporting env vars: AIRFLOW_CTX_DAG_OWNER='coder2j' AIRFLOW_CTX_DAG_ID='dag_with_postgres_operator_v04' AIRFLOW_CTX_TASK_ID='delete_data_from_table' AIRFLOW_CTX_EXECUTION_DATE='2022-06-08T00:00:00+00:00' AIRFLOW_CTX_TRY_NUMBER='1' AIRFLOW_CTX_DAG_RUN_ID='scheduled__2022-06-08T00:00:00+00:00'
[2023-09-04T06:03:23.149+0000] {sql.py:274} INFO - Executing: 
            delete from dag_runs where dt = '2022-06-08' and dag_id = 'dag_with_postgres_operator_v04';
        
[2023-09-04T06:03:23.178+0000] {base.py:73} INFO - Using connection ID 'postgres_localhost' for task execution.
[2023-09-04T06:03:23.235+0000] {base.py:73} INFO - Using connection ID 'postgres_localhost' for task execution.
[2023-09-04T06:03:23.296+0000] {sql.py:418} INFO - Running statement: 
            delete from dag_runs where dt = '2022-06-08' and dag_id = 'dag_with_postgres_operator_v04';
        , parameters: None
[2023-09-04T06:03:23.324+0000] {sql.py:427} INFO - Rows affected: 0
[2023-09-04T06:03:23.366+0000] {taskinstance.py:1400} INFO - Marking task as SUCCESS. dag_id=dag_with_postgres_operator_v04, task_id=delete_data_from_table, execution_date=20220608T000000, start_date=20230904T060322, end_date=20230904T060323
[2023-09-04T06:03:23.897+0000] {local_task_job_runner.py:228} INFO - Task exited with return code 0
[2023-09-04T06:03:24.035+0000] {taskinstance.py:2784} INFO - 1 downstream tasks scheduled from follow-on schedule check
[2023-09-04T06:06:11.413+0000] {taskinstance.py:1159} INFO - Dependencies all met for dep_context=non-requeueable deps ti=<TaskInstance: dag_with_postgres_operator_v04.delete_data_from_table scheduled__2022-06-08T00:00:00+00:00 [queued]>
[2023-09-04T06:06:11.442+0000] {taskinstance.py:1159} INFO - Dependencies all met for dep_context=requeueable deps ti=<TaskInstance: dag_with_postgres_operator_v04.delete_data_from_table scheduled__2022-06-08T00:00:00+00:00 [queued]>
[2023-09-04T06:06:11.443+0000] {taskinstance.py:1361} INFO - Starting attempt 1 of 6
[2023-09-04T06:06:11.483+0000] {taskinstance.py:1382} INFO - Executing <Task(PostgresOperator): delete_data_from_table> on 2022-06-08 00:00:00+00:00
[2023-09-04T06:06:11.499+0000] {standard_task_runner.py:57} INFO - Started process 7114 to run task
[2023-09-04T06:06:11.514+0000] {standard_task_runner.py:84} INFO - Running: ['***', 'tasks', 'run', 'dag_with_postgres_operator_v04', 'delete_data_from_table', 'scheduled__2022-06-08T00:00:00+00:00', '--job-id', '1187', '--raw', '--subdir', 'DAGS_FOLDER/dag_with_postgres_operator.py', '--cfg-path', '/tmp/tmpegt91s70']
[2023-09-04T06:06:11.520+0000] {standard_task_runner.py:85} INFO - Job 1187: Subtask delete_data_from_table
[2023-09-04T06:06:11.694+0000] {task_command.py:415} INFO - Running <TaskInstance: dag_with_postgres_operator_v04.delete_data_from_table scheduled__2022-06-08T00:00:00+00:00 [running]> on host 10bdc2e98230
[2023-09-04T06:06:12.019+0000] {taskinstance.py:1660} INFO - Exporting env vars: AIRFLOW_CTX_DAG_OWNER='mohghaff' AIRFLOW_CTX_DAG_ID='dag_with_postgres_operator_v04' AIRFLOW_CTX_TASK_ID='delete_data_from_table' AIRFLOW_CTX_EXECUTION_DATE='2022-06-08T00:00:00+00:00' AIRFLOW_CTX_TRY_NUMBER='1' AIRFLOW_CTX_DAG_RUN_ID='scheduled__2022-06-08T00:00:00+00:00'
[2023-09-04T06:06:12.023+0000] {sql.py:274} INFO - Executing: 
            delete from dag_runs where dt = '2022-06-08' and dag_id = 'dag_with_postgres_operator_v04';
        
[2023-09-04T06:06:12.056+0000] {base.py:73} INFO - Using connection ID 'postgres_localhost' for task execution.
[2023-09-04T06:06:12.088+0000] {base.py:73} INFO - Using connection ID 'postgres_localhost' for task execution.
[2023-09-04T06:06:12.133+0000] {sql.py:418} INFO - Running statement: 
            delete from dag_runs where dt = '2022-06-08' and dag_id = 'dag_with_postgres_operator_v04';
        , parameters: None
[2023-09-04T06:06:12.148+0000] {sql.py:427} INFO - Rows affected: 1
[2023-09-04T06:06:12.180+0000] {taskinstance.py:1400} INFO - Marking task as SUCCESS. dag_id=dag_with_postgres_operator_v04, task_id=delete_data_from_table, execution_date=20220608T000000, start_date=20230904T060611, end_date=20230904T060612
[2023-09-04T06:06:12.250+0000] {local_task_job_runner.py:228} INFO - Task exited with return code 0
[2023-09-04T06:06:12.328+0000] {taskinstance.py:2784} INFO - 1 downstream tasks scheduled from follow-on schedule check
