[2023-09-04T06:02:03.128+0000] {taskinstance.py:1159} INFO - Dependencies all met for dep_context=non-requeueable deps ti=<TaskInstance: dag_with_postgres_operator_v04.create_postgres_table scheduled__2022-03-04T00:00:00+00:00 [queued]>
[2023-09-04T06:02:03.151+0000] {taskinstance.py:1159} INFO - Dependencies all met for dep_context=requeueable deps ti=<TaskInstance: dag_with_postgres_operator_v04.create_postgres_table scheduled__2022-03-04T00:00:00+00:00 [queued]>
[2023-09-04T06:02:03.152+0000] {taskinstance.py:1361} INFO - Starting attempt 1 of 6
[2023-09-04T06:02:03.413+0000] {taskinstance.py:1382} INFO - Executing <Task(PostgresOperator): create_postgres_table> on 2022-03-04 00:00:00+00:00
[2023-09-04T06:02:03.426+0000] {standard_task_runner.py:57} INFO - Started process 5119 to run task
[2023-09-04T06:02:03.432+0000] {standard_task_runner.py:84} INFO - Running: ['***', 'tasks', 'run', 'dag_with_postgres_operator_v04', 'create_postgres_table', 'scheduled__2022-03-04T00:00:00+00:00', '--job-id', '343', '--raw', '--subdir', 'DAGS_FOLDER/dag_with_postgres_operator.py', '--cfg-path', '/tmp/tmpethsj3rt']
[2023-09-04T06:02:03.436+0000] {standard_task_runner.py:85} INFO - Job 343: Subtask create_postgres_table
[2023-09-04T06:02:03.535+0000] {task_command.py:415} INFO - Running <TaskInstance: dag_with_postgres_operator_v04.create_postgres_table scheduled__2022-03-04T00:00:00+00:00 [running]> on host 10bdc2e98230
[2023-09-04T06:02:03.685+0000] {taskinstance.py:1660} INFO - Exporting env vars: AIRFLOW_CTX_DAG_OWNER='coder2j' AIRFLOW_CTX_DAG_ID='dag_with_postgres_operator_v04' AIRFLOW_CTX_TASK_ID='create_postgres_table' AIRFLOW_CTX_EXECUTION_DATE='2022-03-04T00:00:00+00:00' AIRFLOW_CTX_TRY_NUMBER='1' AIRFLOW_CTX_DAG_RUN_ID='scheduled__2022-03-04T00:00:00+00:00'
[2023-09-04T06:02:03.687+0000] {sql.py:274} INFO - Executing: 
            create table if not exists dag_runs (
                dt date,
                dag_id character varying,
                primary key (dt, dag_id)
            )
        
[2023-09-04T06:02:03.702+0000] {base.py:73} INFO - Using connection ID 'postgres_localhost' for task execution.
[2023-09-04T06:02:03.714+0000] {base.py:73} INFO - Using connection ID 'postgres_localhost' for task execution.
[2023-09-04T06:02:03.729+0000] {sql.py:418} INFO - Running statement: 
            create table if not exists dag_runs (
                dt date,
                dag_id character varying,
                primary key (dt, dag_id)
            )
        , parameters: None
[2023-09-04T06:02:03.752+0000] {taskinstance.py:1400} INFO - Marking task as SUCCESS. dag_id=dag_with_postgres_operator_v04, task_id=create_postgres_table, execution_date=20220304T000000, start_date=20230904T060203, end_date=20230904T060203
[2023-09-04T06:02:03.808+0000] {local_task_job_runner.py:228} INFO - Task exited with return code 0
[2023-09-04T06:02:03.861+0000] {taskinstance.py:2784} INFO - 1 downstream tasks scheduled from follow-on schedule check
[2023-09-04T06:04:44.896+0000] {taskinstance.py:1159} INFO - Dependencies all met for dep_context=non-requeueable deps ti=<TaskInstance: dag_with_postgres_operator_v04.create_postgres_table scheduled__2022-03-04T00:00:00+00:00 [queued]>
[2023-09-04T06:04:44.928+0000] {taskinstance.py:1159} INFO - Dependencies all met for dep_context=requeueable deps ti=<TaskInstance: dag_with_postgres_operator_v04.create_postgres_table scheduled__2022-03-04T00:00:00+00:00 [queued]>
[2023-09-04T06:04:44.928+0000] {taskinstance.py:1361} INFO - Starting attempt 1 of 6
[2023-09-04T06:04:44.977+0000] {taskinstance.py:1382} INFO - Executing <Task(PostgresOperator): create_postgres_table> on 2022-03-04 00:00:00+00:00
[2023-09-04T06:04:44.989+0000] {standard_task_runner.py:57} INFO - Started process 6397 to run task
[2023-09-04T06:04:45.002+0000] {standard_task_runner.py:84} INFO - Running: ['***', 'tasks', 'run', 'dag_with_postgres_operator_v04', 'create_postgres_table', 'scheduled__2022-03-04T00:00:00+00:00', '--job-id', '884', '--raw', '--subdir', 'DAGS_FOLDER/dag_with_postgres_operator.py', '--cfg-path', '/tmp/tmp7o6qfhhh']
[2023-09-04T06:04:45.007+0000] {standard_task_runner.py:85} INFO - Job 884: Subtask create_postgres_table
[2023-09-04T06:04:45.151+0000] {task_command.py:415} INFO - Running <TaskInstance: dag_with_postgres_operator_v04.create_postgres_table scheduled__2022-03-04T00:00:00+00:00 [running]> on host 10bdc2e98230
[2023-09-04T06:04:45.373+0000] {taskinstance.py:1660} INFO - Exporting env vars: AIRFLOW_CTX_DAG_OWNER='mohghaff' AIRFLOW_CTX_DAG_ID='dag_with_postgres_operator_v04' AIRFLOW_CTX_TASK_ID='create_postgres_table' AIRFLOW_CTX_EXECUTION_DATE='2022-03-04T00:00:00+00:00' AIRFLOW_CTX_TRY_NUMBER='1' AIRFLOW_CTX_DAG_RUN_ID='scheduled__2022-03-04T00:00:00+00:00'
[2023-09-04T06:04:45.375+0000] {sql.py:274} INFO - Executing: 
            create table if not exists dag_runs (
                dt date,
                dag_id character varying,
                primary key (dt, dag_id)
            )
        
[2023-09-04T06:04:45.394+0000] {base.py:73} INFO - Using connection ID 'postgres_localhost' for task execution.
[2023-09-04T06:04:45.416+0000] {base.py:73} INFO - Using connection ID 'postgres_localhost' for task execution.
[2023-09-04T06:04:45.454+0000] {sql.py:418} INFO - Running statement: 
            create table if not exists dag_runs (
                dt date,
                dag_id character varying,
                primary key (dt, dag_id)
            )
        , parameters: None
[2023-09-04T06:04:45.520+0000] {taskinstance.py:1400} INFO - Marking task as SUCCESS. dag_id=dag_with_postgres_operator_v04, task_id=create_postgres_table, execution_date=20220304T000000, start_date=20230904T060444, end_date=20230904T060445
[2023-09-04T06:04:45.589+0000] {local_task_job_runner.py:228} INFO - Task exited with return code 0
[2023-09-04T06:04:46.074+0000] {taskinstance.py:2784} INFO - 0 downstream tasks scheduled from follow-on schedule check
