[2023-09-04T11:55:47.791+0000] {taskinstance.py:1159} INFO - Dependencies all met for dep_context=non-requeueable deps ti=<TaskInstance: dag_with_postgres_operator_v05.create_postgres_table scheduled__2023-03-09T00:00:00+00:00 [queued]>
[2023-09-04T11:55:47.813+0000] {taskinstance.py:1159} INFO - Dependencies all met for dep_context=requeueable deps ti=<TaskInstance: dag_with_postgres_operator_v05.create_postgres_table scheduled__2023-03-09T00:00:00+00:00 [queued]>
[2023-09-04T11:55:47.814+0000] {taskinstance.py:1361} INFO - Starting attempt 1 of 6
[2023-09-04T11:55:47.908+0000] {taskinstance.py:1382} INFO - Executing <Task(PostgresOperator): create_postgres_table> on 2023-03-09 00:00:00+00:00
[2023-09-04T11:55:47.919+0000] {standard_task_runner.py:57} INFO - Started process 14834 to run task
[2023-09-04T11:55:47.924+0000] {standard_task_runner.py:84} INFO - Running: ['***', 'tasks', 'run', 'dag_with_postgres_operator_v05', 'create_postgres_table', 'scheduled__2023-03-09T00:00:00+00:00', '--job-id', '2744', '--raw', '--subdir', 'DAGS_FOLDER/dag_with_postgres_operator.py', '--cfg-path', '/tmp/tmpwx7t8btg']
[2023-09-04T11:55:47.927+0000] {standard_task_runner.py:85} INFO - Job 2744: Subtask create_postgres_table
[2023-09-04T11:55:48.025+0000] {task_command.py:415} INFO - Running <TaskInstance: dag_with_postgres_operator_v05.create_postgres_table scheduled__2023-03-09T00:00:00+00:00 [running]> on host 10bdc2e98230
[2023-09-04T11:55:48.196+0000] {taskinstance.py:1660} INFO - Exporting env vars: AIRFLOW_CTX_DAG_OWNER='mohghaff' AIRFLOW_CTX_DAG_ID='dag_with_postgres_operator_v05' AIRFLOW_CTX_TASK_ID='create_postgres_table' AIRFLOW_CTX_EXECUTION_DATE='2023-03-09T00:00:00+00:00' AIRFLOW_CTX_TRY_NUMBER='1' AIRFLOW_CTX_DAG_RUN_ID='scheduled__2023-03-09T00:00:00+00:00'
[2023-09-04T11:55:48.197+0000] {sql.py:274} INFO - Executing: 
            create table if not exists dag_runs (
                dt date,
                dag_id character varying,
                primary key (dt, dag_id)
            )
        
[2023-09-04T11:55:48.211+0000] {base.py:73} INFO - Using connection ID 'postgres_localhost' for task execution.
[2023-09-04T11:55:48.223+0000] {base.py:73} INFO - Using connection ID 'postgres_localhost' for task execution.
[2023-09-04T11:55:48.240+0000] {sql.py:418} INFO - Running statement: 
            create table if not exists dag_runs (
                dt date,
                dag_id character varying,
                primary key (dt, dag_id)
            )
        , parameters: None
[2023-09-04T11:55:48.266+0000] {taskinstance.py:1400} INFO - Marking task as SUCCESS. dag_id=dag_with_postgres_operator_v05, task_id=create_postgres_table, execution_date=20230309T000000, start_date=20230904T115547, end_date=20230904T115548
[2023-09-04T11:55:48.338+0000] {local_task_job_runner.py:228} INFO - Task exited with return code 0
[2023-09-04T11:55:48.576+0000] {taskinstance.py:2784} INFO - 0 downstream tasks scheduled from follow-on schedule check
