[2023-09-04T06:01:11.474+0000] {taskinstance.py:1159} INFO - Dependencies all met for dep_context=non-requeueable deps ti=<TaskInstance: dag_with_postgres_operator_v04.insert_into_table scheduled__2021-12-28T00:00:00+00:00 [queued]>
[2023-09-04T06:01:11.493+0000] {taskinstance.py:1159} INFO - Dependencies all met for dep_context=requeueable deps ti=<TaskInstance: dag_with_postgres_operator_v04.insert_into_table scheduled__2021-12-28T00:00:00+00:00 [queued]>
[2023-09-04T06:01:11.494+0000] {taskinstance.py:1361} INFO - Starting attempt 1 of 6
[2023-09-04T06:01:11.520+0000] {taskinstance.py:1382} INFO - Executing <Task(PostgresOperator): insert_into_table> on 2021-12-28 00:00:00+00:00
[2023-09-04T06:01:11.531+0000] {standard_task_runner.py:57} INFO - Started process 4680 to run task
[2023-09-04T06:01:11.553+0000] {standard_task_runner.py:84} INFO - Running: ['***', 'tasks', 'run', 'dag_with_postgres_operator_v04', 'insert_into_table', 'scheduled__2021-12-28T00:00:00+00:00', '--job-id', '159', '--raw', '--subdir', 'DAGS_FOLDER/dag_with_postgres_operator.py', '--cfg-path', '/tmp/tmpp70vpz9f']
[2023-09-04T06:01:11.558+0000] {standard_task_runner.py:85} INFO - Job 159: Subtask insert_into_table
[2023-09-04T06:01:11.665+0000] {task_command.py:415} INFO - Running <TaskInstance: dag_with_postgres_operator_v04.insert_into_table scheduled__2021-12-28T00:00:00+00:00 [running]> on host 10bdc2e98230
[2023-09-04T06:01:11.840+0000] {taskinstance.py:1660} INFO - Exporting env vars: AIRFLOW_CTX_DAG_OWNER='coder2j' AIRFLOW_CTX_DAG_ID='dag_with_postgres_operator_v04' AIRFLOW_CTX_TASK_ID='insert_into_table' AIRFLOW_CTX_EXECUTION_DATE='2021-12-28T00:00:00+00:00' AIRFLOW_CTX_TRY_NUMBER='1' AIRFLOW_CTX_DAG_RUN_ID='scheduled__2021-12-28T00:00:00+00:00'
[2023-09-04T06:01:11.843+0000] {sql.py:274} INFO - Executing: 
            insert into dag_runs (dt, dag_id) values ('2021-12-28', 'dag_with_postgres_operator_v04')
        
[2023-09-04T06:01:11.865+0000] {base.py:73} INFO - Using connection ID 'postgres_localhost' for task execution.
[2023-09-04T06:01:11.889+0000] {base.py:73} INFO - Using connection ID 'postgres_localhost' for task execution.
[2023-09-04T06:01:11.913+0000] {sql.py:418} INFO - Running statement: 
            insert into dag_runs (dt, dag_id) values ('2021-12-28', 'dag_with_postgres_operator_v04')
        , parameters: None
[2023-09-04T06:01:11.921+0000] {sql.py:427} INFO - Rows affected: 1
[2023-09-04T06:01:11.949+0000] {taskinstance.py:1400} INFO - Marking task as SUCCESS. dag_id=dag_with_postgres_operator_v04, task_id=insert_into_table, execution_date=20211228T000000, start_date=20230904T060111, end_date=20230904T060111
[2023-09-04T06:01:12.003+0000] {local_task_job_runner.py:228} INFO - Task exited with return code 0
[2023-09-04T06:01:12.152+0000] {taskinstance.py:2784} INFO - 0 downstream tasks scheduled from follow-on schedule check
[2023-09-04T06:04:03.297+0000] {taskinstance.py:1159} INFO - Dependencies all met for dep_context=non-requeueable deps ti=<TaskInstance: dag_with_postgres_operator_v04.insert_into_table scheduled__2021-12-28T00:00:00+00:00 [queued]>
[2023-09-04T06:04:03.316+0000] {taskinstance.py:1159} INFO - Dependencies all met for dep_context=requeueable deps ti=<TaskInstance: dag_with_postgres_operator_v04.insert_into_table scheduled__2021-12-28T00:00:00+00:00 [queued]>
[2023-09-04T06:04:03.316+0000] {taskinstance.py:1361} INFO - Starting attempt 1 of 6
[2023-09-04T06:04:03.342+0000] {taskinstance.py:1382} INFO - Executing <Task(PostgresOperator): insert_into_table> on 2021-12-28 00:00:00+00:00
[2023-09-04T06:04:03.353+0000] {standard_task_runner.py:57} INFO - Started process 6010 to run task
[2023-09-04T06:04:03.357+0000] {standard_task_runner.py:84} INFO - Running: ['***', 'tasks', 'run', 'dag_with_postgres_operator_v04', 'insert_into_table', 'scheduled__2021-12-28T00:00:00+00:00', '--job-id', '716', '--raw', '--subdir', 'DAGS_FOLDER/dag_with_postgres_operator.py', '--cfg-path', '/tmp/tmpzrsjaxen']
[2023-09-04T06:04:03.362+0000] {standard_task_runner.py:85} INFO - Job 716: Subtask insert_into_table
[2023-09-04T06:04:03.435+0000] {task_command.py:415} INFO - Running <TaskInstance: dag_with_postgres_operator_v04.insert_into_table scheduled__2021-12-28T00:00:00+00:00 [running]> on host 10bdc2e98230
[2023-09-04T06:04:03.585+0000] {taskinstance.py:1660} INFO - Exporting env vars: AIRFLOW_CTX_DAG_OWNER='mohghaff' AIRFLOW_CTX_DAG_ID='dag_with_postgres_operator_v04' AIRFLOW_CTX_TASK_ID='insert_into_table' AIRFLOW_CTX_EXECUTION_DATE='2021-12-28T00:00:00+00:00' AIRFLOW_CTX_TRY_NUMBER='1' AIRFLOW_CTX_DAG_RUN_ID='scheduled__2021-12-28T00:00:00+00:00'
[2023-09-04T06:04:03.587+0000] {sql.py:274} INFO - Executing: 
            insert into dag_runs (dt, dag_id) values ('2021-12-28', 'dag_with_postgres_operator_v04')
        
[2023-09-04T06:04:03.602+0000] {base.py:73} INFO - Using connection ID 'postgres_localhost' for task execution.
[2023-09-04T06:04:03.615+0000] {base.py:73} INFO - Using connection ID 'postgres_localhost' for task execution.
[2023-09-04T06:04:03.634+0000] {sql.py:418} INFO - Running statement: 
            insert into dag_runs (dt, dag_id) values ('2021-12-28', 'dag_with_postgres_operator_v04')
        , parameters: None
[2023-09-04T06:04:03.641+0000] {sql.py:427} INFO - Rows affected: 1
[2023-09-04T06:04:03.661+0000] {taskinstance.py:1400} INFO - Marking task as SUCCESS. dag_id=dag_with_postgres_operator_v04, task_id=insert_into_table, execution_date=20211228T000000, start_date=20230904T060403, end_date=20230904T060403
[2023-09-04T06:04:03.689+0000] {local_task_job_runner.py:228} INFO - Task exited with return code 0
[2023-09-04T06:04:03.714+0000] {taskinstance.py:2784} INFO - 0 downstream tasks scheduled from follow-on schedule check
