[2023-09-04T06:01:44.510+0000] {taskinstance.py:1159} INFO - Dependencies all met for dep_context=non-requeueable deps ti=<TaskInstance: dag_with_postgres_operator_v04.delete_data_from_table scheduled__2022-02-08T00:00:00+00:00 [queued]>
[2023-09-04T06:01:44.533+0000] {taskinstance.py:1159} INFO - Dependencies all met for dep_context=requeueable deps ti=<TaskInstance: dag_with_postgres_operator_v04.delete_data_from_table scheduled__2022-02-08T00:00:00+00:00 [queued]>
[2023-09-04T06:01:44.534+0000] {taskinstance.py:1361} INFO - Starting attempt 1 of 6
[2023-09-04T06:01:44.805+0000] {taskinstance.py:1382} INFO - Executing <Task(PostgresOperator): delete_data_from_table> on 2022-02-08 00:00:00+00:00
[2023-09-04T06:01:44.817+0000] {standard_task_runner.py:57} INFO - Started process 4969 to run task
[2023-09-04T06:01:44.821+0000] {standard_task_runner.py:84} INFO - Running: ['***', 'tasks', 'run', 'dag_with_postgres_operator_v04', 'delete_data_from_table', 'scheduled__2022-02-08T00:00:00+00:00', '--job-id', '284', '--raw', '--subdir', 'DAGS_FOLDER/dag_with_postgres_operator.py', '--cfg-path', '/tmp/tmpph7n19ut']
[2023-09-04T06:01:44.824+0000] {standard_task_runner.py:85} INFO - Job 284: Subtask delete_data_from_table
[2023-09-04T06:01:44.919+0000] {task_command.py:415} INFO - Running <TaskInstance: dag_with_postgres_operator_v04.delete_data_from_table scheduled__2022-02-08T00:00:00+00:00 [running]> on host 10bdc2e98230
[2023-09-04T06:01:45.079+0000] {taskinstance.py:1660} INFO - Exporting env vars: AIRFLOW_CTX_DAG_OWNER='coder2j' AIRFLOW_CTX_DAG_ID='dag_with_postgres_operator_v04' AIRFLOW_CTX_TASK_ID='delete_data_from_table' AIRFLOW_CTX_EXECUTION_DATE='2022-02-08T00:00:00+00:00' AIRFLOW_CTX_TRY_NUMBER='1' AIRFLOW_CTX_DAG_RUN_ID='scheduled__2022-02-08T00:00:00+00:00'
[2023-09-04T06:01:45.081+0000] {sql.py:274} INFO - Executing: 
            delete from dag_runs where dt = '2022-02-08' and dag_id = 'dag_with_postgres_operator_v04';
        
[2023-09-04T06:01:45.095+0000] {base.py:73} INFO - Using connection ID 'postgres_localhost' for task execution.
[2023-09-04T06:01:45.109+0000] {base.py:73} INFO - Using connection ID 'postgres_localhost' for task execution.
[2023-09-04T06:01:45.129+0000] {sql.py:418} INFO - Running statement: 
            delete from dag_runs where dt = '2022-02-08' and dag_id = 'dag_with_postgres_operator_v04';
        , parameters: None
[2023-09-04T06:01:45.137+0000] {sql.py:427} INFO - Rows affected: 0
[2023-09-04T06:01:45.154+0000] {taskinstance.py:1400} INFO - Marking task as SUCCESS. dag_id=dag_with_postgres_operator_v04, task_id=delete_data_from_table, execution_date=20220208T000000, start_date=20230904T060144, end_date=20230904T060145
[2023-09-04T06:01:45.200+0000] {local_task_job_runner.py:228} INFO - Task exited with return code 0
[2023-09-04T06:01:45.238+0000] {taskinstance.py:2784} INFO - 1 downstream tasks scheduled from follow-on schedule check
[2023-09-04T06:04:32.930+0000] {taskinstance.py:1159} INFO - Dependencies all met for dep_context=non-requeueable deps ti=<TaskInstance: dag_with_postgres_operator_v04.delete_data_from_table scheduled__2022-02-08T00:00:00+00:00 [queued]>
[2023-09-04T06:04:32.964+0000] {taskinstance.py:1159} INFO - Dependencies all met for dep_context=requeueable deps ti=<TaskInstance: dag_with_postgres_operator_v04.delete_data_from_table scheduled__2022-02-08T00:00:00+00:00 [queued]>
[2023-09-04T06:04:32.965+0000] {taskinstance.py:1361} INFO - Starting attempt 1 of 6
[2023-09-04T06:04:33.036+0000] {taskinstance.py:1382} INFO - Executing <Task(PostgresOperator): delete_data_from_table> on 2022-02-08 00:00:00+00:00
[2023-09-04T06:04:33.056+0000] {standard_task_runner.py:57} INFO - Started process 6282 to run task
[2023-09-04T06:04:33.069+0000] {standard_task_runner.py:84} INFO - Running: ['***', 'tasks', 'run', 'dag_with_postgres_operator_v04', 'delete_data_from_table', 'scheduled__2022-02-08T00:00:00+00:00', '--job-id', '832', '--raw', '--subdir', 'DAGS_FOLDER/dag_with_postgres_operator.py', '--cfg-path', '/tmp/tmp1aw_10zk']
[2023-09-04T06:04:33.075+0000] {standard_task_runner.py:85} INFO - Job 832: Subtask delete_data_from_table
[2023-09-04T06:04:33.231+0000] {task_command.py:415} INFO - Running <TaskInstance: dag_with_postgres_operator_v04.delete_data_from_table scheduled__2022-02-08T00:00:00+00:00 [running]> on host 10bdc2e98230
[2023-09-04T06:04:33.532+0000] {taskinstance.py:1660} INFO - Exporting env vars: AIRFLOW_CTX_DAG_OWNER='mohghaff' AIRFLOW_CTX_DAG_ID='dag_with_postgres_operator_v04' AIRFLOW_CTX_TASK_ID='delete_data_from_table' AIRFLOW_CTX_EXECUTION_DATE='2022-02-08T00:00:00+00:00' AIRFLOW_CTX_TRY_NUMBER='1' AIRFLOW_CTX_DAG_RUN_ID='scheduled__2022-02-08T00:00:00+00:00'
[2023-09-04T06:04:33.534+0000] {sql.py:274} INFO - Executing: 
            delete from dag_runs where dt = '2022-02-08' and dag_id = 'dag_with_postgres_operator_v04';
        
[2023-09-04T06:04:33.558+0000] {base.py:73} INFO - Using connection ID 'postgres_localhost' for task execution.
[2023-09-04T06:04:33.579+0000] {base.py:73} INFO - Using connection ID 'postgres_localhost' for task execution.
[2023-09-04T06:04:33.601+0000] {sql.py:418} INFO - Running statement: 
            delete from dag_runs where dt = '2022-02-08' and dag_id = 'dag_with_postgres_operator_v04';
        , parameters: None
[2023-09-04T06:04:33.611+0000] {sql.py:427} INFO - Rows affected: 1
[2023-09-04T06:04:33.639+0000] {taskinstance.py:1400} INFO - Marking task as SUCCESS. dag_id=dag_with_postgres_operator_v04, task_id=delete_data_from_table, execution_date=20220208T000000, start_date=20230904T060432, end_date=20230904T060433
[2023-09-04T06:04:33.729+0000] {local_task_job_runner.py:228} INFO - Task exited with return code 0
[2023-09-04T06:04:34.010+0000] {taskinstance.py:2784} INFO - 0 downstream tasks scheduled from follow-on schedule check
