[2023-09-04T06:01:27.117+0000] {taskinstance.py:1159} INFO - Dependencies all met for dep_context=non-requeueable deps ti=<TaskInstance: dag_with_postgres_operator_v04.delete_data_from_table scheduled__2022-01-21T00:00:00+00:00 [queued]>
[2023-09-04T06:01:27.137+0000] {taskinstance.py:1159} INFO - Dependencies all met for dep_context=requeueable deps ti=<TaskInstance: dag_with_postgres_operator_v04.delete_data_from_table scheduled__2022-01-21T00:00:00+00:00 [queued]>
[2023-09-04T06:01:27.137+0000] {taskinstance.py:1361} INFO - Starting attempt 1 of 6
[2023-09-04T06:01:27.161+0000] {taskinstance.py:1382} INFO - Executing <Task(PostgresOperator): delete_data_from_table> on 2022-01-21 00:00:00+00:00
[2023-09-04T06:01:27.167+0000] {standard_task_runner.py:57} INFO - Started process 4841 to run task
[2023-09-04T06:01:27.171+0000] {standard_task_runner.py:84} INFO - Running: ['***', 'tasks', 'run', 'dag_with_postgres_operator_v04', 'delete_data_from_table', 'scheduled__2022-01-21T00:00:00+00:00', '--job-id', '227', '--raw', '--subdir', 'DAGS_FOLDER/dag_with_postgres_operator.py', '--cfg-path', '/tmp/tmpf_qsstqb']
[2023-09-04T06:01:27.174+0000] {standard_task_runner.py:85} INFO - Job 227: Subtask delete_data_from_table
[2023-09-04T06:01:27.248+0000] {task_command.py:415} INFO - Running <TaskInstance: dag_with_postgres_operator_v04.delete_data_from_table scheduled__2022-01-21T00:00:00+00:00 [running]> on host 10bdc2e98230
[2023-09-04T06:01:27.374+0000] {taskinstance.py:1660} INFO - Exporting env vars: AIRFLOW_CTX_DAG_OWNER='coder2j' AIRFLOW_CTX_DAG_ID='dag_with_postgres_operator_v04' AIRFLOW_CTX_TASK_ID='delete_data_from_table' AIRFLOW_CTX_EXECUTION_DATE='2022-01-21T00:00:00+00:00' AIRFLOW_CTX_TRY_NUMBER='1' AIRFLOW_CTX_DAG_RUN_ID='scheduled__2022-01-21T00:00:00+00:00'
[2023-09-04T06:01:27.376+0000] {sql.py:274} INFO - Executing: 
            delete from dag_runs where dt = '2022-01-21' and dag_id = 'dag_with_postgres_operator_v04';
        
[2023-09-04T06:01:27.391+0000] {base.py:73} INFO - Using connection ID 'postgres_localhost' for task execution.
[2023-09-04T06:01:27.403+0000] {base.py:73} INFO - Using connection ID 'postgres_localhost' for task execution.
[2023-09-04T06:01:27.419+0000] {sql.py:418} INFO - Running statement: 
            delete from dag_runs where dt = '2022-01-21' and dag_id = 'dag_with_postgres_operator_v04';
        , parameters: None
[2023-09-04T06:01:27.425+0000] {sql.py:427} INFO - Rows affected: 0
[2023-09-04T06:01:27.445+0000] {taskinstance.py:1400} INFO - Marking task as SUCCESS. dag_id=dag_with_postgres_operator_v04, task_id=delete_data_from_table, execution_date=20220121T000000, start_date=20230904T060127, end_date=20230904T060127
[2023-09-04T06:01:27.504+0000] {local_task_job_runner.py:228} INFO - Task exited with return code 0
[2023-09-04T06:01:27.534+0000] {taskinstance.py:2784} INFO - 1 downstream tasks scheduled from follow-on schedule check
[2023-09-04T06:04:20.364+0000] {taskinstance.py:1159} INFO - Dependencies all met for dep_context=non-requeueable deps ti=<TaskInstance: dag_with_postgres_operator_v04.delete_data_from_table scheduled__2022-01-21T00:00:00+00:00 [queued]>
[2023-09-04T06:04:20.391+0000] {taskinstance.py:1159} INFO - Dependencies all met for dep_context=requeueable deps ti=<TaskInstance: dag_with_postgres_operator_v04.delete_data_from_table scheduled__2022-01-21T00:00:00+00:00 [queued]>
[2023-09-04T06:04:20.392+0000] {taskinstance.py:1361} INFO - Starting attempt 1 of 6
[2023-09-04T06:04:20.815+0000] {taskinstance.py:1382} INFO - Executing <Task(PostgresOperator): delete_data_from_table> on 2022-01-21 00:00:00+00:00
[2023-09-04T06:04:20.828+0000] {standard_task_runner.py:57} INFO - Started process 6156 to run task
[2023-09-04T06:04:20.836+0000] {standard_task_runner.py:84} INFO - Running: ['***', 'tasks', 'run', 'dag_with_postgres_operator_v04', 'delete_data_from_table', 'scheduled__2022-01-21T00:00:00+00:00', '--job-id', '782', '--raw', '--subdir', 'DAGS_FOLDER/dag_with_postgres_operator.py', '--cfg-path', '/tmp/tmpxbvpev4j']
[2023-09-04T06:04:20.844+0000] {standard_task_runner.py:85} INFO - Job 782: Subtask delete_data_from_table
[2023-09-04T06:04:20.975+0000] {task_command.py:415} INFO - Running <TaskInstance: dag_with_postgres_operator_v04.delete_data_from_table scheduled__2022-01-21T00:00:00+00:00 [running]> on host 10bdc2e98230
[2023-09-04T06:04:21.214+0000] {taskinstance.py:1660} INFO - Exporting env vars: AIRFLOW_CTX_DAG_OWNER='mohghaff' AIRFLOW_CTX_DAG_ID='dag_with_postgres_operator_v04' AIRFLOW_CTX_TASK_ID='delete_data_from_table' AIRFLOW_CTX_EXECUTION_DATE='2022-01-21T00:00:00+00:00' AIRFLOW_CTX_TRY_NUMBER='1' AIRFLOW_CTX_DAG_RUN_ID='scheduled__2022-01-21T00:00:00+00:00'
[2023-09-04T06:04:21.218+0000] {sql.py:274} INFO - Executing: 
            delete from dag_runs where dt = '2022-01-21' and dag_id = 'dag_with_postgres_operator_v04';
        
[2023-09-04T06:04:21.240+0000] {base.py:73} INFO - Using connection ID 'postgres_localhost' for task execution.
[2023-09-04T06:04:21.261+0000] {base.py:73} INFO - Using connection ID 'postgres_localhost' for task execution.
[2023-09-04T06:04:21.289+0000] {sql.py:418} INFO - Running statement: 
            delete from dag_runs where dt = '2022-01-21' and dag_id = 'dag_with_postgres_operator_v04';
        , parameters: None
[2023-09-04T06:04:21.302+0000] {sql.py:427} INFO - Rows affected: 1
[2023-09-04T06:04:21.339+0000] {taskinstance.py:1400} INFO - Marking task as SUCCESS. dag_id=dag_with_postgres_operator_v04, task_id=delete_data_from_table, execution_date=20220121T000000, start_date=20230904T060420, end_date=20230904T060421
[2023-09-04T06:04:21.424+0000] {local_task_job_runner.py:228} INFO - Task exited with return code 0
[2023-09-04T06:04:21.481+0000] {taskinstance.py:2784} INFO - 1 downstream tasks scheduled from follow-on schedule check
