[2023-09-04T06:02:22.192+0000] {taskinstance.py:1159} INFO - Dependencies all met for dep_context=non-requeueable deps ti=<TaskInstance: dag_with_postgres_operator_v04.delete_data_from_table scheduled__2022-03-24T00:00:00+00:00 [queued]>
[2023-09-04T06:02:22.212+0000] {taskinstance.py:1159} INFO - Dependencies all met for dep_context=requeueable deps ti=<TaskInstance: dag_with_postgres_operator_v04.delete_data_from_table scheduled__2022-03-24T00:00:00+00:00 [queued]>
[2023-09-04T06:02:22.213+0000] {taskinstance.py:1361} INFO - Starting attempt 1 of 6
[2023-09-04T06:02:22.240+0000] {taskinstance.py:1382} INFO - Executing <Task(PostgresOperator): delete_data_from_table> on 2022-03-24 00:00:00+00:00
[2023-09-04T06:02:22.248+0000] {standard_task_runner.py:57} INFO - Started process 5294 to run task
[2023-09-04T06:02:22.251+0000] {standard_task_runner.py:84} INFO - Running: ['***', 'tasks', 'run', 'dag_with_postgres_operator_v04', 'delete_data_from_table', 'scheduled__2022-03-24T00:00:00+00:00', '--job-id', '415', '--raw', '--subdir', 'DAGS_FOLDER/dag_with_postgres_operator.py', '--cfg-path', '/tmp/tmppnc6gilj']
[2023-09-04T06:02:22.254+0000] {standard_task_runner.py:85} INFO - Job 415: Subtask delete_data_from_table
[2023-09-04T06:02:22.324+0000] {task_command.py:415} INFO - Running <TaskInstance: dag_with_postgres_operator_v04.delete_data_from_table scheduled__2022-03-24T00:00:00+00:00 [running]> on host 10bdc2e98230
[2023-09-04T06:02:22.463+0000] {taskinstance.py:1660} INFO - Exporting env vars: AIRFLOW_CTX_DAG_OWNER='coder2j' AIRFLOW_CTX_DAG_ID='dag_with_postgres_operator_v04' AIRFLOW_CTX_TASK_ID='delete_data_from_table' AIRFLOW_CTX_EXECUTION_DATE='2022-03-24T00:00:00+00:00' AIRFLOW_CTX_TRY_NUMBER='1' AIRFLOW_CTX_DAG_RUN_ID='scheduled__2022-03-24T00:00:00+00:00'
[2023-09-04T06:02:22.465+0000] {sql.py:274} INFO - Executing: 
            delete from dag_runs where dt = '2022-03-24' and dag_id = 'dag_with_postgres_operator_v04';
        
[2023-09-04T06:02:22.482+0000] {base.py:73} INFO - Using connection ID 'postgres_localhost' for task execution.
[2023-09-04T06:02:22.495+0000] {base.py:73} INFO - Using connection ID 'postgres_localhost' for task execution.
[2023-09-04T06:02:22.512+0000] {sql.py:418} INFO - Running statement: 
            delete from dag_runs where dt = '2022-03-24' and dag_id = 'dag_with_postgres_operator_v04';
        , parameters: None
[2023-09-04T06:02:22.518+0000] {sql.py:427} INFO - Rows affected: 0
[2023-09-04T06:02:22.535+0000] {taskinstance.py:1400} INFO - Marking task as SUCCESS. dag_id=dag_with_postgres_operator_v04, task_id=delete_data_from_table, execution_date=20220324T000000, start_date=20230904T060222, end_date=20230904T060222
[2023-09-04T06:02:22.584+0000] {local_task_job_runner.py:228} INFO - Task exited with return code 0
[2023-09-04T06:02:22.729+0000] {taskinstance.py:2784} INFO - 1 downstream tasks scheduled from follow-on schedule check
[2023-09-04T06:05:09.805+0000] {taskinstance.py:1159} INFO - Dependencies all met for dep_context=non-requeueable deps ti=<TaskInstance: dag_with_postgres_operator_v04.delete_data_from_table scheduled__2022-03-24T00:00:00+00:00 [queued]>
[2023-09-04T06:05:09.851+0000] {taskinstance.py:1159} INFO - Dependencies all met for dep_context=requeueable deps ti=<TaskInstance: dag_with_postgres_operator_v04.delete_data_from_table scheduled__2022-03-24T00:00:00+00:00 [queued]>
[2023-09-04T06:05:09.854+0000] {taskinstance.py:1361} INFO - Starting attempt 1 of 6
[2023-09-04T06:05:10.062+0000] {taskinstance.py:1382} INFO - Executing <Task(PostgresOperator): delete_data_from_table> on 2022-03-24 00:00:00+00:00
[2023-09-04T06:05:10.075+0000] {standard_task_runner.py:57} INFO - Started process 6607 to run task
[2023-09-04T06:05:10.088+0000] {standard_task_runner.py:84} INFO - Running: ['***', 'tasks', 'run', 'dag_with_postgres_operator_v04', 'delete_data_from_table', 'scheduled__2022-03-24T00:00:00+00:00', '--job-id', '973', '--raw', '--subdir', 'DAGS_FOLDER/dag_with_postgres_operator.py', '--cfg-path', '/tmp/tmp_qwl5uck']
[2023-09-04T06:05:10.094+0000] {standard_task_runner.py:85} INFO - Job 973: Subtask delete_data_from_table
[2023-09-04T06:05:10.299+0000] {task_command.py:415} INFO - Running <TaskInstance: dag_with_postgres_operator_v04.delete_data_from_table scheduled__2022-03-24T00:00:00+00:00 [running]> on host 10bdc2e98230
[2023-09-04T06:05:10.557+0000] {taskinstance.py:1660} INFO - Exporting env vars: AIRFLOW_CTX_DAG_OWNER='mohghaff' AIRFLOW_CTX_DAG_ID='dag_with_postgres_operator_v04' AIRFLOW_CTX_TASK_ID='delete_data_from_table' AIRFLOW_CTX_EXECUTION_DATE='2022-03-24T00:00:00+00:00' AIRFLOW_CTX_TRY_NUMBER='1' AIRFLOW_CTX_DAG_RUN_ID='scheduled__2022-03-24T00:00:00+00:00'
[2023-09-04T06:05:10.560+0000] {sql.py:274} INFO - Executing: 
            delete from dag_runs where dt = '2022-03-24' and dag_id = 'dag_with_postgres_operator_v04';
        
[2023-09-04T06:05:10.580+0000] {base.py:73} INFO - Using connection ID 'postgres_localhost' for task execution.
[2023-09-04T06:05:10.609+0000] {base.py:73} INFO - Using connection ID 'postgres_localhost' for task execution.
[2023-09-04T06:05:10.632+0000] {sql.py:418} INFO - Running statement: 
            delete from dag_runs where dt = '2022-03-24' and dag_id = 'dag_with_postgres_operator_v04';
        , parameters: None
[2023-09-04T06:05:10.642+0000] {sql.py:427} INFO - Rows affected: 1
[2023-09-04T06:05:10.680+0000] {taskinstance.py:1400} INFO - Marking task as SUCCESS. dag_id=dag_with_postgres_operator_v04, task_id=delete_data_from_table, execution_date=20220324T000000, start_date=20230904T060509, end_date=20230904T060510
[2023-09-04T06:05:10.747+0000] {local_task_job_runner.py:228} INFO - Task exited with return code 0
[2023-09-04T06:05:10.828+0000] {taskinstance.py:2784} INFO - 1 downstream tasks scheduled from follow-on schedule check
