[2023-09-04T05:59:04.130+0000] {taskinstance.py:1159} INFO - Dependencies all met for dep_context=non-requeueable deps ti=<TaskInstance: dag_with_postgres_operator_v04.create_postgres_table manual__2023-09-04T05:59:02.272758+00:00 [queued]>
[2023-09-04T05:59:04.144+0000] {taskinstance.py:1159} INFO - Dependencies all met for dep_context=requeueable deps ti=<TaskInstance: dag_with_postgres_operator_v04.create_postgres_table manual__2023-09-04T05:59:02.272758+00:00 [queued]>
[2023-09-04T05:59:04.144+0000] {taskinstance.py:1361} INFO - Starting attempt 1 of 6
[2023-09-04T05:59:04.168+0000] {taskinstance.py:1382} INFO - Executing <Task(PostgresOperator): create_postgres_table> on 2023-09-04 05:59:02.272758+00:00
[2023-09-04T05:59:04.175+0000] {standard_task_runner.py:57} INFO - Started process 4439 to run task
[2023-09-04T05:59:04.178+0000] {standard_task_runner.py:84} INFO - Running: ['***', 'tasks', 'run', 'dag_with_postgres_operator_v04', 'create_postgres_table', 'manual__2023-09-04T05:59:02.272758+00:00', '--job-id', '115', '--raw', '--subdir', 'DAGS_FOLDER/dag_with_postgres_operator.py', '--cfg-path', '/tmp/tmp0gz8j53o']
[2023-09-04T05:59:04.182+0000] {standard_task_runner.py:85} INFO - Job 115: Subtask create_postgres_table
[2023-09-04T05:59:04.253+0000] {task_command.py:415} INFO - Running <TaskInstance: dag_with_postgres_operator_v04.create_postgres_table manual__2023-09-04T05:59:02.272758+00:00 [running]> on host 10bdc2e98230
[2023-09-04T05:59:04.370+0000] {taskinstance.py:1660} INFO - Exporting env vars: AIRFLOW_CTX_DAG_OWNER='coder2j' AIRFLOW_CTX_DAG_ID='dag_with_postgres_operator_v04' AIRFLOW_CTX_TASK_ID='create_postgres_table' AIRFLOW_CTX_EXECUTION_DATE='2023-09-04T05:59:02.272758+00:00' AIRFLOW_CTX_TRY_NUMBER='1' AIRFLOW_CTX_DAG_RUN_ID='manual__2023-09-04T05:59:02.272758+00:00'
[2023-09-04T05:59:04.373+0000] {sql.py:274} INFO - Executing: 
            create table if not exists dag_runs (
                dt date,
                dag_id character varying,
                primary key (dt, dag_id)
            )
        
[2023-09-04T05:59:04.389+0000] {base.py:73} INFO - Using connection ID 'postgres_localhost' for task execution.
[2023-09-04T05:59:04.410+0000] {base.py:73} INFO - Using connection ID 'postgres_localhost' for task execution.
[2023-09-04T05:59:04.461+0000] {taskinstance.py:1943} ERROR - Task failed with exception
Traceback (most recent call last):
  File "/home/airflow/.local/lib/python3.8/site-packages/airflow/providers/common/sql/operators/sql.py", line 280, in execute
    output = hook.run(
  File "/home/airflow/.local/lib/python3.8/site-packages/airflow/providers/common/sql/hooks/sql.py", line 385, in run
    with closing(self.get_conn()) as conn:
  File "/home/airflow/.local/lib/python3.8/site-packages/airflow/providers/postgres/hooks/postgres.py", line 154, in get_conn
    self.conn = psycopg2.connect(**conn_args)
  File "/home/airflow/.local/lib/python3.8/site-packages/psycopg2/__init__.py", line 122, in connect
    conn = _connect(dsn, connection_factory=connection_factory, **kwasync)
psycopg2.OperationalError: could not translate host name "host.docker.local" to address: Name or service not known

[2023-09-04T05:59:04.476+0000] {taskinstance.py:1400} INFO - Marking task as UP_FOR_RETRY. dag_id=dag_with_postgres_operator_v04, task_id=create_postgres_table, execution_date=20230904T055902, start_date=20230904T055904, end_date=20230904T055904
[2023-09-04T05:59:04.617+0000] {standard_task_runner.py:104} ERROR - Failed to execute job 115 for task create_postgres_table (could not translate host name "host.docker.local" to address: Name or service not known
; 4439)
[2023-09-04T05:59:04.632+0000] {local_task_job_runner.py:228} INFO - Task exited with return code 1
[2023-09-04T05:59:04.675+0000] {taskinstance.py:2784} INFO - 0 downstream tasks scheduled from follow-on schedule check
