[2023-09-04T06:02:40.817+0000] {taskinstance.py:1159} INFO - Dependencies all met for dep_context=non-requeueable deps ti=<TaskInstance: dag_with_postgres_operator_v04.delete_data_from_table scheduled__2022-04-15T00:00:00+00:00 [queued]>
[2023-09-04T06:02:40.844+0000] {taskinstance.py:1159} INFO - Dependencies all met for dep_context=requeueable deps ti=<TaskInstance: dag_with_postgres_operator_v04.delete_data_from_table scheduled__2022-04-15T00:00:00+00:00 [queued]>
[2023-09-04T06:02:40.845+0000] {taskinstance.py:1361} INFO - Starting attempt 1 of 6
[2023-09-04T06:02:40.880+0000] {taskinstance.py:1382} INFO - Executing <Task(PostgresOperator): delete_data_from_table> on 2022-04-15 00:00:00+00:00
[2023-09-04T06:02:40.893+0000] {standard_task_runner.py:57} INFO - Started process 5443 to run task
[2023-09-04T06:02:40.903+0000] {standard_task_runner.py:84} INFO - Running: ['***', 'tasks', 'run', 'dag_with_postgres_operator_v04', 'delete_data_from_table', 'scheduled__2022-04-15T00:00:00+00:00', '--job-id', '483', '--raw', '--subdir', 'DAGS_FOLDER/dag_with_postgres_operator.py', '--cfg-path', '/tmp/tmpjd0wza5g']
[2023-09-04T06:02:40.907+0000] {standard_task_runner.py:85} INFO - Job 483: Subtask delete_data_from_table
[2023-09-04T06:02:40.997+0000] {task_command.py:415} INFO - Running <TaskInstance: dag_with_postgres_operator_v04.delete_data_from_table scheduled__2022-04-15T00:00:00+00:00 [running]> on host 10bdc2e98230
[2023-09-04T06:02:41.170+0000] {taskinstance.py:1660} INFO - Exporting env vars: AIRFLOW_CTX_DAG_OWNER='coder2j' AIRFLOW_CTX_DAG_ID='dag_with_postgres_operator_v04' AIRFLOW_CTX_TASK_ID='delete_data_from_table' AIRFLOW_CTX_EXECUTION_DATE='2022-04-15T00:00:00+00:00' AIRFLOW_CTX_TRY_NUMBER='1' AIRFLOW_CTX_DAG_RUN_ID='scheduled__2022-04-15T00:00:00+00:00'
[2023-09-04T06:02:41.172+0000] {sql.py:274} INFO - Executing: 
            delete from dag_runs where dt = '2022-04-15' and dag_id = 'dag_with_postgres_operator_v04';
        
[2023-09-04T06:02:41.182+0000] {base.py:73} INFO - Using connection ID 'postgres_localhost' for task execution.
[2023-09-04T06:02:41.194+0000] {base.py:73} INFO - Using connection ID 'postgres_localhost' for task execution.
[2023-09-04T06:02:41.208+0000] {sql.py:418} INFO - Running statement: 
            delete from dag_runs where dt = '2022-04-15' and dag_id = 'dag_with_postgres_operator_v04';
        , parameters: None
[2023-09-04T06:02:41.213+0000] {sql.py:427} INFO - Rows affected: 0
[2023-09-04T06:02:41.227+0000] {taskinstance.py:1400} INFO - Marking task as SUCCESS. dag_id=dag_with_postgres_operator_v04, task_id=delete_data_from_table, execution_date=20220415T000000, start_date=20230904T060240, end_date=20230904T060241
[2023-09-04T06:02:41.273+0000] {local_task_job_runner.py:228} INFO - Task exited with return code 0
[2023-09-04T06:02:41.300+0000] {taskinstance.py:2784} INFO - 1 downstream tasks scheduled from follow-on schedule check
[2023-09-04T06:05:24.957+0000] {taskinstance.py:1159} INFO - Dependencies all met for dep_context=non-requeueable deps ti=<TaskInstance: dag_with_postgres_operator_v04.delete_data_from_table scheduled__2022-04-15T00:00:00+00:00 [queued]>
[2023-09-04T06:05:25.004+0000] {taskinstance.py:1159} INFO - Dependencies all met for dep_context=requeueable deps ti=<TaskInstance: dag_with_postgres_operator_v04.delete_data_from_table scheduled__2022-04-15T00:00:00+00:00 [queued]>
[2023-09-04T06:05:25.005+0000] {taskinstance.py:1361} INFO - Starting attempt 1 of 6
[2023-09-04T06:05:25.496+0000] {taskinstance.py:1382} INFO - Executing <Task(PostgresOperator): delete_data_from_table> on 2022-04-15 00:00:00+00:00
[2023-09-04T06:05:25.516+0000] {standard_task_runner.py:57} INFO - Started process 6736 to run task
[2023-09-04T06:05:25.530+0000] {standard_task_runner.py:84} INFO - Running: ['***', 'tasks', 'run', 'dag_with_postgres_operator_v04', 'delete_data_from_table', 'scheduled__2022-04-15T00:00:00+00:00', '--job-id', '1030', '--raw', '--subdir', 'DAGS_FOLDER/dag_with_postgres_operator.py', '--cfg-path', '/tmp/tmpqfr1baqh']
[2023-09-04T06:05:25.539+0000] {standard_task_runner.py:85} INFO - Job 1030: Subtask delete_data_from_table
[2023-09-04T06:05:25.798+0000] {task_command.py:415} INFO - Running <TaskInstance: dag_with_postgres_operator_v04.delete_data_from_table scheduled__2022-04-15T00:00:00+00:00 [running]> on host 10bdc2e98230
[2023-09-04T06:05:26.165+0000] {taskinstance.py:1660} INFO - Exporting env vars: AIRFLOW_CTX_DAG_OWNER='mohghaff' AIRFLOW_CTX_DAG_ID='dag_with_postgres_operator_v04' AIRFLOW_CTX_TASK_ID='delete_data_from_table' AIRFLOW_CTX_EXECUTION_DATE='2022-04-15T00:00:00+00:00' AIRFLOW_CTX_TRY_NUMBER='1' AIRFLOW_CTX_DAG_RUN_ID='scheduled__2022-04-15T00:00:00+00:00'
[2023-09-04T06:05:26.168+0000] {sql.py:274} INFO - Executing: 
            delete from dag_runs where dt = '2022-04-15' and dag_id = 'dag_with_postgres_operator_v04';
        
[2023-09-04T06:05:26.218+0000] {base.py:73} INFO - Using connection ID 'postgres_localhost' for task execution.
[2023-09-04T06:05:26.257+0000] {base.py:73} INFO - Using connection ID 'postgres_localhost' for task execution.
[2023-09-04T06:05:26.308+0000] {sql.py:418} INFO - Running statement: 
            delete from dag_runs where dt = '2022-04-15' and dag_id = 'dag_with_postgres_operator_v04';
        , parameters: None
[2023-09-04T06:05:26.333+0000] {sql.py:427} INFO - Rows affected: 1
[2023-09-04T06:05:26.368+0000] {taskinstance.py:1400} INFO - Marking task as SUCCESS. dag_id=dag_with_postgres_operator_v04, task_id=delete_data_from_table, execution_date=20220415T000000, start_date=20230904T060524, end_date=20230904T060526
[2023-09-04T06:05:26.809+0000] {local_task_job_runner.py:228} INFO - Task exited with return code 0
[2023-09-04T06:05:26.877+0000] {taskinstance.py:2784} INFO - 1 downstream tasks scheduled from follow-on schedule check
