[2023-09-04T06:02:59.045+0000] {taskinstance.py:1159} INFO - Dependencies all met for dep_context=non-requeueable deps ti=<TaskInstance: dag_with_postgres_operator_v04.insert_into_table scheduled__2022-05-05T00:00:00+00:00 [queued]>
[2023-09-04T06:02:59.055+0000] {taskinstance.py:1159} INFO - Dependencies all met for dep_context=requeueable deps ti=<TaskInstance: dag_with_postgres_operator_v04.insert_into_table scheduled__2022-05-05T00:00:00+00:00 [queued]>
[2023-09-04T06:02:59.056+0000] {taskinstance.py:1361} INFO - Starting attempt 1 of 6
[2023-09-04T06:02:59.069+0000] {taskinstance.py:1382} INFO - Executing <Task(PostgresOperator): insert_into_table> on 2022-05-05 00:00:00+00:00
[2023-09-04T06:02:59.076+0000] {standard_task_runner.py:57} INFO - Started process 5615 to run task
[2023-09-04T06:02:59.078+0000] {standard_task_runner.py:84} INFO - Running: ['***', 'tasks', 'run', 'dag_with_postgres_operator_v04', 'insert_into_table', 'scheduled__2022-05-05T00:00:00+00:00', '--job-id', '556', '--raw', '--subdir', 'DAGS_FOLDER/dag_with_postgres_operator.py', '--cfg-path', '/tmp/tmpphi6kny9']
[2023-09-04T06:02:59.080+0000] {standard_task_runner.py:85} INFO - Job 556: Subtask insert_into_table
[2023-09-04T06:02:59.134+0000] {task_command.py:415} INFO - Running <TaskInstance: dag_with_postgres_operator_v04.insert_into_table scheduled__2022-05-05T00:00:00+00:00 [running]> on host 10bdc2e98230
[2023-09-04T06:02:59.233+0000] {taskinstance.py:1660} INFO - Exporting env vars: AIRFLOW_CTX_DAG_OWNER='coder2j' AIRFLOW_CTX_DAG_ID='dag_with_postgres_operator_v04' AIRFLOW_CTX_TASK_ID='insert_into_table' AIRFLOW_CTX_EXECUTION_DATE='2022-05-05T00:00:00+00:00' AIRFLOW_CTX_TRY_NUMBER='1' AIRFLOW_CTX_DAG_RUN_ID='scheduled__2022-05-05T00:00:00+00:00'
[2023-09-04T06:02:59.234+0000] {sql.py:274} INFO - Executing: 
            insert into dag_runs (dt, dag_id) values ('2022-05-05', 'dag_with_postgres_operator_v04')
        
[2023-09-04T06:02:59.243+0000] {base.py:73} INFO - Using connection ID 'postgres_localhost' for task execution.
[2023-09-04T06:02:59.250+0000] {base.py:73} INFO - Using connection ID 'postgres_localhost' for task execution.
[2023-09-04T06:02:59.260+0000] {sql.py:418} INFO - Running statement: 
            insert into dag_runs (dt, dag_id) values ('2022-05-05', 'dag_with_postgres_operator_v04')
        , parameters: None
[2023-09-04T06:02:59.265+0000] {sql.py:427} INFO - Rows affected: 1
[2023-09-04T06:02:59.279+0000] {taskinstance.py:1400} INFO - Marking task as SUCCESS. dag_id=dag_with_postgres_operator_v04, task_id=insert_into_table, execution_date=20220505T000000, start_date=20230904T060259, end_date=20230904T060259
[2023-09-04T06:02:59.331+0000] {local_task_job_runner.py:228} INFO - Task exited with return code 0
[2023-09-04T06:02:59.346+0000] {taskinstance.py:2784} INFO - 0 downstream tasks scheduled from follow-on schedule check
[2023-09-04T06:05:44.510+0000] {taskinstance.py:1159} INFO - Dependencies all met for dep_context=non-requeueable deps ti=<TaskInstance: dag_with_postgres_operator_v04.insert_into_table scheduled__2022-05-05T00:00:00+00:00 [queued]>
[2023-09-04T06:05:44.526+0000] {taskinstance.py:1159} INFO - Dependencies all met for dep_context=requeueable deps ti=<TaskInstance: dag_with_postgres_operator_v04.insert_into_table scheduled__2022-05-05T00:00:00+00:00 [queued]>
[2023-09-04T06:05:44.526+0000] {taskinstance.py:1361} INFO - Starting attempt 1 of 6
[2023-09-04T06:05:44.548+0000] {taskinstance.py:1382} INFO - Executing <Task(PostgresOperator): insert_into_table> on 2022-05-05 00:00:00+00:00
[2023-09-04T06:05:44.557+0000] {standard_task_runner.py:57} INFO - Started process 6897 to run task
[2023-09-04T06:05:44.562+0000] {standard_task_runner.py:84} INFO - Running: ['***', 'tasks', 'run', 'dag_with_postgres_operator_v04', 'insert_into_table', 'scheduled__2022-05-05T00:00:00+00:00', '--job-id', '1099', '--raw', '--subdir', 'DAGS_FOLDER/dag_with_postgres_operator.py', '--cfg-path', '/tmp/tmpfssbm4jm']
[2023-09-04T06:05:44.566+0000] {standard_task_runner.py:85} INFO - Job 1099: Subtask insert_into_table
[2023-09-04T06:05:44.655+0000] {task_command.py:415} INFO - Running <TaskInstance: dag_with_postgres_operator_v04.insert_into_table scheduled__2022-05-05T00:00:00+00:00 [running]> on host 10bdc2e98230
[2023-09-04T06:05:44.790+0000] {taskinstance.py:1660} INFO - Exporting env vars: AIRFLOW_CTX_DAG_OWNER='mohghaff' AIRFLOW_CTX_DAG_ID='dag_with_postgres_operator_v04' AIRFLOW_CTX_TASK_ID='insert_into_table' AIRFLOW_CTX_EXECUTION_DATE='2022-05-05T00:00:00+00:00' AIRFLOW_CTX_TRY_NUMBER='1' AIRFLOW_CTX_DAG_RUN_ID='scheduled__2022-05-05T00:00:00+00:00'
[2023-09-04T06:05:44.792+0000] {sql.py:274} INFO - Executing: 
            insert into dag_runs (dt, dag_id) values ('2022-05-05', 'dag_with_postgres_operator_v04')
        
[2023-09-04T06:05:44.804+0000] {base.py:73} INFO - Using connection ID 'postgres_localhost' for task execution.
[2023-09-04T06:05:44.815+0000] {base.py:73} INFO - Using connection ID 'postgres_localhost' for task execution.
[2023-09-04T06:05:44.830+0000] {sql.py:418} INFO - Running statement: 
            insert into dag_runs (dt, dag_id) values ('2022-05-05', 'dag_with_postgres_operator_v04')
        , parameters: None
[2023-09-04T06:05:44.836+0000] {sql.py:427} INFO - Rows affected: 1
[2023-09-04T06:05:44.856+0000] {taskinstance.py:1400} INFO - Marking task as SUCCESS. dag_id=dag_with_postgres_operator_v04, task_id=insert_into_table, execution_date=20220505T000000, start_date=20230904T060544, end_date=20230904T060544
[2023-09-04T06:05:44.894+0000] {local_task_job_runner.py:228} INFO - Task exited with return code 0
[2023-09-04T06:05:44.918+0000] {taskinstance.py:2784} INFO - 0 downstream tasks scheduled from follow-on schedule check
