[2023-09-04T06:02:11.884+0000] {taskinstance.py:1159} INFO - Dependencies all met for dep_context=non-requeueable deps ti=<TaskInstance: dag_with_postgres_operator_v04.delete_data_from_table scheduled__2022-03-08T00:00:00+00:00 [queued]>
[2023-09-04T06:02:11.907+0000] {taskinstance.py:1159} INFO - Dependencies all met for dep_context=requeueable deps ti=<TaskInstance: dag_with_postgres_operator_v04.delete_data_from_table scheduled__2022-03-08T00:00:00+00:00 [queued]>
[2023-09-04T06:02:11.908+0000] {taskinstance.py:1361} INFO - Starting attempt 1 of 6
[2023-09-04T06:02:11.942+0000] {taskinstance.py:1382} INFO - Executing <Task(PostgresOperator): delete_data_from_table> on 2022-03-08 00:00:00+00:00
[2023-09-04T06:02:11.955+0000] {standard_task_runner.py:57} INFO - Started process 5190 to run task
[2023-09-04T06:02:11.958+0000] {standard_task_runner.py:84} INFO - Running: ['***', 'tasks', 'run', 'dag_with_postgres_operator_v04', 'delete_data_from_table', 'scheduled__2022-03-08T00:00:00+00:00', '--job-id', '377', '--raw', '--subdir', 'DAGS_FOLDER/dag_with_postgres_operator.py', '--cfg-path', '/tmp/tmpifxdsalk']
[2023-09-04T06:02:11.961+0000] {standard_task_runner.py:85} INFO - Job 377: Subtask delete_data_from_table
[2023-09-04T06:02:12.063+0000] {task_command.py:415} INFO - Running <TaskInstance: dag_with_postgres_operator_v04.delete_data_from_table scheduled__2022-03-08T00:00:00+00:00 [running]> on host 10bdc2e98230
[2023-09-04T06:02:12.255+0000] {taskinstance.py:1660} INFO - Exporting env vars: AIRFLOW_CTX_DAG_OWNER='coder2j' AIRFLOW_CTX_DAG_ID='dag_with_postgres_operator_v04' AIRFLOW_CTX_TASK_ID='delete_data_from_table' AIRFLOW_CTX_EXECUTION_DATE='2022-03-08T00:00:00+00:00' AIRFLOW_CTX_TRY_NUMBER='1' AIRFLOW_CTX_DAG_RUN_ID='scheduled__2022-03-08T00:00:00+00:00'
[2023-09-04T06:02:12.257+0000] {sql.py:274} INFO - Executing: 
            delete from dag_runs where dt = '2022-03-08' and dag_id = 'dag_with_postgres_operator_v04';
        
[2023-09-04T06:02:12.274+0000] {base.py:73} INFO - Using connection ID 'postgres_localhost' for task execution.
[2023-09-04T06:02:12.295+0000] {base.py:73} INFO - Using connection ID 'postgres_localhost' for task execution.
[2023-09-04T06:02:12.324+0000] {sql.py:418} INFO - Running statement: 
            delete from dag_runs where dt = '2022-03-08' and dag_id = 'dag_with_postgres_operator_v04';
        , parameters: None
[2023-09-04T06:02:12.334+0000] {sql.py:427} INFO - Rows affected: 0
[2023-09-04T06:02:12.360+0000] {taskinstance.py:1400} INFO - Marking task as SUCCESS. dag_id=dag_with_postgres_operator_v04, task_id=delete_data_from_table, execution_date=20220308T000000, start_date=20230904T060211, end_date=20230904T060212
[2023-09-04T06:02:12.413+0000] {local_task_job_runner.py:228} INFO - Task exited with return code 0
[2023-09-04T06:02:12.458+0000] {taskinstance.py:2784} INFO - 1 downstream tasks scheduled from follow-on schedule check
[2023-09-04T06:04:56.811+0000] {taskinstance.py:1159} INFO - Dependencies all met for dep_context=non-requeueable deps ti=<TaskInstance: dag_with_postgres_operator_v04.delete_data_from_table scheduled__2022-03-08T00:00:00+00:00 [queued]>
[2023-09-04T06:04:56.843+0000] {taskinstance.py:1159} INFO - Dependencies all met for dep_context=requeueable deps ti=<TaskInstance: dag_with_postgres_operator_v04.delete_data_from_table scheduled__2022-03-08T00:00:00+00:00 [queued]>
[2023-09-04T06:04:56.844+0000] {taskinstance.py:1361} INFO - Starting attempt 1 of 6
[2023-09-04T06:04:57.084+0000] {taskinstance.py:1382} INFO - Executing <Task(PostgresOperator): delete_data_from_table> on 2022-03-08 00:00:00+00:00
[2023-09-04T06:04:57.097+0000] {standard_task_runner.py:57} INFO - Started process 6499 to run task
[2023-09-04T06:04:57.102+0000] {standard_task_runner.py:84} INFO - Running: ['***', 'tasks', 'run', 'dag_with_postgres_operator_v04', 'delete_data_from_table', 'scheduled__2022-03-08T00:00:00+00:00', '--job-id', '923', '--raw', '--subdir', 'DAGS_FOLDER/dag_with_postgres_operator.py', '--cfg-path', '/tmp/tmpdky1p8yi']
[2023-09-04T06:04:57.106+0000] {standard_task_runner.py:85} INFO - Job 923: Subtask delete_data_from_table
[2023-09-04T06:04:57.242+0000] {task_command.py:415} INFO - Running <TaskInstance: dag_with_postgres_operator_v04.delete_data_from_table scheduled__2022-03-08T00:00:00+00:00 [running]> on host 10bdc2e98230
[2023-09-04T06:04:57.478+0000] {taskinstance.py:1660} INFO - Exporting env vars: AIRFLOW_CTX_DAG_OWNER='mohghaff' AIRFLOW_CTX_DAG_ID='dag_with_postgres_operator_v04' AIRFLOW_CTX_TASK_ID='delete_data_from_table' AIRFLOW_CTX_EXECUTION_DATE='2022-03-08T00:00:00+00:00' AIRFLOW_CTX_TRY_NUMBER='1' AIRFLOW_CTX_DAG_RUN_ID='scheduled__2022-03-08T00:00:00+00:00'
[2023-09-04T06:04:57.481+0000] {sql.py:274} INFO - Executing: 
            delete from dag_runs where dt = '2022-03-08' and dag_id = 'dag_with_postgres_operator_v04';
        
[2023-09-04T06:04:57.502+0000] {base.py:73} INFO - Using connection ID 'postgres_localhost' for task execution.
[2023-09-04T06:04:57.519+0000] {base.py:73} INFO - Using connection ID 'postgres_localhost' for task execution.
[2023-09-04T06:04:57.543+0000] {sql.py:418} INFO - Running statement: 
            delete from dag_runs where dt = '2022-03-08' and dag_id = 'dag_with_postgres_operator_v04';
        , parameters: None
[2023-09-04T06:04:57.551+0000] {sql.py:427} INFO - Rows affected: 1
[2023-09-04T06:04:57.580+0000] {taskinstance.py:1400} INFO - Marking task as SUCCESS. dag_id=dag_with_postgres_operator_v04, task_id=delete_data_from_table, execution_date=20220308T000000, start_date=20230904T060456, end_date=20230904T060457
[2023-09-04T06:04:57.642+0000] {local_task_job_runner.py:228} INFO - Task exited with return code 0
[2023-09-04T06:04:57.701+0000] {taskinstance.py:2784} INFO - 1 downstream tasks scheduled from follow-on schedule check
