[2023-09-04T06:02:06.682+0000] {taskinstance.py:1159} INFO - Dependencies all met for dep_context=non-requeueable deps ti=<TaskInstance: dag_with_postgres_operator_v04.insert_into_table scheduled__2022-03-05T00:00:00+00:00 [queued]>
[2023-09-04T06:02:06.695+0000] {taskinstance.py:1159} INFO - Dependencies all met for dep_context=requeueable deps ti=<TaskInstance: dag_with_postgres_operator_v04.insert_into_table scheduled__2022-03-05T00:00:00+00:00 [queued]>
[2023-09-04T06:02:06.695+0000] {taskinstance.py:1361} INFO - Starting attempt 1 of 6
[2023-09-04T06:02:06.719+0000] {taskinstance.py:1382} INFO - Executing <Task(PostgresOperator): insert_into_table> on 2022-03-05 00:00:00+00:00
[2023-09-04T06:02:06.730+0000] {standard_task_runner.py:57} INFO - Started process 5153 to run task
[2023-09-04T06:02:06.733+0000] {standard_task_runner.py:84} INFO - Running: ['***', 'tasks', 'run', 'dag_with_postgres_operator_v04', 'insert_into_table', 'scheduled__2022-03-05T00:00:00+00:00', '--job-id', '364', '--raw', '--subdir', 'DAGS_FOLDER/dag_with_postgres_operator.py', '--cfg-path', '/tmp/tmpjhxd2cd5']
[2023-09-04T06:02:06.735+0000] {standard_task_runner.py:85} INFO - Job 364: Subtask insert_into_table
[2023-09-04T06:02:06.798+0000] {task_command.py:415} INFO - Running <TaskInstance: dag_with_postgres_operator_v04.insert_into_table scheduled__2022-03-05T00:00:00+00:00 [running]> on host 10bdc2e98230
[2023-09-04T06:02:06.973+0000] {taskinstance.py:1660} INFO - Exporting env vars: AIRFLOW_CTX_DAG_OWNER='coder2j' AIRFLOW_CTX_DAG_ID='dag_with_postgres_operator_v04' AIRFLOW_CTX_TASK_ID='insert_into_table' AIRFLOW_CTX_EXECUTION_DATE='2022-03-05T00:00:00+00:00' AIRFLOW_CTX_TRY_NUMBER='1' AIRFLOW_CTX_DAG_RUN_ID='scheduled__2022-03-05T00:00:00+00:00'
[2023-09-04T06:02:06.975+0000] {sql.py:274} INFO - Executing: 
            insert into dag_runs (dt, dag_id) values ('2022-03-05', 'dag_with_postgres_operator_v04')
        
[2023-09-04T06:02:06.987+0000] {base.py:73} INFO - Using connection ID 'postgres_localhost' for task execution.
[2023-09-04T06:02:06.998+0000] {base.py:73} INFO - Using connection ID 'postgres_localhost' for task execution.
[2023-09-04T06:02:07.011+0000] {sql.py:418} INFO - Running statement: 
            insert into dag_runs (dt, dag_id) values ('2022-03-05', 'dag_with_postgres_operator_v04')
        , parameters: None
[2023-09-04T06:02:07.015+0000] {sql.py:427} INFO - Rows affected: 1
[2023-09-04T06:02:07.036+0000] {taskinstance.py:1400} INFO - Marking task as SUCCESS. dag_id=dag_with_postgres_operator_v04, task_id=insert_into_table, execution_date=20220305T000000, start_date=20230904T060206, end_date=20230904T060207
[2023-09-04T06:02:07.067+0000] {local_task_job_runner.py:228} INFO - Task exited with return code 0
[2023-09-04T06:02:07.086+0000] {taskinstance.py:2784} INFO - 0 downstream tasks scheduled from follow-on schedule check
[2023-09-04T06:04:52.130+0000] {taskinstance.py:1159} INFO - Dependencies all met for dep_context=non-requeueable deps ti=<TaskInstance: dag_with_postgres_operator_v04.insert_into_table scheduled__2022-03-05T00:00:00+00:00 [queued]>
[2023-09-04T06:04:52.143+0000] {taskinstance.py:1159} INFO - Dependencies all met for dep_context=requeueable deps ti=<TaskInstance: dag_with_postgres_operator_v04.insert_into_table scheduled__2022-03-05T00:00:00+00:00 [queued]>
[2023-09-04T06:04:52.144+0000] {taskinstance.py:1361} INFO - Starting attempt 1 of 6
[2023-09-04T06:04:52.165+0000] {taskinstance.py:1382} INFO - Executing <Task(PostgresOperator): insert_into_table> on 2022-03-05 00:00:00+00:00
[2023-09-04T06:04:52.172+0000] {standard_task_runner.py:57} INFO - Started process 6446 to run task
[2023-09-04T06:04:52.176+0000] {standard_task_runner.py:84} INFO - Running: ['***', 'tasks', 'run', 'dag_with_postgres_operator_v04', 'insert_into_table', 'scheduled__2022-03-05T00:00:00+00:00', '--job-id', '912', '--raw', '--subdir', 'DAGS_FOLDER/dag_with_postgres_operator.py', '--cfg-path', '/tmp/tmp8wnb102s']
[2023-09-04T06:04:52.179+0000] {standard_task_runner.py:85} INFO - Job 912: Subtask insert_into_table
[2023-09-04T06:04:52.245+0000] {task_command.py:415} INFO - Running <TaskInstance: dag_with_postgres_operator_v04.insert_into_table scheduled__2022-03-05T00:00:00+00:00 [running]> on host 10bdc2e98230
[2023-09-04T06:04:52.353+0000] {taskinstance.py:1660} INFO - Exporting env vars: AIRFLOW_CTX_DAG_OWNER='mohghaff' AIRFLOW_CTX_DAG_ID='dag_with_postgres_operator_v04' AIRFLOW_CTX_TASK_ID='insert_into_table' AIRFLOW_CTX_EXECUTION_DATE='2022-03-05T00:00:00+00:00' AIRFLOW_CTX_TRY_NUMBER='1' AIRFLOW_CTX_DAG_RUN_ID='scheduled__2022-03-05T00:00:00+00:00'
[2023-09-04T06:04:52.354+0000] {sql.py:274} INFO - Executing: 
            insert into dag_runs (dt, dag_id) values ('2022-03-05', 'dag_with_postgres_operator_v04')
        
[2023-09-04T06:04:52.365+0000] {base.py:73} INFO - Using connection ID 'postgres_localhost' for task execution.
[2023-09-04T06:04:52.375+0000] {base.py:73} INFO - Using connection ID 'postgres_localhost' for task execution.
[2023-09-04T06:04:52.388+0000] {sql.py:418} INFO - Running statement: 
            insert into dag_runs (dt, dag_id) values ('2022-03-05', 'dag_with_postgres_operator_v04')
        , parameters: None
[2023-09-04T06:04:52.392+0000] {sql.py:427} INFO - Rows affected: 1
[2023-09-04T06:04:52.406+0000] {taskinstance.py:1400} INFO - Marking task as SUCCESS. dag_id=dag_with_postgres_operator_v04, task_id=insert_into_table, execution_date=20220305T000000, start_date=20230904T060452, end_date=20230904T060452
[2023-09-04T06:04:52.428+0000] {local_task_job_runner.py:228} INFO - Task exited with return code 0
[2023-09-04T06:04:52.448+0000] {taskinstance.py:2784} INFO - 0 downstream tasks scheduled from follow-on schedule check
