[2023-09-04T06:02:32.881+0000] {taskinstance.py:1159} INFO - Dependencies all met for dep_context=non-requeueable deps ti=<TaskInstance: dag_with_postgres_operator_v04.delete_data_from_table scheduled__2022-04-07T00:00:00+00:00 [queued]>
[2023-09-04T06:02:32.899+0000] {taskinstance.py:1159} INFO - Dependencies all met for dep_context=requeueable deps ti=<TaskInstance: dag_with_postgres_operator_v04.delete_data_from_table scheduled__2022-04-07T00:00:00+00:00 [queued]>
[2023-09-04T06:02:32.899+0000] {taskinstance.py:1361} INFO - Starting attempt 1 of 6
[2023-09-04T06:02:32.928+0000] {taskinstance.py:1382} INFO - Executing <Task(PostgresOperator): delete_data_from_table> on 2022-04-07 00:00:00+00:00
[2023-09-04T06:02:32.938+0000] {standard_task_runner.py:57} INFO - Started process 5376 to run task
[2023-09-04T06:02:32.943+0000] {standard_task_runner.py:84} INFO - Running: ['***', 'tasks', 'run', 'dag_with_postgres_operator_v04', 'delete_data_from_table', 'scheduled__2022-04-07T00:00:00+00:00', '--job-id', '457', '--raw', '--subdir', 'DAGS_FOLDER/dag_with_postgres_operator.py', '--cfg-path', '/tmp/tmp6wc0lkee']
[2023-09-04T06:02:32.947+0000] {standard_task_runner.py:85} INFO - Job 457: Subtask delete_data_from_table
[2023-09-04T06:02:33.028+0000] {task_command.py:415} INFO - Running <TaskInstance: dag_with_postgres_operator_v04.delete_data_from_table scheduled__2022-04-07T00:00:00+00:00 [running]> on host 10bdc2e98230
[2023-09-04T06:02:33.199+0000] {taskinstance.py:1660} INFO - Exporting env vars: AIRFLOW_CTX_DAG_OWNER='coder2j' AIRFLOW_CTX_DAG_ID='dag_with_postgres_operator_v04' AIRFLOW_CTX_TASK_ID='delete_data_from_table' AIRFLOW_CTX_EXECUTION_DATE='2022-04-07T00:00:00+00:00' AIRFLOW_CTX_TRY_NUMBER='1' AIRFLOW_CTX_DAG_RUN_ID='scheduled__2022-04-07T00:00:00+00:00'
[2023-09-04T06:02:33.202+0000] {sql.py:274} INFO - Executing: 
            delete from dag_runs where dt = '2022-04-07' and dag_id = 'dag_with_postgres_operator_v04';
        
[2023-09-04T06:02:33.221+0000] {base.py:73} INFO - Using connection ID 'postgres_localhost' for task execution.
[2023-09-04T06:02:33.241+0000] {base.py:73} INFO - Using connection ID 'postgres_localhost' for task execution.
[2023-09-04T06:02:33.260+0000] {sql.py:418} INFO - Running statement: 
            delete from dag_runs where dt = '2022-04-07' and dag_id = 'dag_with_postgres_operator_v04';
        , parameters: None
[2023-09-04T06:02:33.265+0000] {sql.py:427} INFO - Rows affected: 0
[2023-09-04T06:02:33.284+0000] {taskinstance.py:1400} INFO - Marking task as SUCCESS. dag_id=dag_with_postgres_operator_v04, task_id=delete_data_from_table, execution_date=20220407T000000, start_date=20230904T060232, end_date=20230904T060233
[2023-09-04T06:02:33.357+0000] {local_task_job_runner.py:228} INFO - Task exited with return code 0
[2023-09-04T06:02:33.463+0000] {taskinstance.py:2784} INFO - 0 downstream tasks scheduled from follow-on schedule check
[2023-09-04T06:05:16.056+0000] {taskinstance.py:1159} INFO - Dependencies all met for dep_context=non-requeueable deps ti=<TaskInstance: dag_with_postgres_operator_v04.delete_data_from_table scheduled__2022-04-07T00:00:00+00:00 [queued]>
[2023-09-04T06:05:16.088+0000] {taskinstance.py:1159} INFO - Dependencies all met for dep_context=requeueable deps ti=<TaskInstance: dag_with_postgres_operator_v04.delete_data_from_table scheduled__2022-04-07T00:00:00+00:00 [queued]>
[2023-09-04T06:05:16.089+0000] {taskinstance.py:1361} INFO - Starting attempt 1 of 6
[2023-09-04T06:05:16.290+0000] {taskinstance.py:1382} INFO - Executing <Task(PostgresOperator): delete_data_from_table> on 2022-04-07 00:00:00+00:00
[2023-09-04T06:05:16.302+0000] {standard_task_runner.py:57} INFO - Started process 6663 to run task
[2023-09-04T06:05:16.307+0000] {standard_task_runner.py:84} INFO - Running: ['***', 'tasks', 'run', 'dag_with_postgres_operator_v04', 'delete_data_from_table', 'scheduled__2022-04-07T00:00:00+00:00', '--job-id', '999', '--raw', '--subdir', 'DAGS_FOLDER/dag_with_postgres_operator.py', '--cfg-path', '/tmp/tmpoohpqlc5']
[2023-09-04T06:05:16.312+0000] {standard_task_runner.py:85} INFO - Job 999: Subtask delete_data_from_table
[2023-09-04T06:05:16.431+0000] {task_command.py:415} INFO - Running <TaskInstance: dag_with_postgres_operator_v04.delete_data_from_table scheduled__2022-04-07T00:00:00+00:00 [running]> on host 10bdc2e98230
[2023-09-04T06:05:16.614+0000] {taskinstance.py:1660} INFO - Exporting env vars: AIRFLOW_CTX_DAG_OWNER='mohghaff' AIRFLOW_CTX_DAG_ID='dag_with_postgres_operator_v04' AIRFLOW_CTX_TASK_ID='delete_data_from_table' AIRFLOW_CTX_EXECUTION_DATE='2022-04-07T00:00:00+00:00' AIRFLOW_CTX_TRY_NUMBER='1' AIRFLOW_CTX_DAG_RUN_ID='scheduled__2022-04-07T00:00:00+00:00'
[2023-09-04T06:05:16.616+0000] {sql.py:274} INFO - Executing: 
            delete from dag_runs where dt = '2022-04-07' and dag_id = 'dag_with_postgres_operator_v04';
        
[2023-09-04T06:05:16.631+0000] {base.py:73} INFO - Using connection ID 'postgres_localhost' for task execution.
[2023-09-04T06:05:16.646+0000] {base.py:73} INFO - Using connection ID 'postgres_localhost' for task execution.
[2023-09-04T06:05:16.666+0000] {sql.py:418} INFO - Running statement: 
            delete from dag_runs where dt = '2022-04-07' and dag_id = 'dag_with_postgres_operator_v04';
        , parameters: None
[2023-09-04T06:05:16.674+0000] {sql.py:427} INFO - Rows affected: 1
[2023-09-04T06:05:16.698+0000] {taskinstance.py:1400} INFO - Marking task as SUCCESS. dag_id=dag_with_postgres_operator_v04, task_id=delete_data_from_table, execution_date=20220407T000000, start_date=20230904T060516, end_date=20230904T060516
[2023-09-04T06:05:16.761+0000] {local_task_job_runner.py:228} INFO - Task exited with return code 0
[2023-09-04T06:05:16.804+0000] {taskinstance.py:2784} INFO - 1 downstream tasks scheduled from follow-on schedule check
