[2023-09-04T06:08:09.810+0000] {taskinstance.py:1159} INFO - Dependencies all met for dep_context=non-requeueable deps ti=<TaskInstance: dag_with_postgres_operator_v04.delete_data_from_table scheduled__2022-11-07T00:00:00+00:00 [queued]>
[2023-09-04T06:08:09.830+0000] {taskinstance.py:1159} INFO - Dependencies all met for dep_context=requeueable deps ti=<TaskInstance: dag_with_postgres_operator_v04.delete_data_from_table scheduled__2022-11-07T00:00:00+00:00 [queued]>
[2023-09-04T06:08:09.830+0000] {taskinstance.py:1361} INFO - Starting attempt 1 of 6
[2023-09-04T06:08:10.047+0000] {taskinstance.py:1382} INFO - Executing <Task(PostgresOperator): delete_data_from_table> on 2022-11-07 00:00:00+00:00
[2023-09-04T06:08:10.066+0000] {standard_task_runner.py:57} INFO - Started process 8185 to run task
[2023-09-04T06:08:10.071+0000] {standard_task_runner.py:84} INFO - Running: ['***', 'tasks', 'run', 'dag_with_postgres_operator_v04', 'delete_data_from_table', 'scheduled__2022-11-07T00:00:00+00:00', '--job-id', '1651', '--raw', '--subdir', 'DAGS_FOLDER/dag_with_postgres_operator.py', '--cfg-path', '/tmp/tmpq0m40yo6']
[2023-09-04T06:08:10.076+0000] {standard_task_runner.py:85} INFO - Job 1651: Subtask delete_data_from_table
[2023-09-04T06:08:10.270+0000] {task_command.py:415} INFO - Running <TaskInstance: dag_with_postgres_operator_v04.delete_data_from_table scheduled__2022-11-07T00:00:00+00:00 [running]> on host 10bdc2e98230
[2023-09-04T06:08:10.495+0000] {taskinstance.py:1660} INFO - Exporting env vars: AIRFLOW_CTX_DAG_OWNER='mohghaff' AIRFLOW_CTX_DAG_ID='dag_with_postgres_operator_v04' AIRFLOW_CTX_TASK_ID='delete_data_from_table' AIRFLOW_CTX_EXECUTION_DATE='2022-11-07T00:00:00+00:00' AIRFLOW_CTX_TRY_NUMBER='1' AIRFLOW_CTX_DAG_RUN_ID='scheduled__2022-11-07T00:00:00+00:00'
[2023-09-04T06:08:10.499+0000] {sql.py:274} INFO - Executing: 
            delete from dag_runs where dt = '2022-11-07' and dag_id = 'dag_with_postgres_operator_v04';
        
[2023-09-04T06:08:10.529+0000] {base.py:73} INFO - Using connection ID 'postgres_localhost' for task execution.
[2023-09-04T06:08:10.547+0000] {base.py:73} INFO - Using connection ID 'postgres_localhost' for task execution.
[2023-09-04T06:08:10.565+0000] {sql.py:418} INFO - Running statement: 
            delete from dag_runs where dt = '2022-11-07' and dag_id = 'dag_with_postgres_operator_v04';
        , parameters: None
[2023-09-04T06:08:10.574+0000] {sql.py:427} INFO - Rows affected: 0
[2023-09-04T06:08:10.593+0000] {taskinstance.py:1400} INFO - Marking task as SUCCESS. dag_id=dag_with_postgres_operator_v04, task_id=delete_data_from_table, execution_date=20221107T000000, start_date=20230904T060809, end_date=20230904T060810
[2023-09-04T06:08:10.663+0000] {local_task_job_runner.py:228} INFO - Task exited with return code 0
[2023-09-04T06:08:10.710+0000] {taskinstance.py:2784} INFO - 1 downstream tasks scheduled from follow-on schedule check
