[2023-09-04T06:02:30.960+0000] {taskinstance.py:1159} INFO - Dependencies all met for dep_context=non-requeueable deps ti=<TaskInstance: dag_with_postgres_operator_v04.delete_data_from_table scheduled__2022-04-01T00:00:00+00:00 [queued]>
[2023-09-04T06:02:30.983+0000] {taskinstance.py:1159} INFO - Dependencies all met for dep_context=requeueable deps ti=<TaskInstance: dag_with_postgres_operator_v04.delete_data_from_table scheduled__2022-04-01T00:00:00+00:00 [queued]>
[2023-09-04T06:02:30.983+0000] {taskinstance.py:1361} INFO - Starting attempt 1 of 6
[2023-09-04T06:02:31.008+0000] {taskinstance.py:1382} INFO - Executing <Task(PostgresOperator): delete_data_from_table> on 2022-04-01 00:00:00+00:00
[2023-09-04T06:02:31.017+0000] {standard_task_runner.py:57} INFO - Started process 5353 to run task
[2023-09-04T06:02:31.021+0000] {standard_task_runner.py:84} INFO - Running: ['***', 'tasks', 'run', 'dag_with_postgres_operator_v04', 'delete_data_from_table', 'scheduled__2022-04-01T00:00:00+00:00', '--job-id', '443', '--raw', '--subdir', 'DAGS_FOLDER/dag_with_postgres_operator.py', '--cfg-path', '/tmp/tmpe9byyyiu']
[2023-09-04T06:02:31.025+0000] {standard_task_runner.py:85} INFO - Job 443: Subtask delete_data_from_table
[2023-09-04T06:02:31.114+0000] {task_command.py:415} INFO - Running <TaskInstance: dag_with_postgres_operator_v04.delete_data_from_table scheduled__2022-04-01T00:00:00+00:00 [running]> on host 10bdc2e98230
[2023-09-04T06:02:31.250+0000] {taskinstance.py:1660} INFO - Exporting env vars: AIRFLOW_CTX_DAG_OWNER='coder2j' AIRFLOW_CTX_DAG_ID='dag_with_postgres_operator_v04' AIRFLOW_CTX_TASK_ID='delete_data_from_table' AIRFLOW_CTX_EXECUTION_DATE='2022-04-01T00:00:00+00:00' AIRFLOW_CTX_TRY_NUMBER='1' AIRFLOW_CTX_DAG_RUN_ID='scheduled__2022-04-01T00:00:00+00:00'
[2023-09-04T06:02:31.251+0000] {sql.py:274} INFO - Executing: 
            delete from dag_runs where dt = '2022-04-01' and dag_id = 'dag_with_postgres_operator_v04';
        
[2023-09-04T06:02:31.263+0000] {base.py:73} INFO - Using connection ID 'postgres_localhost' for task execution.
[2023-09-04T06:02:31.274+0000] {base.py:73} INFO - Using connection ID 'postgres_localhost' for task execution.
[2023-09-04T06:02:31.290+0000] {sql.py:418} INFO - Running statement: 
            delete from dag_runs where dt = '2022-04-01' and dag_id = 'dag_with_postgres_operator_v04';
        , parameters: None
[2023-09-04T06:02:31.296+0000] {sql.py:427} INFO - Rows affected: 0
[2023-09-04T06:02:31.311+0000] {taskinstance.py:1400} INFO - Marking task as SUCCESS. dag_id=dag_with_postgres_operator_v04, task_id=delete_data_from_table, execution_date=20220401T000000, start_date=20230904T060230, end_date=20230904T060231
[2023-09-04T06:02:31.354+0000] {local_task_job_runner.py:228} INFO - Task exited with return code 0
[2023-09-04T06:02:31.386+0000] {taskinstance.py:2784} INFO - 1 downstream tasks scheduled from follow-on schedule check
[2023-09-04T06:05:12.937+0000] {taskinstance.py:1159} INFO - Dependencies all met for dep_context=non-requeueable deps ti=<TaskInstance: dag_with_postgres_operator_v04.delete_data_from_table scheduled__2022-04-01T00:00:00+00:00 [queued]>
[2023-09-04T06:05:12.981+0000] {taskinstance.py:1159} INFO - Dependencies all met for dep_context=requeueable deps ti=<TaskInstance: dag_with_postgres_operator_v04.delete_data_from_table scheduled__2022-04-01T00:00:00+00:00 [queued]>
[2023-09-04T06:05:12.982+0000] {taskinstance.py:1361} INFO - Starting attempt 1 of 6
[2023-09-04T06:05:13.475+0000] {taskinstance.py:1382} INFO - Executing <Task(PostgresOperator): delete_data_from_table> on 2022-04-01 00:00:00+00:00
[2023-09-04T06:05:13.494+0000] {standard_task_runner.py:57} INFO - Started process 6638 to run task
[2023-09-04T06:05:13.505+0000] {standard_task_runner.py:84} INFO - Running: ['***', 'tasks', 'run', 'dag_with_postgres_operator_v04', 'delete_data_from_table', 'scheduled__2022-04-01T00:00:00+00:00', '--job-id', '984', '--raw', '--subdir', 'DAGS_FOLDER/dag_with_postgres_operator.py', '--cfg-path', '/tmp/tmpoopyply5']
[2023-09-04T06:05:13.513+0000] {standard_task_runner.py:85} INFO - Job 984: Subtask delete_data_from_table
[2023-09-04T06:05:13.678+0000] {task_command.py:415} INFO - Running <TaskInstance: dag_with_postgres_operator_v04.delete_data_from_table scheduled__2022-04-01T00:00:00+00:00 [running]> on host 10bdc2e98230
[2023-09-04T06:05:14.038+0000] {taskinstance.py:1660} INFO - Exporting env vars: AIRFLOW_CTX_DAG_OWNER='mohghaff' AIRFLOW_CTX_DAG_ID='dag_with_postgres_operator_v04' AIRFLOW_CTX_TASK_ID='delete_data_from_table' AIRFLOW_CTX_EXECUTION_DATE='2022-04-01T00:00:00+00:00' AIRFLOW_CTX_TRY_NUMBER='1' AIRFLOW_CTX_DAG_RUN_ID='scheduled__2022-04-01T00:00:00+00:00'
[2023-09-04T06:05:14.043+0000] {sql.py:274} INFO - Executing: 
            delete from dag_runs where dt = '2022-04-01' and dag_id = 'dag_with_postgres_operator_v04';
        
[2023-09-04T06:05:14.079+0000] {base.py:73} INFO - Using connection ID 'postgres_localhost' for task execution.
[2023-09-04T06:05:14.132+0000] {base.py:73} INFO - Using connection ID 'postgres_localhost' for task execution.
[2023-09-04T06:05:14.169+0000] {sql.py:418} INFO - Running statement: 
            delete from dag_runs where dt = '2022-04-01' and dag_id = 'dag_with_postgres_operator_v04';
        , parameters: None
[2023-09-04T06:05:14.181+0000] {sql.py:427} INFO - Rows affected: 1
[2023-09-04T06:05:14.249+0000] {taskinstance.py:1400} INFO - Marking task as SUCCESS. dag_id=dag_with_postgres_operator_v04, task_id=delete_data_from_table, execution_date=20220401T000000, start_date=20230904T060512, end_date=20230904T060514
[2023-09-04T06:05:14.743+0000] {local_task_job_runner.py:228} INFO - Task exited with return code 0
[2023-09-04T06:05:14.818+0000] {taskinstance.py:2784} INFO - 1 downstream tasks scheduled from follow-on schedule check
