[2023-09-04T19:38:27.561+0000] {taskinstance.py:1159} INFO - Dependencies all met for dep_context=non-requeueable deps ti=<TaskInstance: postgres_hooks_v02.postgres_to_s3 scheduled__2023-01-04T00:00:00+00:00 [queued]>
[2023-09-04T19:38:27.591+0000] {taskinstance.py:1159} INFO - Dependencies all met for dep_context=requeueable deps ti=<TaskInstance: postgres_hooks_v02.postgres_to_s3 scheduled__2023-01-04T00:00:00+00:00 [queued]>
[2023-09-04T19:38:27.592+0000] {taskinstance.py:1361} INFO - Starting attempt 1 of 6
[2023-09-04T19:38:27.769+0000] {taskinstance.py:1382} INFO - Executing <Task(PythonOperator): postgres_to_s3> on 2023-01-04 00:00:00+00:00
[2023-09-04T19:38:27.782+0000] {standard_task_runner.py:57} INFO - Started process 22309 to run task
[2023-09-04T19:38:27.790+0000] {standard_task_runner.py:84} INFO - Running: ['***', 'tasks', 'run', 'postgres_hooks_v02', 'postgres_to_s3', 'scheduled__2023-01-04T00:00:00+00:00', '--job-id', '3743', '--raw', '--subdir', 'DAGS_FOLDER/dags_with_postgres_hooks.py', '--cfg-path', '/tmp/tmpzahtkv5x']
[2023-09-04T19:38:27.796+0000] {standard_task_runner.py:85} INFO - Job 3743: Subtask postgres_to_s3
[2023-09-04T19:38:27.957+0000] {task_command.py:415} INFO - Running <TaskInstance: postgres_hooks_v02.postgres_to_s3 scheduled__2023-01-04T00:00:00+00:00 [running]> on host 55ba52c92856
[2023-09-04T19:38:28.180+0000] {taskinstance.py:1660} INFO - Exporting env vars: AIRFLOW_CTX_DAG_OWNER='mohghaff' AIRFLOW_CTX_DAG_ID='postgres_hooks_v02' AIRFLOW_CTX_TASK_ID='postgres_to_s3' AIRFLOW_CTX_EXECUTION_DATE='2023-01-04T00:00:00+00:00' AIRFLOW_CTX_TRY_NUMBER='1' AIRFLOW_CTX_DAG_RUN_ID='scheduled__2023-01-04T00:00:00+00:00'
[2023-09-04T19:38:28.208+0000] {base.py:73} INFO - Using connection ID 'postgres_localhost' for task execution.
[2023-09-04T19:38:28.246+0000] {taskinstance.py:1943} ERROR - Task failed with exception
Traceback (most recent call last):
  File "/home/airflow/.local/lib/python3.8/site-packages/airflow/operators/python.py", line 192, in execute
    return_value = self.execute_callable()
  File "/home/airflow/.local/lib/python3.8/site-packages/airflow/operators/python.py", line 209, in execute_callable
    return self.python_callable(*self.op_args, **self.op_kwargs)
  File "/opt/airflow/dags/dags_with_postgres_hooks.py", line 24, in postgres_to_s3
    csv_writer.write_row([i[0] for i in cursor.description])
AttributeError: '_csv.writer' object has no attribute 'write_row'
[2023-09-04T19:38:28.270+0000] {taskinstance.py:1400} INFO - Marking task as UP_FOR_RETRY. dag_id=postgres_hooks_v02, task_id=postgres_to_s3, execution_date=20230104T000000, start_date=20230904T193827, end_date=20230904T193828
[2023-09-04T19:38:28.314+0000] {standard_task_runner.py:104} ERROR - Failed to execute job 3743 for task postgres_to_s3 ('_csv.writer' object has no attribute 'write_row'; 22309)
[2023-09-04T19:38:28.367+0000] {local_task_job_runner.py:228} INFO - Task exited with return code 1
[2023-09-04T19:38:28.551+0000] {taskinstance.py:2784} INFO - 0 downstream tasks scheduled from follow-on schedule check
