[2023-09-04T06:01:53.485+0000] {taskinstance.py:1159} INFO - Dependencies all met for dep_context=non-requeueable deps ti=<TaskInstance: dag_with_postgres_operator_v04.create_postgres_table scheduled__2022-02-23T00:00:00+00:00 [queued]>
[2023-09-04T06:01:53.504+0000] {taskinstance.py:1159} INFO - Dependencies all met for dep_context=requeueable deps ti=<TaskInstance: dag_with_postgres_operator_v04.create_postgres_table scheduled__2022-02-23T00:00:00+00:00 [queued]>
[2023-09-04T06:01:53.505+0000] {taskinstance.py:1361} INFO - Starting attempt 1 of 6
[2023-09-04T06:01:53.542+0000] {taskinstance.py:1382} INFO - Executing <Task(PostgresOperator): create_postgres_table> on 2022-02-23 00:00:00+00:00
[2023-09-04T06:01:53.552+0000] {standard_task_runner.py:57} INFO - Started process 5059 to run task
[2023-09-04T06:01:53.556+0000] {standard_task_runner.py:84} INFO - Running: ['***', 'tasks', 'run', 'dag_with_postgres_operator_v04', 'create_postgres_table', 'scheduled__2022-02-23T00:00:00+00:00', '--job-id', '314', '--raw', '--subdir', 'DAGS_FOLDER/dag_with_postgres_operator.py', '--cfg-path', '/tmp/tmpvtlri_1k']
[2023-09-04T06:01:53.560+0000] {standard_task_runner.py:85} INFO - Job 314: Subtask create_postgres_table
[2023-09-04T06:01:53.634+0000] {task_command.py:415} INFO - Running <TaskInstance: dag_with_postgres_operator_v04.create_postgres_table scheduled__2022-02-23T00:00:00+00:00 [running]> on host 10bdc2e98230
[2023-09-04T06:01:53.782+0000] {taskinstance.py:1660} INFO - Exporting env vars: AIRFLOW_CTX_DAG_OWNER='coder2j' AIRFLOW_CTX_DAG_ID='dag_with_postgres_operator_v04' AIRFLOW_CTX_TASK_ID='create_postgres_table' AIRFLOW_CTX_EXECUTION_DATE='2022-02-23T00:00:00+00:00' AIRFLOW_CTX_TRY_NUMBER='1' AIRFLOW_CTX_DAG_RUN_ID='scheduled__2022-02-23T00:00:00+00:00'
[2023-09-04T06:01:53.784+0000] {sql.py:274} INFO - Executing: 
            create table if not exists dag_runs (
                dt date,
                dag_id character varying,
                primary key (dt, dag_id)
            )
        
[2023-09-04T06:01:53.798+0000] {base.py:73} INFO - Using connection ID 'postgres_localhost' for task execution.
[2023-09-04T06:01:53.812+0000] {base.py:73} INFO - Using connection ID 'postgres_localhost' for task execution.
[2023-09-04T06:01:53.837+0000] {sql.py:418} INFO - Running statement: 
            create table if not exists dag_runs (
                dt date,
                dag_id character varying,
                primary key (dt, dag_id)
            )
        , parameters: None
[2023-09-04T06:01:53.865+0000] {taskinstance.py:1400} INFO - Marking task as SUCCESS. dag_id=dag_with_postgres_operator_v04, task_id=create_postgres_table, execution_date=20220223T000000, start_date=20230904T060153, end_date=20230904T060153
[2023-09-04T06:01:54.131+0000] {local_task_job_runner.py:228} INFO - Task exited with return code 0
[2023-09-04T06:01:54.179+0000] {taskinstance.py:2784} INFO - 1 downstream tasks scheduled from follow-on schedule check
[2023-09-04T06:04:41.831+0000] {taskinstance.py:1159} INFO - Dependencies all met for dep_context=non-requeueable deps ti=<TaskInstance: dag_with_postgres_operator_v04.create_postgres_table scheduled__2022-02-23T00:00:00+00:00 [queued]>
[2023-09-04T06:04:41.852+0000] {taskinstance.py:1159} INFO - Dependencies all met for dep_context=requeueable deps ti=<TaskInstance: dag_with_postgres_operator_v04.create_postgres_table scheduled__2022-02-23T00:00:00+00:00 [queued]>
[2023-09-04T06:04:41.853+0000] {taskinstance.py:1361} INFO - Starting attempt 1 of 6
[2023-09-04T06:04:41.993+0000] {taskinstance.py:1382} INFO - Executing <Task(PostgresOperator): create_postgres_table> on 2022-02-23 00:00:00+00:00
[2023-09-04T06:04:42.001+0000] {standard_task_runner.py:57} INFO - Started process 6362 to run task
[2023-09-04T06:04:42.006+0000] {standard_task_runner.py:84} INFO - Running: ['***', 'tasks', 'run', 'dag_with_postgres_operator_v04', 'create_postgres_table', 'scheduled__2022-02-23T00:00:00+00:00', '--job-id', '868', '--raw', '--subdir', 'DAGS_FOLDER/dag_with_postgres_operator.py', '--cfg-path', '/tmp/tmpk7ux95pv']
[2023-09-04T06:04:42.009+0000] {standard_task_runner.py:85} INFO - Job 868: Subtask create_postgres_table
[2023-09-04T06:04:42.113+0000] {task_command.py:415} INFO - Running <TaskInstance: dag_with_postgres_operator_v04.create_postgres_table scheduled__2022-02-23T00:00:00+00:00 [running]> on host 10bdc2e98230
[2023-09-04T06:04:42.260+0000] {taskinstance.py:1660} INFO - Exporting env vars: AIRFLOW_CTX_DAG_OWNER='mohghaff' AIRFLOW_CTX_DAG_ID='dag_with_postgres_operator_v04' AIRFLOW_CTX_TASK_ID='create_postgres_table' AIRFLOW_CTX_EXECUTION_DATE='2022-02-23T00:00:00+00:00' AIRFLOW_CTX_TRY_NUMBER='1' AIRFLOW_CTX_DAG_RUN_ID='scheduled__2022-02-23T00:00:00+00:00'
[2023-09-04T06:04:42.262+0000] {sql.py:274} INFO - Executing: 
            create table if not exists dag_runs (
                dt date,
                dag_id character varying,
                primary key (dt, dag_id)
            )
        
[2023-09-04T06:04:42.275+0000] {base.py:73} INFO - Using connection ID 'postgres_localhost' for task execution.
[2023-09-04T06:04:42.289+0000] {base.py:73} INFO - Using connection ID 'postgres_localhost' for task execution.
[2023-09-04T06:04:42.308+0000] {sql.py:418} INFO - Running statement: 
            create table if not exists dag_runs (
                dt date,
                dag_id character varying,
                primary key (dt, dag_id)
            )
        , parameters: None
[2023-09-04T06:04:42.336+0000] {taskinstance.py:1400} INFO - Marking task as SUCCESS. dag_id=dag_with_postgres_operator_v04, task_id=create_postgres_table, execution_date=20220223T000000, start_date=20230904T060441, end_date=20230904T060442
[2023-09-04T06:04:42.379+0000] {local_task_job_runner.py:228} INFO - Task exited with return code 0
[2023-09-04T06:04:42.601+0000] {taskinstance.py:2784} INFO - 0 downstream tasks scheduled from follow-on schedule check
