[2023-09-04T06:01:46.457+0000] {taskinstance.py:1159} INFO - Dependencies all met for dep_context=non-requeueable deps ti=<TaskInstance: dag_with_postgres_operator_v04.insert_into_table scheduled__2022-02-08T00:00:00+00:00 [queued]>
[2023-09-04T06:01:46.468+0000] {taskinstance.py:1159} INFO - Dependencies all met for dep_context=requeueable deps ti=<TaskInstance: dag_with_postgres_operator_v04.insert_into_table scheduled__2022-02-08T00:00:00+00:00 [queued]>
[2023-09-04T06:01:46.469+0000] {taskinstance.py:1361} INFO - Starting attempt 1 of 6
[2023-09-04T06:01:46.497+0000] {taskinstance.py:1382} INFO - Executing <Task(PostgresOperator): insert_into_table> on 2022-02-08 00:00:00+00:00
[2023-09-04T06:01:46.573+0000] {standard_task_runner.py:57} INFO - Started process 4987 to run task
[2023-09-04T06:01:46.577+0000] {standard_task_runner.py:84} INFO - Running: ['***', 'tasks', 'run', 'dag_with_postgres_operator_v04', 'insert_into_table', 'scheduled__2022-02-08T00:00:00+00:00', '--job-id', '296', '--raw', '--subdir', 'DAGS_FOLDER/dag_with_postgres_operator.py', '--cfg-path', '/tmp/tmptt_qmadx']
[2023-09-04T06:01:46.580+0000] {standard_task_runner.py:85} INFO - Job 296: Subtask insert_into_table
[2023-09-04T06:01:46.652+0000] {task_command.py:415} INFO - Running <TaskInstance: dag_with_postgres_operator_v04.insert_into_table scheduled__2022-02-08T00:00:00+00:00 [running]> on host 10bdc2e98230
[2023-09-04T06:01:46.767+0000] {taskinstance.py:1660} INFO - Exporting env vars: AIRFLOW_CTX_DAG_OWNER='coder2j' AIRFLOW_CTX_DAG_ID='dag_with_postgres_operator_v04' AIRFLOW_CTX_TASK_ID='insert_into_table' AIRFLOW_CTX_EXECUTION_DATE='2022-02-08T00:00:00+00:00' AIRFLOW_CTX_TRY_NUMBER='1' AIRFLOW_CTX_DAG_RUN_ID='scheduled__2022-02-08T00:00:00+00:00'
[2023-09-04T06:01:46.768+0000] {sql.py:274} INFO - Executing: 
            insert into dag_runs (dt, dag_id) values ('2022-02-08', 'dag_with_postgres_operator_v04')
        
[2023-09-04T06:01:46.777+0000] {base.py:73} INFO - Using connection ID 'postgres_localhost' for task execution.
[2023-09-04T06:01:46.787+0000] {base.py:73} INFO - Using connection ID 'postgres_localhost' for task execution.
[2023-09-04T06:01:46.798+0000] {sql.py:418} INFO - Running statement: 
            insert into dag_runs (dt, dag_id) values ('2022-02-08', 'dag_with_postgres_operator_v04')
        , parameters: None
[2023-09-04T06:01:46.801+0000] {sql.py:427} INFO - Rows affected: 1
[2023-09-04T06:01:46.814+0000] {taskinstance.py:1400} INFO - Marking task as SUCCESS. dag_id=dag_with_postgres_operator_v04, task_id=insert_into_table, execution_date=20220208T000000, start_date=20230904T060146, end_date=20230904T060146
[2023-09-04T06:01:46.870+0000] {local_task_job_runner.py:228} INFO - Task exited with return code 0
[2023-09-04T06:01:46.889+0000] {taskinstance.py:2784} INFO - 0 downstream tasks scheduled from follow-on schedule check
[2023-09-04T06:04:35.723+0000] {taskinstance.py:1159} INFO - Dependencies all met for dep_context=non-requeueable deps ti=<TaskInstance: dag_with_postgres_operator_v04.insert_into_table scheduled__2022-02-08T00:00:00+00:00 [queued]>
[2023-09-04T06:04:35.752+0000] {taskinstance.py:1159} INFO - Dependencies all met for dep_context=requeueable deps ti=<TaskInstance: dag_with_postgres_operator_v04.insert_into_table scheduled__2022-02-08T00:00:00+00:00 [queued]>
[2023-09-04T06:04:35.753+0000] {taskinstance.py:1361} INFO - Starting attempt 1 of 6
[2023-09-04T06:04:35.983+0000] {taskinstance.py:1382} INFO - Executing <Task(PostgresOperator): insert_into_table> on 2022-02-08 00:00:00+00:00
[2023-09-04T06:04:35.995+0000] {standard_task_runner.py:57} INFO - Started process 6310 to run task
[2023-09-04T06:04:36.012+0000] {standard_task_runner.py:84} INFO - Running: ['***', 'tasks', 'run', 'dag_with_postgres_operator_v04', 'insert_into_table', 'scheduled__2022-02-08T00:00:00+00:00', '--job-id', '846', '--raw', '--subdir', 'DAGS_FOLDER/dag_with_postgres_operator.py', '--cfg-path', '/tmp/tmphosh5dju']
[2023-09-04T06:04:36.016+0000] {standard_task_runner.py:85} INFO - Job 846: Subtask insert_into_table
[2023-09-04T06:04:36.159+0000] {task_command.py:415} INFO - Running <TaskInstance: dag_with_postgres_operator_v04.insert_into_table scheduled__2022-02-08T00:00:00+00:00 [running]> on host 10bdc2e98230
[2023-09-04T06:04:36.441+0000] {taskinstance.py:1660} INFO - Exporting env vars: AIRFLOW_CTX_DAG_OWNER='mohghaff' AIRFLOW_CTX_DAG_ID='dag_with_postgres_operator_v04' AIRFLOW_CTX_TASK_ID='insert_into_table' AIRFLOW_CTX_EXECUTION_DATE='2022-02-08T00:00:00+00:00' AIRFLOW_CTX_TRY_NUMBER='1' AIRFLOW_CTX_DAG_RUN_ID='scheduled__2022-02-08T00:00:00+00:00'
[2023-09-04T06:04:36.445+0000] {sql.py:274} INFO - Executing: 
            insert into dag_runs (dt, dag_id) values ('2022-02-08', 'dag_with_postgres_operator_v04')
        
[2023-09-04T06:04:36.469+0000] {base.py:73} INFO - Using connection ID 'postgres_localhost' for task execution.
[2023-09-04T06:04:36.494+0000] {base.py:73} INFO - Using connection ID 'postgres_localhost' for task execution.
[2023-09-04T06:04:36.527+0000] {sql.py:418} INFO - Running statement: 
            insert into dag_runs (dt, dag_id) values ('2022-02-08', 'dag_with_postgres_operator_v04')
        , parameters: None
[2023-09-04T06:04:36.540+0000] {sql.py:427} INFO - Rows affected: 1
[2023-09-04T06:04:36.581+0000] {taskinstance.py:1400} INFO - Marking task as SUCCESS. dag_id=dag_with_postgres_operator_v04, task_id=insert_into_table, execution_date=20220208T000000, start_date=20230904T060435, end_date=20230904T060436
[2023-09-04T06:04:36.673+0000] {local_task_job_runner.py:228} INFO - Task exited with return code 0
[2023-09-04T06:04:37.005+0000] {taskinstance.py:2784} INFO - 0 downstream tasks scheduled from follow-on schedule check
