[2023-09-04T06:01:11.483+0000] {taskinstance.py:1159} INFO - Dependencies all met for dep_context=non-requeueable deps ti=<TaskInstance: dag_with_postgres_operator_v04.delete_data_from_table scheduled__2022-01-02T00:00:00+00:00 [queued]>
[2023-09-04T06:01:11.500+0000] {taskinstance.py:1159} INFO - Dependencies all met for dep_context=requeueable deps ti=<TaskInstance: dag_with_postgres_operator_v04.delete_data_from_table scheduled__2022-01-02T00:00:00+00:00 [queued]>
[2023-09-04T06:01:11.501+0000] {taskinstance.py:1361} INFO - Starting attempt 1 of 6
[2023-09-04T06:01:11.527+0000] {taskinstance.py:1382} INFO - Executing <Task(PostgresOperator): delete_data_from_table> on 2022-01-02 00:00:00+00:00
[2023-09-04T06:01:11.541+0000] {standard_task_runner.py:57} INFO - Started process 4684 to run task
[2023-09-04T06:01:11.546+0000] {standard_task_runner.py:84} INFO - Running: ['***', 'tasks', 'run', 'dag_with_postgres_operator_v04', 'delete_data_from_table', 'scheduled__2022-01-02T00:00:00+00:00', '--job-id', '164', '--raw', '--subdir', 'DAGS_FOLDER/dag_with_postgres_operator.py', '--cfg-path', '/tmp/tmppcqa7cks']
[2023-09-04T06:01:11.550+0000] {standard_task_runner.py:85} INFO - Job 164: Subtask delete_data_from_table
[2023-09-04T06:01:11.661+0000] {task_command.py:415} INFO - Running <TaskInstance: dag_with_postgres_operator_v04.delete_data_from_table scheduled__2022-01-02T00:00:00+00:00 [running]> on host 10bdc2e98230
[2023-09-04T06:01:11.831+0000] {taskinstance.py:1660} INFO - Exporting env vars: AIRFLOW_CTX_DAG_OWNER='coder2j' AIRFLOW_CTX_DAG_ID='dag_with_postgres_operator_v04' AIRFLOW_CTX_TASK_ID='delete_data_from_table' AIRFLOW_CTX_EXECUTION_DATE='2022-01-02T00:00:00+00:00' AIRFLOW_CTX_TRY_NUMBER='1' AIRFLOW_CTX_DAG_RUN_ID='scheduled__2022-01-02T00:00:00+00:00'
[2023-09-04T06:01:11.833+0000] {sql.py:274} INFO - Executing: 
            delete from dag_runs where dt = '2022-01-02' and dag_id = 'dag_with_postgres_operator_v04';
        
[2023-09-04T06:01:11.851+0000] {base.py:73} INFO - Using connection ID 'postgres_localhost' for task execution.
[2023-09-04T06:01:11.872+0000] {base.py:73} INFO - Using connection ID 'postgres_localhost' for task execution.
[2023-09-04T06:01:11.895+0000] {sql.py:418} INFO - Running statement: 
            delete from dag_runs where dt = '2022-01-02' and dag_id = 'dag_with_postgres_operator_v04';
        , parameters: None
[2023-09-04T06:01:11.905+0000] {sql.py:427} INFO - Rows affected: 0
[2023-09-04T06:01:11.933+0000] {taskinstance.py:1400} INFO - Marking task as SUCCESS. dag_id=dag_with_postgres_operator_v04, task_id=delete_data_from_table, execution_date=20220102T000000, start_date=20230904T060111, end_date=20230904T060111
[2023-09-04T06:01:12.005+0000] {local_task_job_runner.py:228} INFO - Task exited with return code 0
[2023-09-04T06:01:12.168+0000] {taskinstance.py:2784} INFO - 0 downstream tasks scheduled from follow-on schedule check
[2023-09-04T06:04:02.006+0000] {taskinstance.py:1159} INFO - Dependencies all met for dep_context=non-requeueable deps ti=<TaskInstance: dag_with_postgres_operator_v04.delete_data_from_table scheduled__2022-01-02T00:00:00+00:00 [queued]>
[2023-09-04T06:04:02.031+0000] {taskinstance.py:1159} INFO - Dependencies all met for dep_context=requeueable deps ti=<TaskInstance: dag_with_postgres_operator_v04.delete_data_from_table scheduled__2022-01-02T00:00:00+00:00 [queued]>
[2023-09-04T06:04:02.032+0000] {taskinstance.py:1361} INFO - Starting attempt 1 of 6
[2023-09-04T06:04:02.061+0000] {taskinstance.py:1382} INFO - Executing <Task(PostgresOperator): delete_data_from_table> on 2022-01-02 00:00:00+00:00
[2023-09-04T06:04:02.070+0000] {standard_task_runner.py:57} INFO - Started process 6001 to run task
[2023-09-04T06:04:02.075+0000] {standard_task_runner.py:84} INFO - Running: ['***', 'tasks', 'run', 'dag_with_postgres_operator_v04', 'delete_data_from_table', 'scheduled__2022-01-02T00:00:00+00:00', '--job-id', '713', '--raw', '--subdir', 'DAGS_FOLDER/dag_with_postgres_operator.py', '--cfg-path', '/tmp/tmpsw5oxk7b']
[2023-09-04T06:04:02.081+0000] {standard_task_runner.py:85} INFO - Job 713: Subtask delete_data_from_table
[2023-09-04T06:04:02.169+0000] {task_command.py:415} INFO - Running <TaskInstance: dag_with_postgres_operator_v04.delete_data_from_table scheduled__2022-01-02T00:00:00+00:00 [running]> on host 10bdc2e98230
[2023-09-04T06:04:02.291+0000] {taskinstance.py:1660} INFO - Exporting env vars: AIRFLOW_CTX_DAG_OWNER='mohghaff' AIRFLOW_CTX_DAG_ID='dag_with_postgres_operator_v04' AIRFLOW_CTX_TASK_ID='delete_data_from_table' AIRFLOW_CTX_EXECUTION_DATE='2022-01-02T00:00:00+00:00' AIRFLOW_CTX_TRY_NUMBER='1' AIRFLOW_CTX_DAG_RUN_ID='scheduled__2022-01-02T00:00:00+00:00'
[2023-09-04T06:04:02.293+0000] {sql.py:274} INFO - Executing: 
            delete from dag_runs where dt = '2022-01-02' and dag_id = 'dag_with_postgres_operator_v04';
        
[2023-09-04T06:04:02.311+0000] {base.py:73} INFO - Using connection ID 'postgres_localhost' for task execution.
[2023-09-04T06:04:02.332+0000] {base.py:73} INFO - Using connection ID 'postgres_localhost' for task execution.
[2023-09-04T06:04:02.356+0000] {sql.py:418} INFO - Running statement: 
            delete from dag_runs where dt = '2022-01-02' and dag_id = 'dag_with_postgres_operator_v04';
        , parameters: None
[2023-09-04T06:04:02.365+0000] {sql.py:427} INFO - Rows affected: 1
[2023-09-04T06:04:02.390+0000] {taskinstance.py:1400} INFO - Marking task as SUCCESS. dag_id=dag_with_postgres_operator_v04, task_id=delete_data_from_table, execution_date=20220102T000000, start_date=20230904T060402, end_date=20230904T060402
[2023-09-04T06:04:02.448+0000] {local_task_job_runner.py:228} INFO - Task exited with return code 0
[2023-09-04T06:04:02.508+0000] {taskinstance.py:2784} INFO - 0 downstream tasks scheduled from follow-on schedule check
