[2023-09-04T06:03:00.456+0000] {taskinstance.py:1159} INFO - Dependencies all met for dep_context=non-requeueable deps ti=<TaskInstance: dag_with_postgres_operator_v04.insert_into_table scheduled__2022-05-09T00:00:00+00:00 [queued]>
[2023-09-04T06:03:00.464+0000] {taskinstance.py:1159} INFO - Dependencies all met for dep_context=requeueable deps ti=<TaskInstance: dag_with_postgres_operator_v04.insert_into_table scheduled__2022-05-09T00:00:00+00:00 [queued]>
[2023-09-04T06:03:00.464+0000] {taskinstance.py:1361} INFO - Starting attempt 1 of 6
[2023-09-04T06:03:00.477+0000] {taskinstance.py:1382} INFO - Executing <Task(PostgresOperator): insert_into_table> on 2022-05-09 00:00:00+00:00
[2023-09-04T06:03:00.482+0000] {standard_task_runner.py:57} INFO - Started process 5624 to run task
[2023-09-04T06:03:00.486+0000] {standard_task_runner.py:84} INFO - Running: ['***', 'tasks', 'run', 'dag_with_postgres_operator_v04', 'insert_into_table', 'scheduled__2022-05-09T00:00:00+00:00', '--job-id', '561', '--raw', '--subdir', 'DAGS_FOLDER/dag_with_postgres_operator.py', '--cfg-path', '/tmp/tmpdu41vmuj']
[2023-09-04T06:03:00.488+0000] {standard_task_runner.py:85} INFO - Job 561: Subtask insert_into_table
[2023-09-04T06:03:00.534+0000] {task_command.py:415} INFO - Running <TaskInstance: dag_with_postgres_operator_v04.insert_into_table scheduled__2022-05-09T00:00:00+00:00 [running]> on host 10bdc2e98230
[2023-09-04T06:03:00.616+0000] {taskinstance.py:1660} INFO - Exporting env vars: AIRFLOW_CTX_DAG_OWNER='coder2j' AIRFLOW_CTX_DAG_ID='dag_with_postgres_operator_v04' AIRFLOW_CTX_TASK_ID='insert_into_table' AIRFLOW_CTX_EXECUTION_DATE='2022-05-09T00:00:00+00:00' AIRFLOW_CTX_TRY_NUMBER='1' AIRFLOW_CTX_DAG_RUN_ID='scheduled__2022-05-09T00:00:00+00:00'
[2023-09-04T06:03:00.617+0000] {sql.py:274} INFO - Executing: 
            insert into dag_runs (dt, dag_id) values ('2022-05-09', 'dag_with_postgres_operator_v04')
        
[2023-09-04T06:03:00.626+0000] {base.py:73} INFO - Using connection ID 'postgres_localhost' for task execution.
[2023-09-04T06:03:00.632+0000] {base.py:73} INFO - Using connection ID 'postgres_localhost' for task execution.
[2023-09-04T06:03:00.640+0000] {sql.py:418} INFO - Running statement: 
            insert into dag_runs (dt, dag_id) values ('2022-05-09', 'dag_with_postgres_operator_v04')
        , parameters: None
[2023-09-04T06:03:00.643+0000] {sql.py:427} INFO - Rows affected: 1
[2023-09-04T06:03:00.654+0000] {taskinstance.py:1400} INFO - Marking task as SUCCESS. dag_id=dag_with_postgres_operator_v04, task_id=insert_into_table, execution_date=20220509T000000, start_date=20230904T060300, end_date=20230904T060300
[2023-09-04T06:03:00.698+0000] {local_task_job_runner.py:228} INFO - Task exited with return code 0
[2023-09-04T06:03:00.712+0000] {taskinstance.py:2784} INFO - 0 downstream tasks scheduled from follow-on schedule check
[2023-09-04T06:05:45.999+0000] {taskinstance.py:1159} INFO - Dependencies all met for dep_context=non-requeueable deps ti=<TaskInstance: dag_with_postgres_operator_v04.insert_into_table scheduled__2022-05-09T00:00:00+00:00 [queued]>
[2023-09-04T06:05:46.014+0000] {taskinstance.py:1159} INFO - Dependencies all met for dep_context=requeueable deps ti=<TaskInstance: dag_with_postgres_operator_v04.insert_into_table scheduled__2022-05-09T00:00:00+00:00 [queued]>
[2023-09-04T06:05:46.015+0000] {taskinstance.py:1361} INFO - Starting attempt 1 of 6
[2023-09-04T06:05:46.039+0000] {taskinstance.py:1382} INFO - Executing <Task(PostgresOperator): insert_into_table> on 2022-05-09 00:00:00+00:00
[2023-09-04T06:05:46.048+0000] {standard_task_runner.py:57} INFO - Started process 6906 to run task
[2023-09-04T06:05:46.051+0000] {standard_task_runner.py:84} INFO - Running: ['***', 'tasks', 'run', 'dag_with_postgres_operator_v04', 'insert_into_table', 'scheduled__2022-05-09T00:00:00+00:00', '--job-id', '1104', '--raw', '--subdir', 'DAGS_FOLDER/dag_with_postgres_operator.py', '--cfg-path', '/tmp/tmp5u8gzkdz']
[2023-09-04T06:05:46.054+0000] {standard_task_runner.py:85} INFO - Job 1104: Subtask insert_into_table
[2023-09-04T06:05:46.146+0000] {task_command.py:415} INFO - Running <TaskInstance: dag_with_postgres_operator_v04.insert_into_table scheduled__2022-05-09T00:00:00+00:00 [running]> on host 10bdc2e98230
[2023-09-04T06:05:46.289+0000] {taskinstance.py:1660} INFO - Exporting env vars: AIRFLOW_CTX_DAG_OWNER='mohghaff' AIRFLOW_CTX_DAG_ID='dag_with_postgres_operator_v04' AIRFLOW_CTX_TASK_ID='insert_into_table' AIRFLOW_CTX_EXECUTION_DATE='2022-05-09T00:00:00+00:00' AIRFLOW_CTX_TRY_NUMBER='1' AIRFLOW_CTX_DAG_RUN_ID='scheduled__2022-05-09T00:00:00+00:00'
[2023-09-04T06:05:46.290+0000] {sql.py:274} INFO - Executing: 
            insert into dag_runs (dt, dag_id) values ('2022-05-09', 'dag_with_postgres_operator_v04')
        
[2023-09-04T06:05:46.300+0000] {base.py:73} INFO - Using connection ID 'postgres_localhost' for task execution.
[2023-09-04T06:05:46.310+0000] {base.py:73} INFO - Using connection ID 'postgres_localhost' for task execution.
[2023-09-04T06:05:46.326+0000] {sql.py:418} INFO - Running statement: 
            insert into dag_runs (dt, dag_id) values ('2022-05-09', 'dag_with_postgres_operator_v04')
        , parameters: None
[2023-09-04T06:05:46.331+0000] {sql.py:427} INFO - Rows affected: 1
[2023-09-04T06:05:46.348+0000] {taskinstance.py:1400} INFO - Marking task as SUCCESS. dag_id=dag_with_postgres_operator_v04, task_id=insert_into_table, execution_date=20220509T000000, start_date=20230904T060546, end_date=20230904T060546
[2023-09-04T06:05:46.385+0000] {local_task_job_runner.py:228} INFO - Task exited with return code 0
[2023-09-04T06:05:46.405+0000] {taskinstance.py:2784} INFO - 0 downstream tasks scheduled from follow-on schedule check
