[2023-09-04T06:01:11.478+0000] {taskinstance.py:1159} INFO - Dependencies all met for dep_context=non-requeueable deps ti=<TaskInstance: dag_with_postgres_operator_v04.insert_into_table scheduled__2021-12-26T00:00:00+00:00 [queued]>
[2023-09-04T06:01:11.496+0000] {taskinstance.py:1159} INFO - Dependencies all met for dep_context=requeueable deps ti=<TaskInstance: dag_with_postgres_operator_v04.insert_into_table scheduled__2021-12-26T00:00:00+00:00 [queued]>
[2023-09-04T06:01:11.497+0000] {taskinstance.py:1361} INFO - Starting attempt 1 of 6
[2023-09-04T06:01:11.521+0000] {taskinstance.py:1382} INFO - Executing <Task(PostgresOperator): insert_into_table> on 2021-12-26 00:00:00+00:00
[2023-09-04T06:01:11.531+0000] {standard_task_runner.py:57} INFO - Started process 4677 to run task
[2023-09-04T06:01:11.538+0000] {standard_task_runner.py:84} INFO - Running: ['***', 'tasks', 'run', 'dag_with_postgres_operator_v04', 'insert_into_table', 'scheduled__2021-12-26T00:00:00+00:00', '--job-id', '160', '--raw', '--subdir', 'DAGS_FOLDER/dag_with_postgres_operator.py', '--cfg-path', '/tmp/tmpyqqxvm_o']
[2023-09-04T06:01:11.543+0000] {standard_task_runner.py:85} INFO - Job 160: Subtask insert_into_table
[2023-09-04T06:01:11.656+0000] {task_command.py:415} INFO - Running <TaskInstance: dag_with_postgres_operator_v04.insert_into_table scheduled__2021-12-26T00:00:00+00:00 [running]> on host 10bdc2e98230
[2023-09-04T06:01:11.826+0000] {taskinstance.py:1660} INFO - Exporting env vars: AIRFLOW_CTX_DAG_OWNER='coder2j' AIRFLOW_CTX_DAG_ID='dag_with_postgres_operator_v04' AIRFLOW_CTX_TASK_ID='insert_into_table' AIRFLOW_CTX_EXECUTION_DATE='2021-12-26T00:00:00+00:00' AIRFLOW_CTX_TRY_NUMBER='1' AIRFLOW_CTX_DAG_RUN_ID='scheduled__2021-12-26T00:00:00+00:00'
[2023-09-04T06:01:11.829+0000] {sql.py:274} INFO - Executing: 
            insert into dag_runs (dt, dag_id) values ('2021-12-26', 'dag_with_postgres_operator_v04')
        
[2023-09-04T06:01:11.851+0000] {base.py:73} INFO - Using connection ID 'postgres_localhost' for task execution.
[2023-09-04T06:01:11.870+0000] {base.py:73} INFO - Using connection ID 'postgres_localhost' for task execution.
[2023-09-04T06:01:11.899+0000] {sql.py:418} INFO - Running statement: 
            insert into dag_runs (dt, dag_id) values ('2021-12-26', 'dag_with_postgres_operator_v04')
        , parameters: None
[2023-09-04T06:01:11.909+0000] {sql.py:427} INFO - Rows affected: 1
[2023-09-04T06:01:11.938+0000] {taskinstance.py:1400} INFO - Marking task as SUCCESS. dag_id=dag_with_postgres_operator_v04, task_id=insert_into_table, execution_date=20211226T000000, start_date=20230904T060111, end_date=20230904T060111
[2023-09-04T06:01:11.999+0000] {local_task_job_runner.py:228} INFO - Task exited with return code 0
[2023-09-04T06:01:12.155+0000] {taskinstance.py:2784} INFO - 0 downstream tasks scheduled from follow-on schedule check
[2023-09-04T06:04:01.641+0000] {taskinstance.py:1159} INFO - Dependencies all met for dep_context=non-requeueable deps ti=<TaskInstance: dag_with_postgres_operator_v04.insert_into_table scheduled__2021-12-26T00:00:00+00:00 [queued]>
[2023-09-04T06:04:01.667+0000] {taskinstance.py:1159} INFO - Dependencies all met for dep_context=requeueable deps ti=<TaskInstance: dag_with_postgres_operator_v04.insert_into_table scheduled__2021-12-26T00:00:00+00:00 [queued]>
[2023-09-04T06:04:01.668+0000] {taskinstance.py:1361} INFO - Starting attempt 1 of 6
[2023-09-04T06:04:01.702+0000] {taskinstance.py:1382} INFO - Executing <Task(PostgresOperator): insert_into_table> on 2021-12-26 00:00:00+00:00
[2023-09-04T06:04:01.712+0000] {standard_task_runner.py:57} INFO - Started process 5999 to run task
[2023-09-04T06:04:01.718+0000] {standard_task_runner.py:84} INFO - Running: ['***', 'tasks', 'run', 'dag_with_postgres_operator_v04', 'insert_into_table', 'scheduled__2021-12-26T00:00:00+00:00', '--job-id', '711', '--raw', '--subdir', 'DAGS_FOLDER/dag_with_postgres_operator.py', '--cfg-path', '/tmp/tmpq6dozxcg']
[2023-09-04T06:04:01.722+0000] {standard_task_runner.py:85} INFO - Job 711: Subtask insert_into_table
[2023-09-04T06:04:01.820+0000] {task_command.py:415} INFO - Running <TaskInstance: dag_with_postgres_operator_v04.insert_into_table scheduled__2021-12-26T00:00:00+00:00 [running]> on host 10bdc2e98230
[2023-09-04T06:04:01.969+0000] {taskinstance.py:1660} INFO - Exporting env vars: AIRFLOW_CTX_DAG_OWNER='mohghaff' AIRFLOW_CTX_DAG_ID='dag_with_postgres_operator_v04' AIRFLOW_CTX_TASK_ID='insert_into_table' AIRFLOW_CTX_EXECUTION_DATE='2021-12-26T00:00:00+00:00' AIRFLOW_CTX_TRY_NUMBER='1' AIRFLOW_CTX_DAG_RUN_ID='scheduled__2021-12-26T00:00:00+00:00'
[2023-09-04T06:04:01.971+0000] {sql.py:274} INFO - Executing: 
            insert into dag_runs (dt, dag_id) values ('2021-12-26', 'dag_with_postgres_operator_v04')
        
[2023-09-04T06:04:01.986+0000] {base.py:73} INFO - Using connection ID 'postgres_localhost' for task execution.
[2023-09-04T06:04:01.999+0000] {base.py:73} INFO - Using connection ID 'postgres_localhost' for task execution.
[2023-09-04T06:04:02.021+0000] {sql.py:418} INFO - Running statement: 
            insert into dag_runs (dt, dag_id) values ('2021-12-26', 'dag_with_postgres_operator_v04')
        , parameters: None
[2023-09-04T06:04:02.028+0000] {sql.py:427} INFO - Rows affected: 1
[2023-09-04T06:04:02.052+0000] {taskinstance.py:1400} INFO - Marking task as SUCCESS. dag_id=dag_with_postgres_operator_v04, task_id=insert_into_table, execution_date=20211226T000000, start_date=20230904T060401, end_date=20230904T060402
[2023-09-04T06:04:02.091+0000] {local_task_job_runner.py:228} INFO - Task exited with return code 0
[2023-09-04T06:04:02.285+0000] {taskinstance.py:2784} INFO - 0 downstream tasks scheduled from follow-on schedule check
