[2023-09-04T06:02:15.487+0000] {taskinstance.py:1159} INFO - Dependencies all met for dep_context=non-requeueable deps ti=<TaskInstance: dag_with_postgres_operator_v04.insert_into_table scheduled__2022-03-16T00:00:00+00:00 [queued]>
[2023-09-04T06:02:15.499+0000] {taskinstance.py:1159} INFO - Dependencies all met for dep_context=requeueable deps ti=<TaskInstance: dag_with_postgres_operator_v04.insert_into_table scheduled__2022-03-16T00:00:00+00:00 [queued]>
[2023-09-04T06:02:15.500+0000] {taskinstance.py:1361} INFO - Starting attempt 1 of 6
[2023-09-04T06:02:15.516+0000] {taskinstance.py:1382} INFO - Executing <Task(PostgresOperator): insert_into_table> on 2022-03-16 00:00:00+00:00
[2023-09-04T06:02:15.525+0000] {standard_task_runner.py:57} INFO - Started process 5221 to run task
[2023-09-04T06:02:15.529+0000] {standard_task_runner.py:84} INFO - Running: ['***', 'tasks', 'run', 'dag_with_postgres_operator_v04', 'insert_into_table', 'scheduled__2022-03-16T00:00:00+00:00', '--job-id', '394', '--raw', '--subdir', 'DAGS_FOLDER/dag_with_postgres_operator.py', '--cfg-path', '/tmp/tmpyn40mu48']
[2023-09-04T06:02:15.532+0000] {standard_task_runner.py:85} INFO - Job 394: Subtask insert_into_table
[2023-09-04T06:02:15.592+0000] {task_command.py:415} INFO - Running <TaskInstance: dag_with_postgres_operator_v04.insert_into_table scheduled__2022-03-16T00:00:00+00:00 [running]> on host 10bdc2e98230
[2023-09-04T06:02:15.709+0000] {taskinstance.py:1660} INFO - Exporting env vars: AIRFLOW_CTX_DAG_OWNER='coder2j' AIRFLOW_CTX_DAG_ID='dag_with_postgres_operator_v04' AIRFLOW_CTX_TASK_ID='insert_into_table' AIRFLOW_CTX_EXECUTION_DATE='2022-03-16T00:00:00+00:00' AIRFLOW_CTX_TRY_NUMBER='1' AIRFLOW_CTX_DAG_RUN_ID='scheduled__2022-03-16T00:00:00+00:00'
[2023-09-04T06:02:15.711+0000] {sql.py:274} INFO - Executing: 
            insert into dag_runs (dt, dag_id) values ('2022-03-16', 'dag_with_postgres_operator_v04')
        
[2023-09-04T06:02:15.723+0000] {base.py:73} INFO - Using connection ID 'postgres_localhost' for task execution.
[2023-09-04T06:02:15.734+0000] {base.py:73} INFO - Using connection ID 'postgres_localhost' for task execution.
[2023-09-04T06:02:15.747+0000] {sql.py:418} INFO - Running statement: 
            insert into dag_runs (dt, dag_id) values ('2022-03-16', 'dag_with_postgres_operator_v04')
        , parameters: None
[2023-09-04T06:02:15.751+0000] {sql.py:427} INFO - Rows affected: 1
[2023-09-04T06:02:15.768+0000] {taskinstance.py:1400} INFO - Marking task as SUCCESS. dag_id=dag_with_postgres_operator_v04, task_id=insert_into_table, execution_date=20220316T000000, start_date=20230904T060215, end_date=20230904T060215
[2023-09-04T06:02:15.822+0000] {local_task_job_runner.py:228} INFO - Task exited with return code 0
[2023-09-04T06:02:15.841+0000] {taskinstance.py:2784} INFO - 0 downstream tasks scheduled from follow-on schedule check
[2023-09-04T06:05:02.006+0000] {taskinstance.py:1159} INFO - Dependencies all met for dep_context=non-requeueable deps ti=<TaskInstance: dag_with_postgres_operator_v04.insert_into_table scheduled__2022-03-16T00:00:00+00:00 [queued]>
[2023-09-04T06:05:02.030+0000] {taskinstance.py:1159} INFO - Dependencies all met for dep_context=requeueable deps ti=<TaskInstance: dag_with_postgres_operator_v04.insert_into_table scheduled__2022-03-16T00:00:00+00:00 [queued]>
[2023-09-04T06:05:02.031+0000] {taskinstance.py:1361} INFO - Starting attempt 1 of 6
[2023-09-04T06:05:02.067+0000] {taskinstance.py:1382} INFO - Executing <Task(PostgresOperator): insert_into_table> on 2022-03-16 00:00:00+00:00
[2023-09-04T06:05:02.078+0000] {standard_task_runner.py:57} INFO - Started process 6554 to run task
[2023-09-04T06:05:02.085+0000] {standard_task_runner.py:84} INFO - Running: ['***', 'tasks', 'run', 'dag_with_postgres_operator_v04', 'insert_into_table', 'scheduled__2022-03-16T00:00:00+00:00', '--job-id', '951', '--raw', '--subdir', 'DAGS_FOLDER/dag_with_postgres_operator.py', '--cfg-path', '/tmp/tmpa6h42oof']
[2023-09-04T06:05:02.090+0000] {standard_task_runner.py:85} INFO - Job 951: Subtask insert_into_table
[2023-09-04T06:05:02.207+0000] {task_command.py:415} INFO - Running <TaskInstance: dag_with_postgres_operator_v04.insert_into_table scheduled__2022-03-16T00:00:00+00:00 [running]> on host 10bdc2e98230
[2023-09-04T06:05:02.385+0000] {taskinstance.py:1660} INFO - Exporting env vars: AIRFLOW_CTX_DAG_OWNER='mohghaff' AIRFLOW_CTX_DAG_ID='dag_with_postgres_operator_v04' AIRFLOW_CTX_TASK_ID='insert_into_table' AIRFLOW_CTX_EXECUTION_DATE='2022-03-16T00:00:00+00:00' AIRFLOW_CTX_TRY_NUMBER='1' AIRFLOW_CTX_DAG_RUN_ID='scheduled__2022-03-16T00:00:00+00:00'
[2023-09-04T06:05:02.387+0000] {sql.py:274} INFO - Executing: 
            insert into dag_runs (dt, dag_id) values ('2022-03-16', 'dag_with_postgres_operator_v04')
        
[2023-09-04T06:05:02.403+0000] {base.py:73} INFO - Using connection ID 'postgres_localhost' for task execution.
[2023-09-04T06:05:02.418+0000] {base.py:73} INFO - Using connection ID 'postgres_localhost' for task execution.
[2023-09-04T06:05:02.438+0000] {sql.py:418} INFO - Running statement: 
            insert into dag_runs (dt, dag_id) values ('2022-03-16', 'dag_with_postgres_operator_v04')
        , parameters: None
[2023-09-04T06:05:02.445+0000] {sql.py:427} INFO - Rows affected: 1
[2023-09-04T06:05:02.467+0000] {taskinstance.py:1400} INFO - Marking task as SUCCESS. dag_id=dag_with_postgres_operator_v04, task_id=insert_into_table, execution_date=20220316T000000, start_date=20230904T060502, end_date=20230904T060502
[2023-09-04T06:05:02.579+0000] {local_task_job_runner.py:228} INFO - Task exited with return code 0
[2023-09-04T06:05:02.608+0000] {taskinstance.py:2784} INFO - 0 downstream tasks scheduled from follow-on schedule check
