[2023-09-04T06:10:24.415+0000] {taskinstance.py:1159} INFO - Dependencies all met for dep_context=non-requeueable deps ti=<TaskInstance: dag_with_postgres_operator_v04.delete_data_from_table scheduled__2023-05-11T00:00:00+00:00 [queued]>
[2023-09-04T06:10:24.432+0000] {taskinstance.py:1159} INFO - Dependencies all met for dep_context=requeueable deps ti=<TaskInstance: dag_with_postgres_operator_v04.delete_data_from_table scheduled__2023-05-11T00:00:00+00:00 [queued]>
[2023-09-04T06:10:24.433+0000] {taskinstance.py:1361} INFO - Starting attempt 1 of 6
[2023-09-04T06:10:24.462+0000] {taskinstance.py:1382} INFO - Executing <Task(PostgresOperator): delete_data_from_table> on 2023-05-11 00:00:00+00:00
[2023-09-04T06:10:24.472+0000] {standard_task_runner.py:57} INFO - Started process 9434 to run task
[2023-09-04T06:10:24.491+0000] {standard_task_runner.py:84} INFO - Running: ['***', 'tasks', 'run', 'dag_with_postgres_operator_v04', 'delete_data_from_table', 'scheduled__2023-05-11T00:00:00+00:00', '--job-id', '2198', '--raw', '--subdir', 'DAGS_FOLDER/dag_with_postgres_operator.py', '--cfg-path', '/tmp/tmpruw21low']
[2023-09-04T06:10:24.494+0000] {standard_task_runner.py:85} INFO - Job 2198: Subtask delete_data_from_table
[2023-09-04T06:10:24.691+0000] {task_command.py:415} INFO - Running <TaskInstance: dag_with_postgres_operator_v04.delete_data_from_table scheduled__2023-05-11T00:00:00+00:00 [running]> on host 10bdc2e98230
[2023-09-04T06:10:24.947+0000] {taskinstance.py:1660} INFO - Exporting env vars: AIRFLOW_CTX_DAG_OWNER='mohghaff' AIRFLOW_CTX_DAG_ID='dag_with_postgres_operator_v04' AIRFLOW_CTX_TASK_ID='delete_data_from_table' AIRFLOW_CTX_EXECUTION_DATE='2023-05-11T00:00:00+00:00' AIRFLOW_CTX_TRY_NUMBER='1' AIRFLOW_CTX_DAG_RUN_ID='scheduled__2023-05-11T00:00:00+00:00'
[2023-09-04T06:10:24.949+0000] {sql.py:274} INFO - Executing: 
            delete from dag_runs where dt = '2023-05-11' and dag_id = 'dag_with_postgres_operator_v04';
        
[2023-09-04T06:10:24.971+0000] {base.py:73} INFO - Using connection ID 'postgres_localhost' for task execution.
[2023-09-04T06:10:24.985+0000] {base.py:73} INFO - Using connection ID 'postgres_localhost' for task execution.
[2023-09-04T06:10:25.013+0000] {sql.py:418} INFO - Running statement: 
            delete from dag_runs where dt = '2023-05-11' and dag_id = 'dag_with_postgres_operator_v04';
        , parameters: None
[2023-09-04T06:10:25.024+0000] {sql.py:427} INFO - Rows affected: 0
[2023-09-04T06:10:25.065+0000] {taskinstance.py:1400} INFO - Marking task as SUCCESS. dag_id=dag_with_postgres_operator_v04, task_id=delete_data_from_table, execution_date=20230511T000000, start_date=20230904T061024, end_date=20230904T061025
[2023-09-04T06:10:25.219+0000] {local_task_job_runner.py:228} INFO - Task exited with return code 0
[2023-09-04T06:10:25.283+0000] {taskinstance.py:2784} INFO - 1 downstream tasks scheduled from follow-on schedule check
