[2023-09-04T06:07:46.527+0000] {taskinstance.py:1159} INFO - Dependencies all met for dep_context=non-requeueable deps ti=<TaskInstance: dag_with_postgres_operator_v04.create_postgres_table scheduled__2022-10-09T00:00:00+00:00 [queued]>
[2023-09-04T06:07:46.539+0000] {taskinstance.py:1159} INFO - Dependencies all met for dep_context=requeueable deps ti=<TaskInstance: dag_with_postgres_operator_v04.create_postgres_table scheduled__2022-10-09T00:00:00+00:00 [queued]>
[2023-09-04T06:07:46.540+0000] {taskinstance.py:1361} INFO - Starting attempt 1 of 6
[2023-09-04T06:07:46.563+0000] {taskinstance.py:1382} INFO - Executing <Task(PostgresOperator): create_postgres_table> on 2022-10-09 00:00:00+00:00
[2023-09-04T06:07:46.570+0000] {standard_task_runner.py:57} INFO - Started process 7945 to run task
[2023-09-04T06:07:46.574+0000] {standard_task_runner.py:84} INFO - Running: ['***', 'tasks', 'run', 'dag_with_postgres_operator_v04', 'create_postgres_table', 'scheduled__2022-10-09T00:00:00+00:00', '--job-id', '1548', '--raw', '--subdir', 'DAGS_FOLDER/dag_with_postgres_operator.py', '--cfg-path', '/tmp/tmp3wdrcfk1']
[2023-09-04T06:07:46.577+0000] {standard_task_runner.py:85} INFO - Job 1548: Subtask create_postgres_table
[2023-09-04T06:07:46.700+0000] {task_command.py:415} INFO - Running <TaskInstance: dag_with_postgres_operator_v04.create_postgres_table scheduled__2022-10-09T00:00:00+00:00 [running]> on host 10bdc2e98230
[2023-09-04T06:07:46.860+0000] {taskinstance.py:1660} INFO - Exporting env vars: AIRFLOW_CTX_DAG_OWNER='mohghaff' AIRFLOW_CTX_DAG_ID='dag_with_postgres_operator_v04' AIRFLOW_CTX_TASK_ID='create_postgres_table' AIRFLOW_CTX_EXECUTION_DATE='2022-10-09T00:00:00+00:00' AIRFLOW_CTX_TRY_NUMBER='1' AIRFLOW_CTX_DAG_RUN_ID='scheduled__2022-10-09T00:00:00+00:00'
[2023-09-04T06:07:46.862+0000] {sql.py:274} INFO - Executing: 
            create table if not exists dag_runs (
                dt date,
                dag_id character varying,
                primary key (dt, dag_id)
            )
        
[2023-09-04T06:07:46.877+0000] {base.py:73} INFO - Using connection ID 'postgres_localhost' for task execution.
[2023-09-04T06:07:46.892+0000] {base.py:73} INFO - Using connection ID 'postgres_localhost' for task execution.
[2023-09-04T06:07:46.909+0000] {sql.py:418} INFO - Running statement: 
            create table if not exists dag_runs (
                dt date,
                dag_id character varying,
                primary key (dt, dag_id)
            )
        , parameters: None
[2023-09-04T06:07:46.931+0000] {taskinstance.py:1400} INFO - Marking task as SUCCESS. dag_id=dag_with_postgres_operator_v04, task_id=create_postgres_table, execution_date=20221009T000000, start_date=20230904T060746, end_date=20230904T060746
[2023-09-04T06:07:47.187+0000] {local_task_job_runner.py:228} INFO - Task exited with return code 0
[2023-09-04T06:07:47.237+0000] {taskinstance.py:2784} INFO - 1 downstream tasks scheduled from follow-on schedule check
