[2023-09-04T06:03:04.649+0000] {taskinstance.py:1159} INFO - Dependencies all met for dep_context=non-requeueable deps ti=<TaskInstance: dag_with_postgres_operator_v04.delete_data_from_table scheduled__2022-05-15T00:00:00+00:00 [queued]>
[2023-09-04T06:03:04.675+0000] {taskinstance.py:1159} INFO - Dependencies all met for dep_context=requeueable deps ti=<TaskInstance: dag_with_postgres_operator_v04.delete_data_from_table scheduled__2022-05-15T00:00:00+00:00 [queued]>
[2023-09-04T06:03:04.676+0000] {taskinstance.py:1361} INFO - Starting attempt 1 of 6
[2023-09-04T06:03:04.700+0000] {taskinstance.py:1382} INFO - Executing <Task(PostgresOperator): delete_data_from_table> on 2022-05-15 00:00:00+00:00
[2023-09-04T06:03:04.711+0000] {standard_task_runner.py:57} INFO - Started process 5657 to run task
[2023-09-04T06:03:04.714+0000] {standard_task_runner.py:84} INFO - Running: ['***', 'tasks', 'run', 'dag_with_postgres_operator_v04', 'delete_data_from_table', 'scheduled__2022-05-15T00:00:00+00:00', '--job-id', '576', '--raw', '--subdir', 'DAGS_FOLDER/dag_with_postgres_operator.py', '--cfg-path', '/tmp/tmpdoj7brim']
[2023-09-04T06:03:04.717+0000] {standard_task_runner.py:85} INFO - Job 576: Subtask delete_data_from_table
[2023-09-04T06:03:04.786+0000] {task_command.py:415} INFO - Running <TaskInstance: dag_with_postgres_operator_v04.delete_data_from_table scheduled__2022-05-15T00:00:00+00:00 [running]> on host 10bdc2e98230
[2023-09-04T06:03:04.900+0000] {taskinstance.py:1660} INFO - Exporting env vars: AIRFLOW_CTX_DAG_OWNER='coder2j' AIRFLOW_CTX_DAG_ID='dag_with_postgres_operator_v04' AIRFLOW_CTX_TASK_ID='delete_data_from_table' AIRFLOW_CTX_EXECUTION_DATE='2022-05-15T00:00:00+00:00' AIRFLOW_CTX_TRY_NUMBER='1' AIRFLOW_CTX_DAG_RUN_ID='scheduled__2022-05-15T00:00:00+00:00'
[2023-09-04T06:03:04.901+0000] {sql.py:274} INFO - Executing: 
            delete from dag_runs where dt = '2022-05-15' and dag_id = 'dag_with_postgres_operator_v04';
        
[2023-09-04T06:03:04.910+0000] {base.py:73} INFO - Using connection ID 'postgres_localhost' for task execution.
[2023-09-04T06:03:04.920+0000] {base.py:73} INFO - Using connection ID 'postgres_localhost' for task execution.
[2023-09-04T06:03:04.931+0000] {sql.py:418} INFO - Running statement: 
            delete from dag_runs where dt = '2022-05-15' and dag_id = 'dag_with_postgres_operator_v04';
        , parameters: None
[2023-09-04T06:03:04.935+0000] {sql.py:427} INFO - Rows affected: 0
[2023-09-04T06:03:04.948+0000] {taskinstance.py:1400} INFO - Marking task as SUCCESS. dag_id=dag_with_postgres_operator_v04, task_id=delete_data_from_table, execution_date=20220515T000000, start_date=20230904T060304, end_date=20230904T060304
[2023-09-04T06:03:04.967+0000] {local_task_job_runner.py:228} INFO - Task exited with return code 0
[2023-09-04T06:03:04.990+0000] {taskinstance.py:2784} INFO - 1 downstream tasks scheduled from follow-on schedule check
[2023-09-04T06:05:52.701+0000] {taskinstance.py:1159} INFO - Dependencies all met for dep_context=non-requeueable deps ti=<TaskInstance: dag_with_postgres_operator_v04.delete_data_from_table scheduled__2022-05-15T00:00:00+00:00 [queued]>
[2023-09-04T06:05:52.729+0000] {taskinstance.py:1159} INFO - Dependencies all met for dep_context=requeueable deps ti=<TaskInstance: dag_with_postgres_operator_v04.delete_data_from_table scheduled__2022-05-15T00:00:00+00:00 [queued]>
[2023-09-04T06:05:52.730+0000] {taskinstance.py:1361} INFO - Starting attempt 1 of 6
[2023-09-04T06:05:53.130+0000] {taskinstance.py:1382} INFO - Executing <Task(PostgresOperator): delete_data_from_table> on 2022-05-15 00:00:00+00:00
[2023-09-04T06:05:53.146+0000] {standard_task_runner.py:57} INFO - Started process 6950 to run task
[2023-09-04T06:05:53.159+0000] {standard_task_runner.py:84} INFO - Running: ['***', 'tasks', 'run', 'dag_with_postgres_operator_v04', 'delete_data_from_table', 'scheduled__2022-05-15T00:00:00+00:00', '--job-id', '1123', '--raw', '--subdir', 'DAGS_FOLDER/dag_with_postgres_operator.py', '--cfg-path', '/tmp/tmp5tptgevl']
[2023-09-04T06:05:53.167+0000] {standard_task_runner.py:85} INFO - Job 1123: Subtask delete_data_from_table
[2023-09-04T06:05:53.351+0000] {task_command.py:415} INFO - Running <TaskInstance: dag_with_postgres_operator_v04.delete_data_from_table scheduled__2022-05-15T00:00:00+00:00 [running]> on host 10bdc2e98230
[2023-09-04T06:05:53.633+0000] {taskinstance.py:1660} INFO - Exporting env vars: AIRFLOW_CTX_DAG_OWNER='mohghaff' AIRFLOW_CTX_DAG_ID='dag_with_postgres_operator_v04' AIRFLOW_CTX_TASK_ID='delete_data_from_table' AIRFLOW_CTX_EXECUTION_DATE='2022-05-15T00:00:00+00:00' AIRFLOW_CTX_TRY_NUMBER='1' AIRFLOW_CTX_DAG_RUN_ID='scheduled__2022-05-15T00:00:00+00:00'
[2023-09-04T06:05:53.636+0000] {sql.py:274} INFO - Executing: 
            delete from dag_runs where dt = '2022-05-15' and dag_id = 'dag_with_postgres_operator_v04';
        
[2023-09-04T06:05:53.655+0000] {base.py:73} INFO - Using connection ID 'postgres_localhost' for task execution.
[2023-09-04T06:05:53.679+0000] {base.py:73} INFO - Using connection ID 'postgres_localhost' for task execution.
[2023-09-04T06:05:53.723+0000] {sql.py:418} INFO - Running statement: 
            delete from dag_runs where dt = '2022-05-15' and dag_id = 'dag_with_postgres_operator_v04';
        , parameters: None
[2023-09-04T06:05:53.734+0000] {sql.py:427} INFO - Rows affected: 1
[2023-09-04T06:05:53.781+0000] {taskinstance.py:1400} INFO - Marking task as SUCCESS. dag_id=dag_with_postgres_operator_v04, task_id=delete_data_from_table, execution_date=20220515T000000, start_date=20230904T060552, end_date=20230904T060553
[2023-09-04T06:05:53.856+0000] {local_task_job_runner.py:228} INFO - Task exited with return code 0
[2023-09-04T06:05:53.923+0000] {taskinstance.py:2784} INFO - 1 downstream tasks scheduled from follow-on schedule check
