[2023-09-04T06:02:41.194+0000] {taskinstance.py:1159} INFO - Dependencies all met for dep_context=non-requeueable deps ti=<TaskInstance: dag_with_postgres_operator_v04.insert_into_table scheduled__2022-04-10T00:00:00+00:00 [queued]>
[2023-09-04T06:02:41.211+0000] {taskinstance.py:1159} INFO - Dependencies all met for dep_context=requeueable deps ti=<TaskInstance: dag_with_postgres_operator_v04.insert_into_table scheduled__2022-04-10T00:00:00+00:00 [queued]>
[2023-09-04T06:02:41.212+0000] {taskinstance.py:1361} INFO - Starting attempt 1 of 6
[2023-09-04T06:02:41.234+0000] {taskinstance.py:1382} INFO - Executing <Task(PostgresOperator): insert_into_table> on 2022-04-10 00:00:00+00:00
[2023-09-04T06:02:41.243+0000] {standard_task_runner.py:57} INFO - Started process 5444 to run task
[2023-09-04T06:02:41.247+0000] {standard_task_runner.py:84} INFO - Running: ['***', 'tasks', 'run', 'dag_with_postgres_operator_v04', 'insert_into_table', 'scheduled__2022-04-10T00:00:00+00:00', '--job-id', '485', '--raw', '--subdir', 'DAGS_FOLDER/dag_with_postgres_operator.py', '--cfg-path', '/tmp/tmpes38tnu5']
[2023-09-04T06:02:41.249+0000] {standard_task_runner.py:85} INFO - Job 485: Subtask insert_into_table
[2023-09-04T06:02:41.322+0000] {task_command.py:415} INFO - Running <TaskInstance: dag_with_postgres_operator_v04.insert_into_table scheduled__2022-04-10T00:00:00+00:00 [running]> on host 10bdc2e98230
[2023-09-04T06:02:41.425+0000] {taskinstance.py:1660} INFO - Exporting env vars: AIRFLOW_CTX_DAG_OWNER='coder2j' AIRFLOW_CTX_DAG_ID='dag_with_postgres_operator_v04' AIRFLOW_CTX_TASK_ID='insert_into_table' AIRFLOW_CTX_EXECUTION_DATE='2022-04-10T00:00:00+00:00' AIRFLOW_CTX_TRY_NUMBER='1' AIRFLOW_CTX_DAG_RUN_ID='scheduled__2022-04-10T00:00:00+00:00'
[2023-09-04T06:02:41.426+0000] {sql.py:274} INFO - Executing: 
            insert into dag_runs (dt, dag_id) values ('2022-04-10', 'dag_with_postgres_operator_v04')
        
[2023-09-04T06:02:41.434+0000] {base.py:73} INFO - Using connection ID 'postgres_localhost' for task execution.
[2023-09-04T06:02:41.442+0000] {base.py:73} INFO - Using connection ID 'postgres_localhost' for task execution.
[2023-09-04T06:02:41.453+0000] {sql.py:418} INFO - Running statement: 
            insert into dag_runs (dt, dag_id) values ('2022-04-10', 'dag_with_postgres_operator_v04')
        , parameters: None
[2023-09-04T06:02:41.457+0000] {sql.py:427} INFO - Rows affected: 1
[2023-09-04T06:02:41.472+0000] {taskinstance.py:1400} INFO - Marking task as SUCCESS. dag_id=dag_with_postgres_operator_v04, task_id=insert_into_table, execution_date=20220410T000000, start_date=20230904T060241, end_date=20230904T060241
[2023-09-04T06:02:41.500+0000] {local_task_job_runner.py:228} INFO - Task exited with return code 0
[2023-09-04T06:02:41.515+0000] {taskinstance.py:2784} INFO - 0 downstream tasks scheduled from follow-on schedule check
[2023-09-04T06:05:26.904+0000] {taskinstance.py:1159} INFO - Dependencies all met for dep_context=non-requeueable deps ti=<TaskInstance: dag_with_postgres_operator_v04.insert_into_table scheduled__2022-04-10T00:00:00+00:00 [queued]>
[2023-09-04T06:05:26.943+0000] {taskinstance.py:1159} INFO - Dependencies all met for dep_context=requeueable deps ti=<TaskInstance: dag_with_postgres_operator_v04.insert_into_table scheduled__2022-04-10T00:00:00+00:00 [queued]>
[2023-09-04T06:05:26.944+0000] {taskinstance.py:1361} INFO - Starting attempt 1 of 6
[2023-09-04T06:05:27.306+0000] {taskinstance.py:1382} INFO - Executing <Task(PostgresOperator): insert_into_table> on 2022-04-10 00:00:00+00:00
[2023-09-04T06:05:27.331+0000] {standard_task_runner.py:57} INFO - Started process 6756 to run task
[2023-09-04T06:05:27.339+0000] {standard_task_runner.py:84} INFO - Running: ['***', 'tasks', 'run', 'dag_with_postgres_operator_v04', 'insert_into_table', 'scheduled__2022-04-10T00:00:00+00:00', '--job-id', '1037', '--raw', '--subdir', 'DAGS_FOLDER/dag_with_postgres_operator.py', '--cfg-path', '/tmp/tmpeglea3p3']
[2023-09-04T06:05:27.346+0000] {standard_task_runner.py:85} INFO - Job 1037: Subtask insert_into_table
[2023-09-04T06:05:27.597+0000] {task_command.py:415} INFO - Running <TaskInstance: dag_with_postgres_operator_v04.insert_into_table scheduled__2022-04-10T00:00:00+00:00 [running]> on host 10bdc2e98230
[2023-09-04T06:05:27.947+0000] {taskinstance.py:1660} INFO - Exporting env vars: AIRFLOW_CTX_DAG_OWNER='mohghaff' AIRFLOW_CTX_DAG_ID='dag_with_postgres_operator_v04' AIRFLOW_CTX_TASK_ID='insert_into_table' AIRFLOW_CTX_EXECUTION_DATE='2022-04-10T00:00:00+00:00' AIRFLOW_CTX_TRY_NUMBER='1' AIRFLOW_CTX_DAG_RUN_ID='scheduled__2022-04-10T00:00:00+00:00'
[2023-09-04T06:05:27.950+0000] {sql.py:274} INFO - Executing: 
            insert into dag_runs (dt, dag_id) values ('2022-04-10', 'dag_with_postgres_operator_v04')
        
[2023-09-04T06:05:27.989+0000] {base.py:73} INFO - Using connection ID 'postgres_localhost' for task execution.
[2023-09-04T06:05:28.018+0000] {base.py:73} INFO - Using connection ID 'postgres_localhost' for task execution.
[2023-09-04T06:05:28.053+0000] {sql.py:418} INFO - Running statement: 
            insert into dag_runs (dt, dag_id) values ('2022-04-10', 'dag_with_postgres_operator_v04')
        , parameters: None
[2023-09-04T06:05:28.086+0000] {sql.py:427} INFO - Rows affected: 1
[2023-09-04T06:05:28.140+0000] {taskinstance.py:1400} INFO - Marking task as SUCCESS. dag_id=dag_with_postgres_operator_v04, task_id=insert_into_table, execution_date=20220410T000000, start_date=20230904T060526, end_date=20230904T060528
[2023-09-04T06:05:28.225+0000] {local_task_job_runner.py:228} INFO - Task exited with return code 0
[2023-09-04T06:05:28.269+0000] {taskinstance.py:2784} INFO - 0 downstream tasks scheduled from follow-on schedule check
