[2023-09-04T06:01:35.809+0000] {taskinstance.py:1159} INFO - Dependencies all met for dep_context=non-requeueable deps ti=<TaskInstance: dag_with_postgres_operator_v04.insert_into_table scheduled__2022-01-24T00:00:00+00:00 [queued]>
[2023-09-04T06:01:35.834+0000] {taskinstance.py:1159} INFO - Dependencies all met for dep_context=requeueable deps ti=<TaskInstance: dag_with_postgres_operator_v04.insert_into_table scheduled__2022-01-24T00:00:00+00:00 [queued]>
[2023-09-04T06:01:35.835+0000] {taskinstance.py:1361} INFO - Starting attempt 1 of 6
[2023-09-04T06:01:35.876+0000] {taskinstance.py:1382} INFO - Executing <Task(PostgresOperator): insert_into_table> on 2022-01-24 00:00:00+00:00
[2023-09-04T06:01:35.888+0000] {standard_task_runner.py:57} INFO - Started process 4903 to run task
[2023-09-04T06:01:35.892+0000] {standard_task_runner.py:84} INFO - Running: ['***', 'tasks', 'run', 'dag_with_postgres_operator_v04', 'insert_into_table', 'scheduled__2022-01-24T00:00:00+00:00', '--job-id', '255', '--raw', '--subdir', 'DAGS_FOLDER/dag_with_postgres_operator.py', '--cfg-path', '/tmp/tmpuc6y93kw']
[2023-09-04T06:01:35.895+0000] {standard_task_runner.py:85} INFO - Job 255: Subtask insert_into_table
[2023-09-04T06:01:35.976+0000] {task_command.py:415} INFO - Running <TaskInstance: dag_with_postgres_operator_v04.insert_into_table scheduled__2022-01-24T00:00:00+00:00 [running]> on host 10bdc2e98230
[2023-09-04T06:01:36.146+0000] {taskinstance.py:1660} INFO - Exporting env vars: AIRFLOW_CTX_DAG_OWNER='coder2j' AIRFLOW_CTX_DAG_ID='dag_with_postgres_operator_v04' AIRFLOW_CTX_TASK_ID='insert_into_table' AIRFLOW_CTX_EXECUTION_DATE='2022-01-24T00:00:00+00:00' AIRFLOW_CTX_TRY_NUMBER='1' AIRFLOW_CTX_DAG_RUN_ID='scheduled__2022-01-24T00:00:00+00:00'
[2023-09-04T06:01:36.148+0000] {sql.py:274} INFO - Executing: 
            insert into dag_runs (dt, dag_id) values ('2022-01-24', 'dag_with_postgres_operator_v04')
        
[2023-09-04T06:01:36.163+0000] {base.py:73} INFO - Using connection ID 'postgres_localhost' for task execution.
[2023-09-04T06:01:36.178+0000] {base.py:73} INFO - Using connection ID 'postgres_localhost' for task execution.
[2023-09-04T06:01:36.198+0000] {sql.py:418} INFO - Running statement: 
            insert into dag_runs (dt, dag_id) values ('2022-01-24', 'dag_with_postgres_operator_v04')
        , parameters: None
[2023-09-04T06:01:36.204+0000] {sql.py:427} INFO - Rows affected: 1
[2023-09-04T06:01:36.222+0000] {taskinstance.py:1400} INFO - Marking task as SUCCESS. dag_id=dag_with_postgres_operator_v04, task_id=insert_into_table, execution_date=20220124T000000, start_date=20230904T060135, end_date=20230904T060136
[2023-09-04T06:01:36.265+0000] {local_task_job_runner.py:228} INFO - Task exited with return code 0
[2023-09-04T06:01:36.296+0000] {taskinstance.py:2784} INFO - 0 downstream tasks scheduled from follow-on schedule check
[2023-09-04T06:04:23.962+0000] {taskinstance.py:1159} INFO - Dependencies all met for dep_context=non-requeueable deps ti=<TaskInstance: dag_with_postgres_operator_v04.insert_into_table scheduled__2022-01-24T00:00:00+00:00 [queued]>
[2023-09-04T06:04:23.984+0000] {taskinstance.py:1159} INFO - Dependencies all met for dep_context=requeueable deps ti=<TaskInstance: dag_with_postgres_operator_v04.insert_into_table scheduled__2022-01-24T00:00:00+00:00 [queued]>
[2023-09-04T06:04:23.984+0000] {taskinstance.py:1361} INFO - Starting attempt 1 of 6
[2023-09-04T06:04:24.023+0000] {taskinstance.py:1382} INFO - Executing <Task(PostgresOperator): insert_into_table> on 2022-01-24 00:00:00+00:00
[2023-09-04T06:04:24.034+0000] {standard_task_runner.py:57} INFO - Started process 6203 to run task
[2023-09-04T06:04:24.040+0000] {standard_task_runner.py:84} INFO - Running: ['***', 'tasks', 'run', 'dag_with_postgres_operator_v04', 'insert_into_table', 'scheduled__2022-01-24T00:00:00+00:00', '--job-id', '801', '--raw', '--subdir', 'DAGS_FOLDER/dag_with_postgres_operator.py', '--cfg-path', '/tmp/tmp5mhzm27a']
[2023-09-04T06:04:24.045+0000] {standard_task_runner.py:85} INFO - Job 801: Subtask insert_into_table
[2023-09-04T06:04:24.146+0000] {task_command.py:415} INFO - Running <TaskInstance: dag_with_postgres_operator_v04.insert_into_table scheduled__2022-01-24T00:00:00+00:00 [running]> on host 10bdc2e98230
[2023-09-04T06:04:24.313+0000] {taskinstance.py:1660} INFO - Exporting env vars: AIRFLOW_CTX_DAG_OWNER='mohghaff' AIRFLOW_CTX_DAG_ID='dag_with_postgres_operator_v04' AIRFLOW_CTX_TASK_ID='insert_into_table' AIRFLOW_CTX_EXECUTION_DATE='2022-01-24T00:00:00+00:00' AIRFLOW_CTX_TRY_NUMBER='1' AIRFLOW_CTX_DAG_RUN_ID='scheduled__2022-01-24T00:00:00+00:00'
[2023-09-04T06:04:24.314+0000] {sql.py:274} INFO - Executing: 
            insert into dag_runs (dt, dag_id) values ('2022-01-24', 'dag_with_postgres_operator_v04')
        
[2023-09-04T06:04:24.327+0000] {base.py:73} INFO - Using connection ID 'postgres_localhost' for task execution.
[2023-09-04T06:04:24.338+0000] {base.py:73} INFO - Using connection ID 'postgres_localhost' for task execution.
[2023-09-04T06:04:24.353+0000] {sql.py:418} INFO - Running statement: 
            insert into dag_runs (dt, dag_id) values ('2022-01-24', 'dag_with_postgres_operator_v04')
        , parameters: None
[2023-09-04T06:04:24.358+0000] {sql.py:427} INFO - Rows affected: 1
[2023-09-04T06:04:24.376+0000] {taskinstance.py:1400} INFO - Marking task as SUCCESS. dag_id=dag_with_postgres_operator_v04, task_id=insert_into_table, execution_date=20220124T000000, start_date=20230904T060423, end_date=20230904T060424
[2023-09-04T06:04:24.414+0000] {local_task_job_runner.py:228} INFO - Task exited with return code 0
[2023-09-04T06:04:24.436+0000] {taskinstance.py:2784} INFO - 0 downstream tasks scheduled from follow-on schedule check
