[2023-09-04T06:01:27.959+0000] {taskinstance.py:1159} INFO - Dependencies all met for dep_context=non-requeueable deps ti=<TaskInstance: dag_with_postgres_operator_v04.insert_into_table scheduled__2022-01-19T00:00:00+00:00 [queued]>
[2023-09-04T06:01:27.974+0000] {taskinstance.py:1159} INFO - Dependencies all met for dep_context=requeueable deps ti=<TaskInstance: dag_with_postgres_operator_v04.insert_into_table scheduled__2022-01-19T00:00:00+00:00 [queued]>
[2023-09-04T06:01:27.975+0000] {taskinstance.py:1361} INFO - Starting attempt 1 of 6
[2023-09-04T06:01:27.999+0000] {taskinstance.py:1382} INFO - Executing <Task(PostgresOperator): insert_into_table> on 2022-01-19 00:00:00+00:00
[2023-09-04T06:01:28.007+0000] {standard_task_runner.py:57} INFO - Started process 4851 to run task
[2023-09-04T06:01:28.013+0000] {standard_task_runner.py:84} INFO - Running: ['***', 'tasks', 'run', 'dag_with_postgres_operator_v04', 'insert_into_table', 'scheduled__2022-01-19T00:00:00+00:00', '--job-id', '231', '--raw', '--subdir', 'DAGS_FOLDER/dag_with_postgres_operator.py', '--cfg-path', '/tmp/tmp8cl46upl']
[2023-09-04T06:01:28.015+0000] {standard_task_runner.py:85} INFO - Job 231: Subtask insert_into_table
[2023-09-04T06:01:28.074+0000] {task_command.py:415} INFO - Running <TaskInstance: dag_with_postgres_operator_v04.insert_into_table scheduled__2022-01-19T00:00:00+00:00 [running]> on host 10bdc2e98230
[2023-09-04T06:01:28.171+0000] {taskinstance.py:1660} INFO - Exporting env vars: AIRFLOW_CTX_DAG_OWNER='coder2j' AIRFLOW_CTX_DAG_ID='dag_with_postgres_operator_v04' AIRFLOW_CTX_TASK_ID='insert_into_table' AIRFLOW_CTX_EXECUTION_DATE='2022-01-19T00:00:00+00:00' AIRFLOW_CTX_TRY_NUMBER='1' AIRFLOW_CTX_DAG_RUN_ID='scheduled__2022-01-19T00:00:00+00:00'
[2023-09-04T06:01:28.172+0000] {sql.py:274} INFO - Executing: 
            insert into dag_runs (dt, dag_id) values ('2022-01-19', 'dag_with_postgres_operator_v04')
        
[2023-09-04T06:01:28.181+0000] {base.py:73} INFO - Using connection ID 'postgres_localhost' for task execution.
[2023-09-04T06:01:28.190+0000] {base.py:73} INFO - Using connection ID 'postgres_localhost' for task execution.
[2023-09-04T06:01:28.206+0000] {sql.py:418} INFO - Running statement: 
            insert into dag_runs (dt, dag_id) values ('2022-01-19', 'dag_with_postgres_operator_v04')
        , parameters: None
[2023-09-04T06:01:28.209+0000] {sql.py:427} INFO - Rows affected: 1
[2023-09-04T06:01:28.224+0000] {taskinstance.py:1400} INFO - Marking task as SUCCESS. dag_id=dag_with_postgres_operator_v04, task_id=insert_into_table, execution_date=20220119T000000, start_date=20230904T060127, end_date=20230904T060128
[2023-09-04T06:01:28.263+0000] {local_task_job_runner.py:228} INFO - Task exited with return code 0
[2023-09-04T06:01:28.281+0000] {taskinstance.py:2784} INFO - 0 downstream tasks scheduled from follow-on schedule check
[2023-09-04T06:04:23.015+0000] {taskinstance.py:1159} INFO - Dependencies all met for dep_context=non-requeueable deps ti=<TaskInstance: dag_with_postgres_operator_v04.insert_into_table scheduled__2022-01-19T00:00:00+00:00 [queued]>
[2023-09-04T06:04:23.039+0000] {taskinstance.py:1159} INFO - Dependencies all met for dep_context=requeueable deps ti=<TaskInstance: dag_with_postgres_operator_v04.insert_into_table scheduled__2022-01-19T00:00:00+00:00 [queued]>
[2023-09-04T06:04:23.040+0000] {taskinstance.py:1361} INFO - Starting attempt 1 of 6
[2023-09-04T06:04:23.198+0000] {taskinstance.py:1382} INFO - Executing <Task(PostgresOperator): insert_into_table> on 2022-01-19 00:00:00+00:00
[2023-09-04T06:04:23.210+0000] {standard_task_runner.py:57} INFO - Started process 6192 to run task
[2023-09-04T06:04:23.228+0000] {standard_task_runner.py:84} INFO - Running: ['***', 'tasks', 'run', 'dag_with_postgres_operator_v04', 'insert_into_table', 'scheduled__2022-01-19T00:00:00+00:00', '--job-id', '793', '--raw', '--subdir', 'DAGS_FOLDER/dag_with_postgres_operator.py', '--cfg-path', '/tmp/tmpc6jpim0i']
[2023-09-04T06:04:23.232+0000] {standard_task_runner.py:85} INFO - Job 793: Subtask insert_into_table
[2023-09-04T06:04:23.378+0000] {task_command.py:415} INFO - Running <TaskInstance: dag_with_postgres_operator_v04.insert_into_table scheduled__2022-01-19T00:00:00+00:00 [running]> on host 10bdc2e98230
[2023-09-04T06:04:23.601+0000] {taskinstance.py:1660} INFO - Exporting env vars: AIRFLOW_CTX_DAG_OWNER='mohghaff' AIRFLOW_CTX_DAG_ID='dag_with_postgres_operator_v04' AIRFLOW_CTX_TASK_ID='insert_into_table' AIRFLOW_CTX_EXECUTION_DATE='2022-01-19T00:00:00+00:00' AIRFLOW_CTX_TRY_NUMBER='1' AIRFLOW_CTX_DAG_RUN_ID='scheduled__2022-01-19T00:00:00+00:00'
[2023-09-04T06:04:23.604+0000] {sql.py:274} INFO - Executing: 
            insert into dag_runs (dt, dag_id) values ('2022-01-19', 'dag_with_postgres_operator_v04')
        
[2023-09-04T06:04:23.622+0000] {base.py:73} INFO - Using connection ID 'postgres_localhost' for task execution.
[2023-09-04T06:04:23.641+0000] {base.py:73} INFO - Using connection ID 'postgres_localhost' for task execution.
[2023-09-04T06:04:23.664+0000] {sql.py:418} INFO - Running statement: 
            insert into dag_runs (dt, dag_id) values ('2022-01-19', 'dag_with_postgres_operator_v04')
        , parameters: None
[2023-09-04T06:04:23.673+0000] {sql.py:427} INFO - Rows affected: 1
[2023-09-04T06:04:23.705+0000] {taskinstance.py:1400} INFO - Marking task as SUCCESS. dag_id=dag_with_postgres_operator_v04, task_id=insert_into_table, execution_date=20220119T000000, start_date=20230904T060423, end_date=20230904T060423
[2023-09-04T06:04:23.795+0000] {local_task_job_runner.py:228} INFO - Task exited with return code 0
[2023-09-04T06:04:23.838+0000] {taskinstance.py:2784} INFO - 0 downstream tasks scheduled from follow-on schedule check
