[2023-09-04T06:02:15.486+0000] {taskinstance.py:1159} INFO - Dependencies all met for dep_context=non-requeueable deps ti=<TaskInstance: dag_with_postgres_operator_v04.delete_data_from_table scheduled__2022-03-17T00:00:00+00:00 [queued]>
[2023-09-04T06:02:15.497+0000] {taskinstance.py:1159} INFO - Dependencies all met for dep_context=requeueable deps ti=<TaskInstance: dag_with_postgres_operator_v04.delete_data_from_table scheduled__2022-03-17T00:00:00+00:00 [queued]>
[2023-09-04T06:02:15.497+0000] {taskinstance.py:1361} INFO - Starting attempt 1 of 6
[2023-09-04T06:02:15.514+0000] {taskinstance.py:1382} INFO - Executing <Task(PostgresOperator): delete_data_from_table> on 2022-03-17 00:00:00+00:00
[2023-09-04T06:02:15.522+0000] {standard_task_runner.py:57} INFO - Started process 5219 to run task
[2023-09-04T06:02:15.527+0000] {standard_task_runner.py:84} INFO - Running: ['***', 'tasks', 'run', 'dag_with_postgres_operator_v04', 'delete_data_from_table', 'scheduled__2022-03-17T00:00:00+00:00', '--job-id', '395', '--raw', '--subdir', 'DAGS_FOLDER/dag_with_postgres_operator.py', '--cfg-path', '/tmp/tmpor7avts_']
[2023-09-04T06:02:15.531+0000] {standard_task_runner.py:85} INFO - Job 395: Subtask delete_data_from_table
[2023-09-04T06:02:15.595+0000] {task_command.py:415} INFO - Running <TaskInstance: dag_with_postgres_operator_v04.delete_data_from_table scheduled__2022-03-17T00:00:00+00:00 [running]> on host 10bdc2e98230
[2023-09-04T06:02:15.710+0000] {taskinstance.py:1660} INFO - Exporting env vars: AIRFLOW_CTX_DAG_OWNER='coder2j' AIRFLOW_CTX_DAG_ID='dag_with_postgres_operator_v04' AIRFLOW_CTX_TASK_ID='delete_data_from_table' AIRFLOW_CTX_EXECUTION_DATE='2022-03-17T00:00:00+00:00' AIRFLOW_CTX_TRY_NUMBER='1' AIRFLOW_CTX_DAG_RUN_ID='scheduled__2022-03-17T00:00:00+00:00'
[2023-09-04T06:02:15.711+0000] {sql.py:274} INFO - Executing: 
            delete from dag_runs where dt = '2022-03-17' and dag_id = 'dag_with_postgres_operator_v04';
        
[2023-09-04T06:02:15.724+0000] {base.py:73} INFO - Using connection ID 'postgres_localhost' for task execution.
[2023-09-04T06:02:15.735+0000] {base.py:73} INFO - Using connection ID 'postgres_localhost' for task execution.
[2023-09-04T06:02:15.748+0000] {sql.py:418} INFO - Running statement: 
            delete from dag_runs where dt = '2022-03-17' and dag_id = 'dag_with_postgres_operator_v04';
        , parameters: None
[2023-09-04T06:02:15.752+0000] {sql.py:427} INFO - Rows affected: 0
[2023-09-04T06:02:15.767+0000] {taskinstance.py:1400} INFO - Marking task as SUCCESS. dag_id=dag_with_postgres_operator_v04, task_id=delete_data_from_table, execution_date=20220317T000000, start_date=20230904T060215, end_date=20230904T060215
[2023-09-04T06:02:15.820+0000] {local_task_job_runner.py:228} INFO - Task exited with return code 0
[2023-09-04T06:02:15.847+0000] {taskinstance.py:2784} INFO - 1 downstream tasks scheduled from follow-on schedule check
[2023-09-04T06:04:59.838+0000] {taskinstance.py:1159} INFO - Dependencies all met for dep_context=non-requeueable deps ti=<TaskInstance: dag_with_postgres_operator_v04.delete_data_from_table scheduled__2022-03-17T00:00:00+00:00 [queued]>
[2023-09-04T06:04:59.876+0000] {taskinstance.py:1159} INFO - Dependencies all met for dep_context=requeueable deps ti=<TaskInstance: dag_with_postgres_operator_v04.delete_data_from_table scheduled__2022-03-17T00:00:00+00:00 [queued]>
[2023-09-04T06:04:59.876+0000] {taskinstance.py:1361} INFO - Starting attempt 1 of 6
[2023-09-04T06:04:59.931+0000] {taskinstance.py:1382} INFO - Executing <Task(PostgresOperator): delete_data_from_table> on 2022-03-17 00:00:00+00:00
[2023-09-04T06:04:59.944+0000] {standard_task_runner.py:57} INFO - Started process 6536 to run task
[2023-09-04T06:04:59.950+0000] {standard_task_runner.py:84} INFO - Running: ['***', 'tasks', 'run', 'dag_with_postgres_operator_v04', 'delete_data_from_table', 'scheduled__2022-03-17T00:00:00+00:00', '--job-id', '937', '--raw', '--subdir', 'DAGS_FOLDER/dag_with_postgres_operator.py', '--cfg-path', '/tmp/tmpn6vs4dy6']
[2023-09-04T06:04:59.955+0000] {standard_task_runner.py:85} INFO - Job 937: Subtask delete_data_from_table
[2023-09-04T06:05:00.123+0000] {task_command.py:415} INFO - Running <TaskInstance: dag_with_postgres_operator_v04.delete_data_from_table scheduled__2022-03-17T00:00:00+00:00 [running]> on host 10bdc2e98230
[2023-09-04T06:05:00.407+0000] {taskinstance.py:1660} INFO - Exporting env vars: AIRFLOW_CTX_DAG_OWNER='mohghaff' AIRFLOW_CTX_DAG_ID='dag_with_postgres_operator_v04' AIRFLOW_CTX_TASK_ID='delete_data_from_table' AIRFLOW_CTX_EXECUTION_DATE='2022-03-17T00:00:00+00:00' AIRFLOW_CTX_TRY_NUMBER='1' AIRFLOW_CTX_DAG_RUN_ID='scheduled__2022-03-17T00:00:00+00:00'
[2023-09-04T06:05:00.409+0000] {sql.py:274} INFO - Executing: 
            delete from dag_runs where dt = '2022-03-17' and dag_id = 'dag_with_postgres_operator_v04';
        
[2023-09-04T06:05:00.450+0000] {base.py:73} INFO - Using connection ID 'postgres_localhost' for task execution.
[2023-09-04T06:05:00.467+0000] {base.py:73} INFO - Using connection ID 'postgres_localhost' for task execution.
[2023-09-04T06:05:00.495+0000] {sql.py:418} INFO - Running statement: 
            delete from dag_runs where dt = '2022-03-17' and dag_id = 'dag_with_postgres_operator_v04';
        , parameters: None
[2023-09-04T06:05:00.505+0000] {sql.py:427} INFO - Rows affected: 1
[2023-09-04T06:05:00.534+0000] {taskinstance.py:1400} INFO - Marking task as SUCCESS. dag_id=dag_with_postgres_operator_v04, task_id=delete_data_from_table, execution_date=20220317T000000, start_date=20230904T060459, end_date=20230904T060500
[2023-09-04T06:05:00.978+0000] {local_task_job_runner.py:228} INFO - Task exited with return code 0
[2023-09-04T06:05:01.055+0000] {taskinstance.py:2784} INFO - 1 downstream tasks scheduled from follow-on schedule check
