[2023-09-04T06:03:13.919+0000] {taskinstance.py:1159} INFO - Dependencies all met for dep_context=non-requeueable deps ti=<TaskInstance: dag_with_postgres_operator_v04.delete_data_from_table scheduled__2022-05-30T00:00:00+00:00 [queued]>
[2023-09-04T06:03:13.938+0000] {taskinstance.py:1159} INFO - Dependencies all met for dep_context=requeueable deps ti=<TaskInstance: dag_with_postgres_operator_v04.delete_data_from_table scheduled__2022-05-30T00:00:00+00:00 [queued]>
[2023-09-04T06:03:13.939+0000] {taskinstance.py:1361} INFO - Starting attempt 1 of 6
[2023-09-04T06:03:13.962+0000] {taskinstance.py:1382} INFO - Executing <Task(PostgresOperator): delete_data_from_table> on 2022-05-30 00:00:00+00:00
[2023-09-04T06:03:13.972+0000] {standard_task_runner.py:57} INFO - Started process 5762 to run task
[2023-09-04T06:03:13.977+0000] {standard_task_runner.py:84} INFO - Running: ['***', 'tasks', 'run', 'dag_with_postgres_operator_v04', 'delete_data_from_table', 'scheduled__2022-05-30T00:00:00+00:00', '--job-id', '626', '--raw', '--subdir', 'DAGS_FOLDER/dag_with_postgres_operator.py', '--cfg-path', '/tmp/tmph16o8nx4']
[2023-09-04T06:03:13.981+0000] {standard_task_runner.py:85} INFO - Job 626: Subtask delete_data_from_table
[2023-09-04T06:03:14.065+0000] {task_command.py:415} INFO - Running <TaskInstance: dag_with_postgres_operator_v04.delete_data_from_table scheduled__2022-05-30T00:00:00+00:00 [running]> on host 10bdc2e98230
[2023-09-04T06:03:14.211+0000] {taskinstance.py:1660} INFO - Exporting env vars: AIRFLOW_CTX_DAG_OWNER='coder2j' AIRFLOW_CTX_DAG_ID='dag_with_postgres_operator_v04' AIRFLOW_CTX_TASK_ID='delete_data_from_table' AIRFLOW_CTX_EXECUTION_DATE='2022-05-30T00:00:00+00:00' AIRFLOW_CTX_TRY_NUMBER='1' AIRFLOW_CTX_DAG_RUN_ID='scheduled__2022-05-30T00:00:00+00:00'
[2023-09-04T06:03:14.213+0000] {sql.py:274} INFO - Executing: 
            delete from dag_runs where dt = '2022-05-30' and dag_id = 'dag_with_postgres_operator_v04';
        
[2023-09-04T06:03:14.227+0000] {base.py:73} INFO - Using connection ID 'postgres_localhost' for task execution.
[2023-09-04T06:03:14.239+0000] {base.py:73} INFO - Using connection ID 'postgres_localhost' for task execution.
[2023-09-04T06:03:14.255+0000] {sql.py:418} INFO - Running statement: 
            delete from dag_runs where dt = '2022-05-30' and dag_id = 'dag_with_postgres_operator_v04';
        , parameters: None
[2023-09-04T06:03:14.260+0000] {sql.py:427} INFO - Rows affected: 0
[2023-09-04T06:03:14.277+0000] {taskinstance.py:1400} INFO - Marking task as SUCCESS. dag_id=dag_with_postgres_operator_v04, task_id=delete_data_from_table, execution_date=20220530T000000, start_date=20230904T060313, end_date=20230904T060314
[2023-09-04T06:03:14.310+0000] {local_task_job_runner.py:228} INFO - Task exited with return code 0
[2023-09-04T06:03:14.337+0000] {taskinstance.py:2784} INFO - 1 downstream tasks scheduled from follow-on schedule check
[2023-09-04T06:06:07.024+0000] {taskinstance.py:1159} INFO - Dependencies all met for dep_context=non-requeueable deps ti=<TaskInstance: dag_with_postgres_operator_v04.delete_data_from_table scheduled__2022-05-30T00:00:00+00:00 [queued]>
[2023-09-04T06:06:07.054+0000] {taskinstance.py:1159} INFO - Dependencies all met for dep_context=requeueable deps ti=<TaskInstance: dag_with_postgres_operator_v04.delete_data_from_table scheduled__2022-05-30T00:00:00+00:00 [queued]>
[2023-09-04T06:06:07.055+0000] {taskinstance.py:1361} INFO - Starting attempt 1 of 6
[2023-09-04T06:06:07.504+0000] {taskinstance.py:1382} INFO - Executing <Task(PostgresOperator): delete_data_from_table> on 2022-05-30 00:00:00+00:00
[2023-09-04T06:06:07.520+0000] {standard_task_runner.py:57} INFO - Started process 7071 to run task
[2023-09-04T06:06:07.526+0000] {standard_task_runner.py:84} INFO - Running: ['***', 'tasks', 'run', 'dag_with_postgres_operator_v04', 'delete_data_from_table', 'scheduled__2022-05-30T00:00:00+00:00', '--job-id', '1170', '--raw', '--subdir', 'DAGS_FOLDER/dag_with_postgres_operator.py', '--cfg-path', '/tmp/tmplvwisrut']
[2023-09-04T06:06:07.531+0000] {standard_task_runner.py:85} INFO - Job 1170: Subtask delete_data_from_table
[2023-09-04T06:06:07.721+0000] {task_command.py:415} INFO - Running <TaskInstance: dag_with_postgres_operator_v04.delete_data_from_table scheduled__2022-05-30T00:00:00+00:00 [running]> on host 10bdc2e98230
[2023-09-04T06:06:07.971+0000] {taskinstance.py:1660} INFO - Exporting env vars: AIRFLOW_CTX_DAG_OWNER='mohghaff' AIRFLOW_CTX_DAG_ID='dag_with_postgres_operator_v04' AIRFLOW_CTX_TASK_ID='delete_data_from_table' AIRFLOW_CTX_EXECUTION_DATE='2022-05-30T00:00:00+00:00' AIRFLOW_CTX_TRY_NUMBER='1' AIRFLOW_CTX_DAG_RUN_ID='scheduled__2022-05-30T00:00:00+00:00'
[2023-09-04T06:06:07.976+0000] {sql.py:274} INFO - Executing: 
            delete from dag_runs where dt = '2022-05-30' and dag_id = 'dag_with_postgres_operator_v04';
        
[2023-09-04T06:06:08.001+0000] {base.py:73} INFO - Using connection ID 'postgres_localhost' for task execution.
[2023-09-04T06:06:08.035+0000] {base.py:73} INFO - Using connection ID 'postgres_localhost' for task execution.
[2023-09-04T06:06:08.073+0000] {sql.py:418} INFO - Running statement: 
            delete from dag_runs where dt = '2022-05-30' and dag_id = 'dag_with_postgres_operator_v04';
        , parameters: None
[2023-09-04T06:06:08.095+0000] {sql.py:427} INFO - Rows affected: 1
[2023-09-04T06:06:08.134+0000] {taskinstance.py:1400} INFO - Marking task as SUCCESS. dag_id=dag_with_postgres_operator_v04, task_id=delete_data_from_table, execution_date=20220530T000000, start_date=20230904T060607, end_date=20230904T060608
[2023-09-04T06:06:08.592+0000] {local_task_job_runner.py:228} INFO - Task exited with return code 0
[2023-09-04T06:06:08.660+0000] {taskinstance.py:2784} INFO - 1 downstream tasks scheduled from follow-on schedule check
