[2023-09-04T06:02:56.790+0000] {taskinstance.py:1159} INFO - Dependencies all met for dep_context=non-requeueable deps ti=<TaskInstance: dag_with_postgres_operator_v04.insert_into_table scheduled__2022-05-01T00:00:00+00:00 [queued]>
[2023-09-04T06:02:56.809+0000] {taskinstance.py:1159} INFO - Dependencies all met for dep_context=requeueable deps ti=<TaskInstance: dag_with_postgres_operator_v04.insert_into_table scheduled__2022-05-01T00:00:00+00:00 [queued]>
[2023-09-04T06:02:56.809+0000] {taskinstance.py:1361} INFO - Starting attempt 1 of 6
[2023-09-04T06:02:56.838+0000] {taskinstance.py:1382} INFO - Executing <Task(PostgresOperator): insert_into_table> on 2022-05-01 00:00:00+00:00
[2023-09-04T06:02:56.848+0000] {standard_task_runner.py:57} INFO - Started process 5590 to run task
[2023-09-04T06:02:56.852+0000] {standard_task_runner.py:84} INFO - Running: ['***', 'tasks', 'run', 'dag_with_postgres_operator_v04', 'insert_into_table', 'scheduled__2022-05-01T00:00:00+00:00', '--job-id', '542', '--raw', '--subdir', 'DAGS_FOLDER/dag_with_postgres_operator.py', '--cfg-path', '/tmp/tmp71x46m69']
[2023-09-04T06:02:56.855+0000] {standard_task_runner.py:85} INFO - Job 542: Subtask insert_into_table
[2023-09-04T06:02:56.933+0000] {task_command.py:415} INFO - Running <TaskInstance: dag_with_postgres_operator_v04.insert_into_table scheduled__2022-05-01T00:00:00+00:00 [running]> on host 10bdc2e98230
[2023-09-04T06:02:57.083+0000] {taskinstance.py:1660} INFO - Exporting env vars: AIRFLOW_CTX_DAG_OWNER='coder2j' AIRFLOW_CTX_DAG_ID='dag_with_postgres_operator_v04' AIRFLOW_CTX_TASK_ID='insert_into_table' AIRFLOW_CTX_EXECUTION_DATE='2022-05-01T00:00:00+00:00' AIRFLOW_CTX_TRY_NUMBER='1' AIRFLOW_CTX_DAG_RUN_ID='scheduled__2022-05-01T00:00:00+00:00'
[2023-09-04T06:02:57.085+0000] {sql.py:274} INFO - Executing: 
            insert into dag_runs (dt, dag_id) values ('2022-05-01', 'dag_with_postgres_operator_v04')
        
[2023-09-04T06:02:57.098+0000] {base.py:73} INFO - Using connection ID 'postgres_localhost' for task execution.
[2023-09-04T06:02:57.111+0000] {base.py:73} INFO - Using connection ID 'postgres_localhost' for task execution.
[2023-09-04T06:02:57.128+0000] {sql.py:418} INFO - Running statement: 
            insert into dag_runs (dt, dag_id) values ('2022-05-01', 'dag_with_postgres_operator_v04')
        , parameters: None
[2023-09-04T06:02:57.133+0000] {sql.py:427} INFO - Rows affected: 1
[2023-09-04T06:02:57.155+0000] {taskinstance.py:1400} INFO - Marking task as SUCCESS. dag_id=dag_with_postgres_operator_v04, task_id=insert_into_table, execution_date=20220501T000000, start_date=20230904T060256, end_date=20230904T060257
[2023-09-04T06:02:57.225+0000] {local_task_job_runner.py:228} INFO - Task exited with return code 0
[2023-09-04T06:02:57.380+0000] {taskinstance.py:2784} INFO - 0 downstream tasks scheduled from follow-on schedule check
[2023-09-04T06:05:42.922+0000] {taskinstance.py:1159} INFO - Dependencies all met for dep_context=non-requeueable deps ti=<TaskInstance: dag_with_postgres_operator_v04.insert_into_table scheduled__2022-05-01T00:00:00+00:00 [queued]>
[2023-09-04T06:05:42.952+0000] {taskinstance.py:1159} INFO - Dependencies all met for dep_context=requeueable deps ti=<TaskInstance: dag_with_postgres_operator_v04.insert_into_table scheduled__2022-05-01T00:00:00+00:00 [queued]>
[2023-09-04T06:05:42.953+0000] {taskinstance.py:1361} INFO - Starting attempt 1 of 6
[2023-09-04T06:05:43.082+0000] {taskinstance.py:1382} INFO - Executing <Task(PostgresOperator): insert_into_table> on 2022-05-01 00:00:00+00:00
[2023-09-04T06:05:43.094+0000] {standard_task_runner.py:57} INFO - Started process 6887 to run task
[2023-09-04T06:05:43.104+0000] {standard_task_runner.py:84} INFO - Running: ['***', 'tasks', 'run', 'dag_with_postgres_operator_v04', 'insert_into_table', 'scheduled__2022-05-01T00:00:00+00:00', '--job-id', '1093', '--raw', '--subdir', 'DAGS_FOLDER/dag_with_postgres_operator.py', '--cfg-path', '/tmp/tmpl99s_uij']
[2023-09-04T06:05:43.109+0000] {standard_task_runner.py:85} INFO - Job 1093: Subtask insert_into_table
[2023-09-04T06:05:43.282+0000] {task_command.py:415} INFO - Running <TaskInstance: dag_with_postgres_operator_v04.insert_into_table scheduled__2022-05-01T00:00:00+00:00 [running]> on host 10bdc2e98230
[2023-09-04T06:05:43.510+0000] {taskinstance.py:1660} INFO - Exporting env vars: AIRFLOW_CTX_DAG_OWNER='mohghaff' AIRFLOW_CTX_DAG_ID='dag_with_postgres_operator_v04' AIRFLOW_CTX_TASK_ID='insert_into_table' AIRFLOW_CTX_EXECUTION_DATE='2022-05-01T00:00:00+00:00' AIRFLOW_CTX_TRY_NUMBER='1' AIRFLOW_CTX_DAG_RUN_ID='scheduled__2022-05-01T00:00:00+00:00'
[2023-09-04T06:05:43.512+0000] {sql.py:274} INFO - Executing: 
            insert into dag_runs (dt, dag_id) values ('2022-05-01', 'dag_with_postgres_operator_v04')
        
[2023-09-04T06:05:43.532+0000] {base.py:73} INFO - Using connection ID 'postgres_localhost' for task execution.
[2023-09-04T06:05:43.549+0000] {base.py:73} INFO - Using connection ID 'postgres_localhost' for task execution.
[2023-09-04T06:05:43.574+0000] {sql.py:418} INFO - Running statement: 
            insert into dag_runs (dt, dag_id) values ('2022-05-01', 'dag_with_postgres_operator_v04')
        , parameters: None
[2023-09-04T06:05:43.589+0000] {sql.py:427} INFO - Rows affected: 1
[2023-09-04T06:05:43.618+0000] {taskinstance.py:1400} INFO - Marking task as SUCCESS. dag_id=dag_with_postgres_operator_v04, task_id=insert_into_table, execution_date=20220501T000000, start_date=20230904T060542, end_date=20230904T060543
[2023-09-04T06:05:43.678+0000] {local_task_job_runner.py:228} INFO - Task exited with return code 0
[2023-09-04T06:05:43.714+0000] {taskinstance.py:2784} INFO - 0 downstream tasks scheduled from follow-on schedule check
