[2023-09-04T06:01:25.489+0000] {taskinstance.py:1159} INFO - Dependencies all met for dep_context=non-requeueable deps ti=<TaskInstance: dag_with_postgres_operator_v04.delete_data_from_table scheduled__2022-01-15T00:00:00+00:00 [queued]>
[2023-09-04T06:01:25.505+0000] {taskinstance.py:1159} INFO - Dependencies all met for dep_context=requeueable deps ti=<TaskInstance: dag_with_postgres_operator_v04.delete_data_from_table scheduled__2022-01-15T00:00:00+00:00 [queued]>
[2023-09-04T06:01:25.506+0000] {taskinstance.py:1361} INFO - Starting attempt 1 of 6
[2023-09-04T06:01:25.539+0000] {taskinstance.py:1382} INFO - Executing <Task(PostgresOperator): delete_data_from_table> on 2022-01-15 00:00:00+00:00
[2023-09-04T06:01:25.549+0000] {standard_task_runner.py:57} INFO - Started process 4825 to run task
[2023-09-04T06:01:25.554+0000] {standard_task_runner.py:84} INFO - Running: ['***', 'tasks', 'run', 'dag_with_postgres_operator_v04', 'delete_data_from_table', 'scheduled__2022-01-15T00:00:00+00:00', '--job-id', '216', '--raw', '--subdir', 'DAGS_FOLDER/dag_with_postgres_operator.py', '--cfg-path', '/tmp/tmp7u1qt8ap']
[2023-09-04T06:01:25.557+0000] {standard_task_runner.py:85} INFO - Job 216: Subtask delete_data_from_table
[2023-09-04T06:01:25.629+0000] {task_command.py:415} INFO - Running <TaskInstance: dag_with_postgres_operator_v04.delete_data_from_table scheduled__2022-01-15T00:00:00+00:00 [running]> on host 10bdc2e98230
[2023-09-04T06:01:25.778+0000] {taskinstance.py:1660} INFO - Exporting env vars: AIRFLOW_CTX_DAG_OWNER='coder2j' AIRFLOW_CTX_DAG_ID='dag_with_postgres_operator_v04' AIRFLOW_CTX_TASK_ID='delete_data_from_table' AIRFLOW_CTX_EXECUTION_DATE='2022-01-15T00:00:00+00:00' AIRFLOW_CTX_TRY_NUMBER='1' AIRFLOW_CTX_DAG_RUN_ID='scheduled__2022-01-15T00:00:00+00:00'
[2023-09-04T06:01:25.780+0000] {sql.py:274} INFO - Executing: 
            delete from dag_runs where dt = '2022-01-15' and dag_id = 'dag_with_postgres_operator_v04';
        
[2023-09-04T06:01:25.796+0000] {base.py:73} INFO - Using connection ID 'postgres_localhost' for task execution.
[2023-09-04T06:01:25.814+0000] {base.py:73} INFO - Using connection ID 'postgres_localhost' for task execution.
[2023-09-04T06:01:25.831+0000] {sql.py:418} INFO - Running statement: 
            delete from dag_runs where dt = '2022-01-15' and dag_id = 'dag_with_postgres_operator_v04';
        , parameters: None
[2023-09-04T06:01:25.838+0000] {sql.py:427} INFO - Rows affected: 0
[2023-09-04T06:01:25.864+0000] {taskinstance.py:1400} INFO - Marking task as SUCCESS. dag_id=dag_with_postgres_operator_v04, task_id=delete_data_from_table, execution_date=20220115T000000, start_date=20230904T060125, end_date=20230904T060125
[2023-09-04T06:01:25.930+0000] {local_task_job_runner.py:228} INFO - Task exited with return code 0
[2023-09-04T06:01:26.188+0000] {taskinstance.py:2784} INFO - 0 downstream tasks scheduled from follow-on schedule check
[2023-09-04T06:04:12.025+0000] {taskinstance.py:1159} INFO - Dependencies all met for dep_context=non-requeueable deps ti=<TaskInstance: dag_with_postgres_operator_v04.delete_data_from_table scheduled__2022-01-15T00:00:00+00:00 [queued]>
[2023-09-04T06:04:12.065+0000] {taskinstance.py:1159} INFO - Dependencies all met for dep_context=requeueable deps ti=<TaskInstance: dag_with_postgres_operator_v04.delete_data_from_table scheduled__2022-01-15T00:00:00+00:00 [queued]>
[2023-09-04T06:04:12.066+0000] {taskinstance.py:1361} INFO - Starting attempt 1 of 6
[2023-09-04T06:04:12.108+0000] {taskinstance.py:1382} INFO - Executing <Task(PostgresOperator): delete_data_from_table> on 2022-01-15 00:00:00+00:00
[2023-09-04T06:04:12.120+0000] {standard_task_runner.py:57} INFO - Started process 6099 to run task
[2023-09-04T06:04:12.127+0000] {standard_task_runner.py:84} INFO - Running: ['***', 'tasks', 'run', 'dag_with_postgres_operator_v04', 'delete_data_from_table', 'scheduled__2022-01-15T00:00:00+00:00', '--job-id', '756', '--raw', '--subdir', 'DAGS_FOLDER/dag_with_postgres_operator.py', '--cfg-path', '/tmp/tmpjdbtu5s2']
[2023-09-04T06:04:12.132+0000] {standard_task_runner.py:85} INFO - Job 756: Subtask delete_data_from_table
[2023-09-04T06:04:12.233+0000] {task_command.py:415} INFO - Running <TaskInstance: dag_with_postgres_operator_v04.delete_data_from_table scheduled__2022-01-15T00:00:00+00:00 [running]> on host 10bdc2e98230
[2023-09-04T06:04:12.379+0000] {taskinstance.py:1660} INFO - Exporting env vars: AIRFLOW_CTX_DAG_OWNER='mohghaff' AIRFLOW_CTX_DAG_ID='dag_with_postgres_operator_v04' AIRFLOW_CTX_TASK_ID='delete_data_from_table' AIRFLOW_CTX_EXECUTION_DATE='2022-01-15T00:00:00+00:00' AIRFLOW_CTX_TRY_NUMBER='1' AIRFLOW_CTX_DAG_RUN_ID='scheduled__2022-01-15T00:00:00+00:00'
[2023-09-04T06:04:12.381+0000] {sql.py:274} INFO - Executing: 
            delete from dag_runs where dt = '2022-01-15' and dag_id = 'dag_with_postgres_operator_v04';
        
[2023-09-04T06:04:12.396+0000] {base.py:73} INFO - Using connection ID 'postgres_localhost' for task execution.
[2023-09-04T06:04:12.410+0000] {base.py:73} INFO - Using connection ID 'postgres_localhost' for task execution.
[2023-09-04T06:04:12.429+0000] {sql.py:418} INFO - Running statement: 
            delete from dag_runs where dt = '2022-01-15' and dag_id = 'dag_with_postgres_operator_v04';
        , parameters: None
[2023-09-04T06:04:12.435+0000] {sql.py:427} INFO - Rows affected: 1
[2023-09-04T06:04:12.454+0000] {taskinstance.py:1400} INFO - Marking task as SUCCESS. dag_id=dag_with_postgres_operator_v04, task_id=delete_data_from_table, execution_date=20220115T000000, start_date=20230904T060412, end_date=20230904T060412
[2023-09-04T06:04:12.500+0000] {local_task_job_runner.py:228} INFO - Task exited with return code 0
[2023-09-04T06:04:12.663+0000] {taskinstance.py:2784} INFO - 0 downstream tasks scheduled from follow-on schedule check
