[2023-09-04T06:01:41.265+0000] {taskinstance.py:1159} INFO - Dependencies all met for dep_context=non-requeueable deps ti=<TaskInstance: dag_with_postgres_operator_v04.create_postgres_table scheduled__2022-02-03T00:00:00+00:00 [queued]>
[2023-09-04T06:01:41.282+0000] {taskinstance.py:1159} INFO - Dependencies all met for dep_context=requeueable deps ti=<TaskInstance: dag_with_postgres_operator_v04.create_postgres_table scheduled__2022-02-03T00:00:00+00:00 [queued]>
[2023-09-04T06:01:41.283+0000] {taskinstance.py:1361} INFO - Starting attempt 1 of 6
[2023-09-04T06:01:41.311+0000] {taskinstance.py:1382} INFO - Executing <Task(PostgresOperator): create_postgres_table> on 2022-02-03 00:00:00+00:00
[2023-09-04T06:01:41.320+0000] {standard_task_runner.py:57} INFO - Started process 4934 to run task
[2023-09-04T06:01:41.323+0000] {standard_task_runner.py:84} INFO - Running: ['***', 'tasks', 'run', 'dag_with_postgres_operator_v04', 'create_postgres_table', 'scheduled__2022-02-03T00:00:00+00:00', '--job-id', '268', '--raw', '--subdir', 'DAGS_FOLDER/dag_with_postgres_operator.py', '--cfg-path', '/tmp/tmpbz89uled']
[2023-09-04T06:01:41.325+0000] {standard_task_runner.py:85} INFO - Job 268: Subtask create_postgres_table
[2023-09-04T06:01:41.393+0000] {task_command.py:415} INFO - Running <TaskInstance: dag_with_postgres_operator_v04.create_postgres_table scheduled__2022-02-03T00:00:00+00:00 [running]> on host 10bdc2e98230
[2023-09-04T06:01:41.540+0000] {taskinstance.py:1660} INFO - Exporting env vars: AIRFLOW_CTX_DAG_OWNER='coder2j' AIRFLOW_CTX_DAG_ID='dag_with_postgres_operator_v04' AIRFLOW_CTX_TASK_ID='create_postgres_table' AIRFLOW_CTX_EXECUTION_DATE='2022-02-03T00:00:00+00:00' AIRFLOW_CTX_TRY_NUMBER='1' AIRFLOW_CTX_DAG_RUN_ID='scheduled__2022-02-03T00:00:00+00:00'
[2023-09-04T06:01:41.542+0000] {sql.py:274} INFO - Executing: 
            create table if not exists dag_runs (
                dt date,
                dag_id character varying,
                primary key (dt, dag_id)
            )
        
[2023-09-04T06:01:41.556+0000] {base.py:73} INFO - Using connection ID 'postgres_localhost' for task execution.
[2023-09-04T06:01:41.569+0000] {base.py:73} INFO - Using connection ID 'postgres_localhost' for task execution.
[2023-09-04T06:01:41.587+0000] {sql.py:418} INFO - Running statement: 
            create table if not exists dag_runs (
                dt date,
                dag_id character varying,
                primary key (dt, dag_id)
            )
        , parameters: None
[2023-09-04T06:01:41.608+0000] {taskinstance.py:1400} INFO - Marking task as SUCCESS. dag_id=dag_with_postgres_operator_v04, task_id=create_postgres_table, execution_date=20220203T000000, start_date=20230904T060141, end_date=20230904T060141
[2023-09-04T06:01:41.817+0000] {local_task_job_runner.py:228} INFO - Task exited with return code 0
[2023-09-04T06:01:41.864+0000] {taskinstance.py:2784} INFO - 1 downstream tasks scheduled from follow-on schedule check
[2023-09-04T06:04:23.042+0000] {taskinstance.py:1159} INFO - Dependencies all met for dep_context=non-requeueable deps ti=<TaskInstance: dag_with_postgres_operator_v04.create_postgres_table scheduled__2022-02-03T00:00:00+00:00 [queued]>
[2023-09-04T06:04:23.067+0000] {taskinstance.py:1159} INFO - Dependencies all met for dep_context=requeueable deps ti=<TaskInstance: dag_with_postgres_operator_v04.create_postgres_table scheduled__2022-02-03T00:00:00+00:00 [queued]>
[2023-09-04T06:04:23.067+0000] {taskinstance.py:1361} INFO - Starting attempt 1 of 6
[2023-09-04T06:04:23.196+0000] {taskinstance.py:1382} INFO - Executing <Task(PostgresOperator): create_postgres_table> on 2022-02-03 00:00:00+00:00
[2023-09-04T06:04:23.210+0000] {standard_task_runner.py:57} INFO - Started process 6194 to run task
[2023-09-04T06:04:23.217+0000] {standard_task_runner.py:84} INFO - Running: ['***', 'tasks', 'run', 'dag_with_postgres_operator_v04', 'create_postgres_table', 'scheduled__2022-02-03T00:00:00+00:00', '--job-id', '794', '--raw', '--subdir', 'DAGS_FOLDER/dag_with_postgres_operator.py', '--cfg-path', '/tmp/tmpm5bq4x8z']
[2023-09-04T06:04:23.221+0000] {standard_task_runner.py:85} INFO - Job 794: Subtask create_postgres_table
[2023-09-04T06:04:23.351+0000] {task_command.py:415} INFO - Running <TaskInstance: dag_with_postgres_operator_v04.create_postgres_table scheduled__2022-02-03T00:00:00+00:00 [running]> on host 10bdc2e98230
[2023-09-04T06:04:23.598+0000] {taskinstance.py:1660} INFO - Exporting env vars: AIRFLOW_CTX_DAG_OWNER='mohghaff' AIRFLOW_CTX_DAG_ID='dag_with_postgres_operator_v04' AIRFLOW_CTX_TASK_ID='create_postgres_table' AIRFLOW_CTX_EXECUTION_DATE='2022-02-03T00:00:00+00:00' AIRFLOW_CTX_TRY_NUMBER='1' AIRFLOW_CTX_DAG_RUN_ID='scheduled__2022-02-03T00:00:00+00:00'
[2023-09-04T06:04:23.601+0000] {sql.py:274} INFO - Executing: 
            create table if not exists dag_runs (
                dt date,
                dag_id character varying,
                primary key (dt, dag_id)
            )
        
[2023-09-04T06:04:23.618+0000] {base.py:73} INFO - Using connection ID 'postgres_localhost' for task execution.
[2023-09-04T06:04:23.637+0000] {base.py:73} INFO - Using connection ID 'postgres_localhost' for task execution.
[2023-09-04T06:04:23.661+0000] {sql.py:418} INFO - Running statement: 
            create table if not exists dag_runs (
                dt date,
                dag_id character varying,
                primary key (dt, dag_id)
            )
        , parameters: None
[2023-09-04T06:04:23.699+0000] {taskinstance.py:1400} INFO - Marking task as SUCCESS. dag_id=dag_with_postgres_operator_v04, task_id=create_postgres_table, execution_date=20220203T000000, start_date=20230904T060423, end_date=20230904T060423
[2023-09-04T06:04:23.757+0000] {local_task_job_runner.py:228} INFO - Task exited with return code 0
[2023-09-04T06:04:23.827+0000] {taskinstance.py:2784} INFO - 1 downstream tasks scheduled from follow-on schedule check
