[2023-09-04T06:03:13.885+0000] {taskinstance.py:1159} INFO - Dependencies all met for dep_context=non-requeueable deps ti=<TaskInstance: dag_with_postgres_operator_v04.delete_data_from_table scheduled__2022-05-29T00:00:00+00:00 [queued]>
[2023-09-04T06:03:13.900+0000] {taskinstance.py:1159} INFO - Dependencies all met for dep_context=requeueable deps ti=<TaskInstance: dag_with_postgres_operator_v04.delete_data_from_table scheduled__2022-05-29T00:00:00+00:00 [queued]>
[2023-09-04T06:03:13.901+0000] {taskinstance.py:1361} INFO - Starting attempt 1 of 6
[2023-09-04T06:03:13.921+0000] {taskinstance.py:1382} INFO - Executing <Task(PostgresOperator): delete_data_from_table> on 2022-05-29 00:00:00+00:00
[2023-09-04T06:03:13.932+0000] {standard_task_runner.py:57} INFO - Started process 5761 to run task
[2023-09-04T06:03:13.935+0000] {standard_task_runner.py:84} INFO - Running: ['***', 'tasks', 'run', 'dag_with_postgres_operator_v04', 'delete_data_from_table', 'scheduled__2022-05-29T00:00:00+00:00', '--job-id', '625', '--raw', '--subdir', 'DAGS_FOLDER/dag_with_postgres_operator.py', '--cfg-path', '/tmp/tmpm92aikko']
[2023-09-04T06:03:13.938+0000] {standard_task_runner.py:85} INFO - Job 625: Subtask delete_data_from_table
[2023-09-04T06:03:14.030+0000] {task_command.py:415} INFO - Running <TaskInstance: dag_with_postgres_operator_v04.delete_data_from_table scheduled__2022-05-29T00:00:00+00:00 [running]> on host 10bdc2e98230
[2023-09-04T06:03:14.170+0000] {taskinstance.py:1660} INFO - Exporting env vars: AIRFLOW_CTX_DAG_OWNER='coder2j' AIRFLOW_CTX_DAG_ID='dag_with_postgres_operator_v04' AIRFLOW_CTX_TASK_ID='delete_data_from_table' AIRFLOW_CTX_EXECUTION_DATE='2022-05-29T00:00:00+00:00' AIRFLOW_CTX_TRY_NUMBER='1' AIRFLOW_CTX_DAG_RUN_ID='scheduled__2022-05-29T00:00:00+00:00'
[2023-09-04T06:03:14.172+0000] {sql.py:274} INFO - Executing: 
            delete from dag_runs where dt = '2022-05-29' and dag_id = 'dag_with_postgres_operator_v04';
        
[2023-09-04T06:03:14.182+0000] {base.py:73} INFO - Using connection ID 'postgres_localhost' for task execution.
[2023-09-04T06:03:14.195+0000] {base.py:73} INFO - Using connection ID 'postgres_localhost' for task execution.
[2023-09-04T06:03:14.210+0000] {sql.py:418} INFO - Running statement: 
            delete from dag_runs where dt = '2022-05-29' and dag_id = 'dag_with_postgres_operator_v04';
        , parameters: None
[2023-09-04T06:03:14.215+0000] {sql.py:427} INFO - Rows affected: 0
[2023-09-04T06:03:14.231+0000] {taskinstance.py:1400} INFO - Marking task as SUCCESS. dag_id=dag_with_postgres_operator_v04, task_id=delete_data_from_table, execution_date=20220529T000000, start_date=20230904T060313, end_date=20230904T060314
[2023-09-04T06:03:14.269+0000] {local_task_job_runner.py:228} INFO - Task exited with return code 0
[2023-09-04T06:03:14.303+0000] {taskinstance.py:2784} INFO - 1 downstream tasks scheduled from follow-on schedule check
[2023-09-04T06:06:06.590+0000] {taskinstance.py:1159} INFO - Dependencies all met for dep_context=non-requeueable deps ti=<TaskInstance: dag_with_postgres_operator_v04.delete_data_from_table scheduled__2022-05-29T00:00:00+00:00 [queued]>
[2023-09-04T06:06:06.622+0000] {taskinstance.py:1159} INFO - Dependencies all met for dep_context=requeueable deps ti=<TaskInstance: dag_with_postgres_operator_v04.delete_data_from_table scheduled__2022-05-29T00:00:00+00:00 [queued]>
[2023-09-04T06:06:06.623+0000] {taskinstance.py:1361} INFO - Starting attempt 1 of 6
[2023-09-04T06:06:06.836+0000] {taskinstance.py:1382} INFO - Executing <Task(PostgresOperator): delete_data_from_table> on 2022-05-29 00:00:00+00:00
[2023-09-04T06:06:06.851+0000] {standard_task_runner.py:57} INFO - Started process 7066 to run task
[2023-09-04T06:06:06.866+0000] {standard_task_runner.py:84} INFO - Running: ['***', 'tasks', 'run', 'dag_with_postgres_operator_v04', 'delete_data_from_table', 'scheduled__2022-05-29T00:00:00+00:00', '--job-id', '1168', '--raw', '--subdir', 'DAGS_FOLDER/dag_with_postgres_operator.py', '--cfg-path', '/tmp/tmpv0zfhtft']
[2023-09-04T06:06:06.871+0000] {standard_task_runner.py:85} INFO - Job 1168: Subtask delete_data_from_table
[2023-09-04T06:06:07.077+0000] {task_command.py:415} INFO - Running <TaskInstance: dag_with_postgres_operator_v04.delete_data_from_table scheduled__2022-05-29T00:00:00+00:00 [running]> on host 10bdc2e98230
[2023-09-04T06:06:07.394+0000] {taskinstance.py:1660} INFO - Exporting env vars: AIRFLOW_CTX_DAG_OWNER='mohghaff' AIRFLOW_CTX_DAG_ID='dag_with_postgres_operator_v04' AIRFLOW_CTX_TASK_ID='delete_data_from_table' AIRFLOW_CTX_EXECUTION_DATE='2022-05-29T00:00:00+00:00' AIRFLOW_CTX_TRY_NUMBER='1' AIRFLOW_CTX_DAG_RUN_ID='scheduled__2022-05-29T00:00:00+00:00'
[2023-09-04T06:06:07.397+0000] {sql.py:274} INFO - Executing: 
            delete from dag_runs where dt = '2022-05-29' and dag_id = 'dag_with_postgres_operator_v04';
        
[2023-09-04T06:06:07.422+0000] {base.py:73} INFO - Using connection ID 'postgres_localhost' for task execution.
[2023-09-04T06:06:07.444+0000] {base.py:73} INFO - Using connection ID 'postgres_localhost' for task execution.
[2023-09-04T06:06:07.473+0000] {sql.py:418} INFO - Running statement: 
            delete from dag_runs where dt = '2022-05-29' and dag_id = 'dag_with_postgres_operator_v04';
        , parameters: None
[2023-09-04T06:06:07.493+0000] {sql.py:427} INFO - Rows affected: 1
[2023-09-04T06:06:07.539+0000] {taskinstance.py:1400} INFO - Marking task as SUCCESS. dag_id=dag_with_postgres_operator_v04, task_id=delete_data_from_table, execution_date=20220529T000000, start_date=20230904T060606, end_date=20230904T060607
[2023-09-04T06:06:07.612+0000] {local_task_job_runner.py:228} INFO - Task exited with return code 0
[2023-09-04T06:06:07.965+0000] {taskinstance.py:2784} INFO - 0 downstream tasks scheduled from follow-on schedule check
