[2023-09-04T06:03:12.221+0000] {taskinstance.py:1159} INFO - Dependencies all met for dep_context=non-requeueable deps ti=<TaskInstance: dag_with_postgres_operator_v04.delete_data_from_table scheduled__2022-05-23T00:00:00+00:00 [queued]>
[2023-09-04T06:03:12.233+0000] {taskinstance.py:1159} INFO - Dependencies all met for dep_context=requeueable deps ti=<TaskInstance: dag_with_postgres_operator_v04.delete_data_from_table scheduled__2022-05-23T00:00:00+00:00 [queued]>
[2023-09-04T06:03:12.233+0000] {taskinstance.py:1361} INFO - Starting attempt 1 of 6
[2023-09-04T06:03:12.273+0000] {taskinstance.py:1382} INFO - Executing <Task(PostgresOperator): delete_data_from_table> on 2022-05-23 00:00:00+00:00
[2023-09-04T06:03:12.281+0000] {standard_task_runner.py:57} INFO - Started process 5745 to run task
[2023-09-04T06:03:12.285+0000] {standard_task_runner.py:84} INFO - Running: ['***', 'tasks', 'run', 'dag_with_postgres_operator_v04', 'delete_data_from_table', 'scheduled__2022-05-23T00:00:00+00:00', '--job-id', '617', '--raw', '--subdir', 'DAGS_FOLDER/dag_with_postgres_operator.py', '--cfg-path', '/tmp/tmpb7ax79yn']
[2023-09-04T06:03:12.287+0000] {standard_task_runner.py:85} INFO - Job 617: Subtask delete_data_from_table
[2023-09-04T06:03:12.365+0000] {task_command.py:415} INFO - Running <TaskInstance: dag_with_postgres_operator_v04.delete_data_from_table scheduled__2022-05-23T00:00:00+00:00 [running]> on host 10bdc2e98230
[2023-09-04T06:03:12.483+0000] {taskinstance.py:1660} INFO - Exporting env vars: AIRFLOW_CTX_DAG_OWNER='coder2j' AIRFLOW_CTX_DAG_ID='dag_with_postgres_operator_v04' AIRFLOW_CTX_TASK_ID='delete_data_from_table' AIRFLOW_CTX_EXECUTION_DATE='2022-05-23T00:00:00+00:00' AIRFLOW_CTX_TRY_NUMBER='1' AIRFLOW_CTX_DAG_RUN_ID='scheduled__2022-05-23T00:00:00+00:00'
[2023-09-04T06:03:12.484+0000] {sql.py:274} INFO - Executing: 
            delete from dag_runs where dt = '2022-05-23' and dag_id = 'dag_with_postgres_operator_v04';
        
[2023-09-04T06:03:12.495+0000] {base.py:73} INFO - Using connection ID 'postgres_localhost' for task execution.
[2023-09-04T06:03:12.506+0000] {base.py:73} INFO - Using connection ID 'postgres_localhost' for task execution.
[2023-09-04T06:03:12.519+0000] {sql.py:418} INFO - Running statement: 
            delete from dag_runs where dt = '2022-05-23' and dag_id = 'dag_with_postgres_operator_v04';
        , parameters: None
[2023-09-04T06:03:12.523+0000] {sql.py:427} INFO - Rows affected: 0
[2023-09-04T06:03:12.536+0000] {taskinstance.py:1400} INFO - Marking task as SUCCESS. dag_id=dag_with_postgres_operator_v04, task_id=delete_data_from_table, execution_date=20220523T000000, start_date=20230904T060312, end_date=20230904T060312
[2023-09-04T06:03:12.577+0000] {local_task_job_runner.py:228} INFO - Task exited with return code 0
[2023-09-04T06:03:12.604+0000] {taskinstance.py:2784} INFO - 1 downstream tasks scheduled from follow-on schedule check
[2023-09-04T06:05:55.991+0000] {taskinstance.py:1159} INFO - Dependencies all met for dep_context=non-requeueable deps ti=<TaskInstance: dag_with_postgres_operator_v04.delete_data_from_table scheduled__2022-05-23T00:00:00+00:00 [queued]>
[2023-09-04T06:05:56.021+0000] {taskinstance.py:1159} INFO - Dependencies all met for dep_context=requeueable deps ti=<TaskInstance: dag_with_postgres_operator_v04.delete_data_from_table scheduled__2022-05-23T00:00:00+00:00 [queued]>
[2023-09-04T06:05:56.022+0000] {taskinstance.py:1361} INFO - Starting attempt 1 of 6
[2023-09-04T06:05:56.065+0000] {taskinstance.py:1382} INFO - Executing <Task(PostgresOperator): delete_data_from_table> on 2022-05-23 00:00:00+00:00
[2023-09-04T06:05:56.077+0000] {standard_task_runner.py:57} INFO - Started process 6988 to run task
[2023-09-04T06:05:56.083+0000] {standard_task_runner.py:84} INFO - Running: ['***', 'tasks', 'run', 'dag_with_postgres_operator_v04', 'delete_data_from_table', 'scheduled__2022-05-23T00:00:00+00:00', '--job-id', '1138', '--raw', '--subdir', 'DAGS_FOLDER/dag_with_postgres_operator.py', '--cfg-path', '/tmp/tmpugbi5sa4']
[2023-09-04T06:05:56.087+0000] {standard_task_runner.py:85} INFO - Job 1138: Subtask delete_data_from_table
[2023-09-04T06:05:56.242+0000] {task_command.py:415} INFO - Running <TaskInstance: dag_with_postgres_operator_v04.delete_data_from_table scheduled__2022-05-23T00:00:00+00:00 [running]> on host 10bdc2e98230
[2023-09-04T06:05:56.490+0000] {taskinstance.py:1660} INFO - Exporting env vars: AIRFLOW_CTX_DAG_OWNER='mohghaff' AIRFLOW_CTX_DAG_ID='dag_with_postgres_operator_v04' AIRFLOW_CTX_TASK_ID='delete_data_from_table' AIRFLOW_CTX_EXECUTION_DATE='2022-05-23T00:00:00+00:00' AIRFLOW_CTX_TRY_NUMBER='1' AIRFLOW_CTX_DAG_RUN_ID='scheduled__2022-05-23T00:00:00+00:00'
[2023-09-04T06:05:56.492+0000] {sql.py:274} INFO - Executing: 
            delete from dag_runs where dt = '2022-05-23' and dag_id = 'dag_with_postgres_operator_v04';
        
[2023-09-04T06:05:56.507+0000] {base.py:73} INFO - Using connection ID 'postgres_localhost' for task execution.
[2023-09-04T06:05:56.519+0000] {base.py:73} INFO - Using connection ID 'postgres_localhost' for task execution.
[2023-09-04T06:05:56.538+0000] {sql.py:418} INFO - Running statement: 
            delete from dag_runs where dt = '2022-05-23' and dag_id = 'dag_with_postgres_operator_v04';
        , parameters: None
[2023-09-04T06:05:56.546+0000] {sql.py:427} INFO - Rows affected: 1
[2023-09-04T06:05:56.567+0000] {taskinstance.py:1400} INFO - Marking task as SUCCESS. dag_id=dag_with_postgres_operator_v04, task_id=delete_data_from_table, execution_date=20220523T000000, start_date=20230904T060555, end_date=20230904T060556
[2023-09-04T06:05:56.617+0000] {local_task_job_runner.py:228} INFO - Task exited with return code 0
[2023-09-04T06:05:56.651+0000] {taskinstance.py:2784} INFO - 1 downstream tasks scheduled from follow-on schedule check
