[2023-09-04T06:03:12.404+0000] {taskinstance.py:1159} INFO - Dependencies all met for dep_context=non-requeueable deps ti=<TaskInstance: dag_with_postgres_operator_v04.delete_data_from_table scheduled__2022-05-25T00:00:00+00:00 [queued]>
[2023-09-04T06:03:12.414+0000] {taskinstance.py:1159} INFO - Dependencies all met for dep_context=requeueable deps ti=<TaskInstance: dag_with_postgres_operator_v04.delete_data_from_table scheduled__2022-05-25T00:00:00+00:00 [queued]>
[2023-09-04T06:03:12.414+0000] {taskinstance.py:1361} INFO - Starting attempt 1 of 6
[2023-09-04T06:03:12.431+0000] {taskinstance.py:1382} INFO - Executing <Task(PostgresOperator): delete_data_from_table> on 2022-05-25 00:00:00+00:00
[2023-09-04T06:03:12.440+0000] {standard_task_runner.py:57} INFO - Started process 5747 to run task
[2023-09-04T06:03:12.443+0000] {standard_task_runner.py:84} INFO - Running: ['***', 'tasks', 'run', 'dag_with_postgres_operator_v04', 'delete_data_from_table', 'scheduled__2022-05-25T00:00:00+00:00', '--job-id', '619', '--raw', '--subdir', 'DAGS_FOLDER/dag_with_postgres_operator.py', '--cfg-path', '/tmp/tmp27nreims']
[2023-09-04T06:03:12.445+0000] {standard_task_runner.py:85} INFO - Job 619: Subtask delete_data_from_table
[2023-09-04T06:03:12.520+0000] {task_command.py:415} INFO - Running <TaskInstance: dag_with_postgres_operator_v04.delete_data_from_table scheduled__2022-05-25T00:00:00+00:00 [running]> on host 10bdc2e98230
[2023-09-04T06:03:12.634+0000] {taskinstance.py:1660} INFO - Exporting env vars: AIRFLOW_CTX_DAG_OWNER='coder2j' AIRFLOW_CTX_DAG_ID='dag_with_postgres_operator_v04' AIRFLOW_CTX_TASK_ID='delete_data_from_table' AIRFLOW_CTX_EXECUTION_DATE='2022-05-25T00:00:00+00:00' AIRFLOW_CTX_TRY_NUMBER='1' AIRFLOW_CTX_DAG_RUN_ID='scheduled__2022-05-25T00:00:00+00:00'
[2023-09-04T06:03:12.635+0000] {sql.py:274} INFO - Executing: 
            delete from dag_runs where dt = '2022-05-25' and dag_id = 'dag_with_postgres_operator_v04';
        
[2023-09-04T06:03:12.644+0000] {base.py:73} INFO - Using connection ID 'postgres_localhost' for task execution.
[2023-09-04T06:03:12.651+0000] {base.py:73} INFO - Using connection ID 'postgres_localhost' for task execution.
[2023-09-04T06:03:12.661+0000] {sql.py:418} INFO - Running statement: 
            delete from dag_runs where dt = '2022-05-25' and dag_id = 'dag_with_postgres_operator_v04';
        , parameters: None
[2023-09-04T06:03:12.665+0000] {sql.py:427} INFO - Rows affected: 0
[2023-09-04T06:03:12.678+0000] {taskinstance.py:1400} INFO - Marking task as SUCCESS. dag_id=dag_with_postgres_operator_v04, task_id=delete_data_from_table, execution_date=20220525T000000, start_date=20230904T060312, end_date=20230904T060312
[2023-09-04T06:03:12.696+0000] {local_task_job_runner.py:228} INFO - Task exited with return code 0
[2023-09-04T06:03:12.718+0000] {taskinstance.py:2784} INFO - 1 downstream tasks scheduled from follow-on schedule check
[2023-09-04T06:05:56.768+0000] {taskinstance.py:1159} INFO - Dependencies all met for dep_context=non-requeueable deps ti=<TaskInstance: dag_with_postgres_operator_v04.delete_data_from_table scheduled__2022-05-25T00:00:00+00:00 [queued]>
[2023-09-04T06:05:56.783+0000] {taskinstance.py:1159} INFO - Dependencies all met for dep_context=requeueable deps ti=<TaskInstance: dag_with_postgres_operator_v04.delete_data_from_table scheduled__2022-05-25T00:00:00+00:00 [queued]>
[2023-09-04T06:05:56.784+0000] {taskinstance.py:1361} INFO - Starting attempt 1 of 6
[2023-09-04T06:05:56.805+0000] {taskinstance.py:1382} INFO - Executing <Task(PostgresOperator): delete_data_from_table> on 2022-05-25 00:00:00+00:00
[2023-09-04T06:05:56.815+0000] {standard_task_runner.py:57} INFO - Started process 6993 to run task
[2023-09-04T06:05:56.818+0000] {standard_task_runner.py:84} INFO - Running: ['***', 'tasks', 'run', 'dag_with_postgres_operator_v04', 'delete_data_from_table', 'scheduled__2022-05-25T00:00:00+00:00', '--job-id', '1142', '--raw', '--subdir', 'DAGS_FOLDER/dag_with_postgres_operator.py', '--cfg-path', '/tmp/tmpjw7jrdl6']
[2023-09-04T06:05:56.821+0000] {standard_task_runner.py:85} INFO - Job 1142: Subtask delete_data_from_table
[2023-09-04T06:05:56.921+0000] {task_command.py:415} INFO - Running <TaskInstance: dag_with_postgres_operator_v04.delete_data_from_table scheduled__2022-05-25T00:00:00+00:00 [running]> on host 10bdc2e98230
[2023-09-04T06:05:57.077+0000] {taskinstance.py:1660} INFO - Exporting env vars: AIRFLOW_CTX_DAG_OWNER='mohghaff' AIRFLOW_CTX_DAG_ID='dag_with_postgres_operator_v04' AIRFLOW_CTX_TASK_ID='delete_data_from_table' AIRFLOW_CTX_EXECUTION_DATE='2022-05-25T00:00:00+00:00' AIRFLOW_CTX_TRY_NUMBER='1' AIRFLOW_CTX_DAG_RUN_ID='scheduled__2022-05-25T00:00:00+00:00'
[2023-09-04T06:05:57.079+0000] {sql.py:274} INFO - Executing: 
            delete from dag_runs where dt = '2022-05-25' and dag_id = 'dag_with_postgres_operator_v04';
        
[2023-09-04T06:05:57.095+0000] {base.py:73} INFO - Using connection ID 'postgres_localhost' for task execution.
[2023-09-04T06:05:57.115+0000] {base.py:73} INFO - Using connection ID 'postgres_localhost' for task execution.
[2023-09-04T06:05:57.139+0000] {sql.py:418} INFO - Running statement: 
            delete from dag_runs where dt = '2022-05-25' and dag_id = 'dag_with_postgres_operator_v04';
        , parameters: None
[2023-09-04T06:05:57.150+0000] {sql.py:427} INFO - Rows affected: 1
[2023-09-04T06:05:57.188+0000] {taskinstance.py:1400} INFO - Marking task as SUCCESS. dag_id=dag_with_postgres_operator_v04, task_id=delete_data_from_table, execution_date=20220525T000000, start_date=20230904T060556, end_date=20230904T060557
[2023-09-04T06:05:57.433+0000] {local_task_job_runner.py:228} INFO - Task exited with return code 0
[2023-09-04T06:05:57.481+0000] {taskinstance.py:2784} INFO - 1 downstream tasks scheduled from follow-on schedule check
