[2023-09-04T12:32:46.289+0000] {taskinstance.py:1159} INFO - Dependencies all met for dep_context=non-requeueable deps ti=<TaskInstance: dags_with_python_dependencies_v03.get_sklearn scheduled__2023-01-01T00:00:00+00:00 [queued]>
[2023-09-04T12:32:46.304+0000] {taskinstance.py:1159} INFO - Dependencies all met for dep_context=requeueable deps ti=<TaskInstance: dags_with_python_dependencies_v03.get_sklearn scheduled__2023-01-01T00:00:00+00:00 [queued]>
[2023-09-04T12:32:46.304+0000] {taskinstance.py:1361} INFO - Starting attempt 1 of 6
[2023-09-04T12:32:46.331+0000] {taskinstance.py:1382} INFO - Executing <Task(PythonOperator): get_sklearn> on 2023-01-01 00:00:00+00:00
[2023-09-04T12:32:46.343+0000] {standard_task_runner.py:57} INFO - Started process 1313 to run task
[2023-09-04T12:32:46.351+0000] {standard_task_runner.py:84} INFO - Running: ['***', 'tasks', 'run', 'dags_with_python_dependencies_v03', 'get_sklearn', 'scheduled__2023-01-01T00:00:00+00:00', '--job-id', '3323', '--raw', '--subdir', 'DAGS_FOLDER/dags_with_python_dependencies.py', '--cfg-path', '/tmp/tmps9rba0_e']
[2023-09-04T12:32:46.357+0000] {standard_task_runner.py:85} INFO - Job 3323: Subtask get_sklearn
[2023-09-04T12:32:46.442+0000] {task_command.py:415} INFO - Running <TaskInstance: dags_with_python_dependencies_v03.get_sklearn scheduled__2023-01-01T00:00:00+00:00 [running]> on host 55ba52c92856
[2023-09-04T12:32:46.603+0000] {taskinstance.py:1660} INFO - Exporting env vars: AIRFLOW_CTX_DAG_OWNER='mohghaff' AIRFLOW_CTX_DAG_ID='dags_with_python_dependencies_v03' AIRFLOW_CTX_TASK_ID='get_sklearn' AIRFLOW_CTX_EXECUTION_DATE='2023-01-01T00:00:00+00:00' AIRFLOW_CTX_TRY_NUMBER='1' AIRFLOW_CTX_DAG_RUN_ID='scheduled__2023-01-01T00:00:00+00:00'
[2023-09-04T12:32:46.607+0000] {taskinstance.py:1943} ERROR - Task failed with exception
Traceback (most recent call last):
  File "/home/airflow/.local/lib/python3.8/site-packages/airflow/operators/python.py", line 192, in execute
    return_value = self.execute_callable()
  File "/home/airflow/.local/lib/python3.8/site-packages/airflow/operators/python.py", line 209, in execute_callable
    return self.python_callable(*self.op_args, **self.op_kwargs)
  File "/opt/airflow/dags/dags_with_python_dependencies.py", line 16, in get_sklearn
    import sklearn
ModuleNotFoundError: No module named 'sklearn'
[2023-09-04T12:32:46.627+0000] {taskinstance.py:1400} INFO - Marking task as UP_FOR_RETRY. dag_id=dags_with_python_dependencies_v03, task_id=get_sklearn, execution_date=20230101T000000, start_date=20230904T123246, end_date=20230904T123246
[2023-09-04T12:32:46.655+0000] {standard_task_runner.py:104} ERROR - Failed to execute job 3323 for task get_sklearn (No module named 'sklearn'; 1313)
[2023-09-04T12:32:46.687+0000] {local_task_job_runner.py:228} INFO - Task exited with return code 1
[2023-09-04T12:32:46.731+0000] {taskinstance.py:2784} INFO - 0 downstream tasks scheduled from follow-on schedule check
[2023-09-04T12:39:42.053+0000] {taskinstance.py:1159} INFO - Dependencies all met for dep_context=non-requeueable deps ti=<TaskInstance: dags_with_python_dependencies_v03.get_sklearn scheduled__2023-01-01T00:00:00+00:00 [queued]>
[2023-09-04T12:39:42.072+0000] {taskinstance.py:1159} INFO - Dependencies all met for dep_context=requeueable deps ti=<TaskInstance: dags_with_python_dependencies_v03.get_sklearn scheduled__2023-01-01T00:00:00+00:00 [queued]>
[2023-09-04T12:39:42.072+0000] {taskinstance.py:1361} INFO - Starting attempt 1 of 6
[2023-09-04T12:39:42.103+0000] {taskinstance.py:1382} INFO - Executing <Task(PythonOperator): get_sklearn> on 2023-01-01 00:00:00+00:00
[2023-09-04T12:39:42.115+0000] {standard_task_runner.py:57} INFO - Started process 1936 to run task
[2023-09-04T12:39:42.127+0000] {standard_task_runner.py:84} INFO - Running: ['***', 'tasks', 'run', 'dags_with_python_dependencies_v03', 'get_sklearn', 'scheduled__2023-01-01T00:00:00+00:00', '--job-id', '3342', '--raw', '--subdir', 'DAGS_FOLDER/dags_with_python_dependencies.py', '--cfg-path', '/tmp/tmp0lvne1l_']
[2023-09-04T12:39:42.133+0000] {standard_task_runner.py:85} INFO - Job 3342: Subtask get_sklearn
[2023-09-04T12:39:42.264+0000] {task_command.py:415} INFO - Running <TaskInstance: dags_with_python_dependencies_v03.get_sklearn scheduled__2023-01-01T00:00:00+00:00 [running]> on host 55ba52c92856
[2023-09-04T12:39:42.417+0000] {taskinstance.py:1660} INFO - Exporting env vars: AIRFLOW_CTX_DAG_OWNER='mohghaff' AIRFLOW_CTX_DAG_ID='dags_with_python_dependencies_v03' AIRFLOW_CTX_TASK_ID='get_sklearn' AIRFLOW_CTX_EXECUTION_DATE='2023-01-01T00:00:00+00:00' AIRFLOW_CTX_TRY_NUMBER='1' AIRFLOW_CTX_DAG_RUN_ID='scheduled__2023-01-01T00:00:00+00:00'
[2023-09-04T12:39:42.421+0000] {taskinstance.py:1943} ERROR - Task failed with exception
Traceback (most recent call last):
  File "/home/airflow/.local/lib/python3.8/site-packages/airflow/operators/python.py", line 192, in execute
    return_value = self.execute_callable()
  File "/home/airflow/.local/lib/python3.8/site-packages/airflow/operators/python.py", line 209, in execute_callable
    return self.python_callable(*self.op_args, **self.op_kwargs)
  File "/opt/airflow/dags/dags_with_python_dependencies.py", line 16, in get_sklearn
    import sklearn
ModuleNotFoundError: No module named 'sklearn'
[2023-09-04T12:39:42.436+0000] {taskinstance.py:1400} INFO - Marking task as UP_FOR_RETRY. dag_id=dags_with_python_dependencies_v03, task_id=get_sklearn, execution_date=20230101T000000, start_date=20230904T123942, end_date=20230904T123942
[2023-09-04T12:39:42.461+0000] {standard_task_runner.py:104} ERROR - Failed to execute job 3342 for task get_sklearn (No module named 'sklearn'; 1936)
[2023-09-04T12:39:42.503+0000] {local_task_job_runner.py:228} INFO - Task exited with return code 1
[2023-09-04T12:39:42.656+0000] {taskinstance.py:2784} INFO - 0 downstream tasks scheduled from follow-on schedule check
