[2023-09-04T06:03:24.774+0000] {taskinstance.py:1159} INFO - Dependencies all met for dep_context=non-requeueable deps ti=<TaskInstance: dag_with_postgres_operator_v04.delete_data_from_table scheduled__2022-06-09T00:00:00+00:00 [queued]>
[2023-09-04T06:03:24.807+0000] {taskinstance.py:1159} INFO - Dependencies all met for dep_context=requeueable deps ti=<TaskInstance: dag_with_postgres_operator_v04.delete_data_from_table scheduled__2022-06-09T00:00:00+00:00 [queued]>
[2023-09-04T06:03:24.808+0000] {taskinstance.py:1361} INFO - Starting attempt 1 of 6
[2023-09-04T06:03:24.853+0000] {taskinstance.py:1382} INFO - Executing <Task(PostgresOperator): delete_data_from_table> on 2022-06-09 00:00:00+00:00
[2023-09-04T06:03:24.867+0000] {standard_task_runner.py:57} INFO - Started process 5866 to run task
[2023-09-04T06:03:24.882+0000] {standard_task_runner.py:84} INFO - Running: ['***', 'tasks', 'run', 'dag_with_postgres_operator_v04', 'delete_data_from_table', 'scheduled__2022-06-09T00:00:00+00:00', '--job-id', '660', '--raw', '--subdir', 'DAGS_FOLDER/dag_with_postgres_operator.py', '--cfg-path', '/tmp/tmpe8pw91kr']
[2023-09-04T06:03:24.890+0000] {standard_task_runner.py:85} INFO - Job 660: Subtask delete_data_from_table
[2023-09-04T06:03:25.129+0000] {task_command.py:415} INFO - Running <TaskInstance: dag_with_postgres_operator_v04.delete_data_from_table scheduled__2022-06-09T00:00:00+00:00 [running]> on host 10bdc2e98230
[2023-09-04T06:03:25.514+0000] {taskinstance.py:1660} INFO - Exporting env vars: AIRFLOW_CTX_DAG_OWNER='coder2j' AIRFLOW_CTX_DAG_ID='dag_with_postgres_operator_v04' AIRFLOW_CTX_TASK_ID='delete_data_from_table' AIRFLOW_CTX_EXECUTION_DATE='2022-06-09T00:00:00+00:00' AIRFLOW_CTX_TRY_NUMBER='1' AIRFLOW_CTX_DAG_RUN_ID='scheduled__2022-06-09T00:00:00+00:00'
[2023-09-04T06:03:25.517+0000] {sql.py:274} INFO - Executing: 
            delete from dag_runs where dt = '2022-06-09' and dag_id = 'dag_with_postgres_operator_v04';
        
[2023-09-04T06:03:25.555+0000] {base.py:73} INFO - Using connection ID 'postgres_localhost' for task execution.
[2023-09-04T06:03:25.580+0000] {base.py:73} INFO - Using connection ID 'postgres_localhost' for task execution.
[2023-09-04T06:03:25.633+0000] {sql.py:418} INFO - Running statement: 
            delete from dag_runs where dt = '2022-06-09' and dag_id = 'dag_with_postgres_operator_v04';
        , parameters: None
[2023-09-04T06:03:25.644+0000] {sql.py:427} INFO - Rows affected: 0
[2023-09-04T06:03:25.692+0000] {taskinstance.py:1400} INFO - Marking task as SUCCESS. dag_id=dag_with_postgres_operator_v04, task_id=delete_data_from_table, execution_date=20220609T000000, start_date=20230904T060324, end_date=20230904T060325
[2023-09-04T06:03:25.787+0000] {local_task_job_runner.py:228} INFO - Task exited with return code 0
[2023-09-04T06:03:25.894+0000] {taskinstance.py:2784} INFO - 1 downstream tasks scheduled from follow-on schedule check
[2023-09-04T06:06:11.411+0000] {taskinstance.py:1159} INFO - Dependencies all met for dep_context=non-requeueable deps ti=<TaskInstance: dag_with_postgres_operator_v04.delete_data_from_table scheduled__2022-06-09T00:00:00+00:00 [queued]>
[2023-09-04T06:06:11.442+0000] {taskinstance.py:1159} INFO - Dependencies all met for dep_context=requeueable deps ti=<TaskInstance: dag_with_postgres_operator_v04.delete_data_from_table scheduled__2022-06-09T00:00:00+00:00 [queued]>
[2023-09-04T06:06:11.442+0000] {taskinstance.py:1361} INFO - Starting attempt 1 of 6
[2023-09-04T06:06:11.483+0000] {taskinstance.py:1382} INFO - Executing <Task(PostgresOperator): delete_data_from_table> on 2022-06-09 00:00:00+00:00
[2023-09-04T06:06:11.499+0000] {standard_task_runner.py:57} INFO - Started process 7113 to run task
[2023-09-04T06:06:11.506+0000] {standard_task_runner.py:84} INFO - Running: ['***', 'tasks', 'run', 'dag_with_postgres_operator_v04', 'delete_data_from_table', 'scheduled__2022-06-09T00:00:00+00:00', '--job-id', '1191', '--raw', '--subdir', 'DAGS_FOLDER/dag_with_postgres_operator.py', '--cfg-path', '/tmp/tmpv5ww2qe9']
[2023-09-04T06:06:11.511+0000] {standard_task_runner.py:85} INFO - Job 1191: Subtask delete_data_from_table
[2023-09-04T06:06:11.683+0000] {task_command.py:415} INFO - Running <TaskInstance: dag_with_postgres_operator_v04.delete_data_from_table scheduled__2022-06-09T00:00:00+00:00 [running]> on host 10bdc2e98230
[2023-09-04T06:06:12.010+0000] {taskinstance.py:1660} INFO - Exporting env vars: AIRFLOW_CTX_DAG_OWNER='mohghaff' AIRFLOW_CTX_DAG_ID='dag_with_postgres_operator_v04' AIRFLOW_CTX_TASK_ID='delete_data_from_table' AIRFLOW_CTX_EXECUTION_DATE='2022-06-09T00:00:00+00:00' AIRFLOW_CTX_TRY_NUMBER='1' AIRFLOW_CTX_DAG_RUN_ID='scheduled__2022-06-09T00:00:00+00:00'
[2023-09-04T06:06:12.013+0000] {sql.py:274} INFO - Executing: 
            delete from dag_runs where dt = '2022-06-09' and dag_id = 'dag_with_postgres_operator_v04';
        
[2023-09-04T06:06:12.043+0000] {base.py:73} INFO - Using connection ID 'postgres_localhost' for task execution.
[2023-09-04T06:06:12.077+0000] {base.py:73} INFO - Using connection ID 'postgres_localhost' for task execution.
[2023-09-04T06:06:12.121+0000] {sql.py:418} INFO - Running statement: 
            delete from dag_runs where dt = '2022-06-09' and dag_id = 'dag_with_postgres_operator_v04';
        , parameters: None
[2023-09-04T06:06:12.136+0000] {sql.py:427} INFO - Rows affected: 0
[2023-09-04T06:06:12.171+0000] {taskinstance.py:1400} INFO - Marking task as SUCCESS. dag_id=dag_with_postgres_operator_v04, task_id=delete_data_from_table, execution_date=20220609T000000, start_date=20230904T060611, end_date=20230904T060612
[2023-09-04T06:06:12.331+0000] {local_task_job_runner.py:228} INFO - Task exited with return code 0
[2023-09-04T06:06:12.381+0000] {taskinstance.py:2784} INFO - 1 downstream tasks scheduled from follow-on schedule check
