[2023-09-04T06:03:06.699+0000] {taskinstance.py:1159} INFO - Dependencies all met for dep_context=non-requeueable deps ti=<TaskInstance: dag_with_postgres_operator_v04.delete_data_from_table scheduled__2022-05-21T00:00:00+00:00 [queued]>
[2023-09-04T06:03:06.712+0000] {taskinstance.py:1159} INFO - Dependencies all met for dep_context=requeueable deps ti=<TaskInstance: dag_with_postgres_operator_v04.delete_data_from_table scheduled__2022-05-21T00:00:00+00:00 [queued]>
[2023-09-04T06:03:06.712+0000] {taskinstance.py:1361} INFO - Starting attempt 1 of 6
[2023-09-04T06:03:06.732+0000] {taskinstance.py:1382} INFO - Executing <Task(PostgresOperator): delete_data_from_table> on 2022-05-21 00:00:00+00:00
[2023-09-04T06:03:06.741+0000] {standard_task_runner.py:57} INFO - Started process 5675 to run task
[2023-09-04T06:03:06.752+0000] {standard_task_runner.py:84} INFO - Running: ['***', 'tasks', 'run', 'dag_with_postgres_operator_v04', 'delete_data_from_table', 'scheduled__2022-05-21T00:00:00+00:00', '--job-id', '586', '--raw', '--subdir', 'DAGS_FOLDER/dag_with_postgres_operator.py', '--cfg-path', '/tmp/tmpatpf4xcu']
[2023-09-04T06:03:06.756+0000] {standard_task_runner.py:85} INFO - Job 586: Subtask delete_data_from_table
[2023-09-04T06:03:06.848+0000] {task_command.py:415} INFO - Running <TaskInstance: dag_with_postgres_operator_v04.delete_data_from_table scheduled__2022-05-21T00:00:00+00:00 [running]> on host 10bdc2e98230
[2023-09-04T06:03:07.003+0000] {taskinstance.py:1660} INFO - Exporting env vars: AIRFLOW_CTX_DAG_OWNER='coder2j' AIRFLOW_CTX_DAG_ID='dag_with_postgres_operator_v04' AIRFLOW_CTX_TASK_ID='delete_data_from_table' AIRFLOW_CTX_EXECUTION_DATE='2022-05-21T00:00:00+00:00' AIRFLOW_CTX_TRY_NUMBER='1' AIRFLOW_CTX_DAG_RUN_ID='scheduled__2022-05-21T00:00:00+00:00'
[2023-09-04T06:03:07.004+0000] {sql.py:274} INFO - Executing: 
            delete from dag_runs where dt = '2022-05-21' and dag_id = 'dag_with_postgres_operator_v04';
        
[2023-09-04T06:03:07.021+0000] {base.py:73} INFO - Using connection ID 'postgres_localhost' for task execution.
[2023-09-04T06:03:07.035+0000] {base.py:73} INFO - Using connection ID 'postgres_localhost' for task execution.
[2023-09-04T06:03:07.050+0000] {sql.py:418} INFO - Running statement: 
            delete from dag_runs where dt = '2022-05-21' and dag_id = 'dag_with_postgres_operator_v04';
        , parameters: None
[2023-09-04T06:03:07.055+0000] {sql.py:427} INFO - Rows affected: 0
[2023-09-04T06:03:07.073+0000] {taskinstance.py:1400} INFO - Marking task as SUCCESS. dag_id=dag_with_postgres_operator_v04, task_id=delete_data_from_table, execution_date=20220521T000000, start_date=20230904T060306, end_date=20230904T060307
[2023-09-04T06:03:07.120+0000] {local_task_job_runner.py:228} INFO - Task exited with return code 0
[2023-09-04T06:03:07.146+0000] {taskinstance.py:2784} INFO - 1 downstream tasks scheduled from follow-on schedule check
[2023-09-04T06:05:54.947+0000] {taskinstance.py:1159} INFO - Dependencies all met for dep_context=non-requeueable deps ti=<TaskInstance: dag_with_postgres_operator_v04.delete_data_from_table scheduled__2022-05-21T00:00:00+00:00 [queued]>
[2023-09-04T06:05:54.974+0000] {taskinstance.py:1159} INFO - Dependencies all met for dep_context=requeueable deps ti=<TaskInstance: dag_with_postgres_operator_v04.delete_data_from_table scheduled__2022-05-21T00:00:00+00:00 [queued]>
[2023-09-04T06:05:54.975+0000] {taskinstance.py:1361} INFO - Starting attempt 1 of 6
[2023-09-04T06:05:55.223+0000] {taskinstance.py:1382} INFO - Executing <Task(PostgresOperator): delete_data_from_table> on 2022-05-21 00:00:00+00:00
[2023-09-04T06:05:55.235+0000] {standard_task_runner.py:57} INFO - Started process 6979 to run task
[2023-09-04T06:05:55.240+0000] {standard_task_runner.py:84} INFO - Running: ['***', 'tasks', 'run', 'dag_with_postgres_operator_v04', 'delete_data_from_table', 'scheduled__2022-05-21T00:00:00+00:00', '--job-id', '1133', '--raw', '--subdir', 'DAGS_FOLDER/dag_with_postgres_operator.py', '--cfg-path', '/tmp/tmpkfnsq8r5']
[2023-09-04T06:05:55.246+0000] {standard_task_runner.py:85} INFO - Job 1133: Subtask delete_data_from_table
[2023-09-04T06:05:55.410+0000] {task_command.py:415} INFO - Running <TaskInstance: dag_with_postgres_operator_v04.delete_data_from_table scheduled__2022-05-21T00:00:00+00:00 [running]> on host 10bdc2e98230
[2023-09-04T06:05:55.687+0000] {taskinstance.py:1660} INFO - Exporting env vars: AIRFLOW_CTX_DAG_OWNER='mohghaff' AIRFLOW_CTX_DAG_ID='dag_with_postgres_operator_v04' AIRFLOW_CTX_TASK_ID='delete_data_from_table' AIRFLOW_CTX_EXECUTION_DATE='2022-05-21T00:00:00+00:00' AIRFLOW_CTX_TRY_NUMBER='1' AIRFLOW_CTX_DAG_RUN_ID='scheduled__2022-05-21T00:00:00+00:00'
[2023-09-04T06:05:55.689+0000] {sql.py:274} INFO - Executing: 
            delete from dag_runs where dt = '2022-05-21' and dag_id = 'dag_with_postgres_operator_v04';
        
[2023-09-04T06:05:55.706+0000] {base.py:73} INFO - Using connection ID 'postgres_localhost' for task execution.
[2023-09-04T06:05:55.722+0000] {base.py:73} INFO - Using connection ID 'postgres_localhost' for task execution.
[2023-09-04T06:05:55.751+0000] {sql.py:418} INFO - Running statement: 
            delete from dag_runs where dt = '2022-05-21' and dag_id = 'dag_with_postgres_operator_v04';
        , parameters: None
[2023-09-04T06:05:55.765+0000] {sql.py:427} INFO - Rows affected: 1
[2023-09-04T06:05:55.802+0000] {taskinstance.py:1400} INFO - Marking task as SUCCESS. dag_id=dag_with_postgres_operator_v04, task_id=delete_data_from_table, execution_date=20220521T000000, start_date=20230904T060554, end_date=20230904T060555
[2023-09-04T06:05:55.863+0000] {local_task_job_runner.py:228} INFO - Task exited with return code 0
[2023-09-04T06:05:55.920+0000] {taskinstance.py:2784} INFO - 1 downstream tasks scheduled from follow-on schedule check
