[2023-09-04T06:02:21.819+0000] {taskinstance.py:1159} INFO - Dependencies all met for dep_context=non-requeueable deps ti=<TaskInstance: dag_with_postgres_operator_v04.delete_data_from_table scheduled__2022-03-22T00:00:00+00:00 [queued]>
[2023-09-04T06:02:21.839+0000] {taskinstance.py:1159} INFO - Dependencies all met for dep_context=requeueable deps ti=<TaskInstance: dag_with_postgres_operator_v04.delete_data_from_table scheduled__2022-03-22T00:00:00+00:00 [queued]>
[2023-09-04T06:02:21.840+0000] {taskinstance.py:1361} INFO - Starting attempt 1 of 6
[2023-09-04T06:02:21.864+0000] {taskinstance.py:1382} INFO - Executing <Task(PostgresOperator): delete_data_from_table> on 2022-03-22 00:00:00+00:00
[2023-09-04T06:02:21.873+0000] {standard_task_runner.py:57} INFO - Started process 5287 to run task
[2023-09-04T06:02:21.877+0000] {standard_task_runner.py:84} INFO - Running: ['***', 'tasks', 'run', 'dag_with_postgres_operator_v04', 'delete_data_from_table', 'scheduled__2022-03-22T00:00:00+00:00', '--job-id', '414', '--raw', '--subdir', 'DAGS_FOLDER/dag_with_postgres_operator.py', '--cfg-path', '/tmp/tmpot3op6hk']
[2023-09-04T06:02:21.880+0000] {standard_task_runner.py:85} INFO - Job 414: Subtask delete_data_from_table
[2023-09-04T06:02:21.974+0000] {task_command.py:415} INFO - Running <TaskInstance: dag_with_postgres_operator_v04.delete_data_from_table scheduled__2022-03-22T00:00:00+00:00 [running]> on host 10bdc2e98230
[2023-09-04T06:02:22.131+0000] {taskinstance.py:1660} INFO - Exporting env vars: AIRFLOW_CTX_DAG_OWNER='coder2j' AIRFLOW_CTX_DAG_ID='dag_with_postgres_operator_v04' AIRFLOW_CTX_TASK_ID='delete_data_from_table' AIRFLOW_CTX_EXECUTION_DATE='2022-03-22T00:00:00+00:00' AIRFLOW_CTX_TRY_NUMBER='1' AIRFLOW_CTX_DAG_RUN_ID='scheduled__2022-03-22T00:00:00+00:00'
[2023-09-04T06:02:22.133+0000] {sql.py:274} INFO - Executing: 
            delete from dag_runs where dt = '2022-03-22' and dag_id = 'dag_with_postgres_operator_v04';
        
[2023-09-04T06:02:22.147+0000] {base.py:73} INFO - Using connection ID 'postgres_localhost' for task execution.
[2023-09-04T06:02:22.161+0000] {base.py:73} INFO - Using connection ID 'postgres_localhost' for task execution.
[2023-09-04T06:02:22.177+0000] {sql.py:418} INFO - Running statement: 
            delete from dag_runs where dt = '2022-03-22' and dag_id = 'dag_with_postgres_operator_v04';
        , parameters: None
[2023-09-04T06:02:22.183+0000] {sql.py:427} INFO - Rows affected: 0
[2023-09-04T06:02:22.201+0000] {taskinstance.py:1400} INFO - Marking task as SUCCESS. dag_id=dag_with_postgres_operator_v04, task_id=delete_data_from_table, execution_date=20220322T000000, start_date=20230904T060221, end_date=20230904T060222
[2023-09-04T06:02:22.250+0000] {local_task_job_runner.py:228} INFO - Task exited with return code 0
[2023-09-04T06:02:22.442+0000] {taskinstance.py:2784} INFO - 0 downstream tasks scheduled from follow-on schedule check
[2023-09-04T06:05:02.048+0000] {taskinstance.py:1159} INFO - Dependencies all met for dep_context=non-requeueable deps ti=<TaskInstance: dag_with_postgres_operator_v04.delete_data_from_table scheduled__2022-03-22T00:00:00+00:00 [queued]>
[2023-09-04T06:05:02.074+0000] {taskinstance.py:1159} INFO - Dependencies all met for dep_context=requeueable deps ti=<TaskInstance: dag_with_postgres_operator_v04.delete_data_from_table scheduled__2022-03-22T00:00:00+00:00 [queued]>
[2023-09-04T06:05:02.075+0000] {taskinstance.py:1361} INFO - Starting attempt 1 of 6
[2023-09-04T06:05:02.113+0000] {taskinstance.py:1382} INFO - Executing <Task(PostgresOperator): delete_data_from_table> on 2022-03-22 00:00:00+00:00
[2023-09-04T06:05:02.122+0000] {standard_task_runner.py:57} INFO - Started process 6555 to run task
[2023-09-04T06:05:02.127+0000] {standard_task_runner.py:84} INFO - Running: ['***', 'tasks', 'run', 'dag_with_postgres_operator_v04', 'delete_data_from_table', 'scheduled__2022-03-22T00:00:00+00:00', '--job-id', '952', '--raw', '--subdir', 'DAGS_FOLDER/dag_with_postgres_operator.py', '--cfg-path', '/tmp/tmprxjttm09']
[2023-09-04T06:05:02.131+0000] {standard_task_runner.py:85} INFO - Job 952: Subtask delete_data_from_table
[2023-09-04T06:05:02.245+0000] {task_command.py:415} INFO - Running <TaskInstance: dag_with_postgres_operator_v04.delete_data_from_table scheduled__2022-03-22T00:00:00+00:00 [running]> on host 10bdc2e98230
[2023-09-04T06:05:02.432+0000] {taskinstance.py:1660} INFO - Exporting env vars: AIRFLOW_CTX_DAG_OWNER='mohghaff' AIRFLOW_CTX_DAG_ID='dag_with_postgres_operator_v04' AIRFLOW_CTX_TASK_ID='delete_data_from_table' AIRFLOW_CTX_EXECUTION_DATE='2022-03-22T00:00:00+00:00' AIRFLOW_CTX_TRY_NUMBER='1' AIRFLOW_CTX_DAG_RUN_ID='scheduled__2022-03-22T00:00:00+00:00'
[2023-09-04T06:05:02.435+0000] {sql.py:274} INFO - Executing: 
            delete from dag_runs where dt = '2022-03-22' and dag_id = 'dag_with_postgres_operator_v04';
        
[2023-09-04T06:05:02.453+0000] {base.py:73} INFO - Using connection ID 'postgres_localhost' for task execution.
[2023-09-04T06:05:02.467+0000] {base.py:73} INFO - Using connection ID 'postgres_localhost' for task execution.
[2023-09-04T06:05:02.485+0000] {sql.py:418} INFO - Running statement: 
            delete from dag_runs where dt = '2022-03-22' and dag_id = 'dag_with_postgres_operator_v04';
        , parameters: None
[2023-09-04T06:05:02.491+0000] {sql.py:427} INFO - Rows affected: 1
[2023-09-04T06:05:02.510+0000] {taskinstance.py:1400} INFO - Marking task as SUCCESS. dag_id=dag_with_postgres_operator_v04, task_id=delete_data_from_table, execution_date=20220322T000000, start_date=20230904T060502, end_date=20230904T060502
[2023-09-04T06:05:02.581+0000] {local_task_job_runner.py:228} INFO - Task exited with return code 0
[2023-09-04T06:05:02.623+0000] {taskinstance.py:2784} INFO - 1 downstream tasks scheduled from follow-on schedule check
