[2023-09-04T06:02:41.639+0000] {taskinstance.py:1159} INFO - Dependencies all met for dep_context=non-requeueable deps ti=<TaskInstance: dag_with_postgres_operator_v04.delete_data_from_table scheduled__2022-04-19T00:00:00+00:00 [queued]>
[2023-09-04T06:02:41.650+0000] {taskinstance.py:1159} INFO - Dependencies all met for dep_context=requeueable deps ti=<TaskInstance: dag_with_postgres_operator_v04.delete_data_from_table scheduled__2022-04-19T00:00:00+00:00 [queued]>
[2023-09-04T06:02:41.650+0000] {taskinstance.py:1361} INFO - Starting attempt 1 of 6
[2023-09-04T06:02:41.665+0000] {taskinstance.py:1382} INFO - Executing <Task(PostgresOperator): delete_data_from_table> on 2022-04-19 00:00:00+00:00
[2023-09-04T06:02:41.672+0000] {standard_task_runner.py:57} INFO - Started process 5448 to run task
[2023-09-04T06:02:41.674+0000] {standard_task_runner.py:84} INFO - Running: ['***', 'tasks', 'run', 'dag_with_postgres_operator_v04', 'delete_data_from_table', 'scheduled__2022-04-19T00:00:00+00:00', '--job-id', '489', '--raw', '--subdir', 'DAGS_FOLDER/dag_with_postgres_operator.py', '--cfg-path', '/tmp/tmp3lcwjmwa']
[2023-09-04T06:02:41.676+0000] {standard_task_runner.py:85} INFO - Job 489: Subtask delete_data_from_table
[2023-09-04T06:02:41.726+0000] {task_command.py:415} INFO - Running <TaskInstance: dag_with_postgres_operator_v04.delete_data_from_table scheduled__2022-04-19T00:00:00+00:00 [running]> on host 10bdc2e98230
[2023-09-04T06:02:41.810+0000] {taskinstance.py:1660} INFO - Exporting env vars: AIRFLOW_CTX_DAG_OWNER='coder2j' AIRFLOW_CTX_DAG_ID='dag_with_postgres_operator_v04' AIRFLOW_CTX_TASK_ID='delete_data_from_table' AIRFLOW_CTX_EXECUTION_DATE='2022-04-19T00:00:00+00:00' AIRFLOW_CTX_TRY_NUMBER='1' AIRFLOW_CTX_DAG_RUN_ID='scheduled__2022-04-19T00:00:00+00:00'
[2023-09-04T06:02:41.811+0000] {sql.py:274} INFO - Executing: 
            delete from dag_runs where dt = '2022-04-19' and dag_id = 'dag_with_postgres_operator_v04';
        
[2023-09-04T06:02:41.819+0000] {base.py:73} INFO - Using connection ID 'postgres_localhost' for task execution.
[2023-09-04T06:02:41.826+0000] {base.py:73} INFO - Using connection ID 'postgres_localhost' for task execution.
[2023-09-04T06:02:41.836+0000] {sql.py:418} INFO - Running statement: 
            delete from dag_runs where dt = '2022-04-19' and dag_id = 'dag_with_postgres_operator_v04';
        , parameters: None
[2023-09-04T06:02:41.839+0000] {sql.py:427} INFO - Rows affected: 0
[2023-09-04T06:02:41.850+0000] {taskinstance.py:1400} INFO - Marking task as SUCCESS. dag_id=dag_with_postgres_operator_v04, task_id=delete_data_from_table, execution_date=20220419T000000, start_date=20230904T060241, end_date=20230904T060241
[2023-09-04T06:02:41.886+0000] {local_task_job_runner.py:228} INFO - Task exited with return code 0
[2023-09-04T06:02:41.903+0000] {taskinstance.py:2784} INFO - 1 downstream tasks scheduled from follow-on schedule check
[2023-09-04T06:05:26.886+0000] {taskinstance.py:1159} INFO - Dependencies all met for dep_context=non-requeueable deps ti=<TaskInstance: dag_with_postgres_operator_v04.delete_data_from_table scheduled__2022-04-19T00:00:00+00:00 [queued]>
[2023-09-04T06:05:26.920+0000] {taskinstance.py:1159} INFO - Dependencies all met for dep_context=requeueable deps ti=<TaskInstance: dag_with_postgres_operator_v04.delete_data_from_table scheduled__2022-04-19T00:00:00+00:00 [queued]>
[2023-09-04T06:05:26.921+0000] {taskinstance.py:1361} INFO - Starting attempt 1 of 6
[2023-09-04T06:05:27.324+0000] {taskinstance.py:1382} INFO - Executing <Task(PostgresOperator): delete_data_from_table> on 2022-04-19 00:00:00+00:00
[2023-09-04T06:05:27.342+0000] {standard_task_runner.py:57} INFO - Started process 6757 to run task
[2023-09-04T06:05:27.360+0000] {standard_task_runner.py:84} INFO - Running: ['***', 'tasks', 'run', 'dag_with_postgres_operator_v04', 'delete_data_from_table', 'scheduled__2022-04-19T00:00:00+00:00', '--job-id', '1036', '--raw', '--subdir', 'DAGS_FOLDER/dag_with_postgres_operator.py', '--cfg-path', '/tmp/tmpl141q8fu']
[2023-09-04T06:05:27.366+0000] {standard_task_runner.py:85} INFO - Job 1036: Subtask delete_data_from_table
[2023-09-04T06:05:27.602+0000] {task_command.py:415} INFO - Running <TaskInstance: dag_with_postgres_operator_v04.delete_data_from_table scheduled__2022-04-19T00:00:00+00:00 [running]> on host 10bdc2e98230
[2023-09-04T06:05:27.947+0000] {taskinstance.py:1660} INFO - Exporting env vars: AIRFLOW_CTX_DAG_OWNER='mohghaff' AIRFLOW_CTX_DAG_ID='dag_with_postgres_operator_v04' AIRFLOW_CTX_TASK_ID='delete_data_from_table' AIRFLOW_CTX_EXECUTION_DATE='2022-04-19T00:00:00+00:00' AIRFLOW_CTX_TRY_NUMBER='1' AIRFLOW_CTX_DAG_RUN_ID='scheduled__2022-04-19T00:00:00+00:00'
[2023-09-04T06:05:27.950+0000] {sql.py:274} INFO - Executing: 
            delete from dag_runs where dt = '2022-04-19' and dag_id = 'dag_with_postgres_operator_v04';
        
[2023-09-04T06:05:27.977+0000] {base.py:73} INFO - Using connection ID 'postgres_localhost' for task execution.
[2023-09-04T06:05:28.023+0000] {base.py:73} INFO - Using connection ID 'postgres_localhost' for task execution.
[2023-09-04T06:05:28.053+0000] {sql.py:418} INFO - Running statement: 
            delete from dag_runs where dt = '2022-04-19' and dag_id = 'dag_with_postgres_operator_v04';
        , parameters: None
[2023-09-04T06:05:28.086+0000] {sql.py:427} INFO - Rows affected: 1
[2023-09-04T06:05:28.126+0000] {taskinstance.py:1400} INFO - Marking task as SUCCESS. dag_id=dag_with_postgres_operator_v04, task_id=delete_data_from_table, execution_date=20220419T000000, start_date=20230904T060526, end_date=20230904T060528
[2023-09-04T06:05:28.209+0000] {local_task_job_runner.py:228} INFO - Task exited with return code 0
[2023-09-04T06:05:28.270+0000] {taskinstance.py:2784} INFO - 1 downstream tasks scheduled from follow-on schedule check
